[09/26/20 19:05:39] D2BS 14584: ÿc7Picked up ÿc4361 Gold
[09/26/20 19:05:39] D2BS 14584: ÿc7Picked up ÿc4421 Gold
[09/26/20 19:05:46] D2BS 14584: move retry 1
[09/26/20 19:06:11] D2BS 14584: ÿc7Picked up ÿc0Scroll of Town Portal ÿc7(20/20)
[09/26/20 19:06:51] D2BS 14584: move retry 1
[09/26/20 19:06:58] D2BS 14584: ÿc7Picked up ÿc4223 Gold
[09/26/20 19:08:11] D2BS 14584: 130,131
[09/26/20 19:08:30] D2BS 14584: ÿc7Picked up ÿc3Super Mana Potion ÿc0(ilvl 1) (LateGame.nip #32)
[09/26/20 19:08:47] D2BS 14584: ÿc7Picked up ÿc4274 Gold
[09/26/20 19:08:52] D2BS 14584: Script default.dbj ended
[09/26/20 19:08:52] D2BS 14584: Script tools\autobuildthread.js ended
[09/26/20 19:08:52] D2BS 14584: Script tools\party.js ended
[09/26/20 19:08:52] D2BS 14584: Script tools\toolsthread.js ended
[09/26/20 19:08:52] D2BS 14584: Script tools\townchicken.js ended
[09/26/20 19:08:58] D2BS 14584: ÿc2D2BSÿc0 :: Starting default.dbj
[09/26/20 19:08:58] D2BS 14584: ÿc2D2BSÿc0 :: default.dbj running.
[09/26/20 19:08:58] D2BS 14584: AutoBuild: Including build template config/builds/sorceress.meteor.js into default.dbj
[09/26/20 19:08:58] D2BS 14584: Updating Config from level 0 to 88
[09/26/20 19:08:58] D2BS 14584: ÿc4Loaded NIP: ÿc2LateGame.nipÿc4. Lines: ÿc277ÿc4. Valid entries: ÿc250. ÿc4Time: ÿc216 ms
[09/26/20 19:08:58] D2BS 14584: ÿc4Loaded NIP: ÿc2MeteorRunes.nipÿc4. Lines: ÿc223ÿc4. Valid entries: ÿc212. ÿc4Time: ÿc20 ms
[09/26/20 19:08:58] D2BS 14584: ÿc4Loaded NIP: ÿc2Meteor.xpac.nipÿc4. Lines: ÿc2125ÿc4. Valid entries: ÿc298. ÿc4Time: ÿc20 ms
[09/26/20 19:08:58] D2BS 14584: ÿc4Loaded NIP: ÿc2Merc.xpac.nipÿc4. Lines: ÿc261ÿc4. Valid entries: ÿc245. ÿc4Time: ÿc20 ms
[09/26/20 19:08:58] D2BS 14584: AutoBuild: Including build template config/builds/sorceress.meteor.js into tools\autobuildthread.js
[09/26/20 19:08:58] D2BS 14584: Updating Config from level 0 to 88
[09/26/20 19:08:58] D2BS 14584: AutoBuild: Loaded helper thread
[09/26/20 19:08:59] D2BS 14584: AutoBuild: Including build template config/builds/sorceress.meteor.js into tools\party.js
[09/26/20 19:08:59] D2BS 14584: Updating Config from level 0 to 88
[09/26/20 19:08:59] D2BS 14584: ÿc2Party thread loaded. Mode: Accept
[09/26/20 19:08:59] D2BS 14584: ÿc3Start ToolsThread script
[09/26/20 19:08:59] D2BS 14584: AutoBuild: Including build template config/builds/sorceress.meteor.js into tools\townchicken.js
[09/26/20 19:08:59] D2BS 14584: AutoBuild: Including build template config/builds/sorceress.meteor.js into tools\toolsthread.js
[09/26/20 19:08:59] D2BS 14584: Updating Config from level 0 to 88
[09/26/20 19:08:59] D2BS 14584: Updating Config from level 0 to 88
[09/26/20 19:09:07] D2BS 14584: move retry 1
[09/26/20 19:09:10] D2BS 14584: ÿc2Starting script: ÿc9LevelFollower
[09/26/20 19:09:10] D2BS 14584: initNPC: identify
[09/26/20 19:09:28] D2BS 14584: ÿc4MiniShopBotÿc0: Scanning 52 items.
[09/26/20 19:09:29] D2BS 14584: initNPC: buyPotions
[09/26/20 19:09:40] D2BS 14584: Grim Shield
[09/26/20 19:09:48] D2BS 14584: initNPC: clearInventory
[09/26/20 19:10:05] D2BS 14584: Successfully placed Amn Rune at X: 2 Y: 0
[09/26/20 19:10:39] D2BS 14584: move retry 1
[09/26/20 19:10:45] D2BS 14584: move retry 1
[09/26/20 19:11:22] D2BS 14584: move retry 1
[09/26/20 19:11:31] D2BS 14584: move retry 1
[09/26/20 19:13:43] D2BS 14584: initNPC: reviveMerc
[09/26/20 19:14:51] D2BS 14584: move retry 1
[09/26/20 19:15:49] D2BS 14584: initNPC: buyPotions
[09/26/20 19:16:13] D2BS 14584: move retry 1
[09/26/20 19:16:19] D2BS 14584: Script default.dbj ended
[09/26/20 19:16:19] D2BS 14584: Script tools\autobuildthread.js ended
[09/26/20 19:16:19] D2BS 14584: Script tools\party.js ended
[09/26/20 19:16:19] D2BS 14584: Script tools\toolsthread.js ended
[09/26/20 19:16:19] D2BS 14584: Script tools\townchicken.js ended
[09/26/20 19:16:26] D2BS 14584: ÿc2D2BSÿc0 :: Starting default.dbj
[09/26/20 19:16:26] D2BS 14584: ÿc2D2BSÿc0 :: default.dbj running.
[09/26/20 19:16:26] D2BS 14584: AutoBuild: Including build template config/builds/sorceress.meteor.js into default.dbj
[09/26/20 19:16:26] D2BS 14584: Updating Config from level 0 to 88
[09/26/20 19:16:26] D2BS 14584: ÿc4Loaded NIP: ÿc2LateGame.nipÿc4. Lines: ÿc277ÿc4. Valid entries: ÿc250. ÿc4Time: ÿc20 ms
[09/26/20 19:16:26] D2BS 14584: ÿc4Loaded NIP: ÿc2MeteorRunes.nipÿc4. Lines: ÿc223ÿc4. Valid entries: ÿc212. ÿc4Time: ÿc20 ms
[09/26/20 19:16:26] D2BS 14584: ÿc4Loaded NIP: ÿc2Meteor.xpac.nipÿc4. Lines: ÿc2127ÿc4. Valid entries: ÿc2100. ÿc4Time: ÿc215 ms
[09/26/20 19:16:26] D2BS 14584: ÿc4Loaded NIP: ÿc2Merc.xpac.nipÿc4. Lines: ÿc261ÿc4. Valid entries: ÿc245. ÿc4Time: ÿc20 ms
[09/26/20 19:16:26] D2BS 14584: AutoBuild: Including build template config/builds/sorceress.meteor.js into tools\autobuildthread.js
[09/26/20 19:16:26] D2BS 14584: Updating Config from level 0 to 88
[09/26/20 19:16:26] D2BS 14584: AutoBuild: Loaded helper thread
[09/26/20 19:16:26] D2BS 14584: AutoBuild: Including build template config/builds/sorceress.meteor.js into tools\party.js
[09/26/20 19:16:26] D2BS 14584: Updating Config from level 0 to 88
[09/26/20 19:16:26] D2BS 14584: ÿc2Party thread loaded. Mode: Accept
[09/26/20 19:16:26] D2BS 14584: ÿc3Start ToolsThread script
[09/26/20 19:16:26] D2BS 14584: AutoBuild: Including build template config/builds/sorceress.meteor.js into tools\toolsthread.js
[09/26/20 19:16:26] D2BS 14584: AutoBuild: Including build template config/builds/sorceress.meteor.js into tools\townchicken.js
[09/26/20 19:16:26] D2BS 14584: Updating Config from level 0 to 88
[09/26/20 19:16:26] D2BS 14584: Updating Config from level 0 to 88
[09/26/20 19:16:38] D2BS 14584: ÿc2Starting script: ÿc9LevelFollower
[09/26/20 19:16:45] D2BS 14584: move retry 1
[09/26/20 19:16:49] D2BS 14584: D2BS Shutdown complete.
[09/26/20 19:17:16] D2BS 12544: D2BS Engine startup complete. 1.6.4U
[09/26/20 19:17:16] D2BS 12544: ÿc2D2BSÿc0 :: Switched to profile FireSorc
[09/26/20 19:17:16] D2BS 12544: ÿc2D2BSÿc0 :: Engine startup complete!
[09/26/20 19:17:16] D2BS 12544: ÿc2D2BSÿc0 :: Starting D2BotLanFollow.dbj
[09/26/20 19:17:16] D2BS 12544: ÿc2D2BSÿc0 :: D2BotLanFollow.dbj running.
[09/26/20 19:17:16] D2BS 12544: ÿc2D2BSÿc0 :: Started Console Script
[09/26/20 19:17:18] D2BS 12544: Heartbeat loaded
[09/26/20 19:17:38] D2BS 12544: ÿc2D2BSÿc0 :: Starting default.dbj
[09/26/20 19:17:38] D2BS 12544: ÿc2D2BSÿc0 :: default.dbj running.
[09/26/20 19:17:38] D2BS 12544: AutoBuild: Including build template config/builds/sorceress.meteor.js into default.dbj
[09/26/20 19:17:38] D2BS 12544: Updating Config from level 0 to 1
[09/26/20 19:17:38] D2BS 12544: ÿc4Loaded NIP: ÿc2LateGame.nipÿc4. Lines: ÿc277ÿc4. Valid entries: ÿc250. ÿc4Time: ÿc20 ms
[09/26/20 19:17:38] D2BS 12544: ÿc4Loaded NIP: ÿc2MidGame.nipÿc4. Lines: ÿc257ÿc4. Valid entries: ÿc234. ÿc4Time: ÿc20 ms
[09/26/20 19:17:38] D2BS 12544: ÿc4Loaded NIP: ÿc2EarlyGame.nipÿc4. Lines: ÿc227ÿc4. Valid entries: ÿc213. ÿc4Time: ÿc20 ms
[09/26/20 19:17:38] D2BS 12544: ÿc4Loaded NIP: ÿc2MeteorRunes.nipÿc4. Lines: ÿc223ÿc4. Valid entries: ÿc212. ÿc4Time: ÿc20 ms
[09/26/20 19:17:38] D2BS 12544: ÿc4Loaded NIP: ÿc2Meteor.xpac.nipÿc4. Lines: ÿc2127ÿc4. Valid entries: ÿc2100. ÿc4Time: ÿc20 ms
[09/26/20 19:17:38] D2BS 12544: ÿc1NIP file doesn't exist: ÿc0pickit/AutoEquip/PreMerc.xpac.nip
[09/26/20 19:17:38] D2BS 12544: ÿc4Loaded NIP: ÿc2Merc.xpac.nipÿc4. Lines: ÿc261ÿc4. Valid entries: ÿc245. ÿc4Time: ÿc20 ms
[09/26/20 19:17:38] D2BS 12544: AutoBuild: Including build template config/builds/sorceress.meteor.js into tools\autobuildthread.js
[09/26/20 19:17:38] D2BS 12544: Updating Config from level 0 to 1
[09/26/20 19:17:38] D2BS 12544: AutoBuild: Loaded helper thread
[09/26/20 19:17:39] D2BS 12544: AutoBuild: Including build template config/builds/sorceress.meteor.js into tools\party.js
[09/26/20 19:17:39] D2BS 12544: Updating Config from level 0 to 1
[09/26/20 19:17:39] D2BS 12544: ÿc2Party thread loaded. Mode: Accept
[09/26/20 19:17:39] D2BS 12544: AutoBuild: Including build template config/builds/sorceress.meteor.js into tools\townchicken.js
[09/26/20 19:17:39] D2BS 12544: ÿc3Start ToolsThread script
[09/26/20 19:17:39] D2BS 12544: Updating Config from level 0 to 1
[09/26/20 19:17:39] D2BS 12544: AutoBuild: Including build template config/builds/sorceress.meteor.js into tools\toolsthread.js
[09/26/20 19:17:39] D2BS 12544: Updating Config from level 0 to 1
[09/26/20 19:17:40] D2BS 12544: ÿc2Starting script: ÿc9LevelFollower
[09/26/20 19:17:48] D2BS 12544: move retry 1
[09/26/20 19:19:10] D2BS 12544: D2BS Shutdown complete.
