[09/17/20 11:04:37] D2BS 39796: D2BS Engine startup complete. 1.6.4U
[09/17/20 11:04:37] D2BS 39796: Auradin
[09/17/20 11:04:37] D2BS 39796: ÿc2D2BSÿc0 :: Switched to profile Auradin
[09/17/20 11:04:37] D2BS 39796: ÿc2D2BSÿc0 :: Engine startup complete!
[09/17/20 11:04:37] D2BS 39796: ÿc2D2BSÿc0 :: Starting D2BotLanFollow.dbj
[09/17/20 11:04:37] D2BS 39796: ÿc2D2BSÿc0 :: D2BotLanFollow.dbj running.
[09/17/20 11:04:37] D2BS 39796: ÿc2D2BSÿc0 :: Started Console Script
[09/17/20 11:04:42] D2BS 39796: Heartbeat loaded
[09/17/20 11:04:58] D2BS 31832: D2BS Engine startup complete. 1.6.4U
[09/17/20 11:04:58] D2BS 31832: ÿc2D2BSÿc0 :: Switched to profile Auradin
[09/17/20 11:04:58] D2BS 31832: ÿc2D2BSÿc0 :: Engine startup complete!
[09/17/20 11:04:58] D2BS 31832: ÿc2D2BSÿc0 :: Starting D2BotLanFollow.dbj
[09/17/20 11:04:58] D2BS 31832: ÿc2D2BSÿc0 :: D2BotLanFollow.dbj running.
[09/17/20 11:04:58] D2BS 31832: ÿc2D2BSÿc0 :: Started Console Script
[09/17/20 11:04:58] D2BS 31832: Auradin
[09/17/20 11:05:01] D2BS 31832: Heartbeat loaded
[09/17/20 11:05:18] D2BS 31832: ÿc2D2BSÿc0 :: Starting default.dbj
[09/17/20 11:05:18] D2BS 31832: ÿc2D2BSÿc0 :: default.dbj running.
[09/17/20 11:05:18] D2BS 31832: AutoBuild: Including build template config/builds/paladin.auradin.js into default.dbj
[09/17/20 11:05:18] D2BS 31832: Updating Config from level 0 to 60
[09/17/20 11:05:18] D2BS 31832: ÿc4Loaded NIP: ÿc2LateGame.nipÿc4. Lines: ÿc277ÿc4. Valid entries: ÿc250. ÿc4Time: ÿc20 ms
[09/17/20 11:05:18] D2BS 31832: ÿc4Loaded NIP: ÿc2MidGame.nipÿc4. Lines: ÿc254ÿc4. Valid entries: ÿc233. ÿc4Time: ÿc20 ms
[09/17/20 11:05:18] D2BS 31832: ÿc4Loaded NIP: ÿc2AuradinRunes.nipÿc4. Lines: ÿc222ÿc4. Valid entries: ÿc212. ÿc4Time: ÿc216 ms
[09/17/20 11:05:18] D2BS 31832: ÿc4Loaded NIP: ÿc2Auradin.xpac.nipÿc4. Lines: ÿc2122ÿc4. Valid entries: ÿc2105. ÿc4Time: ÿc215 ms
[09/17/20 11:05:18] D2BS 31832: ÿc4Loaded NIP: ÿc2Merc.xpac.nipÿc4. Lines: ÿc230ÿc4. Valid entries: ÿc220. ÿc4Time: ÿc20 ms
[09/17/20 11:05:18] D2BS 31832: AutoBuild: Including build template config/builds/paladin.auradin.js into tools\autobuildthread.js
[09/17/20 11:05:18] D2BS 31832: Updating Config from level 0 to 60
[09/17/20 11:05:18] D2BS 31832: AutoBuild: Loaded helper thread
[09/17/20 11:05:18] D2BS 31832: ÿc2Starting script: ÿc9LevelFollower
[09/17/20 11:05:18] D2BS 31832: initNPC: heal
[09/17/20 11:05:18] D2BS 31832: AutoBuild: Including build template config/builds/paladin.auradin.js into tools\party.js
[09/17/20 11:05:18] D2BS 31832: Updating Config from level 0 to 60
[09/17/20 11:05:18] D2BS 31832: ÿc2Party thread loaded. Mode: Accept
[09/17/20 11:05:19] D2BS 31832: AutoBuild: Including build template config/builds/paladin.auradin.js into tools\townchicken.js
[09/17/20 11:05:19] D2BS 31832: ÿc3Start ToolsThread script
[09/17/20 11:05:19] D2BS 31832: Updating Config from level 0 to 60
[09/17/20 11:05:19] D2BS 31832: AutoBuild: Including build template config/builds/paladin.auradin.js into tools\toolsthread.js
[09/17/20 11:05:19] D2BS 31832: Updating Config from level 0 to 60
[09/17/20 11:05:23] D2BS 31832: initNPC: identify
[09/17/20 11:05:27] D2BS 31832: ÿc4MiniShopBotÿc0: Scanning 58 items.
[09/17/20 11:05:28] D2BS 31832: initNPC: repair
[09/17/20 11:05:32] D2BS 31832: initNPC: reviveMerc
[09/17/20 11:06:12] D2BS 31832: ÿc1Skipping Damned 35 16
[09/17/20 11:06:21] D2BS 31832: ÿc1Skipping Damned 35 16
[09/17/20 11:06:35] D2BS 31832: move retry 1
[09/17/20 11:06:57] D2BS 31832: move retry 1
[09/17/20 11:07:25] D2BS 31832: move retry 1
[09/17/20 11:07:53] D2BS 31832: move retry 1
[09/17/20 11:08:55] D2BS 31832: move retry 1
[09/17/20 11:09:01] D2BS 31832: move retry 1
[09/17/20 11:09:08] D2BS 31832: move retry 1
[09/17/20 11:09:09] D2BS 31832: AutoBuild: Stat points: 5      Skill points: 3
[09/17/20 11:09:09] D2BS 31832: AutoBuild: Level up detected ( 60 --> 61 )
[09/17/20 11:09:09] D2BS 31832: AutoBuild: useSkillPoint(): Fanaticism (122)
[09/17/20 11:09:09] D2BS 31832: AutoBuild: Skill (1/1) Increased Fanaticism (122) by one (level:  4)
[09/17/20 11:09:09] D2BS 31832: AutoBuild: useStatPoint(0): Strength
[09/17/20 11:09:09] D2BS 31832: AutoBuild: Stat (1/5) Increased Strength from 85 to 86
[09/17/20 11:09:09] D2BS 31832: AutoBuild: useStatPoint(2): Dexterity
[09/17/20 11:09:09] D2BS 31832: AutoBuild: Stat (2/5) Increased Dexterity from 82 to 83
[09/17/20 11:09:09] D2BS 31832: AutoBuild: useStatPoint(3): Vitality
[09/17/20 11:09:10] D2BS 31832: AutoBuild: Stat (3/5) Increased Vitality from 215 to 216
[09/17/20 11:09:10] D2BS 31832: AutoBuild: useStatPoint(3): Vitality
[09/17/20 11:09:10] D2BS 31832: AutoBuild: Stat (4/5) Increased Vitality from 216 to 217
[09/17/20 11:09:10] D2BS 31832: AutoBuild: useStatPoint(3): Vitality
[09/17/20 11:09:10] D2BS 31832: AutoBuild: Stat (5/5) Increased Vitality from 217 to 218
[09/17/20 11:09:10] D2BS 31832: Updating Config from level 60 to 61
[09/17/20 11:09:10] D2BS 31832: Updating Config from level 60 to 61
[09/17/20 11:09:10] D2BS 31832: Updating Config from level 60 to 61
[09/17/20 11:09:10] D2BS 31832: AutoBuild: Updating Config from level 60 to 61
[09/17/20 11:09:10] D2BS 31832: Updating Config from level 60 to 61
[09/17/20 11:09:10] D2BS 31832: AutoBuild: Incrementing cached character level to 61
[09/17/20 11:09:17] D2BS 31832: ÿc1Pausing.
[09/17/20 11:09:17] D2BS 31832: initNPC: heal
[09/17/20 11:09:22] D2BS 31832: initNPC: buyPotions
[09/17/20 11:09:29] D2BS 31832: ÿc2Resuming.
[09/17/20 11:09:31] D2BS 31832: move retry 1
[09/17/20 11:09:32] D2BS 31832: ÿc7Picked up ÿc4165 Gold
[09/17/20 11:09:32] D2BS 31832: move retry 2
[09/17/20 11:10:30] D2BS 31832: ÿc7Picked up ÿc4357 Gold
[09/17/20 11:10:30] D2BS 31832: ÿc7Picked up ÿc4166 Gold
[09/17/20 11:10:49] D2BS 31832: ÿc7Picked up ÿc4534 Gold
[09/17/20 11:11:27] D2BS 31832: ÿc7Picked up ÿc9Two-Handed Sword ÿc0(ilvl 60) (Auradin.xpac.nip #2)
[09/17/20 11:12:12] D2BS 31832: ÿc7Picked up ÿc1Super Healing Potion ÿc0(ilvl 1) (LateGame.nip #33)
[09/17/20 11:13:06] D2BS 31832: move retry 1
[09/17/20 11:13:49] D2BS 31832: ÿc7Picked up ÿc4336 Gold
[09/17/20 11:13:54] D2BS 31832: ÿc7Picked up ÿc4296 Gold
[09/17/20 11:13:57] D2BS 31832: ÿc7Picked up ÿc1Greater Healing Potion ÿc0(ilvl 1) (MidGame.nip #23)
[09/17/20 11:14:06] D2BS 31832: move retry 1
[09/17/20 11:14:19] D2BS 31832: ÿc7Picked up ÿc460 Gold
[09/17/20 11:14:21] D2BS 31832: move retry 1
[09/17/20 11:14:23] D2BS 31832: move retry 1
[09/17/20 11:14:39] D2BS 31832: move retry 1
[09/17/20 11:14:50] D2BS 31832: ÿc7Picked up ÿc4205 Gold
[09/17/20 11:14:54] D2BS 31832: ÿc7Picked up ÿc0Scroll of Town Portal ÿc7(19/20)
[09/17/20 11:15:02] D2BS 31832: move retry 1
[09/17/20 11:15:04] D2BS 31832: ÿc7Picked up ÿc0Scroll of Town Portal ÿc7(20/20)
[09/17/20 11:15:05] D2BS 31832: move retry 1
[09/17/20 11:15:19] D2BS 31832: ÿc7Picked up ÿc4115 Gold
[09/17/20 11:15:20] D2BS 31832: move retry 1
[09/17/20 11:15:25] D2BS 31832: ÿc7Picked up ÿc3Ring ÿc0(ilvl 57) (Auradin.xpac.nip #101)
[09/17/20 11:15:29] D2BS 31832: ÿc7Picked up ÿc1Super Healing Potion ÿc0(ilvl 1) (LateGame.nip #33)
[09/17/20 11:15:30] D2BS 31832: ÿc7Picked up ÿc4287 Gold
[09/17/20 11:15:39] D2BS 31832: ÿc7Picked up ÿc4285 Gold
[09/17/20 11:15:48] D2BS 31832: ÿc7Picked up ÿc4298 Gold
[09/17/20 11:16:10] D2BS 31832: move retry 1
[09/17/20 11:16:12] D2BS 31832: move retry 1
[09/17/20 11:16:23] D2BS 31832: move retry 1
[09/17/20 11:16:28] D2BS 31832: move retry 1
[09/17/20 11:16:34] D2BS 31832: ÿc7Picked up ÿc4240 Gold
[09/17/20 11:16:35] D2BS 31832: ÿc7Picked up ÿc4208 Gold
[09/17/20 11:16:35] D2BS 31832: ÿc7Picked up ÿc1Super Healing Potion ÿc0(ilvl 1) (LateGame.nip #33)
[09/17/20 11:16:48] D2BS 31832: ÿc7Picked up ÿc4114 Gold
[09/17/20 11:16:55] D2BS 31832: ÿc7Picked up ÿc;Rejuvenation Potion ÿc0(ilvl 1) (LateGame.nip #34)
[09/17/20 11:16:58] D2BS 31832: ÿc7Picked up ÿc465 Gold
[09/17/20 11:17:08] D2BS 31832: ÿc7Picked up ÿc4132 Gold
[09/17/20 11:17:08] D2BS 31832: ÿc7Picked up ÿc4231 Gold
[09/17/20 11:17:11] D2BS 31832: move retry 1
[09/17/20 11:17:16] D2BS 31832: ÿc7Picked up ÿc4336 Gold
[09/17/20 11:17:21] D2BS 31832: ÿc7Picked up ÿc4437 Gold
[09/17/20 11:17:23] D2BS 31832: move retry 1
[09/17/20 11:17:25] D2BS 31832: move retry 2
[09/17/20 11:17:49] D2BS 31832: move retry 1
[09/17/20 11:17:54] D2BS 31832: move retry 1
[09/17/20 11:18:11] D2BS 31832: ÿc7Picked up ÿc1Super Healing Potion ÿc0(ilvl 1) (LateGame.nip #33)
[09/17/20 11:18:23] D2BS 31832: move retry 1
[09/17/20 11:18:32] D2BS 31832: ÿc7Picked up ÿc4328 Gold
[09/17/20 11:18:52] D2BS 31832: move retry 1
[09/17/20 11:18:53] D2BS 31832: move retry 1
[09/17/20 11:19:21] D2BS 31832: move retry 1
[09/17/20 11:19:53] D2BS 31832: move retry 1
[09/17/20 11:20:11] D2BS 31832: move retry 1
[09/17/20 11:20:31] D2BS 31832: move retry 1
[09/17/20 11:20:45] D2BS 31832: ÿc7Picked up ÿc4510 Gold
[09/17/20 11:20:45] D2BS 31832: move retry 1
[09/17/20 11:22:30] D2BS 31832: ÿc7Picked up ÿc461 Gold
[09/17/20 11:22:34] D2BS 31832: move retry 1
[09/17/20 11:23:13] D2BS 31832: move retry 1
[09/17/20 11:23:53] D2BS 31832: 106,107
[09/17/20 11:23:58] D2BS 31832: move retry 1
[09/17/20 11:24:01] D2BS 31832: move retry 2
[09/17/20 11:24:03] D2BS 31832: move retry 3
[09/17/20 11:24:15] D2BS 31832: move retry 1
[09/17/20 11:24:42] D2BS 31832: ÿc7Picked up ÿc4413 Gold
[09/17/20 11:24:48] D2BS 31832: move retry 1
[09/17/20 11:24:57] D2BS 31832: move retry 1
[09/17/20 11:24:59] D2BS 31832: move retry 2
[09/17/20 11:25:01] D2BS 31832: move retry 3
[09/17/20 11:25:09] D2BS 31832: ÿc7Picked up ÿc4290 Gold
[09/17/20 11:25:10] D2BS 31832: move retry 1
[09/17/20 11:25:41] D2BS 31832: ÿc7Picked up ÿc4265 Gold
[09/17/20 11:25:42] D2BS 31832: ÿc7Picked up ÿc4315 Gold
[09/17/20 11:26:14] D2BS 31832: ÿc7Picked up ÿc495 Gold
[09/17/20 11:26:14] D2BS 31832: ÿc7Picked up ÿc4272 Gold
[09/17/20 11:26:22] D2BS 31832: ÿc7Picked up ÿc4278 Gold
[09/17/20 11:26:22] D2BS 31832: ÿc7Picked up ÿc1Super Healing Potion ÿc0(ilvl 1) (LateGame.nip #33)
[09/17/20 11:26:36] D2BS 31832: ÿc7Picked up ÿc3Ring ÿc0(ilvl 57) (Auradin.xpac.nip #101)
[09/17/20 11:26:39] D2BS 31832: ÿc7Picked up ÿc4262 Gold
[09/17/20 11:27:06] D2BS 31832: move retry 1
[09/17/20 11:27:15] D2BS 31832: move retry 1
[09/17/20 11:27:19] D2BS 31832: ÿc7Picked up ÿc4121 Gold
[09/17/20 11:27:26] D2BS 31832: initNPC: identify
[09/17/20 11:27:33] D2BS 31832: move retry 1
[09/17/20 11:27:41] D2BS 31832: ÿc4MiniShopBotÿc0: Scanning 59 items.
[09/17/20 11:27:42] D2BS 31832: initNPC: reviveMerc
[09/17/20 11:28:20] D2BS 31832: ÿc7Picked up ÿc487 Gold
[09/17/20 11:28:21] D2BS 31832: ÿc7Picked up ÿc4259 Gold
[09/17/20 11:28:25] D2BS 31832: move retry 1
[09/17/20 11:28:26] D2BS 31832: ÿc7Picked up ÿc4480 Gold
[09/17/20 11:28:28] D2BS 31832: move retry 1
[09/17/20 11:28:29] D2BS 31832: move retry 2
[09/17/20 11:28:31] D2BS 31832: move retry 3
[09/17/20 11:28:32] D2BS 31832: move retry 1
[09/17/20 11:28:43] D2BS 31832: move retry 1
[09/17/20 11:28:49] D2BS 31832: move retry 1
[09/17/20 11:28:51] D2BS 31832: move retry 1
[09/17/20 11:29:06] D2BS 31832: move retry 1
[09/17/20 11:29:09] D2BS 31832: move retry 1
[09/17/20 11:29:13] D2BS 31832: move retry 1
[09/17/20 11:29:18] D2BS 31832: move retry 1
[09/17/20 11:29:20] D2BS 31832: move retry 1
[09/17/20 11:29:24] D2BS 31832: move retry 1
[09/17/20 11:29:26] D2BS 31832: move retry 1
[09/17/20 11:29:31] D2BS 31832: move retry 1
[09/17/20 11:29:34] D2BS 31832: move retry 1
[09/17/20 11:29:38] D2BS 31832: move retry 1
[09/17/20 11:29:42] D2BS 31832: move retry 1
[09/17/20 11:29:47] D2BS 31832: move retry 1
[09/17/20 11:29:49] D2BS 31832: move retry 1
[09/17/20 11:29:54] D2BS 31832: move retry 1
[09/17/20 11:29:57] D2BS 31832: move retry 1
[09/17/20 11:30:10] D2BS 31832: move retry 1
[09/17/20 11:30:10] D2BS 31832: move retry 2
[09/17/20 11:30:20] D2BS 31832: move retry 1
[09/17/20 11:30:49] D2BS 31832: ÿc7Picked up ÿc4177 Gold
[09/17/20 11:31:01] D2BS 31832: ÿc7Picked up ÿc4308 Gold
[09/17/20 11:31:03] D2BS 31832: ÿc7Picked up ÿc4431 Gold
[09/17/20 11:31:08] D2BS 31832: move retry 1
[09/17/20 11:31:12] D2BS 31832: ÿc7Picked up ÿc4277 Gold
[09/17/20 11:31:15] D2BS 31832: move retry 1
[09/17/20 11:32:11] D2BS 31832: ÿc7Picked up ÿc4109 Gold
[09/17/20 11:32:15] D2BS 31832: ÿc7Picked up ÿc4126 Gold
[09/17/20 11:32:26] D2BS 31832: ÿc7Picked up ÿc9Cleaver ÿc0(ilvl 60) (Auradin.xpac.nip #6)
[09/17/20 11:32:26] D2BS 31832: ÿc7Picked up ÿc43532 Gold
[09/17/20 11:33:02] D2BS 31832: move retry 1
[09/17/20 11:33:08] D2BS 31832: move retry 2
[09/17/20 11:33:30] D2BS 31832: move retry 1
[09/17/20 11:33:47] D2BS 31832: move retry 1
[09/17/20 11:34:37] D2BS 31832: ÿc7Picked up ÿc4291 Gold
[09/17/20 11:34:40] D2BS 31832: ÿc7Picked up ÿc4106 Gold
[09/17/20 11:34:51] D2BS 31832: move retry 1
[09/17/20 11:35:27] D2BS 31832: move retry 1
[09/17/20 11:35:37] D2BS 31832: move retry 1
[09/17/20 11:35:47] D2BS 31832: Script default.dbj ended
[09/17/20 11:35:47] D2BS 31832: Script tools\autobuildthread.js ended
[09/17/20 11:35:47] D2BS 31832: Script tools\party.js ended
[09/17/20 11:35:47] D2BS 31832: Script tools\toolsthread.js ended
[09/17/20 11:35:47] D2BS 31832: Script tools\townchicken.js ended
[09/17/20 11:35:53] D2BS 31832: ÿc2D2BSÿc0 :: Starting default.dbj
[09/17/20 11:35:53] D2BS 31832: ÿc2D2BSÿc0 :: default.dbj running.
[09/17/20 11:35:53] D2BS 31832: AutoBuild: Including build template config/builds/paladin.auradin.js into default.dbj
[09/17/20 11:35:53] D2BS 31832: Updating Config from level 0 to 61
[09/17/20 11:35:54] D2BS 31832: ÿc4Loaded NIP: ÿc2LateGame.nipÿc4. Lines: ÿc277ÿc4. Valid entries: ÿc250. ÿc4Time: ÿc216 ms
[09/17/20 11:35:54] D2BS 31832: ÿc4Loaded NIP: ÿc2MidGame.nipÿc4. Lines: ÿc254ÿc4. Valid entries: ÿc233. ÿc4Time: ÿc20 ms
[09/17/20 11:35:54] D2BS 31832: ÿc4Loaded NIP: ÿc2AuradinRunes.nipÿc4. Lines: ÿc222ÿc4. Valid entries: ÿc212. ÿc4Time: ÿc20 ms
[09/17/20 11:35:54] D2BS 31832: ÿc4Loaded NIP: ÿc2Auradin.xpac.nipÿc4. Lines: ÿc2122ÿc4. Valid entries: ÿc2105. ÿc4Time: ÿc20 ms
[09/17/20 11:35:54] D2BS 31832: ÿc4Loaded NIP: ÿc2Merc.xpac.nipÿc4. Lines: ÿc230ÿc4. Valid entries: ÿc220. ÿc4Time: ÿc215 ms
[09/17/20 11:35:54] D2BS 31832: AutoBuild: Including build template config/builds/paladin.auradin.js into tools\autobuildthread.js
[09/17/20 11:35:54] D2BS 31832: Updating Config from level 0 to 61
[09/17/20 11:35:54] D2BS 31832: AutoBuild: Loaded helper thread
[09/17/20 11:35:54] D2BS 31832: ÿc2Starting script: ÿc9LevelFollower
[09/17/20 11:35:54] D2BS 31832: initNPC: heal
[09/17/20 11:35:54] D2BS 31832: AutoBuild: Including build template config/builds/paladin.auradin.js into tools\party.js
[09/17/20 11:35:54] D2BS 31832: Updating Config from level 0 to 61
[09/17/20 11:35:54] D2BS 31832: ÿc2Party thread loaded. Mode: Accept
[09/17/20 11:35:54] D2BS 31832: ÿc3Start ToolsThread script
[09/17/20 11:35:54] D2BS 31832: AutoBuild: Including build template config/builds/paladin.auradin.js into tools\toolsthread.js
[09/17/20 11:35:54] D2BS 31832: Updating Config from level 0 to 61
[09/17/20 11:35:54] D2BS 31832: AutoBuild: Including build template config/builds/paladin.auradin.js into tools\townchicken.js
[09/17/20 11:35:54] D2BS 31832: Updating Config from level 0 to 61
[09/17/20 11:35:58] D2BS 31832: initNPC: identify
[09/17/20 11:36:01] D2BS 31832: ÿc4MiniShopBotÿc0: Scanning 46 items.
[09/17/20 11:36:08] D2BS 31832: move retry 1
[09/17/20 11:36:49] D2BS 31832: ÿc7Picked up ÿc4339 Gold
[09/17/20 11:36:52] D2BS 31832: ÿc7Picked up ÿc4112 Gold
[09/17/20 11:36:57] D2BS 31832: AutoBuild: Stat points: 5      Skill points: 3
[09/17/20 11:36:57] D2BS 31832: AutoBuild: Level up detected ( 61 --> 62 )
[09/17/20 11:36:57] D2BS 31832: AutoBuild: useSkillPoint(): Fanaticism (122)
[09/17/20 11:36:57] D2BS 31832: AutoBuild: Skill (1/1) Increased Fanaticism (122) by one (level:  6)
[09/17/20 11:36:57] D2BS 31832: AutoBuild: useStatPoint(0): Strength
[09/17/20 11:36:58] D2BS 31832: AutoBuild: Stat (1/5) Increased Strength from 86 to 87
[09/17/20 11:36:58] D2BS 31832: AutoBuild: useStatPoint(2): Dexterity
[09/17/20 11:36:58] D2BS 31832: AutoBuild: Stat (2/5) Increased Dexterity from 83 to 84
[09/17/20 11:36:58] D2BS 31832: AutoBuild: useStatPoint(3): Vitality
[09/17/20 11:36:58] D2BS 31832: AutoBuild: Stat (3/5) Increased Vitality from 218 to 219
[09/17/20 11:36:58] D2BS 31832: AutoBuild: useStatPoint(3): Vitality
[09/17/20 11:36:58] D2BS 31832: AutoBuild: Stat (4/5) Increased Vitality from 219 to 220
[09/17/20 11:36:58] D2BS 31832: AutoBuild: useStatPoint(3): Vitality
[09/17/20 11:36:58] D2BS 31832: AutoBuild: Stat (5/5) Increased Vitality from 220 to 221
[09/17/20 11:36:58] D2BS 31832: Updating Config from level 61 to 62
[09/17/20 11:36:58] D2BS 31832: Updating Config from level 61 to 62
[09/17/20 11:36:58] D2BS 31832: AutoBuild: Updating Config from level 61 to 62
[09/17/20 11:36:58] D2BS 31832: Updating Config from level 61 to 62
[09/17/20 11:36:58] D2BS 31832: Updating Config from level 61 to 62
[09/17/20 11:36:58] D2BS 31832: AutoBuild: Incrementing cached character level to 62
[09/17/20 11:37:06] D2BS 31832: ÿc7Picked up ÿc4398 Gold
[09/17/20 11:37:22] D2BS 31832: move retry 1
[09/17/20 11:37:29] D2BS 31832: ÿc7Picked up ÿc3Grand Charm ÿc0(ilvl 57) (LateGame.nip #9)
[09/17/20 11:37:43] D2BS 31832: ÿc7Picked up ÿc9Crystal Sword ÿc0(ilvl 60) (Auradin.xpac.nip #2)
[09/17/20 11:37:43] D2BS 31832: ÿc7Picked up ÿc495 Gold
[09/17/20 11:37:52] D2BS 31832: ÿc7Picked up ÿc477 Gold
[09/17/20 11:37:54] D2BS 31832: move retry 1
[09/17/20 11:38:34] D2BS 31832: ÿc7Picked up ÿc467 Gold
[09/17/20 11:38:35] D2BS 31832: ÿc7Picked up ÿc477 Gold
[09/17/20 11:38:49] D2BS 31832: ÿc1Skipping Damned 206 16
[09/17/20 11:38:52] D2BS 31832: ÿc7Picked up ÿc477 Gold
[09/17/20 11:38:54] D2BS 31832: move retry 1
[09/17/20 11:38:56] D2BS 31832: move retry 2
[09/17/20 11:39:04] D2BS 31832: ÿc7Picked up ÿc1Super Healing Potion ÿc0(ilvl 1) (LateGame.nip #33)
[09/17/20 11:39:05] D2BS 31832: move retry 1
[09/17/20 11:39:13] D2BS 31832: move retry 1
[09/17/20 11:39:26] D2BS 31832: move retry 1
[09/17/20 11:39:28] D2BS 31832: ÿc7Picked up ÿc4341 Gold
[09/17/20 11:39:29] D2BS 31832: move retry 1
[09/17/20 11:39:31] D2BS 31832: move retry 2
[09/17/20 11:39:38] D2BS 31832: move retry 1
[09/17/20 11:39:42] D2BS 31832: move retry 1
[09/17/20 11:39:48] D2BS 31832: move retry 1
[09/17/20 11:39:49] D2BS 31832: move retry 1
[09/17/20 11:39:52] D2BS 31832: move retry 1
[09/17/20 11:39:56] D2BS 31832: move retry 1
[09/17/20 11:40:01] D2BS 31832: move retry 1
[09/17/20 11:40:03] D2BS 31832: move retry 2
[09/17/20 11:40:05] D2BS 31832: move retry 3
[09/17/20 11:40:10] D2BS 31832: ÿc7Picked up ÿc4150 Gold
[09/17/20 11:40:10] D2BS 31832: ÿc7Picked up ÿc3Ring ÿc0(ilvl 57) (Auradin.xpac.nip #101)
[09/17/20 11:40:11] D2BS 31832: move retry 1
[09/17/20 11:40:29] D2BS 31832: ÿc7Picked up ÿc4189 Gold
[09/17/20 11:40:45] D2BS 31832: move retry 1
[09/17/20 11:41:06] D2BS 31832: ÿc7Picked up ÿc4277 Gold
[09/17/20 11:41:21] D2BS 31832: ÿc7Picked up ÿc4245 Gold
[09/17/20 11:41:34] D2BS 31832: ÿc7Picked up ÿc4327 Gold
[09/17/20 11:41:49] D2BS 31832: move retry 1
[09/17/20 11:41:51] D2BS 31832: ÿc7Picked up ÿc;Rejuvenation Potion ÿc0(ilvl 1) (LateGame.nip #34)
[09/17/20 11:41:55] D2BS 31832: ÿc7Picked up ÿc4259 Gold
[09/17/20 11:42:17] D2BS 31832: ÿc7Picked up ÿc4136 Gold
[09/17/20 11:42:18] D2BS 31832: ÿc7Picked up ÿc4138 Gold
[09/17/20 11:42:22] D2BS 31832: ÿc7Picked up ÿc4239 Gold
[09/17/20 11:42:56] D2BS 31832: move retry 1
[09/17/20 11:43:07] D2BS 31832: ÿc7Picked up ÿc488 Gold
[09/17/20 11:43:07] D2BS 31832: move retry 2
[09/17/20 11:43:09] D2BS 31832: move retry 3
[09/17/20 11:43:13] D2BS 31832: move retry 1
[09/17/20 11:43:33] D2BS 31832: move retry 1
[09/17/20 11:43:49] D2BS 31832: ÿc7Picked up ÿc4269 Gold
[09/17/20 11:44:06] D2BS 31832: move retry 1
[09/17/20 11:44:21] D2BS 31832: ÿc7Picked up ÿc4247 Gold
[09/17/20 11:44:32] D2BS 31832: ÿc7Picked up ÿc457 Gold
[09/17/20 11:44:38] D2BS 31832: move retry 1
[09/17/20 11:44:41] D2BS 31832: move retry 1
[09/17/20 11:45:25] D2BS 31832: ÿc7Picked up ÿc4137 Gold
[09/17/20 11:45:49] D2BS 31832: ÿc7Picked up ÿc4493 Gold
[09/17/20 11:46:09] D2BS 31832: ÿc1Skipping Damned 590 16
[09/17/20 11:46:10] D2BS 31832: ÿc7Picked up ÿc4100 Gold
[09/17/20 11:46:44] D2BS 31832: move retry 1
[09/17/20 11:46:50] D2BS 31832: move retry 1
[09/17/20 11:48:13] D2BS 31832: ÿc1Skipping Stygian Hag 364 16
[09/17/20 11:48:32] D2BS 31832: move retry 1
[09/17/20 11:49:28] D2BS 31832: move retry 1
[09/17/20 11:49:39] D2BS 31832: move retry 1
[09/17/20 11:49:56] D2BS 31832: 106,107
[09/17/20 11:50:23] D2BS 31832: move retry 1
[09/17/20 11:51:04] D2BS 31832: ÿc7Picked up ÿc3Great Axe ÿc0(ilvl 57) (Auradin.xpac.nip #6)
[09/17/20 11:51:06] D2BS 31832: move retry 1
[09/17/20 11:51:08] D2BS 31832: move retry 2
[09/17/20 11:51:10] D2BS 31832: move retry 3
[09/17/20 11:51:24] D2BS 31832: ÿc7Picked up ÿc4209 Gold
[09/17/20 11:51:41] D2BS 31832: move retry 1
[09/17/20 11:51:46] D2BS 31832: move retry 2
[09/17/20 11:51:50] D2BS 31832: move retry 3
[09/17/20 11:51:54] D2BS 31832: move retry 1
[09/17/20 11:52:10] D2BS 31832: ÿc1Skipping Blood Maggot 824 16
[09/17/20 11:52:18] D2BS 31832: ÿc1Skipping Abyss Knight 822 16
[09/17/20 11:52:22] D2BS 31832: ÿc7Picked up ÿc4184 Gold
[09/17/20 11:52:39] D2BS 31832: ÿc7Picked up ÿc4117 Gold
[09/17/20 11:52:57] D2BS 31832: move retry 1
[09/17/20 11:53:13] D2BS 31832: ÿc7Picked up ÿc462 Gold
[09/17/20 11:53:14] D2BS 31832: move retry 1
[09/17/20 11:53:21] D2BS 31832: ÿc7Picked up ÿc1Greater Healing Potion ÿc0(ilvl 1) (MidGame.nip #23)
[09/17/20 11:53:52] D2BS 31832: ÿc1Skipping Blood Maggot 1052 16
[09/17/20 11:53:53] D2BS 31832: ÿc7Picked up ÿc4226 Gold
[09/17/20 11:53:56] D2BS 31832: ÿc7Picked up ÿc1Super Healing Potion ÿc0(ilvl 1) (LateGame.nip #33)
[09/17/20 11:53:59] D2BS 31832: move retry 1
[09/17/20 11:54:22] D2BS 31832: move retry 2
[09/17/20 11:54:35] D2BS 31832: move retry 1
[09/17/20 11:54:44] D2BS 31832: move retry 1
[09/17/20 11:54:45] D2BS 31832: move retry 2
[09/17/20 11:55:10] D2BS 31832: ÿc7Picked up ÿc4112 Gold
[09/17/20 11:55:10] D2BS 31832: ÿc7Picked up ÿc4298 Gold
[09/17/20 11:55:15] D2BS 31832: move retry 1
[09/17/20 11:55:20] D2BS 31832: move retry 1
[09/17/20 11:55:23] D2BS 31832: move retry 1
[09/17/20 11:55:24] D2BS 31832: move retry 1
[09/17/20 11:55:37] D2BS 31832: ÿc7Picked up ÿc4184 Gold
[09/17/20 11:55:42] D2BS 31832: ÿc7Picked up ÿc4549 Gold
[09/17/20 11:56:02] D2BS 31832: ÿc7Picked up ÿc4219 Gold
[09/17/20 11:56:04] D2BS 31832: move retry 1
[09/17/20 11:56:06] D2BS 31832: move retry 2
[09/17/20 11:56:14] D2BS 31832: move retry 1
[09/17/20 11:56:17] D2BS 31832: move retry 2
[09/17/20 11:57:31] D2BS 31832: ÿc7Picked up ÿc4395 Gold
[09/17/20 11:57:55] D2BS 31832: AutoBuild: Stat points: 5      Skill points: 3
[09/17/20 11:57:55] D2BS 31832: AutoBuild: Level up detected ( 62 --> 63 )
[09/17/20 11:57:55] D2BS 31832: AutoBuild: useSkillPoint(): Fanaticism (122)
[09/17/20 11:57:56] D2BS 31832: AutoBuild: Skill (1/1) Increased Fanaticism (122) by one (level:  6)
[09/17/20 11:57:56] D2BS 31832: AutoBuild: useStatPoint(0): Strength
[09/17/20 11:57:56] D2BS 31832: AutoBuild: Stat (1/5) Increased Strength from 87 to 88
[09/17/20 11:57:56] D2BS 31832: AutoBuild: useStatPoint(2): Dexterity
[09/17/20 11:57:56] D2BS 31832: AutoBuild: Stat (2/5) Increased Dexterity from 84 to 85
[09/17/20 11:57:56] D2BS 31832: AutoBuild: useStatPoint(3): Vitality
[09/17/20 11:57:56] D2BS 31832: AutoBuild: Stat (3/5) Increased Vitality from 221 to 222
[09/17/20 11:57:56] D2BS 31832: AutoBuild: useStatPoint(3): Vitality
[09/17/20 11:57:56] D2BS 31832: AutoBuild: Stat (4/5) Increased Vitality from 222 to 223
[09/17/20 11:57:56] D2BS 31832: AutoBuild: useStatPoint(3): Vitality
[09/17/20 11:57:56] D2BS 31832: AutoBuild: Stat (5/5) Increased Vitality from 223 to 224
[09/17/20 11:57:56] D2BS 31832: Updating Config from level 62 to 63
[09/17/20 11:57:56] D2BS 31832: Updating Config from level 62 to 63
[09/17/20 11:57:56] D2BS 31832: AutoBuild: Updating Config from level 62 to 63
[09/17/20 11:57:56] D2BS 31832: Updating Config from level 62 to 63
[09/17/20 11:57:56] D2BS 31832: Updating Config from level 62 to 63
[09/17/20 11:57:56] D2BS 31832: AutoBuild: Incrementing cached character level to 63
[09/17/20 11:58:20] D2BS 31832: ÿc7Picked up ÿc41056 Gold
[09/17/20 11:59:14] D2BS 31832: move retry 1
[09/17/20 11:59:17] D2BS 31832: ÿc7Picked up ÿc1Greater Healing Potion ÿc0(ilvl 1) (MidGame.nip #23)
[09/17/20 11:59:18] D2BS 31832: move retry 1
[09/17/20 11:59:18] D2BS 31832: ÿc7Picked up ÿc4382 Gold
[09/17/20 11:59:42] D2BS 31832: move retry 1
[09/17/20 11:59:54] D2BS 31832: ÿc7Picked up ÿc1Super Healing Potion ÿc0(ilvl 1) (LateGame.nip #33)
[09/17/20 11:59:54] D2BS 31832: move retry 1
[09/17/20 12:00:20] D2BS 31832: ÿc7Picked up ÿc4114 Gold
[09/17/20 12:00:47] D2BS 31832: ÿc1Pausing.
[09/17/20 12:01:01] D2BS 31832: ÿc2Resuming.
[09/17/20 12:01:05] D2BS 31832: ÿc1Pausing.
[09/17/20 12:01:09] D2BS 31832: ÿc2Resuming.
[09/17/20 12:02:00] D2BS 31832: move retry 1
[09/17/20 12:02:45] D2BS 31832: ÿc7Picked up ÿc3Amulet ÿc0(ilvl 57) (LateGame.nip #29)
[09/17/20 12:02:57] D2BS 31832: ÿc1Skipping Blood Maggot Egg 1642 16
[09/17/20 12:03:08] D2BS 31832: ÿc7Picked up ÿc4149 Gold
[09/17/20 12:03:47] D2BS 31832: move retry 1
[09/17/20 12:04:08] D2BS 31832: move retry 1
[09/17/20 12:04:52] D2BS 31832: move retry 1
[09/17/20 12:06:08] D2BS 31832: move retry 1
[09/17/20 12:07:18] D2BS 31832: 107,108
[09/17/20 12:08:35] D2BS 31832: ÿc1Skipping Venom Lord 1712 16
[09/17/20 12:08:40] D2BS 31832: ÿc7Picked up ÿc1Super Healing Potion ÿc0(ilvl 1) (LateGame.nip #33)
[09/17/20 12:10:24] D2BS 31832: ÿc1Skipping Storm Caster 1710 16
[09/17/20 12:10:34] D2BS 31832: ÿc1Skipping Storm Caster 1710 16
[09/17/20 12:10:50] D2BS 31832: ÿc1Skipping Storm Caster 1710 16
[09/17/20 12:11:08] D2BS 31832: ÿc1Skipping Storm Caster 1709 16
[09/17/20 12:11:54] D2BS 31832: ÿc7Picked up ÿc497 Gold
[09/17/20 12:11:57] D2BS 31832: move retry 1
[09/17/20 12:12:01] D2BS 31832: ÿc7Picked up ÿc481 Gold
[09/17/20 12:12:16] D2BS 31832: move retry 1
[09/17/20 12:12:27] D2BS 31832: ÿc7Picked up ÿc1Greater Healing Potion ÿc0(ilvl 1) (MidGame.nip #23)
[09/17/20 12:12:30] D2BS 31832: move retry 1
[09/17/20 12:12:41] D2BS 31832: ÿc7Picked up ÿc3Ghost Armor ÿc0(ilvl 61) (Auradin.xpac.nip #47)
[09/17/20 12:12:41] D2BS 31832: ÿc7Picked up ÿc1Super Healing Potion ÿc0(ilvl 1) (LateGame.nip #33)
[09/17/20 12:12:45] D2BS 31832: move retry 1
[09/17/20 12:12:56] D2BS 31832: ÿc7Picked up ÿc3Sallet ÿc0(ilvl 61) (Auradin.xpac.nip #30)
[09/17/20 12:13:13] D2BS 31832: ÿc7Picked up ÿc4178 Gold
[09/17/20 12:13:37] D2BS 31832: ÿc1Skipping Venom Lord 1777 16
[09/17/20 12:13:45] D2BS 31832: ÿc1Skipping Doom Knight 1784 16
[09/17/20 12:13:55] D2BS 31832: ÿc1Skipping Venom Lord 1776 16
[09/17/20 12:14:03] D2BS 31832: ÿc1Skipping Venom Lord 1778 16
[09/17/20 12:14:10] D2BS 31832: ÿc7Picked up ÿc4322 Gold
[09/17/20 12:14:10] D2BS 31832: ÿc7Picked up ÿc4301 Gold
[09/17/20 12:14:12] D2BS 31832: ÿc7Picked up ÿc1Greater Healing Potion ÿc0(ilvl 1) (MidGame.nip #23)
[09/17/20 12:14:12] D2BS 31832: ÿc7Trying to make room for ÿc3Double Axe
[09/17/20 12:14:12] D2BS 31832: initNPC: identify
[09/17/20 12:14:32] D2BS 31832: ÿc4MiniShopBotÿc0: Scanning 60 items.
[09/17/20 12:14:33] D2BS 31832: initNPC: buyPotions
[09/17/20 12:14:33] D2BS 31832: initNPC: repair
[09/17/20 12:14:43] D2BS 31832: Successfully placed Sensei's Amulet of Strength at X: 4 Y: 1
[09/17/20 12:14:47] D2BS 31832: ÿc7Picked up ÿc3Double Axe ÿc0(ilvl 61) (Auradin.xpac.nip #6)
[09/17/20 12:15:04] D2BS 31832: ÿc7Picked up ÿc3Grand Charm ÿc0(ilvl 62) (LateGame.nip #9)
[09/17/20 12:15:04] D2BS 31832: ÿc7Picked up ÿc4Brandistock ÿc0(ilvl 62) (LateGame.nip #45)
[09/17/20 12:15:04] D2BS 31832: ÿc7Picked up ÿc9Battle Axe ÿc0(ilvl 62) (Auradin.xpac.nip #6)
[09/17/20 12:15:17] D2BS 31832: initNPC: identify
[09/17/20 12:15:21] D2BS 31832: move retry 1
[09/17/20 12:15:31] D2BS 31832: ÿc4MiniShopBotÿc0: Scanning 71 items.
[09/17/20 12:15:44] D2BS 31832: 103
[09/17/20 12:15:46] D2BS 31832: move retry 1
[09/17/20 12:15:47] D2BS 31832: move retry 1
[09/17/20 12:16:12] D2BS 31832: move retry 1
[09/17/20 12:16:15] D2BS 31832: move retry 1
[09/17/20 12:16:16] D2BS 31832: move retry 2
[09/17/20 12:16:32] D2BS 31832: ÿc7Picked up ÿc4325 Gold
[09/17/20 12:16:41] D2BS 31832: move retry 1
[09/17/20 12:16:42] D2BS 31832: move retry 2
[09/17/20 12:16:56] D2BS 31832: ÿc7Picked up ÿc4500 Gold
[09/17/20 12:16:56] D2BS 31832: ÿc7Picked up ÿc1Super Healing Potion ÿc0(ilvl 1) (LateGame.nip #33)
[09/17/20 12:16:59] D2BS 31832: ÿc7Picked up ÿc4106 Gold
[09/17/20 12:17:03] D2BS 31832: move retry 1
[09/17/20 12:17:25] D2BS 31832: ÿc7Picked up ÿc1Greater Healing Potion ÿc0(ilvl 1) (MidGame.nip #23)
[09/17/20 12:17:25] D2BS 31832: ÿc7Picked up ÿc4128 Gold
[09/17/20 12:17:39] D2BS 31832: ÿc7Picked up ÿc4255 Gold
[09/17/20 12:17:40] D2BS 31832: ÿc7Picked up ÿc489 Gold
[09/17/20 12:17:45] D2BS 31832: ÿc7Picked up ÿc3Grand Charm ÿc0(ilvl 58) (LateGame.nip #9)
[09/17/20 12:18:05] D2BS 31832: ÿc7Picked up ÿc4337 Gold
[09/17/20 12:18:09] D2BS 31832: move retry 1
[09/17/20 12:18:13] D2BS 31832: ÿc7Picked up ÿc4254 Gold
[09/17/20 12:18:21] D2BS 31832: move retry 1
[09/17/20 12:18:23] D2BS 31832: move retry 2
[09/17/20 12:18:24] D2BS 31832: move retry 3
[09/17/20 12:18:35] D2BS 31832: move retry 1
[09/17/20 12:18:43] D2BS 31832: move retry 1
[09/17/20 12:19:02] D2BS 31832: ÿc1Skipping Enslaved 2214 16
[09/17/20 12:19:19] D2BS 31832: ÿc7Picked up ÿc474 Gold
[09/17/20 12:19:19] D2BS 31832: ÿc7Picked up ÿc4245 Gold
[09/17/20 12:19:46] D2BS 31832: ÿc7Picked up ÿc4214 Gold
[09/17/20 12:20:03] D2BS 31832: move retry 1
[09/17/20 12:20:17] D2BS 31832: ÿc7Picked up ÿc1Greater Healing Potion ÿc0(ilvl 1) (MidGame.nip #23)
[09/17/20 12:20:19] D2BS 31832: ÿc7Picked up ÿc4278 Gold
[09/17/20 12:20:21] D2BS 31832: move retry 1
[09/17/20 12:20:25] D2BS 31832: ÿc7Picked up ÿc4206 Gold
[09/17/20 12:20:30] D2BS 31832: move retry 1
[09/17/20 12:20:33] D2BS 31832: move retry 2
[09/17/20 12:20:42] D2BS 31832: ÿc7Picked up ÿc4144 Gold
[09/17/20 12:20:46] D2BS 31832: ÿc7Picked up ÿc498 Gold
[09/17/20 12:20:49] D2BS 31832: move retry 1
[09/17/20 12:21:03] D2BS 31832: move retry 1
[09/17/20 12:21:06] D2BS 31832: move retry 1
[09/17/20 12:21:19] D2BS 31832: ÿc7Picked up ÿc4133 Gold
[09/17/20 12:21:20] D2BS 31832: ÿc7Picked up ÿc1Super Healing Potion ÿc0(ilvl 1) (LateGame.nip #33)
[09/17/20 12:21:24] D2BS 31832: ÿc7Picked up ÿc1Super Healing Potion ÿc0(ilvl 1) (LateGame.nip #33)
[09/17/20 12:21:33] D2BS 31832: ÿc7Picked up ÿc4135 Gold
[09/17/20 12:21:46] D2BS 31832: ÿc7Picked up ÿc4311 Gold
[09/17/20 12:21:46] D2BS 31832: ÿc7Picked up ÿc4109 Gold
[09/17/20 12:21:56] D2BS 31832: ÿc1Skipping Demon Imp 2515 16
[09/17/20 12:22:10] D2BS 31832: move retry 1
[09/17/20 12:22:13] D2BS 31832: ÿc7Picked up ÿc1Greater Healing Potion ÿc0(ilvl 1) (MidGame.nip #23)
[09/17/20 12:22:33] D2BS 31832: ÿc7Picked up ÿc3Amulet ÿc0(ilvl 58) (LateGame.nip #29)
[09/17/20 12:22:35] D2BS 31832: move retry 1
[09/17/20 12:22:38] D2BS 31832: ÿc7Picked up ÿc4214 Gold
[09/17/20 12:22:42] D2BS 31832: ÿc7Picked up ÿc4281 Gold
[09/17/20 12:23:00] D2BS 31832: AutoBuild: Stat points: 5      Skill points: 3
[09/17/20 12:23:00] D2BS 31832: AutoBuild: Level up detected ( 63 --> 64 )
[09/17/20 12:23:00] D2BS 31832: AutoBuild: useSkillPoint(): Fanaticism (122)
[09/17/20 12:23:00] D2BS 31832: AutoBuild: Skill (1/1) Increased Fanaticism (122) by one (level:  7)
[09/17/20 12:23:00] D2BS 31832: AutoBuild: useStatPoint(0): Strength
[09/17/20 12:23:01] D2BS 31832: AutoBuild: Stat (1/5) Increased Strength from 88 to 89
[09/17/20 12:23:01] D2BS 31832: AutoBuild: useStatPoint(2): Dexterity
[09/17/20 12:23:01] D2BS 31832: AutoBuild: Stat (2/5) Increased Dexterity from 85 to 86
[09/17/20 12:23:01] D2BS 31832: AutoBuild: useStatPoint(3): Vitality
[09/17/20 12:23:01] D2BS 31832: AutoBuild: Attempt to spend point 3 in Vitality may have failed!
[09/17/20 12:23:01] D2BS 31832: AutoBuild: useStatPoint(3): Vitality
[09/17/20 12:23:01] D2BS 31832: AutoBuild: Stat (4/5) Increased Vitality from 225 to 226
[09/17/20 12:23:01] D2BS 31832: AutoBuild: useStatPoint(3): Vitality
[09/17/20 12:23:01] D2BS 31832: AutoBuild: Stat (5/5) Increased Vitality from 226 to 227
[09/17/20 12:23:01] D2BS 31832: Updating Config from level 63 to 64
[09/17/20 12:23:01] D2BS 31832: Updating Config from level 63 to 64
[09/17/20 12:23:01] D2BS 31832: Updating Config from level 63 to 64
[09/17/20 12:23:01] D2BS 31832: AutoBuild: Updating Config from level 63 to 64
[09/17/20 12:23:01] D2BS 31832: Updating Config from level 63 to 64
[09/17/20 12:23:01] D2BS 31832: AutoBuild: Incrementing cached character level to 64
[09/17/20 12:23:04] D2BS 31832: move retry 1
[09/17/20 12:23:11] D2BS 31832: ÿc7Picked up ÿc0Scroll of Town Portal ÿc7(20/20)
[09/17/20 12:23:33] D2BS 31832: ÿc7Picked up ÿc4310 Gold
[09/17/20 12:23:44] D2BS 31832: ÿc7Picked up ÿc4226 Gold
[09/17/20 12:23:56] D2BS 31832: ÿc1Skipping Enslaved 2661 16
[09/17/20 12:24:07] D2BS 31832: ÿc7Picked up ÿc4345 Gold
[09/17/20 12:24:15] D2BS 31832: move retry 1
[09/17/20 12:24:19] D2BS 31832: move retry 1
[09/17/20 12:24:22] D2BS 31832: move retry 1
[09/17/20 12:24:26] D2BS 31832: move retry 1
[09/17/20 12:24:30] D2BS 31832: ÿc7Picked up ÿc1Greater Healing Potion ÿc0(ilvl 1) (MidGame.nip #23)
[09/17/20 12:24:34] D2BS 31832: ÿc7Picked up ÿc4221 Gold
[09/17/20 12:24:39] D2BS 31832: move retry 1
[09/17/20 12:24:43] D2BS 31832: ÿc7Picked up ÿc4316 Gold
[09/17/20 12:24:54] D2BS 31832: ÿc7Picked up ÿc4312 Gold
[09/17/20 12:25:56] D2BS 31832: ÿc7Picked up ÿc4233 Gold
[09/17/20 12:25:56] D2BS 31832: ÿc7Picked up ÿc1Greater Healing Potion ÿc0(ilvl 1) (MidGame.nip #23)
[09/17/20 12:25:56] D2BS 31832: ÿc7Picked up ÿc1Super Healing Potion ÿc0(ilvl 1) (LateGame.nip #33)
[09/17/20 12:26:00] D2BS 31832: move retry 1
[09/17/20 12:26:04] D2BS 31832: ÿc7Picked up ÿc3Military Axe ÿc0(ilvl 58) (Auradin.xpac.nip #6)
[09/17/20 12:26:11] D2BS 31832: ÿc7Picked up ÿc4385 Gold
[09/17/20 12:26:12] D2BS 31832: move retry 1
[09/17/20 12:26:50] D2BS 31832: move retry 1
[09/17/20 12:26:53] D2BS 31832: move retry 2
[09/17/20 12:27:05] D2BS 31832: move retry 1
[09/17/20 12:27:55] D2BS 31832: ÿc7Picked up ÿc4523 Gold
[09/17/20 12:27:55] D2BS 31832: ÿc7Picked up ÿc490 Gold
[09/17/20 12:28:11] D2BS 31832: ÿc1Skipping Enslaved 2402 16
[09/17/20 12:28:11] D2BS 31832: ÿc7Picked up ÿc480 Gold
[09/17/20 12:28:19] D2BS 31832: ÿc7Picked up ÿc1Super Healing Potion ÿc0(ilvl 1) (LateGame.nip #33)
[09/17/20 12:28:22] D2BS 31832: move retry 1
[09/17/20 12:28:37] D2BS 31832: move retry 1
[09/17/20 12:28:39] D2BS 31832: move retry 2
[09/17/20 12:28:41] D2BS 31832: move retry 1
[09/17/20 12:28:44] D2BS 31832: move retry 2
[09/17/20 12:28:47] D2BS 31832: 110,111
[09/17/20 12:29:18] D2BS 31832: ÿc7Picked up ÿc1Super Healing Potion ÿc0(ilvl 1) (LateGame.nip #33)
[09/17/20 12:29:31] D2BS 31832: ÿc7Picked up ÿc4147 Gold
[09/17/20 12:29:34] D2BS 31832: ÿc7Picked up ÿc4207 Gold
[09/17/20 12:29:53] D2BS 31832: move retry 1
[09/17/20 12:29:57] D2BS 31832: move retry 1
[09/17/20 12:30:00] D2BS 31832: move retry 1
[09/17/20 12:30:02] D2BS 31832: move retry 1
[09/17/20 12:30:08] D2BS 31832: ÿc7Picked up ÿc4129 Gold
[09/17/20 12:30:12] D2BS 31832: move retry 1
[09/17/20 12:30:22] D2BS 31832: move retry 1
[09/17/20 12:30:25] D2BS 31832: move retry 1
[09/17/20 12:30:44] D2BS 31832: move retry 1
[09/17/20 12:30:48] D2BS 31832: move retry 1
[09/17/20 12:30:57] D2BS 31832: ÿc7Picked up ÿc4336 Gold
[09/17/20 12:31:16] D2BS 31832: move retry 1
[09/17/20 12:31:18] D2BS 31832: move retry 1
[09/17/20 12:31:20] D2BS 31832: move retry 1
[09/17/20 12:31:23] D2BS 31832: move retry 1
[09/17/20 12:31:43] D2BS 31832: ÿc7Picked up ÿc4328 Gold
[09/17/20 12:32:18] D2BS 31832: ÿc7Picked up ÿc1Greater Healing Potion ÿc0(ilvl 1) (MidGame.nip #23)
[09/17/20 12:32:27] D2BS 31832: move retry 1
[09/17/20 12:32:43] D2BS 31832: move retry 1
[09/17/20 12:33:02] D2BS 31832: move retry 1
[09/17/20 12:33:12] D2BS 31832: move retry 1
[09/17/20 12:33:16] D2BS 31832: move retry 1
[09/17/20 12:33:20] D2BS 31832: move retry 1
[09/17/20 12:33:50] D2BS 31832: move retry 1
[09/17/20 12:33:51] D2BS 31832: ÿc7Picked up ÿc4541 Gold
[09/17/20 12:34:05] D2BS 31832: move retry 1
[09/17/20 12:34:14] D2BS 31832: move retry 1
[09/17/20 12:34:18] D2BS 31832: move retry 1
[09/17/20 12:34:21] D2BS 31832: move retry 1
[09/17/20 12:34:25] D2BS 31832: move retry 2
[09/17/20 12:34:26] D2BS 31832: move retry 3
[09/17/20 12:34:28] D2BS 31832: move retry 1
[09/17/20 12:34:31] D2BS 31832: move retry 1
[09/17/20 12:35:31] D2BS 31832: ÿc7Picked up ÿc4192 Gold
[09/17/20 12:35:31] D2BS 31832: ÿc7Picked up ÿc4295 Gold
[09/17/20 12:35:35] D2BS 31832: ÿc7Picked up ÿc1Super Healing Potion ÿc0(ilvl 1) (LateGame.nip #33)
[09/17/20 12:36:03] D2BS 31832: move retry 1
[09/17/20 12:36:18] D2BS 31832: move retry 1
[09/17/20 12:36:23] D2BS 31832: move retry 1
[09/17/20 12:36:25] D2BS 31832: ÿc7Picked up ÿc4503 Gold
[09/17/20 12:36:44] D2BS 31832: ÿc7Picked up ÿc4121 Gold
[09/17/20 12:37:28] D2BS 31832: move retry 1
[09/17/20 12:37:42] D2BS 31832: ÿc1Skipping Catapult 3327 16
[09/17/20 12:38:08] D2BS 31832: move retry 1
[09/17/20 12:39:10] D2BS 31832: move retry 1
[09/17/20 12:39:48] D2BS 31832: ÿc7Picked up ÿc3Two-Handed Sword ÿc0(ilvl 62) (Auradin.xpac.nip #2)
[09/17/20 12:39:52] D2BS 31832: move retry 1
[09/17/20 12:40:04] D2BS 31832: ÿc7Picked up ÿc494 Gold
[09/17/20 12:40:08] D2BS 31832: ÿc7Picked up ÿc4164 Gold
[09/17/20 12:40:14] D2BS 31832: move retry 1
[09/17/20 12:41:05] D2BS 31832: move retry 1
[09/17/20 12:41:07] D2BS 31832: move retry 1
[09/17/20 12:41:11] D2BS 31832: move retry 1
[09/17/20 12:41:23] D2BS 31832: move retry 1
[09/17/20 12:41:24] D2BS 31832: move retry 2
[09/17/20 12:41:27] D2BS 31832: move retry 3
[09/17/20 12:41:33] D2BS 31832: move retry 1
[09/17/20 12:41:36] D2BS 31832: move retry 1
[09/17/20 12:41:56] D2BS 31832: move retry 1
[09/17/20 12:42:25] D2BS 31832: move retry 1
[09/17/20 12:43:03] D2BS 31832: ÿc7Picked up ÿc4299 Gold
[09/17/20 12:43:06] D2BS 31832: move retry 1
[09/17/20 12:43:15] D2BS 31832: ÿc7Picked up ÿc4190 Gold
[09/17/20 12:43:20] D2BS 31832: ÿc7Picked up ÿc1Healing Potion ÿc0(ilvl 1) (MidGame.nip #21)
[09/17/20 12:43:29] D2BS 31832: ÿc7Picked up ÿc4139 Gold
[09/17/20 12:43:41] D2BS 31832: ÿc7Picked up ÿc4340 Gold
[09/17/20 12:44:00] D2BS 31832: initNPC: identify
[09/17/20 12:44:21] D2BS 31832: ÿc4MiniShopBotÿc0: Scanning 70 items.
[09/17/20 12:44:22] D2BS 31832: initNPC: buyPotions
[09/17/20 12:44:23] D2BS 31832: initNPC: repair
[09/17/20 12:46:22] D2BS 31832: move retry 1
[09/17/20 12:46:25] D2BS 31832: move retry 1
[09/17/20 12:46:29] D2BS 31832: move retry 1
[09/17/20 12:46:36] D2BS 31832: move retry 1
[09/17/20 12:46:51] D2BS 31832: ÿc7Picked up ÿc4138 Gold
[09/17/20 12:47:35] D2BS 31832: move retry 1
[09/17/20 12:47:38] D2BS 31832: move retry 1
[09/17/20 12:47:42] D2BS 31832: move retry 1
[09/17/20 12:47:50] D2BS 31832: ÿc7Picked up ÿc1Greater Healing Potion ÿc0(ilvl 1) (MidGame.nip #23)
[09/17/20 12:47:53] D2BS 31832: move retry 1
[09/17/20 12:48:08] D2BS 31832: move retry 1
[09/17/20 12:48:13] D2BS 31832: move retry 1
[09/17/20 12:48:30] D2BS 31832: ÿc7Picked up ÿc4327 Gold
[09/17/20 12:48:58] D2BS 31832: move retry 1
[09/17/20 12:49:09] D2BS 31832: move retry 1
[09/17/20 12:49:12] D2BS 31832: move retry 1
[09/17/20 12:49:14] D2BS 31832: move retry 2
[09/17/20 12:49:15] D2BS 31832: move retry 3
[09/17/20 12:49:18] D2BS 31832: move retry 1
[09/17/20 12:49:35] D2BS 31832: ÿc7Picked up ÿc4206 Gold
[09/17/20 12:50:04] D2BS 31832: ÿc7Picked up ÿc4447 Gold
[09/17/20 12:50:50] D2BS 31832: ÿc7Picked up ÿc4536 Gold
[09/17/20 12:51:05] D2BS 31832: 111,110
[09/17/20 12:51:50] D2BS 31832: move retry 1
[09/17/20 12:51:56] D2BS 31832: ÿc7Picked up ÿc4315 Gold
[09/17/20 12:52:56] D2BS 31832: move retry 1
[09/17/20 12:53:24] D2BS 31832: move retry 1
[09/17/20 12:53:56] D2BS 31832: move retry 1
[09/17/20 12:53:59] D2BS 31832: move retry 1
[09/17/20 12:54:02] D2BS 31832: move retry 1
[09/17/20 12:54:08] D2BS 31832: move retry 1
[09/17/20 12:54:12] D2BS 31832: move retry 1
[09/17/20 12:54:26] D2BS 31832: move retry 1
[09/17/20 12:55:00] D2BS 31832: ÿc1Skipping Slinger 3680 16
[09/17/20 12:55:10] D2BS 31832: ÿc1Skipping Demon Imp 3728 16
[09/17/20 12:55:21] D2BS 31832: ÿc1Skipping Demon Imp 3734 16
[09/17/20 12:55:30] D2BS 31832: ÿc1Skipping Demon Imp 3733 16
[09/17/20 12:55:46] D2BS 31832: ÿc1Skipping Demon Imp 3755 16
[09/17/20 12:55:48] D2BS 31832: ÿc1Pausing.
[09/17/20 12:55:48] D2BS 31832: initNPC: heal
[09/17/20 12:55:57] D2BS 31832: initNPC: identify
[09/17/20 12:56:00] D2BS 31832: ÿc4MiniShopBotÿc0: Scanning 53 items.
[09/17/20 12:56:00] D2BS 31832: initNPC: buyPotions
[09/17/20 12:56:01] D2BS 31832: initNPC: reviveMerc
[09/17/20 12:56:25] D2BS 31832: ÿc2Resuming.
[09/17/20 12:57:12] D2BS 31832: ÿc1Skipping Demon Imp 3750 16
[09/17/20 12:57:17] D2BS 31832: ÿc1Pausing.
[09/17/20 12:57:17] D2BS 31832: initNPC: heal
[09/17/20 12:57:22] D2BS 31832: initNPC: buyPotions
[09/17/20 12:57:32] D2BS 31832: waypoint retry 1
[09/17/20 12:57:34] D2BS 31832: 109
[09/17/20 12:57:41] D2BS 31832: initNPC: reviveMerc
[09/17/20 12:57:55] D2BS 31832: ÿc2Resuming.
[09/17/20 12:57:55] D2BS 31832: ÿc1Skipping Demon Imp 3770 16
[09/17/20 12:58:18] D2BS 31832: ÿc1Skipping Demon Imp 3770 16
[09/17/20 12:58:27] D2BS 31832: ÿc1Pausing.
[09/17/20 12:58:27] D2BS 31832: initNPC: heal
[09/17/20 12:58:31] D2BS 31832: initNPC: buyPotions
[09/17/20 12:58:36] D2BS 31832: 109
[09/17/20 12:58:48] D2BS 31832: initNPC: reviveMerc
[09/17/20 12:59:04] D2BS 31832: ÿc2Resuming.
[09/17/20 12:59:08] D2BS 31832: ÿc1Skipping Returned Mage 3674 16
[09/17/20 12:59:14] D2BS 31832: Script default.dbj ended
[09/17/20 12:59:14] D2BS 31832: Script tools\autobuildthread.js ended
[09/17/20 12:59:14] D2BS 31832: Script tools\party.js ended
[09/17/20 12:59:14] D2BS 31832: Script tools\townchicken.js ended
[09/17/20 12:59:21] D2BS 31832: ÿc2D2BSÿc0 :: Starting default.dbj
[09/17/20 12:59:21] D2BS 31832: ÿc2D2BSÿc0 :: default.dbj running.
[09/17/20 12:59:21] D2BS 31832: AutoBuild: Including build template config/builds/paladin.auradin.js into default.dbj
[09/17/20 12:59:21] D2BS 31832: Updating Config from level 0 to 64
[09/17/20 12:59:21] D2BS 31832: ÿc4Loaded NIP: ÿc2LateGame.nipÿc4. Lines: ÿc277ÿc4. Valid entries: ÿc250. ÿc4Time: ÿc20 ms
[09/17/20 12:59:21] D2BS 31832: ÿc4Loaded NIP: ÿc2MidGame.nipÿc4. Lines: ÿc254ÿc4. Valid entries: ÿc233. ÿc4Time: ÿc20 ms
[09/17/20 12:59:21] D2BS 31832: ÿc4Loaded NIP: ÿc2AuradinRunes.nipÿc4. Lines: ÿc222ÿc4. Valid entries: ÿc212. ÿc4Time: ÿc20 ms
[09/17/20 12:59:21] D2BS 31832: ÿc4Loaded NIP: ÿc2Auradin.xpac.nipÿc4. Lines: ÿc2122ÿc4. Valid entries: ÿc2105. ÿc4Time: ÿc215 ms
[09/17/20 12:59:21] D2BS 31832: ÿc4Loaded NIP: ÿc2Merc.xpac.nipÿc4. Lines: ÿc230ÿc4. Valid entries: ÿc220. ÿc4Time: ÿc20 ms
[09/17/20 12:59:21] D2BS 31832: AutoBuild: Including build template config/builds/paladin.auradin.js into tools\autobuildthread.js
[09/17/20 12:59:21] D2BS 31832: Updating Config from level 0 to 64
[09/17/20 12:59:21] D2BS 31832: AutoBuild: Loaded helper thread
[09/17/20 12:59:21] D2BS 31832: AutoBuild: Including build template config/builds/paladin.auradin.js into tools\party.js
[09/17/20 12:59:21] D2BS 31832: Updating Config from level 0 to 64
[09/17/20 12:59:21] D2BS 31832: ÿc2Party thread loaded. Mode: Accept
[09/17/20 12:59:21] D2BS 31832: AutoBuild: Including build template config/builds/paladin.auradin.js into tools\townchicken.js
[09/17/20 12:59:21] D2BS 31832: Updating Config from level 0 to 64
[09/17/20 12:59:21] D2BS 31832: ÿc3Start ToolsThread script
[09/17/20 12:59:21] D2BS 31832: AutoBuild: Including build template config/builds/paladin.auradin.js into tools\toolsthread.js
[09/17/20 12:59:21] D2BS 31832: Updating Config from level 0 to 64
[09/17/20 12:59:26] D2BS 31832: 109
[09/17/20 12:59:27] D2BS 31832: move retry 1
[09/17/20 12:59:33] D2BS 31832: ÿc2Starting script: ÿc9LevelFollower
[09/17/20 12:59:33] D2BS 31832: initNPC: heal
[09/17/20 12:59:42] D2BS 31832: initNPC: buyPotions
[09/17/20 12:59:44] D2BS 31832: 109
[09/17/20 13:00:34] D2BS 31832: ÿc1Skipping Slinger 3937 16
[09/17/20 13:00:58] D2BS 31832: ÿc1Skipping Slinger 3741 16
[09/17/20 13:01:50] D2BS 31832: move retry 1
[09/17/20 13:01:52] D2BS 31832: move retry 2
[09/17/20 13:01:56] D2BS 31832: move retry 3
[09/17/20 13:02:04] D2BS 31832: move retry 1
[09/17/20 13:02:08] D2BS 31832: move retry 2
[09/17/20 13:02:29] D2BS 31832: move retry 1
[09/17/20 13:02:31] D2BS 31832: move retry 2
[09/17/20 13:02:36] D2BS 31832: move retry 1
[09/17/20 13:02:38] D2BS 31832: move retry 1
[09/17/20 13:02:43] D2BS 31832: move retry 1
[09/17/20 13:02:46] D2BS 31832: move retry 1
[09/17/20 13:02:51] D2BS 31832: move retry 1
[09/17/20 13:02:55] D2BS 31832: move retry 1
[09/17/20 13:03:04] D2BS 31832: move retry 1
[09/17/20 13:03:07] D2BS 31832: move retry 1
[09/17/20 13:03:26] D2BS 31832: ÿc7Picked up ÿc4284 Gold
[09/17/20 13:03:42] D2BS 31832: ÿc7Picked up ÿc4312 Gold
[09/17/20 13:04:00] D2BS 31832: move retry 1
[09/17/20 13:04:24] D2BS 31832: move retry 1
[09/17/20 13:04:27] D2BS 31832: move retry 1
[09/17/20 13:04:31] D2BS 31832: move retry 1
[09/17/20 13:04:33] D2BS 31832: move retry 1
[09/17/20 13:04:37] D2BS 31832: move retry 1
[09/17/20 13:04:39] D2BS 31832: move retry 2
[09/17/20 13:04:44] D2BS 31832: move retry 1
[09/17/20 13:04:45] D2BS 31832: move retry 2
[09/17/20 13:05:01] D2BS 31832: ÿc7Picked up ÿc4327 Gold
[09/17/20 13:05:19] D2BS 31832: Script default.dbj ended
[09/17/20 13:05:19] D2BS 31832: Script tools\autobuildthread.js ended
[09/17/20 13:05:19] D2BS 31832: Script tools\party.js ended
[09/17/20 13:05:19] D2BS 31832: Script tools\toolsthread.js ended
[09/17/20 13:05:19] D2BS 31832: Script tools\townchicken.js ended
[09/17/20 13:05:27] D2BS 31832: ÿc2D2BSÿc0 :: Starting default.dbj
[09/17/20 13:05:27] D2BS 31832: ÿc2D2BSÿc0 :: default.dbj running.
[09/17/20 13:05:27] D2BS 31832: AutoBuild: Including build template config/builds/paladin.auradin.js into default.dbj
[09/17/20 13:05:27] D2BS 31832: Updating Config from level 0 to 64
[09/17/20 13:05:27] D2BS 31832: ÿc4Loaded NIP: ÿc2LateGame.nipÿc4. Lines: ÿc277ÿc4. Valid entries: ÿc250. ÿc4Time: ÿc216 ms
[09/17/20 13:05:27] D2BS 31832: ÿc4Loaded NIP: ÿc2MidGame.nipÿc4. Lines: ÿc254ÿc4. Valid entries: ÿc233. ÿc4Time: ÿc20 ms
[09/17/20 13:05:27] D2BS 31832: ÿc4Loaded NIP: ÿc2AuradinRunes.nipÿc4. Lines: ÿc222ÿc4. Valid entries: ÿc212. ÿc4Time: ÿc20 ms
[09/17/20 13:05:27] D2BS 31832: ÿc4Loaded NIP: ÿc2Auradin.xpac.nipÿc4. Lines: ÿc2122ÿc4. Valid entries: ÿc2105. ÿc4Time: ÿc20 ms
[09/17/20 13:05:27] D2BS 31832: ÿc4Loaded NIP: ÿc2Merc.xpac.nipÿc4. Lines: ÿc230ÿc4. Valid entries: ÿc220. ÿc4Time: ÿc215 ms
[09/17/20 13:05:27] D2BS 31832: AutoBuild: Including build template config/builds/paladin.auradin.js into tools\autobuildthread.js
[09/17/20 13:05:27] D2BS 31832: Updating Config from level 0 to 64
[09/17/20 13:05:27] D2BS 31832: AutoBuild: Loaded helper thread
[09/17/20 13:05:27] D2BS 31832: AutoBuild: Including build template config/builds/paladin.auradin.js into tools\party.js
[09/17/20 13:05:27] D2BS 31832: Updating Config from level 0 to 64
[09/17/20 13:05:27] D2BS 31832: ÿc2Party thread loaded. Mode: Accept
[09/17/20 13:05:27] D2BS 31832: AutoBuild: Including build template config/builds/paladin.auradin.js into tools\townchicken.js
[09/17/20 13:05:27] D2BS 31832: Updating Config from level 0 to 64
[09/17/20 13:05:27] D2BS 31832: ÿc3Start ToolsThread script
[09/17/20 13:05:27] D2BS 31832: AutoBuild: Including build template config/builds/paladin.auradin.js into tools\toolsthread.js
[09/17/20 13:05:27] D2BS 31832: Updating Config from level 0 to 64
[09/17/20 13:05:31] D2BS 31832: 109
[09/17/20 13:05:39] D2BS 31832: ÿc2Starting script: ÿc9LevelFollower
[09/17/20 13:05:39] D2BS 31832: initNPC: heal
[09/17/20 13:05:49] D2BS 31832: initNPC: buyPotions
[09/17/20 13:05:54] D2BS 31832: 109
[09/17/20 13:05:55] D2BS 31832: move retry 1
[09/17/20 13:06:05] D2BS 31832: initNPC: reviveMerc
[09/17/20 13:06:53] D2BS 31832: ÿc7Picked up ÿc4359 Gold
[09/17/20 13:06:53] D2BS 31832: ÿc7Picked up ÿc4305 Gold
[09/17/20 13:07:03] D2BS 31832: move retry 1
[09/17/20 13:07:09] D2BS 31832: move retry 1
[09/17/20 13:08:03] D2BS 31832: move retry 1
[09/17/20 13:08:07] D2BS 31832: move retry 1
[09/17/20 13:08:12] D2BS 31832: move retry 1
[09/17/20 13:08:14] D2BS 31832: move retry 2
[09/17/20 13:08:16] D2BS 31832: move retry 1
[09/17/20 13:08:18] D2BS 31832: move retry 2
[09/17/20 13:08:28] D2BS 31832: ÿc7Picked up ÿc4281 Gold
[09/17/20 13:08:30] D2BS 31832: ÿc7Picked up ÿc1Super Healing Potion ÿc0(ilvl 1) (LateGame.nip #33)
[09/17/20 13:08:31] D2BS 31832: ÿc7Picked up ÿc4303 Gold
[09/17/20 13:08:32] D2BS 31832: move retry 1
[09/17/20 13:08:47] D2BS 31832: ÿc7Picked up ÿc;Rejuvenation Potion ÿc0(ilvl 1) (LateGame.nip #34)
[09/17/20 13:08:48] D2BS 31832: ÿc7Picked up ÿc3Ring ÿc0(ilvl 63) (Auradin.xpac.nip #101)
[09/17/20 13:08:57] D2BS 31832: AutoBuild: Stat points: 5      Skill points: 3
[09/17/20 13:08:57] D2BS 31832: AutoBuild: Level up detected ( 64 --> 65 )
[09/17/20 13:08:57] D2BS 31832: AutoBuild: useSkillPoint(): Fanaticism (122)
[09/17/20 13:08:57] D2BS 31832: AutoBuild: Skill (1/1) Increased Fanaticism (122) by one (level:  9)
[09/17/20 13:08:57] D2BS 31832: AutoBuild: useStatPoint(0): Strength
[09/17/20 13:08:57] D2BS 31832: ÿc7Picked up ÿc4296 Gold
[09/17/20 13:08:57] D2BS 31832: AutoBuild: Stat (1/5) Increased Strength from 89 to 90
[09/17/20 13:08:57] D2BS 31832: AutoBuild: useStatPoint(2): Dexterity
[09/17/20 13:08:57] D2BS 31832: AutoBuild: Stat (2/5) Increased Dexterity from 86 to 87
[09/17/20 13:08:57] D2BS 31832: AutoBuild: useStatPoint(3): Vitality
[09/17/20 13:08:57] D2BS 31832: AutoBuild: Stat (3/5) Increased Vitality from 227 to 228
[09/17/20 13:08:57] D2BS 31832: AutoBuild: useStatPoint(3): Vitality
[09/17/20 13:08:57] D2BS 31832: AutoBuild: Stat (4/5) Increased Vitality from 228 to 229
[09/17/20 13:08:57] D2BS 31832: AutoBuild: useStatPoint(3): Vitality
[09/17/20 13:08:58] D2BS 31832: AutoBuild: Stat (5/5) Increased Vitality from 229 to 230
[09/17/20 13:08:58] D2BS 31832: AutoBuild: Updating Config from level 64 to 65
[09/17/20 13:08:58] D2BS 31832: Updating Config from level 64 to 65
[09/17/20 13:08:58] D2BS 31832: Updating Config from level 64 to 65
[09/17/20 13:08:58] D2BS 31832: Updating Config from level 64 to 65
[09/17/20 13:08:58] D2BS 31832: Updating Config from level 64 to 65
[09/17/20 13:08:58] D2BS 31832: AutoBuild: Incrementing cached character level to 65
[09/17/20 13:09:26] D2BS 31832: ÿc7Picked up ÿc0Scroll of Town Portal ÿc7(14/20)
[09/17/20 13:09:33] D2BS 31832: ÿc7Picked up ÿc4312 Gold
[09/17/20 13:09:34] D2BS 31832: ÿc7Picked up ÿc4198 Gold
[09/17/20 13:09:40] D2BS 31832: ÿc7Picked up ÿc489 Gold
[09/17/20 13:09:43] D2BS 31832: ÿc7Picked up ÿc4337 Gold
[09/17/20 13:09:48] D2BS 31832: ÿc7Picked up ÿc4277 Gold
[09/17/20 13:09:57] D2BS 31832: move retry 1
[09/17/20 13:10:04] D2BS 31832: ÿc1Skipping Blood Bringer 306 16
[09/17/20 13:10:07] D2BS 31832: ÿc7Picked up ÿc1Super Healing Potion ÿc0(ilvl 1) (LateGame.nip #33)
[09/17/20 13:10:09] D2BS 31832: move retry 1
[09/17/20 13:10:15] D2BS 31832: move retry 1
[09/17/20 13:10:29] D2BS 31832: ÿc7Picked up ÿc3Rune Sword ÿc0(ilvl 63) (Auradin.xpac.nip #2)
[09/17/20 13:10:29] D2BS 31832: ÿc7Picked up ÿc;Rejuvenation Potion ÿc0(ilvl 1) (LateGame.nip #34)
[09/17/20 13:10:29] D2BS 31832: ÿc7Picked up ÿc1Super Healing Potion ÿc0(ilvl 1) (LateGame.nip #33)
[09/17/20 13:10:29] D2BS 31832: ÿc7Picked up ÿc1Super Healing Potion ÿc0(ilvl 1) (LateGame.nip #33)
[09/17/20 13:10:39] D2BS 31832: initNPC: identify
[09/17/20 13:10:50] D2BS 31832: ÿc4MiniShopBotÿc0: Scanning 49 items.
[09/17/20 13:10:51] D2BS 31832: 109
[09/17/20 13:11:02] D2BS 31832: initNPC: repair
[09/17/20 13:11:32] D2BS 31832: move retry 1
[09/17/20 13:13:47] D2BS 31832: ÿc7Picked up ÿc4286 Gold
[09/17/20 13:13:51] D2BS 31832: move retry 1
[09/17/20 13:13:53] D2BS 31832: move retry 1
[09/17/20 13:14:36] D2BS 31832: move retry 1
[09/17/20 13:15:40] D2BS 31832: ÿc1Skipping Fire Boar 360 16
[09/17/20 13:15:49] D2BS 31832: move retry 1
[09/17/20 13:16:01] D2BS 31832: move retry 1
[09/17/20 13:16:04] D2BS 31832: move retry 1
[09/17/20 13:16:06] D2BS 31832: move retry 1
[09/17/20 13:16:08] D2BS 31832: move retry 1
[09/17/20 13:16:10] D2BS 31832: move retry 1
[09/17/20 13:16:19] D2BS 31832: move retry 1
[09/17/20 13:16:20] D2BS 31832: move retry 2
[09/17/20 13:16:28] D2BS 31832: move retry 1
[09/17/20 13:16:31] D2BS 31832: move retry 1
[09/17/20 13:16:34] D2BS 31832: move retry 1
[09/17/20 13:16:37] D2BS 31832: move retry 1
[09/17/20 13:16:40] D2BS 31832: move retry 1
[09/17/20 13:16:57] D2BS 31832: move retry 1
[09/17/20 13:17:00] D2BS 31832: move retry 2
[09/17/20 13:17:03] D2BS 31832: move retry 1
[09/17/20 13:17:06] D2BS 31832: move retry 2
[09/17/20 13:17:09] D2BS 31832: move retry 1
[09/17/20 13:17:13] D2BS 31832: move retry 2
[09/17/20 13:18:00] D2BS 31832: move retry 1
[09/17/20 13:18:17] D2BS 31832: 112,113
[09/17/20 13:18:42] D2BS 31832: ÿc7Picked up ÿc3Ring ÿc0(ilvl 61) (Auradin.xpac.nip #101)
[09/17/20 13:18:43] D2BS 31832: move retry 1
[09/17/20 13:18:50] D2BS 31832: ÿc7Picked up ÿc4158 Gold
[09/17/20 13:18:53] D2BS 31832: move retry 1
[09/17/20 13:18:57] D2BS 31832: ÿc7Picked up ÿc4139 Gold
[09/17/20 13:18:58] D2BS 31832: move retry 1
[09/17/20 13:19:36] D2BS 31832: ÿc7Picked up ÿc3Flanged Mace ÿc0(ilvl 64) (Auradin.xpac.nip #2)
[09/17/20 13:19:36] D2BS 31832: ÿc7Picked up ÿc1Greater Healing Potion ÿc0(ilvl 1) (MidGame.nip #23)
[09/17/20 13:19:41] D2BS 31832: move retry 1
[09/17/20 13:20:01] D2BS 31832: move retry 1
[09/17/20 13:20:04] D2BS 31832: move retry 1
[09/17/20 13:20:19] D2BS 31832: ÿc7Picked up ÿc4495 Gold
[09/17/20 13:20:46] D2BS 31832: ÿc7Picked up ÿc41780 Gold
[09/17/20 13:21:28] D2BS 31832: move retry 1
[09/17/20 13:21:33] D2BS 31832: ÿc7Picked up ÿc0Scroll of Town Portal ÿc7(14/20)
[09/17/20 13:21:38] D2BS 31832: move retry 1
[09/17/20 13:21:38] D2BS 31832: move retry 1
[09/17/20 13:22:17] D2BS 31832: ÿc7Picked up ÿc0Scroll of Town Portal ÿc7(14/20)
[09/17/20 13:22:20] D2BS 31832: move retry 1
[09/17/20 13:22:24] D2BS 31832: ÿc7Picked up ÿc3Amulet ÿc0(ilvl 61) (LateGame.nip #29)
[09/17/20 13:22:37] D2BS 31832: ÿc7Picked up ÿc0Scroll of Town Portal ÿc7(15/20)
[09/17/20 13:22:49] D2BS 31832: move retry 1
[09/17/20 13:23:33] D2BS 31832: move retry 1
[09/17/20 13:23:43] D2BS 31832: move retry 1
[09/17/20 13:24:21] D2BS 31832: move retry 1
[09/17/20 13:25:03] D2BS 31832: ÿc7Picked up ÿc4145 Gold
[09/17/20 13:25:42] D2BS 31832: ÿc7Picked up ÿc4100 Gold
[09/17/20 13:25:43] D2BS 31832: move retry 1
[09/17/20 13:25:46] D2BS 31832: move retry 1
[09/17/20 13:26:27] D2BS 31832: move retry 1
[09/17/20 13:27:31] D2BS 31832: 113,114
[09/17/20 13:27:47] D2BS 31832: move retry 1
[09/17/20 13:27:56] D2BS 31832: ÿc7Picked up ÿc0Scroll of Town Portal ÿc7(15/20)
[09/17/20 13:28:03] D2BS 31832: ÿc7Picked up ÿc4363 Gold
[09/17/20 13:28:03] D2BS 31832: ÿc7Picked up ÿc4250 Gold
[09/17/20 13:28:12] D2BS 31832: ÿc7Picked up ÿc1Greater Healing Potion ÿc0(ilvl 1) (MidGame.nip #23)
[09/17/20 13:28:12] D2BS 31832: ÿc7Picked up ÿc1Greater Healing Potion ÿc0(ilvl 1) (MidGame.nip #23)
[09/17/20 13:28:40] D2BS 31832: ÿc7Picked up ÿc4188 Gold
[09/17/20 13:28:41] D2BS 31832: move retry 1
[09/17/20 13:28:44] D2BS 31832: ÿc7Picked up ÿc0Scroll of Town Portal ÿc7(15/20)
[09/17/20 13:29:08] D2BS 31832: move retry 1
[09/17/20 13:29:11] D2BS 31832: ÿc7Picked up ÿc4265 Gold
[09/17/20 13:29:11] D2BS 31832: ÿc7Picked up ÿc4151 Gold
[09/17/20 13:29:19] D2BS 31832: ÿc7Picked up ÿc4219 Gold
[09/17/20 13:29:31] D2BS 31832: move retry 1
[09/17/20 13:30:08] D2BS 31832: ÿc1Skipping Snow Drifter 855 16
[09/17/20 13:30:16] D2BS 31832: move retry 1
[09/17/20 13:30:24] D2BS 31832: ÿc1Skipping Snow Drifter 854 16
[09/17/20 13:30:32] D2BS 31832: ÿc7Picked up ÿc4232 Gold
[09/17/20 13:30:48] D2BS 31832: Script default.dbj ended
[09/17/20 13:30:48] D2BS 31832: Script tools\autobuildthread.js ended
[09/17/20 13:30:48] D2BS 31832: Script tools\party.js ended
[09/17/20 13:30:48] D2BS 31832: Script tools\toolsthread.js ended
[09/17/20 13:30:48] D2BS 31832: Script tools\townchicken.js ended
[09/17/20 13:30:56] D2BS 31832: ÿc2D2BSÿc0 :: Starting default.dbj
[09/17/20 13:30:56] D2BS 31832: ÿc2D2BSÿc0 :: default.dbj running.
[09/17/20 13:30:56] D2BS 31832: AutoBuild: Including build template config/builds/paladin.auradin.js into default.dbj
[09/17/20 13:30:56] D2BS 31832: Updating Config from level 0 to 65
[09/17/20 13:30:56] D2BS 31832: ÿc4Loaded NIP: ÿc2LateGame.nipÿc4. Lines: ÿc277ÿc4. Valid entries: ÿc250. ÿc4Time: ÿc20 ms
[09/17/20 13:30:56] D2BS 31832: ÿc4Loaded NIP: ÿc2MidGame.nipÿc4. Lines: ÿc254ÿc4. Valid entries: ÿc233. ÿc4Time: ÿc20 ms
[09/17/20 13:30:56] D2BS 31832: ÿc4Loaded NIP: ÿc2AuradinRunes.nipÿc4. Lines: ÿc222ÿc4. Valid entries: ÿc212. ÿc4Time: ÿc20 ms
[09/17/20 13:30:56] D2BS 31832: ÿc4Loaded NIP: ÿc2Auradin.xpac.nipÿc4. Lines: ÿc2122ÿc4. Valid entries: ÿc2105. ÿc4Time: ÿc216 ms
[09/17/20 13:30:56] D2BS 31832: ÿc4Loaded NIP: ÿc2Merc.xpac.nipÿc4. Lines: ÿc230ÿc4. Valid entries: ÿc220. ÿc4Time: ÿc20 ms
[09/17/20 13:30:56] D2BS 31832: AutoBuild: Including build template config/builds/paladin.auradin.js into tools\autobuildthread.js
[09/17/20 13:30:56] D2BS 31832: Updating Config from level 0 to 65
[09/17/20 13:30:56] D2BS 31832: AutoBuild: Loaded helper thread
[09/17/20 13:30:56] D2BS 31832: AutoBuild: Including build template config/builds/paladin.auradin.js into tools\party.js
[09/17/20 13:30:56] D2BS 31832: Updating Config from level 0 to 65
[09/17/20 13:30:56] D2BS 31832: ÿc2Party thread loaded. Mode: Accept
[09/17/20 13:30:56] D2BS 31832: AutoBuild: Including build template config/builds/paladin.auradin.js into tools\townchicken.js
[09/17/20 13:30:56] D2BS 31832: Updating Config from level 0 to 65
[09/17/20 13:30:56] D2BS 31832: ÿc3Start ToolsThread script
[09/17/20 13:30:56] D2BS 31832: AutoBuild: Including build template config/builds/paladin.auradin.js into tools\toolsthread.js
[09/17/20 13:30:56] D2BS 31832: Updating Config from level 0 to 65
[09/17/20 13:31:01] D2BS 31832: 109
[09/17/20 13:31:08] D2BS 31832: ÿc2Starting script: ÿc9LevelFollower
[09/17/20 13:31:08] D2BS 31832: initNPC: heal
[09/17/20 13:31:17] D2BS 31832: initNPC: identify
[09/17/20 13:31:24] D2BS 31832: ÿc4MiniShopBotÿc0: Scanning 56 items.
[09/17/20 13:31:24] D2BS 31832: initNPC: buyPotions
[09/17/20 13:31:28] D2BS 31832: 109
[09/17/20 13:31:38] D2BS 31832: initNPC: reviveMerc
[09/17/20 13:32:05] D2BS 31832: 109
[09/17/20 13:32:53] D2BS 31832: ÿc7Picked up ÿc4164 Gold
[09/17/20 13:32:54] D2BS 31832: ÿc7Picked up ÿc4416 Gold
[09/17/20 13:33:04] D2BS 31832: ÿc7Picked up ÿc1Super Healing Potion ÿc0(ilvl 1) (LateGame.nip #33)
[09/17/20 13:33:10] D2BS 31832: ÿc7Picked up ÿc4359 Gold
[09/17/20 13:33:11] D2BS 31832: ÿc7Picked up ÿc4583 Gold
[09/17/20 13:33:26] D2BS 31832: move retry 1
[09/17/20 13:33:28] D2BS 31832: ÿc7Picked up ÿc1Super Healing Potion ÿc0(ilvl 1) (LateGame.nip #33)
[09/17/20 13:33:53] D2BS 31832: ÿc7Picked up ÿc4351 Gold
[09/17/20 13:34:06] D2BS 31832: ÿc7Picked up ÿc480 Gold
[09/17/20 13:34:07] D2BS 31832: move retry 1
[09/17/20 13:34:30] D2BS 31832: ÿc7Picked up ÿc4224 Gold
[09/17/20 13:34:43] D2BS 31832: ÿc7Picked up ÿc4440 Gold
[09/17/20 13:34:48] D2BS 31832: ÿc7Picked up ÿc4314 Gold
[09/17/20 13:34:53] D2BS 31832: ÿc7Picked up ÿc4175 Gold
[09/17/20 13:34:54] D2BS 31832: ÿc7Picked up ÿc4157 Gold
[09/17/20 13:35:09] D2BS 31832: ÿc7Picked up ÿc4201 Gold
[09/17/20 13:35:20] D2BS 31832: move retry 1
[09/17/20 13:35:47] D2BS 31832: ÿc1Skipping Bone Mage 148 16
[09/17/20 13:35:53] D2BS 31832: ÿc7Picked up ÿc4131 Gold
[09/17/20 13:36:04] D2BS 31832: ÿc7Picked up ÿc4222 Gold
[09/17/20 13:36:55] D2BS 31832: ÿc7Picked up ÿc4135 Gold
[09/17/20 13:37:08] D2BS 31832: move retry 1
[09/17/20 13:37:51] D2BS 31832: ÿc7Picked up ÿc4382 Gold
[09/17/20 13:37:51] D2BS 31832: ÿc7Picked up ÿc4186 Gold
[09/17/20 13:37:52] D2BS 31832: move retry 1
[09/17/20 13:38:14] D2BS 31832: move retry 1
[09/17/20 13:38:24] D2BS 31832: ÿc7Picked up ÿc0Scroll of Town Portal ÿc7(15/20)
[09/17/20 13:40:18] D2BS 31832: move retry 1
[09/17/20 13:40:45] D2BS 31832: ÿc7Picked up ÿc4237 Gold
[09/17/20 13:40:55] D2BS 31832: move retry 1
[09/17/20 13:41:11] D2BS 31832: ÿc7Picked up ÿc4197 Gold
[09/17/20 13:41:12] D2BS 31832: ÿc7Picked up ÿc1Super Healing Potion ÿc0(ilvl 1) (LateGame.nip #33)
[09/17/20 13:41:15] D2BS 31832: ÿc7Picked up ÿc485 Gold
[09/17/20 13:41:15] D2BS 31832: ÿc7Picked up ÿc3Axe ÿc0(ilvl 61) (Auradin.xpac.nip #6)
[09/17/20 13:41:19] D2BS 31832: move retry 1
[09/17/20 13:42:12] D2BS 31832: move retry 1
[09/17/20 13:42:28] D2BS 31832: 113,114
[09/17/20 13:42:41] D2BS 31832: move retry 1
[09/17/20 13:42:46] D2BS 31832: AutoBuild: Stat points: 5      Skill points: 3
[09/17/20 13:42:46] D2BS 31832: AutoBuild: Level up detected ( 65 --> 66 )
[09/17/20 13:42:46] D2BS 31832: AutoBuild: useSkillPoint(): Fanaticism (122)
[09/17/20 13:42:47] D2BS 31832: AutoBuild: Skill (1/1) Increased Fanaticism (122) by one (level:  10)
[09/17/20 13:42:47] D2BS 31832: AutoBuild: useStatPoint(0): Strength
[09/17/20 13:42:47] D2BS 31832: AutoBuild: Stat (1/5) Increased Strength from 90 to 91
[09/17/20 13:42:47] D2BS 31832: AutoBuild: useStatPoint(2): Dexterity
[09/17/20 13:42:47] D2BS 31832: AutoBuild: Stat (2/5) Increased Dexterity from 87 to 88
[09/17/20 13:42:47] D2BS 31832: AutoBuild: useStatPoint(3): Vitality
[09/17/20 13:42:47] D2BS 31832: AutoBuild: Stat (3/5) Increased Vitality from 230 to 231
[09/17/20 13:42:47] D2BS 31832: AutoBuild: useStatPoint(3): Vitality
[09/17/20 13:42:47] D2BS 31832: AutoBuild: Stat (4/5) Increased Vitality from 231 to 232
[09/17/20 13:42:47] D2BS 31832: AutoBuild: useStatPoint(3): Vitality
[09/17/20 13:42:47] D2BS 31832: AutoBuild: Stat (5/5) Increased Vitality from 232 to 233
[09/17/20 13:42:47] D2BS 31832: Updating Config from level 65 to 66
[09/17/20 13:42:47] D2BS 31832: Updating Config from level 65 to 66
[09/17/20 13:42:47] D2BS 31832: Updating Config from level 65 to 66
[09/17/20 13:42:47] D2BS 31832: Updating Config from level 65 to 66
[09/17/20 13:42:47] D2BS 31832: AutoBuild: Updating Config from level 65 to 66
[09/17/20 13:42:47] D2BS 31832: AutoBuild: Incrementing cached character level to 66
[09/17/20 13:42:54] D2BS 31832: move retry 1
[09/17/20 13:42:58] D2BS 31832: move retry 1
[09/17/20 13:43:09] D2BS 31832: ÿc7Picked up ÿc4111 Gold
[09/17/20 13:43:14] D2BS 31832: move retry 1
[09/17/20 13:43:17] D2BS 31832: ÿc7Picked up ÿc1Super Healing Potion ÿc0(ilvl 1) (LateGame.nip #33)
[09/17/20 13:43:18] D2BS 31832: move retry 1
[09/17/20 13:43:40] D2BS 31832: move retry 1
[09/17/20 13:43:49] D2BS 31832: ÿc7Picked up ÿc4145 Gold
[09/17/20 13:44:00] D2BS 31832: ÿc7Picked up ÿc4323 Gold
[09/17/20 13:44:14] D2BS 31832: ÿc7Picked up ÿc4490 Gold
[09/17/20 13:44:14] D2BS 31832: ÿc7Picked up ÿc4547 Gold
[09/17/20 13:44:14] D2BS 31832: ÿc7Picked up ÿc4149 Gold
[09/17/20 13:44:24] D2BS 31832: ÿc7Picked up ÿc4208 Gold
[09/17/20 13:44:43] D2BS 31832: ÿc7Picked up ÿc4268 Gold
[09/17/20 13:44:43] D2BS 31832: ÿc7Picked up ÿc1Greater Healing Potion ÿc0(ilvl 1) (MidGame.nip #23)
[09/17/20 13:44:45] D2BS 31832: ÿc7Picked up ÿc4102 Gold
[09/17/20 13:44:51] D2BS 31832: ÿc7Picked up ÿc3Naga ÿc0(ilvl 64) (Auradin.xpac.nip #6)
[09/17/20 13:44:51] D2BS 31832: move retry 1
[09/17/20 13:44:54] D2BS 31832: move retry 2
[09/17/20 13:45:03] D2BS 31832: move retry 1
[09/17/20 13:45:08] D2BS 31832: initNPC: identify
[09/17/20 13:45:09] D2BS 31832: move retry 1
[09/17/20 13:45:25] D2BS 31832: ÿc4MiniShopBotÿc0: Scanning 54 items.
[09/17/20 13:45:25] D2BS 31832: 109
[09/17/20 13:46:18] D2BS 31832: 113
[09/17/20 13:46:57] D2BS 31832: 113,115
[09/17/20 13:47:12] D2BS 31832: ÿc7Picked up ÿc483 Gold
[09/17/20 13:47:12] D2BS 31832: ÿc7Picked up ÿc4290 Gold
[09/17/20 13:47:19] D2BS 31832: ÿc7Picked up ÿc4116 Gold
[09/17/20 13:47:29] D2BS 31832: ÿc7Picked up ÿc4276 Gold
[09/17/20 13:47:36] D2BS 31832: ÿc7Picked up ÿc4326 Gold
[09/17/20 13:47:36] D2BS 31832: ÿc7Picked up ÿc1Greater Healing Potion ÿc0(ilvl 1) (MidGame.nip #23)
[09/17/20 13:47:40] D2BS 31832: ÿc7Picked up ÿc4156 Gold
[09/17/20 13:47:42] D2BS 31832: move retry 1
[09/17/20 13:47:44] D2BS 31832: move retry 2
[09/17/20 13:47:53] D2BS 31832: ÿc7Picked up ÿc4521 Gold
[09/17/20 13:48:41] D2BS 31832: ÿc7Picked up ÿc1Super Healing Potion ÿc0(ilvl 1) (LateGame.nip #33)
[09/17/20 13:48:57] D2BS 31832: ÿc7Picked up ÿc4179 Gold
[09/17/20 13:49:08] D2BS 31832: ÿc7Picked up ÿc4346 Gold
[09/17/20 13:49:18] D2BS 31832: ÿc7Picked up ÿc4268 Gold
[09/17/20 13:49:44] D2BS 31832: ÿc7Picked up ÿc4149 Gold
[09/17/20 13:49:55] D2BS 31832: ÿc7Picked up ÿc4514 Gold
[09/17/20 13:50:00] D2BS 31832: ÿc7Picked up ÿc4199 Gold
[09/17/20 13:50:01] D2BS 31832: ÿc7Picked up ÿc4146 Gold
[09/17/20 13:50:09] D2BS 31832: ÿc7Picked up ÿc3Heraldic Shield ÿc0(ilvl 61) (Auradin.xpac.nip #15)
[09/17/20 13:50:42] D2BS 31832: ÿc7Picked up ÿc1Super Healing Potion ÿc0(ilvl 1) (LateGame.nip #33)
[09/17/20 13:50:42] D2BS 31832: ÿc7Picked up ÿc1Super Healing Potion ÿc0(ilvl 1) (LateGame.nip #33)
[09/17/20 13:50:47] D2BS 31832: ÿc7Picked up ÿc4331 Gold
[09/17/20 13:51:12] D2BS 31832: ÿc7Picked up ÿc4296 Gold
[09/17/20 13:51:12] D2BS 31832: ÿc7Picked up ÿc4341 Gold
[09/17/20 13:51:14] D2BS 31832: ÿc7Picked up ÿc487 Gold
[09/17/20 13:51:53] D2BS 31832: ÿc7Picked up ÿc4339 Gold
[09/17/20 13:51:53] D2BS 31832: ÿc7Picked up ÿc4552 Gold
[09/17/20 13:52:25] D2BS 31832: ÿc7Picked up ÿc4334 Gold
[09/17/20 13:52:35] D2BS 31832: ÿc1Skipping Moon Lord 738 16
[09/17/20 13:52:49] D2BS 31832: ÿc7Picked up ÿc4116 Gold
[09/17/20 13:53:02] D2BS 31832: ÿc7Picked up ÿc9Ring Mail ÿc0(ilvl 61) (Auradin.xpac.nip #47)
[09/17/20 13:53:02] D2BS 31832: ÿc7Picked up ÿc4290 Gold
[09/17/20 13:53:03] D2BS 31832: ÿc7Picked up ÿc4134 Gold
[09/17/20 13:53:14] D2BS 31832: ÿc1Skipping Reanimated Horde 822 16
[09/17/20 13:53:19] D2BS 31832: ÿc7Picked up ÿc0Scroll of Town Portal ÿc7(16/20)
[09/17/20 13:53:20] D2BS 31832: ÿc7Picked up ÿc1Greater Healing Potion ÿc0(ilvl 1) (MidGame.nip #23)
[09/17/20 13:54:52] D2BS 31832: 109,121
[09/17/20 13:55:19] D2BS 31832: ÿc7Picked up ÿc4360 Gold
[09/17/20 13:55:25] D2BS 31832: ÿc7Picked up ÿc0Scroll of Town Portal ÿc7(16/20)
[09/17/20 13:55:26] D2BS 31832: ÿc7Picked up ÿc4112 Gold
[09/17/20 13:55:50] D2BS 31832: move retry 1
[09/17/20 13:55:52] D2BS 31832: move retry 1
[09/17/20 13:56:07] D2BS 31832: 121,122
[09/17/20 13:56:43] D2BS 31832: ÿc7Picked up ÿc467 Gold
[09/17/20 13:56:43] D2BS 31832: ÿc7Picked up ÿc4162 Gold
[09/17/20 13:57:03] D2BS 31832: ÿc7Picked up ÿc4146 Gold
[09/17/20 13:57:07] D2BS 31832: ÿc7Picked up ÿc4237 Gold
[09/17/20 13:57:10] D2BS 31832: ÿc7Picked up ÿc4341 Gold
[09/17/20 13:57:13] D2BS 31832: ÿc7Picked up ÿc1Greater Healing Potion ÿc0(ilvl 1) (MidGame.nip #23)
[09/17/20 13:57:36] D2BS 31832: ÿc7Picked up ÿc4346 Gold
[09/17/20 13:57:46] D2BS 31832: ÿc1Skipping Devilkin 985 16
[09/17/20 13:57:49] D2BS 31832: ÿc7Picked up ÿc1Super Healing Potion ÿc0(ilvl 1) (LateGame.nip #33)
[09/17/20 13:58:18] D2BS 31832: ÿc1Skipping Prowling Dead 1032 16
[09/17/20 13:58:26] D2BS 31832: ÿc7Picked up ÿc4343 Gold
[09/17/20 13:58:26] D2BS 31832: ÿc7Picked up ÿc4147 Gold
[09/17/20 13:58:53] D2BS 31832: ÿc1Skipping Devilkin Shaman 1125 16
[09/17/20 13:59:55] D2BS 31832: ÿc7Picked up ÿc4203 Gold
[09/17/20 14:00:03] D2BS 31832: ÿc7Picked up ÿc3Ancient Sword ÿc0(ilvl 63) (Auradin.xpac.nip #2)
[09/17/20 14:00:23] D2BS 31832: ÿc7Picked up ÿc4303 Gold
[09/17/20 14:00:39] D2BS 31832: initNPC: identify
[09/17/20 14:00:54] D2BS 31832: ÿc4MiniShopBotÿc0: Scanning 60 items.
[09/17/20 14:00:55] D2BS 31832: Blessed Heraldic Shield 
[09/17/20 14:00:56] D2BS 31832: initNPC: repair
[09/17/20 14:01:25] D2BS 31832: ÿc7Picked up ÿc4170 Gold
[09/17/20 14:01:27] D2BS 31832: ÿc7Picked up ÿc;Rejuvenation Potion ÿc0(ilvl 1) (LateGame.nip #34)
[09/17/20 14:01:41] D2BS 31832: ÿc7Picked up ÿc4293 Gold
[09/17/20 14:01:54] D2BS 31832: ÿc7Picked up ÿc4322 Gold
[09/17/20 14:01:54] D2BS 31832: ÿc7Picked up ÿc4369 Gold
[09/17/20 14:01:54] D2BS 31832: ÿc7Picked up ÿc4319 Gold
[09/17/20 14:01:54] D2BS 31832: ÿc7Picked up ÿc0Scroll of Town Portal ÿc7(17/20)
[09/17/20 14:01:55] D2BS 31832: ÿc7Picked up ÿc4240 Gold
[09/17/20 14:02:00] D2BS 31832: ÿc7Picked up ÿc4103 Gold
[09/17/20 14:02:00] D2BS 31832: ÿc7Picked up ÿc4376 Gold
[09/17/20 14:02:17] D2BS 31832: ÿc7Picked up ÿc484 Gold
[09/17/20 14:02:36] D2BS 31832: ÿc7Picked up ÿc4413 Gold
[09/17/20 14:02:44] D2BS 31832: ÿc7Picked up ÿc4325 Gold
[09/17/20 14:02:52] D2BS 31832: ÿc7Picked up ÿc8Io Rune ÿc0(ilvl 1) (Runewords)
[09/17/20 14:02:52] D2BS 31832: ÿc7Picked up ÿc1Super Healing Potion ÿc0(ilvl 1) (LateGame.nip #33)
[09/17/20 14:02:52] D2BS 31832: ÿc7Picked up ÿc4157 Gold
[09/17/20 14:03:11] D2BS 31832: ÿc7Picked up ÿc4153 Gold
[09/17/20 14:03:11] D2BS 31832: ÿc7Picked up ÿc4212 Gold
[09/17/20 14:03:12] D2BS 31832: ÿc7Picked up ÿc4316 Gold
[09/17/20 14:03:12] D2BS 31832: ÿc7Picked up ÿc4136 Gold
[09/17/20 14:03:12] D2BS 31832: ÿc7Picked up ÿc3Amulet ÿc0(ilvl 63) (LateGame.nip #29)
[09/17/20 14:03:22] D2BS 31832: ÿc7Picked up ÿc4162 Gold
[09/17/20 14:03:30] D2BS 31832: ÿc7Picked up ÿc8Sol Rune ÿc0(ilvl 1) (MidGame.nip #6)
[09/17/20 14:03:30] D2BS 31832: ÿc7Picked up ÿc3Small Charm ÿc0(ilvl 63) (LateGame.nip #11)
[09/17/20 14:03:42] D2BS 31832: ÿc7Picked up ÿc4104 Gold
[09/17/20 14:03:53] D2BS 31832: ÿc1Skipping Devilkin Shaman 1507 16
[09/17/20 14:04:12] D2BS 31832: ÿc7Picked up ÿc9Ring ÿc0(ilvl 63) (Auradin.xpac.nip #101)
[09/17/20 14:04:26] D2BS 31832: ÿc7Picked up ÿc4185 Gold
[09/17/20 14:04:28] D2BS 31832: AutoBuild: Stat points: 5      Skill points: 3
[09/17/20 14:04:28] D2BS 31832: AutoBuild: Level up detected ( 66 --> 67 )
[09/17/20 14:04:28] D2BS 31832: AutoBuild: useSkillPoint(): Fanaticism (122)
[09/17/20 14:04:28] D2BS 31832: AutoBuild: Skill (1/1) Increased Fanaticism (122) by one (level:  9)
[09/17/20 14:04:29] D2BS 31832: AutoBuild: useStatPoint(0): Strength
[09/17/20 14:04:29] D2BS 31832: AutoBuild: Stat (1/5) Increased Strength from 91 to 92
[09/17/20 14:04:29] D2BS 31832: AutoBuild: useStatPoint(2): Dexterity
[09/17/20 14:04:29] D2BS 31832: AutoBuild: Stat (2/5) Increased Dexterity from 88 to 89
[09/17/20 14:04:29] D2BS 31832: AutoBuild: useStatPoint(3): Vitality
[09/17/20 14:04:29] D2BS 31832: AutoBuild: Stat (3/5) Increased Vitality from 233 to 234
[09/17/20 14:04:29] D2BS 31832: AutoBuild: useStatPoint(3): Vitality
[09/17/20 14:04:29] D2BS 31832: AutoBuild: Stat (4/5) Increased Vitality from 234 to 235
[09/17/20 14:04:29] D2BS 31832: AutoBuild: useStatPoint(3): Vitality
[09/17/20 14:04:29] D2BS 31832: AutoBuild: Stat (5/5) Increased Vitality from 235 to 236
[09/17/20 14:04:29] D2BS 31832: Updating Config from level 66 to 67
[09/17/20 14:04:29] D2BS 31832: Updating Config from level 66 to 67
[09/17/20 14:04:29] D2BS 31832: Updating Config from level 66 to 67
[09/17/20 14:04:29] D2BS 31832: AutoBuild: Updating Config from level 66 to 67
[09/17/20 14:04:29] D2BS 31832: Updating Config from level 66 to 67
[09/17/20 14:04:29] D2BS 31832: AutoBuild: Incrementing cached character level to 67
[09/17/20 14:04:30] D2BS 31832: ÿc7Picked up ÿc1Super Healing Potion ÿc0(ilvl 1) (LateGame.nip #33)
[09/17/20 14:04:46] D2BS 31832: ÿc7Picked up ÿc4287 Gold
[09/17/20 14:04:57] D2BS 31832: ÿc7Picked up ÿc1Super Healing Potion ÿc0(ilvl 1) (LateGame.nip #33)
[09/17/20 14:04:57] D2BS 31832: ÿc7Picked up ÿc4223 Gold
[09/17/20 14:05:09] D2BS 31832: ÿc7Picked up ÿc4531 Gold
[09/17/20 14:05:09] D2BS 31832: ÿc7Picked up ÿc4588 Gold
[09/17/20 14:05:12] D2BS 31832: ÿc7Picked up ÿc4506 Gold
[09/17/20 14:05:44] D2BS 31832: ÿc7Picked up ÿc4401 Gold
[09/17/20 14:05:45] D2BS 31832: ÿc7Picked up ÿc4193 Gold
[09/17/20 14:05:56] D2BS 31832: ÿc7Picked up ÿc4356 Gold
[09/17/20 14:06:04] D2BS 31832: ÿc7Picked up ÿc4139 Gold
[09/17/20 14:06:12] D2BS 31832: ÿc7Picked up ÿc4114 Gold
[09/17/20 14:06:28] D2BS 31832: ÿc7Picked up ÿc4285 Gold
[09/17/20 14:06:28] D2BS 31832: ÿc7Picked up ÿc4200 Gold
[09/17/20 14:06:53] D2BS 31832: ÿc7Picked up ÿc4329 Gold
[09/17/20 14:07:37] D2BS 31832: ÿc7Picked up ÿc4200 Gold
[09/17/20 14:07:37] D2BS 31832: ÿc7Picked up ÿc4350 Gold
[09/17/20 14:08:28] D2BS 31832: ÿc7Picked up ÿc4182 Gold
[09/17/20 14:08:42] D2BS 31832: ÿc7Picked up ÿc4326 Gold
[09/17/20 14:09:18] D2BS 31832: 122,123
[09/17/20 14:09:41] D2BS 31832: ÿc7Picked up ÿc4176 Gold
[09/17/20 14:09:45] D2BS 31832: ÿc7Picked up ÿc0Scroll of Town Portal ÿc7(17/20)
[09/17/20 14:09:58] D2BS 31832: ÿc7Picked up ÿc4341 Gold
[09/17/20 14:10:36] D2BS 31832: move retry 1
[09/17/20 14:11:06] D2BS 31832: ÿc7Picked up ÿc4161 Gold
[09/17/20 14:11:15] D2BS 31832: initNPC: identify
[09/17/20 14:11:28] D2BS 31832: ÿc4MiniShopBotÿc0: Scanning 57 items.
[09/17/20 14:11:29] D2BS 31832: initNPC: buyPotions
[09/17/20 14:11:36] D2BS 31832: Successfully placed Sol Rune at X: 5 Y: 1
[09/17/20 14:11:37] D2BS 31832: Successfully placed Blighting Amulet  at X: 3 Y: 2
[09/17/20 14:11:37] D2BS 31832: Successfully placed Io Rune at X: 4 Y: 2
[09/17/20 14:11:40] D2BS 37908: D2BS Engine startup complete. 1.6.4U
[09/17/20 14:11:40] D2BS 37908: Auradin
[09/17/20 14:11:40] D2BS 37908: ÿc2D2BSÿc0 :: Switched to profile Auradin
[09/17/20 14:11:40] D2BS 37908: ÿc2D2BSÿc0 :: Engine startup complete!
[09/17/20 14:11:40] D2BS 37908: ÿc2D2BSÿc0 :: Starting D2BotLanFollow.dbj
[09/17/20 14:11:40] D2BS 37908: ÿc2D2BSÿc0 :: D2BotLanFollow.dbj running.
[09/17/20 14:11:40] D2BS 37908: ÿc2D2BSÿc0 :: Started Console Script
[09/17/20 14:11:42] D2BS 37908: Heartbeat loaded
[09/17/20 14:12:01] D2BS 37908: ÿc2D2BSÿc0 :: Starting default.dbj
[09/17/20 14:12:01] D2BS 37908: ÿc2D2BSÿc0 :: default.dbj running.
[09/17/20 14:12:01] D2BS 37908: AutoBuild: Including build template config/builds/paladin.auradin.js into default.dbj
[09/17/20 14:12:01] D2BS 37908: Updating Config from level 0 to 67
[09/17/20 14:12:01] D2BS 37908: ÿc4Loaded NIP: ÿc2LateGame.nipÿc4. Lines: ÿc277ÿc4. Valid entries: ÿc250. ÿc4Time: ÿc20 ms
[09/17/20 14:12:01] D2BS 37908: ÿc4Loaded NIP: ÿc2MidGame.nipÿc4. Lines: ÿc254ÿc4. Valid entries: ÿc233. ÿc4Time: ÿc20 ms
[09/17/20 14:12:01] D2BS 37908: ÿc4Loaded NIP: ÿc2AuradinRunes.nipÿc4. Lines: ÿc222ÿc4. Valid entries: ÿc212. ÿc4Time: ÿc20 ms
[09/17/20 14:12:01] D2BS 37908: ÿc4Loaded NIP: ÿc2Auradin.xpac.nipÿc4. Lines: ÿc2122ÿc4. Valid entries: ÿc2105. ÿc4Time: ÿc216 ms
[09/17/20 14:12:01] D2BS 37908: ÿc4Loaded NIP: ÿc2Merc.xpac.nipÿc4. Lines: ÿc230ÿc4. Valid entries: ÿc220. ÿc4Time: ÿc20 ms
[09/17/20 14:12:01] D2BS 37908: AutoBuild: Including build template config/builds/paladin.auradin.js into tools\autobuildthread.js
[09/17/20 14:12:01] D2BS 37908: Updating Config from level 0 to 67
[09/17/20 14:12:01] D2BS 37908: AutoBuild: Loaded helper thread
[09/17/20 14:12:01] D2BS 37908: ÿc2Starting script: ÿc9LevelFollower
[09/17/20 14:12:01] D2BS 37908: initNPC: identify
[09/17/20 14:12:01] D2BS 37908: AutoBuild: Including build template config/builds/paladin.auradin.js into tools\party.js
[09/17/20 14:12:01] D2BS 37908: Updating Config from level 0 to 67
[09/17/20 14:12:01] D2BS 37908: ÿc2Party thread loaded. Mode: Accept
[09/17/20 14:12:01] D2BS 37908: ÿc3Start ToolsThread script
[09/17/20 14:12:01] D2BS 37908: AutoBuild: Including build template config/builds/paladin.auradin.js into tools\townchicken.js
[09/17/20 14:12:01] D2BS 37908: AutoBuild: Including build template config/builds/paladin.auradin.js into tools\toolsthread.js
[09/17/20 14:12:01] D2BS 37908: Updating Config from level 0 to 67
[09/17/20 14:12:01] D2BS 37908: Updating Config from level 0 to 67
[09/17/20 14:12:12] D2BS 37908: ÿc4MiniShopBotÿc0: Scanning 54 items.
[09/17/20 14:12:20] D2BS 37908: Successfully placed Sol Rune at X: 5 Y: 1
[09/17/20 14:12:20] D2BS 37908: Successfully placed Blighting Amulet  at X: 3 Y: 2
[09/17/20 14:12:21] D2BS 37908: Successfully placed Io Rune at X: 4 Y: 2
[09/17/20 14:12:53] D2BS 37908: ÿc1Pausing.
[09/17/20 14:12:53] D2BS 37908: initNPC: heal
[09/17/20 14:12:57] D2BS 37908: initNPC: buyPotions
[09/17/20 14:13:01] D2BS 37908: ÿc2Resuming.
[09/17/20 14:13:12] D2BS 37908: ÿc1Pausing.
[09/17/20 14:13:12] D2BS 37908: Script default.dbj ended
[09/17/20 14:13:12] D2BS 37908: Script tools\autobuildthread.js ended
[09/17/20 14:13:12] D2BS 37908: Script tools\party.js ended
[09/17/20 14:13:12] D2BS 37908: Script tools\townchicken.js ended
[09/17/20 14:13:19] D2BS 37908: ÿc2D2BSÿc0 :: Starting default.dbj
[09/17/20 14:13:19] D2BS 37908: ÿc2D2BSÿc0 :: default.dbj running.
[09/17/20 14:13:19] D2BS 37908: AutoBuild: Including build template config/builds/paladin.auradin.js into default.dbj
[09/17/20 14:13:19] D2BS 37908: Updating Config from level 0 to 67
[09/17/20 14:13:19] D2BS 37908: ÿc4Loaded NIP: ÿc2LateGame.nipÿc4. Lines: ÿc277ÿc4. Valid entries: ÿc250. ÿc4Time: ÿc216 ms
[09/17/20 14:13:19] D2BS 37908: ÿc4Loaded NIP: ÿc2MidGame.nipÿc4. Lines: ÿc254ÿc4. Valid entries: ÿc233. ÿc4Time: ÿc20 ms
[09/17/20 14:13:19] D2BS 37908: ÿc4Loaded NIP: ÿc2AuradinRunes.nipÿc4. Lines: ÿc222ÿc4. Valid entries: ÿc212. ÿc4Time: ÿc20 ms
[09/17/20 14:13:19] D2BS 37908: ÿc4Loaded NIP: ÿc2Auradin.xpac.nipÿc4. Lines: ÿc2122ÿc4. Valid entries: ÿc2105. ÿc4Time: ÿc20 ms
[09/17/20 14:13:19] D2BS 37908: ÿc4Loaded NIP: ÿc2Merc.xpac.nipÿc4. Lines: ÿc230ÿc4. Valid entries: ÿc220. ÿc4Time: ÿc20 ms
[09/17/20 14:13:19] D2BS 37908: AutoBuild: Including build template config/builds/paladin.auradin.js into tools\autobuildthread.js
[09/17/20 14:13:19] D2BS 37908: Updating Config from level 0 to 67
[09/17/20 14:13:19] D2BS 37908: AutoBuild: Loaded helper thread
[09/17/20 14:13:20] D2BS 37908: ÿc2Starting script: ÿc9LevelFollower
[09/17/20 14:13:20] D2BS 37908: initNPC: heal
[09/17/20 14:13:20] D2BS 37908: AutoBuild: Including build template config/builds/paladin.auradin.js into tools\party.js
[09/17/20 14:13:20] D2BS 37908: Updating Config from level 0 to 67
[09/17/20 14:13:20] D2BS 37908: ÿc2Party thread loaded. Mode: Accept
[09/17/20 14:13:20] D2BS 37908: ÿc3Start ToolsThread script
[09/17/20 14:13:20] D2BS 37908: AutoBuild: Including build template config/builds/paladin.auradin.js into tools\toolsthread.js
[09/17/20 14:13:20] D2BS 37908: Updating Config from level 0 to 67
[09/17/20 14:13:20] D2BS 37908: AutoBuild: Including build template config/builds/paladin.auradin.js into tools\townchicken.js
[09/17/20 14:13:20] D2BS 37908: Updating Config from level 0 to 67
[09/17/20 14:13:24] D2BS 37908: initNPC: buyPotions
[09/17/20 14:13:26] D2BS 37908: initNPC: reviveMerc
[09/17/20 14:14:14] D2BS 37908: ÿc1Skipping Flayer 2253 16
[09/17/20 14:14:38] D2BS 37908: ÿc1Skipping Flayer 2262 16
[09/17/20 14:14:56] D2BS 37908: ÿc7Picked up ÿc1Greater Healing Potion ÿc0(ilvl 1) (MidGame.nip #23)
[09/17/20 14:14:57] D2BS 37908: ÿc7Picked up ÿc1Greater Healing Potion ÿc0(ilvl 1) (MidGame.nip #23)
[09/17/20 14:14:59] D2BS 37908: ÿc7Picked up ÿc4218 Gold
[09/17/20 14:15:12] D2BS 37908: ÿc7Picked up ÿc494 Gold
[09/17/20 14:15:12] D2BS 37908: ÿc7Picked up ÿc475 Gold
[09/17/20 14:15:14] D2BS 37908: move retry 1
[09/17/20 14:15:19] D2BS 37908: ÿc7Picked up ÿc4132 Gold
[09/17/20 14:15:23] D2BS 37908: move retry 1
[09/17/20 14:15:24] D2BS 37908: ÿc7Picked up ÿc4213 Gold
[09/17/20 14:15:25] D2BS 37908: ÿc7Picked up ÿc4292 Gold
[09/17/20 14:15:33] D2BS 37908: ÿc7Picked up ÿc4403 Gold
[09/17/20 14:15:34] D2BS 37908: ÿc7Picked up ÿc1Super Healing Potion ÿc0(ilvl 1) (LateGame.nip #33)
[09/17/20 14:15:35] D2BS 37908: ÿc7Picked up ÿc0Scroll of Town Portal ÿc7(15/20)
[09/17/20 14:15:38] D2BS 37908: ÿc7Picked up ÿc4310 Gold
[09/17/20 14:15:41] D2BS 37908: ÿc7Picked up ÿc4369 Gold
[09/17/20 14:15:41] D2BS 37908: ÿc7Picked up ÿc1Greater Healing Potion ÿc0(ilvl 1) (MidGame.nip #23)
[09/17/20 14:15:48] D2BS 37908: ÿc7Picked up ÿc3Great Maul ÿc0(ilvl 64) (Auradin.xpac.nip #2)
[09/17/20 14:15:48] D2BS 37908: ÿc7Picked up ÿc4160 Gold
[09/17/20 14:15:49] D2BS 37908: move retry 1
[09/17/20 14:15:57] D2BS 37908: ÿc7Picked up ÿc4233 Gold
[09/17/20 14:16:02] D2BS 37908: ÿc7Picked up ÿc4551 Gold
[09/17/20 14:16:03] D2BS 37908: ÿc7Picked up ÿc4322 Gold
[09/17/20 14:16:03] D2BS 37908: ÿc7Picked up ÿc4255 Gold
[09/17/20 14:16:03] D2BS 37908: ÿc7Picked up ÿc4363 Gold
[09/17/20 14:16:06] D2BS 37908: move retry 1
[09/17/20 14:16:12] D2BS 37908: Script default.dbj ended
[09/17/20 14:16:12] D2BS 37908: Script tools\autobuildthread.js ended
[09/17/20 14:16:12] D2BS 37908: Script tools\party.js ended
[09/17/20 14:16:12] D2BS 37908: Script tools\toolsthread.js ended
[09/17/20 14:16:12] D2BS 37908: Script tools\townchicken.js ended
[09/17/20 14:16:19] D2BS 37908: ÿc2D2BSÿc0 :: Starting default.dbj
[09/17/20 14:16:19] D2BS 37908: ÿc2D2BSÿc0 :: default.dbj running.
[09/17/20 14:16:19] D2BS 37908: AutoBuild: Including build template config/builds/paladin.auradin.js into default.dbj
[09/17/20 14:16:19] D2BS 37908: Updating Config from level 0 to 67
[09/17/20 14:16:19] D2BS 37908: ÿc4Loaded NIP: ÿc2LateGame.nipÿc4. Lines: ÿc277ÿc4. Valid entries: ÿc250. ÿc4Time: ÿc20 ms
[09/17/20 14:16:19] D2BS 37908: ÿc4Loaded NIP: ÿc2MidGame.nipÿc4. Lines: ÿc254ÿc4. Valid entries: ÿc233. ÿc4Time: ÿc20 ms
[09/17/20 14:16:19] D2BS 37908: ÿc4Loaded NIP: ÿc2AuradinRunes.nipÿc4. Lines: ÿc222ÿc4. Valid entries: ÿc212. ÿc4Time: ÿc20 ms
[09/17/20 14:16:19] D2BS 37908: ÿc4Loaded NIP: ÿc2Auradin.xpac.nipÿc4. Lines: ÿc2122ÿc4. Valid entries: ÿc2105. ÿc4Time: ÿc216 ms
[09/17/20 14:16:19] D2BS 37908: ÿc4Loaded NIP: ÿc2Merc.xpac.nipÿc4. Lines: ÿc230ÿc4. Valid entries: ÿc220. ÿc4Time: ÿc20 ms
[09/17/20 14:16:19] D2BS 37908: AutoBuild: Including build template config/builds/paladin.auradin.js into tools\autobuildthread.js
[09/17/20 14:16:19] D2BS 37908: Updating Config from level 0 to 67
[09/17/20 14:16:19] D2BS 37908: AutoBuild: Loaded helper thread
[09/17/20 14:16:19] D2BS 37908: ÿc2Starting script: ÿc9LevelFollower
[09/17/20 14:16:19] D2BS 37908: initNPC: identify
[09/17/20 14:16:19] D2BS 37908: AutoBuild: Including build template config/builds/paladin.auradin.js into tools\party.js
[09/17/20 14:16:19] D2BS 37908: Updating Config from level 0 to 67
[09/17/20 14:16:19] D2BS 37908: ÿc2Party thread loaded. Mode: Accept
[09/17/20 14:16:19] D2BS 37908: AutoBuild: Including build template config/builds/paladin.auradin.js into tools\townchicken.js
[09/17/20 14:16:19] D2BS 37908: Updating Config from level 0 to 67
[09/17/20 14:16:19] D2BS 37908: ÿc3Start ToolsThread script
[09/17/20 14:16:19] D2BS 37908: AutoBuild: Including build template config/builds/paladin.auradin.js into tools\toolsthread.js
[09/17/20 14:16:19] D2BS 37908: Updating Config from level 0 to 67
[09/17/20 14:16:26] D2BS 37908: ÿc4MiniShopBotÿc0: Scanning 48 items.
[09/17/20 14:17:16] D2BS 37908: ÿc7Picked up ÿc4307 Gold
[09/17/20 14:17:42] D2BS 37908: ÿc7Picked up ÿc3Cutlass ÿc0(ilvl 66) (Auradin.xpac.nip #2)
[09/17/20 14:17:42] D2BS 37908: ÿc7Picked up ÿc1Super Healing Potion ÿc0(ilvl 1) (LateGame.nip #33)
[09/17/20 14:17:45] D2BS 37908: ÿc7Picked up ÿc0Scroll of Town Portal ÿc7(15/20)
[09/17/20 14:18:01] D2BS 37908: ÿc7Picked up ÿc4282 Gold
[09/17/20 14:18:01] D2BS 37908: ÿc7Picked up ÿc1Super Healing Potion ÿc0(ilvl 1) (LateGame.nip #33)
[09/17/20 14:18:02] D2BS 37908: move retry 1
[09/17/20 14:18:15] D2BS 37908: ÿc7Picked up ÿc4223 Gold
[09/17/20 14:18:20] D2BS 37908: move retry 1
[09/17/20 14:18:21] D2BS 37908: move retry 2
[09/17/20 14:18:22] D2BS 37908: move retry 3
[09/17/20 14:18:28] D2BS 37908: ÿc7Picked up ÿc4347 Gold
[09/17/20 14:18:28] D2BS 37908: ÿc7Picked up ÿc4111 Gold
[09/17/20 14:18:59] D2BS 37908: ÿc7Picked up ÿc4216 Gold
[09/17/20 14:19:07] D2BS 37908: move retry 1
[09/17/20 14:19:11] D2BS 37908: ÿc7Picked up ÿc1Super Healing Potion ÿc0(ilvl 1) (LateGame.nip #33)
[09/17/20 14:19:11] D2BS 37908: ÿc7Picked up ÿc0Scroll of Town Portal ÿc7(15/20)
[09/17/20 14:19:17] D2BS 37908: ÿc7Picked up ÿc0Scroll of Town Portal ÿc7(16/20)
[09/17/20 14:19:20] D2BS 37908: ÿc7Picked up ÿc4147 Gold
[09/17/20 14:19:20] D2BS 37908: ÿc7Picked up ÿc4436 Gold
[09/17/20 14:19:21] D2BS 37908: ÿc7Picked up ÿc4252 Gold
[09/17/20 14:19:48] D2BS 37908: ÿc7Picked up ÿc4252 Gold
[09/17/20 14:19:49] D2BS 37908: ÿc7Picked up ÿc485 Gold
[09/17/20 14:19:57] D2BS 37908: move retry 1
[09/17/20 14:20:03] D2BS 37908: move retry 1
[09/17/20 14:20:05] D2BS 37908: ÿc7Picked up ÿc4330 Gold
[09/17/20 14:20:15] D2BS 37908: ÿc7Picked up ÿc4472 Gold
[09/17/20 14:20:48] D2BS 37908: ÿc7Picked up ÿc4346 Gold
[09/17/20 14:20:49] D2BS 37908: move retry 1
[09/17/20 14:21:06] D2BS 37908: move retry 1
[09/17/20 14:21:27] D2BS 37908: ÿc1Skipping Blood Clan 355 16
[09/17/20 14:21:35] D2BS 37908: move retry 1
[09/17/20 14:21:36] D2BS 37908: ÿc7Picked up ÿc4351 Gold
[09/17/20 14:21:49] D2BS 37908: ÿc1Skipping Flayer 343 16
[09/17/20 14:22:02] D2BS 37908: ÿc1Skipping Flayer 353 16
[09/17/20 14:22:04] D2BS 37908: ÿc1Skipping Blood Clan 355 16
[09/17/20 14:22:11] D2BS 37908: ÿc1Skipping Flayer 342 16
[09/17/20 14:22:17] D2BS 37908: ÿc1Skipping Flayer 350 16
[09/17/20 14:22:25] D2BS 37908: ÿc1Skipping Flayer 349 16
[09/17/20 14:22:28] D2BS 37908: ÿc7Picked up ÿc3Double Axe ÿc0(ilvl 64) (Auradin.xpac.nip #6)
[09/17/20 14:22:30] D2BS 37908: move retry 1
[09/17/20 14:22:50] D2BS 37908: ÿc1Skipping Flayer 348 16
[09/17/20 14:22:50] D2BS 37908: ÿc7Picked up ÿc4103 Gold
[09/17/20 14:23:00] D2BS 37908: ÿc1Skipping Flayer 348 16
[09/17/20 14:23:07] D2BS 37908: ÿc1Skipping Flayer 350 16
[09/17/20 14:23:14] D2BS 37908: ÿc1Skipping Flayer 343 16
[09/17/20 14:23:27] D2BS 37908: ÿc1Skipping Flayer 343 16
[09/17/20 14:23:34] D2BS 37908: ÿc1Skipping Flayer 349 16
[09/17/20 14:23:42] D2BS 37908: ÿc1Skipping Flayer 350 16
[09/17/20 14:24:29] D2BS 37908: ÿc1Skipping Blood Clan 454 16
[09/17/20 14:24:37] D2BS 37908: ÿc1Skipping Temple Guard 458 16
[09/17/20 14:24:51] D2BS 37908: ÿc1Skipping Temple Guard 458 16
[09/17/20 14:24:53] D2BS 37908: ÿc1Skipping Blood Clan 454 16
[09/17/20 14:25:02] D2BS 37908: ÿc1Skipping Blood Clan 454 16
[09/17/20 14:25:13] D2BS 37908: ÿc1Skipping Temple Guard 458 16
[09/17/20 14:25:36] D2BS 37908: ÿc1Skipping Blood Clan 454 16
[09/17/20 14:25:38] D2BS 37908: ÿc7Picked up ÿc1Greater Healing Potion ÿc0(ilvl 1) (MidGame.nip #23)
[09/17/20 14:25:39] D2BS 37908: ÿc7Picked up ÿc3Tomahawk ÿc0(ilvl 64) (Auradin.xpac.nip #6)
