[09/02/21 10:09:06] D2BS 12612: D2BS Engine startup complete. 1.6.4U
[09/02/21 10:09:06] D2BS 12612: ÿc2D2BSÿc0 :: Switched to profile ColdSorc
[09/02/21 10:09:06] D2BS 12612: ColdSorc
[09/02/21 10:09:06] D2BS 12612: ÿc2D2BSÿc0 :: Engine startup complete!
[09/02/21 10:09:06] D2BS 12612: ÿc2D2BSÿc0 :: Starting D2BotLanFollow.dbj
[09/02/21 10:09:06] D2BS 12612: ÿc2D2BSÿc0 :: D2BotLanFollow.dbj running.
[09/02/21 10:09:06] D2BS 12612: ÿc2D2BSÿc0 :: Started Console Script
[09/02/21 10:09:08] D2BS 12612: Heartbeat loaded
[09/02/21 10:09:23] D2BS 12612: Stack Walk Thread: 13752
[09/02/21 10:09:24] D2BS 12612: 771C46EC (ntdll): (filename not available): ZwWaitForWorkViaWorkerFactory
[09/02/21 10:09:24] D2BS 12612: 75C8FA29 (KERNEL32): (filename not available): BaseThreadInitThunk
[09/02/21 10:09:24] D2BS 12612: 771B7A7E (ntdll): (filename not available): RtlGetAppContainerNamedObjectPath
[09/02/21 10:09:24] D2BS 12612: 771B7A4E (ntdll): (filename not available): RtlGetAppContainerNamedObjectPath
[09/02/21 10:09:24] D2BS 12612: Stack Walk Thread: 13764
[09/02/21 10:09:24] D2BS 12612: 771C46EC (ntdll): (filename not available): ZwWaitForWorkViaWorkerFactory
[09/02/21 10:09:24] D2BS 12612: 75C8FA29 (KERNEL32): (filename not available): BaseThreadInitThunk
[09/02/21 10:09:24] D2BS 12612: 771B7A7E (ntdll): (filename not available): RtlGetAppContainerNamedObjectPath
[09/02/21 10:09:24] D2BS 12612: 771B7A4E (ntdll): (filename not available): RtlGetAppContainerNamedObjectPath
[09/02/21 10:09:24] D2BS 12612: Stack Walk Thread: 2772
[09/02/21 10:09:24] D2BS 12612: 771C46EC (ntdll): (filename not available): ZwWaitForWorkViaWorkerFactory
[09/02/21 10:09:24] D2BS 12612: 75C8FA29 (KERNEL32): (filename not available): BaseThreadInitThunk
[09/02/21 10:09:24] D2BS 12612: 771B7A7E (ntdll): (filename not available): RtlGetAppContainerNamedObjectPath
[09/02/21 10:09:24] D2BS 12612: 771B7A4E (ntdll): (filename not available): RtlGetAppContainerNamedObjectPath
[09/02/21 10:09:24] D2BS 12612: Stack Walk Thread: 1352
[09/02/21 10:09:24] D2BS 12612: 771C2CFC (ntdll): (filename not available): NtDelayExecution
[09/02/21 10:09:24] D2BS 12612: 7571492F (KERNELBASE): (filename not available): Sleep
[09/02/21 10:09:24] D2BS 12612: 03033C94 (D2BS): (filename not available): QueryInterface
[09/02/21 10:09:24] D2BS 12612: 75C8FA29 (KERNEL32): (filename not available): BaseThreadInitThunk
[09/02/21 10:09:24] D2BS 12612: 771B7A7E (ntdll): (filename not available): RtlGetAppContainerNamedObjectPath
[09/02/21 10:09:24] D2BS 12612: 771B7A4E (ntdll): (filename not available): RtlGetAppContainerNamedObjectPath
[09/02/21 10:09:24] D2BS 12612: Stack Walk Thread: 10924
[09/02/21 10:09:24] D2BS 12612: 771C29DC (ntdll): (filename not available): NtWaitForSingleObject
[09/02/21 10:09:24] D2BS 12612: 75701072 (KERNELBASE): (filename not available): WaitForSingleObject
[09/02/21 10:09:24] D2BS 12612: 004027E5 (Game): (filename not available): (function-name not available)
[09/02/21 10:09:24] D2BS 12612: 75C8FA29 (KERNEL32): (filename not available): BaseThreadInitThunk
[09/02/21 10:09:24] D2BS 12612: 771B7A7E (ntdll): (filename not available): RtlGetAppContainerNamedObjectPath
[09/02/21 10:09:24] D2BS 12612: 771B7A4E (ntdll): (filename not available): RtlGetAppContainerNamedObjectPath
[09/02/21 10:09:24] D2BS 12612: Stack Walk Thread: 6796
[09/02/21 10:09:24] D2BS 12612: 771C2CFC (ntdll): (filename not available): NtDelayExecution
[09/02/21 10:09:24] D2BS 12612: 7571492F (KERNELBASE): (filename not available): Sleep
[09/02/21 10:09:24] D2BS 12612: 004102FC (Game): (filename not available): (function-name not available)
[09/02/21 10:09:24] D2BS 12612: 75C8FA29 (KERNEL32): (filename not available): BaseThreadInitThunk
[09/02/21 10:09:24] D2BS 12612: 771B7A7E (ntdll): (filename not available): RtlGetAppContainerNamedObjectPath
[09/02/21 10:09:24] D2BS 12612: 771B7A4E (ntdll): (filename not available): RtlGetAppContainerNamedObjectPath
[09/02/21 10:09:24] D2BS 12612: Stack Walk Thread: 6468
[09/02/21 10:09:24] D2BS 12612: 771C29DC (ntdll): (filename not available): NtWaitForSingleObject
[09/02/21 10:09:24] D2BS 12612: 75701072 (KERNELBASE): (filename not available): WaitForSingleObject
[09/02/21 10:09:24] D2BS 12612: 0041A845 (Game): (filename not available): (function-name not available)
[09/02/21 10:09:24] D2BS 12612: 75C8FA29 (KERNEL32): (filename not available): BaseThreadInitThunk
[09/02/21 10:09:24] D2BS 12612: 771B7A7E (ntdll): (filename not available): RtlGetAppContainerNamedObjectPath
[09/02/21 10:09:24] D2BS 12612: 771B7A4E (ntdll): (filename not available): RtlGetAppContainerNamedObjectPath
[09/02/21 10:09:24] D2BS 12612: Stack Walk Thread: 11024
[09/02/21 10:09:24] D2BS 12612: 771C46EC (ntdll): (filename not available): ZwWaitForWorkViaWorkerFactory
[09/02/21 10:09:24] D2BS 12612: 75C8FA29 (KERNEL32): (filename not available): BaseThreadInitThunk
[09/02/21 10:09:24] D2BS 12612: 771B7A7E (ntdll): (filename not available): RtlGetAppContainerNamedObjectPath
[09/02/21 10:09:24] D2BS 12612: 771B7A4E (ntdll): (filename not available): RtlGetAppContainerNamedObjectPath
[09/02/21 10:09:24] D2BS 12612: Stack Walk Thread: 13880
[09/02/21 10:09:24] D2BS 12612: 771C2F6C (ntdll): (filename not available): NtWaitForMultipleObjects
[09/02/21 10:09:24] D2BS 12612: 754879F6 (CRYPT32): (filename not available): CertDuplicateCTLContext
[09/02/21 10:09:24] D2BS 12612: 75C8FA29 (KERNEL32): (filename not available): BaseThreadInitThunk
[09/02/21 10:09:24] D2BS 12612: 771B7A7E (ntdll): (filename not available): RtlGetAppContainerNamedObjectPath
[09/02/21 10:09:24] D2BS 12612: 771B7A4E (ntdll): (filename not available): RtlGetAppContainerNamedObjectPath
[09/02/21 10:09:24] D2BS 12612: Stack Walk Thread: 14068
[09/02/21 10:09:24] D2BS 12612: 771C46EC (ntdll): (filename not available): ZwWaitForWorkViaWorkerFactory
[09/02/21 10:09:24] D2BS 12612: 75C8FA29 (KERNEL32): (filename not available): BaseThreadInitThunk
[09/02/21 10:09:24] D2BS 12612: 771B7A7E (ntdll): (filename not available): RtlGetAppContainerNamedObjectPath
[09/02/21 10:09:24] D2BS 12612: 771B7A4E (ntdll): (filename not available): RtlGetAppContainerNamedObjectPath
[09/02/21 10:09:24] D2BS 12612: Stack Walk Thread: 14096
[09/02/21 10:09:24] D2BS 12612: 771C46EC (ntdll): (filename not available): ZwWaitForWorkViaWorkerFactory
[09/02/21 10:09:24] D2BS 12612: 75C8FA29 (KERNEL32): (filename not available): BaseThreadInitThunk
[09/02/21 10:09:24] D2BS 12612: 771B7A7E (ntdll): (filename not available): RtlGetAppContainerNamedObjectPath
[09/02/21 10:09:24] D2BS 12612: 771B7A4E (ntdll): (filename not available): RtlGetAppContainerNamedObjectPath
[09/02/21 10:09:24] D2BS 12612: Stack Walk Thread: 4416
[09/02/21 10:09:24] D2BS 12612: 771C29DC (ntdll): (filename not available): NtWaitForSingleObject
[09/02/21 10:09:24] D2BS 12612: 030B7236 (D2BS): (filename not available): JS::CompileOptions::setFileAndLine
[09/02/21 10:09:24] D2BS 12612: 031A2B1F (D2BS): (filename not available): JS_freeop
[09/02/21 10:09:24] D2BS 12612: 031A1A5E (D2BS): (filename not available): JS_freeop
[09/02/21 10:09:24] D2BS 12612: 030CE4A2 (D2BS): (filename not available): JS::CompileOptions::setFileAndLine
[09/02/21 10:09:24] D2BS 12612: 75C8FA29 (KERNEL32): (filename not available): BaseThreadInitThunk
[09/02/21 10:09:24] D2BS 12612: 771B7A7E (ntdll): (filename not available): RtlGetAppContainerNamedObjectPath
[09/02/21 10:09:24] D2BS 12612: 771B7A4E (ntdll): (filename not available): RtlGetAppContainerNamedObjectPath
[09/02/21 10:09:24] D2BS 12612: Stack Walk Thread: 4688
[09/02/21 10:09:24] D2BS 12612: 771C2CFC (ntdll): (filename not available): NtDelayExecution
[09/02/21 10:09:24] D2BS 12612: 7571492F (KERNELBASE): (filename not available): Sleep
[09/02/21 10:09:24] D2BS 12612: 0303E2FD (D2BS): (filename not available): JS::CompileOptions::setFileAndLine
[09/02/21 10:09:24] D2BS 12612: 030C01B1 (D2BS): (filename not available): JS::CompileOptions::setFileAndLine
[09/02/21 10:09:24] D2BS 12612: 031A2B1F (D2BS): (filename not available): JS_freeop
[09/02/21 10:09:24] D2BS 12612: 031A1A5E (D2BS): (filename not available): JS_freeop
[09/02/21 10:09:24] D2BS 12612: 030CE4A2 (D2BS): (filename not available): JS::CompileOptions::setFileAndLine
[09/02/21 10:09:24] D2BS 12612: 75C8FA29 (KERNEL32): (filename not available): BaseThreadInitThunk
[09/02/21 10:09:24] D2BS 12612: 771B7A7E (ntdll): (filename not available): RtlGetAppContainerNamedObjectPath
[09/02/21 10:09:24] D2BS 12612: 771B7A4E (ntdll): (filename not available): RtlGetAppContainerNamedObjectPath
[09/02/21 10:09:24] D2BS 12612: Stack Walk Thread: 4352
[09/02/21 10:09:24] D2BS 12612: 771C29DC (ntdll): (filename not available): NtWaitForSingleObject
[09/02/21 10:09:24] D2BS 12612: 030B7236 (D2BS): (filename not available): JS::CompileOptions::setFileAndLine
[09/02/21 10:09:24] D2BS 12612: 031A2B1F (D2BS): (filename not available): JS_freeop
[09/02/21 10:09:24] D2BS 12612: 031A1A5E (D2BS): (filename not available): JS_freeop
[09/02/21 10:09:24] D2BS 12612: 030CE4A2 (D2BS): (filename not available): JS::CompileOptions::setFileAndLine
[09/02/21 10:09:24] D2BS 12612: 75C8FA29 (KERNEL32): (filename not available): BaseThreadInitThunk
[09/02/21 10:09:24] D2BS 12612: 771B7A7E (ntdll): (filename not available): RtlGetAppContainerNamedObjectPath
[09/02/21 10:09:24] D2BS 12612: 771B7A4E (ntdll): (filename not available): RtlGetAppContainerNamedObjectPath
[09/02/21 10:09:24] D2BS 12612: Stack Walk Thread: 12632
[09/02/21 10:09:24] D2BS 12612: 0303B024 (D2BS): (filename not available): JSAutoStructuredCloneBuffer::JSAutoStructuredCloneBuffer
[09/02/21 10:09:24] D2BS 12612: 030337F8 (D2BS): (filename not available): QueryInterface
[09/02/21 10:09:24] D2BS 12612: 00408A05 (Game): (filename not available): (function-name not available)
[09/02/21 10:09:24] D2BS 12612: 00408A81 (Game): (filename not available): (function-name not available)
[09/02/21 10:09:24] D2BS 12612: 006123A3 (Game): (filename not available): BNGatewayAccess::UpdateGatewaysFromIni
[09/02/21 10:09:24] D2BS 12612: 00659D29 (Game): (filename not available): BNGatewayAccess::UpdateGatewaysFromIni
[09/02/21 10:09:24] D2BS 12612: 0065A54F (Game): (filename not available): BNGatewayAccess::UpdateGatewaysFromIni
[09/02/21 10:09:24] D2BS 12612: 006193F6 (Game): (filename not available): BNGatewayAccess::UpdateGatewaysFromIni
[09/02/21 10:09:24] D2BS 12612: 0044B93C (Game): (filename not available): BNGatewayAccess::CurGateway
[09/02/21 10:09:24] D2BS 12612: 0044B43C (Game): (filename not available): BNGatewayAccess::CurGateway
[09/02/21 10:09:24] D2BS 12612: 00405E6B (Game): (filename not available): (function-name not available)
[09/02/21 10:09:24] D2BS 12612: 004065C7 (Game): (filename not available): (function-name not available)
[09/02/21 10:09:24] D2BS 12612: 0040671F (Game): (filename not available): (function-name not available)
[09/02/21 10:09:24] D2BS 12612: 0068291C (Game): (filename not available): BNGatewayAccess::UpdateGatewaysFromIni
[09/02/21 10:09:24] D2BS 12612: 75C8FA29 (KERNEL32): (filename not available): BaseThreadInitThunk
[09/02/21 10:09:24] D2BS 12612: 771B7A7E (ntdll): (filename not available): RtlGetAppContainerNamedObjectPath
[09/02/21 10:09:24] D2BS 12612: 771B7A4E (ntdll): (filename not available): RtlGetAppContainerNamedObjectPath
[09/02/21 10:09:24] D2BS 12612: Crash File: BlizzardError/2021-09-02 10.09.23/Crash.txt
[09/02/21 10:09:24] D2BS 12612: D2BS Shutdown complete.
[09/02/21 10:09:25] D2BS 13924: D2BS Engine startup complete. 1.6.4U
[09/02/21 10:09:25] D2BS 13924: ColdSorc
[09/02/21 10:09:25] D2BS 13924: ÿc2D2BSÿc0 :: Switched to profile ColdSorc
[09/02/21 10:09:25] D2BS 13924: ÿc2D2BSÿc0 :: Engine startup complete!
[09/02/21 10:09:25] D2BS 13924: ÿc2D2BSÿc0 :: Starting D2BotLanFollow.dbj
[09/02/21 10:09:25] D2BS 13924: ÿc2D2BSÿc0 :: D2BotLanFollow.dbj running.
[09/02/21 10:09:25] D2BS 13924: ÿc2D2BSÿc0 :: Started Console Script
[09/02/21 10:09:28] D2BS 13924: Heartbeat loaded
[09/02/21 10:09:45] D2BS 13924: ÿc2D2BSÿc0 :: Starting default.dbj
[09/02/21 10:09:45] D2BS 13924: ÿc2D2BSÿc0 :: default.dbj running.
[09/02/21 10:09:45] D2BS 13924: AutoBuild: Including build template config/builds/sorceress.cold.js into default.dbj
[09/02/21 10:09:45] D2BS 13924: Updating Config from level 0 to 25
[09/02/21 10:09:45] D2BS 13924: ÿc4Loaded NIP: ÿc2LateGame.nipÿc4. Lines: ÿc281ÿc4. Valid entries: ÿc254. ÿc4Time: ÿc20 ms
[09/02/21 10:09:45] D2BS 13924: ÿc4Loaded NIP: ÿc2MidGame.nipÿc4. Lines: ÿc281ÿc4. Valid entries: ÿc246. ÿc4Time: ÿc20 ms
[09/02/21 10:09:45] D2BS 13924: ÿc4Loaded NIP: ÿc2EarlyGame.nipÿc4. Lines: ÿc231ÿc4. Valid entries: ÿc214. ÿc4Time: ÿc20 ms
[09/02/21 10:09:45] D2BS 13924: ÿc4Loaded NIP: ÿc2ColdRunes.nipÿc4. Lines: ÿc223ÿc4. Valid entries: ÿc212. ÿc4Time: ÿc20 ms
[09/02/21 10:09:45] D2BS 13924: ÿc4Loaded NIP: ÿc2Cold.xpac.nipÿc4. Lines: ÿc2130ÿc4. Valid entries: ÿc2113. ÿc4Time: ÿc216 ms
[09/02/21 10:09:45] D2BS 13924: ÿc4Loaded NIP: ÿc2PreMercLance.xpac.nipÿc4. Lines: ÿc27ÿc4. Valid entries: ÿc24. ÿc4Time: ÿc20 ms
[09/02/21 10:09:45] D2BS 13924: ÿc4Loaded NIP: ÿc2Merc.xpac.nipÿc4. Lines: ÿc217ÿc4. Valid entries: ÿc211. ÿc4Time: ÿc20 ms
[09/02/21 10:09:45] D2BS 13924: AutoBuild: Including build template config/builds/sorceress.cold.js into tools\autobuildthread.js
[09/02/21 10:09:45] D2BS 13924: ÿc4Loaded NIP: ÿc2MercLance.xpac.nipÿc4. Lines: ÿc217ÿc4. Valid entries: ÿc211. ÿc4Time: ÿc20 ms
[09/02/21 10:09:45] D2BS 13924: Updating Config from level 0 to 25
[09/02/21 10:09:45] D2BS 13924: AutoBuild: Loaded helper thread
[09/02/21 10:09:45] D2BS 13924: ÿc2Starting script: ÿc9LevelFollower
[09/02/21 10:09:45] D2BS 13924: AutoBuild: Including build template config/builds/sorceress.cold.js into tools\party.js
[09/02/21 10:09:45] D2BS 13924: initNPC: heal
[09/02/21 10:09:45] D2BS 13924: Updating Config from level 0 to 25
[09/02/21 10:09:45] D2BS 13924: ÿc2Party thread loaded. Mode: Accept
[09/02/21 10:09:45] D2BS 13924: ÿc3Start ToolsThread script
[09/02/21 10:09:45] D2BS 13924: AutoBuild: Including build template config/builds/sorceress.cold.js into tools\townchicken.js
[09/02/21 10:09:45] D2BS 13924: AutoBuild: Including build template config/builds/sorceress.cold.js into tools\toolsthread.js
[09/02/21 10:09:45] D2BS 13924: Updating Config from level 0 to 25
[09/02/21 10:09:45] D2BS 13924: Updating Config from level 0 to 25
[09/02/21 10:09:49] D2BS 13924: move retry 1
[09/02/21 10:09:54] D2BS 13924: initNPC: buyPotions
[09/02/21 10:09:55] D2BS 13924: initNPC: BuyPotions
[09/02/21 10:10:06] D2BS 13924: 79
[09/02/21 10:10:13] D2BS 13924: ÿc7Picked up ÿc0Scroll of Town Portal ÿc7(13/20)
[09/02/21 10:10:20] D2BS 13924: ÿc7Picked up ÿc4130 Gold
[09/02/21 10:10:24] D2BS 13924: ÿc7Picked up ÿc3Greater Mana Potion ÿc0(ilvl 1) (MidGame.nip #27)
[09/02/21 10:10:33] D2BS 13924: move retry 1
[09/02/21 10:10:56] D2BS 13924: ÿc7Picked up ÿc0Spear ÿc0(ilvl 22)
[09/02/21 10:10:57] D2BS 13924: ÿc7Picked up ÿc4112 Gold
[09/02/21 10:11:06] D2BS 13924: ÿc7Picked up ÿc1Greater Healing Potion ÿc0(ilvl 1) (MidGame.nip #28)
[09/02/21 10:11:11] D2BS 13924: move retry 1
[09/02/21 10:11:15] D2BS 13924: move retry 1
[09/02/21 10:11:37] D2BS 13924: ÿc7Picked up ÿc3Mana Potion ÿc0(ilvl 1) (MidGame.nip #25)
[09/02/21 10:12:04] D2BS 13924: ÿc7Picked up ÿc3Ring ÿc0(ilvl 22) (Cold.xpac.nip #104)
[09/02/21 10:12:12] D2BS 13924: move retry 1
[09/02/21 10:12:36] D2BS 13924: ÿc7Picked up ÿc3Mana Potion ÿc0(ilvl 1) (MidGame.nip #25)
[09/02/21 10:12:39] D2BS 13924: 79,80
[09/02/21 10:12:53] D2BS 13924: ÿc7Picked up ÿc3Greater Mana Potion ÿc0(ilvl 1) (MidGame.nip #27)
[09/02/21 10:12:57] D2BS 13924: ÿc7Picked up ÿc444 Gold
[09/02/21 10:12:57] D2BS 13924: ÿc7Picked up ÿc496 Gold
[09/02/21 10:13:15] D2BS 13924: ÿc7Picked up ÿc443 Gold
[09/02/21 10:13:27] D2BS 13924: ÿc7Picked up ÿc4126 Gold
[09/02/21 10:13:29] D2BS 13924: move retry 1
[09/02/21 10:13:33] D2BS 13924: move retry 1
[09/02/21 10:13:41] D2BS 13924: move retry 1
[09/02/21 10:13:54] D2BS 13924: 80,92
[09/02/21 10:14:03] D2BS 13924: ÿc7Picked up ÿc438 Gold
[09/02/21 10:14:15] D2BS 13924: move retry 1
[09/02/21 10:14:26] D2BS 13924: ÿc7Picked up ÿc3Greater Mana Potion ÿc0(ilvl 1) (MidGame.nip #27)
[09/02/21 10:14:47] D2BS 13924: move retry 1
[09/02/21 10:14:54] D2BS 13924: move retry 1
[09/02/21 10:14:56] D2BS 13924: move retry 1
[09/02/21 10:15:04] D2BS 13924: move retry 1
[09/02/21 10:15:40] D2BS 13924: move retry 1
[09/02/21 10:15:42] D2BS 13924: ÿc7Picked up ÿc1Healing Potion ÿc0(ilvl 1) (MidGame.nip #26)
[09/02/21 10:15:51] D2BS 13924: 75
[09/02/21 10:15:53] D2BS 13924: initNPC: heal
[09/02/21 10:15:58] D2BS 13924: move retry 1
[09/02/21 10:16:00] D2BS 13924: initNPC: identify
[09/02/21 10:16:02] D2BS 13924: ÿc4MiniShopBotÿc0: Scanning 56 items.
[09/02/21 10:16:03] D2BS 13924: LowGold sell Spear
[09/02/21 10:16:03] D2BS 13924: initNPC: clearInventory
[09/02/21 10:16:04] D2BS 13924: move retry 1
[09/02/21 10:16:08] D2BS 13924: initNPC: BuyPotions
[09/02/21 10:16:09] D2BS 13924: move retry 1
[09/02/21 10:16:15] D2BS 13924: move retry 1
[09/02/21 10:16:23] D2BS 13924: move retry 1
[09/02/21 10:16:26] D2BS 13924: initNPC: BuyPotions
[09/02/21 10:16:59] D2BS 13924: initNPC: BuyPotions
[09/02/21 10:17:03] D2BS 13924: move retry 1
[09/02/21 10:17:08] D2BS 13924: move retry 1
[09/02/21 10:17:15] D2BS 13924: move retry 1
[09/02/21 10:17:20] D2BS 13924: initNPC: BuyPotions
[09/02/21 10:17:46] D2BS 13924: move retry 1
[09/02/21 10:17:51] D2BS 13924: 93
[09/02/21 10:18:03] D2BS 13924: 75
[09/02/21 10:18:06] D2BS 13924: initNPC: heal
[09/02/21 10:18:11] D2BS 13924: initNPC: BuyPotions
[09/02/21 10:18:36] D2BS 13924: initNPC: BuyPotions
[09/02/21 10:18:37] D2BS 13924: move retry 1
[09/02/21 10:18:41] D2BS 13924: move retry 1
[09/02/21 10:18:52] D2BS 13924: 94
[09/02/21 10:19:14] D2BS 13924: ÿc7Picked up ÿc497 Gold
[09/02/21 10:19:14] D2BS 13924: ÿc7Picked up ÿc1Light Healing Potion ÿc0(ilvl 1) (EarlyGame.nip #31)
[09/02/21 10:19:23] D2BS 13924: ÿc4Attackÿc0: No valid positions for: Night Lord
[09/02/21 10:19:31] D2BS 13924: move retry 1
[09/02/21 10:19:33] D2BS 13924: ÿc7Picked up ÿc489 Gold
[09/02/21 10:19:42] D2BS 13924: 75
[09/02/21 10:19:45] D2BS 13924: initNPC: heal
[09/02/21 10:19:50] D2BS 13924: initNPC: buyPotions
[09/02/21 10:19:52] D2BS 13924: initNPC: BuyPotions
[09/02/21 10:20:04] D2BS 13924: move retry 1
[09/02/21 10:20:07] D2BS 13924: initNPC: BuyPotions
[09/02/21 10:20:31] D2BS 13924: initNPC: BuyPotions
[09/02/21 10:20:32] D2BS 13924: move retry 1
[09/02/21 10:20:45] D2BS 13924: move retry 1
[09/02/21 10:20:46] D2BS 13924: 80
[09/02/21 10:20:58] D2BS 13924: ÿc7Picked up ÿc0Superior Double Axe ÿc0(ilvl 23)
[09/02/21 10:21:02] D2BS 13924: ÿc7Picked up ÿc454 Gold
[09/02/21 10:21:24] D2BS 13924: ÿc7Picked up ÿc0Scroll of Town Portal ÿc7(14/20)
[09/02/21 10:21:35] D2BS 13924: ÿc7Picked up ÿc456 Gold
[09/02/21 10:21:41] D2BS 13924: move retry 1
[09/02/21 10:21:45] D2BS 13924: ÿc7Picked up ÿc4116 Gold
[09/02/21 10:21:52] D2BS 13924: ÿc7Picked up ÿc3Mana Potion ÿc0(ilvl 1) (MidGame.nip #25)
[09/02/21 10:21:53] D2BS 13924: move retry 2
[09/02/21 10:21:54] D2BS 13924: 80,81
[09/02/21 10:22:11] D2BS 13924: move retry 1
[09/02/21 10:22:15] D2BS 13924: move retry 1
[09/02/21 10:22:25] D2BS 13924: move retry 1
[09/02/21 10:22:46] D2BS 13924: ÿc7Picked up ÿc1Greater Healing Potion ÿc0(ilvl 1) (MidGame.nip #28)
[09/02/21 10:23:33] D2BS 13924: ÿc7Picked up ÿc4105 Gold
[09/02/21 10:23:34] D2BS 13924: ÿc7Picked up ÿc3Greater Mana Potion ÿc0(ilvl 1) (MidGame.nip #27)
[09/02/21 10:23:42] D2BS 13924: 82,83
[09/02/21 10:23:59] D2BS 13924: move retry 1
[09/02/21 10:25:29] D2BS 13924: ÿc1Skipping Faithful 438 16
[09/02/21 10:25:30] D2BS 13924: ÿc7Picked up ÿc3Greater Mana Potion ÿc0(ilvl 1) (MidGame.nip #27)
[09/02/21 10:25:31] D2BS 13924: ÿc7Picked up ÿc454 Gold
[09/02/21 10:25:57] D2BS 13924: ÿc7Picked up ÿc462 Gold
[09/02/21 10:26:08] D2BS 13924: ÿc7Picked up ÿc3Greater Mana Potion ÿc0(ilvl 1) (MidGame.nip #27)
[09/02/21 10:26:21] D2BS 13924: ÿc7Picked up ÿc0Scroll of Town Portal ÿc7(15/20)
[09/02/21 10:26:50] D2BS 13924: AutoBuild: Stat points: 10      Skill points: 3
[09/02/21 10:26:50] D2BS 13924: AutoBuild: Level up detected ( 25 --> 26 )
[09/02/21 10:26:50] D2BS 13924: AutoBuild: useSkillPoint(): Blizzard (59)
[09/02/21 10:26:51] D2BS 13924: AutoBuild: Skill (1/1) Increased Blizzard (59) by one (level:  2)
[09/02/21 10:26:51] D2BS 13924: AutoBuild: useStatPoint(0): Strength
[09/02/21 10:26:51] D2BS 13924: AutoBuild: Stat (1/5) Increased Strength from 34 to 35
[09/02/21 10:26:51] D2BS 13924: AutoBuild: useStatPoint(1): Energy
[09/02/21 10:26:51] D2BS 13924: AutoBuild: Stat (2/5) Increased Energy from 83 to 84
[09/02/21 10:26:51] D2BS 13924: AutoBuild: useStatPoint(1): Energy
[09/02/21 10:26:51] D2BS 13924: AutoBuild: Stat (3/5) Increased Energy from 84 to 85
[09/02/21 10:26:51] D2BS 13924: AutoBuild: useStatPoint(3): Vitality
[09/02/21 10:26:51] D2BS 13924: AutoBuild: Stat (4/5) Increased Vitality from 58 to 59
[09/02/21 10:26:51] D2BS 13924: AutoBuild: useStatPoint(3): Vitality
[09/02/21 10:26:51] D2BS 13924: AutoBuild: Stat (5/5) Increased Vitality from 59 to 60
[09/02/21 10:26:51] D2BS 13924: Updating Config from level 25 to 26
[09/02/21 10:26:51] D2BS 13924: Updating Config from level 25 to 26
[09/02/21 10:26:51] D2BS 13924: AutoBuild: Updating Config from level 25 to 26
[09/02/21 10:26:51] D2BS 13924: Updating Config from level 25 to 26
[09/02/21 10:26:51] D2BS 13924: Updating Config from level 25 to 26
[09/02/21 10:26:51] D2BS 13924: AutoBuild: Incrementing cached character level to 26
[09/02/21 10:26:58] D2BS 13924: ÿc7Picked up ÿc4112 Gold
[09/02/21 10:26:58] D2BS 13924: ÿc7Picked up ÿc0Low Quality Giant Sword ÿc0(ilvl 20)
[09/02/21 10:26:58] D2BS 13924: ÿc7Picked up ÿc0Full Helm ÿc0(ilvl 20)
[09/02/21 10:26:59] D2BS 13924: ÿc7Picked up ÿc4101 Gold
[09/02/21 10:27:02] D2BS 13924: ÿc7Picked up ÿc3Greater Mana Potion ÿc0(ilvl 1) (MidGame.nip #27)
[09/02/21 10:27:07] D2BS 13924: ÿc7Picked up ÿc0Scroll of Town Portal ÿc7(16/20)
[09/02/21 10:27:26] D2BS 13924: move retry 1
[09/02/21 10:28:17] D2BS 13924: ÿc7Picked up ÿc1Greater Healing Potion ÿc0(ilvl 1) (MidGame.nip #28)
[09/02/21 10:28:18] D2BS 13924: ÿc7Picked up ÿc0Scroll of Town Portal ÿc7(17/20)
[09/02/21 10:28:18] D2BS 13924: ÿc7Picked up ÿc1Greater Healing Potion ÿc0(ilvl 1) (MidGame.nip #28)
[09/02/21 10:28:32] D2BS 13924: ÿc7Picked up ÿc0Claws ÿc0(ilvl 20)
[09/02/21 10:28:36] D2BS 13924: move retry 1
[09/02/21 10:29:12] D2BS 13924: ÿc7Picked up ÿc3Brandistock ÿc0(ilvl 20) (PreMercLance.xpac.nip #4)
[09/02/21 10:29:12] D2BS 13924: ÿc7Picked up ÿc3Mana Potion ÿc0(ilvl 1) (MidGame.nip #25)
[09/02/21 10:29:13] D2BS 13924: ÿc7Picked up ÿc495 Gold
[09/02/21 10:29:13] D2BS 13924: ÿc7Picked up ÿc0Scroll of Town Portal ÿc7(18/20)
[09/02/21 10:29:13] D2BS 13924: ÿc7Picked up ÿc471 Gold
[09/02/21 10:29:13] D2BS 13924: ÿc7Trying to make room for ÿc0Battle Axe
[09/02/21 10:29:13] D2BS 13924: initNPC: heal
[09/02/21 10:29:17] D2BS 13924: initNPC: identify
[09/02/21 10:29:20] D2BS 13924: ÿc4MiniShopBotÿc0: Scanning 51 items.
[09/02/21 10:29:21] D2BS 13924: initNPC: buyPotions
[09/02/21 10:29:21] D2BS 13924: LowGold sell Superior Double Axe
[09/02/21 10:29:21] D2BS 13924: initNPC: clearInventory
[09/02/21 10:29:21] D2BS 13924: LowGold sell Low Quality Giant Sword
[09/02/21 10:29:21] D2BS 13924: initNPC: clearInventory
[09/02/21 10:29:23] D2BS 13924: LowGold sell Claws
[09/02/21 10:29:23] D2BS 13924: initNPC: clearInventory
[09/02/21 10:29:25] D2BS 13924: LowGold sell Superior Poleaxe
[09/02/21 10:29:25] D2BS 13924: initNPC: clearInventory
[09/02/21 10:29:28] D2BS 13924: LowGold sell Full Helm
[09/02/21 10:29:28] D2BS 13924: initNPC: clearInventory
[09/02/21 10:29:39] D2BS 13924: ÿc7Picked up ÿc0Battle Axe ÿc0(ilvl 22)
[09/02/21 10:29:47] D2BS 13924: ÿc7Picked up ÿc0Claymore ÿc0(ilvl 20)
[09/02/21 10:29:48] D2BS 13924: ÿc7Picked up ÿc495 Gold
[09/02/21 10:29:53] D2BS 13924: move retry 1
[09/02/21 10:30:03] D2BS 13924: move retry 1
[09/02/21 10:30:05] D2BS 13924: move retry 1
[09/02/21 10:30:05] D2BS 13924: ÿc7Picked up ÿc1Healing Potion ÿc0(ilvl 1) (MidGame.nip #26)
[09/02/21 10:30:07] D2BS 13924: move retry 1
[09/02/21 10:30:08] D2BS 13924: ÿc7Picked up ÿc4128 Gold
[09/02/21 10:30:11] D2BS 13924: ÿc7Picked up ÿc457 Gold
[09/02/21 10:30:13] D2BS 13924: ÿc7Picked up ÿc449 Gold
[09/02/21 10:30:15] D2BS 13924: ÿc7Picked up ÿc447 Gold
[09/02/21 10:30:15] D2BS 13924: ÿc7Picked up ÿc454 Gold
[09/02/21 10:30:16] D2BS 13924: ÿc7Picked up ÿc489 Gold
[09/02/21 10:30:16] D2BS 13924: ÿc7Picked up ÿc4116 Gold
[09/02/21 10:30:16] D2BS 13924: ÿc7Picked up ÿc4104 Gold
[09/02/21 10:30:16] D2BS 13924: ÿc7Picked up ÿc442 Gold
[09/02/21 10:30:16] D2BS 13924: ÿc7Picked up ÿc456 Gold
[09/02/21 10:30:23] D2BS 13924: ÿc1Pausing.
[09/02/21 10:30:24] D2BS 13924: initNPC: heal
[09/02/21 10:30:28] D2BS 13924: initNPC: identify
[09/02/21 10:30:29] D2BS 13924: ÿc4MiniShopBotÿc0: Scanning 62 items.
[09/02/21 10:30:30] D2BS 13924: initNPC: buyPotions
[09/02/21 10:30:31] D2BS 13924: LowGold sell Battle Axe
[09/02/21 10:30:31] D2BS 13924: initNPC: clearInventory
[09/02/21 10:30:31] D2BS 13924: LowGold sell Claymore
[09/02/21 10:30:31] D2BS 13924: initNPC: clearInventory
[09/02/21 10:30:39] D2BS 13924: initNPC: reviveMerc
[09/02/21 10:30:50] D2BS 13924: ÿc2Resuming.
[09/02/21 10:30:51] D2BS 13924: move retry 1
[09/02/21 10:30:56] D2BS 13924: move retry 1
[09/02/21 10:31:00] D2BS 13924: ÿc1Pausing.
[09/02/21 10:31:00] D2BS 13924: initNPC: heal
[09/02/21 10:31:05] D2BS 13924: initNPC: buyPotions
[09/02/21 10:31:10] D2BS 13924: ÿc2Resuming.
[09/02/21 10:31:15] D2BS 13924: ÿc7Picked up ÿc0Brandistock ÿc0(ilvl 22)
[09/02/21 10:31:15] D2BS 13924: ÿc7Picked up ÿc4105 Gold
[09/02/21 10:31:28] D2BS 13924: ÿc7Picked up ÿc440 Gold
[09/02/21 10:31:28] D2BS 13924: ÿc7Picked up ÿc1Light Healing Potion ÿc0(ilvl 1) (EarlyGame.nip #31)
[09/02/21 10:31:29] D2BS 13924: ÿc7Picked up ÿc3Hatchet Hands ÿc0(ilvl 26)
[09/02/21 10:31:29] D2BS 13924: ÿc7Picked up ÿc1Healing Potion ÿc0(ilvl 1) (MidGame.nip #26)
[09/02/21 10:31:29] D2BS 13924: ÿc7Picked up ÿc3Greater Mana Potion ÿc0(ilvl 1) (MidGame.nip #27)
[09/02/21 10:31:29] D2BS 13924: ÿc7Picked up ÿc3Greater Mana Potion ÿc0(ilvl 1) (MidGame.nip #27)
[09/02/21 10:31:29] D2BS 13924: ÿc7Picked up ÿc442 Gold
[09/02/21 10:31:52] D2BS 13924: move retry 1
[09/02/21 10:31:59] D2BS 13924: ÿc7Picked up ÿc1Healing Potion ÿc0(ilvl 1) (MidGame.nip #26)
[09/02/21 10:32:00] D2BS 13924: ÿc7Picked up ÿc0Scroll of Town Portal ÿc7(13/20)
[09/02/21 10:32:09] D2BS 13924: ÿc7Picked up ÿc3Ring ÿc0(ilvl 23) (Cold.xpac.nip #104)
[09/02/21 10:32:09] D2BS 13924: ÿc7Picked up ÿc0Kite Shield ÿc0(ilvl 23)
[09/02/21 10:32:10] D2BS 13924: ÿc7Picked up ÿc4133 Gold
[09/02/21 10:32:10] D2BS 13924: ÿc7Picked up ÿc474 Gold
[09/02/21 10:32:33] D2BS 13924: ÿc7Picked up ÿc437 Gold
[09/02/21 10:32:34] D2BS 13924: ÿc7Picked up ÿc4137 Gold
[09/02/21 10:32:34] D2BS 13924: ÿc7Picked up ÿc0Zombie Head ÿc0(ilvl 23)
[09/02/21 10:32:49] D2BS 13924: ÿc7Picked up ÿc428 Gold
[09/02/21 10:33:19] D2BS 13924: ÿc7Picked up ÿc3Greater Mana Potion ÿc0(ilvl 1) (MidGame.nip #27)
[09/02/21 10:33:19] D2BS 13924: ÿc7Picked up ÿc1Healing Potion ÿc0(ilvl 1) (MidGame.nip #26)
[09/02/21 10:33:19] D2BS 13924: ÿc7Picked up ÿc3Greater Mana Potion ÿc0(ilvl 1) (MidGame.nip #27)
[09/02/21 10:33:35] D2BS 13924: ÿc7Picked up ÿc0Claymore ÿc0(ilvl 23)
[09/02/21 10:33:58] D2BS 13924: ÿc7Picked up ÿc4121 Gold
[09/02/21 10:33:59] D2BS 13924: ÿc7Picked up ÿc1Light Healing Potion ÿc0(ilvl 1) (EarlyGame.nip #31)
[09/02/21 10:33:59] D2BS 13924: ÿc7Picked up ÿc1Healing Potion ÿc0(ilvl 1) (MidGame.nip #26)
[09/02/21 10:34:04] D2BS 13924: move retry 1
[09/02/21 10:34:18] D2BS 13924: ÿc7Picked up ÿc1Greater Healing Potion ÿc0(ilvl 1) (MidGame.nip #28)
[09/02/21 10:34:19] D2BS 13924: ÿc7Picked up ÿc3Greater Mana Potion ÿc0(ilvl 1) (MidGame.nip #27)
[09/02/21 10:34:19] D2BS 13924: ÿc7Picked up ÿc3Greater Mana Potion ÿc0(ilvl 1) (MidGame.nip #27)
[09/02/21 10:34:19] D2BS 13924: ÿc7Picked up ÿc3Ring ÿc0(ilvl 23) (Cold.xpac.nip #104)
[09/02/21 10:34:26] D2BS 13924: ÿc7Picked up ÿc0Scroll of Town Portal ÿc7(14/20)
[09/02/21 10:34:27] D2BS 13924: ÿc7Picked up ÿc3Greater Mana Potion ÿc0(ilvl 1) (MidGame.nip #27)
[09/02/21 10:34:27] D2BS 13924: ÿc7Picked up ÿc0Scroll of Town Portal ÿc7(15/20)
[09/02/21 10:34:41] D2BS 13924: ÿc7Picked up ÿc1Light Healing Potion ÿc0(ilvl 1) (EarlyGame.nip #31)
[09/02/21 10:34:41] D2BS 13924: ÿc7Picked up ÿc3Mana Potion ÿc0(ilvl 1) (MidGame.nip #25)
[09/02/21 10:34:43] D2BS 13924: ÿc7Picked up ÿc0Broad Axe ÿc0(ilvl 23)
[09/02/21 10:34:44] D2BS 13924: ÿc7Picked up ÿc4102 Gold
[09/02/21 10:34:55] D2BS 13924: ÿc7Picked up ÿc1Light Healing Potion ÿc0(ilvl 1) (EarlyGame.nip #31)
[09/02/21 10:35:04] D2BS 13924: move retry 1
[09/02/21 10:35:17] D2BS 13924: ÿc7Picked up ÿc492 Gold
[09/02/21 10:35:17] D2BS 13924: ÿc7Trying to make room for ÿc0Maul
[09/02/21 10:35:18] D2BS 13924: initNPC: heal
[09/02/21 10:35:26] D2BS 13924: initNPC: identify
[09/02/21 10:35:31] D2BS 13924: ÿc4MiniShopBotÿc0: Scanning 62 items.
[09/02/21 10:35:32] D2BS 13924: initNPC: buyPotions
[09/02/21 10:35:33] D2BS 13924: LowGold sell Brandistock
[09/02/21 10:35:33] D2BS 13924: initNPC: clearInventory
[09/02/21 10:35:33] D2BS 13924: LowGold sell Claymore
[09/02/21 10:35:33] D2BS 13924: initNPC: clearInventory
[09/02/21 10:35:35] D2BS 13924: LowGold sell Kite Shield
[09/02/21 10:35:35] D2BS 13924: initNPC: clearInventory
[09/02/21 10:35:37] D2BS 13924: LowGold sell Broad Axe
[09/02/21 10:35:37] D2BS 13924: initNPC: clearInventory
[09/02/21 10:35:39] D2BS 13924: LowGold sell Zombie Head
[09/02/21 10:35:39] D2BS 13924: initNPC: clearInventory
[09/02/21 10:35:48] D2BS 13924: ÿc7Picked up ÿc0Maul ÿc0(ilvl 23)
[09/02/21 10:35:48] D2BS 13924: ÿc7Picked up ÿc0Flawed Skull ÿc0(ilvl 1)
[09/02/21 10:35:48] D2BS 13924: ÿc7Picked up ÿc3Jewel ÿc0(ilvl 23)
[09/02/21 10:35:48] D2BS 13924: ÿc7Picked up ÿc0Maul ÿc0(ilvl 23)
[09/02/21 10:35:48] D2BS 13924: ÿc7Picked up ÿc480 Gold
[09/02/21 10:35:55] D2BS 13924: ÿc7Picked up ÿc0Balanced Knife ÿc0(ilvl 23)
[09/02/21 10:36:08] D2BS 13924: move retry 2
[09/02/21 10:36:10] D2BS 13924: 83
[09/02/21 10:36:20] D2BS 13924: move retry 1
[09/02/21 10:36:47] D2BS 13924: move retry 1
[09/02/21 10:37:37] D2BS 13924: move retry 1
[09/02/21 10:37:40] D2BS 13924: move retry 2
[09/02/21 10:37:49] D2BS 13924: move retry 3
[09/02/21 10:38:06] D2BS 13924: move retry 1
[09/02/21 10:38:16] D2BS 13924: move retry 2
[09/02/21 10:38:18] D2BS 13924: 75
[09/02/21 10:38:21] D2BS 13924: initNPC: heal
[09/02/21 10:38:30] D2BS 13924: initNPC: identify
[09/02/21 10:38:31] D2BS 13924: initNPC: fillTome
[09/02/21 10:38:32] D2BS 13924: ÿc4MiniShopBotÿc0: Scanning 42 items.
[09/02/21 10:38:32] D2BS 13924: initNPC: buyPotions
[09/02/21 10:38:33] D2BS 13924: LowGold sell Maul
[09/02/21 10:38:33] D2BS 13924: initNPC: clearInventory
[09/02/21 10:38:33] D2BS 13924: LowGold sell Flawed Skull
[09/02/21 10:38:33] D2BS 13924: initNPC: clearInventory
[09/02/21 10:38:35] D2BS 13924: LowGold sell Maul
[09/02/21 10:38:35] D2BS 13924: initNPC: clearInventory
[09/02/21 10:38:35] D2BS 13924: LowGold sell Balanced Knife
[09/02/21 10:38:35] D2BS 13924: initNPC: clearInventory
[09/02/21 10:38:41] D2BS 13924: initNPC: BuyPotions
[09/02/21 10:39:01] D2BS 13924: [Warning] Code(206) File(c:\users\gmcdo\documents\mykolbot\d2bs\kolbot\libs\common\prototypes.js:131) delay(0) called, argument must be >= 1
Line: (null)
[09/02/21 10:39:01] D2BS 13924: [Warning] Code(206) File(c:\users\gmcdo\documents\mykolbot\d2bs\kolbot\libs\common\prototypes.js:133) delay(0) called, argument must be >= 1
Line: (null)
[09/02/21 10:39:01] D2BS 13924: [ÿc9Warningÿc0 (206)] File(kolbot\libs\common\prototypes.js:131) delay(0) called, argument must be >= 1
[09/02/21 10:39:01] D2BS 13924: [ÿc9Warningÿc0 (206)] File(kolbot\libs\common\prototypes.js:133) delay(0) called, argument must be >= 1
[09/02/21 10:39:14] D2BS 13924: 83,100
[09/02/21 10:39:33] D2BS 13924: ÿc7Picked up ÿc436 Gold
[09/02/21 10:39:33] D2BS 13924: ÿc7Picked up ÿc0Flawed Diamond ÿc0(ilvl 1)
[09/02/21 10:39:54] D2BS 13924: move retry 1
[09/02/21 10:40:05] D2BS 13924: move retry 1
[09/02/21 10:40:09] D2BS 13924: 100,101
[09/02/21 10:40:15] D2BS 13924: move retry 1
[09/02/21 10:40:55] D2BS 13924: ÿc7Picked up ÿc3Greater Mana Potion ÿc0(ilvl 1) (MidGame.nip #27)
[09/02/21 10:40:57] D2BS 13924: ÿc7Picked up ÿc0Chipped Amethyst ÿc0(ilvl 1)
[09/02/21 10:40:58] D2BS 13924: ÿc7Picked up ÿc494 Gold
[09/02/21 10:41:27] D2BS 13924: ÿc7Picked up ÿc1Light Healing Potion ÿc0(ilvl 1) (EarlyGame.nip #31)
[09/02/21 10:41:36] D2BS 13924: ÿc7Picked up ÿc4123 Gold
[09/02/21 10:41:49] D2BS 13924: move retry 1
[09/02/21 10:42:18] D2BS 13924: ÿc7Picked up ÿc3Greater Mana Potion ÿc0(ilvl 1) (MidGame.nip #27)
[09/02/21 10:42:33] D2BS 13924: ÿc7Picked up ÿc469 Gold
[09/02/21 10:42:34] D2BS 13924: move retry 1
[09/02/21 10:42:44] D2BS 13924: ÿc7Picked up ÿc4125 Gold
[09/02/21 10:42:48] D2BS 13924: move retry 2
[09/02/21 10:42:52] D2BS 13924: move retry 1
[09/02/21 10:43:02] D2BS 13924: Script default.dbj ended
[09/02/21 10:43:02] D2BS 13924: Script tools\autobuildthread.js ended
[09/02/21 10:43:02] D2BS 13924: Script tools\party.js ended
[09/02/21 10:43:02] D2BS 13924: Script tools\toolsthread.js ended
[09/02/21 10:43:02] D2BS 13924: Script tools\townchicken.js ended
[09/02/21 10:43:07] D2BS 13924: Stack Walk Thread: 8452
[09/02/21 10:43:07] D2BS 13924: 771C2CFC (ntdll): (filename not available): NtDelayExecution
[09/02/21 10:43:07] D2BS 13924: 7571492F (KERNELBASE): (filename not available): Sleep
[09/02/21 10:43:07] D2BS 13924: 030C3C94 (D2BS): (filename not available): QueryInterface
[09/02/21 10:43:07] D2BS 13924: 75C8FA29 (KERNEL32): (filename not available): BaseThreadInitThunk
[09/02/21 10:43:07] D2BS 13924: 771B7A7E (ntdll): (filename not available): RtlGetAppContainerNamedObjectPath
[09/02/21 10:43:07] D2BS 13924: 771B7A4E (ntdll): (filename not available): RtlGetAppContainerNamedObjectPath
[09/02/21 10:43:07] D2BS 13924: Stack Walk Thread: 9076
[09/02/21 10:43:07] D2BS 13924: 771C29DC (ntdll): (filename not available): NtWaitForSingleObject
[09/02/21 10:43:07] D2BS 13924: 75701072 (KERNELBASE): (filename not available): WaitForSingleObject
[09/02/21 10:43:07] D2BS 13924: 004027E5 (Game): (filename not available): (function-name not available)
[09/02/21 10:43:07] D2BS 13924: 75C8FA29 (KERNEL32): (filename not available): BaseThreadInitThunk
[09/02/21 10:43:07] D2BS 13924: 771B7A7E (ntdll): (filename not available): RtlGetAppContainerNamedObjectPath
[09/02/21 10:43:07] D2BS 13924: 771B7A4E (ntdll): (filename not available): RtlGetAppContainerNamedObjectPath
[09/02/21 10:43:07] D2BS 13924: Stack Walk Thread: 10476
[09/02/21 10:43:07] D2BS 13924: 771C2CFC (ntdll): (filename not available): NtDelayExecution
[09/02/21 10:43:07] D2BS 13924: 7571492F (KERNELBASE): (filename not available): Sleep
[09/02/21 10:43:07] D2BS 13924: 004102FC (Game): (filename not available): (function-name not available)
[09/02/21 10:43:07] D2BS 13924: 75C8FA29 (KERNEL32): (filename not available): BaseThreadInitThunk
[09/02/21 10:43:07] D2BS 13924: 771B7A7E (ntdll): (filename not available): RtlGetAppContainerNamedObjectPath
[09/02/21 10:43:07] D2BS 13924: 771B7A4E (ntdll): (filename not available): RtlGetAppContainerNamedObjectPath
[09/02/21 10:43:07] D2BS 13924: Stack Walk Thread: 10492
[09/02/21 10:43:07] D2BS 13924: 771C29DC (ntdll): (filename not available): NtWaitForSingleObject
[09/02/21 10:43:07] D2BS 13924: 75701072 (KERNELBASE): (filename not available): WaitForSingleObject
[09/02/21 10:43:07] D2BS 13924: 0041A845 (Game): (filename not available): (function-name not available)
[09/02/21 10:43:07] D2BS 13924: 75C8FA29 (KERNEL32): (filename not available): BaseThreadInitThunk
[09/02/21 10:43:07] D2BS 13924: 771B7A7E (ntdll): (filename not available): RtlGetAppContainerNamedObjectPath
[09/02/21 10:43:07] D2BS 13924: 771B7A4E (ntdll): (filename not available): RtlGetAppContainerNamedObjectPath
[09/02/21 10:43:07] D2BS 13924: Stack Walk Thread: 1784
[09/02/21 10:43:07] D2BS 13924: 771C46EC (ntdll): (filename not available): ZwWaitForWorkViaWorkerFactory
[09/02/21 10:43:07] D2BS 13924: 75C8FA29 (KERNEL32): (filename not available): BaseThreadInitThunk
[09/02/21 10:43:07] D2BS 13924: 771B7A7E (ntdll): (filename not available): RtlGetAppContainerNamedObjectPath
[09/02/21 10:43:07] D2BS 13924: 771B7A4E (ntdll): (filename not available): RtlGetAppContainerNamedObjectPath
[09/02/21 10:43:07] D2BS 13924: Stack Walk Thread: 12860
[09/02/21 10:43:07] D2BS 13924: 771C29DC (ntdll): (filename not available): NtWaitForSingleObject
[09/02/21 10:43:07] D2BS 13924: 03147236 (D2BS): (filename not available): JS::CompileOptions::setFileAndLine
[09/02/21 10:43:07] D2BS 13924: 03232B1F (D2BS): (filename not available): JS_freeop
[09/02/21 10:43:07] D2BS 13924: 03231A5E (D2BS): (filename not available): JS_freeop
[09/02/21 10:43:07] D2BS 13924: 0315E4A2 (D2BS): (filename not available): JS::CompileOptions::setFileAndLine
[09/02/21 10:43:07] D2BS 13924: 75C8FA29 (KERNEL32): (filename not available): BaseThreadInitThunk
[09/02/21 10:43:07] D2BS 13924: 771B7A7E (ntdll): (filename not available): RtlGetAppContainerNamedObjectPath
[09/02/21 10:43:07] D2BS 13924: 771B7A4E (ntdll): (filename not available): RtlGetAppContainerNamedObjectPath
[09/02/21 10:43:07] D2BS 13924: Stack Walk Thread: 12848
[09/02/21 10:43:07] D2BS 13924: 771C2CFC (ntdll): (filename not available): NtDelayExecution
[09/02/21 10:43:07] D2BS 13924: 7571492F (KERNELBASE): (filename not available): Sleep
[09/02/21 10:43:07] D2BS 13924: 030CE2FD (D2BS): (filename not available): JS::CompileOptions::setFileAndLine
[09/02/21 10:43:07] D2BS 13924: 031501B1 (D2BS): (filename not available): JS::CompileOptions::setFileAndLine
[09/02/21 10:43:07] D2BS 13924: 03232B1F (D2BS): (filename not available): JS_freeop
[09/02/21 10:43:07] D2BS 13924: 03231A5E (D2BS): (filename not available): JS_freeop
[09/02/21 10:43:07] D2BS 13924: 0315E4A2 (D2BS): (filename not available): JS::CompileOptions::setFileAndLine
[09/02/21 10:43:07] D2BS 13924: 75C8FA29 (KERNEL32): (filename not available): BaseThreadInitThunk
[09/02/21 10:43:07] D2BS 13924: 771B7A7E (ntdll): (filename not available): RtlGetAppContainerNamedObjectPath
[09/02/21 10:43:07] D2BS 13924: 771B7A4E (ntdll): (filename not available): RtlGetAppContainerNamedObjectPath
[09/02/21 10:43:07] D2BS 13924: Stack Walk Thread: 6924
[09/02/21 10:43:07] D2BS 13924: 771C29DC (ntdll): (filename not available): NtWaitForSingleObject
[09/02/21 10:43:07] D2BS 13924: 03147236 (D2BS): (filename not available): JS::CompileOptions::setFileAndLine
[09/02/21 10:43:07] D2BS 13924: 03232B1F (D2BS): (filename not available): JS_freeop
[09/02/21 10:43:07] D2BS 13924: 03231A5E (D2BS): (filename not available): JS_freeop
[09/02/21 10:43:07] D2BS 13924: 0315E4A2 (D2BS): (filename not available): JS::CompileOptions::setFileAndLine
[09/02/21 10:43:07] D2BS 13924: 75C8FA29 (KERNEL32): (filename not available): BaseThreadInitThunk
[09/02/21 10:43:07] D2BS 13924: 771B7A7E (ntdll): (filename not available): RtlGetAppContainerNamedObjectPath
[09/02/21 10:43:07] D2BS 13924: 771B7A4E (ntdll): (filename not available): RtlGetAppContainerNamedObjectPath
[09/02/21 10:43:07] D2BS 13924: Stack Walk Thread: 7696
[09/02/21 10:43:07] D2BS 13924: 771C46EC (ntdll): (filename not available): ZwWaitForWorkViaWorkerFactory
[09/02/21 10:43:07] D2BS 13924: 75C8FA29 (KERNEL32): (filename not available): BaseThreadInitThunk
[09/02/21 10:43:07] D2BS 13924: 771B7A7E (ntdll): (filename not available): RtlGetAppContainerNamedObjectPath
[09/02/21 10:43:07] D2BS 13924: 771B7A4E (ntdll): (filename not available): RtlGetAppContainerNamedObjectPath
[09/02/21 10:43:07] D2BS 13924: Stack Walk Thread: 9848
[09/02/21 10:43:07] D2BS 13924: 030CB024 (D2BS): (filename not available): JSAutoStructuredCloneBuffer::JSAutoStructuredCloneBuffer
[09/02/21 10:43:07] D2BS 13924: 030C37F8 (D2BS): (filename not available): QueryInterface
[09/02/21 10:43:07] D2BS 13924: 00408A05 (Game): (filename not available): (function-name not available)
[09/02/21 10:43:07] D2BS 13924: 00408A81 (Game): (filename not available): (function-name not available)
[09/02/21 10:43:07] D2BS 13924: 006123A3 (Game): (filename not available): BNGatewayAccess::UpdateGatewaysFromIni
[09/02/21 10:43:07] D2BS 13924: 00613D0C (Game): (filename not available): BNGatewayAccess::UpdateGatewaysFromIni
[09/02/21 10:43:07] D2BS 13924: 00619358 (Game): (filename not available): BNGatewayAccess::UpdateGatewaysFromIni
[09/02/21 10:43:07] D2BS 13924: 0044B93C (Game): (filename not available): BNGatewayAccess::CurGateway
[09/02/21 10:43:07] D2BS 13924: 0044B43C (Game): (filename not available): BNGatewayAccess::CurGateway
[09/02/21 10:43:07] D2BS 13924: 00405E6B (Game): (filename not available): (function-name not available)
[09/02/21 10:43:07] D2BS 13924: 004065C7 (Game): (filename not available): (function-name not available)
[09/02/21 10:43:07] D2BS 13924: 0040671F (Game): (filename not available): (function-name not available)
[09/02/21 10:43:07] D2BS 13924: 0068291C (Game): (filename not available): BNGatewayAccess::UpdateGatewaysFromIni
[09/02/21 10:43:07] D2BS 13924: 75C8FA29 (KERNEL32): (filename not available): BaseThreadInitThunk
[09/02/21 10:43:07] D2BS 13924: 771B7A7E (ntdll): (filename not available): RtlGetAppContainerNamedObjectPath
[09/02/21 10:43:07] D2BS 13924: 771B7A4E (ntdll): (filename not available): RtlGetAppContainerNamedObjectPath
[09/02/21 10:43:07] D2BS 13924: Crash File: BlizzardError/2021-09-02 10.43.07/Crash.txt
[09/02/21 10:43:07] D2BS 13924: D2BS Shutdown complete.
[09/02/21 10:43:09] D2BS 6544: D2BS Engine startup complete. 1.6.4U
[09/02/21 10:43:09] D2BS 6544: ColdSorc
[09/02/21 10:43:09] D2BS 6544: ÿc2D2BSÿc0 :: Switched to profile ColdSorc
[09/02/21 10:43:09] D2BS 6544: ÿc2D2BSÿc0 :: Engine startup complete!
[09/02/21 10:43:09] D2BS 6544: ÿc2D2BSÿc0 :: Starting D2BotLanFollow.dbj
[09/02/21 10:43:09] D2BS 6544: ÿc2D2BSÿc0 :: D2BotLanFollow.dbj running.
[09/02/21 10:43:09] D2BS 6544: ÿc2D2BSÿc0 :: Started Console Script
[09/02/21 10:43:11] D2BS 6544: Heartbeat loaded
[09/02/21 10:43:30] D2BS 6544: ÿc2D2BSÿc0 :: Starting default.dbj
[09/02/21 10:43:30] D2BS 6544: ÿc2D2BSÿc0 :: default.dbj running.
[09/02/21 10:43:30] D2BS 6544: AutoBuild: Including build template config/builds/sorceress.cold.js into default.dbj
[09/02/21 10:43:30] D2BS 6544: Updating Config from level 0 to 26
[09/02/21 10:43:30] D2BS 6544: ÿc4Loaded NIP: ÿc2LateGame.nipÿc4. Lines: ÿc281ÿc4. Valid entries: ÿc254. ÿc4Time: ÿc216 ms
[09/02/21 10:43:30] D2BS 6544: ÿc4Loaded NIP: ÿc2MidGame.nipÿc4. Lines: ÿc281ÿc4. Valid entries: ÿc246. ÿc4Time: ÿc20 ms
[09/02/21 10:43:30] D2BS 6544: ÿc4Loaded NIP: ÿc2EarlyGame.nipÿc4. Lines: ÿc231ÿc4. Valid entries: ÿc214. ÿc4Time: ÿc20 ms
[09/02/21 10:43:30] D2BS 6544: ÿc4Loaded NIP: ÿc2ColdRunes.nipÿc4. Lines: ÿc223ÿc4. Valid entries: ÿc212. ÿc4Time: ÿc20 ms
[09/02/21 10:43:30] D2BS 6544: ÿc4Loaded NIP: ÿc2Cold.xpac.nipÿc4. Lines: ÿc2130ÿc4. Valid entries: ÿc2113. ÿc4Time: ÿc20 ms
[09/02/21 10:43:30] D2BS 6544: ÿc4Loaded NIP: ÿc2PreMercLance.xpac.nipÿc4. Lines: ÿc27ÿc4. Valid entries: ÿc24. ÿc4Time: ÿc20 ms
[09/02/21 10:43:30] D2BS 6544: ÿc4Loaded NIP: ÿc2Merc.xpac.nipÿc4. Lines: ÿc217ÿc4. Valid entries: ÿc211. ÿc4Time: ÿc20 ms
[09/02/21 10:43:30] D2BS 6544: ÿc4Loaded NIP: ÿc2MercLance.xpac.nipÿc4. Lines: ÿc217ÿc4. Valid entries: ÿc211. ÿc4Time: ÿc20 ms
[09/02/21 10:43:30] D2BS 6544: AutoBuild: Including build template config/builds/sorceress.cold.js into tools\autobuildthread.js
[09/02/21 10:43:30] D2BS 6544: LowGold sell Flawed Skull
[09/02/21 10:43:30] D2BS 6544: initNPC: clearInventory
[09/02/21 10:43:30] D2BS 6544: Updating Config from level 0 to 26
[09/02/21 10:43:30] D2BS 6544: AutoBuild: Loaded helper thread
[09/02/21 10:43:30] D2BS 6544: AutoBuild: Including build template config/builds/sorceress.cold.js into tools\party.js
[09/02/21 10:43:30] D2BS 6544: Updating Config from level 0 to 26
[09/02/21 10:43:30] D2BS 6544: ÿc2Party thread loaded. Mode: Accept
[09/02/21 10:43:30] D2BS 6544: AutoBuild: Including build template config/builds/sorceress.cold.js into tools\townchicken.js
[09/02/21 10:43:30] D2BS 6544: ÿc3Start ToolsThread script
[09/02/21 10:43:30] D2BS 6544: Updating Config from level 0 to 26
[09/02/21 10:43:30] D2BS 6544: AutoBuild: Including build template config/builds/sorceress.cold.js into tools\toolsthread.js
[09/02/21 10:43:30] D2BS 6544: Updating Config from level 0 to 26
[09/02/21 10:43:38] D2BS 6544: LowGold sell Chipped Amethyst
[09/02/21 10:43:38] D2BS 6544: initNPC: clearInventory
[09/02/21 10:43:40] D2BS 6544: LowGold sell Flawed Diamond
[09/02/21 10:43:40] D2BS 6544: initNPC: clearInventory
[09/02/21 10:43:42] D2BS 6544: ÿc2Starting script: ÿc9LevelFollower
[09/02/21 10:43:42] D2BS 6544: ÿc4MiniShopBotÿc0: Scanning 58 items.
[09/02/21 10:43:43] D2BS 6544: initNPC: buyPotions
[09/02/21 10:43:49] D2BS 6544: initNPC: BuyPotions
[09/02/21 10:44:07] D2BS 6544: 101
[09/02/21 10:44:14] D2BS 6544: move retry 1
[09/02/21 10:44:35] D2BS 6544: ÿc7Picked up ÿc9Ring ÿc0(ilvl 24) (Cold.xpac.nip #104)
[09/02/21 10:44:36] D2BS 6544: ÿc7Picked up ÿc0Blade Talons ÿc0(ilvl 24)
[09/02/21 10:44:38] D2BS 6544: ÿc7Picked up ÿc452 Gold
[09/02/21 10:44:43] D2BS 6544: move retry 1
[09/02/21 10:44:54] D2BS 6544: move retry 1
[09/02/21 10:45:03] D2BS 6544: move retry 1
[09/02/21 10:45:03] D2BS 6544: ÿc7Picked up ÿc496 Gold
[09/02/21 10:45:14] D2BS 6544: ÿc7Picked up ÿc477 Gold
[09/02/21 10:45:22] D2BS 6544: 75
[09/02/21 10:45:23] D2BS 6544: initNPC: heal
[09/02/21 10:45:29] D2BS 6544: initNPC: identify
[09/02/21 10:45:32] D2BS 6544: ÿc4MiniShopBotÿc0: Scanning 67 items.
[09/02/21 10:45:33] D2BS 6544: LowGold sell Blade Talons
[09/02/21 10:45:33] D2BS 6544: initNPC: clearInventory
[09/02/21 10:45:38] D2BS 6544: initNPC: BuyPotions
[09/02/21 10:45:53] D2BS 6544: 102
[09/02/21 10:46:14] D2BS 6544: move retry 1
[09/02/21 10:46:43] D2BS 6544: ÿc7Picked up ÿc3Greater Mana Potion ÿc0(ilvl 1) (MidGame.nip #27)
[09/02/21 10:46:50] D2BS 6544: move retry 1
[09/02/21 10:46:52] D2BS 6544: move retry 1
[09/02/21 10:46:54] D2BS 6544: ÿc7Picked up ÿc3Mana Potion ÿc0(ilvl 1) (MidGame.nip #25)
[09/02/21 10:47:11] D2BS 6544: move retry 1
[09/02/21 10:47:14] D2BS 6544: move retry 1
[09/02/21 10:47:30] D2BS 6544: move retry 1
[09/02/21 10:47:32] D2BS 6544: 75
[09/02/21 10:47:35] D2BS 6544: initNPC: heal
[09/02/21 10:47:40] D2BS 6544: initNPC: buyPotions
[09/02/21 10:47:47] D2BS 6544: initNPC: BuyPotions
[09/02/21 10:47:57] D2BS 6544: move retry 1
[09/02/21 10:48:03] D2BS 6544: move retry 1
[09/02/21 10:48:05] D2BS 6544: 102
[09/02/21 10:48:20] D2BS 6544: ÿc7Picked up ÿc0Spear ÿc0(ilvl 25)
[09/02/21 10:48:25] D2BS 6544: ÿc7Picked up ÿc3Greater Mana Potion ÿc0(ilvl 1) (MidGame.nip #27)
[09/02/21 10:48:27] D2BS 6544: move retry 1
[09/02/21 10:48:29] D2BS 6544: move retry 1
[09/02/21 10:48:35] D2BS 6544: ÿc7Picked up ÿc471 Gold
[09/02/21 10:49:02] D2BS 6544: move retry 1
[09/02/21 10:49:25] D2BS 6544: ÿc7Picked up ÿc9Crossbow ÿc0(ilvl 26)
[09/02/21 10:49:29] D2BS 6544: ÿc7Picked up ÿc427 Gold
[09/02/21 10:49:30] D2BS 6544: ÿc7Picked up ÿc484 Gold
[09/02/21 10:49:30] D2BS 6544: ÿc7Picked up ÿc4130 Gold
[09/02/21 10:49:30] D2BS 6544: ÿc7Picked up ÿc433 Gold
[09/02/21 10:49:31] D2BS 6544: ÿc7Picked up ÿc476 Gold
[09/02/21 10:49:32] D2BS 6544: ÿc7Picked up ÿc4130 Gold
[09/02/21 10:49:32] D2BS 6544: ÿc7Picked up ÿc438 Gold
[09/02/21 10:49:32] D2BS 6544: ÿc7Picked up ÿc432 Gold
[09/02/21 10:49:32] D2BS 6544: ÿc7Picked up ÿc463 Gold
[09/02/21 10:49:56] D2BS 6544: move retry 1
[09/02/21 10:50:28] D2BS 6544: move retry 1
[09/02/21 10:50:35] D2BS 6544: move retry 1
[09/02/21 10:50:57] D2BS 6544: move retry 1
[09/02/21 10:51:05] D2BS 6544: move retry 1
[09/02/21 10:51:10] D2BS 6544: move retry 1
[09/02/21 10:51:12] D2BS 6544: move retry 1
[09/02/21 10:51:13] D2BS 6544: move retry 1
[09/02/21 10:51:15] D2BS 6544: move retry 1
[09/02/21 10:51:16] D2BS 6544: move retry 1
[09/02/21 10:51:17] D2BS 6544: move retry 1
[09/02/21 10:51:19] D2BS 6544: move retry 1
[09/02/21 10:51:20] D2BS 6544: move retry 1
[09/02/21 10:51:22] D2BS 6544: move retry 1
[09/02/21 10:51:23] D2BS 6544: move retry 1
[09/02/21 10:51:25] D2BS 6544: move retry 1
[09/02/21 10:51:25] D2BS 6544: move retry 1
[09/02/21 10:51:28] D2BS 6544: move retry 1
[09/02/21 10:51:29] D2BS 6544: move retry 1
[09/02/21 10:51:30] D2BS 6544: move retry 1
[09/02/21 10:51:32] D2BS 6544: move retry 1
[09/02/21 10:51:33] D2BS 6544: move retry 1
[09/02/21 10:51:35] D2BS 6544: move retry 1
[09/02/21 10:51:36] D2BS 6544: move retry 1
[09/02/21 10:51:36] D2BS 6544: move retry 1
[09/02/21 10:51:38] D2BS 6544: move retry 1
[09/02/21 10:51:39] D2BS 6544: move retry 1
[09/02/21 10:51:47] D2BS 6544: move retry 1
[09/02/21 10:51:48] D2BS 6544: move retry 1
[09/02/21 10:51:50] D2BS 6544: move retry 1
[09/02/21 10:51:51] D2BS 6544: move retry 1
[09/02/21 10:51:53] D2BS 6544: move retry 1
[09/02/21 10:51:54] D2BS 6544: move retry 1
[09/02/21 10:51:56] D2BS 6544: move retry 1
[09/02/21 10:51:57] D2BS 6544: move retry 1
[09/02/21 10:51:59] D2BS 6544: move retry 1
[09/02/21 10:52:00] D2BS 6544: move retry 1
[09/02/21 10:52:04] D2BS 6544: move retry 1
[09/02/21 10:52:05] D2BS 6544: move retry 1
[09/02/21 10:52:07] D2BS 6544: move retry 1
[09/02/21 10:52:08] D2BS 6544: move retry 1
[09/02/21 10:52:10] D2BS 6544: move retry 1
[09/02/21 10:52:11] D2BS 6544: move retry 1
[09/02/21 10:52:13] D2BS 6544: move retry 1
[09/02/21 10:52:15] D2BS 6544: move retry 1
[09/02/21 10:52:18] D2BS 6544: move retry 1
[09/02/21 10:52:19] D2BS 6544: move retry 1
[09/02/21 10:52:25] D2BS 6544: move retry 1
[09/02/21 10:52:26] D2BS 6544: move retry 1
[09/02/21 10:52:28] D2BS 6544: move retry 1
[09/02/21 10:52:29] D2BS 6544: move retry 1
[09/02/21 10:52:31] D2BS 6544: move retry 1
[09/02/21 10:52:32] D2BS 6544: move retry 1
[09/02/21 10:52:35] D2BS 6544: move retry 1
[09/02/21 10:52:37] D2BS 6544: move retry 1
[09/02/21 10:52:40] D2BS 6544: move retry 1
[09/02/21 10:52:42] D2BS 6544: move retry 1
[09/02/21 10:52:44] D2BS 6544: move retry 1
[09/02/21 10:52:47] D2BS 6544: move retry 1
[09/02/21 10:52:50] D2BS 6544: move retry 1
[09/02/21 10:52:52] D2BS 6544: move retry 1
[09/02/21 10:52:55] D2BS 6544: move retry 1
[09/02/21 10:52:57] D2BS 6544: move retry 1
[09/02/21 10:53:00] D2BS 6544: move retry 1
[09/02/21 10:53:02] D2BS 6544: move retry 1
[09/02/21 10:53:05] D2BS 6544: move retry 1
[09/02/21 10:53:07] D2BS 6544: move retry 1
[09/02/21 10:53:10] D2BS 6544: move retry 1
[09/02/21 10:53:12] D2BS 6544: move retry 1
[09/02/21 10:53:14] D2BS 6544: move retry 1
[09/02/21 10:53:17] D2BS 6544: move retry 1
[09/02/21 10:53:19] D2BS 6544: move retry 1
[09/02/21 10:53:21] D2BS 6544: move retry 1
[09/02/21 10:53:24] D2BS 6544: move retry 1
[09/02/21 10:53:26] D2BS 6544: move retry 1
[09/02/21 10:53:29] D2BS 6544: move retry 1
[09/02/21 10:53:31] D2BS 6544: move retry 1
[09/02/21 10:53:34] D2BS 6544: move retry 1
[09/02/21 10:53:36] D2BS 6544: move retry 1
[09/02/21 10:53:38] D2BS 6544: 75
[09/02/21 10:53:41] D2BS 6544: initNPC: heal
[09/02/21 10:53:52] D2BS 6544: initNPC: identify
[09/02/21 10:53:53] D2BS 6544: ÿc4MiniShopBotÿc0: Scanning 50 items.
[09/02/21 10:53:54] D2BS 6544: initNPC: buyPotions
[09/02/21 10:53:55] D2BS 6544: LowGold sell Spear
[09/02/21 10:53:55] D2BS 6544: initNPC: clearInventory
[09/02/21 10:54:00] D2BS 6544: initNPC: BuyPotions
[09/02/21 10:54:11] D2BS 6544: Script default.dbj ended
[09/02/21 10:54:11] D2BS 6544: Script tools\autobuildthread.js ended
[09/02/21 10:54:11] D2BS 6544: Script tools\party.js ended
[09/02/21 10:54:11] D2BS 6544: Script tools\toolsthread.js ended
[09/02/21 10:54:11] D2BS 6544: Script tools\townchicken.js ended
[09/02/21 10:54:50] D2BS 6544: Error: login time out null
[09/02/21 10:54:57] D2BS 6544: ÿc2D2BSÿc0 :: Starting default.dbj
[09/02/21 10:54:57] D2BS 6544: ÿc2D2BSÿc0 :: default.dbj running.
[09/02/21 10:54:57] D2BS 6544: AutoBuild: Including build template config/builds/sorceress.cold.js into default.dbj
[09/02/21 10:54:57] D2BS 6544: Updating Config from level 0 to 26
[09/02/21 10:54:57] D2BS 6544: ÿc4Loaded NIP: ÿc2LateGame.nipÿc4. Lines: ÿc281ÿc4. Valid entries: ÿc254. ÿc4Time: ÿc20 ms
[09/02/21 10:54:57] D2BS 6544: ÿc4Loaded NIP: ÿc2MidGame.nipÿc4. Lines: ÿc281ÿc4. Valid entries: ÿc246. ÿc4Time: ÿc20 ms
[09/02/21 10:54:57] D2BS 6544: ÿc4Loaded NIP: ÿc2EarlyGame.nipÿc4. Lines: ÿc231ÿc4. Valid entries: ÿc214. ÿc4Time: ÿc215 ms
[09/02/21 10:54:57] D2BS 6544: ÿc4Loaded NIP: ÿc2ColdRunes.nipÿc4. Lines: ÿc223ÿc4. Valid entries: ÿc212. ÿc4Time: ÿc20 ms
[09/02/21 10:54:57] D2BS 6544: ÿc4Loaded NIP: ÿc2Cold.xpac.nipÿc4. Lines: ÿc2130ÿc4. Valid entries: ÿc2113. ÿc4Time: ÿc20 ms
[09/02/21 10:54:57] D2BS 6544: ÿc4Loaded NIP: ÿc2PreMercLance.xpac.nipÿc4. Lines: ÿc27ÿc4. Valid entries: ÿc24. ÿc4Time: ÿc20 ms
[09/02/21 10:54:57] D2BS 6544: ÿc4Loaded NIP: ÿc2Merc.xpac.nipÿc4. Lines: ÿc217ÿc4. Valid entries: ÿc211. ÿc4Time: ÿc20 ms
[09/02/21 10:54:57] D2BS 6544: AutoBuild: Including build template config/builds/sorceress.cold.js into tools\autobuildthread.js
[09/02/21 10:54:57] D2BS 6544: ÿc4Loaded NIP: ÿc2MercLance.xpac.nipÿc4. Lines: ÿc217ÿc4. Valid entries: ÿc211. ÿc4Time: ÿc20 ms
[09/02/21 10:54:57] D2BS 6544: Updating Config from level 0 to 26
[09/02/21 10:54:57] D2BS 6544: AutoBuild: Loaded helper thread
[09/02/21 10:54:57] D2BS 6544: ÿc2Starting script: ÿc9LevelFollower
[09/02/21 10:54:57] D2BS 6544: AutoBuild: Including build template config/builds/sorceress.cold.js into tools\party.js
[09/02/21 10:54:57] D2BS 6544: Updating Config from level 0 to 26
[09/02/21 10:54:57] D2BS 6544: ÿc2Party thread loaded. Mode: Accept
[09/02/21 10:54:57] D2BS 6544: initNPC: BuyPotions
[09/02/21 10:54:57] D2BS 6544: AutoBuild: Including build template config/builds/sorceress.cold.js into tools\townchicken.js
[09/02/21 10:54:57] D2BS 6544: Updating Config from level 0 to 26
[09/02/21 10:54:57] D2BS 6544: ÿc3Start ToolsThread script
[09/02/21 10:54:57] D2BS 6544: AutoBuild: Including build template config/builds/sorceress.cold.js into tools\toolsthread.js
[09/02/21 10:54:57] D2BS 6544: Updating Config from level 0 to 26
[09/02/21 10:55:14] D2BS 6544: 101
[09/02/21 10:55:45] D2BS 6544: ÿc7Picked up ÿc3Mana Potion ÿc0(ilvl 1) (MidGame.nip #25)
[09/02/21 10:55:45] D2BS 6544: ÿc7Picked up ÿc1Greater Healing Potion ÿc0(ilvl 1) (MidGame.nip #28)
[09/02/21 10:55:45] D2BS 6544: ÿc7Picked up ÿc1Greater Healing Potion ÿc0(ilvl 1) (MidGame.nip #28)
[09/02/21 10:55:45] D2BS 6544: ÿc7Picked up ÿc0Balanced Axe ÿc0(ilvl 27)
[09/02/21 10:55:46] D2BS 6544: ÿc7Picked up ÿc3Greater Mana Potion ÿc0(ilvl 1) (MidGame.nip #27)
[09/02/21 10:55:47] D2BS 6544: ÿc7Picked up ÿc452 Gold
[09/02/21 10:55:47] D2BS 6544: ÿc7Picked up ÿc3Greater Mana Potion ÿc0(ilvl 1) (MidGame.nip #27)
[09/02/21 10:55:47] D2BS 6544: 101,102
[09/02/21 10:55:56] D2BS 6544: ÿc7Picked up ÿc0Pilum ÿc0(ilvl 25)
[09/02/21 10:56:06] D2BS 6544: move retry 1
[09/02/21 10:56:07] D2BS 6544: ÿc7Picked up ÿc0War Scepter ÿc0(ilvl 25)
[09/02/21 10:56:09] D2BS 6544: move retry 1
[09/02/21 10:56:10] D2BS 6544: 75
[09/02/21 10:56:12] D2BS 6544: initNPC: heal
[09/02/21 10:56:16] D2BS 6544: move retry 1
[09/02/21 10:56:18] D2BS 6544: initNPC: identify
[09/02/21 10:56:19] D2BS 6544: ÿc4MiniShopBotÿc0: Scanning 48 items.
[09/02/21 10:56:20] D2BS 6544: initNPC: buyPotions
[09/02/21 10:56:20] D2BS 6544: LowGold sell Balanced Axe
[09/02/21 10:56:20] D2BS 6544: initNPC: clearInventory
[09/02/21 10:56:21] D2BS 6544: LowGold sell Pilum
[09/02/21 10:56:21] D2BS 6544: initNPC: clearInventory
[09/02/21 10:56:23] D2BS 6544: LowGold sell War Scepter
[09/02/21 10:56:23] D2BS 6544: initNPC: clearInventory
[09/02/21 10:56:30] D2BS 6544: initNPC: BuyPotions
[09/02/21 10:56:37] D2BS 6544: move retry 1
[09/02/21 10:56:46] D2BS 6544: 102
[09/02/21 10:57:32] D2BS 6544: ÿc7Picked up ÿc0Blade Talons ÿc0(ilvl 25)
[09/02/21 10:57:43] D2BS 6544: 75
[09/02/21 10:57:46] D2BS 6544: initNPC: heal
[09/02/21 10:57:46] D2BS 6544: move retry 1
[09/02/21 10:57:52] D2BS 6544: initNPC: identify
[09/02/21 10:57:53] D2BS 6544: ÿc4MiniShopBotÿc0: Scanning 50 items.
[09/02/21 10:57:54] D2BS 6544: initNPC: buyPotions
[09/02/21 10:57:54] D2BS 6544: LowGold sell Blade Talons
[09/02/21 10:57:54] D2BS 6544: initNPC: clearInventory
[09/02/21 10:57:54] D2BS 6544: initNPC: BuyPotions
[09/02/21 10:58:06] D2BS 6544: initNPC: BuyPotions
[09/02/21 10:58:11] D2BS 6544: move retry 1
[09/02/21 10:58:20] D2BS 6544: move retry 1
[09/02/21 10:58:32] D2BS 6544: initNPC: BuyPotions
[09/02/21 10:58:46] D2BS 6544: Script default.dbj ended
[09/02/21 10:58:46] D2BS 6544: Script tools\autobuildthread.js ended
[09/02/21 10:58:46] D2BS 6544: Script tools\party.js ended
[09/02/21 10:58:46] D2BS 6544: Script tools\toolsthread.js ended
[09/02/21 10:58:46] D2BS 6544: Script tools\townchicken.js ended
[09/02/21 10:58:54] D2BS 6544: ÿc2D2BSÿc0 :: Starting default.dbj
[09/02/21 10:58:54] D2BS 6544: ÿc2D2BSÿc0 :: default.dbj running.
[09/02/21 10:58:54] D2BS 6544: AutoBuild: Including build template config/builds/sorceress.cold.js into default.dbj
[09/02/21 10:58:54] D2BS 6544: Updating Config from level 0 to 26
[09/02/21 10:58:54] D2BS 6544: ÿc4Loaded NIP: ÿc2LateGame.nipÿc4. Lines: ÿc281ÿc4. Valid entries: ÿc254. ÿc4Time: ÿc215 ms
[09/02/21 10:58:54] D2BS 6544: ÿc4Loaded NIP: ÿc2MidGame.nipÿc4. Lines: ÿc281ÿc4. Valid entries: ÿc246. ÿc4Time: ÿc20 ms
[09/02/21 10:58:54] D2BS 6544: ÿc4Loaded NIP: ÿc2EarlyGame.nipÿc4. Lines: ÿc231ÿc4. Valid entries: ÿc214. ÿc4Time: ÿc20 ms
[09/02/21 10:58:54] D2BS 6544: ÿc4Loaded NIP: ÿc2ColdRunes.nipÿc4. Lines: ÿc223ÿc4. Valid entries: ÿc212. ÿc4Time: ÿc20 ms
[09/02/21 10:58:54] D2BS 6544: ÿc4Loaded NIP: ÿc2Cold.xpac.nipÿc4. Lines: ÿc2130ÿc4. Valid entries: ÿc2113. ÿc4Time: ÿc20 ms
[09/02/21 10:58:54] D2BS 6544: ÿc4Loaded NIP: ÿc2PreMercLance.xpac.nipÿc4. Lines: ÿc27ÿc4. Valid entries: ÿc24. ÿc4Time: ÿc20 ms
[09/02/21 10:58:54] D2BS 6544: ÿc4Loaded NIP: ÿc2Merc.xpac.nipÿc4. Lines: ÿc217ÿc4. Valid entries: ÿc211. ÿc4Time: ÿc20 ms
[09/02/21 10:58:54] D2BS 6544: ÿc4Loaded NIP: ÿc2MercLance.xpac.nipÿc4. Lines: ÿc217ÿc4. Valid entries: ÿc211. ÿc4Time: ÿc20 ms
[09/02/21 10:58:54] D2BS 6544: AutoBuild: Including build template config/builds/sorceress.cold.js into tools\autobuildthread.js
[09/02/21 10:58:54] D2BS 6544: Updating Config from level 0 to 26
[09/02/21 10:58:54] D2BS 6544: AutoBuild: Loaded helper thread
[09/02/21 10:58:54] D2BS 6544: ÿc2Starting script: ÿc9LevelFollower
[09/02/21 10:58:54] D2BS 6544: AutoBuild: Including build template config/builds/sorceress.cold.js into tools\party.js
[09/02/21 10:58:54] D2BS 6544: Updating Config from level 0 to 26
[09/02/21 10:58:54] D2BS 6544: ÿc2Party thread loaded. Mode: Accept
[09/02/21 10:58:54] D2BS 6544: initNPC: BuyPotions
[09/02/21 10:58:54] D2BS 6544: AutoBuild: Including build template config/builds/sorceress.cold.js into tools\townchicken.js
[09/02/21 10:58:54] D2BS 6544: Updating Config from level 0 to 26
[09/02/21 10:58:54] D2BS 6544: ÿc3Start ToolsThread script
[09/02/21 10:58:54] D2BS 6544: AutoBuild: Including build template config/builds/sorceress.cold.js into tools\toolsthread.js
[09/02/21 10:58:54] D2BS 6544: Updating Config from level 0 to 26
[09/02/21 10:59:23] D2BS 6544: initNPC: BuyPotions
[09/02/21 10:59:36] D2BS 6544: 101
[09/02/21 10:59:45] D2BS 6544: ÿc7Picked up ÿc4123 Gold
[09/02/21 10:59:46] D2BS 6544: ÿc7Picked up ÿc471 Gold
[09/02/21 10:59:47] D2BS 6544: move retry 1
[09/02/21 10:59:55] D2BS 6544: move retry 1
[09/02/21 10:59:58] D2BS 6544: move retry 1
[09/02/21 11:00:06] D2BS 6544: ÿc7Picked up ÿc480 Gold
[09/02/21 11:00:08] D2BS 6544: ÿc7Picked up ÿc472 Gold
[09/02/21 11:00:15] D2BS 6544: move retry 1
[09/02/21 11:00:54] D2BS 6544: 101,102
[09/02/21 11:01:02] D2BS 6544: 75
[09/02/21 11:01:04] D2BS 6544: initNPC: heal
[09/02/21 11:01:07] D2BS 6544: move retry 1
[09/02/21 11:01:10] D2BS 6544: initNPC: buyPotions
[09/02/21 11:01:11] D2BS 6544: initNPC: BuyPotions
[09/02/21 11:01:24] D2BS 6544: initNPC: BuyPotions
[09/02/21 11:01:54] D2BS 6544: 102
[09/02/21 11:02:13] D2BS 6544: ÿc7Picked up ÿc3Greater Mana Potion ÿc0(ilvl 1) (MidGame.nip #27)
[09/02/21 11:02:13] D2BS 6544: ÿc7Picked up ÿc4765 Gold
[09/02/21 11:02:30] D2BS 6544: 75
[09/02/21 11:02:33] D2BS 6544: initNPC: heal
[09/02/21 11:02:44] D2BS 6544: initNPC: BuyPotions
[09/02/21 11:02:57] D2BS 6544: 102
[09/02/21 11:03:17] D2BS 6544: AutoBuild: Stat points: 10      Skill points: 3
[09/02/21 11:03:17] D2BS 6544: AutoBuild: Level up detected ( 26 --> 27 )
[09/02/21 11:03:17] D2BS 6544: AutoBuild: useSkillPoint(): Blizzard (59)
[09/02/21 11:03:18] D2BS 6544: AutoBuild: Skill (1/1) Increased Blizzard (59) by one (level:  3)
[09/02/21 11:03:18] D2BS 6544: AutoBuild: useStatPoint(0): Strength
[09/02/21 11:03:18] D2BS 6544: AutoBuild: Stat (1/5) Increased Strength from 35 to 36
[09/02/21 11:03:18] D2BS 6544: AutoBuild: useStatPoint(1): Energy
[09/02/21 11:03:18] D2BS 6544: AutoBuild: Stat (2/5) Increased Energy from 85 to 86
[09/02/21 11:03:18] D2BS 6544: AutoBuild: useStatPoint(1): Energy
[09/02/21 11:03:18] D2BS 6544: AutoBuild: Stat (3/5) Increased Energy from 86 to 87
[09/02/21 11:03:18] D2BS 6544: AutoBuild: useStatPoint(3): Vitality
[09/02/21 11:03:18] D2BS 6544: AutoBuild: Stat (4/5) Increased Vitality from 60 to 61
[09/02/21 11:03:18] D2BS 6544: AutoBuild: useStatPoint(3): Vitality
[09/02/21 11:03:18] D2BS 6544: AutoBuild: Stat (5/5) Increased Vitality from 61 to 62
[09/02/21 11:03:18] D2BS 6544: Updating Config from level 26 to 27
[09/02/21 11:03:18] D2BS 6544: AutoBuild: Updating Config from level 26 to 27
[09/02/21 11:03:18] D2BS 6544: Updating Config from level 26 to 27
[09/02/21 11:03:18] D2BS 6544: Updating Config from level 26 to 27
[09/02/21 11:03:18] D2BS 6544: Updating Config from level 26 to 27
[09/02/21 11:03:18] D2BS 6544: AutoBuild: Incrementing cached character level to 27
[09/02/21 11:04:21] D2BS 6544: move retry 1
[09/02/21 11:04:43] D2BS 6544: move retry 1
[09/02/21 11:04:45] D2BS 6544: 75
[09/02/21 11:04:48] D2BS 6544: initNPC: heal
[09/02/21 11:04:53] D2BS 6544: initNPC: buyPotions
[09/02/21 11:04:59] D2BS 6544: initNPC: BuyPotions
[09/02/21 11:05:18] D2BS 6544: initNPC: BuyPotions
[09/02/21 11:05:32] D2BS 6544: 102
[09/02/21 11:06:36] D2BS 6544: initNPC: heal
[09/02/21 11:06:45] D2BS 6544: initNPC: BuyPotions
[09/02/21 11:06:59] D2BS 6544: 104
[09/02/21 11:07:18] D2BS 6544: ÿc7Picked up ÿc3Mana Potion ÿc0(ilvl 1) (MidGame.nip #25)
[09/02/21 11:07:20] D2BS 6544: ÿc7Picked up ÿc3Greater Mana Potion ÿc0(ilvl 1) (MidGame.nip #27)
[09/02/21 11:08:13] D2BS 6544: 104,105
[09/02/21 11:09:08] D2BS 6544: ÿc7Picked up ÿc3Mana Potion ÿc0(ilvl 1) (MidGame.nip #25)
[09/02/21 11:09:13] D2BS 6544: ÿc7Picked up ÿc3Mana Potion ÿc0(ilvl 1) (MidGame.nip #25)
[09/02/21 11:09:23] D2BS 6544: ÿc7Picked up ÿc3Super Mana Potion ÿc0(ilvl 1) (LateGame.nip #32)
[09/02/21 11:09:40] D2BS 6544: ÿc7Picked up ÿc3Greater Mana Potion ÿc0(ilvl 1) (MidGame.nip #27)
[09/02/21 11:09:40] D2BS 6544: ÿc7Picked up ÿc3Greater Mana Potion ÿc0(ilvl 1) (MidGame.nip #27)
[09/02/21 11:09:44] D2BS 6544: ÿc7Picked up ÿc460 Gold
[09/02/21 11:10:05] D2BS 6544: ÿc7Picked up ÿc4805 Gold
[09/02/21 11:10:09] D2BS 6544: 103
[09/02/21 11:10:12] D2BS 6544: initNPC: heal
[09/02/21 11:10:17] D2BS 6544: initNPC: buyPotions
[09/02/21 11:10:20] D2BS 6544: initNPC: BuyPotions
[09/02/21 11:10:30] D2BS 6544: 103,104,105
[09/02/21 11:11:09] D2BS 6544: ÿc7Picked up ÿc0Small Shield ÿc0(ilvl 30)
[09/02/21 11:11:09] D2BS 6544: ÿc7Picked up ÿc3Greater Mana Potion ÿc0(ilvl 1) (MidGame.nip #27)
[09/02/21 11:11:10] D2BS 6544: ÿc7Picked up ÿc4172 Gold
[09/02/21 11:11:11] D2BS 6544: ÿc7Picked up ÿc4160 Gold
[09/02/21 11:11:23] D2BS 6544: ÿc7Picked up ÿc3Greater Mana Potion ÿc0(ilvl 1) (MidGame.nip #27)
[09/02/21 11:11:27] D2BS 6544: ÿc7Picked up ÿc3Greater Mana Potion ÿc0(ilvl 1) (MidGame.nip #27)
[09/02/21 11:11:46] D2BS 6544: ÿc7Picked up ÿc3Greater Mana Potion ÿc0(ilvl 1) (MidGame.nip #27)
[09/02/21 11:12:06] D2BS 6544: ÿc1Skipping Doom Caster 411 16
[09/02/21 11:12:07] D2BS 6544: ÿc7Picked up ÿc452 Gold
[09/02/21 11:12:21] D2BS 6544: ÿc1Skipping Doom Caster 411 16
[09/02/21 11:12:23] D2BS 6544: move retry 1
[09/02/21 11:12:30] D2BS 6544: ÿc7Picked up ÿc3Greater Mana Potion ÿc0(ilvl 1) (MidGame.nip #27)
[09/02/21 11:12:37] D2BS 6544: ÿc7Picked up ÿc3Greater Mana Potion ÿc0(ilvl 1) (MidGame.nip #27)
[09/02/21 11:12:46] D2BS 6544: ÿc7Picked up ÿc3Small Charm ÿc0(ilvl 24) (LateGame.nip #11)
[09/02/21 11:12:47] D2BS 6544: ÿc7Picked up ÿc8Tal Rune ÿc0(ilvl 1) (MidGame.nip #2)
[09/02/21 11:12:52] D2BS 6544: ÿc7Picked up ÿc0Ruby ÿc0(ilvl 1)
[09/02/21 11:12:55] D2BS 6544: ÿc7Picked up ÿc433 Gold
[09/02/21 11:12:57] D2BS 6544: ÿc7Picked up ÿc3Greater Mana Potion ÿc0(ilvl 1) (MidGame.nip #27)
[09/02/21 11:13:09] D2BS 6544: ÿc7Picked up ÿc484 Gold
[09/02/21 11:14:04] D2BS 6544: ÿc7Picked up ÿc3Super Mana Potion ÿc0(ilvl 1) (LateGame.nip #32)
[09/02/21 11:14:41] D2BS 6544: ÿc7Picked up ÿc3Greater Mana Potion ÿc0(ilvl 1) (MidGame.nip #27)
[09/02/21 11:15:17] D2BS 6544: ÿc7Picked up ÿc3Mana Potion ÿc0(ilvl 1) (MidGame.nip #25)
[09/02/21 11:15:21] D2BS 6544: ÿc7Picked up ÿc3Greater Mana Potion ÿc0(ilvl 1) (MidGame.nip #27)
[09/02/21 11:15:45] D2BS 6544: ÿc7Picked up ÿc444 Gold
[09/02/21 11:15:47] D2BS 6544: ÿc7Picked up ÿc3Super Mana Potion ÿc0(ilvl 1) (LateGame.nip #32)
[09/02/21 11:16:45] D2BS 6544: ÿc7Picked up ÿc3Greater Mana Potion ÿc0(ilvl 1) (MidGame.nip #27)
[09/02/21 11:17:31] D2BS 6544: ÿc7Picked up ÿc3Mana Potion ÿc0(ilvl 1) (MidGame.nip #25)
[09/02/21 11:17:41] D2BS 6544: ÿc7Picked up ÿc3Mana Potion ÿc0(ilvl 1) (MidGame.nip #25)
[09/02/21 11:17:42] D2BS 6544: ÿc7Picked up ÿc3Mana Potion ÿc0(ilvl 1) (MidGame.nip #25)
[09/02/21 11:18:00] D2BS 6544: ÿc7Picked up ÿc3Greater Mana Potion ÿc0(ilvl 1) (MidGame.nip #27)
[09/02/21 11:18:08] D2BS 6544: ÿc7Picked up ÿc3Greater Mana Potion ÿc0(ilvl 1) (MidGame.nip #27)
[09/02/21 11:18:08] D2BS 6544: ÿc7Picked up ÿc3Mana Potion ÿc0(ilvl 1) (MidGame.nip #25)
[09/02/21 11:18:08] D2BS 6544: ÿc7Picked up ÿc3Greater Mana Potion ÿc0(ilvl 1) (MidGame.nip #27)
[09/02/21 11:18:11] D2BS 6544: ÿc7Picked up ÿc3Greater Mana Potion ÿc0(ilvl 1) (MidGame.nip #27)
[09/02/21 11:18:33] D2BS 6544: ÿc7Picked up ÿc3Greater Mana Potion ÿc0(ilvl 1) (MidGame.nip #27)
[09/02/21 11:18:39] D2BS 6544: ÿc7Picked up ÿc3Greater Mana Potion ÿc0(ilvl 1) (MidGame.nip #27)
[09/02/21 11:18:41] D2BS 6544: ÿc7Picked up ÿc3Greater Mana Potion ÿc0(ilvl 1) (MidGame.nip #27)
[09/02/21 11:18:43] D2BS 6544: ÿc7Picked up ÿc3Greater Mana Potion ÿc0(ilvl 1) (MidGame.nip #27)
[09/02/21 11:18:48] D2BS 6544: ÿc7Picked up ÿc3Greater Mana Potion ÿc0(ilvl 1) (MidGame.nip #27)
[09/02/21 11:21:00] D2BS 6544: 105,106
[09/02/21 11:21:07] D2BS 6544: ÿc7Picked up ÿc468 Gold
[09/02/21 11:21:36] D2BS 6544: ÿc7Picked up ÿc431 Gold
[09/02/21 11:21:36] D2BS 6544: ÿc7Picked up ÿc4122 Gold
[09/02/21 11:21:41] D2BS 6544: 106,107
[09/02/21 11:21:45] D2BS 6544: move retry 1
[09/02/21 11:21:47] D2BS 6544: move retry 2
[09/02/21 11:22:05] D2BS 6544: ÿc1Skipping Abyss Knight 613 16
[09/02/21 11:22:13] D2BS 6544: ÿc7Picked up ÿc1Greater Healing Potion ÿc0(ilvl 1) (MidGame.nip #28)
[09/02/21 11:22:21] D2BS 6544: move retry 1
[09/02/21 11:22:54] D2BS 6544: move retry 1
[09/02/21 11:23:01] D2BS 6544: ÿc1Skipping Grotesque 630 16
[09/02/21 11:23:08] D2BS 6544: ÿc7Picked up ÿc494 Gold
[09/02/21 11:23:16] D2BS 6544: Script default.dbj ended
[09/02/21 11:23:16] D2BS 6544: Script tools\autobuildthread.js ended
[09/02/21 11:23:16] D2BS 6544: Script tools\party.js ended
[09/02/21 11:23:16] D2BS 6544: Script tools\toolsthread.js ended
[09/02/21 11:23:16] D2BS 6544: Script tools\townchicken.js ended
[09/02/21 11:23:23] D2BS 6544: ÿc2D2BSÿc0 :: Starting default.dbj
[09/02/21 11:23:23] D2BS 6544: ÿc2D2BSÿc0 :: default.dbj running.
[09/02/21 11:23:23] D2BS 6544: AutoBuild: Including build template config/builds/sorceress.cold.js into default.dbj
[09/02/21 11:23:23] D2BS 6544: Updating Config from level 0 to 27
[09/02/21 11:23:23] D2BS 6544: ÿc4Loaded NIP: ÿc2LateGame.nipÿc4. Lines: ÿc281ÿc4. Valid entries: ÿc254. ÿc4Time: ÿc20 ms
[09/02/21 11:23:23] D2BS 6544: ÿc4Loaded NIP: ÿc2MidGame.nipÿc4. Lines: ÿc281ÿc4. Valid entries: ÿc246. ÿc4Time: ÿc20 ms
[09/02/21 11:23:23] D2BS 6544: ÿc4Loaded NIP: ÿc2EarlyGame.nipÿc4. Lines: ÿc231ÿc4. Valid entries: ÿc214. ÿc4Time: ÿc20 ms
[09/02/21 11:23:23] D2BS 6544: ÿc4Loaded NIP: ÿc2ColdRunes.nipÿc4. Lines: ÿc223ÿc4. Valid entries: ÿc212. ÿc4Time: ÿc20 ms
[09/02/21 11:23:23] D2BS 6544: ÿc4Loaded NIP: ÿc2Cold.xpac.nipÿc4. Lines: ÿc2130ÿc4. Valid entries: ÿc2113. ÿc4Time: ÿc215 ms
[09/02/21 11:23:23] D2BS 6544: ÿc4Loaded NIP: ÿc2PreMercLance.xpac.nipÿc4. Lines: ÿc27ÿc4. Valid entries: ÿc24. ÿc4Time: ÿc20 ms
[09/02/21 11:23:23] D2BS 6544: ÿc4Loaded NIP: ÿc2Merc.xpac.nipÿc4. Lines: ÿc217ÿc4. Valid entries: ÿc211. ÿc4Time: ÿc20 ms
[09/02/21 11:23:23] D2BS 6544: AutoBuild: Including build template config/builds/sorceress.cold.js into tools\autobuildthread.js
[09/02/21 11:23:23] D2BS 6544: ÿc4Loaded NIP: ÿc2MercLance.xpac.nipÿc4. Lines: ÿc217ÿc4. Valid entries: ÿc211. ÿc4Time: ÿc20 ms
[09/02/21 11:23:23] D2BS 6544: Updating Config from level 0 to 27
[09/02/21 11:23:23] D2BS 6544: AutoBuild: Loaded helper thread
[09/02/21 11:23:23] D2BS 6544: LowGold sell Small Shield
[09/02/21 11:23:23] D2BS 6544: initNPC: clearInventory
[09/02/21 11:23:23] D2BS 6544: AutoBuild: Including build template config/builds/sorceress.cold.js into tools\party.js
[09/02/21 11:23:23] D2BS 6544: Updating Config from level 0 to 27
[09/02/21 11:23:23] D2BS 6544: ÿc2Party thread loaded. Mode: Accept
[09/02/21 11:23:23] D2BS 6544: AutoBuild: Including build template config/builds/sorceress.cold.js into tools\townchicken.js
[09/02/21 11:23:23] D2BS 6544: Updating Config from level 0 to 27
[09/02/21 11:23:23] D2BS 6544: ÿc3Start ToolsThread script
[09/02/21 11:23:23] D2BS 6544: AutoBuild: Including build template config/builds/sorceress.cold.js into tools\toolsthread.js
[09/02/21 11:23:23] D2BS 6544: Updating Config from level 0 to 27
[09/02/21 11:23:24] D2BS 6544: move retry 1
[09/02/21 11:23:30] D2BS 6544: move retry 1
[09/02/21 11:23:32] D2BS 6544: LowGold sell Ruby
[09/02/21 11:23:32] D2BS 6544: initNPC: clearInventory
[09/02/21 11:23:34] D2BS 6544: ÿc2Starting script: ÿc9LevelFollower
[09/02/21 11:23:34] D2BS 6544: initNPC: identify
[09/02/21 11:23:36] D2BS 6544: ÿc4MiniShopBotÿc0: Scanning 67 items.
[09/02/21 11:23:37] D2BS 6544: initNPC: buyPotions
[09/02/21 11:23:42] D2BS 6544: move retry 1
[09/02/21 11:23:49] D2BS 6544: Successfully placed Tal Rune at X: 4 Y: 0
[09/02/21 11:23:50] D2BS 6544: initNPC: BuyPotions
[09/02/21 11:24:06] D2BS 6544: 104
[09/02/21 11:24:17] D2BS 6544: move retry 1
[09/02/21 11:24:33] D2BS 6544: move retry 1
[09/02/21 11:24:34] D2BS 6544: ÿc7Picked up ÿc3Super Mana Potion ÿc0(ilvl 1) (LateGame.nip #32)
[09/02/21 11:24:44] D2BS 6544: move retry 1
[09/02/21 11:25:05] D2BS 6544: ÿc7Picked up ÿc4162 Gold
[09/02/21 11:25:22] D2BS 6544: ÿc7Picked up ÿc3Greater Mana Potion ÿc0(ilvl 1) (MidGame.nip #27)
[09/02/21 11:25:28] D2BS 6544: ÿc7Picked up ÿc4174 Gold
[09/02/21 11:25:32] D2BS 6544: ÿc7Picked up ÿc473 Gold
[09/02/21 11:25:49] D2BS 6544: ÿc7Picked up ÿc4137 Gold
[09/02/21 11:25:58] D2BS 6544: move retry 1
[09/02/21 11:25:59] D2BS 6544: ÿc7Picked up ÿc4157 Gold
[09/02/21 11:26:15] D2BS 6544: move retry 1
[09/02/21 11:26:20] D2BS 6544: ÿc7Picked up ÿc3Bastard Sword ÿc0(ilvl 24)
[09/02/21 11:26:20] D2BS 6544: ÿc7Picked up ÿc0Voulge ÿc0(ilvl 24)
[09/02/21 11:26:28] D2BS 6544: ÿc7Picked up ÿc4141 Gold
[09/02/21 11:26:32] D2BS 6544: move retry 1
[09/02/21 11:26:36] D2BS 6544: ÿc7Picked up ÿc499 Gold
[09/02/21 11:26:44] D2BS 6544: ÿc7Picked up ÿc0Long Staff ÿc0(ilvl 24)
[09/02/21 11:26:45] D2BS 6544: ÿc7Picked up ÿc1Greater Healing Potion ÿc0(ilvl 1) (MidGame.nip #28)
[09/02/21 11:27:16] D2BS 6544: ÿc7Picked up ÿc4138 Gold
[09/02/21 11:27:32] D2BS 6544: ÿc7Picked up ÿc481 Gold
[09/02/21 11:27:32] D2BS 6544: ÿc7Picked up ÿc0Tower Shield ÿc0(ilvl 30)
[09/02/21 11:27:32] D2BS 6544: ÿc7Picked up ÿc0Morning Star ÿc0(ilvl 30)
[09/02/21 11:27:33] D2BS 6544: ÿc7Picked up ÿc0Claymore ÿc0(ilvl 30)
[09/02/21 11:27:57] D2BS 6544: ÿc7Picked up ÿc4125 Gold
[09/02/21 11:27:57] D2BS 6544: ÿc7Trying to make room for ÿc0War Hammer
[09/02/21 11:27:57] D2BS 6544: initNPC: heal
[09/02/21 11:28:07] D2BS 6544: initNPC: identify
[09/02/21 11:28:08] D2BS 6544: ÿc4MiniShopBotÿc0: Scanning 64 items.
[09/02/21 11:28:09] D2BS 6544: initNPC: buyPotions
[09/02/21 11:28:11] D2BS 6544: LowGold sell Voulge
[09/02/21 11:28:11] D2BS 6544: initNPC: clearInventory
[09/02/21 11:28:12] D2BS 6544: LowGold sell Claymore
[09/02/21 11:28:12] D2BS 6544: initNPC: clearInventory
[09/02/21 11:28:14] D2BS 6544: LowGold sell Morning Star
[09/02/21 11:28:14] D2BS 6544: initNPC: clearInventory
[09/02/21 11:28:16] D2BS 6544: LowGold sell Tower Shield
[09/02/21 11:28:16] D2BS 6544: initNPC: clearInventory
[09/02/21 11:28:18] D2BS 6544: LowGold sell Long Staff
[09/02/21 11:28:18] D2BS 6544: initNPC: clearInventory
[09/02/21 11:28:30] D2BS 6544: move retry 1
[09/02/21 11:28:32] D2BS 6544: ÿc7Picked up ÿc0War Hammer ÿc0(ilvl 24)
[09/02/21 11:28:32] D2BS 6544: ÿc7Picked up ÿc462 Gold
[09/02/21 11:28:43] D2BS 6544: move retry 1
[09/02/21 11:29:08] D2BS 6544: move retry 1
[09/02/21 11:29:11] D2BS 6544: ÿc7Picked up ÿc1Super Healing Potion ÿc0(ilvl 1) (LateGame.nip #33)
[09/02/21 11:29:14] D2BS 6544: ÿc7Picked up ÿc4121 Gold
[09/02/21 11:29:17] D2BS 6544: ÿc7Picked up ÿc473 Gold
[09/02/21 11:29:21] D2BS 6544: ÿc7Picked up ÿc4102 Gold
[09/02/21 11:29:25] D2BS 6544: ÿc7Picked up ÿc0Scroll of Town Portal ÿc7(19/20)
[09/02/21 11:29:28] D2BS 6544: move retry 1
[09/02/21 11:30:07] D2BS 6544: ÿc7Picked up ÿc451 Gold
[09/02/21 11:30:10] D2BS 6544: ÿc7Picked up ÿc467 Gold
[09/02/21 11:30:22] D2BS 6544: ÿc7Picked up ÿc0Scroll of Town Portal ÿc7(19/20)
[09/02/21 11:30:27] D2BS 6544: ÿc7Picked up ÿc4106 Gold
[09/02/21 11:30:31] D2BS 6544: move retry 1
[09/02/21 11:30:48] D2BS 6544: ÿc7Picked up ÿc4108 Gold
[09/02/21 11:31:02] D2BS 6544: ÿc7Picked up ÿc4120 Gold
[09/02/21 11:31:08] D2BS 6544: move retry 1
[09/02/21 11:31:13] D2BS 6544: AutoBuild: Stat points: 10      Skill points: 3
[09/02/21 11:31:13] D2BS 6544: AutoBuild: Level up detected ( 27 --> 28 )
[09/02/21 11:31:13] D2BS 6544: AutoBuild: useSkillPoint(): Blizzard (59)
[09/02/21 11:31:14] D2BS 6544: AutoBuild: Skill (1/1) Increased Blizzard (59) by one (level:  4)
[09/02/21 11:31:14] D2BS 6544: AutoBuild: useStatPoint(0): Strength
[09/02/21 11:31:14] D2BS 6544: AutoBuild: Stat (1/5) Increased Strength from 36 to 37
[09/02/21 11:31:14] D2BS 6544: AutoBuild: useStatPoint(1): Energy
[09/02/21 11:31:14] D2BS 6544: AutoBuild: Stat (2/5) Increased Energy from 87 to 88
[09/02/21 11:31:14] D2BS 6544: AutoBuild: useStatPoint(1): Energy
[09/02/21 11:31:14] D2BS 6544: AutoBuild: Stat (3/5) Increased Energy from 88 to 89
[09/02/21 11:31:14] D2BS 6544: AutoBuild: useStatPoint(3): Vitality
[09/02/21 11:31:14] D2BS 6544: AutoBuild: Stat (4/5) Increased Vitality from 62 to 63
[09/02/21 11:31:14] D2BS 6544: AutoBuild: useStatPoint(3): Vitality
[09/02/21 11:31:14] D2BS 6544: AutoBuild: Stat (5/5) Increased Vitality from 63 to 64
[09/02/21 11:31:14] D2BS 6544: Updating Config from level 27 to 28
[09/02/21 11:31:14] D2BS 6544: Updating Config from level 27 to 28
[09/02/21 11:31:14] D2BS 6544: AutoBuild: Updating Config from level 27 to 28
[09/02/21 11:31:14] D2BS 6544: Updating Config from level 27 to 28
[09/02/21 11:31:14] D2BS 6544: Updating Config from level 27 to 28
[09/02/21 11:31:14] D2BS 6544: AutoBuild: Incrementing cached character level to 28
[09/02/21 11:31:19] D2BS 6544: move retry 1
[09/02/21 11:31:35] D2BS 6544: move retry 1
[09/02/21 11:31:37] D2BS 6544: move retry 1
[09/02/21 11:31:44] D2BS 6544: move retry 1
[09/02/21 11:31:47] D2BS 6544: move retry 1
[09/02/21 11:31:50] D2BS 6544: move retry 1
[09/02/21 11:31:56] D2BS 6544: move retry 1
[09/02/21 11:31:59] D2BS 6544: move retry 1
[09/02/21 11:32:01] D2BS 6544: move retry 1
[09/02/21 11:32:10] D2BS 6544: move retry 1
[09/02/21 11:32:12] D2BS 6544: ÿc7Picked up ÿc434 Gold
[09/02/21 11:32:31] D2BS 6544: ÿc7Picked up ÿc462 Gold
[09/02/21 11:32:31] D2BS 6544: ÿc7Picked up ÿc4116 Gold
[09/02/21 11:32:34] D2BS 6544: move retry 1
[09/02/21 11:32:50] D2BS 6544: move retry 1
[09/02/21 11:33:14] D2BS 6544: move retry 1
[09/02/21 11:33:27] D2BS 6544: ÿc7Picked up ÿc438 Gold
[09/02/21 11:33:35] D2BS 6544: ÿc7Picked up ÿc3Mana Potion ÿc0(ilvl 1) (MidGame.nip #25)
[09/02/21 11:33:45] D2BS 6544: ÿc7Picked up ÿc0Superior Falchion ÿc0(ilvl 24)
[09/02/21 11:33:57] D2BS 6544: move retry 1
[09/02/21 11:34:01] D2BS 6544: move retry 1
[09/02/21 11:34:21] D2BS 6544: ÿc7Picked up ÿc0Crude Halberd ÿc0(ilvl 30)
[09/02/21 11:34:21] D2BS 6544: ÿc7Picked up ÿc1Super Healing Potion ÿc0(ilvl 1) (LateGame.nip #33)
[09/02/21 11:34:22] D2BS 6544: move retry 1
[09/02/21 11:34:28] D2BS 6544: move retry 1
[09/02/21 11:35:10] D2BS 6544: ÿc7Picked up ÿc0Damaged War Axe ÿc0(ilvl 24)
[09/02/21 11:35:13] D2BS 6544: ÿc7Picked up ÿc1Super Healing Potion ÿc0(ilvl 1) (LateGame.nip #33)
[09/02/21 11:36:23] D2BS 6544: ÿc7Picked up ÿc3Greater Mana Potion ÿc0(ilvl 1) (MidGame.nip #27)
[09/02/21 11:37:08] D2BS 6544: move retry 1
[09/02/21 11:37:23] D2BS 6544: move retry 1
[09/02/21 11:37:25] D2BS 6544: move retry 2
[09/02/21 11:37:28] D2BS 6544: move retry 3
[09/02/21 11:37:29] D2BS 6544: move retry 1
[09/02/21 11:37:40] D2BS 6544: 103
[09/02/21 11:37:41] D2BS 6544: initNPC: heal
[09/02/21 11:37:47] D2BS 6544: initNPC: identify
[09/02/21 11:37:48] D2BS 6544: ÿc4MiniShopBotÿc0: Scanning 54 items.
[09/02/21 11:37:49] D2BS 6544: initNPC: buyPotions
[09/02/21 11:37:50] D2BS 6544: LowGold sell War Hammer
[09/02/21 11:37:50] D2BS 6544: initNPC: clearInventory
[09/02/21 11:37:50] D2BS 6544: LowGold sell Superior Falchion
[09/02/21 11:37:50] D2BS 6544: initNPC: clearInventory
[09/02/21 11:37:52] D2BS 6544: LowGold sell Damaged War Axe
[09/02/21 11:37:52] D2BS 6544: initNPC: clearInventory
[09/02/21 11:37:54] D2BS 6544: LowGold sell Crude Halberd
[09/02/21 11:37:54] D2BS 6544: initNPC: clearInventory
[09/02/21 11:38:03] D2BS 6544: initNPC: BuyPotions
[09/02/21 11:38:24] D2BS 6544: 107
[09/02/21 11:39:08] D2BS 6544: ÿc7Picked up ÿc3Greater Mana Potion ÿc0(ilvl 1) (MidGame.nip #27)
[09/02/21 11:39:40] D2BS 6544: ÿc7Picked up ÿc1Light Healing Potion ÿc0(ilvl 1) (EarlyGame.nip #31)
[09/02/21 11:39:45] D2BS 6544: ÿc7Picked up ÿc0Gothic Shield ÿc0(ilvl 27)
[09/02/21 11:40:12] D2BS 6544: ÿc7Picked up ÿc1Light Healing Potion ÿc0(ilvl 1) (EarlyGame.nip #31)
[09/02/21 11:40:12] D2BS 6544: ÿc7Picked up ÿc499 Gold
[09/02/21 11:40:27] D2BS 6544: ÿc7Picked up ÿc430 Gold
[09/02/21 11:40:42] D2BS 6544: ÿc1Skipping Blood Maggot 456 16
[09/02/21 11:40:53] D2BS 6544: ÿc1Skipping Blood Maggot 457 16
[09/02/21 11:40:53] D2BS 6544: ÿc7Picked up ÿc435 Gold
[09/02/21 11:41:12] D2BS 6544: ÿc1Skipping Blood Maggot 456 16
[09/02/21 11:41:13] D2BS 6544: ÿc7Picked up ÿc1Super Healing Potion ÿc0(ilvl 1) (LateGame.nip #33)
[09/02/21 11:41:35] D2BS 6544: ÿc7Picked up ÿc1Greater Healing Potion ÿc0(ilvl 1) (MidGame.nip #28)
[09/02/21 11:41:43] D2BS 6544: ÿc7Picked up ÿc450 Gold
[09/02/21 11:42:04] D2BS 6544: ÿc1Skipping Maw Fiend 435 16
[09/02/21 11:42:27] D2BS 6544: move retry 1
[09/02/21 11:42:31] D2BS 6544: ÿc1Skipping Maw Fiend 437 16
[09/02/21 11:42:34] D2BS 6544: ÿc7Picked up ÿc3Greater Mana Potion ÿc0(ilvl 1) (MidGame.nip #27)
[09/02/21 11:42:35] D2BS 6544: ÿc7Picked up ÿc0Heraldic Shield ÿc0(ilvl 27)
[09/02/21 11:42:35] D2BS 6544: ÿc7Picked up ÿc0Edge Bow ÿc0(ilvl 30)
[09/02/21 11:42:35] D2BS 6544: ÿc7Picked up ÿc4113 Gold
[09/02/21 11:42:35] D2BS 6544: ÿc7Picked up ÿc474 Gold
[09/02/21 11:42:59] D2BS 6544: ÿc7Picked up ÿc4103 Gold
[09/02/21 11:43:28] D2BS 6544: ÿc7Picked up ÿc0Claymore ÿc0(ilvl 27)
[09/02/21 11:43:29] D2BS 6544: ÿc1Pausing.
[09/02/21 11:43:29] D2BS 6544: initNPC: heal
[09/02/21 11:43:34] D2BS 6544: initNPC: identify
[09/02/21 11:43:35] D2BS 6544: ÿc4MiniShopBotÿc0: Scanning 59 items.
[09/02/21 11:43:35] D2BS 6544: initNPC: buyPotions
[09/02/21 11:43:40] D2BS 6544: LowGold sell Gothic Shield
[09/02/21 11:43:40] D2BS 6544: initNPC: clearInventory
[09/02/21 11:43:40] D2BS 6544: LowGold sell Claymore
[09/02/21 11:43:40] D2BS 6544: initNPC: clearInventory
[09/02/21 11:43:42] D2BS 6544: LowGold sell Edge Bow
[09/02/21 11:43:42] D2BS 6544: initNPC: clearInventory
[09/02/21 11:43:44] D2BS 6544: LowGold sell Heraldic Shield
[09/02/21 11:43:44] D2BS 6544: initNPC: clearInventory
[09/02/21 11:43:55] D2BS 6544: ÿc2Resuming.
[09/02/21 11:43:55] D2BS 6544: move retry 1
[09/02/21 11:44:57] D2BS 6544: move retry 1
[09/02/21 11:45:06] D2BS 6544: move retry 1
[09/02/21 11:45:45] D2BS 6544: move retry 1
[09/02/21 11:45:52] D2BS 6544: move retry 1
[09/02/21 11:45:57] D2BS 6544: move retry 1
[09/02/21 11:46:02] D2BS 6544: ÿc7Picked up ÿc1Super Healing Potion ÿc0(ilvl 1) (LateGame.nip #33)
[09/02/21 11:46:04] D2BS 6544: move retry 1
[09/02/21 11:46:05] D2BS 6544: move retry 2
[09/02/21 11:46:07] D2BS 6544: move retry 3
[09/02/21 11:46:16] D2BS 6544: move retry 1
[09/02/21 11:46:30] D2BS 6544: move retry 1
[09/02/21 11:46:31] D2BS 6544: ÿc7Picked up ÿc1Super Healing Potion ÿc0(ilvl 1) (LateGame.nip #33)
[09/02/21 11:46:34] D2BS 6544: move retry 1
[09/02/21 11:46:41] D2BS 6544: ÿc7Picked up ÿc0Damaged Cudgel ÿc0(ilvl 27)
[09/02/21 11:46:50] D2BS 6544: ÿc7Picked up ÿc0Morning Star ÿc0(ilvl 27)
[09/02/21 11:47:16] D2BS 6544: move retry 1
[09/02/21 11:47:17] D2BS 6544: move retry 1
[09/02/21 11:47:22] D2BS 6544: move retry 1
[09/02/21 11:47:26] D2BS 6544: move retry 1
[09/02/21 11:47:27] D2BS 6544: move retry 1
[09/02/21 11:47:29] D2BS 6544: move retry 1
[09/02/21 11:47:31] D2BS 6544: move retry 1
[09/02/21 11:47:33] D2BS 6544: move retry 1
[09/02/21 11:47:36] D2BS 6544: move retry 1
[09/02/21 11:47:43] D2BS 6544: move retry 1
[09/02/21 11:47:57] D2BS 6544: move retry 1
[09/02/21 11:48:06] D2BS 6544: ÿc1Skipping Maw Fiend 975 16
[09/02/21 11:48:07] D2BS 6544: ÿc1Skipping Maw Fiend 974 16
[09/02/21 11:48:09] D2BS 6544: 107,108
[09/02/21 11:48:12] D2BS 6544: move retry 1
[09/02/21 11:48:15] D2BS 6544: move retry 2
[09/02/21 11:48:18] D2BS 6544: move retry 3
[09/02/21 11:48:44] D2BS 6544: ÿc1Skipping Maw Fiend 974 16
[09/02/21 11:48:50] D2BS 6544: move retry 1
[09/02/21 11:49:04] D2BS 6544: move retry 1
[09/02/21 11:49:08] D2BS 6544: move retry 1
[09/02/21 11:49:09] D2BS 6544: move retry 1
[09/02/21 11:49:10] D2BS 6544: ÿc1Pausing.
[09/02/21 11:49:10] D2BS 6544: initNPC: heal
[09/02/21 11:49:14] D2BS 6544: initNPC: identify
[09/02/21 11:49:15] D2BS 6544: ÿc4MiniShopBotÿc0: Scanning 45 items.
[09/02/21 11:49:16] D2BS 6544: initNPC: buyPotions
[09/02/21 11:49:20] D2BS 6544: LowGold sell Damaged Cudgel
[09/02/21 11:49:20] D2BS 6544: initNPC: clearInventory
[09/02/21 11:49:20] D2BS 6544: LowGold sell Morning Star
[09/02/21 11:49:20] D2BS 6544: initNPC: clearInventory
[09/02/21 11:49:32] D2BS 6544: ÿc2Resuming.
[09/02/21 11:50:12] D2BS 6544: initNPC: heal
[09/02/21 11:50:17] D2BS 6544: initNPC: BuyPotions
[09/02/21 11:50:27] D2BS 6544: 108
[09/02/21 11:50:57] D2BS 6544: Script default.dbj ended
[09/02/21 11:50:57] D2BS 6544: Script tools\autobuildthread.js ended
[09/02/21 11:50:57] D2BS 6544: Script tools\party.js ended
[09/02/21 11:50:57] D2BS 6544: Script tools\toolsthread.js ended
[09/02/21 11:50:57] D2BS 6544: Script tools\townchicken.js ended
[09/02/21 11:51:04] D2BS 6544: ÿc2D2BSÿc0 :: Starting default.dbj
[09/02/21 11:51:04] D2BS 6544: ÿc2D2BSÿc0 :: default.dbj running.
[09/02/21 11:51:04] D2BS 6544: AutoBuild: Including build template config/builds/sorceress.cold.js into default.dbj
[09/02/21 11:51:04] D2BS 6544: Updating Config from level 0 to 28
[09/02/21 11:51:04] D2BS 6544: ÿc4Loaded NIP: ÿc2LateGame.nipÿc4. Lines: ÿc281ÿc4. Valid entries: ÿc254. ÿc4Time: ÿc216 ms
[09/02/21 11:51:04] D2BS 6544: ÿc4Loaded NIP: ÿc2MidGame.nipÿc4. Lines: ÿc281ÿc4. Valid entries: ÿc246. ÿc4Time: ÿc20 ms
[09/02/21 11:51:04] D2BS 6544: ÿc4Loaded NIP: ÿc2EarlyGame.nipÿc4. Lines: ÿc231ÿc4. Valid entries: ÿc214. ÿc4Time: ÿc20 ms
[09/02/21 11:51:04] D2BS 6544: ÿc4Loaded NIP: ÿc2ColdRunes.nipÿc4. Lines: ÿc223ÿc4. Valid entries: ÿc212. ÿc4Time: ÿc20 ms
[09/02/21 11:51:04] D2BS 6544: ÿc4Loaded NIP: ÿc2Cold.xpac.nipÿc4. Lines: ÿc2130ÿc4. Valid entries: ÿc2113. ÿc4Time: ÿc215 ms
[09/02/21 11:51:04] D2BS 6544: AutoBuild: Including build template config/builds/sorceress.cold.js into tools\autobuildthread.js
[09/02/21 11:51:04] D2BS 6544: ÿc4Loaded NIP: ÿc2PreMercLance.xpac.nipÿc4. Lines: ÿc27ÿc4. Valid entries: ÿc24. ÿc4Time: ÿc20 ms
[09/02/21 11:51:04] D2BS 6544: ÿc4Loaded NIP: ÿc2Merc.xpac.nipÿc4. Lines: ÿc217ÿc4. Valid entries: ÿc211. ÿc4Time: ÿc20 ms
[09/02/21 11:51:04] D2BS 6544: ÿc4Loaded NIP: ÿc2MercLance.xpac.nipÿc4. Lines: ÿc217ÿc4. Valid entries: ÿc211. ÿc4Time: ÿc20 ms
[09/02/21 11:51:04] D2BS 6544: Updating Config from level 0 to 28
[09/02/21 11:51:04] D2BS 6544: AutoBuild: Loaded helper thread
[09/02/21 11:51:04] D2BS 6544: ÿc2Starting script: ÿc9LevelFollower
[09/02/21 11:51:04] D2BS 6544: AutoBuild: Including build template config/builds/sorceress.cold.js into tools\party.js
[09/02/21 11:51:04] D2BS 6544: initNPC: heal
[09/02/21 11:51:04] D2BS 6544: Updating Config from level 0 to 28
[09/02/21 11:51:04] D2BS 6544: ÿc2Party thread loaded. Mode: Accept
[09/02/21 11:51:04] D2BS 6544: ÿc3Start ToolsThread script
[09/02/21 11:51:04] D2BS 6544: AutoBuild: Including build template config/builds/sorceress.cold.js into tools\toolsthread.js
[09/02/21 11:51:04] D2BS 6544: Updating Config from level 0 to 28
[09/02/21 11:51:04] D2BS 6544: AutoBuild: Including build template config/builds/sorceress.cold.js into tools\townchicken.js
[09/02/21 11:51:04] D2BS 6544: Updating Config from level 0 to 28
[09/02/21 11:51:08] D2BS 6544: move retry 1
[09/02/21 11:51:09] D2BS 6544: initNPC: BuyPotions
[09/02/21 11:51:46] D2BS 6544: initNPC: BuyPotions
[09/02/21 11:51:59] D2BS 6544: 107
[09/02/21 12:10:33] D2BS 13828: D2BS Engine startup complete. 1.6.4U
[09/02/21 12:10:33] D2BS 13828: ColdSorc
[09/02/21 12:10:33] D2BS 13828: ÿc2D2BSÿc0 :: Switched to profile ColdSorc
[09/02/21 12:10:33] D2BS 13828: ÿc2D2BSÿc0 :: Engine startup complete!
[09/02/21 12:10:33] D2BS 13828: ÿc2D2BSÿc0 :: Starting D2BotLanFollow.dbj
[09/02/21 12:10:33] D2BS 13828: ÿc2D2BSÿc0 :: D2BotLanFollow.dbj running.
[09/02/21 12:10:33] D2BS 13828: ÿc2D2BSÿc0 :: Started Console Script
[09/02/21 12:10:35] D2BS 13828: Heartbeat loaded
[09/02/21 12:10:52] D2BS 13828: ÿc2D2BSÿc0 :: Starting default.dbj
[09/02/21 12:10:52] D2BS 13828: ÿc2D2BSÿc0 :: default.dbj running.
[09/02/21 12:10:52] D2BS 13828: AutoBuild: Including build template config/builds/sorceress.cold.js into default.dbj
[09/02/21 12:10:52] D2BS 13828: Updating Config from level 0 to 28
[09/02/21 12:10:52] D2BS 13828: ÿc4Loaded NIP: ÿc2LateGame.nipÿc4. Lines: ÿc281ÿc4. Valid entries: ÿc254. ÿc4Time: ÿc20 ms
[09/02/21 12:10:52] D2BS 13828: ÿc4Loaded NIP: ÿc2MidGame.nipÿc4. Lines: ÿc281ÿc4. Valid entries: ÿc246. ÿc4Time: ÿc216 ms
[09/02/21 12:10:52] D2BS 13828: ÿc4Loaded NIP: ÿc2EarlyGame.nipÿc4. Lines: ÿc231ÿc4. Valid entries: ÿc214. ÿc4Time: ÿc20 ms
[09/02/21 12:10:52] D2BS 13828: ÿc4Loaded NIP: ÿc2ColdRunes.nipÿc4. Lines: ÿc223ÿc4. Valid entries: ÿc212. ÿc4Time: ÿc20 ms
[09/02/21 12:10:52] D2BS 13828: AutoBuild: Including build template config/builds/sorceress.cold.js into tools\autobuildthread.js
[09/02/21 12:10:52] D2BS 13828: Updating Config from level 0 to 28
[09/02/21 12:10:52] D2BS 13828: AutoBuild: Loaded helper thread
[09/02/21 12:10:52] D2BS 13828: ÿc4Loaded NIP: ÿc2Cold.xpac.nipÿc4. Lines: ÿc2130ÿc4. Valid entries: ÿc2113. ÿc4Time: ÿc215 ms
[09/02/21 12:10:52] D2BS 13828: ÿc4Loaded NIP: ÿc2PreMercLance.xpac.nipÿc4. Lines: ÿc27ÿc4. Valid entries: ÿc24. ÿc4Time: ÿc20 ms
[09/02/21 12:10:52] D2BS 13828: ÿc4Loaded NIP: ÿc2Merc.xpac.nipÿc4. Lines: ÿc217ÿc4. Valid entries: ÿc211. ÿc4Time: ÿc20 ms
[09/02/21 12:10:53] D2BS 13828: ÿc4Loaded NIP: ÿc2MercLance.xpac.nipÿc4. Lines: ÿc217ÿc4. Valid entries: ÿc211. ÿc4Time: ÿc20 ms
[09/02/21 12:10:53] D2BS 13828: ÿc2Starting script: ÿc9LevelFollower
[09/02/21 12:10:53] D2BS 13828: ÿc3Start ToolsThread script
[09/02/21 12:10:53] D2BS 13828: AutoBuild: Including build template config/builds/sorceress.cold.js into tools\party.js
[09/02/21 12:10:53] D2BS 13828: AutoBuild: Including build template config/builds/sorceress.cold.js into tools\townchicken.js
[09/02/21 12:10:53] D2BS 13828: AutoBuild: Including build template config/builds/sorceress.cold.js into tools\toolsthread.js
[09/02/21 12:10:53] D2BS 13828: Updating Config from level 0 to 28
[09/02/21 12:10:53] D2BS 13828: ÿc2Party thread loaded. Mode: Accept
[09/02/21 12:10:53] D2BS 13828: Updating Config from level 0 to 28
[09/02/21 12:10:53] D2BS 13828: Updating Config from level 0 to 28
[09/02/21 12:10:53] D2BS 13828: initNPC: BuyPotions
[09/02/21 12:11:15] D2BS 13828: initNPC: BuyPotions
[09/02/21 12:11:20] D2BS 13828: move retry 1
[09/02/21 12:11:32] D2BS 13828: 107
