[10/07/20 19:07:46] D2BS 5452: D2BS Engine startup complete. 1.6.4U
[10/07/20 19:07:46] D2BS 5452: ÿc2D2BSÿc0 :: Switched to profile FireSorc
[10/07/20 19:07:46] D2BS 5452: ÿc2D2BSÿc0 :: Engine startup complete!
[10/07/20 19:07:46] D2BS 5452: ÿc2D2BSÿc0 :: Starting D2BotLanFollow.dbj
[10/07/20 19:07:46] D2BS 5452: ÿc2D2BSÿc0 :: D2BotLanFollow.dbj running.
[10/07/20 19:07:46] D2BS 5452: ÿc2D2BSÿc0 :: Started Console Script
[10/07/20 19:07:46] D2BS 5452: FireSorc
[10/07/20 19:07:48] D2BS 5452: Heartbeat loaded
[10/07/20 19:08:07] D2BS 5452: ÿc2D2BSÿc0 :: Starting default.dbj
[10/07/20 19:08:07] D2BS 5452: ÿc2D2BSÿc0 :: default.dbj running.
[10/07/20 19:08:07] D2BS 5452: AutoBuild: Including build template config/builds/sorceress.fire.js into default.dbj
[10/07/20 19:08:07] D2BS 5452: Updating Config from level 0 to 1
[10/07/20 19:08:07] D2BS 5452: ÿc4Loaded NIP: ÿc2LateGame.nipÿc4. Lines: ÿc275ÿc4. Valid entries: ÿc250. ÿc4Time: ÿc216 ms
[10/07/20 19:08:07] D2BS 5452: ÿc4Loaded NIP: ÿc2MidGame.nipÿc4. Lines: ÿc265ÿc4. Valid entries: ÿc240. ÿc4Time: ÿc20 ms
[10/07/20 19:08:07] D2BS 5452: ÿc4Loaded NIP: ÿc2EarlyGame.nipÿc4. Lines: ÿc229ÿc4. Valid entries: ÿc213. ÿc4Time: ÿc20 ms
[10/07/20 19:08:07] D2BS 5452: ÿc4Loaded NIP: ÿc2FireRunes.nipÿc4. Lines: ÿc223ÿc4. Valid entries: ÿc212. ÿc4Time: ÿc20 ms
[10/07/20 19:08:07] D2BS 5452: ÿc4Loaded NIP: ÿc2Fire.xpac.nipÿc4. Lines: ÿc2128ÿc4. Valid entries: ÿc2101. ÿc4Time: ÿc20 ms
[10/07/20 19:08:07] D2BS 5452: ÿc4Loaded NIP: ÿc2Merc.xpac.nipÿc4. Lines: ÿc260ÿc4. Valid entries: ÿc243. ÿc4Time: ÿc215 ms
[10/07/20 19:08:07] D2BS 5452: AutoBuild: Including build template config/builds/sorceress.fire.js into tools\autobuildthread.js
[10/07/20 19:08:07] D2BS 5452: Updating Config from level 0 to 1
[10/07/20 19:08:07] D2BS 5452: AutoBuild: Loaded helper thread
[10/07/20 19:08:07] D2BS 5452: AutoBuild: Including build template config/builds/sorceress.fire.js into tools\party.js
[10/07/20 19:08:07] D2BS 5452: Updating Config from level 0 to 1
[10/07/20 19:08:07] D2BS 5452: ÿc2Party thread loaded. Mode: Accept
[10/07/20 19:08:07] D2BS 5452: ÿc3Start ToolsThread script
[10/07/20 19:08:07] D2BS 5452: AutoBuild: Including build template config/builds/sorceress.fire.js into tools\toolsthread.js
[10/07/20 19:08:07] D2BS 5452: Updating Config from level 0 to 1
[10/07/20 19:08:07] D2BS 5452: AutoBuild: Including build template config/builds/sorceress.fire.js into tools\townchicken.js
[10/07/20 19:08:07] D2BS 5452: Updating Config from level 0 to 1
[10/07/20 19:08:07] D2BS 5452: ÿc2Starting script: ÿc9LevelFollower
[10/07/20 19:08:28] D2BS 5452: initNPC: BuyPotions
[10/07/20 19:08:30] D2BS 5452: move retry 1
[10/07/20 19:08:46] D2BS 5452: move retry 1
[10/07/20 19:08:58] D2BS 5452: 1,2
[10/07/20 19:09:34] D2BS 5452: move retry 1
[10/07/20 19:09:44] D2BS 5452: AutoBuild: Stat points: 5      Skill points: 1
[10/07/20 19:09:44] D2BS 5452: AutoBuild: Level up detected ( 1 --> 2 )
[10/07/20 19:09:44] D2BS 5452: AutoBuild: useSkillPoint(): Warmth (37)
[10/07/20 19:09:44] D2BS 5452: AutoBuild: Skill (1/1) Increased Warmth (37) by one (level:  1)
[10/07/20 19:09:44] D2BS 5452: AutoBuild: useStatPoint(0): Strength
[10/07/20 19:09:44] D2BS 5452: AutoBuild: Stat (1/5) Increased Strength from 10 to 11
[10/07/20 19:09:44] D2BS 5452: AutoBuild: useStatPoint(1): Energy
[10/07/20 19:09:44] D2BS 5452: AutoBuild: Stat (2/5) Increased Energy from 35 to 36
[10/07/20 19:09:44] D2BS 5452: AutoBuild: useStatPoint(1): Energy
[10/07/20 19:09:44] D2BS 5452: AutoBuild: Stat (3/5) Increased Energy from 36 to 37
[10/07/20 19:09:44] D2BS 5452: AutoBuild: useStatPoint(3): Vitality
[10/07/20 19:09:44] D2BS 5452: AutoBuild: Stat (4/5) Increased Vitality from 10 to 11
[10/07/20 19:09:44] D2BS 5452: AutoBuild: useStatPoint(3): Vitality
[10/07/20 19:09:44] D2BS 5452: AutoBuild: Stat (5/5) Increased Vitality from 11 to 12
[10/07/20 19:09:44] D2BS 5452: Updating Config from level 1 to 2
[10/07/20 19:09:44] D2BS 5452: Updating Config from level 1 to 2
[10/07/20 19:09:44] D2BS 5452: AutoBuild: Updating Config from level 1 to 2
[10/07/20 19:09:44] D2BS 5452: Updating Config from level 1 to 2
[10/07/20 19:09:44] D2BS 5452: Updating Config from level 1 to 2
[10/07/20 19:09:44] D2BS 5452: AutoBuild: Incrementing cached character level to 2
[10/07/20 19:10:01] D2BS 5452: move retry 1
[10/07/20 19:10:29] D2BS 5452: ÿc7Picked up ÿc45 Gold
[10/07/20 19:10:30] D2BS 5452: ÿc7Picked up ÿc0Crude Boots ÿc0(ilvl 1) (Fire.xpac.nip #67)
[10/07/20 19:10:34] D2BS 5452: ÿc7Picked up ÿc43 Gold
[10/07/20 19:11:01] D2BS 5452: move retry 1
[10/07/20 19:11:03] D2BS 5452: AutoBuild: Stat points: 5      Skill points: 1
[10/07/20 19:11:03] D2BS 5452: AutoBuild: Level up detected ( 2 --> 3 )
[10/07/20 19:11:03] D2BS 5452: AutoBuild: useSkillPoint(): Frozen Armor (40)
[10/07/20 19:11:04] D2BS 5452: AutoBuild: Skill (1/1) Increased Frozen Armor (40) by one (level:  1)
[10/07/20 19:11:04] D2BS 5452: AutoBuild: useStatPoint(0): Strength
[10/07/20 19:11:04] D2BS 5452: AutoBuild: Stat (1/5) Increased Strength from 11 to 12
[10/07/20 19:11:04] D2BS 5452: AutoBuild: useStatPoint(1): Energy
[10/07/20 19:11:04] D2BS 5452: AutoBuild: Stat (2/5) Increased Energy from 37 to 38
[10/07/20 19:11:04] D2BS 5452: AutoBuild: useStatPoint(1): Energy
[10/07/20 19:11:04] D2BS 5452: AutoBuild: Stat (3/5) Increased Energy from 38 to 39
[10/07/20 19:11:04] D2BS 5452: AutoBuild: useStatPoint(3): Vitality
[10/07/20 19:11:04] D2BS 5452: AutoBuild: Stat (4/5) Increased Vitality from 12 to 13
[10/07/20 19:11:04] D2BS 5452: AutoBuild: useStatPoint(3): Vitality
[10/07/20 19:11:04] D2BS 5452: AutoBuild: Stat (5/5) Increased Vitality from 13 to 14
[10/07/20 19:11:04] D2BS 5452: Updating Config from level 2 to 3
[10/07/20 19:11:04] D2BS 5452: Updating Config from level 2 to 3
[10/07/20 19:11:04] D2BS 5452: Updating Config from level 2 to 3
[10/07/20 19:11:04] D2BS 5452: AutoBuild: Updating Config from level 2 to 3
[10/07/20 19:11:04] D2BS 5452: Updating Config from level 2 to 3
[10/07/20 19:11:04] D2BS 5452: AutoBuild: Incrementing cached character level to 3
[10/07/20 19:11:19] D2BS 5452: ÿc7Picked up ÿc4110 Gold
[10/07/20 19:11:23] D2BS 5452: move retry 1
[10/07/20 19:11:58] D2BS 5452: move retry 1
[10/07/20 19:12:01] D2BS 5452: ÿc7Picked up ÿc3Light Mana Potion ÿc0(ilvl 1) (EarlyGame.nip #28)
[10/07/20 19:12:13] D2BS 5452: ÿc7Picked up ÿc0Throwing Knife ÿc0(ilvl 2)
[10/07/20 19:12:19] D2BS 5452: move retry 1
[10/07/20 19:12:29] D2BS 5452: move retry 1
[10/07/20 19:12:32] D2BS 5452: AutoBuild: Stat points: 5      Skill points: 1
[10/07/20 19:12:32] D2BS 5452: AutoBuild: Level up detected ( 3 --> 4 )
[10/07/20 19:12:32] D2BS 5452: AutoBuild: useSkillPoint(): Fire Bolt (36)
[10/07/20 19:12:32] D2BS 5452: AutoBuild: Skill (1/1) Increased Fire Bolt (36) by one (level:  2)
[10/07/20 19:12:33] D2BS 5452: AutoBuild: useStatPoint(0): Strength
[10/07/20 19:12:33] D2BS 5452: AutoBuild: Stat (1/5) Increased Strength from 12 to 13
[10/07/20 19:12:33] D2BS 5452: AutoBuild: useStatPoint(1): Energy
[10/07/20 19:12:33] D2BS 5452: AutoBuild: Stat (2/5) Increased Energy from 39 to 40
[10/07/20 19:12:33] D2BS 5452: AutoBuild: useStatPoint(1): Energy
[10/07/20 19:12:33] D2BS 5452: AutoBuild: Stat (3/5) Increased Energy from 40 to 41
[10/07/20 19:12:33] D2BS 5452: AutoBuild: useStatPoint(3): Vitality
[10/07/20 19:12:33] D2BS 5452: AutoBuild: Stat (4/5) Increased Vitality from 14 to 15
[10/07/20 19:12:33] D2BS 5452: AutoBuild: useStatPoint(3): Vitality
[10/07/20 19:12:33] D2BS 5452: AutoBuild: Stat (5/5) Increased Vitality from 15 to 16
[10/07/20 19:12:33] D2BS 5452: AutoBuild: Updating Config from level 3 to 4
[10/07/20 19:12:33] D2BS 5452: Updating Config from level 3 to 4
[10/07/20 19:12:33] D2BS 5452: Updating Config from level 3 to 4
[10/07/20 19:12:33] D2BS 5452: Updating Config from level 3 to 4
[10/07/20 19:12:33] D2BS 5452: Updating Config from level 3 to 4
[10/07/20 19:12:33] D2BS 5452: AutoBuild: Incrementing cached character level to 4
[10/07/20 19:12:39] D2BS 5452: move retry 1
[10/07/20 19:12:44] D2BS 5452: ÿc7Picked up ÿc423 Gold
[10/07/20 19:12:59] D2BS 5452: ÿc7Picked up ÿc1Minor Healing Potion ÿc0(ilvl 1) (EarlyGame.nip #27)
[10/07/20 19:12:59] D2BS 5452: ÿc7Picked up ÿc4Cap ÿc0(ilvl 5) (Fire.xpac.nip #35)
[10/07/20 19:12:59] D2BS 5452: ÿc7Picked up ÿc3Minor Mana Potion ÿc0(ilvl 1) (EarlyGame.nip #26)
[10/07/20 19:12:59] D2BS 5452: ÿc7Picked up ÿc3Sash ÿc0(ilvl 5) (Fire.xpac.nip #87)
[10/07/20 19:13:00] D2BS 5452: ÿc7Picked up ÿc44 Gold
[10/07/20 19:13:06] D2BS 5452: ÿc7Picked up ÿc418 Gold
[10/07/20 19:13:07] D2BS 5452: ÿc7Picked up ÿc42 Gold
[10/07/20 19:13:22] D2BS 5452: move retry 1
[10/07/20 19:13:56] D2BS 5452: ÿc7Picked up ÿc42 Gold
[10/07/20 19:14:21] D2BS 5452: move retry 1
[10/07/20 19:14:24] D2BS 5452: move retry 1
[10/07/20 19:14:36] D2BS 5452: move retry 1
[10/07/20 19:14:44] D2BS 5452: ÿc7Picked up ÿc42 Gold
[10/07/20 19:14:52] D2BS 5452: move retry 1
[10/07/20 19:14:56] D2BS 5452: move retry 1
[10/07/20 19:15:07] D2BS 5452: ÿc7Picked up ÿc1Minor Healing Potion ÿc0(ilvl 1) (EarlyGame.nip #27)
[10/07/20 19:15:17] D2BS 5452: AutoBuild: Stat points: 5      Skill points: 1
[10/07/20 19:15:17] D2BS 5452: AutoBuild: Level up detected ( 4 --> 5 )
[10/07/20 19:15:17] D2BS 5452: AutoBuild: useSkillPoint(): Charged Bolt (38)
[10/07/20 19:15:17] D2BS 5452: AutoBuild: Skill (1/1) Increased Charged Bolt (38) by one (level:  1)
[10/07/20 19:15:17] D2BS 5452: AutoBuild: useStatPoint(0): Strength
[10/07/20 19:15:17] D2BS 5452: AutoBuild: Stat (1/5) Increased Strength from 13 to 14
[10/07/20 19:15:17] D2BS 5452: AutoBuild: useStatPoint(1): Energy
[10/07/20 19:15:18] D2BS 5452: AutoBuild: Stat (2/5) Increased Energy from 41 to 42
[10/07/20 19:15:18] D2BS 5452: AutoBuild: useStatPoint(1): Energy
[10/07/20 19:15:18] D2BS 5452: AutoBuild: Stat (3/5) Increased Energy from 42 to 43
[10/07/20 19:15:18] D2BS 5452: AutoBuild: useStatPoint(3): Vitality
[10/07/20 19:15:18] D2BS 5452: AutoBuild: Stat (4/5) Increased Vitality from 16 to 17
[10/07/20 19:15:18] D2BS 5452: AutoBuild: useStatPoint(3): Vitality
[10/07/20 19:15:18] D2BS 5452: AutoBuild: Stat (5/5) Increased Vitality from 17 to 18
[10/07/20 19:15:18] D2BS 5452: Updating Config from level 4 to 5
[10/07/20 19:15:18] D2BS 5452: Updating Config from level 4 to 5
[10/07/20 19:15:18] D2BS 5452: Updating Config from level 4 to 5
[10/07/20 19:15:18] D2BS 5452: AutoBuild: Updating Config from level 4 to 5
[10/07/20 19:15:18] D2BS 5452: Updating Config from level 4 to 5
[10/07/20 19:15:18] D2BS 5452: AutoBuild: Incrementing cached character level to 5
[10/07/20 19:15:19] D2BS 5452: ÿc7Picked up ÿc43 Gold
[10/07/20 19:15:27] D2BS 5452: move retry 1
[10/07/20 19:15:32] D2BS 5452: move retry 1
[10/07/20 19:15:42] D2BS 5452: move retry 1
[10/07/20 19:16:00] D2BS 5452: move retry 1
[10/07/20 19:16:19] D2BS 5452: move retry 1
[10/07/20 19:16:21] D2BS 5452: move retry 1
[10/07/20 19:16:30] D2BS 5452: ÿc7Picked up ÿc49 Gold
[10/07/20 19:16:32] D2BS 5452: ÿc7Picked up ÿc44 Gold
[10/07/20 19:16:36] D2BS 5452: move retry 1
[10/07/20 19:16:43] D2BS 5452: move retry 1
[10/07/20 19:16:53] D2BS 5452: move retry 1
[10/07/20 19:16:57] D2BS 5452: move retry 1
[10/07/20 19:17:41] D2BS 5452: move retry 1
[10/07/20 19:17:46] D2BS 5452: ÿc7Picked up ÿc45 Gold
[10/07/20 19:17:47] D2BS 5452: move retry 1
[10/07/20 19:17:57] D2BS 5452: move retry 1
[10/07/20 19:18:09] D2BS 5452: move retry 1
[10/07/20 19:18:33] D2BS 5452: ÿc7Picked up ÿc3Minor Mana Potion ÿc0(ilvl 1) (EarlyGame.nip #26)
[10/07/20 19:18:52] D2BS 5452: ÿc7Picked up ÿc410 Gold
[10/07/20 19:18:53] D2BS 5452: move retry 1
[10/07/20 19:19:00] D2BS 5452: move retry 1
[10/07/20 19:19:03] D2BS 5452: move retry 1
[10/07/20 19:19:15] D2BS 5452: move retry 1
[10/07/20 19:19:33] D2BS 5452: ÿc7Picked up ÿc0Low Quality Quilted Armor ÿc0(ilvl 2) (Fire.xpac.nip #51)
[10/07/20 19:19:52] D2BS 5452: ÿc7Picked up ÿc0Low Quality Cap ÿc0(ilvl 1) (Fire.xpac.nip #34)
[10/07/20 19:20:38] D2BS 5452: move retry 1
[10/07/20 19:20:42] D2BS 5452: ÿc7Picked up ÿc48 Gold
[10/07/20 19:21:05] D2BS 5452: move retry 1
[10/07/20 19:23:21] D2BS 5452: ÿc7Picked up ÿc411 Gold
[10/07/20 19:23:31] D2BS 5452: ÿc7Picked up ÿc42 Gold
[10/07/20 19:23:45] D2BS 5452: move retry 1
[10/07/20 19:23:46] D2BS 5452: move retry 1
[10/07/20 19:24:31] D2BS 5452: move retry 1
[10/07/20 19:24:44] D2BS 5452: move retry 1
[10/07/20 19:24:44] D2BS 5452: ÿc7Picked up ÿc411 Gold
[10/07/20 19:25:11] D2BS 5452: move retry 1
[10/07/20 19:25:20] D2BS 5452: AutoBuild: Stat points: 5      Skill points: 1
[10/07/20 19:25:20] D2BS 5452: AutoBuild: Level up detected ( 5 --> 6 )
[10/07/20 19:25:20] D2BS 5452: AutoBuild: useSkillPoint(): Static Field (42)
[10/07/20 19:25:20] D2BS 5452: AutoBuild: Skill (1/1) Increased Static Field (42) by one (level:  1)
[10/07/20 19:25:21] D2BS 5452: move retry 1
[10/07/20 19:25:21] D2BS 5452: AutoBuild: useStatPoint(0): Strength
[10/07/20 19:25:21] D2BS 5452: AutoBuild: Stat (1/5) Increased Strength from 14 to 15
[10/07/20 19:25:21] D2BS 5452: AutoBuild: useStatPoint(1): Energy
[10/07/20 19:25:21] D2BS 5452: AutoBuild: Stat (2/5) Increased Energy from 43 to 44
[10/07/20 19:25:21] D2BS 5452: AutoBuild: useStatPoint(1): Energy
[10/07/20 19:25:21] D2BS 5452: AutoBuild: Stat (3/5) Increased Energy from 44 to 45
[10/07/20 19:25:21] D2BS 5452: AutoBuild: useStatPoint(3): Vitality
[10/07/20 19:25:21] D2BS 5452: AutoBuild: Stat (4/5) Increased Vitality from 18 to 19
[10/07/20 19:25:21] D2BS 5452: AutoBuild: useStatPoint(3): Vitality
[10/07/20 19:25:21] D2BS 5452: AutoBuild: Stat (5/5) Increased Vitality from 19 to 20
[10/07/20 19:25:21] D2BS 5452: AutoBuild: Updating Config from level 5 to 6
[10/07/20 19:25:21] D2BS 5452: Updating Config from level 5 to 6
[10/07/20 19:25:21] D2BS 5452: Updating Config from level 5 to 6
[10/07/20 19:25:21] D2BS 5452: Updating Config from level 5 to 6
[10/07/20 19:25:21] D2BS 5452: Updating Config from level 5 to 6
[10/07/20 19:25:21] D2BS 5452: AutoBuild: Incrementing cached character level to 6
[10/07/20 19:25:53] D2BS 5452: move retry 1
[10/07/20 19:26:17] D2BS 5452: move retry 1
[10/07/20 19:26:30] D2BS 5452: ÿc7Picked up ÿc0Superior Sash ÿc0(ilvl 2)
[10/07/20 19:26:35] D2BS 5452: move retry 1
[10/07/20 19:26:41] D2BS 5452: move retry 1
[10/07/20 19:26:50] D2BS 5452: ÿc7Picked up ÿc47 Gold
[10/07/20 19:26:58] D2BS 5452: move retry 1
[10/07/20 19:27:47] D2BS 5452: move retry 1
[10/07/20 19:27:49] D2BS 5452: move retry 2
[10/07/20 19:27:50] D2BS 5452: 3,2,1
[10/07/20 19:28:43] D2BS 5452: initNPC: identify
[10/07/20 19:28:51] D2BS 5452: move retry 1
[10/07/20 19:28:56] D2BS 5452: ÿc4MiniShopBotÿc0: Scanning 69 items.
[10/07/20 19:28:57] D2BS 5452: LowGold sell Throwing Knife
[10/07/20 19:28:57] D2BS 5452: initNPC: clearInventory
[10/07/20 19:28:57] D2BS 5452: Cap
[10/07/20 19:28:58] D2BS 5452: initNPC: repair
[10/07/20 19:29:24] D2BS 5452: 1,2
[10/07/20 19:29:31] D2BS 5452: 2,8
[10/07/20 19:29:48] D2BS 5452: ÿc7Picked up ÿc43 Gold
[10/07/20 19:29:56] D2BS 5452: move retry 1
[10/07/20 19:30:03] D2BS 5452: move retry 1
[10/07/20 19:30:06] D2BS 5452: initNPC: heal
[10/07/20 19:30:08] D2BS 5452: move retry 1
[10/07/20 19:30:26] D2BS 5452: ÿc7Picked up ÿc45 Gold
[10/07/20 19:30:27] D2BS 5452: ÿc7Picked up ÿc44 Gold
[10/07/20 19:30:54] D2BS 5452: ÿc7Picked up ÿc45 Gold
[10/07/20 19:30:56] D2BS 5452: ÿc7Picked up ÿc45 Gold
[10/07/20 19:31:07] D2BS 5452: move retry 1
[10/07/20 19:31:11] D2BS 5452: ÿc7Picked up ÿc43 Gold
[10/07/20 19:31:11] D2BS 5452: ÿc7Picked up ÿc3Light Mana Potion ÿc0(ilvl 1) (EarlyGame.nip #28)
[10/07/20 19:31:12] D2BS 5452: ÿc7Picked up ÿc3Minor Mana Potion ÿc0(ilvl 1) (EarlyGame.nip #26)
[10/07/20 19:31:30] D2BS 5452: ÿc7Picked up ÿc41 Gold
[10/07/20 19:32:00] D2BS 5452: move retry 1
[10/07/20 19:32:40] D2BS 5452: initNPC: heal
[10/07/20 19:33:21] D2BS 5452: ÿc7Picked up ÿc42 Gold
[10/07/20 19:33:34] D2BS 5452: ÿc7Picked up ÿc412 Gold
[10/07/20 19:33:41] D2BS 5452: ÿc7Picked up ÿc48 Gold
[10/07/20 19:33:48] D2BS 5452: move retry 1
[10/07/20 19:35:13] D2BS 5452: 3
[10/07/20 19:35:46] D2BS 5452: 3,4
[10/07/20 19:35:57] D2BS 5452: ÿc7Picked up ÿc419 Gold
[10/07/20 19:35:58] D2BS 5452: ÿc7Picked up ÿc3Light Mana Potion ÿc0(ilvl 1) (EarlyGame.nip #28)
[10/07/20 19:35:59] D2BS 5452: ÿc7Picked up ÿc418 Gold
[10/07/20 19:36:12] D2BS 5452: ÿc7Picked up ÿc3Minor Mana Potion ÿc0(ilvl 1) (EarlyGame.nip #26)
[10/07/20 19:36:23] D2BS 5452: ÿc7Picked up ÿc3Minor Mana Potion ÿc0(ilvl 1) (EarlyGame.nip #26)
[10/07/20 19:36:27] D2BS 5452: AutoBuild: Stat points: 5      Skill points: 1
[10/07/20 19:36:27] D2BS 5452: AutoBuild: Level up detected ( 6 --> 7 )
[10/07/20 19:36:27] D2BS 5452: AutoBuild: useSkillPoint(): Telekinesis (43)
[10/07/20 19:36:27] D2BS 5452: AutoBuild: Skill (1/1) Increased Telekinesis (43) by one (level:  1)
[10/07/20 19:36:27] D2BS 5452: AutoBuild: useStatPoint(0): Strength
[10/07/20 19:36:27] D2BS 5452: AutoBuild: Stat (1/5) Increased Strength from 15 to 16
[10/07/20 19:36:27] D2BS 5452: AutoBuild: useStatPoint(1): Energy
[10/07/20 19:36:28] D2BS 5452: AutoBuild: Stat (2/5) Increased Energy from 45 to 46
[10/07/20 19:36:28] D2BS 5452: AutoBuild: useStatPoint(1): Energy
[10/07/20 19:36:28] D2BS 5452: AutoBuild: Stat (3/5) Increased Energy from 46 to 47
[10/07/20 19:36:28] D2BS 5452: AutoBuild: useStatPoint(3): Vitality
[10/07/20 19:36:28] D2BS 5452: AutoBuild: Stat (4/5) Increased Vitality from 20 to 21
[10/07/20 19:36:28] D2BS 5452: AutoBuild: useStatPoint(3): Vitality
[10/07/20 19:36:28] D2BS 5452: AutoBuild: Stat (5/5) Increased Vitality from 21 to 22
[10/07/20 19:36:28] D2BS 5452: AutoBuild: Updating Config from level 6 to 7
[10/07/20 19:36:28] D2BS 5452: Updating Config from level 6 to 7
[10/07/20 19:36:28] D2BS 5452: Updating Config from level 6 to 7
[10/07/20 19:36:28] D2BS 5452: Updating Config from level 6 to 7
[10/07/20 19:36:28] D2BS 5452: Updating Config from level 6 to 7
[10/07/20 19:36:28] D2BS 5452: AutoBuild: Incrementing cached character level to 7
[10/07/20 19:36:30] D2BS 5452: ÿc7Picked up ÿc415 Gold
[10/07/20 19:36:37] D2BS 5452: ÿc7Picked up ÿc1Minor Healing Potion ÿc0(ilvl 1) (EarlyGame.nip #27)
[10/07/20 19:36:40] D2BS 5452: ÿc7Picked up ÿc3Minor Mana Potion ÿc0(ilvl 1) (EarlyGame.nip #26)
[10/07/20 19:36:47] D2BS 5452: ÿc7Picked up ÿc423 Gold
[10/07/20 19:36:50] D2BS 5452: ÿc7Picked up ÿc410 Gold
[10/07/20 19:37:00] D2BS 5452: ÿc7Picked up ÿc422 Gold
[10/07/20 19:37:03] D2BS 5452: ÿc7Picked up ÿc3Light Mana Potion ÿc0(ilvl 1) (EarlyGame.nip #28)
[10/07/20 19:37:07] D2BS 5452: ÿc7Picked up ÿc43 Gold
[10/07/20 19:37:11] D2BS 5452: ÿc7Picked up ÿc427 Gold
[10/07/20 19:37:54] D2BS 5452: initNPC: heal
[10/07/20 19:38:07] D2BS 5452: initNPC: fillTome
[10/07/20 19:38:29] D2BS 5452: ÿc7Picked up ÿc1Light Healing Potion ÿc0(ilvl 1) (EarlyGame.nip #29)
[10/07/20 19:38:36] D2BS 5452: ÿc7Picked up ÿc48 Gold
[10/07/20 19:38:44] D2BS 5452: move retry 1
[10/07/20 19:39:21] D2BS 5452: move retry 1
[10/07/20 19:39:57] D2BS 5452: move retry 1
[10/07/20 19:40:12] D2BS 5452: move retry 1
[10/07/20 19:40:33] D2BS 5452: ÿc7Picked up ÿc415 Gold
[10/07/20 19:40:36] D2BS 5452: move retry 1
[10/07/20 19:40:44] D2BS 5452: ÿc7Picked up ÿc422 Gold
[10/07/20 19:40:55] D2BS 5452: move retry 1
[10/07/20 19:41:15] D2BS 5452: move retry 1
[10/07/20 19:41:45] D2BS 5452: move retry 1
[10/07/20 19:42:10] D2BS 5452: move retry 1
[10/07/20 19:42:37] D2BS 5452: ÿc7Picked up ÿc44 Gold
[10/07/20 19:42:43] D2BS 5452: ÿc7Picked up ÿc44 Gold
[10/07/20 19:42:58] D2BS 5452: move retry 1
[10/07/20 19:43:02] D2BS 5452: move retry 1
[10/07/20 19:43:23] D2BS 5452: ÿc7Picked up ÿc423 Gold
[10/07/20 19:43:43] D2BS 5452: ÿc7Picked up ÿc44 Gold
[10/07/20 19:44:01] D2BS 5452: move retry 1
[10/07/20 19:44:19] D2BS 5452: ÿc7Picked up ÿc415 Gold
[10/07/20 19:44:47] D2BS 5452: move retry 1
[10/07/20 19:45:04] D2BS 5452: move retry 1
[10/07/20 19:45:13] D2BS 5452: move retry 1
[10/07/20 19:45:27] D2BS 5452: move retry 1
[10/07/20 19:45:35] D2BS 5452: move retry 1
[10/07/20 19:45:49] D2BS 5452: move retry 1
[10/07/20 19:46:13] D2BS 5452: move retry 1
[10/07/20 19:47:08] D2BS 5452: move retry 1
[10/07/20 19:47:59] D2BS 5452: move retry 1
[10/07/20 19:48:25] D2BS 5452: ÿc7Picked up ÿc49 Gold
[10/07/20 19:48:28] D2BS 5452: move retry 1
[10/07/20 19:49:02] D2BS 5452: AutoBuild: Stat points: 5      Skill points: 2
[10/07/20 19:49:02] D2BS 5452: AutoBuild: Level up detected ( 7 --> 8 )
[10/07/20 19:49:02] D2BS 5452: AutoBuild: useSkillPoint(): Fire Bolt (36)
[10/07/20 19:49:03] D2BS 5452: AutoBuild: Skill (1/1) Increased Fire Bolt (36) by one (level:  3)
[10/07/20 19:49:03] D2BS 5452: AutoBuild: useStatPoint(0): Strength
[10/07/20 19:49:03] D2BS 5452: AutoBuild: Stat (1/5) Increased Strength from 16 to 17
[10/07/20 19:49:03] D2BS 5452: AutoBuild: useStatPoint(1): Energy
[10/07/20 19:49:03] D2BS 5452: AutoBuild: Attempt to spend point 2 in Energy may have failed!
[10/07/20 19:49:03] D2BS 5452: AutoBuild: useStatPoint(1): Energy
[10/07/20 19:49:03] D2BS 5452: AutoBuild: Stat (3/5) Increased Energy from 48 to 49
[10/07/20 19:49:03] D2BS 5452: AutoBuild: useStatPoint(3): Vitality
[10/07/20 19:49:03] D2BS 5452: AutoBuild: Stat (4/5) Increased Vitality from 22 to 23
[10/07/20 19:49:03] D2BS 5452: AutoBuild: useStatPoint(3): Vitality
[10/07/20 19:49:03] D2BS 5452: AutoBuild: Stat (5/5) Increased Vitality from 23 to 24
[10/07/20 19:49:03] D2BS 5452: AutoBuild: Updating Config from level 7 to 8
[10/07/20 19:49:03] D2BS 5452: Updating Config from level 7 to 8
[10/07/20 19:49:03] D2BS 5452: Updating Config from level 7 to 8
[10/07/20 19:49:03] D2BS 5452: Updating Config from level 7 to 8
[10/07/20 19:49:03] D2BS 5452: Updating Config from level 7 to 8
[10/07/20 19:49:03] D2BS 5452: AutoBuild: Incrementing cached character level to 8
[10/07/20 19:49:07] D2BS 5452: ÿc7Picked up ÿc0Eagle Orb ÿc0(ilvl 2)
[10/07/20 19:49:24] D2BS 5452: ÿc7Picked up ÿc410 Gold
[10/07/20 19:49:27] D2BS 5452: ÿc7Picked up ÿc47 Gold
[10/07/20 19:49:35] D2BS 5452: move retry 1
[10/07/20 19:49:51] D2BS 5452: move retry 1
[10/07/20 19:49:56] D2BS 5452: move retry 1
[10/07/20 19:50:45] D2BS 5452: move retry 1
[10/07/20 19:50:46] D2BS 5452: 4,10
[10/07/20 19:51:00] D2BS 5452: ÿc7Picked up ÿc425 Gold
[10/07/20 19:51:19] D2BS 5452: move retry 1
[10/07/20 19:51:19] D2BS 5452: ÿc7Picked up ÿc495 Gold
[10/07/20 19:51:28] D2BS 5452: move retry 1
[10/07/20 19:51:43] D2BS 5452: move retry 1
[10/07/20 19:51:50] D2BS 5452: move retry 2
[10/07/20 19:52:09] D2BS 5452: initNPC: heal
[10/07/20 19:52:17] D2BS 5452: initNPC: identify
[10/07/20 19:52:18] D2BS 5452: ÿc4MiniShopBotÿc0: Scanning 66 items.
[10/07/20 19:52:19] D2BS 5452: LowGold sell Eagle Orb
[10/07/20 19:52:19] D2BS 5452: initNPC: clearInventory
[10/07/20 19:53:31] D2BS 5452: Script default.dbj ended
[10/07/20 19:53:31] D2BS 5452: Script tools\autobuildthread.js ended
[10/07/20 19:53:31] D2BS 5452: Script tools\party.js ended
[10/07/20 19:53:31] D2BS 5452: Script tools\toolsthread.js ended
[10/07/20 19:53:31] D2BS 5452: Script tools\townchicken.js ended
[10/07/20 19:53:38] D2BS 5452: ÿc2D2BSÿc0 :: Starting default.dbj
[10/07/20 19:53:38] D2BS 5452: ÿc2D2BSÿc0 :: default.dbj running.
[10/07/20 19:53:38] D2BS 5452: AutoBuild: Including build template config/builds/sorceress.fire.js into default.dbj
[10/07/20 19:53:38] D2BS 5452: Updating Config from level 0 to 8
[10/07/20 19:53:38] D2BS 5452: ÿc4Loaded NIP: ÿc2LateGame.nipÿc4. Lines: ÿc275ÿc4. Valid entries: ÿc250. ÿc4Time: ÿc20 ms
[10/07/20 19:53:38] D2BS 5452: ÿc4Loaded NIP: ÿc2MidGame.nipÿc4. Lines: ÿc265ÿc4. Valid entries: ÿc240. ÿc4Time: ÿc216 ms
[10/07/20 19:53:38] D2BS 5452: ÿc4Loaded NIP: ÿc2EarlyGame.nipÿc4. Lines: ÿc229ÿc4. Valid entries: ÿc213. ÿc4Time: ÿc20 ms
[10/07/20 19:53:38] D2BS 5452: ÿc4Loaded NIP: ÿc2FireRunes.nipÿc4. Lines: ÿc223ÿc4. Valid entries: ÿc212. ÿc4Time: ÿc20 ms
[10/07/20 19:53:38] D2BS 5452: ÿc4Loaded NIP: ÿc2Fire.xpac.nipÿc4. Lines: ÿc2128ÿc4. Valid entries: ÿc2101. ÿc4Time: ÿc216 ms
[10/07/20 19:53:38] D2BS 5452: ÿc4Loaded NIP: ÿc2Merc.xpac.nipÿc4. Lines: ÿc260ÿc4. Valid entries: ÿc243. ÿc4Time: ÿc20 ms
[10/07/20 19:53:38] D2BS 5452: AutoBuild: Including build template config/builds/sorceress.fire.js into tools\autobuildthread.js
[10/07/20 19:53:38] D2BS 5452: Updating Config from level 0 to 8
[10/07/20 19:53:38] D2BS 5452: AutoBuild: Loaded helper thread
[10/07/20 19:53:38] D2BS 5452: ÿc2Starting script: ÿc9LevelFollower
[10/07/20 19:53:38] D2BS 5452: ÿc3Start ToolsThread script
[10/07/20 19:53:38] D2BS 5452: AutoBuild: Including build template config/builds/sorceress.fire.js into tools\toolsthread.js
[10/07/20 19:53:38] D2BS 5452: AutoBuild: Including build template config/builds/sorceress.fire.js into tools\townchicken.js
[10/07/20 19:53:38] D2BS 5452: Updating Config from level 0 to 8
[10/07/20 19:53:38] D2BS 5452: AutoBuild: Including build template config/builds/sorceress.fire.js into tools\party.js
[10/07/20 19:53:38] D2BS 5452: Updating Config from level 0 to 8
[10/07/20 19:53:38] D2BS 5452: Updating Config from level 0 to 8
[10/07/20 19:53:38] D2BS 5452: ÿc2Party thread loaded. Mode: Accept
[10/07/20 19:53:56] D2BS 5452: move retry 1
[10/07/20 19:53:58] D2BS 5452: initNPC: heal
[10/07/20 19:54:04] D2BS 5452: move retry 1
[10/07/20 19:54:06] D2BS 5452: initNPC: BuyPotions
[10/07/20 19:54:18] D2BS 5452: initNPC: heal
[10/07/20 19:54:23] D2BS 5452: move retry 1
[10/07/20 19:54:32] D2BS 5452: 1
[10/07/20 19:54:52] D2BS 5452: ÿc7Picked up ÿc3Minor Mana Potion ÿc0(ilvl 1) (EarlyGame.nip #26)
[10/07/20 19:54:54] D2BS 5452: ÿc7Picked up ÿc0Scroll of Town Portal ÿc7(2/20)
[10/07/20 19:55:11] D2BS 5452: ÿc1Skipping Dark Ranger 39 16
[10/07/20 19:55:12] D2BS 5452: ÿc7Picked up ÿc1Minor Healing Potion ÿc0(ilvl 1) (EarlyGame.nip #27)
[10/07/20 19:55:26] D2BS 5452: ÿc7Picked up ÿc413 Gold
[10/07/20 19:55:27] D2BS 5452: move retry 1
[10/07/20 19:55:42] D2BS 5452: ÿc7Picked up ÿc3Minor Mana Potion ÿc0(ilvl 1) (EarlyGame.nip #26)
[10/07/20 19:55:51] D2BS 5452: move retry 1
[10/07/20 19:56:09] D2BS 5452: ÿc7Picked up ÿc41 Gold
[10/07/20 19:56:09] D2BS 5452: ÿc7Picked up ÿc42 Gold
[10/07/20 19:56:13] D2BS 5452: ÿc4Attackÿc0: No valid positions for: Fallen Shaman
[10/07/20 19:56:18] D2BS 5452: ÿc7Picked up ÿc426 Gold
[10/07/20 19:56:18] D2BS 5452: ÿc7Picked up ÿc0Superior Dagger ÿc0(ilvl 2)
[10/07/20 19:56:22] D2BS 5452: ÿc7Picked up ÿc415 Gold
[10/07/20 19:56:30] D2BS 5452: AutoBuild: Stat points: 5      Skill points: 2
[10/07/20 19:56:30] D2BS 5452: AutoBuild: Level up detected ( 8 --> 9 )
[10/07/20 19:56:30] D2BS 5452: AutoBuild: useSkillPoint(): Fire Bolt (36)
[10/07/20 19:56:30] D2BS 5452: AutoBuild: Skill (1/1) Increased Fire Bolt (36) by one (level:  4)
[10/07/20 19:56:31] D2BS 5452: AutoBuild: useStatPoint(0): Strength
[10/07/20 19:56:31] D2BS 5452: AutoBuild: Stat (1/5) Increased Strength from 17 to 18
[10/07/20 19:56:31] D2BS 5452: AutoBuild: useStatPoint(1): Energy
[10/07/20 19:56:31] D2BS 5452: AutoBuild: Stat (2/5) Increased Energy from 49 to 50
[10/07/20 19:56:31] D2BS 5452: AutoBuild: useStatPoint(1): Energy
[10/07/20 19:56:31] D2BS 5452: AutoBuild: Stat (3/5) Increased Energy from 50 to 51
[10/07/20 19:56:31] D2BS 5452: AutoBuild: useStatPoint(3): Vitality
[10/07/20 19:56:31] D2BS 5452: AutoBuild: Stat (4/5) Increased Vitality from 24 to 25
[10/07/20 19:56:31] D2BS 5452: AutoBuild: useStatPoint(3): Vitality
[10/07/20 19:56:31] D2BS 5452: AutoBuild: Stat (5/5) Increased Vitality from 25 to 26
[10/07/20 19:56:31] D2BS 5452: AutoBuild: Updating Config from level 8 to 9
[10/07/20 19:56:31] D2BS 5452: Updating Config from level 8 to 9
[10/07/20 19:56:31] D2BS 5452: Updating Config from level 8 to 9
[10/07/20 19:56:31] D2BS 5452: Updating Config from level 8 to 9
[10/07/20 19:56:31] D2BS 5452: Updating Config from level 8 to 9
[10/07/20 19:56:31] D2BS 5452: AutoBuild: Incrementing cached character level to 9
[10/07/20 19:56:41] D2BS 5452: ÿc7Picked up ÿc48 Gold
[10/07/20 19:56:42] D2BS 5452: ÿc7Picked up ÿc419 Gold
[10/07/20 19:56:48] D2BS 5452: ÿc7Picked up ÿc418 Gold
[10/07/20 19:57:32] D2BS 5452: move retry 1
[10/07/20 19:57:35] D2BS 5452: move retry 1
[10/07/20 19:57:45] D2BS 5452: move retry 1
[10/07/20 19:57:57] D2BS 5452: move retry 1
[10/07/20 19:58:16] D2BS 5452: move retry 1
[10/07/20 19:58:45] D2BS 5452: ÿc7Picked up ÿc415 Gold
[10/07/20 19:58:57] D2BS 5452: move retry 1
[10/07/20 19:58:58] D2BS 5452: ÿc7Picked up ÿc413 Gold
[10/07/20 19:59:09] D2BS 5452: ÿc7Picked up ÿc0Superior Leather Gloves ÿc0(ilvl 1) (Fire.xpac.nip #78)
[10/07/20 19:59:14] D2BS 5452: ÿc7Picked up ÿc3Amulet ÿc0(ilvl 2) (LateGame.nip #29)
[10/07/20 19:59:41] D2BS 5452: move retry 1
[10/07/20 19:59:49] D2BS 5452: ÿc7Picked up ÿc422 Gold
[10/07/20 19:59:52] D2BS 5452: move retry 1
[10/07/20 20:00:05] D2BS 5452: ÿc7Picked up ÿc47 Gold
[10/07/20 20:01:41] D2BS 5452: move retry 1
[10/07/20 20:01:44] D2BS 5452: move retry 1
[10/07/20 20:02:19] D2BS 5452: ÿc7Picked up ÿc3Light Mana Potion ÿc0(ilvl 1) (EarlyGame.nip #28)
[10/07/20 20:02:32] D2BS 5452: ÿc7Picked up ÿc415 Gold
[10/07/20 20:02:47] D2BS 5452: ÿc7Picked up ÿc3Minor Mana Potion ÿc0(ilvl 1) (EarlyGame.nip #26)
[10/07/20 20:02:47] D2BS 5452: ÿc7Picked up ÿc3Minor Mana Potion ÿc0(ilvl 1) (EarlyGame.nip #26)
[10/07/20 20:03:24] D2BS 5452: move retry 1
[10/07/20 20:04:28] D2BS 5452: ÿc7Picked up ÿc46 Gold
[10/07/20 20:04:31] D2BS 5452: ÿc7Picked up ÿc45 Gold
[10/07/20 20:04:31] D2BS 5452: move retry 1
[10/07/20 20:04:37] D2BS 5452: move retry 1
[10/07/20 20:04:38] D2BS 5452: ÿc7Picked up ÿc411 Gold
[10/07/20 20:04:51] D2BS 5452: move retry 1
[10/07/20 20:05:13] D2BS 5452: ÿc7Picked up ÿc44 Gold
[10/07/20 20:05:42] D2BS 5452: move retry 1
[10/07/20 20:05:47] D2BS 5452: ÿc7Picked up ÿc44 Gold
[10/07/20 20:05:49] D2BS 5452: move retry 1
[10/07/20 20:05:56] D2BS 5452: move retry 1
[10/07/20 20:06:17] D2BS 5452: ÿc7Picked up ÿc417 Gold
[10/07/20 20:06:18] D2BS 5452: move retry 1
[10/07/20 20:06:23] D2BS 5452: move retry 1
[10/07/20 20:06:44] D2BS 5452: move retry 1
[10/07/20 20:07:23] D2BS 5452: Script default.dbj ended
[10/07/20 20:07:23] D2BS 5452: Script tools\autobuildthread.js ended
[10/07/20 20:07:23] D2BS 5452: Script tools\party.js ended
[10/07/20 20:07:23] D2BS 5452: Script tools\toolsthread.js ended
[10/07/20 20:07:23] D2BS 5452: Script tools\townchicken.js ended
[10/07/20 20:07:30] D2BS 5452: ÿc2D2BSÿc0 :: Starting default.dbj
[10/07/20 20:07:30] D2BS 5452: ÿc2D2BSÿc0 :: default.dbj running.
[10/07/20 20:07:30] D2BS 5452: AutoBuild: Including build template config/builds/sorceress.fire.js into default.dbj
[10/07/20 20:07:30] D2BS 5452: Updating Config from level 0 to 9
[10/07/20 20:07:30] D2BS 5452: ÿc4Loaded NIP: ÿc2LateGame.nipÿc4. Lines: ÿc275ÿc4. Valid entries: ÿc250. ÿc4Time: ÿc20 ms
[10/07/20 20:07:30] D2BS 5452: ÿc4Loaded NIP: ÿc2MidGame.nipÿc4. Lines: ÿc265ÿc4. Valid entries: ÿc240. ÿc4Time: ÿc216 ms
[10/07/20 20:07:30] D2BS 5452: ÿc4Loaded NIP: ÿc2EarlyGame.nipÿc4. Lines: ÿc229ÿc4. Valid entries: ÿc213. ÿc4Time: ÿc20 ms
[10/07/20 20:07:30] D2BS 5452: ÿc4Loaded NIP: ÿc2FireRunes.nipÿc4. Lines: ÿc223ÿc4. Valid entries: ÿc212. ÿc4Time: ÿc20 ms
[10/07/20 20:07:30] D2BS 5452: ÿc4Loaded NIP: ÿc2Fire.xpac.nipÿc4. Lines: ÿc2128ÿc4. Valid entries: ÿc2101. ÿc4Time: ÿc20 ms
[10/07/20 20:07:30] D2BS 5452: ÿc4Loaded NIP: ÿc2Merc.xpac.nipÿc4. Lines: ÿc260ÿc4. Valid entries: ÿc243. ÿc4Time: ÿc20 ms
[10/07/20 20:07:30] D2BS 5452: LowGold sell Superior Dagger
[10/07/20 20:07:30] D2BS 5452: initNPC: clearInventory
[10/07/20 20:07:30] D2BS 5452: AutoBuild: Including build template config/builds/sorceress.fire.js into tools\autobuildthread.js
[10/07/20 20:07:30] D2BS 5452: Updating Config from level 0 to 9
[10/07/20 20:07:30] D2BS 5452: AutoBuild: Loaded helper thread
[10/07/20 20:07:30] D2BS 5452: AutoBuild: Including build template config/builds/sorceress.fire.js into tools\party.js
[10/07/20 20:07:30] D2BS 5452: AutoBuild: Including build template config/builds/sorceress.fire.js into tools\townchicken.js
[10/07/20 20:07:30] D2BS 5452: Updating Config from level 0 to 9
[10/07/20 20:07:30] D2BS 5452: ÿc2Party thread loaded. Mode: Accept
[10/07/20 20:07:30] D2BS 5452: Updating Config from level 0 to 9
[10/07/20 20:07:30] D2BS 5452: ÿc3Start ToolsThread script
[10/07/20 20:07:30] D2BS 5452: AutoBuild: Including build template config/builds/sorceress.fire.js into tools\toolsthread.js
[10/07/20 20:07:30] D2BS 5452: Updating Config from level 0 to 9
[10/07/20 20:07:38] D2BS 5452: ÿc2Starting script: ÿc9LevelFollower
[10/07/20 20:07:38] D2BS 5452: move retry 1
[10/07/20 20:07:49] D2BS 5452: initNPC: BuyPotions
[10/07/20 20:08:15] D2BS 5452: initNPC: identify
[10/07/20 20:08:24] D2BS 5452: ÿc4MiniShopBotÿc0: Scanning 84 items.
[10/07/20 20:08:25] D2BS 5452: initNPC: fillTome
[10/07/20 20:08:26] D2BS 5452: initNPC: buyPotions
[10/07/20 20:08:38] D2BS 5452: 1
[10/07/20 20:09:09] D2BS 5452: ÿc7Picked up ÿc0Short Sword ÿc0(ilvl 2)
[10/07/20 20:09:13] D2BS 5452: move retry 1
[10/07/20 20:09:18] D2BS 5452: ÿc7Picked up ÿc0Chipped Amethyst ÿc0(ilvl 1)
[10/07/20 20:09:32] D2BS 5452: ÿc7Picked up ÿc42 Gold
[10/07/20 20:09:34] D2BS 5452: move retry 1
[10/07/20 20:09:58] D2BS 5452: AutoBuild: Stat points: 5      Skill points: 2
[10/07/20 20:09:58] D2BS 5452: AutoBuild: Level up detected ( 9 --> 10 )
[10/07/20 20:09:58] D2BS 5452: AutoBuild: useSkillPoint(): Fire Bolt (36)
[10/07/20 20:09:58] D2BS 5452: AutoBuild: Skill (1/1) Increased Fire Bolt (36) by one (level:  5)
[10/07/20 20:09:58] D2BS 5452: AutoBuild: useStatPoint(0): Strength
[10/07/20 20:09:58] D2BS 5452: AutoBuild: Stat (1/5) Increased Strength from 18 to 19
[10/07/20 20:09:58] D2BS 5452: AutoBuild: useStatPoint(1): Energy
[10/07/20 20:09:58] D2BS 5452: AutoBuild: Stat (2/5) Increased Energy from 51 to 52
[10/07/20 20:09:58] D2BS 5452: AutoBuild: useStatPoint(1): Energy
[10/07/20 20:09:59] D2BS 5452: AutoBuild: Stat (3/5) Increased Energy from 52 to 53
[10/07/20 20:09:59] D2BS 5452: AutoBuild: useStatPoint(3): Vitality
[10/07/20 20:09:59] D2BS 5452: AutoBuild: Stat (4/5) Increased Vitality from 26 to 27
[10/07/20 20:09:59] D2BS 5452: AutoBuild: useStatPoint(3): Vitality
[10/07/20 20:09:59] D2BS 5452: AutoBuild: Stat (5/5) Increased Vitality from 27 to 28
[10/07/20 20:09:59] D2BS 5452: Updating Config from level 9 to 10
[10/07/20 20:09:59] D2BS 5452: Updating Config from level 9 to 10
[10/07/20 20:09:59] D2BS 5452: Updating Config from level 9 to 10
[10/07/20 20:09:59] D2BS 5452: AutoBuild: Updating Config from level 9 to 10
[10/07/20 20:09:59] D2BS 5452: Updating Config from level 9 to 10
[10/07/20 20:09:59] D2BS 5452: AutoBuild: Incrementing cached character level to 10
[10/07/20 20:10:02] D2BS 5452: ÿc7Picked up ÿc49 Gold
[10/07/20 20:10:02] D2BS 5452: ÿc7Picked up ÿc413 Gold
[10/07/20 20:10:03] D2BS 5452: ÿc7Picked up ÿc412 Gold
[10/07/20 20:10:14] D2BS 5452: ÿc7Picked up ÿc3Light Mana Potion ÿc0(ilvl 1) (EarlyGame.nip #28)
[10/07/20 20:10:30] D2BS 5452: move retry 1
[10/07/20 20:10:32] D2BS 5452: ÿc7Picked up ÿc411 Gold
[10/07/20 20:10:43] D2BS 5452: ÿc7Picked up ÿc46 Gold
[10/07/20 20:10:44] D2BS 5452: ÿc7Picked up ÿc422 Gold
[10/07/20 20:10:48] D2BS 5452: ÿc7Picked up ÿc411 Gold
[10/07/20 20:11:13] D2BS 5452: ÿc7Picked up ÿc447 Gold
[10/07/20 20:11:15] D2BS 5452: ÿc7Picked up ÿc0Small Shield ÿc0(ilvl 8)
[10/07/20 20:11:27] D2BS 5452: ÿc7Picked up ÿc3Light Crossbow ÿc0(ilvl 8)
[10/07/20 20:11:44] D2BS 5452: move retry 1
[10/07/20 20:11:59] D2BS 5452: move retry 1
[10/07/20 20:12:20] D2BS 5452: ÿc7Picked up ÿc46 Gold
[10/07/20 20:12:30] D2BS 5452: ÿc7Picked up ÿc45 Gold
[10/07/20 20:12:50] D2BS 5452: ÿc7Picked up ÿc45 Gold
[10/07/20 20:13:31] D2BS 5452: ÿc7Picked up ÿc460 Gold
[10/07/20 20:13:37] D2BS 5452: ÿc7Picked up ÿc45 Gold
[10/07/20 20:13:53] D2BS 5452: ÿc7Picked up ÿc3Minor Mana Potion ÿc0(ilvl 1) (EarlyGame.nip #26)
[10/07/20 20:14:35] D2BS 5452: move retry 1
[10/07/20 20:14:45] D2BS 5452: ÿc7Picked up ÿc46 Gold
[10/07/20 20:15:04] D2BS 5452: ÿc7Picked up ÿc410 Gold
[10/07/20 20:15:50] D2BS 5452: move retry 1
[10/07/20 20:17:44] D2BS 5452: move retry 1
[10/07/20 20:18:29] D2BS 5452: move retry 1
[10/07/20 20:18:36] D2BS 5452: move retry 1
[10/07/20 20:19:44] D2BS 5452: 4,10
[10/07/20 20:20:20] D2BS 5452: ÿc7Picked up ÿc411 Gold
[10/07/20 20:20:34] D2BS 5452: move retry 1
[10/07/20 20:20:37] D2BS 5452: move retry 2
[10/07/20 20:20:38] D2BS 5452: initNPC: heal
[10/07/20 20:20:44] D2BS 5452: initNPC: identify
[10/07/20 20:20:45] D2BS 5452: ÿc4MiniShopBotÿc0: Scanning 50 items.
[10/07/20 20:20:46] D2BS 5452: initNPC: buyPotions
[10/07/20 20:20:47] D2BS 5452: LowGold sell Short Sword
[10/07/20 20:20:47] D2BS 5452: initNPC: clearInventory
[10/07/20 20:20:47] D2BS 5452: LowGold sell Small Shield
[10/07/20 20:20:47] D2BS 5452: initNPC: clearInventory
[10/07/20 20:20:49] D2BS 5452: LowGold sell Chipped Amethyst
[10/07/20 20:20:49] D2BS 5452: initNPC: clearInventory
[10/07/20 20:20:58] D2BS 5452: 1
[10/07/20 20:21:35] D2BS 5452: ÿc7Picked up ÿc0Javelin ÿc0(ilvl 5)
[10/07/20 20:21:35] D2BS 5452: ÿc7Picked up ÿc422 Gold
[10/07/20 20:21:36] D2BS 5452: ÿc7Picked up ÿc0Large Axe ÿc0(ilvl 5)
[10/07/20 20:21:36] D2BS 5452: ÿc7Picked up ÿc9Wolf Head ÿc0(ilvl 5)
[10/07/20 20:21:36] D2BS 5452: ÿc7Picked up ÿc46 Gold
[10/07/20 20:21:42] D2BS 5452: ÿc7Picked up ÿc0Light Crossbow ÿc0(ilvl 5)
[10/07/20 20:21:42] D2BS 5452: ÿc7Picked up ÿc3Wolf Head ÿc0(ilvl 5)
[10/07/20 20:21:44] D2BS 5452: AutoBuild: Stat points: 5      Skill points: 2
[10/07/20 20:21:44] D2BS 5452: AutoBuild: Level up detected ( 10 --> 11 )
[10/07/20 20:21:44] D2BS 5452: AutoBuild: useSkillPoint(): Fire Bolt (36)
[10/07/20 20:21:44] D2BS 5452: AutoBuild: Skill (1/1) Increased Fire Bolt (36) by one (level:  6)
[10/07/20 20:21:44] D2BS 5452: AutoBuild: useStatPoint(0): Strength
[10/07/20 20:21:45] D2BS 5452: AutoBuild: Stat (1/5) Increased Strength from 19 to 20
[10/07/20 20:21:45] D2BS 5452: AutoBuild: useStatPoint(1): Energy
[10/07/20 20:21:45] D2BS 5452: AutoBuild: Stat (2/5) Increased Energy from 53 to 54
[10/07/20 20:21:45] D2BS 5452: AutoBuild: useStatPoint(1): Energy
[10/07/20 20:21:45] D2BS 5452: AutoBuild: Stat (3/5) Increased Energy from 54 to 55
[10/07/20 20:21:45] D2BS 5452: AutoBuild: useStatPoint(3): Vitality
[10/07/20 20:21:45] D2BS 5452: AutoBuild: Stat (4/5) Increased Vitality from 28 to 29
[10/07/20 20:21:45] D2BS 5452: AutoBuild: useStatPoint(3): Vitality
[10/07/20 20:21:45] D2BS 5452: AutoBuild: Stat (5/5) Increased Vitality from 29 to 30
[10/07/20 20:21:45] D2BS 5452: Updating Config from level 10 to 11
[10/07/20 20:21:45] D2BS 5452: AutoBuild: Updating Config from level 10 to 11
[10/07/20 20:21:45] D2BS 5452: Updating Config from level 10 to 11
[10/07/20 20:21:45] D2BS 5452: Updating Config from level 10 to 11
[10/07/20 20:21:45] D2BS 5452: Updating Config from level 10 to 11
[10/07/20 20:21:45] D2BS 5452: AutoBuild: Incrementing cached character level to 11
[10/07/20 20:21:48] D2BS 5452: Script default.dbj ended
[10/07/20 20:21:48] D2BS 5452: Script tools\autobuildthread.js ended
[10/07/20 20:21:48] D2BS 5452: Script tools\party.js ended
[10/07/20 20:21:48] D2BS 5452: Script tools\toolsthread.js ended
[10/07/20 20:21:48] D2BS 5452: Script tools\townchicken.js ended
[10/07/20 20:21:53] D2BS 5452: Stack Walk Thread: 32536
[10/07/20 20:21:53] D2BS 5452: 7780182C (ntdll): (filename not available): NtDelayExecution
[10/07/20 20:21:53] D2BS 5452: 77012DDF (KERNELBASE): (filename not available): Sleep
[10/07/20 20:21:53] D2BS 5452: 030E3C94 (D2BS): (filename not available): QueryInterface
[10/07/20 20:21:53] D2BS 5452: 7721F989 (KERNEL32): (filename not available): BaseThreadInitThunk
[10/07/20 20:21:53] D2BS 5452: 777F74B4 (ntdll): (filename not available): RtlGetAppContainerNamedObjectPath
[10/07/20 20:21:53] D2BS 5452: 777F7484 (ntdll): (filename not available): RtlGetAppContainerNamedObjectPath
[10/07/20 20:21:53] D2BS 5452: Stack Walk Thread: 28540
[10/07/20 20:21:53] D2BS 5452: 7780150C (ntdll): (filename not available): NtWaitForSingleObject
[10/07/20 20:21:53] D2BS 5452: 76FFF5F2 (KERNELBASE): (filename not available): WaitForSingleObject
[10/07/20 20:21:53] D2BS 5452: 004027E5 (Game): (filename not available): (function-name not available)
[10/07/20 20:21:53] D2BS 5452: 7721F989 (KERNEL32): (filename not available): BaseThreadInitThunk
[10/07/20 20:21:53] D2BS 5452: 777F74B4 (ntdll): (filename not available): RtlGetAppContainerNamedObjectPath
[10/07/20 20:21:53] D2BS 5452: 777F7484 (ntdll): (filename not available): RtlGetAppContainerNamedObjectPath
[10/07/20 20:21:53] D2BS 5452: Stack Walk Thread: 15876
[10/07/20 20:21:53] D2BS 5452: 7780182C (ntdll): (filename not available): NtDelayExecution
[10/07/20 20:21:53] D2BS 5452: 77012DDF (KERNELBASE): (filename not available): Sleep
[10/07/20 20:21:53] D2BS 5452: 004102FC (Game): (filename not available): (function-name not available)
[10/07/20 20:21:53] D2BS 5452: 7721F989 (KERNEL32): (filename not available): BaseThreadInitThunk
[10/07/20 20:21:53] D2BS 5452: 777F74B4 (ntdll): (filename not available): RtlGetAppContainerNamedObjectPath
[10/07/20 20:21:53] D2BS 5452: 777F7484 (ntdll): (filename not available): RtlGetAppContainerNamedObjectPath
[10/07/20 20:21:53] D2BS 5452: Stack Walk Thread: 14720
[10/07/20 20:21:53] D2BS 5452: 7780150C (ntdll): (filename not available): NtWaitForSingleObject
[10/07/20 20:21:53] D2BS 5452: 76FFF5F2 (KERNELBASE): (filename not available): WaitForSingleObject
[10/07/20 20:21:53] D2BS 5452: 0041A845 (Game): (filename not available): (function-name not available)
[10/07/20 20:21:53] D2BS 5452: 7721F989 (KERNEL32): (filename not available): BaseThreadInitThunk
[10/07/20 20:21:53] D2BS 5452: 777F74B4 (ntdll): (filename not available): RtlGetAppContainerNamedObjectPath
[10/07/20 20:21:53] D2BS 5452: 777F7484 (ntdll): (filename not available): RtlGetAppContainerNamedObjectPath
[10/07/20 20:21:53] D2BS 5452: Stack Walk Thread: 31344
[10/07/20 20:21:53] D2BS 5452: 7780321C (ntdll): (filename not available): ZwWaitForWorkViaWorkerFactory
[10/07/20 20:21:53] D2BS 5452: 7721F989 (KERNEL32): (filename not available): BaseThreadInitThunk
[10/07/20 20:21:53] D2BS 5452: 777F74B4 (ntdll): (filename not available): RtlGetAppContainerNamedObjectPath
[10/07/20 20:21:53] D2BS 5452: 777F7484 (ntdll): (filename not available): RtlGetAppContainerNamedObjectPath
[10/07/20 20:21:53] D2BS 5452: Stack Walk Thread: 40012
[10/07/20 20:21:53] D2BS 5452: 7780150C (ntdll): (filename not available): NtWaitForSingleObject
[10/07/20 20:21:53] D2BS 5452: 03167236 (D2BS): (filename not available): JS::CompileOptions::setFileAndLine
[10/07/20 20:21:53] D2BS 5452: 03252B1F (D2BS): (filename not available): JS_freeop
[10/07/20 20:21:53] D2BS 5452: 03251A5E (D2BS): (filename not available): JS_freeop
[10/07/20 20:21:53] D2BS 5452: 0317E4A2 (D2BS): (filename not available): JS::CompileOptions::setFileAndLine
[10/07/20 20:21:53] D2BS 5452: 7721F989 (KERNEL32): (filename not available): BaseThreadInitThunk
[10/07/20 20:21:53] D2BS 5452: 777F74B4 (ntdll): (filename not available): RtlGetAppContainerNamedObjectPath
[10/07/20 20:21:53] D2BS 5452: 777F7484 (ntdll): (filename not available): RtlGetAppContainerNamedObjectPath
[10/07/20 20:21:53] D2BS 5452: Stack Walk Thread: 37096
[10/07/20 20:21:53] D2BS 5452: 7780182C (ntdll): (filename not available): NtDelayExecution
[10/07/20 20:21:53] D2BS 5452: 77012DDF (KERNELBASE): (filename not available): Sleep
[10/07/20 20:21:53] D2BS 5452: 030EE2FD (D2BS): (filename not available): JS::CompileOptions::setFileAndLine
[10/07/20 20:21:53] D2BS 5452: 031701B1 (D2BS): (filename not available): JS::CompileOptions::setFileAndLine
[10/07/20 20:21:53] D2BS 5452: 03252B1F (D2BS): (filename not available): JS_freeop
[10/07/20 20:21:53] D2BS 5452: 03251A5E (D2BS): (filename not available): JS_freeop
[10/07/20 20:21:53] D2BS 5452: 0317E4A2 (D2BS): (filename not available): JS::CompileOptions::setFileAndLine
[10/07/20 20:21:53] D2BS 5452: 7721F989 (KERNEL32): (filename not available): BaseThreadInitThunk
[10/07/20 20:21:53] D2BS 5452: 777F74B4 (ntdll): (filename not available): RtlGetAppContainerNamedObjectPath
[10/07/20 20:21:53] D2BS 5452: 777F7484 (ntdll): (filename not available): RtlGetAppContainerNamedObjectPath
[10/07/20 20:21:53] D2BS 5452: Stack Walk Thread: 23360
[10/07/20 20:21:53] D2BS 5452: 7780150C (ntdll): (filename not available): NtWaitForSingleObject
[10/07/20 20:21:53] D2BS 5452: 03167236 (D2BS): (filename not available): JS::CompileOptions::setFileAndLine
[10/07/20 20:21:53] D2BS 5452: 03252B1F (D2BS): (filename not available): JS_freeop
[10/07/20 20:21:53] D2BS 5452: 03251A5E (D2BS): (filename not available): JS_freeop
[10/07/20 20:21:53] D2BS 5452: 0317E4A2 (D2BS): (filename not available): JS::CompileOptions::setFileAndLine
[10/07/20 20:21:53] D2BS 5452: 7721F989 (KERNEL32): (filename not available): BaseThreadInitThunk
[10/07/20 20:21:53] D2BS 5452: 777F74B4 (ntdll): (filename not available): RtlGetAppContainerNamedObjectPath
[10/07/20 20:21:53] D2BS 5452: 777F7484 (ntdll): (filename not available): RtlGetAppContainerNamedObjectPath
[10/07/20 20:21:53] D2BS 5452: Stack Walk Thread: 17944
[10/07/20 20:21:53] D2BS 5452: 030EB024 (D2BS): (filename not available): JSAutoStructuredCloneBuffer::JSAutoStructuredCloneBuffer
[10/07/20 20:21:53] D2BS 5452: 030E37F8 (D2BS): (filename not available): QueryInterface
[10/07/20 20:21:53] D2BS 5452: 00408A05 (Game): (filename not available): (function-name not available)
[10/07/20 20:21:53] D2BS 5452: 00408A81 (Game): (filename not available): (function-name not available)
[10/07/20 20:21:53] D2BS 5452: 006123A3 (Game): (filename not available): BNGatewayAccess::UpdateGatewaysFromIni
[10/07/20 20:21:53] D2BS 5452: 006127D4 (Game): (filename not available): BNGatewayAccess::UpdateGatewaysFromIni
[10/07/20 20:21:53] D2BS 5452: 0061930D (Game): (filename not available): BNGatewayAccess::UpdateGatewaysFromIni
[10/07/20 20:21:53] D2BS 5452: 0044B93C (Game): (filename not available): BNGatewayAccess::CurGateway
[10/07/20 20:21:53] D2BS 5452: 0044B43C (Game): (filename not available): BNGatewayAccess::CurGateway
[10/07/20 20:21:53] D2BS 5452: 00405E6B (Game): (filename not available): (function-name not available)
[10/07/20 20:21:53] D2BS 5452: 004065C7 (Game): (filename not available): (function-name not available)
[10/07/20 20:21:53] D2BS 5452: 0040671F (Game): (filename not available): (function-name not available)
[10/07/20 20:21:53] D2BS 5452: 0068291C (Game): (filename not available): BNGatewayAccess::UpdateGatewaysFromIni
[10/07/20 20:21:53] D2BS 5452: 7721F989 (KERNEL32): (filename not available): BaseThreadInitThunk
[10/07/20 20:21:53] D2BS 5452: 777F74B4 (ntdll): (filename not available): RtlGetAppContainerNamedObjectPath
[10/07/20 20:21:53] D2BS 5452: 777F7484 (ntdll): (filename not available): RtlGetAppContainerNamedObjectPath
[10/07/20 20:21:53] D2BS 5452: Crash File: BlizzardError/2020-10-07 20.21.53/Crash.txt
[10/07/20 20:21:53] D2BS 5452: D2BS Shutdown complete.
[10/07/20 20:21:55] D2BS 36296: D2BS Engine startup complete. 1.6.4U
[10/07/20 20:21:55] D2BS 36296: ÿc2D2BSÿc0 :: Switched to profile FireSorc
[10/07/20 20:21:55] D2BS 36296: ÿc2D2BSÿc0 :: Engine startup complete!
[10/07/20 20:21:55] D2BS 36296: ÿc2D2BSÿc0 :: Starting D2BotLanFollow.dbj
[10/07/20 20:21:55] D2BS 36296: ÿc2D2BSÿc0 :: D2BotLanFollow.dbj running.
[10/07/20 20:21:55] D2BS 36296: FireSorc
[10/07/20 20:21:56] D2BS 36296: ÿc2D2BSÿc0 :: Started Console Script
[10/07/20 20:21:57] D2BS 36296: Heartbeat loaded
[10/07/20 20:22:15] D2BS 36296: ÿc2D2BSÿc0 :: Starting default.dbj
[10/07/20 20:22:15] D2BS 36296: ÿc2D2BSÿc0 :: default.dbj running.
[10/07/20 20:22:15] D2BS 36296: AutoBuild: Including build template config/builds/sorceress.fire.js into default.dbj
[10/07/20 20:22:15] D2BS 36296: Updating Config from level 0 to 11
[10/07/20 20:22:15] D2BS 36296: ÿc4Loaded NIP: ÿc2LateGame.nipÿc4. Lines: ÿc275ÿc4. Valid entries: ÿc250. ÿc4Time: ÿc20 ms
[10/07/20 20:22:15] D2BS 36296: ÿc4Loaded NIP: ÿc2MidGame.nipÿc4. Lines: ÿc265ÿc4. Valid entries: ÿc240. ÿc4Time: ÿc20 ms
[10/07/20 20:22:15] D2BS 36296: ÿc4Loaded NIP: ÿc2EarlyGame.nipÿc4. Lines: ÿc229ÿc4. Valid entries: ÿc213. ÿc4Time: ÿc20 ms
[10/07/20 20:22:15] D2BS 36296: ÿc4Loaded NIP: ÿc2FireRunes.nipÿc4. Lines: ÿc223ÿc4. Valid entries: ÿc212. ÿc4Time: ÿc20 ms
[10/07/20 20:22:15] D2BS 36296: ÿc4Loaded NIP: ÿc2Fire.xpac.nipÿc4. Lines: ÿc2128ÿc4. Valid entries: ÿc2101. ÿc4Time: ÿc216 ms
[10/07/20 20:22:15] D2BS 36296: ÿc4Loaded NIP: ÿc2Merc.xpac.nipÿc4. Lines: ÿc260ÿc4. Valid entries: ÿc243. ÿc4Time: ÿc20 ms
[10/07/20 20:22:15] D2BS 36296: AutoBuild: Including build template config/builds/sorceress.fire.js into tools\autobuildthread.js
[10/07/20 20:22:15] D2BS 36296: Updating Config from level 0 to 11
[10/07/20 20:22:15] D2BS 36296: AutoBuild: Loaded helper thread
[10/07/20 20:22:15] D2BS 36296: LowGold sell Wolf Head
[10/07/20 20:22:15] D2BS 36296: initNPC: clearInventory
[10/07/20 20:22:15] D2BS 36296: AutoBuild: Including build template config/builds/sorceress.fire.js into tools\party.js
[10/07/20 20:22:15] D2BS 36296: Updating Config from level 0 to 11
[10/07/20 20:22:15] D2BS 36296: ÿc2Party thread loaded. Mode: Accept
[10/07/20 20:22:15] D2BS 36296: ÿc3Start ToolsThread script
[10/07/20 20:22:15] D2BS 36296: AutoBuild: Including build template config/builds/sorceress.fire.js into tools\townchicken.js
[10/07/20 20:22:15] D2BS 36296: AutoBuild: Including build template config/builds/sorceress.fire.js into tools\toolsthread.js
[10/07/20 20:22:15] D2BS 36296: Updating Config from level 0 to 11
[10/07/20 20:22:15] D2BS 36296: Updating Config from level 0 to 11
[10/07/20 20:22:23] D2BS 36296: LowGold sell Light Crossbow
[10/07/20 20:22:23] D2BS 36296: initNPC: clearInventory
[10/07/20 20:22:25] D2BS 36296: LowGold sell Large Axe
[10/07/20 20:22:25] D2BS 36296: initNPC: clearInventory
[10/07/20 20:22:27] D2BS 36296: LowGold sell Javelin
[10/07/20 20:22:27] D2BS 36296: initNPC: clearInventory
[10/07/20 20:22:29] D2BS 36296: LowGold sell Wolf Head
[10/07/20 20:22:29] D2BS 36296: initNPC: clearInventory
[10/07/20 20:22:31] D2BS 36296: ÿc2Starting script: ÿc9LevelFollower
[10/07/20 20:22:41] D2BS 36296: initNPC: BuyPotions
[10/07/20 20:22:56] D2BS 36296: 4
[10/07/20 20:23:10] D2BS 36296: move retry 1
[10/07/20 20:23:12] D2BS 36296: move retry 1
[10/07/20 20:23:24] D2BS 36296: ÿc7Picked up ÿc415 Gold
[10/07/20 20:23:28] D2BS 36296: ÿc7Picked up ÿc455 Gold
[10/07/20 20:23:33] D2BS 36296: ÿc7Picked up ÿc440 Gold
[10/07/20 20:23:56] D2BS 36296: ÿc7Picked up ÿc45 Gold
[10/07/20 20:23:58] D2BS 36296: move retry 1
[10/07/20 20:24:02] D2BS 36296: move retry 1
[10/07/20 20:24:06] D2BS 36296: move retry 1
[10/07/20 20:24:20] D2BS 36296: initNPC: buyPotions
[10/07/20 20:24:24] D2BS 36296: move retry 1
[10/07/20 20:24:25] D2BS 36296: move retry 1
[10/07/20 20:24:38] D2BS 36296: 1
[10/07/20 20:25:08] D2BS 36296: ÿc7Picked up ÿc0Scroll of Town Portal ÿc7(19/20)
[10/07/20 20:25:09] D2BS 36296: ÿc7Picked up ÿc49 Gold
[10/07/20 20:25:13] D2BS 36296: ÿc7Picked up ÿc45 Gold
