[10/09/20 21:57:43] D2BS 45408: D2BS Engine startup complete. 1.6.4U
[10/09/20 21:57:43] D2BS 45408: Auradin
[10/09/20 21:57:43] D2BS 45408: ÿc2D2BSÿc0 :: Switched to profile Auradin
[10/09/20 21:57:43] D2BS 45408: ÿc2D2BSÿc0 :: Engine startup complete!
[10/09/20 21:57:43] D2BS 45408: ÿc2D2BSÿc0 :: Starting D2BotLanFollow.dbj
[10/09/20 21:57:43] D2BS 45408: ÿc2D2BSÿc0 :: D2BotLanFollow.dbj running.
[10/09/20 21:57:43] D2BS 45408: ÿc2D2BSÿc0 :: Started Console Script
[10/09/20 21:57:46] D2BS 45408: Heartbeat loaded
[10/09/20 21:58:03] D2BS 45408: ÿc2D2BSÿc0 :: Starting default.dbj
[10/09/20 21:58:03] D2BS 45408: ÿc2D2BSÿc0 :: default.dbj running.
[10/09/20 21:58:03] D2BS 45408: AutoBuild: Including build template config/builds/paladin.auradin.js into default.dbj
[10/09/20 21:58:03] D2BS 45408: Updating Config from level 0 to 1
[10/09/20 21:58:03] D2BS 45408: ÿc4Loaded NIP: ÿc2LateGame.nipÿc4. Lines: ÿc280ÿc4. Valid entries: ÿc253. ÿc4Time: ÿc20 ms
[10/09/20 21:58:03] D2BS 45408: ÿc4Loaded NIP: ÿc2MidGame.nipÿc4. Lines: ÿc268ÿc4. Valid entries: ÿc241. ÿc4Time: ÿc216 ms
[10/09/20 21:58:03] D2BS 45408: ÿc4Loaded NIP: ÿc2EarlyGame.nipÿc4. Lines: ÿc229ÿc4. Valid entries: ÿc213. ÿc4Time: ÿc20 ms
[10/09/20 21:58:03] D2BS 45408: ÿc4Loaded NIP: ÿc2AuradinRunes.nipÿc4. Lines: ÿc222ÿc4. Valid entries: ÿc212. ÿc4Time: ÿc20 ms
[10/09/20 21:58:03] D2BS 45408: ÿc4Loaded NIP: ÿc2Auradin.xpac.nipÿc4. Lines: ÿc2129ÿc4. Valid entries: ÿc2112. ÿc4Time: ÿc215 ms
[10/09/20 21:58:03] D2BS 45408: ÿc4Loaded NIP: ÿc2Merc.xpac.nipÿc4. Lines: ÿc252ÿc4. Valid entries: ÿc238. ÿc4Time: ÿc20 ms
[10/09/20 21:58:03] D2BS 45408: AutoBuild: Including build template config/builds/paladin.auradin.js into tools\autobuildthread.js
[10/09/20 21:58:03] D2BS 45408: Updating Config from level 0 to 1
[10/09/20 21:58:03] D2BS 45408: AutoBuild: Loaded helper thread
[10/09/20 21:58:03] D2BS 45408: ÿc2Starting script: ÿc9LevelFollower
[10/09/20 21:58:03] D2BS 45408: AutoBuild: Including build template config/builds/paladin.auradin.js into tools\party.js
[10/09/20 21:58:03] D2BS 45408: Updating Config from level 0 to 1
[10/09/20 21:58:03] D2BS 45408: ÿc2Party thread loaded. Mode: Accept
[10/09/20 21:58:03] D2BS 45408: ÿc3Start ToolsThread script
[10/09/20 21:58:03] D2BS 45408: AutoBuild: Including build template config/builds/paladin.auradin.js into tools\toolsthread.js
[10/09/20 21:58:03] D2BS 45408: AutoBuild: Including build template config/builds/paladin.auradin.js into tools\townchicken.js
[10/09/20 21:58:03] D2BS 45408: Updating Config from level 0 to 1
[10/09/20 21:58:03] D2BS 45408: Updating Config from level 0 to 1
[10/09/20 21:58:20] D2BS 45408: move retry 1
[10/09/20 21:58:22] D2BS 45408: initNPC: BuyPotions
[10/09/20 21:58:44] D2BS 45408: 1,2
[10/09/20 21:58:53] D2BS 45408: Found Leader
[10/09/20 21:58:53] D2BS 45408: Found Leader
[10/09/20 21:59:09] D2BS 45408: move retry 1
[10/09/20 21:59:11] D2BS 45408: move retry 2
[10/09/20 21:59:22] D2BS 45408: ÿc7Picked up ÿc45 Gold
[10/09/20 21:59:28] D2BS 45408: AutoBuild: Stat points: 5      Skill points: 1
[10/09/20 21:59:28] D2BS 45408: AutoBuild: Level up detected ( 1 --> 2 )
[10/09/20 21:59:28] D2BS 45408: AutoBuild: useSkillPoint(): Prayer (99)
[10/09/20 21:59:28] D2BS 45408: AutoBuild: Skill (1/1) Increased Prayer (99) by one (level:  1)
[10/09/20 21:59:28] D2BS 45408: AutoBuild: useStatPoint(0): Strength
[10/09/20 21:59:28] D2BS 45408: AutoBuild: Stat (1/5) Increased Strength from 25 to 26
[10/09/20 21:59:28] D2BS 45408: AutoBuild: useStatPoint(2): Dexterity
[10/09/20 21:59:28] D2BS 45408: AutoBuild: Stat (2/5) Increased Dexterity from 20 to 21
[10/09/20 21:59:28] D2BS 45408: AutoBuild: useStatPoint(3): Vitality
[10/09/20 21:59:28] D2BS 45408: AutoBuild: Stat (3/5) Increased Vitality from 25 to 26
[10/09/20 21:59:28] D2BS 45408: AutoBuild: useStatPoint(3): Vitality
[10/09/20 21:59:29] D2BS 45408: AutoBuild: Stat (4/5) Increased Vitality from 26 to 27
[10/09/20 21:59:29] D2BS 45408: AutoBuild: useStatPoint(3): Vitality
[10/09/20 21:59:29] D2BS 45408: AutoBuild: Stat (5/5) Increased Vitality from 27 to 28
[10/09/20 21:59:29] D2BS 45408: Updating Config from level 1 to 2
[10/09/20 21:59:29] D2BS 45408: AutoBuild: Updating Config from level 1 to 2
[10/09/20 21:59:29] D2BS 45408: Updating Config from level 1 to 2
[10/09/20 21:59:29] D2BS 45408: Updating Config from level 1 to 2
[10/09/20 21:59:29] D2BS 45408: Updating Config from level 1 to 2
[10/09/20 21:59:29] D2BS 45408: AutoBuild: Incrementing cached character level to 2
[10/09/20 21:59:46] D2BS 45408: ÿc7Picked up ÿc43 Gold
[10/09/20 21:59:49] D2BS 45408: ÿc7Picked up ÿc44 Gold
[10/09/20 21:59:59] D2BS 45408: ÿc7Picked up ÿc41 Gold
[10/09/20 22:00:19] D2BS 45408: move retry 1
[10/09/20 22:00:39] D2BS 45408: ÿc7Picked up ÿc3Minor Mana Potion ÿc0(ilvl 1) (EarlyGame.nip #26)
[10/09/20 22:00:39] D2BS 45408: AutoBuild: Stat points: 5      Skill points: 1
[10/09/20 22:00:39] D2BS 45408: AutoBuild: Level up detected ( 2 --> 3 )
[10/09/20 22:00:39] D2BS 45408: AutoBuild: useSkillPoint(): Smite (97)
[10/09/20 22:00:39] D2BS 45408: AutoBuild: Skill (1/1) Increased Smite (97) by one (level:  1)
[10/09/20 22:00:40] D2BS 45408: AutoBuild: useStatPoint(0): Strength
[10/09/20 22:00:40] D2BS 45408: AutoBuild: Stat (1/5) Increased Strength from 26 to 27
[10/09/20 22:00:40] D2BS 45408: AutoBuild: useStatPoint(2): Dexterity
[10/09/20 22:00:40] D2BS 45408: AutoBuild: Stat (2/5) Increased Dexterity from 21 to 22
[10/09/20 22:00:40] D2BS 45408: AutoBuild: useStatPoint(3): Vitality
[10/09/20 22:00:40] D2BS 45408: AutoBuild: Stat (3/5) Increased Vitality from 28 to 29
[10/09/20 22:00:40] D2BS 45408: AutoBuild: useStatPoint(3): Vitality
[10/09/20 22:00:40] D2BS 45408: AutoBuild: Stat (4/5) Increased Vitality from 29 to 30
[10/09/20 22:00:40] D2BS 45408: AutoBuild: useStatPoint(3): Vitality
[10/09/20 22:00:40] D2BS 45408: AutoBuild: Stat (5/5) Increased Vitality from 30 to 31
[10/09/20 22:00:40] D2BS 45408: AutoBuild: Updating Config from level 2 to 3
[10/09/20 22:00:40] D2BS 45408: Updating Config from level 2 to 3
[10/09/20 22:00:40] D2BS 45408: Updating Config from level 2 to 3
[10/09/20 22:00:40] D2BS 45408: Updating Config from level 2 to 3
[10/09/20 22:00:40] D2BS 45408: Updating Config from level 2 to 3
[10/09/20 22:00:40] D2BS 45408: AutoBuild: Incrementing cached character level to 3
[10/09/20 22:00:42] D2BS 45408: ÿc7Picked up ÿc43 Gold
[10/09/20 22:00:43] D2BS 45408: move retry 1
[10/09/20 22:01:02] D2BS 45408: ÿc7Picked up ÿc410 Gold
[10/09/20 22:01:07] D2BS 45408: move retry 1
[10/09/20 22:01:28] D2BS 45408: ÿc7Picked up ÿc45 Gold
[10/09/20 22:01:30] D2BS 45408: ÿc7Picked up ÿc44 Gold
[10/09/20 22:01:31] D2BS 45408: ÿc7Picked up ÿc3Light Mana Potion ÿc0(ilvl 1) (EarlyGame.nip #28)
[10/09/20 22:01:33] D2BS 45408: AutoBuild: Stat points: 5      Skill points: 1
[10/09/20 22:01:33] D2BS 45408: AutoBuild: Level up detected ( 3 --> 4 )
[10/09/20 22:01:33] D2BS 45408: AutoBuild: useSkillPoint(): Prayer (99)
[10/09/20 22:01:33] D2BS 45408: AutoBuild: Skill (1/1) Increased Prayer (99) by one (level:  2)
[10/09/20 22:01:33] D2BS 45408: AutoBuild: useStatPoint(0): Strength
[10/09/20 22:01:33] D2BS 45408: AutoBuild: Stat (1/5) Increased Strength from 27 to 28
[10/09/20 22:01:33] D2BS 45408: AutoBuild: useStatPoint(2): Dexterity
[10/09/20 22:01:33] D2BS 45408: AutoBuild: Stat (2/5) Increased Dexterity from 22 to 23
[10/09/20 22:01:33] D2BS 45408: AutoBuild: useStatPoint(3): Vitality
[10/09/20 22:01:33] D2BS 45408: AutoBuild: Stat (3/5) Increased Vitality from 31 to 32
[10/09/20 22:01:33] D2BS 45408: AutoBuild: useStatPoint(3): Vitality
[10/09/20 22:01:33] D2BS 45408: AutoBuild: Attempt to spend point 4 in Vitality may have failed!
[10/09/20 22:01:33] D2BS 45408: AutoBuild: useStatPoint(3): Vitality
[10/09/20 22:01:34] D2BS 45408: AutoBuild: Stat (5/5) Increased Vitality from 33 to 34
[10/09/20 22:01:34] D2BS 45408: Updating Config from level 3 to 4
[10/09/20 22:01:34] D2BS 45408: Updating Config from level 3 to 4
[10/09/20 22:01:34] D2BS 45408: Updating Config from level 3 to 4
[10/09/20 22:01:34] D2BS 45408: Updating Config from level 3 to 4
[10/09/20 22:01:34] D2BS 45408: AutoBuild: Updating Config from level 3 to 4
[10/09/20 22:01:34] D2BS 45408: AutoBuild: Incrementing cached character level to 4
[10/09/20 22:01:37] D2BS 45408: move retry 1
[10/09/20 22:02:22] D2BS 45408: move retry 1
[10/09/20 22:02:27] D2BS 45408: move retry 1
[10/09/20 22:02:37] D2BS 45408: move retry 1
[10/09/20 22:02:39] D2BS 45408: ÿc7Picked up ÿc43 Gold
[10/09/20 22:03:01] D2BS 45408: move retry 1
[10/09/20 22:03:24] D2BS 45408: ÿc7Picked up ÿc3Dagger ÿc0(ilvl 1)
[10/09/20 22:03:24] D2BS 45408: ÿc7Picked up ÿc45 Gold
[10/09/20 22:03:24] D2BS 45408: ÿc7Picked up ÿc44 Gold
[10/09/20 22:03:25] D2BS 45408: ÿc7Picked up ÿc43 Gold
[10/09/20 22:03:25] D2BS 45408: ÿc7Picked up ÿc44 Gold
[10/09/20 22:03:39] D2BS 45408: ÿc7Picked up ÿc41 Gold
[10/09/20 22:03:39] D2BS 45408: ÿc7Picked up ÿc3Short Bow ÿc0(ilvl 5) (Merc.xpac.nip #3)
[10/09/20 22:03:39] D2BS 45408: ÿc7Picked up ÿc3Sash ÿc0(ilvl 5) (Auradin.xpac.nip #92)
[10/09/20 22:03:49] D2BS 45408: ÿc7Picked up ÿc1Light Healing Potion ÿc0(ilvl 1) (EarlyGame.nip #29)
[10/09/20 22:03:52] D2BS 45408: ÿc7Picked up ÿc0Damaged Leather Armor ÿc0(ilvl 2) (Auradin.xpac.nip #50)
[10/09/20 22:04:01] D2BS 45408: ÿc7Picked up ÿc410 Gold
[10/09/20 22:04:16] D2BS 45408: move retry 1
[10/09/20 22:04:31] D2BS 45408: move retry 1
[10/09/20 22:04:32] D2BS 45408: ÿc7Picked up ÿc42 Gold
[10/09/20 22:04:45] D2BS 45408: AutoBuild: Stat points: 5      Skill points: 1
[10/09/20 22:04:45] D2BS 45408: AutoBuild: Level up detected ( 4 --> 5 )
[10/09/20 22:04:45] D2BS 45408: AutoBuild: useSkillPoint(): Prayer (99)
[10/09/20 22:04:45] D2BS 45408: AutoBuild: Skill (1/1) Increased Prayer (99) by one (level:  3)
[10/09/20 22:04:45] D2BS 45408: AutoBuild: useStatPoint(0): Strength
[10/09/20 22:04:45] D2BS 45408: AutoBuild: Stat (1/5) Increased Strength from 28 to 29
[10/09/20 22:04:45] D2BS 45408: AutoBuild: useStatPoint(2): Dexterity
[10/09/20 22:04:45] D2BS 45408: AutoBuild: Stat (2/5) Increased Dexterity from 23 to 24
[10/09/20 22:04:45] D2BS 45408: AutoBuild: useStatPoint(3): Vitality
[10/09/20 22:04:45] D2BS 45408: AutoBuild: Stat (3/5) Increased Vitality from 34 to 35
[10/09/20 22:04:45] D2BS 45408: AutoBuild: useStatPoint(3): Vitality
[10/09/20 22:04:46] D2BS 45408: AutoBuild: Stat (4/5) Increased Vitality from 35 to 36
[10/09/20 22:04:46] D2BS 45408: AutoBuild: useStatPoint(3): Vitality
[10/09/20 22:04:46] D2BS 45408: AutoBuild: Stat (5/5) Increased Vitality from 36 to 37
[10/09/20 22:04:46] D2BS 45408: Updating Config from level 4 to 5
[10/09/20 22:04:46] D2BS 45408: AutoBuild: Updating Config from level 4 to 5
[10/09/20 22:04:46] D2BS 45408: Updating Config from level 4 to 5
[10/09/20 22:04:46] D2BS 45408: Updating Config from level 4 to 5
[10/09/20 22:04:46] D2BS 45408: Updating Config from level 4 to 5
[10/09/20 22:04:46] D2BS 45408: AutoBuild: Incrementing cached character level to 5
[10/09/20 22:05:08] D2BS 45408: ÿc7Picked up ÿc45 Gold
[10/09/20 22:05:13] D2BS 45408: ÿc7Picked up ÿc1Light Healing Potion ÿc0(ilvl 1) (EarlyGame.nip #29)
[10/09/20 22:05:28] D2BS 45408: move retry 1
[10/09/20 22:05:59] D2BS 45408: ÿc7Picked up ÿc43 Gold
[10/09/20 22:06:00] D2BS 45408: move retry 1
[10/09/20 22:06:15] D2BS 45408: move retry 1
[10/09/20 22:07:01] D2BS 45408: ÿc7Picked up ÿc43 Gold
[10/09/20 22:07:04] D2BS 45408: ÿc7Picked up ÿc1Minor Healing Potion ÿc0(ilvl 1) (EarlyGame.nip #27)
[10/09/20 22:07:24] D2BS 45408: ÿc7Picked up ÿc45 Gold
[10/09/20 22:07:27] D2BS 45408: ÿc7Picked up ÿc411 Gold
[10/09/20 22:07:49] D2BS 45408: move retry 1
[10/09/20 22:07:57] D2BS 45408: move retry 1
[10/09/20 22:08:06] D2BS 45408: move retry 1
[10/09/20 22:08:06] D2BS 45408: ÿc7Picked up ÿc411 Gold
[10/09/20 22:08:34] D2BS 45408: move retry 1
[10/09/20 22:08:35] D2BS 45408: ÿc7Picked up ÿc1Minor Healing Potion ÿc0(ilvl 1) (EarlyGame.nip #27)
[10/09/20 22:08:49] D2BS 45408: move retry 1
[10/09/20 22:09:04] D2BS 45408: move retry 1
