[09/09/20 14:40:28] D2BS 1376: D2BS Engine startup complete. 1.6.4U
[09/09/20 14:40:28] D2BS 1376: Auradin
[09/09/20 14:40:28] D2BS 1376: ÿc2D2BSÿc0 :: Switched to profile Auradin
[09/09/20 14:40:28] D2BS 1376: ÿc2D2BSÿc0 :: Engine startup complete!
[09/09/20 14:40:28] D2BS 1376: ÿc2D2BSÿc0 :: Starting D2BotLanFollow.dbj
[09/09/20 14:40:28] D2BS 1376: ÿc2D2BSÿc0 :: D2BotLanFollow.dbj running.
[09/09/20 14:40:28] D2BS 1376: ÿc2D2BSÿc0 :: Started Console Script
[09/09/20 14:40:31] D2BS 1376: Heartbeat loaded
[09/09/20 14:40:48] D2BS 1376: ÿc2D2BSÿc0 :: Starting default.dbj
[09/09/20 14:40:48] D2BS 1376: ÿc2D2BSÿc0 :: default.dbj running.
[09/09/20 14:40:48] D2BS 1376: AutoBuild: Including build template config/builds/paladin.auradin.js into default.dbj
[09/09/20 14:40:48] D2BS 1376: Updating Config from level 0 to 1
[09/09/20 14:40:48] D2BS 1376: ÿc4Loaded NIP: ÿc2LateGame.nipÿc4. Lines: ÿc277ÿc4. Valid entries: ÿc250. ÿc4Time: ÿc216 ms
[09/09/20 14:40:48] D2BS 1376: ÿc4Loaded NIP: ÿc2MidGame.nipÿc4. Lines: ÿc254ÿc4. Valid entries: ÿc233. ÿc4Time: ÿc20 ms
[09/09/20 14:40:48] D2BS 1376: ÿc4Loaded NIP: ÿc2EarlyGame.nipÿc4. Lines: ÿc227ÿc4. Valid entries: ÿc213. ÿc4Time: ÿc20 ms
[09/09/20 14:40:48] D2BS 1376: ÿc4Loaded NIP: ÿc2AuradinRunes.nipÿc4. Lines: ÿc222ÿc4. Valid entries: ÿc212. ÿc4Time: ÿc20 ms
[09/09/20 14:40:48] D2BS 1376: ÿc4Loaded NIP: ÿc2Auradin.xpac.nipÿc4. Lines: ÿc2122ÿc4. Valid entries: ÿc2105. ÿc4Time: ÿc215 ms
[09/09/20 14:40:48] D2BS 1376: ÿc4Loaded NIP: ÿc2PreMerc.xpac.nipÿc4. Lines: ÿc25ÿc4. Valid entries: ÿc23. ÿc4Time: ÿc20 ms
[09/09/20 14:40:48] D2BS 1376: ÿc4Loaded NIP: ÿc2Merc.xpac.nipÿc4. Lines: ÿc230ÿc4. Valid entries: ÿc220. ÿc4Time: ÿc20 ms
[09/09/20 14:40:48] D2BS 1376: AutoBuild: Including build template config/builds/paladin.auradin.js into tools\autobuildthread.js
[09/09/20 14:40:48] D2BS 1376: Updating Config from level 0 to 1
[09/09/20 14:40:48] D2BS 1376: AutoBuild: Loaded helper thread
[09/09/20 14:40:48] D2BS 1376: AutoBuild: Including build template config/builds/paladin.auradin.js into tools\party.js
[09/09/20 14:40:48] D2BS 1376: Updating Config from level 0 to 1
[09/09/20 14:40:48] D2BS 1376: ÿc2Party thread loaded. Mode: Accept
[09/09/20 14:40:48] D2BS 1376: ÿc3Start ToolsThread script
[09/09/20 14:40:48] D2BS 1376: AutoBuild: Including build template config/builds/paladin.auradin.js into tools\toolsthread.js
[09/09/20 14:40:48] D2BS 1376: Updating Config from level 0 to 1
[09/09/20 14:40:49] D2BS 1376: ÿc2Starting script: ÿc9LevelFollower
[09/09/20 14:41:33] D2BS 1376: move retry 1
[09/09/20 14:41:40] D2BS 1376: move retry 1
[09/09/20 14:41:40] D2BS 1376: ÿc7Picked up ÿc45 Gold
[09/09/20 14:41:41] D2BS 1376: move retry 1
[09/09/20 14:41:50] D2BS 1376: move retry 1
[09/09/20 14:42:27] D2BS 1376: ÿc7Picked up ÿc45 Gold
[09/09/20 14:42:27] D2BS 1376: move retry 1
[09/09/20 14:42:44] D2BS 1376: move retry 1
[09/09/20 14:42:56] D2BS 1376: AutoBuild: Stat points: 5      Skill points: 1
[09/09/20 14:42:56] D2BS 1376: AutoBuild: Level up detected ( 1 --> 2 )
[09/09/20 14:42:56] D2BS 1376: AutoBuild: useSkillPoint(): Prayer (99)
[09/09/20 14:42:56] D2BS 1376: AutoBuild: Skill (1/1) Increased Prayer (99) by one (level:  1)
[09/09/20 14:42:56] D2BS 1376: AutoBuild: useStatPoint(0): Strength
[09/09/20 14:42:56] D2BS 1376: AutoBuild: Stat (1/5) Increased Strength from 25 to 26
[09/09/20 14:42:56] D2BS 1376: AutoBuild: useStatPoint(2): Dexterity
[09/09/20 14:42:56] D2BS 1376: AutoBuild: Stat (2/5) Increased Dexterity from 20 to 21
[09/09/20 14:42:56] D2BS 1376: AutoBuild: useStatPoint(3): Vitality
[09/09/20 14:42:57] D2BS 1376: AutoBuild: Stat (3/5) Increased Vitality from 25 to 26
[09/09/20 14:42:57] D2BS 1376: AutoBuild: useStatPoint(3): Vitality
[09/09/20 14:42:57] D2BS 1376: AutoBuild: Stat (4/5) Increased Vitality from 26 to 27
[09/09/20 14:42:57] D2BS 1376: AutoBuild: useStatPoint(3): Vitality
[09/09/20 14:42:57] D2BS 1376: AutoBuild: Stat (5/5) Increased Vitality from 27 to 28
[09/09/20 14:42:57] D2BS 1376: Updating Config from level 1 to 2
[09/09/20 14:42:57] D2BS 1376: Updating Config from level 1 to 2
[09/09/20 14:42:57] D2BS 1376: AutoBuild: Updating Config from level 1 to 2
[09/09/20 14:42:57] D2BS 1376: Updating Config from level 1 to 2
[09/09/20 14:42:57] D2BS 1376: AutoBuild: Incrementing cached character level to 2
[09/09/20 14:43:07] D2BS 1376: move retry 1
[09/09/20 14:43:11] D2BS 1376: move retry 1
[09/09/20 14:43:27] D2BS 1376: move retry 1
[09/09/20 14:43:28] D2BS 1376: move retry 2
[09/09/20 14:43:44] D2BS 1376: ÿc7Picked up ÿc45 Gold
[09/09/20 14:43:59] D2BS 1376: move retry 1
[09/09/20 14:44:11] D2BS 1376: move retry 1
[09/09/20 14:44:33] D2BS 1376: ÿc7Picked up ÿc44 Gold
[09/09/20 14:44:55] D2BS 1376: move retry 1
[09/09/20 14:44:58] D2BS 1376: move retry 1
[09/09/20 14:45:00] D2BS 1376: move retry 1
[09/09/20 14:45:17] D2BS 1376: move retry 1
[09/09/20 14:45:27] D2BS 1376: AutoBuild: Stat points: 5      Skill points: 1
[09/09/20 14:45:27] D2BS 1376: AutoBuild: Level up detected ( 2 --> 3 )
[09/09/20 14:45:27] D2BS 1376: AutoBuild: useSkillPoint(): Smite (97)
[09/09/20 14:45:27] D2BS 1376: AutoBuild: Skill (1/1) Increased Smite (97) by one (level:  1)
[09/09/20 14:45:28] D2BS 1376: AutoBuild: useStatPoint(0): Strength
[09/09/20 14:45:28] D2BS 1376: AutoBuild: Stat (1/5) Increased Strength from 26 to 27
[09/09/20 14:45:28] D2BS 1376: AutoBuild: useStatPoint(2): Dexterity
[09/09/20 14:45:28] D2BS 1376: AutoBuild: Stat (2/5) Increased Dexterity from 21 to 22
[09/09/20 14:45:28] D2BS 1376: AutoBuild: useStatPoint(3): Vitality
[09/09/20 14:45:28] D2BS 1376: AutoBuild: Stat (3/5) Increased Vitality from 28 to 29
[09/09/20 14:45:28] D2BS 1376: AutoBuild: useStatPoint(3): Vitality
[09/09/20 14:45:28] D2BS 1376: AutoBuild: Stat (4/5) Increased Vitality from 29 to 30
[09/09/20 14:45:28] D2BS 1376: AutoBuild: useStatPoint(3): Vitality
[09/09/20 14:45:28] D2BS 1376: AutoBuild: Stat (5/5) Increased Vitality from 30 to 31
[09/09/20 14:45:28] D2BS 1376: AutoBuild: Updating Config from level 2 to 3
[09/09/20 14:45:28] D2BS 1376: Updating Config from level 2 to 3
[09/09/20 14:45:28] D2BS 1376: Updating Config from level 2 to 3
[09/09/20 14:45:28] D2BS 1376: Updating Config from level 2 to 3
[09/09/20 14:45:28] D2BS 1376: AutoBuild: Incrementing cached character level to 3
[09/09/20 14:45:34] D2BS 1376: ÿc7Picked up ÿc43 Gold
[09/09/20 14:45:37] D2BS 1376: ÿc7Picked up ÿc42 Gold
[09/09/20 14:45:45] D2BS 1376: move retry 1
[09/09/20 14:45:57] D2BS 1376: ÿc7Picked up ÿc42 Gold
[09/09/20 14:46:00] D2BS 1376: move retry 1
[09/09/20 14:46:25] D2BS 1376: move retry 1
[09/09/20 14:46:27] D2BS 1376: move retry 2
[09/09/20 14:47:17] D2BS 1376: ÿc7Picked up ÿc3Minor Mana Potion ÿc0(ilvl 1) (EarlyGame.nip #24)
[09/09/20 14:47:19] D2BS 1376: move retry 1
[09/09/20 14:47:26] D2BS 1376: move retry 1
[09/09/20 14:47:45] D2BS 1376: move retry 1
[09/09/20 14:48:03] D2BS 1376: ÿc7Picked up ÿc42 Gold
[09/09/20 14:48:17] D2BS 1376: move retry 1
[09/09/20 14:48:34] D2BS 1376: move retry 1
[09/09/20 14:48:42] D2BS 1376: move retry 1
[09/09/20 14:48:59] D2BS 1376: move retry 1
[09/09/20 14:50:33] D2BS 1376: 2,8
[09/09/20 14:51:21] D2BS 1376: ÿc7Picked up ÿc45 Gold
[09/09/20 14:51:23] D2BS 1376: move retry 1
[09/09/20 14:51:36] D2BS 1376: AutoBuild: Stat points: 5      Skill points: 1
[09/09/20 14:51:36] D2BS 1376: AutoBuild: Level up detected ( 3 --> 4 )
[09/09/20 14:51:36] D2BS 1376: AutoBuild: useSkillPoint(): Prayer (99)
[09/09/20 14:51:36] D2BS 1376: AutoBuild: Skill (1/1) Increased Prayer (99) by one (level:  2)
[09/09/20 14:51:36] D2BS 1376: AutoBuild: useStatPoint(0): Strength
[09/09/20 14:51:36] D2BS 1376: AutoBuild: Stat (1/5) Increased Strength from 27 to 28
[09/09/20 14:51:36] D2BS 1376: AutoBuild: useStatPoint(2): Dexterity
[09/09/20 14:51:36] D2BS 1376: AutoBuild: Stat (2/5) Increased Dexterity from 22 to 23
[09/09/20 14:51:36] D2BS 1376: AutoBuild: useStatPoint(3): Vitality
[09/09/20 14:51:36] D2BS 1376: AutoBuild: Stat (3/5) Increased Vitality from 31 to 32
[09/09/20 14:51:36] D2BS 1376: AutoBuild: useStatPoint(3): Vitality
[09/09/20 14:51:36] D2BS 1376: ÿc7Picked up ÿc0Leather Armor ÿc0(ilvl 1) (Auradin.xpac.nip #46)
[09/09/20 14:51:36] D2BS 1376: AutoBuild: Stat (4/5) Increased Vitality from 32 to 33
[09/09/20 14:51:36] D2BS 1376: AutoBuild: useStatPoint(3): Vitality
[09/09/20 14:51:36] D2BS 1376: AutoBuild: Stat (5/5) Increased Vitality from 33 to 34
[09/09/20 14:51:36] D2BS 1376: AutoBuild: Updating Config from level 3 to 4
[09/09/20 14:51:36] D2BS 1376: Updating Config from level 3 to 4
[09/09/20 14:51:36] D2BS 1376: Updating Config from level 3 to 4
[09/09/20 14:51:36] D2BS 1376: Updating Config from level 3 to 4
[09/09/20 14:51:36] D2BS 1376: AutoBuild: Incrementing cached character level to 4
[09/09/20 14:51:46] D2BS 1376: ÿc7Picked up ÿc43 Gold
[09/09/20 14:51:48] D2BS 1376: move retry 1
[09/09/20 14:52:00] D2BS 1376: move retry 1
[09/09/20 14:52:12] D2BS 1376: move retry 1
[09/09/20 14:52:18] D2BS 1376: ÿc7Picked up ÿc42 Gold
[09/09/20 14:52:20] D2BS 1376: move retry 1
[09/09/20 14:52:23] D2BS 1376: move retry 1
[09/09/20 14:52:31] D2BS 1376: move retry 1
[09/09/20 14:52:43] D2BS 1376: move retry 1
[09/09/20 14:52:55] D2BS 1376: move retry 1
[09/09/20 14:53:00] D2BS 1376: ÿc7Picked up ÿc45 Gold
[09/09/20 14:53:09] D2BS 1376: move retry 1
[09/09/20 14:53:11] D2BS 1376: move retry 1
[09/09/20 14:53:33] D2BS 1376: ÿc7Picked up ÿc423 Gold
[09/09/20 14:53:34] D2BS 1376: ÿc7Picked up ÿc44 Gold
[09/09/20 14:53:49] D2BS 1376: move retry 1
[09/09/20 14:53:51] D2BS 1376: move retry 2
[09/09/20 14:53:53] D2BS 1376: move retry 3
[09/09/20 14:54:34] D2BS 1376: 8,2
[09/09/20 14:55:10] D2BS 1376: move retry 1
[09/09/20 14:55:13] D2BS 1376: 3,2
[09/09/20 14:55:53] D2BS 1376: 2,1
[09/09/20 14:55:58] D2BS 1376: move retry 1
[09/09/20 14:56:06] D2BS 1376: initNPC: heal
[09/09/20 14:56:41] D2BS 1376: move retry 1
[09/09/20 14:56:42] D2BS 1376: 3
[09/09/20 14:56:59] D2BS 1376: ÿc7Picked up ÿc1Light Healing Potion ÿc0(ilvl 1) (EarlyGame.nip #27)
[09/09/20 14:56:59] D2BS 1376: ÿc7Picked up ÿc3Amulet ÿc0(ilvl 4) (LateGame.nip #29)
[09/09/20 14:56:59] D2BS 1376: ÿc7Picked up ÿc43 Gold
[09/09/20 14:57:06] D2BS 1376: AutoBuild: Stat points: 5      Skill points: 2
[09/09/20 14:57:06] D2BS 1376: AutoBuild: Level up detected ( 4 --> 5 )
[09/09/20 14:57:06] D2BS 1376: AutoBuild: useSkillPoint(): Prayer (99)
[09/09/20 14:57:06] D2BS 1376: AutoBuild: Skill (1/1) Increased Prayer (99) by one (level:  3)
[09/09/20 14:57:06] D2BS 1376: AutoBuild: useStatPoint(0): Strength
[09/09/20 14:57:06] D2BS 1376: AutoBuild: Stat (1/5) Increased Strength from 28 to 29
[09/09/20 14:57:06] D2BS 1376: AutoBuild: useStatPoint(2): Dexterity
[09/09/20 14:57:06] D2BS 1376: AutoBuild: Stat (2/5) Increased Dexterity from 23 to 24
[09/09/20 14:57:06] D2BS 1376: AutoBuild: useStatPoint(3): Vitality
[09/09/20 14:57:06] D2BS 1376: AutoBuild: Stat (3/5) Increased Vitality from 34 to 35
[09/09/20 14:57:06] D2BS 1376: AutoBuild: useStatPoint(3): Vitality
[09/09/20 14:57:06] D2BS 1376: AutoBuild: Stat (4/5) Increased Vitality from 35 to 36
[09/09/20 14:57:06] D2BS 1376: AutoBuild: useStatPoint(3): Vitality
[09/09/20 14:57:07] D2BS 1376: AutoBuild: Stat (5/5) Increased Vitality from 36 to 37
[09/09/20 14:57:07] D2BS 1376: AutoBuild: Updating Config from level 4 to 5
[09/09/20 14:57:07] D2BS 1376: Updating Config from level 4 to 5
[09/09/20 14:57:07] D2BS 1376: Updating Config from level 4 to 5
[09/09/20 14:57:07] D2BS 1376: Updating Config from level 4 to 5
[09/09/20 14:57:07] D2BS 1376: AutoBuild: Incrementing cached character level to 5
[09/09/20 14:57:14] D2BS 1376: ÿc7Picked up ÿc3Light Mana Potion ÿc0(ilvl 1) (EarlyGame.nip #26)
[09/09/20 14:57:15] D2BS 1376: ÿc7Picked up ÿc3Short Sword ÿc0(ilvl 4) (Auradin.xpac.nip #2)
[09/09/20 14:57:28] D2BS 1376: ÿc7Picked up ÿc48 Gold
[09/09/20 14:57:28] D2BS 1376: ÿc7Picked up ÿc45 Gold
[09/09/20 14:57:34] D2BS 1376: ÿc7Picked up ÿc42 Gold
[09/09/20 14:58:07] D2BS 1376: ÿc7Picked up ÿc411 Gold
[09/09/20 14:58:15] D2BS 1376: ÿc7Picked up ÿc45 Gold
[09/09/20 14:58:20] D2BS 1376: move retry 1
[09/09/20 14:58:21] D2BS 1376: move retry 1
[09/09/20 14:58:24] D2BS 1376: move retry 1
[09/09/20 14:58:49] D2BS 1376: ÿc7Picked up ÿc0Cap ÿc0(ilvl 2) (Auradin.xpac.nip #29)
[09/09/20 14:59:43] D2BS 1376: move retry 1
[09/09/20 15:00:01] D2BS 1376: ÿc7Picked up ÿc43 Gold
[09/09/20 15:00:18] D2BS 1376: move retry 1
[09/09/20 15:00:24] D2BS 1376: ÿc7Picked up ÿc47 Gold
[09/09/20 15:01:16] D2BS 1376: ÿc7Picked up ÿc1Light Healing Potion ÿc0(ilvl 1) (EarlyGame.nip #27)
[09/09/20 15:01:26] D2BS 1376: move retry 1
[09/09/20 15:01:39] D2BS 1376: move retry 1
[09/09/20 15:02:00] D2BS 1376: ÿc7Picked up ÿc45 Gold
[09/09/20 15:02:03] D2BS 1376: ÿc7Picked up ÿc43 Gold
[09/09/20 15:02:05] D2BS 1376: move retry 1
[09/09/20 15:02:07] D2BS 1376: AutoBuild: Stat points: 5      Skill points: 2
[09/09/20 15:02:07] D2BS 1376: AutoBuild: Level up detected ( 5 --> 6 )
[09/09/20 15:02:07] D2BS 1376: AutoBuild: useSkillPoint(): Prayer (99)
[09/09/20 15:02:07] D2BS 1376: AutoBuild: Skill (1/1) Increased Prayer (99) by one (level:  4)
[09/09/20 15:02:07] D2BS 1376: AutoBuild: useStatPoint(0): Strength
[09/09/20 15:02:07] D2BS 1376: AutoBuild: Stat (1/5) Increased Strength from 29 to 30
[09/09/20 15:02:07] D2BS 1376: AutoBuild: useStatPoint(2): Dexterity
[09/09/20 15:02:07] D2BS 1376: AutoBuild: Stat (2/5) Increased Dexterity from 24 to 25
[09/09/20 15:02:07] D2BS 1376: AutoBuild: useStatPoint(3): Vitality
[09/09/20 15:02:07] D2BS 1376: AutoBuild: Stat (3/5) Increased Vitality from 37 to 38
[09/09/20 15:02:07] D2BS 1376: AutoBuild: useStatPoint(3): Vitality
[09/09/20 15:02:07] D2BS 1376: AutoBuild: Stat (4/5) Increased Vitality from 38 to 39
[09/09/20 15:02:07] D2BS 1376: AutoBuild: useStatPoint(3): Vitality
[09/09/20 15:02:08] D2BS 1376: AutoBuild: Stat (5/5) Increased Vitality from 39 to 40
[09/09/20 15:02:08] D2BS 1376: Updating Config from level 5 to 6
[09/09/20 15:02:08] D2BS 1376: AutoBuild: Updating Config from level 5 to 6
[09/09/20 15:02:08] D2BS 1376: Updating Config from level 5 to 6
[09/09/20 15:02:08] D2BS 1376: Updating Config from level 5 to 6
[09/09/20 15:02:08] D2BS 1376: AutoBuild: Incrementing cached character level to 6
[09/09/20 15:02:17] D2BS 1376: ÿc7Picked up ÿc47 Gold
[09/09/20 15:02:38] D2BS 1376: ÿc7Picked up ÿc46 Gold
[09/09/20 15:03:00] D2BS 1376: ÿc7Picked up ÿc48 Gold
[09/09/20 15:03:01] D2BS 1376: move retry 1
[09/09/20 15:03:02] D2BS 1376: move retry 2
[09/09/20 15:03:30] D2BS 1376: move retry 1
[09/09/20 15:03:38] D2BS 1376: ÿc7Picked up ÿc411 Gold
[09/09/20 15:03:45] D2BS 1376: ÿc7Picked up ÿc410 Gold
[09/09/20 15:03:46] D2BS 1376: move retry 1
[09/09/20 15:03:49] D2BS 1376: move retry 2
[09/09/20 15:04:01] D2BS 1376: move retry 1
[09/09/20 15:04:13] D2BS 1376: ÿc7Picked up ÿc411 Gold
[09/09/20 15:04:13] D2BS 1376: ÿc7Picked up ÿc42 Gold
[09/09/20 15:04:18] D2BS 1376: ÿc7Picked up ÿc45 Gold
[09/09/20 15:04:19] D2BS 1376: move retry 1
[09/09/20 15:04:19] D2BS 1376: ÿc7Picked up ÿc48 Gold
[09/09/20 15:04:22] D2BS 1376: ÿc7Picked up ÿc41 Gold
[09/09/20 15:04:23] D2BS 1376: move retry 1
[09/09/20 15:04:23] D2BS 1376: ÿc7Picked up ÿc44 Gold
[09/09/20 15:04:50] D2BS 1376: move retry 1
[09/09/20 15:04:53] D2BS 1376: ÿc7Picked up ÿc42 Gold
[09/09/20 15:04:56] D2BS 1376: move retry 1
[09/09/20 15:05:12] D2BS 1376: ÿc7Picked up ÿc45 Gold
[09/09/20 15:05:34] D2BS 1376: move retry 1
[09/09/20 15:07:46] D2BS 1376: ÿc7Picked up ÿc1Light Healing Potion ÿc0(ilvl 1) (EarlyGame.nip #27)
[09/09/20 15:07:46] D2BS 1376: ÿc7Picked up ÿc43 Gold
[09/09/20 15:07:48] D2BS 1376: ÿc7Picked up ÿc49 Gold
[09/09/20 15:07:49] D2BS 1376: ÿc7Picked up ÿc48 Gold
[09/09/20 15:09:16] D2BS 1376: move retry 1
[09/09/20 15:09:58] D2BS 1376: 3,17
[09/09/20 15:10:05] D2BS 1376: 17,3
[09/09/20 15:10:12] D2BS 1376: move retry 1
[09/09/20 15:11:08] D2BS 1376: initNPC: heal
[09/09/20 15:11:18] D2BS 1376: initNPC: identify
[09/09/20 15:11:23] D2BS 1376: ÿc4MiniShopBotÿc0: Scanning 52 items.
[09/09/20 15:11:23] D2BS 1376: initNPC: fillTome
[09/09/20 15:11:43] D2BS 1376: 3
[09/09/20 15:12:10] D2BS 1376: 3,4
[09/09/20 15:13:00] D2BS 1376: ÿc7Picked up ÿc422 Gold
[09/09/20 15:13:01] D2BS 1376: move retry 1
[09/09/20 15:13:17] D2BS 1376: move retry 1
[09/09/20 15:13:22] D2BS 1376: ÿc7Picked up ÿc43 Gold
[09/09/20 15:13:22] D2BS 1376: ÿc7Picked up ÿc415 Gold
[09/09/20 15:13:35] D2BS 1376: ÿc7Picked up ÿc43 Gold
[09/09/20 15:13:49] D2BS 1376: ÿc7Picked up ÿc416 Gold
[09/09/20 15:13:50] D2BS 1376: ÿc7Picked up ÿc49 Gold
[09/09/20 15:13:56] D2BS 1376: ÿc7Picked up ÿc419 Gold
[09/09/20 15:14:33] D2BS 1376: AutoBuild: Stat points: 5      Skill points: 2
[09/09/20 15:14:33] D2BS 1376: AutoBuild: Level up detected ( 6 --> 7 )
[09/09/20 15:14:33] D2BS 1376: AutoBuild: useSkillPoint(): Prayer (99)
[09/09/20 15:14:33] D2BS 1376: AutoBuild: Skill (1/1) Increased Prayer (99) by one (level:  5)
[09/09/20 15:14:34] D2BS 1376: AutoBuild: useStatPoint(0): Strength
[09/09/20 15:14:34] D2BS 1376: AutoBuild: Stat (1/5) Increased Strength from 30 to 31
[09/09/20 15:14:34] D2BS 1376: AutoBuild: useStatPoint(2): Dexterity
[09/09/20 15:14:34] D2BS 1376: AutoBuild: Stat (2/5) Increased Dexterity from 25 to 26
[09/09/20 15:14:34] D2BS 1376: AutoBuild: useStatPoint(3): Vitality
[09/09/20 15:14:34] D2BS 1376: AutoBuild: Stat (3/5) Increased Vitality from 40 to 41
[09/09/20 15:14:34] D2BS 1376: AutoBuild: useStatPoint(3): Vitality
[09/09/20 15:14:34] D2BS 1376: AutoBuild: Attempt to spend point 4 in Vitality may have failed!
[09/09/20 15:14:34] D2BS 1376: AutoBuild: useStatPoint(3): Vitality
[09/09/20 15:14:34] D2BS 1376: AutoBuild: Stat (5/5) Increased Vitality from 42 to 43
[09/09/20 15:14:34] D2BS 1376: Updating Config from level 6 to 7
[09/09/20 15:14:34] D2BS 1376: AutoBuild: Updating Config from level 6 to 7
[09/09/20 15:14:34] D2BS 1376: Updating Config from level 6 to 7
[09/09/20 15:14:34] D2BS 1376: Updating Config from level 6 to 7
[09/09/20 15:14:34] D2BS 1376: AutoBuild: Incrementing cached character level to 7
[09/09/20 15:15:11] D2BS 1376: ÿc7Picked up ÿc48 Gold
[09/09/20 15:15:15] D2BS 1376: ÿc7Picked up ÿc47 Gold
[09/09/20 15:15:33] D2BS 1376: ÿc7Picked up ÿc0Leather Armor ÿc0(ilvl 2) (PreMerc.xpac.nip #4)
[09/09/20 15:16:16] D2BS 1376: move retry 1
[09/09/20 15:16:19] D2BS 1376: move retry 1
[09/09/20 15:16:41] D2BS 1376: move retry 1
[09/09/20 15:16:44] D2BS 1376: ÿc7Picked up ÿc421 Gold
[09/09/20 15:16:47] D2BS 1376: ÿc7Picked up ÿc42 Gold
[09/09/20 15:17:04] D2BS 1376: ÿc7Picked up ÿc48 Gold
[09/09/20 15:17:05] D2BS 1376: ÿc7Picked up ÿc3Large Axe ÿc0(ilvl 5) (Auradin.xpac.nip #6)
[09/09/20 15:17:14] D2BS 1376: ÿc7Picked up ÿc418 Gold
[09/09/20 15:17:17] D2BS 1376: ÿc7Picked up ÿc423 Gold
[09/09/20 15:18:39] D2BS 1376: move retry 1
[09/09/20 15:18:54] D2BS 1376: AutoBuild: Stat points: 5      Skill points: 2
[09/09/20 15:18:54] D2BS 1376: AutoBuild: Level up detected ( 7 --> 8 )
[09/09/20 15:18:54] D2BS 1376: AutoBuild: useSkillPoint(): Prayer (99)
[09/09/20 15:18:54] D2BS 1376: AutoBuild: Skill (1/1) Increased Prayer (99) by one (level:  6)
[09/09/20 15:18:54] D2BS 1376: AutoBuild: useStatPoint(0): Strength
[09/09/20 15:18:55] D2BS 1376: AutoBuild: Stat (1/5) Increased Strength from 31 to 32
[09/09/20 15:18:55] D2BS 1376: AutoBuild: useStatPoint(2): Dexterity
[09/09/20 15:18:55] D2BS 1376: AutoBuild: Stat (2/5) Increased Dexterity from 26 to 27
[09/09/20 15:18:55] D2BS 1376: AutoBuild: useStatPoint(3): Vitality
[09/09/20 15:18:55] D2BS 1376: AutoBuild: Stat (3/5) Increased Vitality from 43 to 44
[09/09/20 15:18:55] D2BS 1376: AutoBuild: useStatPoint(3): Vitality
[09/09/20 15:18:55] D2BS 1376: AutoBuild: Stat (4/5) Increased Vitality from 44 to 45
[09/09/20 15:18:55] D2BS 1376: AutoBuild: useStatPoint(3): Vitality
[09/09/20 15:18:55] D2BS 1376: AutoBuild: Stat (5/5) Increased Vitality from 45 to 46
[09/09/20 15:18:55] D2BS 1376: AutoBuild: Updating Config from level 7 to 8
[09/09/20 15:18:55] D2BS 1376: Updating Config from level 7 to 8
[09/09/20 15:18:55] D2BS 1376: Updating Config from level 7 to 8
[09/09/20 15:18:55] D2BS 1376: Updating Config from level 7 to 8
[09/09/20 15:18:55] D2BS 1376: AutoBuild: Incrementing cached character level to 8
[09/09/20 15:18:57] D2BS 1376: ÿc7Picked up ÿc1Minor Healing Potion ÿc0(ilvl 1) (EarlyGame.nip #25)
[09/09/20 15:19:13] D2BS 1376: ÿc7Picked up ÿc439 Gold
[09/09/20 15:19:46] D2BS 1376: ÿc7Picked up ÿc42 Gold
[09/09/20 15:20:07] D2BS 1376: ÿc7Picked up ÿc46 Gold
[09/09/20 15:20:11] D2BS 1376: ÿc7Picked up ÿc45 Gold
[09/09/20 15:20:12] D2BS 1376: move retry 1
[09/09/20 15:20:28] D2BS 1376: move retry 1
[09/09/20 15:20:29] D2BS 1376: move retry 2
[09/09/20 15:20:50] D2BS 1376: move retry 1
[09/09/20 15:20:53] D2BS 1376: move retry 1
[09/09/20 15:21:29] D2BS 1376: move retry 1
[09/09/20 15:21:44] D2BS 1376: ÿc7Picked up ÿc3Hand Axe ÿc0(ilvl 2) (Auradin.xpac.nip #6)
[09/09/20 15:21:46] D2BS 1376: move retry 1
[09/09/20 15:22:07] D2BS 1376: move retry 1
[09/09/20 15:22:15] D2BS 1376: ÿc7Picked up ÿc43 Gold
[09/09/20 15:22:27] D2BS 1376: move retry 1
[09/09/20 15:22:29] D2BS 1376: move retry 2
[09/09/20 15:22:31] D2BS 1376: move retry 1
[09/09/20 15:22:33] D2BS 1376: move retry 1
[09/09/20 15:22:35] D2BS 1376: move retry 1
[09/09/20 15:22:39] D2BS 1376: ÿc7Picked up ÿc0Scroll of Town Portal ÿc7(13/20)
[09/09/20 15:23:06] D2BS 1376: ÿc7Picked up ÿc3Hand Axe ÿc0(ilvl 4) (Auradin.xpac.nip #6)
[09/09/20 15:23:07] D2BS 1376: move retry 1
[09/09/20 15:23:27] D2BS 1376: move retry 1
[09/09/20 15:24:54] D2BS 1376: move retry 1
[09/09/20 15:25:23] D2BS 1376: move retry 1
[09/09/20 15:25:31] D2BS 1376: move retry 1
[09/09/20 15:26:33] D2BS 1376: 4,10
[09/09/20 15:26:53] D2BS 1376: ÿc1Skipping Skeleton Archer 526 16
[09/09/20 15:27:17] D2BS 1376: Script default.dbj ended
[09/09/20 15:27:17] D2BS 1376: Script tools\autobuildthread.js ended
[09/09/20 15:27:17] D2BS 1376: Script tools\party.js ended
[09/09/20 15:27:17] D2BS 1376: Script tools\toolsthread.js ended
[09/09/20 15:27:23] D2BS 1376: ÿc2D2BSÿc0 :: Starting default.dbj
[09/09/20 15:27:23] D2BS 1376: ÿc2D2BSÿc0 :: default.dbj running.
[09/09/20 15:27:23] D2BS 1376: AutoBuild: Including build template config/builds/paladin.auradin.js into default.dbj
[09/09/20 15:27:23] D2BS 1376: Updating Config from level 0 to 8
[09/09/20 15:27:23] D2BS 1376: ÿc4Loaded NIP: ÿc2LateGame.nipÿc4. Lines: ÿc277ÿc4. Valid entries: ÿc250. ÿc4Time: ÿc20 ms
[09/09/20 15:27:23] D2BS 1376: ÿc4Loaded NIP: ÿc2MidGame.nipÿc4. Lines: ÿc254ÿc4. Valid entries: ÿc233. ÿc4Time: ÿc20 ms
[09/09/20 15:27:23] D2BS 1376: ÿc4Loaded NIP: ÿc2EarlyGame.nipÿc4. Lines: ÿc227ÿc4. Valid entries: ÿc213. ÿc4Time: ÿc20 ms
[09/09/20 15:27:23] D2BS 1376: ÿc4Loaded NIP: ÿc2AuradinRunes.nipÿc4. Lines: ÿc222ÿc4. Valid entries: ÿc212. ÿc4Time: ÿc215 ms
[09/09/20 15:27:23] D2BS 1376: ÿc4Loaded NIP: ÿc2Auradin.xpac.nipÿc4. Lines: ÿc2122ÿc4. Valid entries: ÿc2105. ÿc4Time: ÿc20 ms
[09/09/20 15:27:23] D2BS 1376: ÿc4Loaded NIP: ÿc2PreMerc.xpac.nipÿc4. Lines: ÿc25ÿc4. Valid entries: ÿc23. ÿc4Time: ÿc20 ms
[09/09/20 15:27:23] D2BS 1376: ÿc4Loaded NIP: ÿc2Merc.xpac.nipÿc4. Lines: ÿc230ÿc4. Valid entries: ÿc220. ÿc4Time: ÿc20 ms
[09/09/20 15:27:23] D2BS 1376: AutoBuild: Including build template config/builds/paladin.auradin.js into tools\autobuildthread.js
[09/09/20 15:27:23] D2BS 1376: Updating Config from level 0 to 8
[09/09/20 15:27:23] D2BS 1376: AutoBuild: Loaded helper thread
[09/09/20 15:27:23] D2BS 1376: ÿc2Starting script: ÿc9LevelFollower
[09/09/20 15:27:23] D2BS 1376: initNPC: heal
[09/09/20 15:27:23] D2BS 1376: AutoBuild: Including build template config/builds/paladin.auradin.js into tools\party.js
[09/09/20 15:27:23] D2BS 1376: Updating Config from level 0 to 8
[09/09/20 15:27:23] D2BS 1376: ÿc2Party thread loaded. Mode: Accept
[09/09/20 15:27:23] D2BS 1376: ÿc3Start ToolsThread script
[09/09/20 15:27:23] D2BS 1376: AutoBuild: Including build template config/builds/paladin.auradin.js into tools\toolsthread.js
[09/09/20 15:27:23] D2BS 1376: Updating Config from level 0 to 8
[09/09/20 15:27:31] D2BS 1376: move retry 1
[09/09/20 15:27:32] D2BS 1376: move retry 1
[09/09/20 15:27:34] D2BS 1376: initNPC: identify
[09/09/20 15:27:40] D2BS 1376: ÿc4MiniShopBotÿc0: Scanning 63 items.
[09/09/20 15:27:41] D2BS 1376: initNPC: repair
[09/09/20 15:28:00] D2BS 1376: Successfully placed Leather Armor at X: 0 Y: 0
[09/09/20 15:28:54] D2BS 1376: ÿc7Picked up ÿc46 Gold
[09/09/20 15:29:09] D2BS 1376: ÿc7Picked up ÿc45 Gold
[09/09/20 15:29:11] D2BS 1376: ÿc7Picked up ÿc3Large Axe ÿc0(ilvl 8) (Auradin.xpac.nip #6)
[09/09/20 15:29:12] D2BS 1376: ÿc7Picked up ÿc0Scroll of Town Portal ÿc7(14/20)
[09/09/20 15:29:55] D2BS 1376: ÿc7Picked up ÿc45 Gold
[09/09/20 15:29:56] D2BS 1376: ÿc7Picked up ÿc423 Gold
[09/09/20 15:30:31] D2BS 1376: move retry 1
[09/09/20 15:30:55] D2BS 1376: AutoBuild: Stat points: 5      Skill points: 2
[09/09/20 15:30:55] D2BS 1376: AutoBuild: Level up detected ( 8 --> 9 )
[09/09/20 15:30:55] D2BS 1376: AutoBuild: useSkillPoint(): Prayer (99)
[09/09/20 15:30:56] D2BS 1376: AutoBuild: Skill (1/1) Increased Prayer (99) by one (level:  7)
[09/09/20 15:30:56] D2BS 1376: AutoBuild: useStatPoint(0): Strength
[09/09/20 15:30:56] D2BS 1376: AutoBuild: Stat (1/5) Increased Strength from 32 to 33
[09/09/20 15:30:56] D2BS 1376: AutoBuild: useStatPoint(2): Dexterity
[09/09/20 15:30:56] D2BS 1376: AutoBuild: Stat (2/5) Increased Dexterity from 27 to 28
[09/09/20 15:30:56] D2BS 1376: AutoBuild: useStatPoint(3): Vitality
[09/09/20 15:30:56] D2BS 1376: AutoBuild: Stat (3/5) Increased Vitality from 46 to 47
[09/09/20 15:30:56] D2BS 1376: AutoBuild: useStatPoint(3): Vitality
[09/09/20 15:30:56] D2BS 1376: AutoBuild: Stat (4/5) Increased Vitality from 47 to 48
[09/09/20 15:30:56] D2BS 1376: AutoBuild: useStatPoint(3): Vitality
[09/09/20 15:30:56] D2BS 1376: AutoBuild: Stat (5/5) Increased Vitality from 48 to 49
[09/09/20 15:30:56] D2BS 1376: Updating Config from level 8 to 9
[09/09/20 15:30:56] D2BS 1376: Updating Config from level 8 to 9
[09/09/20 15:30:56] D2BS 1376: AutoBuild: Updating Config from level 8 to 9
[09/09/20 15:30:56] D2BS 1376: Updating Config from level 8 to 9
[09/09/20 15:30:56] D2BS 1376: AutoBuild: Incrementing cached character level to 9
[09/09/20 15:31:13] D2BS 1376: ÿc7Picked up ÿc44 Gold
[09/09/20 15:31:23] D2BS 1376: ÿc7Picked up ÿc44 Gold
[09/09/20 15:31:30] D2BS 1376: ÿc7Picked up ÿc49 Gold
[09/09/20 15:32:14] D2BS 1376: ÿc7Picked up ÿc43 Gold
[09/09/20 15:32:27] D2BS 1376: move retry 1
[09/09/20 15:32:29] D2BS 1376: move retry 1
