[09/26/20 19:04:48] D2BS 2488: ÿc7Picked up ÿc4385 Gold
[09/26/20 19:04:52] D2BS 2488: ÿc7Picked up ÿc4262 Gold
[09/26/20 19:04:59] D2BS 2488: move retry 1
[09/26/20 19:05:12] D2BS 2488: ÿc7Picked up ÿc4333 Gold
[09/26/20 19:05:13] D2BS 2488: ÿc7Picked up ÿc4585 Gold
[09/26/20 19:05:24] D2BS 2488: move retry 1
[09/26/20 19:06:16] D2BS 2488: move retry 1
[09/26/20 19:06:49] D2BS 2488: ÿc7Picked up ÿc3Large Charm ÿc0(ilvl 88) (LateGame.nip #10)
[09/26/20 19:06:50] D2BS 2488: ÿc7Picked up ÿc3Falchion ÿc0(ilvl 85) (Hammerdin.xpac.nip #2)
[09/26/20 19:07:00] D2BS 2488: move retry 1
[09/26/20 19:07:09] D2BS 2488: ÿc1Pausing.
[09/26/20 19:07:10] D2BS 2488: initNPC: heal
[09/26/20 19:07:13] D2BS 2488: initNPC: identify
[09/26/20 19:07:21] D2BS 2488: ÿc4MiniShopBotÿc0: Scanning 59 items.
[09/26/20 19:07:22] D2BS 2488: initNPC: buyPotions
[09/26/20 19:07:44] D2BS 2488: ÿc2Resuming.
[09/26/20 19:07:57] D2BS 2488: ÿc1Pausing.
[09/26/20 19:07:57] D2BS 2488: initNPC: heal
[09/26/20 19:08:01] D2BS 2488: initNPC: buyPotions
[09/26/20 19:08:14] D2BS 2488: initNPC: reviveMerc
[09/26/20 19:08:33] D2BS 2488: ÿc2Resuming.
[09/26/20 19:08:38] D2BS 2488: ÿc1Pausing.
[09/26/20 19:08:39] D2BS 2488: initNPC: heal
[09/26/20 19:08:43] D2BS 2488: initNPC: buyPotions
[09/26/20 19:08:52] D2BS 2488: Script default.dbj ended
[09/26/20 19:08:52] D2BS 2488: Script tools\autobuildthread.js ended
[09/26/20 19:08:52] D2BS 2488: Script tools\party.js ended
[09/26/20 19:08:52] D2BS 2488: Script tools\toolsthread.js ended
[09/26/20 19:08:52] D2BS 2488: Script tools\townchicken.js ended
[09/26/20 19:08:59] D2BS 2488: ÿc2D2BSÿc0 :: Starting default.dbj
[09/26/20 19:08:59] D2BS 2488: ÿc2D2BSÿc0 :: default.dbj running.
[09/26/20 19:08:59] D2BS 2488: AutoBuild: Including build template config/builds/paladin.hammerdin.js into default.dbj
[09/26/20 19:08:59] D2BS 2488: Updating Config from level 0 to 89
[09/26/20 19:08:59] D2BS 2488: ÿc4Loaded NIP: ÿc2LateGame.nipÿc4. Lines: ÿc277ÿc4. Valid entries: ÿc250. ÿc4Time: ÿc20 ms
[09/26/20 19:08:59] D2BS 2488: ÿc4Loaded NIP: ÿc2HammerdinRunes.nipÿc4. Lines: ÿc218ÿc4. Valid entries: ÿc29. ÿc4Time: ÿc20 ms
[09/26/20 19:08:59] D2BS 2488: ÿc4Loaded NIP: ÿc2Hammerdin.xpac.nipÿc4. Lines: ÿc2118ÿc4. Valid entries: ÿc2101. ÿc4Time: ÿc215 ms
[09/26/20 19:08:59] D2BS 2488: ÿc4Loaded NIP: ÿc2Merc.xpac.nipÿc4. Lines: ÿc261ÿc4. Valid entries: ÿc245. ÿc4Time: ÿc20 ms
[09/26/20 19:08:59] D2BS 2488: AutoBuild: Including build template config/builds/paladin.hammerdin.js into tools\autobuildthread.js
[09/26/20 19:08:59] D2BS 2488: Updating Config from level 0 to 89
[09/26/20 19:08:59] D2BS 2488: AutoBuild: Loaded helper thread
[09/26/20 19:08:59] D2BS 2488: AutoBuild: Including build template config/builds/paladin.hammerdin.js into tools\party.js
[09/26/20 19:08:59] D2BS 2488: Updating Config from level 0 to 89
[09/26/20 19:08:59] D2BS 2488: ÿc2Party thread loaded. Mode: Accept
[09/26/20 19:08:59] D2BS 2488: AutoBuild: Including build template config/builds/paladin.hammerdin.js into tools\townchicken.js
[09/26/20 19:08:59] D2BS 2488: Updating Config from level 0 to 89
[09/26/20 19:08:59] D2BS 2488: ÿc3Start ToolsThread script
[09/26/20 19:08:59] D2BS 2488: AutoBuild: Including build template config/builds/paladin.hammerdin.js into tools\toolsthread.js
[09/26/20 19:08:59] D2BS 2488: Updating Config from level 0 to 89
[09/26/20 19:09:03] D2BS 2488: move retry 1
[09/26/20 19:09:07] D2BS 2488: move retry 2
[09/26/20 19:09:12] D2BS 2488: ÿc2Starting script: ÿc9LevelFollower
[09/26/20 19:09:14] D2BS 2488: initNPC: reviveMerc
[09/26/20 19:09:40] D2BS 2488: move retry 1
[09/26/20 19:10:17] D2BS 2488: ÿc7Picked up ÿc4186 Gold
[09/26/20 19:10:17] D2BS 2488: ÿc7Picked up ÿc4167 Gold
[09/26/20 19:10:17] D2BS 2488: ÿc7Picked up ÿc3Rune Scepter ÿc0(ilvl 85) (Hammerdin.xpac.nip #2)
[09/26/20 19:10:22] D2BS 2488: move retry 1
[09/26/20 19:10:34] D2BS 2488: ÿc7Picked up ÿc1Super Healing Potion ÿc0(ilvl 1) (LateGame.nip #33)
[09/26/20 19:10:44] D2BS 2488: ÿc7Picked up ÿc4223 Gold
[09/26/20 19:10:44] D2BS 2488: move retry 1
[09/26/20 19:10:46] D2BS 2488: move retry 2
[09/26/20 19:10:50] D2BS 2488: ÿc7Picked up ÿc1Super Healing Potion ÿc0(ilvl 1) (LateGame.nip #33)
[09/26/20 19:10:56] D2BS 2488: move retry 1
[09/26/20 19:11:22] D2BS 2488: move retry 1
[09/26/20 19:11:35] D2BS 2488: move retry 1
[09/26/20 19:12:21] D2BS 2488: ÿc7Picked up ÿc0Scroll of Town Portal ÿc7(16/20)
[09/26/20 19:12:25] D2BS 2488: ÿc7Picked up ÿc4403 Gold
[09/26/20 19:12:51] D2BS 2488: move retry 1
[09/26/20 19:12:54] D2BS 2488: move retry 1
[09/26/20 19:13:03] D2BS 2488: ÿc7Picked up ÿc3Chain Boots ÿc0(ilvl 88) (Hammerdin.xpac.nip #61)
[09/26/20 19:13:09] D2BS 2488: ÿc1Pausing.
[09/26/20 19:13:10] D2BS 2488: initNPC: heal
[09/26/20 19:13:13] D2BS 2488: initNPC: identify
[09/26/20 19:13:18] D2BS 2488: ÿc4MiniShopBotÿc0: Scanning 55 items.
[09/26/20 19:13:18] D2BS 2488: initNPC: buyPotions
[09/26/20 19:13:41] D2BS 2488: move retry 1
[09/26/20 19:13:43] D2BS 2488: ÿc2Resuming.
[09/26/20 19:14:03] D2BS 2488: ÿc1Pausing.
[09/26/20 19:14:03] D2BS 2488: initNPC: heal
[09/26/20 19:14:06] D2BS 2488: initNPC: buyPotions
[09/26/20 19:14:20] D2BS 2488: initNPC: reviveMerc
[09/26/20 19:14:36] D2BS 2488: ÿc2Resuming.
[09/26/20 19:14:47] D2BS 2488: ÿc7Picked up ÿc4455 Gold
[09/26/20 19:15:09] D2BS 2488: initNPC: heal
[09/26/20 19:15:16] D2BS 2488: initNPC: fillTome
[09/26/20 19:15:18] D2BS 2488: initNPC: buyPotions
[09/26/20 19:15:21] D2BS 8372: D2BS Engine startup complete. 1.6.4U
[09/26/20 19:15:21] D2BS 8372: Hammerdin
[09/26/20 19:15:21] D2BS 8372: ÿc2D2BSÿc0 :: Switched to profile Hammerdin
[09/26/20 19:15:21] D2BS 8372: ÿc2D2BSÿc0 :: Engine startup complete!
[09/26/20 19:15:21] D2BS 8372: ÿc2D2BSÿc0 :: Starting D2BotLanFollow.dbj
[09/26/20 19:15:21] D2BS 8372: ÿc2D2BSÿc0 :: D2BotLanFollow.dbj running.
[09/26/20 19:15:21] D2BS 8372: ÿc2D2BSÿc0 :: Started Console Script
[09/26/20 19:15:24] D2BS 8372: Heartbeat loaded
[09/26/20 19:15:41] D2BS 8372: ÿc2D2BSÿc0 :: Starting default.dbj
[09/26/20 19:15:41] D2BS 8372: ÿc2D2BSÿc0 :: default.dbj running.
[09/26/20 19:15:41] D2BS 8372: AutoBuild: Including build template config/builds/paladin.hammerdin.js into default.dbj
[09/26/20 19:15:41] D2BS 8372: Updating Config from level 0 to 89
[09/26/20 19:15:41] D2BS 8372: ÿc4Loaded NIP: ÿc2LateGame.nipÿc4. Lines: ÿc277ÿc4. Valid entries: ÿc250. ÿc4Time: ÿc20 ms
[09/26/20 19:15:41] D2BS 8372: ÿc4Loaded NIP: ÿc2HammerdinRunes.nipÿc4. Lines: ÿc218ÿc4. Valid entries: ÿc29. ÿc4Time: ÿc20 ms
[09/26/20 19:15:42] D2BS 8372: ÿc4Loaded NIP: ÿc2Hammerdin.xpac.nipÿc4. Lines: ÿc2118ÿc4. Valid entries: ÿc2101. ÿc4Time: ÿc215 ms
[09/26/20 19:15:42] D2BS 8372: ÿc4Loaded NIP: ÿc2Merc.xpac.nipÿc4. Lines: ÿc261ÿc4. Valid entries: ÿc245. ÿc4Time: ÿc20 ms
[09/26/20 19:15:42] D2BS 8372: AutoBuild: Including build template config/builds/paladin.hammerdin.js into tools\autobuildthread.js
[09/26/20 19:15:42] D2BS 8372: Updating Config from level 0 to 89
[09/26/20 19:15:42] D2BS 8372: AutoBuild: Loaded helper thread
[09/26/20 19:15:42] D2BS 8372: AutoBuild: Including build template config/builds/paladin.hammerdin.js into tools\party.js
[09/26/20 19:15:42] D2BS 8372: Updating Config from level 0 to 89
[09/26/20 19:15:42] D2BS 8372: ÿc2Party thread loaded. Mode: Accept
[09/26/20 19:15:42] D2BS 8372: AutoBuild: Including build template config/builds/paladin.hammerdin.js into tools\townchicken.js
[09/26/20 19:15:42] D2BS 8372: Updating Config from level 0 to 89
[09/26/20 19:15:42] D2BS 8372: ÿc3Start ToolsThread script
[09/26/20 19:15:42] D2BS 8372: AutoBuild: Including build template config/builds/paladin.hammerdin.js into tools\toolsthread.js
[09/26/20 19:15:42] D2BS 8372: Updating Config from level 0 to 89
[09/26/20 19:15:51] D2BS 8372: ÿc2Starting script: ÿc9LevelFollower
[09/26/20 19:15:54] D2BS 8372: move retry 1
[09/26/20 19:16:21] D2BS 8372: Script default.dbj ended
[09/26/20 19:16:21] D2BS 8372: Script tools\autobuildthread.js ended
[09/26/20 19:16:21] D2BS 8372: Script tools\party.js ended
[09/26/20 19:16:21] D2BS 8372: Script tools\toolsthread.js ended
[09/26/20 19:16:21] D2BS 8372: Script tools\townchicken.js ended
[09/26/20 19:16:28] D2BS 8372: ÿc2D2BSÿc0 :: Starting default.dbj
[09/26/20 19:16:28] D2BS 8372: ÿc2D2BSÿc0 :: default.dbj running.
[09/26/20 19:16:28] D2BS 8372: AutoBuild: Including build template config/builds/paladin.hammerdin.js into default.dbj
[09/26/20 19:16:28] D2BS 8372: Updating Config from level 0 to 89
[09/26/20 19:16:28] D2BS 8372: ÿc4Loaded NIP: ÿc2LateGame.nipÿc4. Lines: ÿc277ÿc4. Valid entries: ÿc250. ÿc4Time: ÿc20 ms
[09/26/20 19:16:28] D2BS 8372: ÿc4Loaded NIP: ÿc2HammerdinRunes.nipÿc4. Lines: ÿc218ÿc4. Valid entries: ÿc29. ÿc4Time: ÿc20 ms
[09/26/20 19:16:28] D2BS 8372: ÿc4Loaded NIP: ÿc2Hammerdin.xpac.nipÿc4. Lines: ÿc2118ÿc4. Valid entries: ÿc2101. ÿc4Time: ÿc216 ms
[09/26/20 19:16:28] D2BS 8372: ÿc4Loaded NIP: ÿc2Merc.xpac.nipÿc4. Lines: ÿc261ÿc4. Valid entries: ÿc245. ÿc4Time: ÿc20 ms
[09/26/20 19:16:28] D2BS 8372: AutoBuild: Including build template config/builds/paladin.hammerdin.js into tools\autobuildthread.js
[09/26/20 19:16:28] D2BS 8372: Updating Config from level 0 to 89
[09/26/20 19:16:28] D2BS 8372: AutoBuild: Loaded helper thread
[09/26/20 19:16:28] D2BS 8372: AutoBuild: Including build template config/builds/paladin.hammerdin.js into tools\party.js
[09/26/20 19:16:28] D2BS 8372: Updating Config from level 0 to 89
[09/26/20 19:16:28] D2BS 8372: ÿc2Party thread loaded. Mode: Accept
[09/26/20 19:16:28] D2BS 8372: ÿc3Start ToolsThread script
[09/26/20 19:16:28] D2BS 8372: AutoBuild: Including build template config/builds/paladin.hammerdin.js into tools\townchicken.js
[09/26/20 19:16:28] D2BS 8372: AutoBuild: Including build template config/builds/paladin.hammerdin.js into tools\toolsthread.js
[09/26/20 19:16:28] D2BS 8372: Updating Config from level 0 to 89
[09/26/20 19:16:28] D2BS 8372: Updating Config from level 0 to 89
[09/26/20 19:16:30] D2BS 8372: move retry 1
[09/26/20 19:16:39] D2BS 8372: ÿc2Starting script: ÿc9LevelFollower
[09/26/20 19:16:39] D2BS 8372: initNPC: heal
[09/26/20 19:16:47] D2BS 8372: initNPC: buyPotions
[09/26/20 19:16:49] D2BS 8372: D2BS Shutdown complete.
[09/26/20 19:17:16] D2BS 15452: D2BS Engine startup complete. 1.6.4U
[09/26/20 19:17:16] D2BS 15452: Hammerdin
[09/26/20 19:17:16] D2BS 15452: ÿc2D2BSÿc0 :: Switched to profile Hammerdin
[09/26/20 19:17:16] D2BS 15452: ÿc2D2BSÿc0 :: Engine startup complete!
[09/26/20 19:17:16] D2BS 15452: ÿc2D2BSÿc0 :: Starting D2BotLanFollow.dbj
[09/26/20 19:17:16] D2BS 15452: ÿc2D2BSÿc0 :: D2BotLanFollow.dbj running.
[09/26/20 19:17:16] D2BS 15452: ÿc2D2BSÿc0 :: Started Console Script
[09/26/20 19:17:18] D2BS 15452: Heartbeat loaded
[09/26/20 19:17:36] D2BS 15452: ÿc2D2BSÿc0 :: Starting default.dbj
[09/26/20 19:17:36] D2BS 15452: ÿc2D2BSÿc0 :: default.dbj running.
[09/26/20 19:17:36] D2BS 15452: AutoBuild: Including build template config/builds/paladin.hammerdin.js into default.dbj
[09/26/20 19:17:36] D2BS 15452: Updating Config from level 0 to 1
[09/26/20 19:17:36] D2BS 15452: ÿc4Loaded NIP: ÿc2LateGame.nipÿc4. Lines: ÿc277ÿc4. Valid entries: ÿc250. ÿc4Time: ÿc20 ms
[09/26/20 19:17:36] D2BS 15452: ÿc4Loaded NIP: ÿc2MidGame.nipÿc4. Lines: ÿc257ÿc4. Valid entries: ÿc234. ÿc4Time: ÿc216 ms
[09/26/20 19:17:36] D2BS 15452: ÿc4Loaded NIP: ÿc2EarlyGame.nipÿc4. Lines: ÿc227ÿc4. Valid entries: ÿc213. ÿc4Time: ÿc20 ms
[09/26/20 19:17:36] D2BS 15452: ÿc4Loaded NIP: ÿc2HammerdinRunes.nipÿc4. Lines: ÿc218ÿc4. Valid entries: ÿc29. ÿc4Time: ÿc20 ms
[09/26/20 19:17:36] D2BS 15452: ÿc4Loaded NIP: ÿc2Hammerdin.xpac.nipÿc4. Lines: ÿc2118ÿc4. Valid entries: ÿc2101. ÿc4Time: ÿc20 ms
[09/26/20 19:17:36] D2BS 15452: ÿc1NIP file doesn't exist: ÿc0pickit/AutoEquip/PreMerc.xpac.nip
[09/26/20 19:17:36] D2BS 15452: ÿc4Loaded NIP: ÿc2Merc.xpac.nipÿc4. Lines: ÿc261ÿc4. Valid entries: ÿc245. ÿc4Time: ÿc215 ms
[09/26/20 19:17:36] D2BS 15452: AutoBuild: Including build template config/builds/paladin.hammerdin.js into tools\autobuildthread.js
[09/26/20 19:17:36] D2BS 15452: Updating Config from level 0 to 1
[09/26/20 19:17:36] D2BS 15452: AutoBuild: Loaded helper thread
[09/26/20 19:17:37] D2BS 15452: AutoBuild: Including build template config/builds/paladin.hammerdin.js into tools\party.js
[09/26/20 19:17:37] D2BS 15452: Updating Config from level 0 to 1
[09/26/20 19:17:37] D2BS 15452: ÿc2Party thread loaded. Mode: Accept
[09/26/20 19:17:37] D2BS 15452: AutoBuild: Including build template config/builds/paladin.hammerdin.js into tools\townchicken.js
[09/26/20 19:17:37] D2BS 15452: ÿc3Start ToolsThread script
[09/26/20 19:17:37] D2BS 15452: Updating Config from level 0 to 1
[09/26/20 19:17:37] D2BS 15452: AutoBuild: Including build template config/builds/paladin.hammerdin.js into tools\toolsthread.js
[09/26/20 19:17:37] D2BS 15452: Updating Config from level 0 to 1
[09/26/20 19:17:37] D2BS 15452: ÿc2Starting script: ÿc9LevelFollower
[09/26/20 19:19:10] D2BS 15452: D2BS Shutdown complete.
