[10/12/20 08:32:53] D2BS 47052: D2BS Engine startup complete. 1.6.4U
[10/12/20 08:32:53] D2BS 47052: LightSorc
[10/12/20 08:32:53] D2BS 47052: ÿc2D2BSÿc0 :: Switched to profile LightSorc
[10/12/20 08:32:53] D2BS 47052: ÿc2D2BSÿc0 :: Engine startup complete!
[10/12/20 08:32:53] D2BS 47052: ÿc2D2BSÿc0 :: Starting D2BotLanFollow.dbj
[10/12/20 08:32:53] D2BS 47052: ÿc2D2BSÿc0 :: D2BotLanFollow.dbj running.
[10/12/20 08:32:53] D2BS 47052: ÿc2D2BSÿc0 :: Started Console Script
[10/12/20 08:32:55] D2BS 47052: Heartbeat loaded
[10/12/20 08:33:12] D2BS 47052: ÿc2D2BSÿc0 :: Starting default.dbj
[10/12/20 08:33:12] D2BS 47052: ÿc2D2BSÿc0 :: default.dbj running.
[10/12/20 08:33:12] D2BS 47052: AutoBuild: Including build template config/builds/sorceress.light.js into default.dbj
[10/12/20 08:33:12] D2BS 47052: Updating Config from level 0 to 1
[10/12/20 08:33:12] D2BS 47052: ÿc4Loaded NIP: ÿc2LateGame.nipÿc4. Lines: ÿc280ÿc4. Valid entries: ÿc253. ÿc4Time: ÿc20 ms
[10/12/20 08:33:12] D2BS 47052: ÿc4Loaded NIP: ÿc2MidGame.nipÿc4. Lines: ÿc268ÿc4. Valid entries: ÿc241. ÿc4Time: ÿc216 ms
[10/12/20 08:33:12] D2BS 47052: ÿc4Loaded NIP: ÿc2EarlyGame.nipÿc4. Lines: ÿc226ÿc4. Valid entries: ÿc212. ÿc4Time: ÿc20 ms
[10/12/20 08:33:12] D2BS 47052: ÿc4Loaded NIP: ÿc2LightRunes.nipÿc4. Lines: ÿc223ÿc4. Valid entries: ÿc212. ÿc4Time: ÿc20 ms
[10/12/20 08:33:12] D2BS 47052: ÿc4Loaded NIP: ÿc2Light.xpac.nipÿc4. Lines: ÿc2129ÿc4. Valid entries: ÿc2112. ÿc4Time: ÿc216 ms
[10/12/20 08:33:12] D2BS 47052: ÿc4Loaded NIP: ÿc2PreMerc.xpac.nipÿc4. Lines: ÿc222ÿc4. Valid entries: ÿc216. ÿc4Time: ÿc20 ms
[10/12/20 08:33:12] D2BS 47052: ÿc4Loaded NIP: ÿc2Merc.xpac.nipÿc4. Lines: ÿc232ÿc4. Valid entries: ÿc222. ÿc4Time: ÿc20 ms
[10/12/20 08:33:12] D2BS 47052: AutoBuild: Including build template config/builds/sorceress.light.js into tools\autobuildthread.js
[10/12/20 08:33:12] D2BS 47052: Updating Config from level 0 to 1
[10/12/20 08:33:12] D2BS 47052: AutoBuild: Loaded helper thread
[10/12/20 08:33:13] D2BS 47052: AutoBuild: Including build template config/builds/sorceress.light.js into tools\party.js
[10/12/20 08:33:13] D2BS 47052: Updating Config from level 0 to 1
[10/12/20 08:33:13] D2BS 47052: ÿc2Party thread loaded. Mode: Accept
[10/12/20 08:33:13] D2BS 47052: ÿc3Start ToolsThread script
[10/12/20 08:33:13] D2BS 47052: AutoBuild: Including build template config/builds/sorceress.light.js into tools\toolsthread.js
[10/12/20 08:33:13] D2BS 47052: Updating Config from level 0 to 1
[10/12/20 08:33:13] D2BS 47052: AutoBuild: Including build template config/builds/sorceress.light.js into tools\townchicken.js
[10/12/20 08:33:13] D2BS 47052: Updating Config from level 0 to 1
[10/12/20 08:33:13] D2BS 47052: ÿc2Starting script: ÿc9LevelFollower
[10/12/20 08:33:16] D2BS 47052: move retry 1
[10/12/20 08:33:19] D2BS 47052: move retry 2
[10/12/20 08:34:00] D2BS 47052: Failed talking to Kashya
[10/12/20 08:34:05] D2BS 47052: move retry 1
[10/12/20 08:34:07] D2BS 47052: initNPC: BuyPotions
[10/12/20 08:34:10] D2BS 47052: move retry 1
[10/12/20 08:34:12] D2BS 47052: move retry 1
[10/12/20 08:34:31] D2BS 47052: 1,2
[10/12/20 08:34:45] D2BS 47052: ÿc7Picked up ÿc0Crude Boots ÿc0(ilvl 1) (Light.xpac.nip #68)
[10/12/20 08:34:47] D2BS 47052: ÿc7Picked up ÿc43 Gold
[10/12/20 08:34:59] D2BS 47052: ÿc7Picked up ÿc42 Gold
[10/12/20 08:35:10] D2BS 47052: move retry 1
[10/12/20 08:35:15] D2BS 47052: move retry 1
[10/12/20 08:35:24] D2BS 47052: AutoBuild: Stat points: 5      Skill points: 1
[10/12/20 08:35:24] D2BS 47052: AutoBuild: Level up detected ( 1 --> 2 )
[10/12/20 08:35:24] D2BS 47052: AutoBuild: useSkillPoint(): Warmth (37)
[10/12/20 08:35:24] D2BS 47052: AutoBuild: Skill (1/1) Increased Warmth (37) by one (level:  1)
[10/12/20 08:35:24] D2BS 47052: AutoBuild: useStatPoint(0): Strength
[10/12/20 08:35:24] D2BS 47052: AutoBuild: Stat (1/5) Increased Strength from 10 to 11
[10/12/20 08:35:24] D2BS 47052: AutoBuild: useStatPoint(1): Energy
[10/12/20 08:35:24] D2BS 47052: AutoBuild: Stat (2/5) Increased Energy from 35 to 36
[10/12/20 08:35:24] D2BS 47052: AutoBuild: useStatPoint(1): Energy
[10/12/20 08:35:25] D2BS 47052: AutoBuild: Stat (3/5) Increased Energy from 36 to 37
[10/12/20 08:35:25] D2BS 47052: AutoBuild: useStatPoint(3): Vitality
[10/12/20 08:35:25] D2BS 47052: AutoBuild: Attempt to spend point 4 in Vitality may have failed!
[10/12/20 08:35:25] D2BS 47052: AutoBuild: useStatPoint(3): Vitality
[10/12/20 08:35:25] D2BS 47052: AutoBuild: Stat (5/5) Increased Vitality from 11 to 12
[10/12/20 08:35:25] D2BS 47052: Updating Config from level 1 to 2
[10/12/20 08:35:25] D2BS 47052: AutoBuild: Updating Config from level 1 to 2
[10/12/20 08:35:25] D2BS 47052: Updating Config from level 1 to 2
[10/12/20 08:35:25] D2BS 47052: Updating Config from level 1 to 2
[10/12/20 08:35:25] D2BS 47052: Updating Config from level 1 to 2
[10/12/20 08:35:25] D2BS 47052: AutoBuild: Incrementing cached character level to 2
[10/12/20 08:35:25] D2BS 47052: ÿc7Picked up ÿc42 Gold
[10/12/20 08:35:35] D2BS 47052: ÿc7Picked up ÿc43 Gold
[10/12/20 08:35:47] D2BS 47052: ÿc7Picked up ÿc43 Gold
[10/12/20 08:35:52] D2BS 47052: move retry 1
[10/12/20 08:36:08] D2BS 47052: move retry 1
[10/12/20 08:36:11] D2BS 47052: move retry 1
[10/12/20 08:36:33] D2BS 47052: move retry 1
[10/12/20 08:36:37] D2BS 47052: AutoBuild: Stat points: 5      Skill points: 1
[10/12/20 08:36:37] D2BS 47052: AutoBuild: Level up detected ( 2 --> 3 )
[10/12/20 08:36:37] D2BS 47052: AutoBuild: useSkillPoint(): Frozen Armor (40)
[10/12/20 08:36:37] D2BS 47052: AutoBuild: Skill (1/1) Increased Frozen Armor (40) by one (level:  1)
[10/12/20 08:36:37] D2BS 47052: AutoBuild: useStatPoint(0): Strength
[10/12/20 08:36:37] D2BS 47052: AutoBuild: Stat (1/5) Increased Strength from 11 to 12
[10/12/20 08:36:37] D2BS 47052: AutoBuild: useStatPoint(1): Energy
[10/12/20 08:36:38] D2BS 47052: AutoBuild: Stat (2/5) Increased Energy from 37 to 38
[10/12/20 08:36:38] D2BS 47052: AutoBuild: useStatPoint(1): Energy
[10/12/20 08:36:38] D2BS 47052: AutoBuild: Stat (3/5) Increased Energy from 38 to 39
[10/12/20 08:36:38] D2BS 47052: AutoBuild: useStatPoint(3): Vitality
[10/12/20 08:36:38] D2BS 47052: AutoBuild: Stat (4/5) Increased Vitality from 12 to 13
[10/12/20 08:36:38] D2BS 47052: AutoBuild: useStatPoint(3): Vitality
[10/12/20 08:36:38] D2BS 47052: AutoBuild: Stat (5/5) Increased Vitality from 13 to 14
[10/12/20 08:36:38] D2BS 47052: Updating Config from level 2 to 3
[10/12/20 08:36:38] D2BS 47052: AutoBuild: Updating Config from level 2 to 3
[10/12/20 08:36:38] D2BS 47052: Updating Config from level 2 to 3
[10/12/20 08:36:38] D2BS 47052: Updating Config from level 2 to 3
[10/12/20 08:36:38] D2BS 47052: Updating Config from level 2 to 3
[10/12/20 08:36:38] D2BS 47052: AutoBuild: Incrementing cached character level to 3
[10/12/20 08:36:39] D2BS 47052: move retry 1
[10/12/20 08:37:09] D2BS 47052: ÿc7Picked up ÿc46 Gold
[10/12/20 08:37:17] D2BS 47052: ÿc7Picked up ÿc0Leather Gloves ÿc0(ilvl 2) (Light.xpac.nip #79)
[10/12/20 08:37:23] D2BS 47052: move retry 1
[10/12/20 08:37:53] D2BS 47052: move retry 1
[10/12/20 08:37:59] D2BS 47052: move retry 1
[10/12/20 08:38:16] D2BS 47052: move retry 1
[10/12/20 08:38:26] D2BS 47052: AutoBuild: Stat points: 5      Skill points: 1
[10/12/20 08:38:26] D2BS 47052: AutoBuild: Level up detected ( 3 --> 4 )
[10/12/20 08:38:26] D2BS 47052: AutoBuild: useSkillPoint(): Charged Bolt (38)
[10/12/20 08:38:27] D2BS 47052: AutoBuild: Skill (1/1) Increased Charged Bolt (38) by one (level:  1)
[10/12/20 08:38:27] D2BS 47052: AutoBuild: useStatPoint(0): Strength
[10/12/20 08:38:27] D2BS 47052: ÿc7Picked up ÿc47 Gold
[10/12/20 08:38:27] D2BS 47052: AutoBuild: Stat (1/5) Increased Strength from 12 to 13
[10/12/20 08:38:27] D2BS 47052: AutoBuild: useStatPoint(1): Energy
[10/12/20 08:38:27] D2BS 47052: AutoBuild: Stat (2/5) Increased Energy from 39 to 40
[10/12/20 08:38:27] D2BS 47052: AutoBuild: useStatPoint(1): Energy
[10/12/20 08:38:27] D2BS 47052: AutoBuild: Stat (3/5) Increased Energy from 40 to 41
[10/12/20 08:38:27] D2BS 47052: AutoBuild: useStatPoint(3): Vitality
[10/12/20 08:38:27] D2BS 47052: AutoBuild: Stat (4/5) Increased Vitality from 14 to 15
[10/12/20 08:38:27] D2BS 47052: AutoBuild: useStatPoint(3): Vitality
[10/12/20 08:38:27] D2BS 47052: AutoBuild: Stat (5/5) Increased Vitality from 15 to 16
[10/12/20 08:38:27] D2BS 47052: Updating Config from level 3 to 4
[10/12/20 08:38:27] D2BS 47052: Updating Config from level 3 to 4
[10/12/20 08:38:27] D2BS 47052: AutoBuild: Updating Config from level 3 to 4
[10/12/20 08:38:27] D2BS 47052: Updating Config from level 3 to 4
[10/12/20 08:38:27] D2BS 47052: Updating Config from level 3 to 4
[10/12/20 08:38:27] D2BS 47052: AutoBuild: Incrementing cached character level to 4
[10/12/20 08:38:38] D2BS 47052: ÿc1Skipping Hungry Dead 147 16
[10/12/20 08:38:40] D2BS 47052: ÿc7Picked up ÿc3Light Mana Potion ÿc0(ilvl 1) (EarlyGame.nip #25)
[10/12/20 08:38:41] D2BS 47052: move retry 1
[10/12/20 08:38:49] D2BS 47052: ÿc7Picked up ÿc410 Gold
[10/12/20 08:39:57] D2BS 47052: move retry 1
[10/12/20 08:40:04] D2BS 47052: ÿc7Picked up ÿc3Light Mana Potion ÿc0(ilvl 1) (EarlyGame.nip #25)
[10/12/20 08:40:12] D2BS 47052: move retry 1
[10/12/20 08:40:13] D2BS 47052: move retry 2
[10/12/20 08:40:30] D2BS 47052: move retry 1
[10/12/20 08:40:33] D2BS 47052: move retry 1
[10/12/20 08:40:35] D2BS 47052: move retry 1
[10/12/20 08:40:41] D2BS 47052: ÿc7Picked up ÿc47 Gold
[10/12/20 08:41:23] D2BS 47052: move retry 1
[10/12/20 08:41:26] D2BS 47052: move retry 1
[10/12/20 08:42:04] D2BS 47052: move retry 1
[10/12/20 08:43:11] D2BS 47052: Failed going to town
[10/12/20 08:43:12] D2BS 47052: 3,2,1
[10/12/20 08:43:59] D2BS 47052: initNPC: repair
[10/12/20 08:44:39] D2BS 47052: ÿc7Picked up ÿc44 Gold
[10/12/20 08:44:50] D2BS 47052: ÿc7Picked up ÿc41 Gold
[10/12/20 08:45:00] D2BS 47052: move retry 1
[10/12/20 08:45:12] D2BS 47052: move retry 1
[10/12/20 08:45:50] D2BS 47052: ÿc7Picked up ÿc43 Gold
[10/12/20 08:45:59] D2BS 47052: ÿc7Picked up ÿc1Minor Healing Potion ÿc0(ilvl 1) (EarlyGame.nip #24)
[10/12/20 08:46:12] D2BS 47052: ÿc7Picked up ÿc41 Gold
[10/12/20 08:46:16] D2BS 47052: move retry 1
[10/12/20 08:46:29] D2BS 47052: move retry 1
[10/12/20 08:46:30] D2BS 47052: AutoBuild: Stat points: 5      Skill points: 1
[10/12/20 08:46:30] D2BS 47052: AutoBuild: Level up detected ( 4 --> 5 )
[10/12/20 08:46:30] D2BS 47052: AutoBuild: useSkillPoint(): Charged Bolt (38)
[10/12/20 08:46:30] D2BS 47052: AutoBuild: Skill (1/1) Increased Charged Bolt (38) by one (level:  2)
[10/12/20 08:46:30] D2BS 47052: AutoBuild: useStatPoint(0): Strength
[10/12/20 08:46:30] D2BS 47052: AutoBuild: Stat (1/5) Increased Strength from 13 to 14
[10/12/20 08:46:30] D2BS 47052: AutoBuild: useStatPoint(1): Energy
[10/12/20 08:46:30] D2BS 47052: AutoBuild: Stat (2/5) Increased Energy from 41 to 42
[10/12/20 08:46:30] D2BS 47052: AutoBuild: useStatPoint(1): Energy
[10/12/20 08:46:30] D2BS 47052: AutoBuild: Attempt to spend point 3 in Energy may have failed!
[10/12/20 08:46:30] D2BS 47052: AutoBuild: useStatPoint(3): Vitality
[10/12/20 08:46:30] D2BS 47052: AutoBuild: Attempt to spend point 4 in Vitality may have failed!
[10/12/20 08:46:30] D2BS 47052: AutoBuild: useStatPoint(3): Vitality
[10/12/20 08:46:31] D2BS 47052: AutoBuild: Stat (5/5) Increased Vitality from 17 to 18
[10/12/20 08:46:31] D2BS 47052: Updating Config from level 4 to 5
[10/12/20 08:46:31] D2BS 47052: Updating Config from level 4 to 5
[10/12/20 08:46:31] D2BS 47052: Updating Config from level 4 to 5
[10/12/20 08:46:31] D2BS 47052: AutoBuild: Updating Config from level 4 to 5
[10/12/20 08:46:31] D2BS 47052: Updating Config from level 4 to 5
[10/12/20 08:46:31] D2BS 47052: AutoBuild: Incrementing cached character level to 5
[10/12/20 08:46:42] D2BS 47052: move retry 1
[10/12/20 08:46:46] D2BS 47052: move retry 1
[10/12/20 08:46:47] D2BS 47052: move retry 1
[10/12/20 08:46:49] D2BS 47052: move retry 1
[10/12/20 08:47:18] D2BS 47052: ÿc7Picked up ÿc41 Gold
[10/12/20 08:47:28] D2BS 47052: move retry 1
[10/12/20 08:47:30] D2BS 47052: move retry 1
[10/12/20 08:48:19] D2BS 47052: ÿc7Picked up ÿc44 Gold
[10/12/20 08:48:51] D2BS 47052: ÿc7Picked up ÿc3Minor Mana Potion ÿc0(ilvl 1) (EarlyGame.nip #23)
[10/12/20 08:49:17] D2BS 47052: ÿc7Picked up ÿc45 Gold
[10/12/20 08:49:17] D2BS 47052: ÿc7Picked up ÿc41 Gold
[10/12/20 08:49:21] D2BS 47052: ÿc7Picked up ÿc42 Gold
[10/12/20 08:49:33] D2BS 47052: Failed going to town
[10/12/20 08:49:33] D2BS 47052: 3,2,1
[10/12/20 08:49:33] D2BS 47052: ÿc1Error in ÿc0LevelFollower ÿc1(pather.js line ÿc11045): ÿc1makePortal: No TP tomes.
[10/12/20 08:49:33] D2BS 47052: ÿc8Run duration ÿc2981.5
[10/12/20 08:49:34] D2BS 47052: Script tools\autobuildthread.js ended
[10/12/20 08:49:34] D2BS 47052: Script tools\party.js ended
[10/12/20 08:49:34] D2BS 47052: Script tools\townchicken.js ended
[10/12/20 08:49:40] D2BS 47052: ÿc2D2BSÿc0 :: Starting default.dbj
[10/12/20 08:49:40] D2BS 47052: ÿc2D2BSÿc0 :: default.dbj running.
[10/12/20 08:49:40] D2BS 47052: AutoBuild: Including build template config/builds/sorceress.light.js into default.dbj
[10/12/20 08:49:40] D2BS 47052: Updating Config from level 0 to 5
[10/12/20 08:49:40] D2BS 47052: ÿc4Loaded NIP: ÿc2LateGame.nipÿc4. Lines: ÿc280ÿc4. Valid entries: ÿc253. ÿc4Time: ÿc216 ms
[10/12/20 08:49:40] D2BS 47052: ÿc4Loaded NIP: ÿc2MidGame.nipÿc4. Lines: ÿc268ÿc4. Valid entries: ÿc241. ÿc4Time: ÿc20 ms
[10/12/20 08:49:40] D2BS 47052: ÿc4Loaded NIP: ÿc2EarlyGame.nipÿc4. Lines: ÿc226ÿc4. Valid entries: ÿc212. ÿc4Time: ÿc20 ms
[10/12/20 08:49:40] D2BS 47052: ÿc4Loaded NIP: ÿc2LightRunes.nipÿc4. Lines: ÿc223ÿc4. Valid entries: ÿc212. ÿc4Time: ÿc20 ms
[10/12/20 08:49:40] D2BS 47052: ÿc4Loaded NIP: ÿc2Light.xpac.nipÿc4. Lines: ÿc2129ÿc4. Valid entries: ÿc2112. ÿc4Time: ÿc20 ms
[10/12/20 08:49:40] D2BS 47052: ÿc4Loaded NIP: ÿc2PreMerc.xpac.nipÿc4. Lines: ÿc222ÿc4. Valid entries: ÿc216. ÿc4Time: ÿc20 ms
[10/12/20 08:49:40] D2BS 47052: ÿc4Loaded NIP: ÿc2Merc.xpac.nipÿc4. Lines: ÿc232ÿc4. Valid entries: ÿc222. ÿc4Time: ÿc20 ms
[10/12/20 08:49:40] D2BS 47052: AutoBuild: Including build template config/builds/sorceress.light.js into tools\autobuildthread.js
[10/12/20 08:49:40] D2BS 47052: Updating Config from level 0 to 5
[10/12/20 08:49:40] D2BS 47052: AutoBuild: Loaded helper thread
[10/12/20 08:49:40] D2BS 47052: ÿc2Starting script: ÿc9LevelFollower
[10/12/20 08:49:40] D2BS 47052: AutoBuild: Including build template config/builds/sorceress.light.js into tools\party.js
[10/12/20 08:49:40] D2BS 47052: Updating Config from level 0 to 5
[10/12/20 08:49:40] D2BS 47052: ÿc2Party thread loaded. Mode: Accept
[10/12/20 08:49:40] D2BS 47052: AutoBuild: Including build template config/builds/sorceress.light.js into tools\townchicken.js
[10/12/20 08:49:40] D2BS 47052: ÿc3Start ToolsThread script
[10/12/20 08:49:40] D2BS 47052: Updating Config from level 0 to 5
[10/12/20 08:49:40] D2BS 47052: AutoBuild: Including build template config/builds/sorceress.light.js into tools\toolsthread.js
[10/12/20 08:49:40] D2BS 47052: Updating Config from level 0 to 5
[10/12/20 08:50:03] D2BS 47052: initNPC: heal
[10/12/20 08:50:07] D2BS 47052: initNPC: BuyPotions
[10/12/20 08:50:23] D2BS 47052: Failed going to town
[10/12/20 08:50:30] D2BS 47052: No Items
[10/12/20 08:50:31] D2BS 47052: move retry 1
[10/12/20 08:50:41] D2BS 47052: Failed going to town
[10/12/20 08:50:47] D2BS 47052: No Items
[10/12/20 08:50:50] D2BS 47052: move retry 1
[10/12/20 08:50:57] D2BS 47052: 3
[10/12/20 08:51:03] D2BS 47052: ÿc7Picked up ÿc0Javelin ÿc0(ilvl 2)
[10/12/20 08:51:25] D2BS 47052: ÿc7Picked up ÿc0Cap ÿc0(ilvl 4) (Light.xpac.nip #35)
[10/12/20 08:51:35] D2BS 47052: ÿc7Picked up ÿc0Crude Hand Axe ÿc0(ilvl 4)
[10/12/20 08:51:41] D2BS 47052: Failed going to town
[10/12/20 08:51:42] D2BS 47052: 3,2,1
[10/12/20 08:52:55] D2BS 47052: initNPC: heal
[10/12/20 08:53:04] D2BS 47052: initNPC: identify
[10/12/20 08:53:05] D2BS 47052: ÿc4MiniShopBotÿc0: Scanning 49 items.
[10/12/20 08:53:06] D2BS 47052: LowGold sell Javelin
[10/12/20 08:53:06] D2BS 47052: initNPC: clearInventory
[10/12/20 08:53:06] D2BS 47052: LowGold sell Crude Hand Axe
[10/12/20 08:53:06] D2BS 47052: initNPC: clearInventory
[10/12/20 08:53:08] D2BS 47052: No Items
[10/12/20 08:53:22] D2BS 47052: AutoBuild: Stat points: 5      Skill points: 2
[10/12/20 08:53:22] D2BS 47052: AutoBuild: Level up detected ( 5 --> 6 )
[10/12/20 08:53:22] D2BS 47052: AutoBuild: useSkillPoint(): Static Field (42)
[10/12/20 08:53:22] D2BS 47052: ÿc7Picked up ÿc417 Gold
[10/12/20 08:53:22] D2BS 47052: AutoBuild: Skill (1/1) Increased Static Field (42) by one (level:  1)
[10/12/20 08:53:23] D2BS 47052: AutoBuild: useStatPoint(0): Strength
[10/12/20 08:53:23] D2BS 47052: AutoBuild: Stat (1/5) Increased Strength from 14 to 15
[10/12/20 08:53:23] D2BS 47052: AutoBuild: useStatPoint(1): Energy
[10/12/20 08:53:23] D2BS 47052: AutoBuild: Stat (2/5) Increased Energy from 43 to 44
[10/12/20 08:53:23] D2BS 47052: AutoBuild: useStatPoint(1): Energy
[10/12/20 08:53:23] D2BS 47052: AutoBuild: Stat (3/5) Increased Energy from 44 to 45
[10/12/20 08:53:23] D2BS 47052: AutoBuild: useStatPoint(3): Vitality
[10/12/20 08:53:23] D2BS 47052: AutoBuild: Stat (4/5) Increased Vitality from 18 to 19
[10/12/20 08:53:23] D2BS 47052: AutoBuild: useStatPoint(3): Vitality
[10/12/20 08:53:23] D2BS 47052: AutoBuild: Stat (5/5) Increased Vitality from 19 to 20
[10/12/20 08:53:23] D2BS 47052: Updating Config from level 5 to 6
[10/12/20 08:53:23] D2BS 47052: AutoBuild: Updating Config from level 5 to 6
[10/12/20 08:53:23] D2BS 47052: Updating Config from level 5 to 6
[10/12/20 08:53:23] D2BS 47052: Updating Config from level 5 to 6
[10/12/20 08:53:23] D2BS 47052: Updating Config from level 5 to 6
[10/12/20 08:53:23] D2BS 47052: AutoBuild: Incrementing cached character level to 6
[10/12/20 08:53:49] D2BS 47052: ÿc7Picked up ÿc0Quilted Armor ÿc0(ilvl 4) (Light.xpac.nip #52)
[10/12/20 08:54:00] D2BS 47052: ÿc7Picked up ÿc3Minor Mana Potion ÿc0(ilvl 1) (EarlyGame.nip #23)
[10/12/20 08:54:10] D2BS 47052: move retry 1
[10/12/20 08:54:11] D2BS 47052: move retry 2
[10/12/20 08:54:14] D2BS 47052: move retry 3
[10/12/20 08:54:27] D2BS 47052: move retry 1
[10/12/20 08:54:39] D2BS 47052: ÿc7Picked up ÿc419 Gold
[10/12/20 08:54:58] D2BS 47052: ÿc7Picked up ÿc3Minor Mana Potion ÿc0(ilvl 1) (EarlyGame.nip #23)
[10/12/20 08:54:58] D2BS 47052: ÿc7Picked up ÿc3Buckler ÿc0(ilvl 5) (Light.xpac.nip #19)
[10/12/20 08:55:04] D2BS 47052: ÿc7Picked up ÿc48 Gold
[10/12/20 08:55:30] D2BS 47052: move retry 1
[10/12/20 08:56:25] D2BS 47052: ÿc7Picked up ÿc0Javelin ÿc0(ilvl 4)
[10/12/20 08:56:33] D2BS 47052: ÿc7Picked up ÿc44 Gold
[10/12/20 08:56:33] D2BS 47052: ÿc7Picked up ÿc414 Gold
[10/12/20 08:56:37] D2BS 47052: move retry 1
[10/12/20 08:56:47] D2BS 47052: ÿc7Picked up ÿc1Minor Healing Potion ÿc0(ilvl 1) (EarlyGame.nip #24)
[10/12/20 08:56:48] D2BS 47052: move retry 1
[10/12/20 08:56:49] D2BS 47052: ÿc7Picked up ÿc44 Gold
[10/12/20 08:56:50] D2BS 47052: ÿc7Picked up ÿc0Superior Hand Axe ÿc0(ilvl 1)
[10/12/20 08:56:51] D2BS 47052: move retry 1
[10/12/20 08:56:59] D2BS 47052: move retry 1
[10/12/20 08:57:03] D2BS 47052: move retry 1
[10/12/20 08:57:19] D2BS 47052: ÿc7Picked up ÿc424 Gold
[10/12/20 08:57:25] D2BS 47052: move retry 1
[10/12/20 08:57:44] D2BS 47052: ÿc7Picked up ÿc410 Gold
[10/12/20 08:57:47] D2BS 47052: ÿc7Picked up ÿc1Light Healing Potion ÿc0(ilvl 1) (EarlyGame.nip #26)
[10/12/20 08:57:57] D2BS 47052: ÿc7Picked up ÿc422 Gold
[10/12/20 08:57:58] D2BS 47052: ÿc7Picked up ÿc3Minor Mana Potion ÿc0(ilvl 1) (EarlyGame.nip #23)
[10/12/20 08:57:59] D2BS 47052: move retry 1
[10/12/20 08:58:23] D2BS 47052: AutoBuild: Stat points: 5      Skill points: 2
[10/12/20 08:58:23] D2BS 47052: AutoBuild: Level up detected ( 6 --> 7 )
[10/12/20 08:58:23] D2BS 47052: AutoBuild: useSkillPoint(): Telekinesis (43)
[10/12/20 08:58:23] D2BS 47052: ÿc7Picked up ÿc432 Gold
[10/12/20 08:58:23] D2BS 47052: AutoBuild: Skill (1/1) Increased Telekinesis (43) by one (level:  1)
[10/12/20 08:58:24] D2BS 47052: AutoBuild: useStatPoint(0): Strength
[10/12/20 08:58:24] D2BS 47052: AutoBuild: Stat (1/5) Increased Strength from 15 to 16
[10/12/20 08:58:24] D2BS 47052: AutoBuild: useStatPoint(1): Energy
[10/12/20 08:58:24] D2BS 47052: AutoBuild: Stat (2/5) Increased Energy from 45 to 46
[10/12/20 08:58:24] D2BS 47052: AutoBuild: useStatPoint(1): Energy
[10/12/20 08:58:24] D2BS 47052: AutoBuild: Stat (3/5) Increased Energy from 46 to 47
[10/12/20 08:58:24] D2BS 47052: AutoBuild: useStatPoint(3): Vitality
[10/12/20 08:58:24] D2BS 47052: AutoBuild: Attempt to spend point 4 in Vitality may have failed!
[10/12/20 08:58:24] D2BS 47052: AutoBuild: useStatPoint(3): Vitality
[10/12/20 08:58:24] D2BS 47052: AutoBuild: Stat (5/5) Increased Vitality from 21 to 22
[10/12/20 08:58:24] D2BS 47052: Updating Config from level 6 to 7
[10/12/20 08:58:24] D2BS 47052: Updating Config from level 6 to 7
[10/12/20 08:58:24] D2BS 47052: Updating Config from level 6 to 7
[10/12/20 08:58:24] D2BS 47052: Updating Config from level 6 to 7
[10/12/20 08:58:24] D2BS 47052: AutoBuild: Updating Config from level 6 to 7
[10/12/20 08:58:24] D2BS 47052: AutoBuild: Incrementing cached character level to 7
[10/12/20 08:58:31] D2BS 47052: Failed going to town
[10/12/20 08:58:38] D2BS 47052: initNPC: heal
[10/12/20 08:58:42] D2BS 47052: initNPC: identify
[10/12/20 08:58:45] D2BS 47052: ÿc4MiniShopBotÿc0: Scanning 60 items.
[10/12/20 08:58:45] D2BS 47052: LowGold sell Superior Hand Axe
[10/12/20 08:58:45] D2BS 47052: initNPC: clearInventory
[10/12/20 08:58:45] D2BS 47052: LowGold sell Javelin
[10/12/20 08:58:45] D2BS 47052: initNPC: clearInventory
[10/12/20 08:58:48] D2BS 47052: No Items
[10/12/20 08:58:48] D2BS 47052: move retry 1
[10/12/20 09:00:13] D2BS 47052: ÿc7Picked up ÿc0Chipped Diamond ÿc0(ilvl 1)
[10/12/20 09:00:32] D2BS 47052: ÿc7Picked up ÿc419 Gold
[10/12/20 09:00:32] D2BS 47052: ÿc7Picked up ÿc3Jewel ÿc0(ilvl 5)
[10/12/20 09:00:32] D2BS 47052: ÿc7Picked up ÿc1Minor Healing Potion ÿc0(ilvl 1) (EarlyGame.nip #24)
[10/12/20 09:00:43] D2BS 47052: ÿc7Picked up ÿc45 Gold
[10/12/20 09:00:46] D2BS 47052: ÿc7Picked up ÿc419 Gold
[10/12/20 09:00:47] D2BS 47052: ÿc7Picked up ÿc415 Gold
[10/12/20 09:00:50] D2BS 47052: ÿc7Picked up ÿc44 Gold
[10/12/20 09:01:04] D2BS 47052: move retry 1
[10/12/20 09:01:36] D2BS 47052: move retry 1
[10/12/20 09:01:46] D2BS 47052: ÿc7Picked up ÿc415 Gold
[10/12/20 09:02:38] D2BS 47052: move retry 1
[10/12/20 09:02:42] D2BS 47052: move retry 1
[10/12/20 09:02:47] D2BS 47052: ÿc7Picked up ÿc423 Gold
[10/12/20 09:03:02] D2BS 47052: move retry 1
[10/12/20 09:03:25] D2BS 47052: move retry 1
[10/12/20 09:04:28] D2BS 47052: move retry 1
[10/12/20 09:04:41] D2BS 47052: ÿc7Picked up ÿc0Sash ÿc0(ilvl 1) (Light.xpac.nip #88)
[10/12/20 09:05:10] D2BS 47052: ÿc7Picked up ÿc0Cracked Large Axe ÿc0(ilvl 5)
[10/12/20 09:05:15] D2BS 47052: move retry 1
[10/12/20 09:05:32] D2BS 47052: move retry 1
[10/12/20 09:05:33] D2BS 47052: move retry 1
[10/12/20 09:05:42] D2BS 47052: ÿc7Picked up ÿc418 Gold
[10/12/20 09:05:48] D2BS 47052: ÿc7Picked up ÿc415 Gold
[10/12/20 09:06:47] D2BS 47052: Failed going to town
[10/12/20 09:06:48] D2BS 47052: 3,2,1
[10/12/20 09:06:48] D2BS 47052: ÿc1Error in ÿc0LevelFollower ÿc1(pather.js line ÿc11045): ÿc1makePortal: No TP tomes.
[10/12/20 09:06:48] D2BS 47052: ÿc8Run duration ÿc21028.5
[10/12/20 09:06:48] D2BS 47052: Script tools\autobuildthread.js ended
[10/12/20 09:06:48] D2BS 47052: Script tools\party.js ended
[10/12/20 09:06:48] D2BS 47052: Script tools\townchicken.js ended
[10/12/20 09:06:55] D2BS 47052: ÿc2D2BSÿc0 :: Starting default.dbj
[10/12/20 09:06:55] D2BS 47052: ÿc2D2BSÿc0 :: default.dbj running.
[10/12/20 09:06:55] D2BS 47052: AutoBuild: Including build template config/builds/sorceress.light.js into default.dbj
[10/12/20 09:06:55] D2BS 47052: Updating Config from level 0 to 7
[10/12/20 09:06:55] D2BS 47052: ÿc4Loaded NIP: ÿc2LateGame.nipÿc4. Lines: ÿc280ÿc4. Valid entries: ÿc253. ÿc4Time: ÿc20 ms
[10/12/20 09:06:55] D2BS 47052: ÿc4Loaded NIP: ÿc2MidGame.nipÿc4. Lines: ÿc268ÿc4. Valid entries: ÿc241. ÿc4Time: ÿc20 ms
[10/12/20 09:06:55] D2BS 47052: ÿc4Loaded NIP: ÿc2EarlyGame.nipÿc4. Lines: ÿc226ÿc4. Valid entries: ÿc212. ÿc4Time: ÿc20 ms
[10/12/20 09:06:55] D2BS 47052: ÿc4Loaded NIP: ÿc2LightRunes.nipÿc4. Lines: ÿc223ÿc4. Valid entries: ÿc212. ÿc4Time: ÿc20 ms
[10/12/20 09:06:55] D2BS 47052: ÿc4Loaded NIP: ÿc2Light.xpac.nipÿc4. Lines: ÿc2129ÿc4. Valid entries: ÿc2112. ÿc4Time: ÿc215 ms
[10/12/20 09:06:55] D2BS 47052: ÿc4Loaded NIP: ÿc2PreMerc.xpac.nipÿc4. Lines: ÿc222ÿc4. Valid entries: ÿc216. ÿc4Time: ÿc20 ms
[10/12/20 09:06:55] D2BS 47052: ÿc4Loaded NIP: ÿc2Merc.xpac.nipÿc4. Lines: ÿc232ÿc4. Valid entries: ÿc222. ÿc4Time: ÿc20 ms
[10/12/20 09:06:55] D2BS 47052: AutoBuild: Including build template config/builds/sorceress.light.js into tools\autobuildthread.js
[10/12/20 09:06:55] D2BS 47052: Updating Config from level 0 to 7
[10/12/20 09:06:55] D2BS 47052: AutoBuild: Loaded helper thread
[10/12/20 09:06:55] D2BS 47052: LowGold sell Cracked Large Axe
[10/12/20 09:06:55] D2BS 47052: initNPC: clearInventory
[10/12/20 09:06:55] D2BS 47052: AutoBuild: Including build template config/builds/sorceress.light.js into tools\party.js
[10/12/20 09:06:55] D2BS 47052: Updating Config from level 0 to 7
[10/12/20 09:06:55] D2BS 47052: ÿc2Party thread loaded. Mode: Accept
[10/12/20 09:06:55] D2BS 47052: ÿc3Start ToolsThread script
[10/12/20 09:06:55] D2BS 47052: AutoBuild: Including build template config/builds/sorceress.light.js into tools\townchicken.js
[10/12/20 09:06:55] D2BS 47052: AutoBuild: Including build template config/builds/sorceress.light.js into tools\toolsthread.js
[10/12/20 09:06:55] D2BS 47052: Updating Config from level 0 to 7
[10/12/20 09:06:55] D2BS 47052: Updating Config from level 0 to 7
[10/12/20 09:07:02] D2BS 47052: LowGold sell Jewel
[10/12/20 09:07:02] D2BS 47052: initNPC: clearInventory
[10/12/20 09:07:04] D2BS 47052: LowGold sell Chipped Diamond
[10/12/20 09:07:04] D2BS 47052: initNPC: clearInventory
[10/12/20 09:07:06] D2BS 47052: ÿc2Starting script: ÿc9LevelFollower
[10/12/20 09:07:16] D2BS 47052: initNPC: BuyPotions
[10/12/20 09:08:12] D2BS 47052: 4,10
[10/12/20 09:08:36] D2BS 47052: ÿc7Picked up ÿc0Damaged Light Crossbow ÿc0(ilvl 5)
[10/12/20 09:08:36] D2BS 47052: ÿc7Picked up ÿc425 Gold
[10/12/20 09:08:53] D2BS 47052: ÿc7Picked up ÿc45 Gold
[10/12/20 09:09:03] D2BS 47052: AutoBuild: Stat points: 5      Skill points: 2
[10/12/20 09:09:03] D2BS 47052: AutoBuild: Level up detected ( 7 --> 8 )
[10/12/20 09:09:03] D2BS 47052: AutoBuild: useSkillPoint(): Charged Bolt (38)
[10/12/20 09:09:03] D2BS 47052: AutoBuild: Skill (1/1) Increased Charged Bolt (38) by one (level:  3)
[10/12/20 09:09:03] D2BS 47052: AutoBuild: useStatPoint(0): Strength
[10/12/20 09:09:03] D2BS 47052: AutoBuild: Stat (1/5) Increased Strength from 16 to 17
[10/12/20 09:09:03] D2BS 47052: AutoBuild: useStatPoint(1): Energy
[10/12/20 09:09:03] D2BS 47052: AutoBuild: Stat (2/5) Increased Energy from 47 to 48
[10/12/20 09:09:03] D2BS 47052: AutoBuild: useStatPoint(1): Energy
[10/12/20 09:09:03] D2BS 47052: AutoBuild: Stat (3/5) Increased Energy from 48 to 49
[10/12/20 09:09:03] D2BS 47052: AutoBuild: useStatPoint(3): Vitality
[10/12/20 09:09:03] D2BS 47052: AutoBuild: Stat (4/5) Increased Vitality from 22 to 23
[10/12/20 09:09:03] D2BS 47052: AutoBuild: useStatPoint(3): Vitality
[10/12/20 09:09:04] D2BS 47052: AutoBuild: Stat (5/5) Increased Vitality from 23 to 24
[10/12/20 09:09:04] D2BS 47052: AutoBuild: Updating Config from level 7 to 8
[10/12/20 09:09:04] D2BS 47052: Updating Config from level 7 to 8
[10/12/20 09:09:04] D2BS 47052: Updating Config from level 7 to 8
[10/12/20 09:09:04] D2BS 47052: Updating Config from level 7 to 8
[10/12/20 09:09:04] D2BS 47052: Updating Config from level 7 to 8
[10/12/20 09:09:04] D2BS 47052: AutoBuild: Incrementing cached character level to 8
[10/12/20 09:09:10] D2BS 47052: ÿc7Picked up ÿc3Minor Mana Potion ÿc0(ilvl 1) (EarlyGame.nip #23)
[10/12/20 09:09:10] D2BS 47052: ÿc7Picked up ÿc1Minor Healing Potion ÿc0(ilvl 1) (EarlyGame.nip #24)
[10/12/20 09:09:14] D2BS 47052: ÿc7Picked up ÿc9Leather Armor ÿc0(ilvl 5) (Light.xpac.nip #53)
[10/12/20 09:09:27] D2BS 47052: move retry 1
[10/12/20 09:09:33] D2BS 47052: ÿc7Picked up ÿc1Light Healing Potion ÿc0(ilvl 1) (EarlyGame.nip #26)
[10/12/20 09:09:33] D2BS 47052: move retry 1
[10/12/20 09:09:42] D2BS 47052: ÿc7Picked up ÿc41 Gold
[10/12/20 09:09:47] D2BS 47052: ÿc7Picked up ÿc42 Gold
[10/12/20 09:09:48] D2BS 47052: ÿc7Picked up ÿc41 Gold
[10/12/20 09:09:50] D2BS 47052: ÿc7Picked up ÿc412 Gold
[10/12/20 09:09:56] D2BS 47052: ÿc7Picked up ÿc43 Gold
[10/12/20 09:10:08] D2BS 47052: ÿc7Picked up ÿc42 Gold
[10/12/20 09:10:08] D2BS 47052: ÿc7Picked up ÿc1Light Healing Potion ÿc0(ilvl 1) (EarlyGame.nip #26)
[10/12/20 09:10:23] D2BS 47052: ÿc7Picked up ÿc45 Gold
[10/12/20 09:10:26] D2BS 47052: ÿc7Picked up ÿc45 Gold
[10/12/20 09:10:26] D2BS 47052: ÿc7Picked up ÿc45 Gold
[10/12/20 09:10:36] D2BS 47052: 10,5
[10/12/20 09:10:45] D2BS 47052: move retry 1
[10/12/20 09:11:03] D2BS 47052: ÿc1Skipping Vile Hunter 680 16
[10/12/20 09:11:06] D2BS 47052: ÿc1Pausing.
[10/12/20 09:11:06] D2BS 47052: ÿc2Resuming.
[10/12/20 09:11:06] D2BS 47052: ÿc1Pausing.
[10/12/20 09:11:06] D2BS 47052: ÿc2Resuming.
[10/12/20 09:11:06] D2BS 47052: ÿc1Pausing.
[10/12/20 09:11:06] D2BS 47052: ÿc2Resuming.
[10/12/20 09:11:06] D2BS 47052: ÿc1Pausing.
[10/12/20 09:11:06] D2BS 47052: ÿc2Resuming.
[10/12/20 09:11:06] D2BS 47052: ÿc1Pausing.
[10/12/20 09:11:06] D2BS 47052: ÿc2Resuming.
[10/12/20 09:11:06] D2BS 47052: ÿc1Pausing.
[10/12/20 09:11:06] D2BS 47052: ÿc2Resuming.
[10/12/20 09:11:06] D2BS 47052: ÿc1Pausing.
[10/12/20 09:11:06] D2BS 47052: ÿc2Resuming.
[10/12/20 09:11:06] D2BS 47052: Script default.dbj ended
[10/12/20 09:11:07] D2BS 47052: Script tools\autobuildthread.js ended
[10/12/20 09:11:07] D2BS 47052: Script tools\party.js ended
[10/12/20 09:11:07] D2BS 47052: Script tools\townchicken.js ended
[10/12/20 09:11:13] D2BS 47052: ÿc2D2BSÿc0 :: Starting default.dbj
[10/12/20 09:11:13] D2BS 47052: ÿc2D2BSÿc0 :: default.dbj running.
[10/12/20 09:11:13] D2BS 47052: AutoBuild: Including build template config/builds/sorceress.light.js into default.dbj
[10/12/20 09:11:13] D2BS 47052: Updating Config from level 0 to 8
[10/12/20 09:11:13] D2BS 47052: ÿc4Loaded NIP: ÿc2LateGame.nipÿc4. Lines: ÿc280ÿc4. Valid entries: ÿc253. ÿc4Time: ÿc20 ms
[10/12/20 09:11:13] D2BS 47052: ÿc4Loaded NIP: ÿc2MidGame.nipÿc4. Lines: ÿc268ÿc4. Valid entries: ÿc241. ÿc4Time: ÿc20 ms
[10/12/20 09:11:13] D2BS 47052: ÿc4Loaded NIP: ÿc2EarlyGame.nipÿc4. Lines: ÿc226ÿc4. Valid entries: ÿc212. ÿc4Time: ÿc20 ms
[10/12/20 09:11:13] D2BS 47052: ÿc4Loaded NIP: ÿc2LightRunes.nipÿc4. Lines: ÿc223ÿc4. Valid entries: ÿc212. ÿc4Time: ÿc20 ms
[10/12/20 09:11:13] D2BS 47052: ÿc4Loaded NIP: ÿc2Light.xpac.nipÿc4. Lines: ÿc2129ÿc4. Valid entries: ÿc2112. ÿc4Time: ÿc20 ms
[10/12/20 09:11:13] D2BS 47052: ÿc4Loaded NIP: ÿc2PreMerc.xpac.nipÿc4. Lines: ÿc222ÿc4. Valid entries: ÿc216. ÿc4Time: ÿc215 ms
[10/12/20 09:11:13] D2BS 47052: ÿc4Loaded NIP: ÿc2Merc.xpac.nipÿc4. Lines: ÿc232ÿc4. Valid entries: ÿc222. ÿc4Time: ÿc20 ms
[10/12/20 09:11:13] D2BS 47052: AutoBuild: Including build template config/builds/sorceress.light.js into tools\autobuildthread.js
[10/12/20 09:11:13] D2BS 47052: Updating Config from level 0 to 8
[10/12/20 09:11:13] D2BS 47052: AutoBuild: Loaded helper thread
[10/12/20 09:11:13] D2BS 47052: LowGold sell Damaged Light Crossbow
[10/12/20 09:11:13] D2BS 47052: initNPC: clearInventory
[10/12/20 09:11:13] D2BS 47052: AutoBuild: Including build template config/builds/sorceress.light.js into tools\party.js
[10/12/20 09:11:13] D2BS 47052: Updating Config from level 0 to 8
[10/12/20 09:11:13] D2BS 47052: ÿc2Party thread loaded. Mode: Accept
[10/12/20 09:11:13] D2BS 47052: ÿc3Start ToolsThread script
[10/12/20 09:11:13] D2BS 47052: AutoBuild: Including build template config/builds/sorceress.light.js into tools\townchicken.js
[10/12/20 09:11:13] D2BS 47052: AutoBuild: Including build template config/builds/sorceress.light.js into tools\toolsthread.js
[10/12/20 09:11:13] D2BS 47052: Updating Config from level 0 to 8
[10/12/20 09:11:13] D2BS 47052: Updating Config from level 0 to 8
[10/12/20 09:11:20] D2BS 47052: ÿc2Starting script: ÿc9LevelFollower
[10/12/20 09:11:30] D2BS 47052: initNPC: BuyPotions
[10/12/20 09:12:02] D2BS 47052: ÿc7Picked up ÿc419 Gold
[10/12/20 09:12:16] D2BS 47052: ÿc7Picked up ÿc0Hunter's Bow ÿc0(ilvl 5) (PreMerc.xpac.nip #3)
[10/12/20 09:12:19] D2BS 47052: ÿc7Picked up ÿc1Minor Healing Potion ÿc0(ilvl 1) (EarlyGame.nip #24)
[10/12/20 09:12:24] D2BS 47052: Failed going to town
[10/12/20 09:12:27] D2BS 47052: move retry 1
[10/12/20 09:12:31] D2BS 47052: initNPC: heal
[10/12/20 09:12:35] D2BS 47052: initNPC: identify
[10/12/20 09:12:38] D2BS 47052: initNPC: fillTome
[10/12/20 09:12:39] D2BS 47052: ÿc4MiniShopBotÿc0: Scanning 52 items.
[10/12/20 09:12:40] D2BS 47052: Leather Armor
[10/12/20 09:12:43] D2BS 47052: ÿc4Town: ÿc1Can't afford repairs.
[10/12/20 09:13:10] D2BS 47052: 4,38
[10/12/20 09:13:12] D2BS 47052: move retry 1
[10/12/20 09:13:47] D2BS 47052: ÿc7Picked up ÿc1Minor Healing Potion ÿc0(ilvl 1) (EarlyGame.nip #24)
[10/12/20 09:13:47] D2BS 47052: ÿc7Picked up ÿc3Hunter's Bow ÿc0(ilvl 9) (PreMerc.xpac.nip #3)
[10/12/20 09:13:47] D2BS 47052: ÿc7Picked up ÿc3Light Mana Potion ÿc0(ilvl 1) (EarlyGame.nip #25)
[10/12/20 09:13:49] D2BS 47052: ÿc7Picked up ÿc425 Gold
[10/12/20 09:13:49] D2BS 47052: ÿc7Picked up ÿc48 Gold
[10/12/20 09:13:50] D2BS 47052: ÿc7Picked up ÿc417 Gold
[10/12/20 09:13:50] D2BS 47052: ÿc7Picked up ÿc414 Gold
[10/12/20 09:13:50] D2BS 47052: ÿc7Picked up ÿc426 Gold
[10/12/20 09:13:50] D2BS 47052: ÿc7Picked up ÿc413 Gold
[10/12/20 09:13:50] D2BS 47052: ÿc7Picked up ÿc416 Gold
[10/12/20 09:14:02] D2BS 47052: AutoBuild: Stat points: 5      Skill points: 2
[10/12/20 09:14:02] D2BS 47052: AutoBuild: Level up detected ( 8 --> 9 )
[10/12/20 09:14:02] D2BS 47052: AutoBuild: useSkillPoint(): Charged Bolt (38)
[10/12/20 09:14:02] D2BS 47052: AutoBuild: Skill (1/1) Increased Charged Bolt (38) by one (level:  4)
[10/12/20 09:14:02] D2BS 47052: AutoBuild: useStatPoint(0): Strength
[10/12/20 09:14:02] D2BS 47052: AutoBuild: Stat (1/5) Increased Strength from 17 to 18
[10/12/20 09:14:02] D2BS 47052: AutoBuild: useStatPoint(1): Energy
[10/12/20 09:14:02] D2BS 47052: AutoBuild: Stat (2/5) Increased Energy from 49 to 50
[10/12/20 09:14:02] D2BS 47052: AutoBuild: useStatPoint(1): Energy
[10/12/20 09:14:02] D2BS 47052: AutoBuild: Stat (3/5) Increased Energy from 50 to 51
[10/12/20 09:14:02] D2BS 47052: AutoBuild: useStatPoint(3): Vitality
[10/12/20 09:14:02] D2BS 47052: AutoBuild: Stat (4/5) Increased Vitality from 24 to 25
[10/12/20 09:14:02] D2BS 47052: AutoBuild: useStatPoint(3): Vitality
[10/12/20 09:14:03] D2BS 47052: AutoBuild: Stat (5/5) Increased Vitality from 25 to 26
[10/12/20 09:14:03] D2BS 47052: Updating Config from level 8 to 9
[10/12/20 09:14:03] D2BS 47052: Updating Config from level 8 to 9
[10/12/20 09:14:03] D2BS 47052: AutoBuild: Updating Config from level 8 to 9
[10/12/20 09:14:03] D2BS 47052: Updating Config from level 8 to 9
[10/12/20 09:14:03] D2BS 47052: Updating Config from level 8 to 9
[10/12/20 09:14:03] D2BS 47052: AutoBuild: Incrementing cached character level to 9
[10/12/20 09:14:04] D2BS 47052: ÿc7Picked up ÿc3Ring ÿc0(ilvl 8) (Light.xpac.nip #103)
[10/12/20 09:14:05] D2BS 47052: move retry 1
[10/12/20 09:14:29] D2BS 47052: move retry 1
[10/12/20 09:14:57] D2BS 47052: ÿc1Skipping Returned 819 16
[10/12/20 09:15:05] D2BS 47052: ÿc7Picked up ÿc1Minor Healing Potion ÿc0(ilvl 1) (EarlyGame.nip #24)
[10/12/20 09:15:22] D2BS 47052: ÿc7Picked up ÿc1Minor Healing Potion ÿc0(ilvl 1) (EarlyGame.nip #24)
[10/12/20 09:15:24] D2BS 47052: move retry 1
[10/12/20 09:15:45] D2BS 47052: ÿc7Picked up ÿc428 Gold
[10/12/20 09:16:01] D2BS 47052: ÿc7Picked up ÿc419 Gold
[10/12/20 09:16:14] D2BS 47052: move retry 1
[10/12/20 09:16:26] D2BS 47052: move retry 1
[10/12/20 09:16:36] D2BS 47052: move retry 1
[10/12/20 09:16:58] D2BS 47052: ÿc7Picked up ÿc45 Gold
[10/12/20 09:17:02] D2BS 47052: ÿc7Picked up ÿc1Light Healing Potion ÿc0(ilvl 1) (EarlyGame.nip #26)
[10/12/20 09:17:19] D2BS 47052: initNPC: heal
[10/12/20 09:17:24] D2BS 47052: move retry 1
[10/12/20 09:17:32] D2BS 47052: initNPC: identify
[10/12/20 09:17:35] D2BS 47052: ÿc4MiniShopBotÿc0: Scanning 60 items.
[10/12/20 09:17:36] D2BS 47052: LowGold sell  Ring of Health
[10/12/20 09:17:36] D2BS 47052: initNPC: clearInventory
[10/12/20 09:17:36] D2BS 47052: initNPC: clearInventory
[10/12/20 09:17:50] D2BS 47052: 1
[10/12/20 09:17:51] D2BS 47052: initNPC: identify
[10/12/20 09:17:54] D2BS 47052: move retry 1
[10/12/20 09:17:58] D2BS 47052: ÿc4MiniShopBotÿc0: Scanning 77 items.
[10/12/20 09:18:00] D2BS 47052: initNPC: buyPotions
[10/12/20 09:18:00] D2BS 47052: initNPC: clearInventory
[10/12/20 09:18:12] D2BS 47052: 5
[10/12/20 09:18:15] D2BS 47052: move retry 1
[10/12/20 09:18:31] D2BS 47052: ÿc7Picked up ÿc422 Gold
[10/12/20 09:18:40] D2BS 47052: move retry 1
[10/12/20 09:19:35] D2BS 47052: move retry 1
[10/12/20 09:19:42] D2BS 47052: AutoBuild: Stat points: 5      Skill points: 2
[10/12/20 09:19:42] D2BS 47052: AutoBuild: Level up detected ( 9 --> 10 )
[10/12/20 09:19:42] D2BS 47052: AutoBuild: useSkillPoint(): Charged Bolt (38)
[10/12/20 09:19:42] D2BS 47052: AutoBuild: Skill (1/1) Increased Charged Bolt (38) by one (level:  5)
[10/12/20 09:19:42] D2BS 47052: ÿc7Picked up ÿc426 Gold
[10/12/20 09:19:42] D2BS 47052: AutoBuild: useStatPoint(0): Strength
[10/12/20 09:19:42] D2BS 47052: AutoBuild: Stat (1/5) Increased Strength from 18 to 19
[10/12/20 09:19:42] D2BS 47052: AutoBuild: useStatPoint(1): Energy
[10/12/20 09:19:42] D2BS 47052: AutoBuild: Stat (2/5) Increased Energy from 51 to 52
[10/12/20 09:19:42] D2BS 47052: AutoBuild: useStatPoint(1): Energy
[10/12/20 09:19:42] D2BS 47052: AutoBuild: Stat (3/5) Increased Energy from 52 to 53
[10/12/20 09:19:42] D2BS 47052: AutoBuild: useStatPoint(3): Vitality
[10/12/20 09:19:42] D2BS 47052: AutoBuild: Stat (4/5) Increased Vitality from 26 to 27
[10/12/20 09:19:42] D2BS 47052: AutoBuild: useStatPoint(3): Vitality
[10/12/20 09:19:43] D2BS 47052: AutoBuild: Stat (5/5) Increased Vitality from 27 to 28
[10/12/20 09:19:43] D2BS 47052: Updating Config from level 9 to 10
[10/12/20 09:19:43] D2BS 47052: AutoBuild: Updating Config from level 9 to 10
[10/12/20 09:19:43] D2BS 47052: Updating Config from level 9 to 10
[10/12/20 09:19:43] D2BS 47052: Updating Config from level 9 to 10
[10/12/20 09:19:43] D2BS 47052: Updating Config from level 9 to 10
[10/12/20 09:19:43] D2BS 47052: AutoBuild: Incrementing cached character level to 10
[10/12/20 09:20:16] D2BS 47052: move retry 1
[10/12/20 09:20:19] D2BS 47052: move retry 1
[10/12/20 09:20:39] D2BS 47052: move retry 1
[10/12/20 09:20:58] D2BS 47052: initNPC: fillTome
[10/12/20 09:21:07] D2BS 47052: 1
