[10/06/20 15:37:56] D2BS 12912: D2BS Engine startup complete. 1.6.4U
[10/06/20 15:37:56] D2BS 12912: ÿc2D2BSÿc0 :: Switched to profile FireSorc
[10/06/20 15:37:56] D2BS 12912: ÿc2D2BSÿc0 :: Engine startup complete!
[10/06/20 15:37:56] D2BS 12912: ÿc2D2BSÿc0 :: Starting D2BotLanFollow.dbj
[10/06/20 15:37:56] D2BS 12912: ÿc2D2BSÿc0 :: D2BotLanFollow.dbj running.
[10/06/20 15:37:56] D2BS 12912: ÿc2D2BSÿc0 :: Started Console Script
[10/06/20 15:37:56] D2BS 12912: FireSorc
[10/06/20 15:37:58] D2BS 12912: Heartbeat loaded
[10/06/20 15:38:16] D2BS 12912: ÿc2D2BSÿc0 :: Starting default.dbj
[10/06/20 15:38:16] D2BS 12912: ÿc2D2BSÿc0 :: default.dbj running.
[10/06/20 15:38:16] D2BS 12912: AutoBuild: Including build template config/builds/sorceress.fire.js into default.dbj
[10/06/20 15:38:16] D2BS 12912: Updating Config from level 0 to 1
[10/06/20 15:38:16] D2BS 12912: ÿc4Loaded NIP: ÿc2LateGame.nipÿc4. Lines: ÿc277ÿc4. Valid entries: ÿc250. ÿc4Time: ÿc20 ms
[10/06/20 15:38:16] D2BS 12912: ÿc4Loaded NIP: ÿc2MidGame.nipÿc4. Lines: ÿc257ÿc4. Valid entries: ÿc234. ÿc4Time: ÿc20 ms
[10/06/20 15:38:16] D2BS 12912: ÿc4Loaded NIP: ÿc2EarlyGame.nipÿc4. Lines: ÿc234ÿc4. Valid entries: ÿc216. ÿc4Time: ÿc216 ms
[10/06/20 15:38:16] D2BS 12912: ÿc4Loaded NIP: ÿc2FireRunes.nipÿc4. Lines: ÿc223ÿc4. Valid entries: ÿc212. ÿc4Time: ÿc20 ms
[10/06/20 15:38:16] D2BS 12912: ÿc4Loaded NIP: ÿc2Fire.xpac.nipÿc4. Lines: ÿc2128ÿc4. Valid entries: ÿc2101. ÿc4Time: ÿc20 ms
[10/06/20 15:38:16] D2BS 12912: ÿc4Loaded NIP: ÿc2Merc.xpac.nipÿc4. Lines: ÿc267ÿc4. Valid entries: ÿc249. ÿc4Time: ÿc20 ms
[10/06/20 15:38:16] D2BS 12912: AutoBuild: Including build template config/builds/sorceress.fire.js into tools\autobuildthread.js
[10/06/20 15:38:16] D2BS 12912: Updating Config from level 0 to 1
[10/06/20 15:38:16] D2BS 12912: AutoBuild: Loaded helper thread
[10/06/20 15:38:17] D2BS 12912: AutoBuild: Including build template config/builds/sorceress.fire.js into tools\party.js
[10/06/20 15:38:17] D2BS 12912: Updating Config from level 0 to 1
[10/06/20 15:38:17] D2BS 12912: ÿc2Party thread loaded. Mode: Accept
[10/06/20 15:38:17] D2BS 12912: AutoBuild: Including build template config/builds/sorceress.fire.js into tools\townchicken.js
[10/06/20 15:38:17] D2BS 12912: ÿc3Start ToolsThread script
[10/06/20 15:38:17] D2BS 12912: Updating Config from level 0 to 1
[10/06/20 15:38:17] D2BS 12912: AutoBuild: Including build template config/builds/sorceress.fire.js into tools\toolsthread.js
[10/06/20 15:38:17] D2BS 12912: Updating Config from level 0 to 1
[10/06/20 15:38:17] D2BS 12912: ÿc2Starting script: ÿc9LevelFollower
[10/06/20 15:38:18] D2BS 12912: move retry 1
[10/06/20 15:39:04] D2BS 12912: Failed talking to Kashya
[10/06/20 15:39:13] D2BS 12912: initNPC: BuyPotions
[10/06/20 15:39:19] D2BS 12912: move retry 1
[10/06/20 15:39:32] D2BS 12912: 1,2
[10/06/20 15:40:20] D2BS 12912: 2,8
[10/06/20 15:40:32] D2BS 12912: ÿc7Picked up ÿc1Minor Healing Potion ÿc0(ilvl 1) (EarlyGame.nip #32)
[10/06/20 15:40:33] D2BS 12912: ÿc7Picked up ÿc0Cracked Leather Gloves ÿc0(ilvl 2) (Fire.xpac.nip #78)
[10/06/20 15:40:34] D2BS 12912: AutoBuild: Stat points: 5      Skill points: 1
[10/06/20 15:40:34] D2BS 12912: AutoBuild: Level up detected ( 1 --> 2 )
[10/06/20 15:40:34] D2BS 12912: AutoBuild: useSkillPoint(): Warmth (37)
[10/06/20 15:40:34] D2BS 12912: AutoBuild: Skill (1/1) Increased Warmth (37) by one (level:  1)
[10/06/20 15:40:34] D2BS 12912: AutoBuild: useStatPoint(0): Strength
[10/06/20 15:40:34] D2BS 12912: AutoBuild: Stat (1/5) Increased Strength from 10 to 11
[10/06/20 15:40:34] D2BS 12912: AutoBuild: useStatPoint(1): Energy
[10/06/20 15:40:34] D2BS 12912: AutoBuild: Stat (2/5) Increased Energy from 35 to 36
[10/06/20 15:40:34] D2BS 12912: AutoBuild: useStatPoint(1): Energy
[10/06/20 15:40:34] D2BS 12912: AutoBuild: Stat (3/5) Increased Energy from 36 to 37
[10/06/20 15:40:34] D2BS 12912: AutoBuild: useStatPoint(3): Vitality
[10/06/20 15:40:35] D2BS 12912: AutoBuild: Stat (4/5) Increased Vitality from 10 to 11
[10/06/20 15:40:35] D2BS 12912: AutoBuild: useStatPoint(3): Vitality
[10/06/20 15:40:35] D2BS 12912: AutoBuild: Stat (5/5) Increased Vitality from 11 to 12
[10/06/20 15:40:35] D2BS 12912: Updating Config from level 1 to 2
[10/06/20 15:40:35] D2BS 12912: Updating Config from level 1 to 2
[10/06/20 15:40:35] D2BS 12912: Updating Config from level 1 to 2
[10/06/20 15:40:35] D2BS 12912: AutoBuild: Updating Config from level 1 to 2
[10/06/20 15:40:35] D2BS 12912: Updating Config from level 1 to 2
[10/06/20 15:40:35] D2BS 12912: AutoBuild: Incrementing cached character level to 2
[10/06/20 15:40:38] D2BS 12912: ÿc7Picked up ÿc411 Gold
[10/06/20 15:40:44] D2BS 12912: ÿc7Picked up ÿc41 Gold
[10/06/20 15:40:44] D2BS 12912: move retry 1
[10/06/20 15:41:05] D2BS 12912: move retry 1
[10/06/20 15:41:10] D2BS 12912: move retry 1
[10/06/20 15:41:13] D2BS 12912: move retry 1
[10/06/20 15:41:16] D2BS 12912: move retry 1
[10/06/20 15:41:24] D2BS 12912: move retry 1
[10/06/20 15:41:37] D2BS 12912: move retry 1
[10/06/20 15:41:40] D2BS 12912: AutoBuild: Stat points: 5      Skill points: 1
[10/06/20 15:41:40] D2BS 12912: AutoBuild: Level up detected ( 2 --> 3 )
[10/06/20 15:41:40] D2BS 12912: AutoBuild: useSkillPoint(): Frozen Armor (40)
[10/06/20 15:41:40] D2BS 12912: AutoBuild: Skill (1/1) Increased Frozen Armor (40) by one (level:  1)
[10/06/20 15:41:41] D2BS 12912: AutoBuild: useStatPoint(0): Strength
[10/06/20 15:41:41] D2BS 12912: AutoBuild: Stat (1/5) Increased Strength from 11 to 12
[10/06/20 15:41:41] D2BS 12912: AutoBuild: useStatPoint(1): Energy
[10/06/20 15:41:41] D2BS 12912: AutoBuild: Stat (2/5) Increased Energy from 37 to 38
[10/06/20 15:41:41] D2BS 12912: AutoBuild: useStatPoint(1): Energy
[10/06/20 15:41:41] D2BS 12912: AutoBuild: Stat (3/5) Increased Energy from 38 to 39
[10/06/20 15:41:41] D2BS 12912: AutoBuild: useStatPoint(3): Vitality
[10/06/20 15:41:41] D2BS 12912: AutoBuild: Stat (4/5) Increased Vitality from 12 to 13
[10/06/20 15:41:41] D2BS 12912: AutoBuild: useStatPoint(3): Vitality
[10/06/20 15:41:41] D2BS 12912: AutoBuild: Stat (5/5) Increased Vitality from 13 to 14
[10/06/20 15:41:41] D2BS 12912: Updating Config from level 2 to 3
[10/06/20 15:41:41] D2BS 12912: AutoBuild: Updating Config from level 2 to 3
[10/06/20 15:41:41] D2BS 12912: Updating Config from level 2 to 3
[10/06/20 15:41:41] D2BS 12912: Updating Config from level 2 to 3
[10/06/20 15:41:41] D2BS 12912: Updating Config from level 2 to 3
[10/06/20 15:41:41] D2BS 12912: AutoBuild: Incrementing cached character level to 3
[10/06/20 15:42:00] D2BS 12912: ÿc7Picked up ÿc3Minor Mana Potion ÿc0(ilvl 1) (EarlyGame.nip #31)
[10/06/20 15:42:10] D2BS 12912: ÿc7Picked up ÿc43 Gold
[10/06/20 15:42:15] D2BS 12912: ÿc7Picked up ÿc44 Gold
[10/06/20 15:42:47] D2BS 12912: move retry 1
[10/06/20 15:42:50] D2BS 12912: move retry 1
[10/06/20 15:43:13] D2BS 12912: AutoBuild: Stat points: 5      Skill points: 1
[10/06/20 15:43:13] D2BS 12912: AutoBuild: Level up detected ( 3 --> 4 )
[10/06/20 15:43:13] D2BS 12912: AutoBuild: useSkillPoint(): Fire Bolt (36)
[10/06/20 15:43:13] D2BS 12912: AutoBuild: Skill (1/1) Increased Fire Bolt (36) by one (level:  2)
[10/06/20 15:43:14] D2BS 12912: AutoBuild: useStatPoint(0): Strength
[10/06/20 15:43:14] D2BS 12912: AutoBuild: Stat (1/5) Increased Strength from 12 to 13
[10/06/20 15:43:14] D2BS 12912: AutoBuild: useStatPoint(1): Energy
[10/06/20 15:43:14] D2BS 12912: AutoBuild: Stat (2/5) Increased Energy from 39 to 40
[10/06/20 15:43:14] D2BS 12912: AutoBuild: useStatPoint(1): Energy
[10/06/20 15:43:14] D2BS 12912: AutoBuild: Stat (3/5) Increased Energy from 40 to 41
[10/06/20 15:43:14] D2BS 12912: AutoBuild: useStatPoint(3): Vitality
[10/06/20 15:43:14] D2BS 12912: AutoBuild: Stat (4/5) Increased Vitality from 14 to 15
[10/06/20 15:43:14] D2BS 12912: AutoBuild: useStatPoint(3): Vitality
[10/06/20 15:43:14] D2BS 12912: AutoBuild: Stat (5/5) Increased Vitality from 15 to 16
[10/06/20 15:43:14] D2BS 12912: AutoBuild: Updating Config from level 3 to 4
[10/06/20 15:43:14] D2BS 12912: Updating Config from level 3 to 4
[10/06/20 15:43:14] D2BS 12912: Updating Config from level 3 to 4
[10/06/20 15:43:14] D2BS 12912: Updating Config from level 3 to 4
[10/06/20 15:43:14] D2BS 12912: Updating Config from level 3 to 4
[10/06/20 15:43:14] D2BS 12912: AutoBuild: Incrementing cached character level to 4
[10/06/20 15:43:26] D2BS 12912: ÿc7Picked up ÿc3Minor Mana Potion ÿc0(ilvl 1) (EarlyGame.nip #31)
[10/06/20 15:44:15] D2BS 12912: move retry 1
[10/06/20 15:44:17] D2BS 12912: move retry 1
[10/06/20 15:48:01] D2BS 12912: Script default.dbj ended
[10/06/20 15:48:01] D2BS 12912: Script tools\autobuildthread.js ended
[10/06/20 15:48:01] D2BS 12912: Script tools\party.js ended
[10/06/20 15:48:01] D2BS 12912: Script tools\toolsthread.js ended
[10/06/20 15:48:01] D2BS 12912: Script tools\townchicken.js ended
[10/06/20 15:48:07] D2BS 12912: ÿc2D2BSÿc0 :: Starting default.dbj
[10/06/20 15:48:07] D2BS 12912: ÿc2D2BSÿc0 :: default.dbj running.
[10/06/20 15:48:08] D2BS 12912: AutoBuild: Including build template config/builds/sorceress.fire.js into default.dbj
[10/06/20 15:48:08] D2BS 12912: Updating Config from level 0 to 4
[10/06/20 15:48:08] D2BS 12912: ÿc4Loaded NIP: ÿc2LateGame.nipÿc4. Lines: ÿc277ÿc4. Valid entries: ÿc250. ÿc4Time: ÿc20 ms
[10/06/20 15:48:08] D2BS 12912: ÿc4Loaded NIP: ÿc2MidGame.nipÿc4. Lines: ÿc257ÿc4. Valid entries: ÿc234. ÿc4Time: ÿc20 ms
[10/06/20 15:48:08] D2BS 12912: ÿc4Loaded NIP: ÿc2EarlyGame.nipÿc4. Lines: ÿc234ÿc4. Valid entries: ÿc216. ÿc4Time: ÿc20 ms
[10/06/20 15:48:08] D2BS 12912: ÿc4Loaded NIP: ÿc2FireRunes.nipÿc4. Lines: ÿc223ÿc4. Valid entries: ÿc212. ÿc4Time: ÿc20 ms
[10/06/20 15:48:08] D2BS 12912: ÿc4Loaded NIP: ÿc2Fire.xpac.nipÿc4. Lines: ÿc2128ÿc4. Valid entries: ÿc2101. ÿc4Time: ÿc216 ms
[10/06/20 15:48:08] D2BS 12912: ÿc4Loaded NIP: ÿc2Merc.xpac.nipÿc4. Lines: ÿc267ÿc4. Valid entries: ÿc249. ÿc4Time: ÿc20 ms
[10/06/20 15:48:08] D2BS 12912: AutoBuild: Including build template config/builds/sorceress.fire.js into tools\autobuildthread.js
[10/06/20 15:48:08] D2BS 12912: Updating Config from level 0 to 4
[10/06/20 15:48:08] D2BS 12912: AutoBuild: Loaded helper thread
[10/06/20 15:48:08] D2BS 12912: ÿc2Starting script: ÿc9LevelFollower
[10/06/20 15:48:08] D2BS 12912: AutoBuild: Including build template config/builds/sorceress.fire.js into tools\party.js
[10/06/20 15:48:08] D2BS 12912: Updating Config from level 0 to 4
[10/06/20 15:48:08] D2BS 12912: ÿc2Party thread loaded. Mode: Accept
[10/06/20 15:48:08] D2BS 12912: AutoBuild: Including build template config/builds/sorceress.fire.js into tools\townchicken.js
[10/06/20 15:48:08] D2BS 12912: Updating Config from level 0 to 4
[10/06/20 15:48:08] D2BS 12912: ÿc3Start ToolsThread script
[10/06/20 15:48:08] D2BS 12912: AutoBuild: Including build template config/builds/sorceress.fire.js into tools\toolsthread.js
[10/06/20 15:48:08] D2BS 12912: Updating Config from level 0 to 4
[10/06/20 15:48:38] D2BS 12912: initNPC: BuyPotions
[10/06/20 15:48:43] D2BS 12912: move retry 1
[10/06/20 15:49:02] D2BS 12912: waypoint retry 1
[10/06/20 15:49:04] D2BS 12912: 1,2
[10/06/20 15:49:25] D2BS 12912: ÿc7Picked up ÿc3Light Mana Potion ÿc0(ilvl 1) (EarlyGame.nip #33)
[10/06/20 15:49:33] D2BS 12912: 2,8
[10/06/20 15:50:02] D2BS 12912: ÿc7Picked up ÿc44 Gold
[10/06/20 15:50:08] D2BS 12912: ÿc7Picked up ÿc410 Gold
[10/06/20 15:50:14] D2BS 12912: move retry 1
[10/06/20 15:50:16] D2BS 12912: move retry 1
[10/06/20 15:50:26] D2BS 12912: ÿc7Picked up ÿc45 Gold
[10/06/20 15:50:40] D2BS 12912: move retry 1
[10/06/20 15:50:46] D2BS 12912: move retry 1
[10/06/20 15:50:53] D2BS 12912: move retry 1
[10/06/20 15:50:55] D2BS 12912: move retry 1
[10/06/20 15:51:16] D2BS 12912: ÿc7Picked up ÿc410 Gold
[10/06/20 15:51:23] D2BS 12912: ÿc7Picked up ÿc43 Gold
[10/06/20 15:52:01] D2BS 12912: move retry 1
[10/06/20 15:52:20] D2BS 12912: move retry 1
[10/06/20 15:52:29] D2BS 12912: move retry 1
[10/06/20 15:52:41] D2BS 12912: AutoBuild: Stat points: 5      Skill points: 2
[10/06/20 15:52:41] D2BS 12912: AutoBuild: Level up detected ( 4 --> 5 )
[10/06/20 15:52:41] D2BS 12912: AutoBuild: useSkillPoint(): Charged Bolt (38)
[10/06/20 15:52:41] D2BS 12912: AutoBuild: Skill (1/1) Increased Charged Bolt (38) by one (level:  1)
[10/06/20 15:52:42] D2BS 12912: AutoBuild: useStatPoint(0): Strength
[10/06/20 15:52:42] D2BS 12912: AutoBuild: Stat (1/5) Increased Strength from 13 to 14
[10/06/20 15:52:42] D2BS 12912: AutoBuild: useStatPoint(1): Energy
[10/06/20 15:52:42] D2BS 12912: AutoBuild: Stat (2/5) Increased Energy from 41 to 42
[10/06/20 15:52:42] D2BS 12912: AutoBuild: useStatPoint(1): Energy
[10/06/20 15:52:42] D2BS 12912: AutoBuild: Attempt to spend point 3 in Energy may have failed!
[10/06/20 15:52:42] D2BS 12912: AutoBuild: useStatPoint(3): Vitality
[10/06/20 15:52:42] D2BS 12912: AutoBuild: Stat (4/5) Increased Vitality from 16 to 17
[10/06/20 15:52:42] D2BS 12912: AutoBuild: useStatPoint(3): Vitality
[10/06/20 15:52:42] D2BS 12912: AutoBuild: Stat (5/5) Increased Vitality from 17 to 18
[10/06/20 15:52:42] D2BS 12912: Updating Config from level 4 to 5
[10/06/20 15:52:42] D2BS 12912: AutoBuild: Updating Config from level 4 to 5
[10/06/20 15:52:42] D2BS 12912: Updating Config from level 4 to 5
[10/06/20 15:52:42] D2BS 12912: Updating Config from level 4 to 5
[10/06/20 15:52:42] D2BS 12912: Updating Config from level 4 to 5
[10/06/20 15:52:42] D2BS 12912: AutoBuild: Incrementing cached character level to 5
[10/06/20 15:52:44] D2BS 12912: ÿc7Picked up ÿc412 Gold
[10/06/20 15:52:48] D2BS 12912: ÿc7Picked up ÿc1Light Healing Potion ÿc0(ilvl 1) (EarlyGame.nip #34)
[10/06/20 15:52:58] D2BS 12912: ÿc7Picked up ÿc423 Gold
[10/06/20 15:52:59] D2BS 12912: move retry 1
[10/06/20 15:53:52] D2BS 12912: 8,2
[10/06/20 15:54:21] D2BS 12912: 2,3
[10/06/20 15:55:19] D2BS 12912: ÿc7Picked up ÿc42 Gold
[10/06/20 15:55:35] D2BS 12912: 3
[10/06/20 15:55:53] D2BS 12912: ÿc7Picked up ÿc42 Gold
[10/06/20 15:56:07] D2BS 12912: move retry 1
[10/06/20 15:56:44] D2BS 12912: ÿc1Skipping Fallen Shaman 156 16
[10/06/20 15:56:48] D2BS 12912: ÿc1Error in ÿc0LevelFollower ÿc1(pather.js line ÿc11045): ÿc1makePortal: No TP tomes.
[10/06/20 15:56:48] D2BS 12912: ÿc8Run duration ÿc2521.25
[10/06/20 15:56:48] D2BS 12912: Script tools\autobuildthread.js ended
[10/06/20 15:56:48] D2BS 12912: Script tools\party.js ended
[10/06/20 15:56:48] D2BS 12912: Script tools\townchicken.js ended
[10/06/20 15:56:55] D2BS 12912: ÿc2D2BSÿc0 :: Starting default.dbj
[10/06/20 15:56:55] D2BS 12912: ÿc2D2BSÿc0 :: default.dbj running.
[10/06/20 15:56:55] D2BS 12912: AutoBuild: Including build template config/builds/sorceress.fire.js into default.dbj
[10/06/20 15:56:55] D2BS 12912: Updating Config from level 0 to 5
[10/06/20 15:56:55] D2BS 12912: ÿc4Loaded NIP: ÿc2LateGame.nipÿc4. Lines: ÿc277ÿc4. Valid entries: ÿc250. ÿc4Time: ÿc20 ms
[10/06/20 15:56:55] D2BS 12912: ÿc4Loaded NIP: ÿc2MidGame.nipÿc4. Lines: ÿc257ÿc4. Valid entries: ÿc234. ÿc4Time: ÿc20 ms
[10/06/20 15:56:55] D2BS 12912: ÿc4Loaded NIP: ÿc2EarlyGame.nipÿc4. Lines: ÿc234ÿc4. Valid entries: ÿc216. ÿc4Time: ÿc20 ms
[10/06/20 15:56:55] D2BS 12912: ÿc4Loaded NIP: ÿc2FireRunes.nipÿc4. Lines: ÿc223ÿc4. Valid entries: ÿc212. ÿc4Time: ÿc20 ms
[10/06/20 15:56:55] D2BS 12912: ÿc4Loaded NIP: ÿc2Fire.xpac.nipÿc4. Lines: ÿc2128ÿc4. Valid entries: ÿc2101. ÿc4Time: ÿc215 ms
[10/06/20 15:56:55] D2BS 12912: ÿc4Loaded NIP: ÿc2Merc.xpac.nipÿc4. Lines: ÿc267ÿc4. Valid entries: ÿc249. ÿc4Time: ÿc20 ms
[10/06/20 15:56:55] D2BS 12912: AutoBuild: Including build template config/builds/sorceress.fire.js into tools\autobuildthread.js
[10/06/20 15:56:55] D2BS 12912: Updating Config from level 0 to 5
[10/06/20 15:56:55] D2BS 12912: AutoBuild: Loaded helper thread
[10/06/20 15:56:55] D2BS 12912: ÿc2Starting script: ÿc9LevelFollower
[10/06/20 15:56:55] D2BS 12912: AutoBuild: Including build template config/builds/sorceress.fire.js into tools\party.js
[10/06/20 15:56:55] D2BS 12912: Updating Config from level 0 to 5
[10/06/20 15:56:55] D2BS 12912: ÿc2Party thread loaded. Mode: Accept
[10/06/20 15:56:55] D2BS 12912: ÿc3Start ToolsThread script
[10/06/20 15:56:55] D2BS 12912: AutoBuild: Including build template config/builds/sorceress.fire.js into tools\townchicken.js
[10/06/20 15:56:55] D2BS 12912: AutoBuild: Including build template config/builds/sorceress.fire.js into tools\toolsthread.js
[10/06/20 15:56:55] D2BS 12912: Updating Config from level 0 to 5
[10/06/20 15:56:55] D2BS 12912: Updating Config from level 0 to 5
[10/06/20 15:57:13] D2BS 12912: initNPC: heal
[10/06/20 15:57:19] D2BS 12912: initNPC: BuyPotions
[10/06/20 15:57:48] D2BS 12912: ÿc7Picked up ÿc44 Gold
[10/06/20 15:57:49] D2BS 12912: ÿc7Picked up ÿc3Light Mana Potion ÿc0(ilvl 1) (EarlyGame.nip #33)
[10/06/20 15:58:21] D2BS 12912: ÿc7Picked up ÿc42 Gold
[10/06/20 15:58:37] D2BS 12912: ÿc7Picked up ÿc45 Gold
[10/06/20 15:58:54] D2BS 12912: move retry 1
[10/06/20 15:59:00] D2BS 12912: ÿc7Picked up ÿc410 Gold
[10/06/20 15:59:39] D2BS 12912: AutoBuild: Stat points: 5      Skill points: 2
[10/06/20 15:59:39] D2BS 12912: AutoBuild: Level up detected ( 5 --> 6 )
[10/06/20 15:59:39] D2BS 12912: AutoBuild: useSkillPoint(): Static Field (42)
[10/06/20 15:59:39] D2BS 12912: AutoBuild: Skill (1/1) Increased Static Field (42) by one (level:  1)
[10/06/20 15:59:39] D2BS 12912: AutoBuild: useStatPoint(0): Strength
[10/06/20 15:59:39] D2BS 12912: AutoBuild: Stat (1/5) Increased Strength from 14 to 15
[10/06/20 15:59:39] D2BS 12912: AutoBuild: useStatPoint(1): Energy
[10/06/20 15:59:39] D2BS 12912: AutoBuild: Stat (2/5) Increased Energy from 43 to 44
[10/06/20 15:59:39] D2BS 12912: AutoBuild: useStatPoint(1): Energy
[10/06/20 15:59:39] D2BS 12912: AutoBuild: Stat (3/5) Increased Energy from 44 to 45
[10/06/20 15:59:39] D2BS 12912: AutoBuild: useStatPoint(3): Vitality
[10/06/20 15:59:39] D2BS 12912: AutoBuild: Stat (4/5) Increased Vitality from 18 to 19
[10/06/20 15:59:39] D2BS 12912: AutoBuild: useStatPoint(3): Vitality
[10/06/20 15:59:39] D2BS 12912: AutoBuild: Stat (5/5) Increased Vitality from 19 to 20
[10/06/20 15:59:39] D2BS 12912: Updating Config from level 5 to 6
[10/06/20 15:59:39] D2BS 12912: Updating Config from level 5 to 6
[10/06/20 15:59:39] D2BS 12912: AutoBuild: Updating Config from level 5 to 6
[10/06/20 15:59:39] D2BS 12912: Updating Config from level 5 to 6
[10/06/20 15:59:39] D2BS 12912: Updating Config from level 5 to 6
[10/06/20 15:59:39] D2BS 12912: AutoBuild: Incrementing cached character level to 6
[10/06/20 15:59:41] D2BS 12912: move retry 1
[10/06/20 15:59:47] D2BS 12912: ÿc7Picked up ÿc47 Gold
[10/06/20 15:59:50] D2BS 12912: ÿc1Error in ÿc0LevelFollower ÿc1(pather.js line ÿc11045): ÿc1makePortal: No TP tomes.
[10/06/20 15:59:50] D2BS 12912: ÿc8Run duration ÿc2175.782
[10/06/20 15:59:51] D2BS 12912: Script tools\autobuildthread.js ended
[10/06/20 15:59:51] D2BS 12912: Script tools\party.js ended
[10/06/20 15:59:51] D2BS 12912: Script tools\townchicken.js ended
[10/06/20 15:59:57] D2BS 12912: ÿc2D2BSÿc0 :: Starting default.dbj
[10/06/20 15:59:57] D2BS 12912: ÿc2D2BSÿc0 :: default.dbj running.
[10/06/20 15:59:57] D2BS 12912: AutoBuild: Including build template config/builds/sorceress.fire.js into default.dbj
[10/06/20 15:59:57] D2BS 12912: Updating Config from level 0 to 6
[10/06/20 15:59:57] D2BS 12912: ÿc4Loaded NIP: ÿc2LateGame.nipÿc4. Lines: ÿc277ÿc4. Valid entries: ÿc250. ÿc4Time: ÿc20 ms
[10/06/20 15:59:57] D2BS 12912: ÿc4Loaded NIP: ÿc2MidGame.nipÿc4. Lines: ÿc257ÿc4. Valid entries: ÿc234. ÿc4Time: ÿc20 ms
[10/06/20 15:59:57] D2BS 12912: ÿc4Loaded NIP: ÿc2EarlyGame.nipÿc4. Lines: ÿc234ÿc4. Valid entries: ÿc216. ÿc4Time: ÿc20 ms
[10/06/20 15:59:57] D2BS 12912: ÿc4Loaded NIP: ÿc2FireRunes.nipÿc4. Lines: ÿc223ÿc4. Valid entries: ÿc212. ÿc4Time: ÿc20 ms
[10/06/20 15:59:57] D2BS 12912: ÿc4Loaded NIP: ÿc2Fire.xpac.nipÿc4. Lines: ÿc2128ÿc4. Valid entries: ÿc2101. ÿc4Time: ÿc216 ms
[10/06/20 15:59:57] D2BS 12912: ÿc4Loaded NIP: ÿc2Merc.xpac.nipÿc4. Lines: ÿc267ÿc4. Valid entries: ÿc249. ÿc4Time: ÿc20 ms
[10/06/20 15:59:57] D2BS 12912: AutoBuild: Including build template config/builds/sorceress.fire.js into tools\autobuildthread.js
[10/06/20 15:59:57] D2BS 12912: Updating Config from level 0 to 6
[10/06/20 15:59:57] D2BS 12912: AutoBuild: Loaded helper thread
[10/06/20 15:59:58] D2BS 12912: ÿc2Starting script: ÿc9LevelFollower
[10/06/20 15:59:58] D2BS 12912: AutoBuild: Including build template config/builds/sorceress.fire.js into tools\party.js
[10/06/20 15:59:58] D2BS 12912: Updating Config from level 0 to 6
[10/06/20 15:59:58] D2BS 12912: ÿc2Party thread loaded. Mode: Accept
[10/06/20 15:59:58] D2BS 12912: AutoBuild: Including build template config/builds/sorceress.fire.js into tools\townchicken.js
[10/06/20 15:59:58] D2BS 12912: ÿc3Start ToolsThread script
[10/06/20 15:59:58] D2BS 12912: Updating Config from level 0 to 6
[10/06/20 15:59:58] D2BS 12912: AutoBuild: Including build template config/builds/sorceress.fire.js into tools\toolsthread.js
[10/06/20 15:59:58] D2BS 12912: Updating Config from level 0 to 6
[10/06/20 16:00:15] D2BS 12912: initNPC: heal
[10/06/20 16:00:28] D2BS 12912: initNPC: BuyPotions
[10/06/20 16:01:42] D2BS 12912: ÿc7Picked up ÿc42 Gold
[10/06/20 16:01:45] D2BS 12912: ÿc7Picked up ÿc3Light Mana Potion ÿc0(ilvl 1) (EarlyGame.nip #33)
[10/06/20 16:01:51] D2BS 12912: ÿc7Picked up ÿc411 Gold
[10/06/20 16:01:54] D2BS 12912: ÿc7Picked up ÿc3Light Mana Potion ÿc0(ilvl 1) (EarlyGame.nip #33)
[10/06/20 16:02:03] D2BS 12912: ÿc7Picked up ÿc41 Gold
[10/06/20 16:03:05] D2BS 12912: ÿc7Picked up ÿc41 Gold
[10/06/20 16:03:17] D2BS 12912: move retry 1
[10/06/20 16:03:37] D2BS 12912: move retry 1
[10/06/20 16:03:44] D2BS 12912: move retry 1
[10/06/20 16:03:55] D2BS 12912: ÿc7Picked up ÿc44 Gold
[10/06/20 16:04:02] D2BS 12912: move retry 1
[10/06/20 16:04:28] D2BS 12912: ÿc7Picked up ÿc45 Gold
[10/06/20 16:04:34] D2BS 12912: ÿc7Picked up ÿc44 Gold
[10/06/20 16:04:34] D2BS 12912: ÿc7Picked up ÿc44 Gold
[10/06/20 16:04:43] D2BS 12912: ÿc7Picked up ÿc0Quilted Armor ÿc0(ilvl 4) (Fire.xpac.nip #51)
[10/06/20 16:04:46] D2BS 12912: move retry 1
[10/06/20 16:04:46] D2BS 12912: ÿc7Picked up ÿc41 Gold
[10/06/20 16:05:30] D2BS 12912: move retry 1
[10/06/20 16:05:36] D2BS 12912: move retry 1
[10/06/20 16:05:38] D2BS 12912: move retry 1
[10/06/20 16:06:58] D2BS 12912: move retry 1
[10/06/20 16:07:20] D2BS 12912: ÿc7Picked up ÿc0Crude Scepter ÿc0(ilvl 2)
[10/06/20 16:07:33] D2BS 12912: move retry 1
[10/06/20 16:07:35] D2BS 12912: move retry 1
[10/06/20 16:07:49] D2BS 12912: move retry 1
[10/06/20 16:09:01] D2BS 12912: move retry 1
[10/06/20 16:09:07] D2BS 12912: move retry 1
[10/06/20 16:09:15] D2BS 12912: move retry 1
[10/06/20 16:09:37] D2BS 12912: move retry 1
[10/06/20 16:10:55] D2BS 12912: 3,17
