[10/05/20 21:56:43] D2BS 5828: D2BS Engine startup complete. 1.6.4U
[10/05/20 21:56:43] D2BS 5828: Singer
[10/05/20 21:56:43] D2BS 5828: ÿc2D2BSÿc0 :: Switched to profile Singer
[10/05/20 21:56:43] D2BS 5828: ÿc2D2BSÿc0 :: Engine startup complete!
[10/05/20 21:56:43] D2BS 5828: ÿc2D2BSÿc0 :: Starting D2BotLanLead.dbj
[10/05/20 21:56:43] D2BS 5828: ÿc2D2BSÿc0 :: D2BotLanLead.dbj running.
[10/05/20 21:56:43] D2BS 5828: ÿc2D2BSÿc0 :: Started Console Script
[10/05/20 21:56:45] D2BS 5828: Heartbeat loaded
[10/05/20 21:56:46] D2BS 5828: 0
[10/05/20 21:56:47] D2BS 5828: 0
[10/05/20 21:56:48] D2BS 5828: 0
[10/05/20 21:56:49] D2BS 5828: 0
[10/05/20 21:56:50] D2BS 5828: 0
[10/05/20 21:56:51] D2BS 5828: 0
[10/05/20 21:56:52] D2BS 5828: 0
[10/05/20 21:56:53] D2BS 5828: 39
[10/05/20 21:56:55] D2BS 5828: 40
[10/05/20 21:56:56] D2BS 5828: 12
[10/05/20 21:56:59] D2BS 5828: ÿc2D2BSÿc0 :: Starting default.dbj
[10/05/20 21:56:59] D2BS 5828: ÿc2D2BSÿc0 :: default.dbj running.
[10/05/20 21:56:59] D2BS 5828: AutoBuild: Including build template config/builds/barbarian.singer.js into default.dbj
[10/05/20 21:56:59] D2BS 5828: Updating Config from level 0 to 1
[10/05/20 21:56:59] D2BS 5828: ÿc4Loaded NIP: ÿc2LateGame.nipÿc4. Lines: ÿc277ÿc4. Valid entries: ÿc250. ÿc4Time: ÿc20 ms
[10/05/20 21:56:59] D2BS 5828: ÿc4Loaded NIP: ÿc2MidGame.nipÿc4. Lines: ÿc257ÿc4. Valid entries: ÿc234. ÿc4Time: ÿc20 ms
[10/05/20 21:56:59] D2BS 5828: ÿc4Loaded NIP: ÿc2EarlyGame.nipÿc4. Lines: ÿc234ÿc4. Valid entries: ÿc216. ÿc4Time: ÿc20 ms
[10/05/20 21:56:59] D2BS 5828: ÿc4Loaded NIP: ÿc2SingerRunes.nipÿc4. Lines: ÿc221ÿc4. Valid entries: ÿc210. ÿc4Time: ÿc20 ms
[10/05/20 21:56:59] D2BS 5828: ÿc4Loaded NIP: ÿc2Singer.xpac.nipÿc4. Lines: ÿc2124ÿc4. Valid entries: ÿc2107. ÿc4Time: ÿc20 ms
[10/05/20 21:56:59] D2BS 5828: ÿc4Loaded NIP: ÿc2Merc.xpac.nipÿc4. Lines: ÿc267ÿc4. Valid entries: ÿc249. ÿc4Time: ÿc215 ms
[10/05/20 21:56:59] D2BS 5828: AutoBuild: Including build template config/builds/barbarian.singer.js into tools\autobuildthread.js
[10/05/20 21:56:59] D2BS 5828: Updating Config from level 0 to 1
[10/05/20 21:56:59] D2BS 5828: AutoBuild: Loaded helper thread
[10/05/20 21:56:59] D2BS 5828: ÿc2Starting script: ÿc9LevelLeader
[10/05/20 21:56:59] D2BS 5828: AutoBuild: Including build template config/builds/barbarian.singer.js into tools\party.js
[10/05/20 21:56:59] D2BS 5828: Updating Config from level 0 to 1
[10/05/20 21:56:59] D2BS 5828: ÿc2Party thread loaded. Mode: Invite
[10/05/20 21:56:59] D2BS 5828: ÿc3Start ToolsThread script
[10/05/20 21:56:59] D2BS 5828: AutoBuild: Including build template config/builds/barbarian.singer.js into tools\toolsthread.js
[10/05/20 21:56:59] D2BS 5828: AutoBuild: Including build template config/builds/barbarian.singer.js into tools\townchicken.js
[10/05/20 21:56:59] D2BS 5828: Updating Config from level 0 to 1
[10/05/20 21:56:59] D2BS 5828: Updating Config from level 0 to 1
[10/05/20 21:57:00] D2BS 5828: Updating Status
[10/05/20 21:57:17] D2BS 5828: 1,2
[10/05/20 21:57:26] D2BS 5828: Failed to make portal
