[09/17/20 11:04:37] D2BS 24564: D2BS Engine startup complete. 1.6.4U
[09/17/20 11:04:37] D2BS 24564: ÿc2D2BSÿc0 :: Switched to profile Singer
[09/17/20 11:04:37] D2BS 24564: ÿc2D2BSÿc0 :: Engine startup complete!
[09/17/20 11:04:37] D2BS 24564: ÿc2D2BSÿc0 :: Starting D2BotLanLead.dbj
[09/17/20 11:04:37] D2BS 24564: ÿc2D2BSÿc0 :: D2BotLanLead.dbj running.
[09/17/20 11:04:37] D2BS 24564: ÿc2D2BSÿc0 :: Started Console Script
[09/17/20 11:04:37] D2BS 24564: Singer
[09/17/20 11:04:42] D2BS 24564: Heartbeat loaded
[09/17/20 11:04:43] D2BS 24564: 0
[09/17/20 11:04:44] D2BS 24564: 0
[09/17/20 11:04:45] D2BS 24564: 0
[09/17/20 11:04:46] D2BS 24564: 0
[09/17/20 11:04:47] D2BS 24564: 0
[09/17/20 11:04:48] D2BS 24564: 39
[09/17/20 11:04:49] D2BS 24564: 40
[09/17/20 11:04:52] D2BS 24564: 42
[09/17/20 11:04:57] D2BS 24564: Error: Failed to click the 'TCP/IP Game' button? null
[09/17/20 11:04:57] D2BS 24564: Updating Status
[09/17/20 11:04:57] D2BS 24564: ÿc2D2BSÿc0 :: Starting default.dbj
[09/17/20 11:04:57] D2BS 24564: ÿc2D2BSÿc0 :: default.dbj running.
[09/17/20 11:04:57] D2BS 24564: AutoBuild: Including build template config/builds/barbarian.singer.js into default.dbj
[09/17/20 11:04:57] D2BS 24564: Updating Config from level 0 to 60
[09/17/20 11:04:57] D2BS 24564: ÿc4Loaded NIP: ÿc2LateGame.nipÿc4. Lines: ÿc277ÿc4. Valid entries: ÿc250. ÿc4Time: ÿc20 ms
[09/17/20 11:04:57] D2BS 24564: ÿc4Loaded NIP: ÿc2MidGame.nipÿc4. Lines: ÿc254ÿc4. Valid entries: ÿc233. ÿc4Time: ÿc20 ms
[09/17/20 11:04:57] D2BS 24564: ÿc4Loaded NIP: ÿc2SingerRunes.nipÿc4. Lines: ÿc221ÿc4. Valid entries: ÿc210. ÿc4Time: ÿc216 ms
[09/17/20 11:04:57] D2BS 24564: ÿc4Loaded NIP: ÿc2Singer.xpac.nipÿc4. Lines: ÿc2120ÿc4. Valid entries: ÿc2103. ÿc4Time: ÿc20 ms
[09/17/20 11:04:57] D2BS 24564: ÿc4Loaded NIP: ÿc2Merc.xpac.nipÿc4. Lines: ÿc230ÿc4. Valid entries: ÿc220. ÿc4Time: ÿc216 ms
[09/17/20 11:04:57] D2BS 24564: AutoBuild: Including build template config/builds/barbarian.singer.js into tools\autobuildthread.js
[09/17/20 11:04:57] D2BS 24564: Updating Config from level 0 to 60
[09/17/20 11:04:57] D2BS 24564: AutoBuild: Loaded helper thread
[09/17/20 11:04:57] D2BS 24564: ÿc2Starting script: ÿc9LevelLeader
[09/17/20 11:04:57] D2BS 24564: AutoBuild: Including build template config/builds/barbarian.singer.js into tools\party.js
[09/17/20 11:04:57] D2BS 24564: Updating Config from level 0 to 60
[09/17/20 11:04:57] D2BS 24564: ÿc2Party thread loaded. Mode: Invite
[09/17/20 11:04:57] D2BS 24564: AutoBuild: Including build template config/builds/barbarian.singer.js into tools\townchicken.js
[09/17/20 11:04:57] D2BS 24564: Updating Config from level 0 to 60
[09/17/20 11:04:57] D2BS 24564: ÿc3Start ToolsThread script
[09/17/20 11:04:57] D2BS 24564: AutoBuild: Including build template config/builds/barbarian.singer.js into tools\toolsthread.js
[09/17/20 11:04:57] D2BS 24564: Updating Config from level 0 to 60
[09/17/20 11:05:02] D2BS 24564: initNPC: identify
[09/17/20 11:05:14] D2BS 24564: ÿc4MiniShopBotÿc0: Scanning 55 items.
[09/17/20 11:05:14] D2BS 24564: initNPC: buyPotions
[09/17/20 11:05:25] D2BS 24564: 106
[09/17/20 11:06:24] D2BS 24564: ÿc1Skipping Damned 26 16
[09/17/20 11:06:35] D2BS 24564: ÿc1Skipping Damned 27 16
[09/17/20 11:06:43] D2BS 24564: ÿc1Skipping Damned 24 16
[09/17/20 11:06:50] D2BS 24564: ÿc1Skipping Damned 25 16
[09/17/20 11:07:00] D2BS 24564: ÿc1Skipping Corpse Spitter 31 16
[09/17/20 11:07:10] D2BS 24564: ÿc1Skipping Corpse Spitter 32 16
[09/17/20 11:07:11] D2BS 24564: ÿc7Picked up ÿc3Long Sword ÿc0(ilvl 57) (Singer.xpac.nip #2)
[09/17/20 11:07:21] D2BS 24564: ÿc7Picked up ÿc3Ring ÿc0(ilvl 57) (Singer.xpac.nip #95)
[09/17/20 11:07:26] D2BS 24564: ÿc7Picked up ÿc4413 Gold
[09/17/20 11:10:00] D2BS 24564: ÿc1Pausing.
[09/17/20 11:10:01] D2BS 24564: initNPC: heal
[09/17/20 11:10:05] D2BS 24564: initNPC: identify
[09/17/20 11:10:09] D2BS 24564: ÿc4MiniShopBotÿc0: Scanning 57 items.
[09/17/20 11:10:10] D2BS 24564: initNPC: buyPotions
[09/17/20 11:10:17] D2BS 24564: initNPC: reviveMerc
[09/17/20 11:10:27] D2BS 24564: ÿc2Resuming.
[09/17/20 11:10:32] D2BS 24564: AutoBuild: Stat points: 5      Skill points: 1
[09/17/20 11:10:32] D2BS 24564: AutoBuild: Level up detected ( 60 --> 61 )
[09/17/20 11:10:32] D2BS 24564: AutoBuild: useSkillPoint(): War Cry (154)
[09/17/20 11:10:33] D2BS 24564: AutoBuild: Skill (1/1) Increased War Cry (154) by one (level:  20)
[09/17/20 11:10:33] D2BS 24564: AutoBuild: useStatPoint(0): Strength
[09/17/20 11:10:33] D2BS 24564: AutoBuild: Stat (1/5) Increased Strength from 88 to 89
[09/17/20 11:10:33] D2BS 24564: AutoBuild: useStatPoint(3): Vitality
[09/17/20 11:10:33] D2BS 24564: AutoBuild: Stat (2/5) Increased Vitality from 267 to 268
[09/17/20 11:10:33] D2BS 24564: AutoBuild: useStatPoint(3): Vitality
[09/17/20 11:10:33] D2BS 24564: AutoBuild: Stat (3/5) Increased Vitality from 268 to 269
[09/17/20 11:10:33] D2BS 24564: AutoBuild: useStatPoint(3): Vitality
[09/17/20 11:10:33] D2BS 24564: AutoBuild: Stat (4/5) Increased Vitality from 269 to 270
[09/17/20 11:10:33] D2BS 24564: AutoBuild: useStatPoint(3): Vitality
[09/17/20 11:10:33] D2BS 24564: AutoBuild: Stat (5/5) Increased Vitality from 270 to 271
[09/17/20 11:10:33] D2BS 24564: Updating Config from level 60 to 61
[09/17/20 11:10:33] D2BS 24564: Updating Config from level 60 to 61
[09/17/20 11:10:33] D2BS 24564: Updating Config from level 60 to 61
[09/17/20 11:10:33] D2BS 24564: Updating Config from level 60 to 61
[09/17/20 11:10:33] D2BS 24564: AutoBuild: Updating Config from level 60 to 61
[09/17/20 11:10:33] D2BS 24564: AutoBuild: Incrementing cached character level to 61
[09/17/20 11:11:17] D2BS 24564: ÿc1Skipping Dark Familiar 40 16
[09/17/20 11:11:22] D2BS 24564: ÿc1Skipping Dark Familiar 37 16
[09/17/20 11:11:28] D2BS 24564: ÿc1Skipping Dark Familiar 39 16
[09/17/20 11:11:41] D2BS 24564: ÿc1Skipping Dark Familiar 38 16
[09/17/20 11:11:47] D2BS 24564: ÿc1Skipping Dark Familiar 38 16
[09/17/20 11:11:52] D2BS 24564: ÿc1Skipping Dark Familiar 38 16
[09/17/20 11:12:07] D2BS 24564: ÿc1Skipping Corpse Spitter 236 16
[09/17/20 11:12:23] D2BS 24564: ÿc7Picked up ÿc3Amulet ÿc0(ilvl 57) (LateGame.nip #29)
[09/17/20 11:12:47] D2BS 24564: move retry 1
[09/17/20 11:12:48] D2BS 24564: move retry 2
[09/17/20 11:13:15] D2BS 24564: move retry 1
[09/17/20 11:13:29] D2BS 24564: move retry 1
[09/17/20 11:13:31] D2BS 24564: move retry 2
[09/17/20 11:14:04] D2BS 24564: move retry 1
[09/17/20 11:14:06] D2BS 24564: move retry 2
[09/17/20 11:14:15] D2BS 24564: ÿc7Picked up ÿc0Scroll of Town Portal ÿc7(16/20)
[09/17/20 11:14:26] D2BS 24564: move retry 1
[09/17/20 11:15:27] D2BS 24564: move retry 1
[09/17/20 11:16:01] D2BS 24564: move retry 1
[09/17/20 11:16:17] D2BS 24564: move retry 1
[09/17/20 11:16:35] D2BS 24564: ÿc7Picked up ÿc4267 Gold
[09/17/20 11:16:36] D2BS 24564: ÿc7Picked up ÿc0Scroll of Town Portal ÿc7(17/20)
[09/17/20 11:17:10] D2BS 24564: ÿc7Picked up ÿc4172 Gold
[09/17/20 11:17:48] D2BS 24564: ÿc7Picked up ÿc4103 Gold
[09/17/20 11:18:32] D2BS 24564: ÿc7Picked up ÿc4328 Gold
[09/17/20 11:19:18] D2BS 24564: move retry 1
[09/17/20 11:19:45] D2BS 24564: move retry 1
[09/17/20 11:19:47] D2BS 24564: move retry 2
[09/17/20 11:20:30] D2BS 24564: ÿc7Picked up ÿc1Super Healing Potion ÿc0(ilvl 1) (LateGame.nip #33)
[09/17/20 11:20:31] D2BS 24564: move retry 1
[09/17/20 11:20:32] D2BS 24564: ÿc7Picked up ÿc0Scroll of Town Portal ÿc7(18/20)
[09/17/20 11:20:47] D2BS 24564: ÿc7Picked up ÿc4241 Gold
[09/17/20 11:20:47] D2BS 24564: ÿc7Picked up ÿc4291 Gold
[09/17/20 11:20:49] D2BS 24564: ÿc7Picked up ÿc0Scroll of Town Portal ÿc7(19/20)
[09/17/20 11:23:31] D2BS 24564: ÿc7Picked up ÿc4552 Gold
[09/17/20 11:23:37] D2BS 24564: 106,107
[09/17/20 11:24:22] D2BS 24564: ÿc7Picked up ÿc0Scroll of Town Portal ÿc7(19/20)
[09/17/20 11:24:22] D2BS 24564: ÿc7Picked up ÿc4154 Gold
[09/17/20 11:24:34] D2BS 24564: ÿc1Skipping Pit Lord 533 16
[09/17/20 11:24:40] D2BS 24564: move retry 1
[09/17/20 11:24:43] D2BS 24564: ÿc7Picked up ÿc4413 Gold
[09/17/20 11:24:58] D2BS 24564: ÿc7Picked up ÿc1Greater Healing Potion ÿc0(ilvl 1) (MidGame.nip #23)
[09/17/20 11:25:09] D2BS 24564: move retry 1
[09/17/20 11:25:22] D2BS 24564: ÿc7Picked up ÿc4306 Gold
[09/17/20 11:25:59] D2BS 24564: ÿc1Skipping Pit Lord 598 16
[09/17/20 11:26:01] D2BS 24564: ÿc7Picked up ÿc470 Gold
[09/17/20 11:26:02] D2BS 24564: ÿc7Picked up ÿc485 Gold
[09/17/20 11:26:05] D2BS 24564: ÿc7Picked up ÿc1Greater Healing Potion ÿc0(ilvl 1) (MidGame.nip #23)
[09/17/20 11:26:14] D2BS 24564: ÿc7Picked up ÿc4272 Gold
[09/17/20 11:26:29] D2BS 24564: move retry 1
[09/17/20 11:26:38] D2BS 24564: move retry 1
[09/17/20 11:26:42] D2BS 24564: ÿc7Picked up ÿc4117 Gold
[09/17/20 11:26:45] D2BS 24564: ÿc7Picked up ÿc3Amulet ÿc0(ilvl 57) (LateGame.nip #29)
[09/17/20 11:27:10] D2BS 24564: move retry 1
[09/17/20 11:27:15] D2BS 24564: initNPC: heal
[09/17/20 11:27:19] D2BS 24564: initNPC: identify
[09/17/20 11:27:23] D2BS 24564: ÿc4MiniShopBotÿc0: Scanning 50 items.
[09/17/20 11:27:24] D2BS 24564: initNPC: buyPotions
[09/17/20 11:27:26] D2BS 24564: initNPC: repair
[09/17/20 11:27:39] D2BS 24564: move retry 2
[09/17/20 11:27:41] D2BS 24564: move retry 3
[09/17/20 11:27:51] D2BS 24564: move retry 1
[09/17/20 11:27:54] D2BS 24564: move retry 1
[09/17/20 11:27:58] D2BS 24564: move retry 1
[09/17/20 11:28:00] D2BS 24564: move retry 1
[09/17/20 11:28:03] D2BS 24564: move retry 1
[09/17/20 11:28:05] D2BS 24564: move retry 1
[09/17/20 11:28:33] D2BS 24564: ÿc7Picked up ÿc1Super Healing Potion ÿc0(ilvl 1) (LateGame.nip #33)
[09/17/20 11:28:35] D2BS 24564: move retry 1
[09/17/20 11:28:37] D2BS 24564: move retry 2
[09/17/20 11:28:40] D2BS 24564: move retry 3
[09/17/20 11:28:51] D2BS 24564: move retry 1
[09/17/20 11:28:54] D2BS 24564: move retry 2
[09/17/20 11:28:56] D2BS 24564: move retry 3
[09/17/20 11:28:58] D2BS 24564: move retry 1
[09/17/20 11:29:00] D2BS 24564: move retry 2
[09/17/20 11:29:03] D2BS 24564: move retry 3
[09/17/20 11:29:07] D2BS 24564: move retry 1
[09/17/20 11:29:07] D2BS 24564: move retry 2
[09/17/20 11:29:11] D2BS 24564: move retry 3
[09/17/20 11:29:14] D2BS 24564: move retry 1
[09/17/20 11:29:17] D2BS 24564: move retry 2
[09/17/20 11:29:19] D2BS 24564: move retry 3
[09/17/20 11:29:23] D2BS 24564: move retry 1
[09/17/20 11:29:26] D2BS 24564: move retry 2
[09/17/20 11:29:28] D2BS 24564: move retry 3
[09/17/20 11:29:31] D2BS 24564: move retry 1
[09/17/20 11:29:34] D2BS 24564: move retry 2
[09/17/20 11:29:36] D2BS 24564: move retry 3
[09/17/20 11:29:39] D2BS 24564: move retry 1
[09/17/20 11:29:42] D2BS 24564: move retry 2
[09/17/20 11:29:45] D2BS 24564: move retry 3
[09/17/20 11:29:48] D2BS 24564: move retry 1
[09/17/20 11:29:52] D2BS 24564: move retry 2
[09/17/20 11:29:54] D2BS 24564: move retry 3
[09/17/20 11:30:14] D2BS 24564: ÿc1Skipping Maw Fiend 710 16
[09/17/20 11:30:49] D2BS 24564: move retry 1
[09/17/20 11:30:54] D2BS 24564: move retry 1
[09/17/20 11:31:03] D2BS 24564: ÿc7Picked up ÿc4209 Gold
[09/17/20 11:31:03] D2BS 24564: ÿc7Picked up ÿc4431 Gold
[09/17/20 11:31:03] D2BS 24564: move retry 2
[09/17/20 11:31:13] D2BS 24564: move retry 1
[09/17/20 11:32:26] D2BS 24564: ÿc7Picked up ÿc4993 Gold
[09/17/20 11:32:27] D2BS 24564: ÿc7Picked up ÿc43532 Gold
[09/17/20 11:33:46] D2BS 24564: ÿc7Picked up ÿc1Greater Healing Potion ÿc0(ilvl 1) (MidGame.nip #23)
[09/17/20 11:34:27] D2BS 24564: move retry 1
[09/17/20 11:34:40] D2BS 24564: ÿc1Skipping Urdar 774 16
[09/17/20 11:34:40] D2BS 24564: move retry 2
[09/17/20 11:35:44] D2BS 24564: ÿc1Pausing.
[09/17/20 11:35:45] D2BS 24564: Script default.dbj ended
[09/17/20 11:35:45] D2BS 24564: Script tools\autobuildthread.js ended
[09/17/20 11:35:45] D2BS 24564: Script tools\party.js ended
[09/17/20 11:35:45] D2BS 24564: Script tools\townchicken.js ended
[09/17/20 11:35:45] D2BS 24564: 12
[09/17/20 11:35:49] D2BS 24564: Error: Failed to click the 'TCP/IP Game' button? null
[09/17/20 11:35:49] D2BS 24564: ÿc2D2BSÿc0 :: Starting default.dbj
[09/17/20 11:35:49] D2BS 24564: ÿc2D2BSÿc0 :: default.dbj running.
[09/17/20 11:35:49] D2BS 24564: AutoBuild: Including build template config/builds/barbarian.singer.js into default.dbj
[09/17/20 11:35:49] D2BS 24564: Updating Config from level 0 to 61
[09/17/20 11:35:49] D2BS 24564: ÿc4Loaded NIP: ÿc2LateGame.nipÿc4. Lines: ÿc277ÿc4. Valid entries: ÿc250. ÿc4Time: ÿc20 ms
[09/17/20 11:35:49] D2BS 24564: ÿc4Loaded NIP: ÿc2MidGame.nipÿc4. Lines: ÿc254ÿc4. Valid entries: ÿc233. ÿc4Time: ÿc20 ms
[09/17/20 11:35:49] D2BS 24564: ÿc4Loaded NIP: ÿc2SingerRunes.nipÿc4. Lines: ÿc221ÿc4. Valid entries: ÿc210. ÿc4Time: ÿc20 ms
[09/17/20 11:35:49] D2BS 24564: ÿc4Loaded NIP: ÿc2Singer.xpac.nipÿc4. Lines: ÿc2120ÿc4. Valid entries: ÿc2103. ÿc4Time: ÿc20 ms
[09/17/20 11:35:49] D2BS 24564: ÿc4Loaded NIP: ÿc2Merc.xpac.nipÿc4. Lines: ÿc230ÿc4. Valid entries: ÿc220. ÿc4Time: ÿc20 ms
[09/17/20 11:35:49] D2BS 24564: AutoBuild: Including build template config/builds/barbarian.singer.js into tools\autobuildthread.js
[09/17/20 11:35:49] D2BS 24564: Updating Config from level 0 to 61
[09/17/20 11:35:49] D2BS 24564: AutoBuild: Loaded helper thread
[09/17/20 11:35:50] D2BS 24564: ÿc2Starting script: ÿc9LevelLeader
[09/17/20 11:35:50] D2BS 24564: AutoBuild: Including build template config/builds/barbarian.singer.js into tools\party.js
[09/17/20 11:35:50] D2BS 24564: Updating Config from level 0 to 61
[09/17/20 11:35:50] D2BS 24564: ÿc2Party thread loaded. Mode: Invite
[09/17/20 11:35:50] D2BS 24564: ÿc3Start ToolsThread script
[09/17/20 11:35:50] D2BS 24564: AutoBuild: Including build template config/builds/barbarian.singer.js into tools\townchicken.js
[09/17/20 11:35:50] D2BS 24564: AutoBuild: Including build template config/builds/barbarian.singer.js into tools\toolsthread.js
[09/17/20 11:35:50] D2BS 24564: Updating Config from level 0 to 61
[09/17/20 11:35:50] D2BS 24564: Updating Config from level 0 to 61
[09/17/20 11:35:54] D2BS 24564: initNPC: heal
[09/17/20 11:35:59] D2BS 24564: initNPC: buyPotions
[09/17/20 11:36:04] D2BS 24564: initNPC: reviveMerc
[09/17/20 11:36:14] D2BS 24564: 106
[09/17/20 11:36:52] D2BS 24564: ÿc7Picked up ÿc4300 Gold
[09/17/20 11:36:52] D2BS 24564: move retry 1
[09/17/20 11:37:07] D2BS 24564: move retry 1
[09/17/20 11:37:24] D2BS 24564: ÿc1Skipping Stygian Hag 79 16
[09/17/20 11:37:43] D2BS 24564: ÿc7Picked up ÿc495 Gold
[09/17/20 11:38:00] D2BS 24564: ÿc7Picked up ÿc3Throwing Spear ÿc0(ilvl 60) (Singer.xpac.nip #2)
[09/17/20 11:38:35] D2BS 24564: AutoBuild: Stat points: 5      Skill points: 1
[09/17/20 11:38:35] D2BS 24564: AutoBuild: Level up detected ( 61 --> 62 )
[09/17/20 11:38:35] D2BS 24564: AutoBuild: useSkillPoint(): War Cry (154)
[09/17/20 11:38:36] D2BS 24564: AutoBuild: Skill (1/1) Increased War Cry (154) by one (level:  22)
[09/17/20 11:38:36] D2BS 24564: AutoBuild: useStatPoint(0): Strength
[09/17/20 11:38:36] D2BS 24564: AutoBuild: Stat (1/5) Increased Strength from 89 to 90
[09/17/20 11:38:36] D2BS 24564: AutoBuild: useStatPoint(3): Vitality
[09/17/20 11:38:36] D2BS 24564: AutoBuild: Stat (2/5) Increased Vitality from 271 to 272
[09/17/20 11:38:36] D2BS 24564: AutoBuild: useStatPoint(3): Vitality
[09/17/20 11:38:36] D2BS 24564: AutoBuild: Stat (3/5) Increased Vitality from 272 to 273
[09/17/20 11:38:36] D2BS 24564: AutoBuild: useStatPoint(3): Vitality
[09/17/20 11:38:36] D2BS 24564: AutoBuild: Stat (4/5) Increased Vitality from 273 to 274
[09/17/20 11:38:36] D2BS 24564: AutoBuild: useStatPoint(3): Vitality
[09/17/20 11:38:36] D2BS 24564: AutoBuild: Stat (5/5) Increased Vitality from 274 to 275
[09/17/20 11:38:36] D2BS 24564: Updating Config from level 61 to 62
[09/17/20 11:38:36] D2BS 24564: Updating Config from level 61 to 62
[09/17/20 11:38:36] D2BS 24564: AutoBuild: Updating Config from level 61 to 62
[09/17/20 11:38:36] D2BS 24564: Updating Config from level 61 to 62
[09/17/20 11:38:36] D2BS 24564: Updating Config from level 61 to 62
[09/17/20 11:38:36] D2BS 24564: AutoBuild: Incrementing cached character level to 62
[09/17/20 11:38:39] D2BS 24564: ÿc7Picked up ÿc4256 Gold
[09/17/20 11:38:44] D2BS 24564: ÿc7Picked up ÿc1Greater Healing Potion ÿc0(ilvl 1) (MidGame.nip #23)
[09/17/20 11:38:44] D2BS 24564: ÿc7Picked up ÿc1Super Healing Potion ÿc0(ilvl 1) (LateGame.nip #33)
[09/17/20 11:38:44] D2BS 24564: ÿc7Picked up ÿc;Rejuvenation Potion ÿc0(ilvl 1) (LateGame.nip #34)
[09/17/20 11:38:52] D2BS 24564: ÿc7Picked up ÿc477 Gold
[09/17/20 11:39:07] D2BS 24564: ÿc7Picked up ÿc4295 Gold
[09/17/20 11:39:22] D2BS 24564: move retry 1
[09/17/20 11:39:24] D2BS 24564: move retry 1
[09/17/20 11:39:31] D2BS 24564: move retry 1
[09/17/20 11:39:35] D2BS 24564: move retry 1
[09/17/20 11:39:37] D2BS 24564: move retry 1
[09/17/20 11:39:41] D2BS 24564: move retry 1
[09/17/20 11:39:46] D2BS 24564: move retry 1
[09/17/20 11:39:50] D2BS 24564: move retry 1
[09/17/20 11:40:00] D2BS 24564: ÿc7Picked up ÿc;Rejuvenation Potion ÿc0(ilvl 1) (LateGame.nip #34)
[09/17/20 11:40:00] D2BS 24564: ÿc7Picked up ÿc4405 Gold
[09/17/20 11:40:00] D2BS 24564: ÿc7Picked up ÿc1Super Healing Potion ÿc0(ilvl 1) (LateGame.nip #33)
[09/17/20 11:40:04] D2BS 24564: move retry 1
[09/17/20 11:40:05] D2BS 24564: ÿc7Picked up ÿc0Scroll of Town Portal ÿc7(15/20)
[09/17/20 11:40:56] D2BS 24564: ÿc7Picked up ÿc0Scroll of Town Portal ÿc7(16/20)
[09/17/20 11:41:07] D2BS 24564: ÿc7Picked up ÿc4259 Gold
[09/17/20 11:41:21] D2BS 24564: ÿc7Picked up ÿc4166 Gold
[09/17/20 11:41:37] D2BS 24564: ÿc7Picked up ÿc1Super Healing Potion ÿc0(ilvl 1) (LateGame.nip #33)
[09/17/20 11:42:19] D2BS 24564: ÿc7Picked up ÿc1Super Healing Potion ÿc0(ilvl 1) (LateGame.nip #33)
[09/17/20 11:42:21] D2BS 24564: ÿc7Picked up ÿc4303 Gold
[09/17/20 11:42:23] D2BS 24564: ÿc7Picked up ÿc4239 Gold
[09/17/20 11:42:57] D2BS 24564: ÿc1Skipping Maw Fiend 410 16
[09/17/20 11:43:00] D2BS 24564: ÿc7Picked up ÿc0Scroll of Town Portal ÿc7(17/20)
[09/17/20 11:43:11] D2BS 24564: ÿc1Skipping Maw Fiend 411 16
[09/17/20 11:43:13] D2BS 24564: ÿc7Picked up ÿc4246 Gold
[09/17/20 11:43:31] D2BS 24564: ÿc7Picked up ÿc0Scroll of Town Portal ÿc7(18/20)
[09/17/20 11:43:49] D2BS 24564: ÿc7Picked up ÿc4269 Gold
[09/17/20 11:44:20] D2BS 24564: ÿc7Picked up ÿc4391 Gold
[09/17/20 11:45:25] D2BS 24564: ÿc7Picked up ÿc4355 Gold
[09/17/20 11:45:26] D2BS 24564: ÿc7Picked up ÿc0Scroll of Town Portal ÿc7(19/20)
[09/17/20 11:45:32] D2BS 24564: ÿc7Picked up ÿc1Super Healing Potion ÿc0(ilvl 1) (LateGame.nip #33)
[09/17/20 11:45:33] D2BS 24564: ÿc7Picked up ÿc4166 Gold
[09/17/20 11:45:33] D2BS 24564: ÿc7Picked up ÿc3Ring ÿc0(ilvl 57) (Singer.xpac.nip #95)
[09/17/20 11:45:34] D2BS 24564: ÿc7Picked up ÿc4166 Gold
[09/17/20 11:45:51] D2BS 24564: ÿc7Picked up ÿc4239 Gold
[09/17/20 11:45:52] D2BS 24564: ÿc7Picked up ÿc0Scroll of Town Portal ÿc7(20/20)
[09/17/20 11:46:16] D2BS 24564: move retry 1
[09/17/20 11:46:25] D2BS 24564: move retry 1
[09/17/20 11:47:46] D2BS 24564: ÿc7Picked up ÿc3Cleaver ÿc0(ilvl 57) (Singer.xpac.nip #2)
[09/17/20 11:47:51] D2BS 24564: ÿc7Picked up ÿc9Flail ÿc0(ilvl 57) (Singer.xpac.nip #2)
[09/17/20 11:48:04] D2BS 24564: move retry 1
[09/17/20 11:48:44] D2BS 24564: move retry 1
[09/17/20 11:48:45] D2BS 24564: move retry 2
[09/17/20 11:48:47] D2BS 24564: move retry 3
[09/17/20 11:49:48] D2BS 24564: 106,107
[09/17/20 11:50:52] D2BS 24564: move retry 1
[09/17/20 11:51:00] D2BS 24564: move retry 1
[09/17/20 11:51:03] D2BS 24564: move retry 2
[09/17/20 11:51:07] D2BS 24564: move retry 1
[09/17/20 11:51:11] D2BS 24564: move retry 2
[09/17/20 11:51:19] D2BS 24564: move retry 1
[09/17/20 11:51:38] D2BS 24564: move retry 1
[09/17/20 11:51:40] D2BS 24564: move retry 2
[09/17/20 11:51:42] D2BS 24564: move retry 3
[09/17/20 11:51:47] D2BS 24564: move retry 3
[09/17/20 11:51:54] D2BS 24564: move retry 1
[09/17/20 11:51:55] D2BS 24564: move retry 2
[09/17/20 11:51:59] D2BS 24564: move retry 3
[09/17/20 11:52:02] D2BS 24564: move retry 1
[09/17/20 11:52:03] D2BS 24564: move retry 2
[09/17/20 11:52:08] D2BS 24564: move retry 3
[09/17/20 11:53:16] D2BS 24564: ÿc7Picked up ÿc4227 Gold
[09/17/20 11:53:17] D2BS 24564: move retry 1
[09/17/20 11:53:43] D2BS 24564: move retry 1
[09/17/20 11:53:54] D2BS 24564: ÿc1Skipping Abyss Knight 1066 16
[09/17/20 11:53:54] D2BS 24564: move retry 2
[09/17/20 11:54:36] D2BS 24564: move retry 1
[09/17/20 11:54:55] D2BS 24564: ÿc1Skipping Pit Lord 1141 16
[09/17/20 11:54:55] D2BS 24564: move retry 2
[09/17/20 11:54:57] D2BS 24564: move retry 3
[09/17/20 11:55:01] D2BS 24564: move retry 1
[09/17/20 11:55:13] D2BS 24564: move retry 2
[09/17/20 11:55:16] D2BS 24564: move retry 3
[09/17/20 11:55:23] D2BS 24564: move retry 1
[09/17/20 11:55:26] D2BS 24564: move retry 2
[09/17/20 11:55:28] D2BS 24564: move retry 3
[09/17/20 11:55:30] D2BS 24564: move retry 1
[09/17/20 11:55:36] D2BS 24564: move retry 2
[09/17/20 11:55:39] D2BS 24564: move retry 3
[09/17/20 11:55:44] D2BS 24564: move retry 1
[09/17/20 11:55:55] D2BS 24564: move retry 2
[09/17/20 11:55:58] D2BS 24564: move retry 3
[09/17/20 11:55:59] D2BS 24564: move retry 1
[09/17/20 11:56:14] D2BS 24564: move retry 1
[09/17/20 11:56:34] D2BS 24564: move retry 1
[09/17/20 11:58:20] D2BS 24564: ÿc7Picked up ÿc42070 Gold
[09/17/20 11:58:20] D2BS 24564: ÿc7Picked up ÿc41056 Gold
[09/17/20 11:58:20] D2BS 24564: ÿc7Picked up ÿc41782 Gold
[09/17/20 11:58:27] D2BS 24564: move retry 1
[09/17/20 11:59:01] D2BS 24564: move retry 1
[09/17/20 11:59:13] D2BS 24564: move retry 1
[09/17/20 11:59:26] D2BS 24564: ÿc1Skipping Pit Lord 1442 16
[09/17/20 11:59:31] D2BS 24564: ÿc1Pausing.
[09/17/20 11:59:32] D2BS 24564: initNPC: heal
[09/17/20 11:59:36] D2BS 24564: initNPC: identify
[09/17/20 11:59:43] D2BS 24564: ÿc4MiniShopBotÿc0: Scanning 62 items.
[09/17/20 11:59:44] D2BS 24564: initNPC: buyPotions
[09/17/20 11:59:55] D2BS 24564: move retry 1
[09/17/20 12:00:00] D2BS 24564: ÿc2Resuming.
[09/17/20 12:00:00] D2BS 24564: move retry 2
[09/17/20 12:00:12] D2BS 24564: move retry 3
[09/17/20 12:00:14] D2BS 24564: move retry 1
[09/17/20 12:00:25] D2BS 24564: ÿc1Skipping Pit Lord 1445 16
[09/17/20 12:00:25] D2BS 24564: move retry 2
[09/17/20 12:00:28] D2BS 24564: move retry 3
[09/17/20 12:01:02] D2BS 24564: move retry 1
[09/17/20 12:03:58] D2BS 24564: move retry 1
[09/17/20 12:04:44] D2BS 24564: move retry 1
[09/17/20 12:04:48] D2BS 24564: move retry 2
[09/17/20 12:04:51] D2BS 24564: move retry 3
