[09/26/20 19:04:52] D2BS 7060: ÿc7Picked up ÿc4262 Gold
[09/26/20 19:04:54] D2BS 7060: move retry 1
[09/26/20 19:05:11] D2BS 7060: ÿc1Skipping Doom Knight 444 16
[09/26/20 19:05:23] D2BS 7060: move retry 1
[09/26/20 19:05:46] D2BS 7060: ÿc7Picked up ÿc4261 Gold
[09/26/20 19:06:16] D2BS 7060: move retry 1
[09/26/20 19:06:55] D2BS 7060: move retry 1
[09/26/20 19:06:56] D2BS 7060: Script default.dbj ended
[09/26/20 19:06:56] D2BS 7060: Script tools\autobuildthread.js ended
[09/26/20 19:06:56] D2BS 7060: Script tools\party.js ended
[09/26/20 19:06:56] D2BS 7060: Script tools\townchicken.js ended
[09/26/20 19:07:03] D2BS 7060: ÿc2D2BSÿc0 :: Starting default.dbj
[09/26/20 19:07:03] D2BS 7060: ÿc2D2BSÿc0 :: default.dbj running.
[09/26/20 19:07:03] D2BS 7060: AutoBuild: Including build template config/builds/paladin.auradin.js into default.dbj
[09/26/20 19:07:03] D2BS 7060: Updating Config from level 0 to 88
[09/26/20 19:07:03] D2BS 7060: ÿc4Loaded NIP: ÿc2LateGame.nipÿc4. Lines: ÿc277ÿc4. Valid entries: ÿc250. ÿc4Time: ÿc20 ms
[09/26/20 19:07:03] D2BS 7060: ÿc4Loaded NIP: ÿc2AuradinRunes.nipÿc4. Lines: ÿc222ÿc4. Valid entries: ÿc212. ÿc4Time: ÿc20 ms
[09/26/20 19:07:03] D2BS 7060: ÿc4Loaded NIP: ÿc2Auradin.xpac.nipÿc4. Lines: ÿc2127ÿc4. Valid entries: ÿc2110. ÿc4Time: ÿc216 ms
[09/26/20 19:07:03] D2BS 7060: ÿc4Loaded NIP: ÿc2Merc.xpac.nipÿc4. Lines: ÿc261ÿc4. Valid entries: ÿc245. ÿc4Time: ÿc20 ms
[09/26/20 19:07:03] D2BS 7060: AutoBuild: Including build template config/builds/paladin.auradin.js into tools\autobuildthread.js
[09/26/20 19:07:03] D2BS 7060: Updating Config from level 0 to 88
[09/26/20 19:07:03] D2BS 7060: AutoBuild: Loaded helper thread
[09/26/20 19:07:03] D2BS 7060: AutoBuild: Including build template config/builds/paladin.auradin.js into tools\party.js
[09/26/20 19:07:03] D2BS 7060: Updating Config from level 0 to 88
[09/26/20 19:07:03] D2BS 7060: ÿc2Party thread loaded. Mode: Accept
[09/26/20 19:07:03] D2BS 7060: ÿc3Start ToolsThread script
[09/26/20 19:07:03] D2BS 7060: AutoBuild: Including build template config/builds/paladin.auradin.js into tools\townchicken.js
[09/26/20 19:07:03] D2BS 7060: AutoBuild: Including build template config/builds/paladin.auradin.js into tools\toolsthread.js
[09/26/20 19:07:03] D2BS 7060: Updating Config from level 0 to 88
[09/26/20 19:07:03] D2BS 7060: Updating Config from level 0 to 88
[09/26/20 19:07:20] D2BS 7060: ÿc2Starting script: ÿc9LevelFollower
[09/26/20 19:07:20] D2BS 7060: initNPC: heal
[09/26/20 19:07:30] D2BS 7060: initNPC: identify
[09/26/20 19:07:40] D2BS 7060: ÿc4MiniShopBotÿc0: Scanning 65 items.
[09/26/20 19:07:41] D2BS 7060: initNPC: buyPotions
[09/26/20 19:08:07] D2BS 7060: initNPC: reviveMerc
[09/26/20 19:08:56] D2BS 7060: Script default.dbj ended
[09/26/20 19:08:56] D2BS 7060: Script tools\autobuildthread.js ended
[09/26/20 19:08:56] D2BS 7060: Script tools\party.js ended
[09/26/20 19:08:56] D2BS 7060: Script tools\toolsthread.js ended
[09/26/20 19:08:56] D2BS 7060: Script tools\townchicken.js ended
[09/26/20 19:09:03] D2BS 7060: ÿc2D2BSÿc0 :: Starting default.dbj
[09/26/20 19:09:03] D2BS 7060: ÿc2D2BSÿc0 :: default.dbj running.
[09/26/20 19:09:03] D2BS 7060: AutoBuild: Including build template config/builds/paladin.auradin.js into default.dbj
[09/26/20 19:09:03] D2BS 7060: Updating Config from level 0 to 88
[09/26/20 19:09:03] D2BS 7060: ÿc4Loaded NIP: ÿc2LateGame.nipÿc4. Lines: ÿc277ÿc4. Valid entries: ÿc250. ÿc4Time: ÿc216 ms
[09/26/20 19:09:03] D2BS 7060: ÿc4Loaded NIP: ÿc2AuradinRunes.nipÿc4. Lines: ÿc222ÿc4. Valid entries: ÿc212. ÿc4Time: ÿc20 ms
[09/26/20 19:09:03] D2BS 7060: ÿc4Loaded NIP: ÿc2Auradin.xpac.nipÿc4. Lines: ÿc2127ÿc4. Valid entries: ÿc2110. ÿc4Time: ÿc20 ms
[09/26/20 19:09:03] D2BS 7060: ÿc4Loaded NIP: ÿc2Merc.xpac.nipÿc4. Lines: ÿc261ÿc4. Valid entries: ÿc245. ÿc4Time: ÿc216 ms
[09/26/20 19:09:03] D2BS 7060: AutoBuild: Including build template config/builds/paladin.auradin.js into tools\autobuildthread.js
[09/26/20 19:09:03] D2BS 7060: Updating Config from level 0 to 88
[09/26/20 19:09:03] D2BS 7060: AutoBuild: Loaded helper thread
[09/26/20 19:09:03] D2BS 7060: AutoBuild: Including build template config/builds/paladin.auradin.js into tools\party.js
[09/26/20 19:09:03] D2BS 7060: Updating Config from level 0 to 88
[09/26/20 19:09:03] D2BS 7060: ÿc2Party thread loaded. Mode: Accept
[09/26/20 19:09:03] D2BS 7060: ÿc3Start ToolsThread script
[09/26/20 19:09:03] D2BS 7060: AutoBuild: Including build template config/builds/paladin.auradin.js into tools\toolsthread.js
[09/26/20 19:09:03] D2BS 7060: AutoBuild: Including build template config/builds/paladin.auradin.js into tools\townchicken.js
[09/26/20 19:09:03] D2BS 7060: Updating Config from level 0 to 88
[09/26/20 19:09:03] D2BS 7060: Updating Config from level 0 to 88
[09/26/20 19:09:21] D2BS 7060: ÿc2Starting script: ÿc9LevelFollower
[09/26/20 19:09:21] D2BS 7060: initNPC: buyPotions
[09/26/20 19:09:50] D2BS 7060: move retry 1
[09/26/20 19:10:18] D2BS 7060: move retry 1
[09/26/20 19:10:22] D2BS 7060: ÿc7Picked up ÿc4468 Gold
[09/26/20 19:10:22] D2BS 7060: move retry 1
[09/26/20 19:10:33] D2BS 7060: ÿc7Picked up ÿc3Long Sword ÿc0(ilvl 85) (Auradin.xpac.nip #2)
[09/26/20 19:10:36] D2BS 7060: move retry 1
[09/26/20 19:10:38] D2BS 7060: move retry 2
[09/26/20 19:10:44] D2BS 7060: ÿc7Picked up ÿc4223 Gold
[09/26/20 19:10:46] D2BS 7060: move retry 1
[09/26/20 19:10:50] D2BS 7060: ÿc7Picked up ÿc1Super Healing Potion ÿc0(ilvl 1) (LateGame.nip #33)
[09/26/20 19:10:50] D2BS 7060: ÿc7Picked up ÿc;Rejuvenation Potion ÿc0(ilvl 1) (LateGame.nip #34)
[09/26/20 19:10:50] D2BS 7060: ÿc7Picked up ÿc3Highland Blade ÿc0(ilvl 88) (Auradin.xpac.nip #2)
[09/26/20 19:10:52] D2BS 7060: move retry 1
[09/26/20 19:11:09] D2BS 7060: ÿc7Picked up ÿc1Super Healing Potion ÿc0(ilvl 1) (LateGame.nip #33)
[09/26/20 19:11:21] D2BS 7060: move retry 1
[09/26/20 19:11:27] D2BS 7060: move retry 1
[09/26/20 19:11:36] D2BS 7060: move retry 1
[09/26/20 19:11:45] D2BS 7060: move retry 1
[09/26/20 19:12:21] D2BS 7060: move retry 1
[09/26/20 19:13:13] D2BS 7060: ÿc7Picked up ÿc4406 Gold
[09/26/20 19:13:20] D2BS 7060: ÿc7Picked up ÿc;Rejuvenation Potion ÿc0(ilvl 1) (LateGame.nip #34)
[09/26/20 19:13:40] D2BS 7060: ÿc1Skipping Horror Mage 131 16
[09/26/20 19:13:47] D2BS 7060: ÿc1Pausing.
[09/26/20 19:13:48] D2BS 7060: initNPC: heal
[09/26/20 19:13:52] D2BS 7060: initNPC: identify
[09/26/20 19:13:56] D2BS 7060: ÿc4MiniShopBotÿc0: Scanning 57 items.
[09/26/20 19:13:57] D2BS 7060: initNPC: buyPotions
[09/26/20 19:14:20] D2BS 7060: initNPC: reviveMerc
[09/26/20 19:14:33] D2BS 7060: ÿc2Resuming.
[09/26/20 19:16:07] D2BS 7060: move retry 1
[09/26/20 19:16:19] D2BS 7060: Script default.dbj ended
[09/26/20 19:16:19] D2BS 7060: Script tools\autobuildthread.js ended
[09/26/20 19:16:19] D2BS 7060: Script tools\party.js ended
[09/26/20 19:16:19] D2BS 7060: Script tools\toolsthread.js ended
[09/26/20 19:16:19] D2BS 7060: Script tools\townchicken.js ended
[09/26/20 19:16:26] D2BS 7060: ÿc2D2BSÿc0 :: Starting default.dbj
[09/26/20 19:16:26] D2BS 7060: ÿc2D2BSÿc0 :: default.dbj running.
[09/26/20 19:16:26] D2BS 7060: AutoBuild: Including build template config/builds/paladin.auradin.js into default.dbj
[09/26/20 19:16:26] D2BS 7060: Updating Config from level 0 to 88
[09/26/20 19:16:26] D2BS 7060: ÿc4Loaded NIP: ÿc2LateGame.nipÿc4. Lines: ÿc277ÿc4. Valid entries: ÿc250. ÿc4Time: ÿc20 ms
[09/26/20 19:16:26] D2BS 7060: ÿc4Loaded NIP: ÿc2AuradinRunes.nipÿc4. Lines: ÿc222ÿc4. Valid entries: ÿc212. ÿc4Time: ÿc20 ms
[09/26/20 19:16:26] D2BS 7060: ÿc4Loaded NIP: ÿc2Auradin.xpac.nipÿc4. Lines: ÿc2127ÿc4. Valid entries: ÿc2110. ÿc4Time: ÿc216 ms
[09/26/20 19:16:26] D2BS 7060: ÿc4Loaded NIP: ÿc2Merc.xpac.nipÿc4. Lines: ÿc261ÿc4. Valid entries: ÿc245. ÿc4Time: ÿc20 ms
[09/26/20 19:16:26] D2BS 7060: AutoBuild: Including build template config/builds/paladin.auradin.js into tools\autobuildthread.js
[09/26/20 19:16:26] D2BS 7060: Updating Config from level 0 to 88
[09/26/20 19:16:26] D2BS 7060: AutoBuild: Loaded helper thread
[09/26/20 19:16:26] D2BS 7060: AutoBuild: Including build template config/builds/paladin.auradin.js into tools\party.js
[09/26/20 19:16:26] D2BS 7060: Updating Config from level 0 to 88
[09/26/20 19:16:26] D2BS 7060: ÿc2Party thread loaded. Mode: Accept
[09/26/20 19:16:26] D2BS 7060: AutoBuild: Including build template config/builds/paladin.auradin.js into tools\townchicken.js
[09/26/20 19:16:26] D2BS 7060: ÿc3Start ToolsThread script
[09/26/20 19:16:26] D2BS 7060: Updating Config from level 0 to 88
[09/26/20 19:16:26] D2BS 7060: AutoBuild: Including build template config/builds/paladin.auradin.js into tools\toolsthread.js
[09/26/20 19:16:26] D2BS 7060: Updating Config from level 0 to 88
[09/26/20 19:16:33] D2BS 7060: waypoint retry 1
[09/26/20 19:16:48] D2BS 7060: ÿc2Starting script: ÿc9LevelFollower
[09/26/20 19:16:49] D2BS 7060: D2BS Shutdown complete.
[09/26/20 19:17:16] D2BS 6880: D2BS Engine startup complete. 1.6.4U
[09/26/20 19:17:16] D2BS 6880: Auradin
[09/26/20 19:17:16] D2BS 6880: ÿc2D2BSÿc0 :: Switched to profile Auradin
[09/26/20 19:17:16] D2BS 6880: ÿc2D2BSÿc0 :: Engine startup complete!
[09/26/20 19:17:16] D2BS 6880: ÿc2D2BSÿc0 :: Starting D2BotLanFollow.dbj
[09/26/20 19:17:16] D2BS 6880: ÿc2D2BSÿc0 :: D2BotLanFollow.dbj running.
[09/26/20 19:17:16] D2BS 6880: ÿc2D2BSÿc0 :: Started Console Script
[09/26/20 19:17:18] D2BS 6880: Heartbeat loaded
[09/26/20 19:17:36] D2BS 6880: ÿc2D2BSÿc0 :: Starting default.dbj
[09/26/20 19:17:36] D2BS 6880: ÿc2D2BSÿc0 :: default.dbj running.
[09/26/20 19:17:36] D2BS 6880: AutoBuild: Including build template config/builds/paladin.auradin.js into default.dbj
[09/26/20 19:17:36] D2BS 6880: Updating Config from level 0 to 1
[09/26/20 19:17:36] D2BS 6880: ÿc4Loaded NIP: ÿc2LateGame.nipÿc4. Lines: ÿc277ÿc4. Valid entries: ÿc250. ÿc4Time: ÿc20 ms
[09/26/20 19:17:36] D2BS 6880: ÿc4Loaded NIP: ÿc2MidGame.nipÿc4. Lines: ÿc257ÿc4. Valid entries: ÿc234. ÿc4Time: ÿc20 ms
[09/26/20 19:17:36] D2BS 6880: ÿc4Loaded NIP: ÿc2EarlyGame.nipÿc4. Lines: ÿc227ÿc4. Valid entries: ÿc213. ÿc4Time: ÿc20 ms
[09/26/20 19:17:36] D2BS 6880: ÿc4Loaded NIP: ÿc2AuradinRunes.nipÿc4. Lines: ÿc222ÿc4. Valid entries: ÿc212. ÿc4Time: ÿc20 ms
[09/26/20 19:17:36] D2BS 6880: ÿc4Loaded NIP: ÿc2Auradin.xpac.nipÿc4. Lines: ÿc2127ÿc4. Valid entries: ÿc2110. ÿc4Time: ÿc215 ms
[09/26/20 19:17:36] D2BS 6880: ÿc1NIP file doesn't exist: ÿc0pickit/AutoEquip/PreMerc.xpac.nip
[09/26/20 19:17:36] D2BS 6880: AutoBuild: Including build template config/builds/paladin.auradin.js into tools\autobuildthread.js
[09/26/20 19:17:36] D2BS 6880: ÿc4Loaded NIP: ÿc2Merc.xpac.nipÿc4. Lines: ÿc261ÿc4. Valid entries: ÿc245. ÿc4Time: ÿc20 ms
[09/26/20 19:17:36] D2BS 6880: Updating Config from level 0 to 1
[09/26/20 19:17:36] D2BS 6880: AutoBuild: Loaded helper thread
[09/26/20 19:17:37] D2BS 6880: AutoBuild: Including build template config/builds/paladin.auradin.js into tools\party.js
[09/26/20 19:17:37] D2BS 6880: Updating Config from level 0 to 1
[09/26/20 19:17:37] D2BS 6880: ÿc2Party thread loaded. Mode: Accept
[09/26/20 19:17:37] D2BS 6880: AutoBuild: Including build template config/builds/paladin.auradin.js into tools\townchicken.js
[09/26/20 19:17:37] D2BS 6880: ÿc3Start ToolsThread script
[09/26/20 19:17:37] D2BS 6880: AutoBuild: Including build template config/builds/paladin.auradin.js into tools\toolsthread.js
[09/26/20 19:17:37] D2BS 6880: Updating Config from level 0 to 1
[09/26/20 19:17:37] D2BS 6880: Updating Config from level 0 to 1
[09/26/20 19:17:37] D2BS 6880: ÿc2Starting script: ÿc9LevelFollower
[09/26/20 19:19:10] D2BS 6880: D2BS Shutdown complete.
