[09/02/21 10:09:06] D2BS 12596: D2BS Engine startup complete. 1.6.4U
[09/02/21 10:09:06] D2BS 12596: ÿc2D2BSÿc0 :: Switched to profile Singer
[09/02/21 10:09:06] D2BS 12596: ÿc2D2BSÿc0 :: Engine startup complete!
[09/02/21 10:09:06] D2BS 12596: ÿc2D2BSÿc0 :: Starting D2BotLanLead.dbj
[09/02/21 10:09:06] D2BS 12596: ÿc2D2BSÿc0 :: D2BotLanLead.dbj running.
[09/02/21 10:09:06] D2BS 12596: ÿc2D2BSÿc0 :: Started Console Script
[09/02/21 10:09:06] D2BS 12596: Singer
[09/02/21 10:09:08] D2BS 12596: Heartbeat loaded
[09/02/21 10:09:08] D2BS 12596: 0
[09/02/21 10:09:09] D2BS 12596: 0
[09/02/21 10:09:11] D2BS 12596: 0
[09/02/21 10:09:11] D2BS 12596: 0
[09/02/21 10:09:12] D2BS 12596: 0
[09/02/21 10:09:14] D2BS 12596: 0
[09/02/21 10:09:14] D2BS 12596: 0
[09/02/21 10:09:16] D2BS 12596: 39
[09/02/21 10:09:17] D2BS 12596: 40
[09/02/21 10:09:19] D2BS 12596: 42
[09/02/21 10:09:23] D2BS 12596: ÿc2D2BSÿc0 :: Starting default.dbj
[09/02/21 10:09:23] D2BS 12596: ÿc2D2BSÿc0 :: default.dbj running.
[09/02/21 10:09:23] D2BS 12596: AutoBuild: Including build template config/builds/barbarian.singer.js into default.dbj
[09/02/21 10:09:23] D2BS 12596: Updating Config from level 0 to 24
[09/02/21 10:09:23] D2BS 12596: ÿc4Loaded NIP: ÿc2LateGame.nipÿc4. Lines: ÿc281ÿc4. Valid entries: ÿc254. ÿc4Time: ÿc216 ms
[09/02/21 10:09:23] D2BS 12596: ÿc4Loaded NIP: ÿc2MidGame.nipÿc4. Lines: ÿc281ÿc4. Valid entries: ÿc246. ÿc4Time: ÿc20 ms
[09/02/21 10:09:23] D2BS 12596: ÿc4Loaded NIP: ÿc2EarlyGame.nipÿc4. Lines: ÿc231ÿc4. Valid entries: ÿc214. ÿc4Time: ÿc20 ms
[09/02/21 10:09:23] D2BS 12596: ÿc4Loaded NIP: ÿc2SingerRunes.nipÿc4. Lines: ÿc221ÿc4. Valid entries: ÿc210. ÿc4Time: ÿc20 ms
[09/02/21 10:09:23] D2BS 12596: ÿc4Loaded NIP: ÿc2Singer.xpac.nipÿc4. Lines: ÿc2121ÿc4. Valid entries: ÿc2104. ÿc4Time: ÿc216 ms
[09/02/21 10:09:23] D2BS 12596: ÿc4Loaded NIP: ÿc2PreMercLance.xpac.nipÿc4. Lines: ÿc27ÿc4. Valid entries: ÿc24. ÿc4Time: ÿc20 ms
[09/02/21 10:09:23] D2BS 12596: ÿc4Loaded NIP: ÿc2Merc.xpac.nipÿc4. Lines: ÿc217ÿc4. Valid entries: ÿc211. ÿc4Time: ÿc20 ms
[09/02/21 10:09:23] D2BS 12596: AutoBuild: Including build template config/builds/barbarian.singer.js into tools\autobuildthread.js
[09/02/21 10:09:23] D2BS 12596: ÿc4Loaded NIP: ÿc2MercLance.xpac.nipÿc4. Lines: ÿc217ÿc4. Valid entries: ÿc211. ÿc4Time: ÿc20 ms
[09/02/21 10:09:23] D2BS 12596: Updating Config from level 0 to 24
[09/02/21 10:09:23] D2BS 12596: AutoBuild: Loaded helper thread
[09/02/21 10:09:23] D2BS 12596: ÿc2Starting script: ÿc9LevelLeader
[09/02/21 10:09:23] D2BS 12596: AutoBuild: Including build template config/builds/barbarian.singer.js into tools\party.js
[09/02/21 10:09:23] D2BS 12596: Updating Config from level 0 to 24
[09/02/21 10:09:23] D2BS 12596: ÿc2Party thread loaded. Mode: Invite
[09/02/21 10:09:23] D2BS 12596: ÿc3Start ToolsThread script
[09/02/21 10:09:23] D2BS 12596: AutoBuild: Including build template config/builds/barbarian.singer.js into tools\toolsthread.js
[09/02/21 10:09:23] D2BS 12596: AutoBuild: Including build template config/builds/barbarian.singer.js into tools\townchicken.js
[09/02/21 10:09:23] D2BS 12596: Updating Config from level 0 to 24
[09/02/21 10:09:23] D2BS 12596: Updating Config from level 0 to 24
[09/02/21 10:09:23] D2BS 12596: initNPC: heal
[09/02/21 10:09:23] D2BS 12596: Updating Status
[09/02/21 10:09:30] D2BS 12596: initNPC: BuyPotions
[09/02/21 10:09:48] D2BS 12596: Up to Act:3 Lower Kurast
[09/02/21 10:09:49] D2BS 12596: waypoint retry 1
[09/02/21 10:09:51] D2BS 12596: 79
[09/02/21 10:10:22] D2BS 12596: ÿc7Picked up ÿc0Full Helm ÿc0(ilvl 22)
[09/02/21 10:10:24] D2BS 12596: ÿc7Picked up ÿc0Superior Aerin Shield ÿc0(ilvl 21)
[09/02/21 10:10:29] D2BS 12596: AutoBuild: Stat points: 36      Skill points: 11
[09/02/21 10:10:29] D2BS 12596: AutoBuild: Level up detected ( 24 --> 25 )
[09/02/21 10:10:29] D2BS 12596: AutoBuild: useSkillPoint(): Battle Orders (149)
[09/02/21 10:10:29] D2BS 12596: AutoBuild: Skill (1/1) Increased Battle Orders (149) by one (level:  1)
[09/02/21 10:10:29] D2BS 12596: AutoBuild: useStatPoint(0): Strength
[09/02/21 10:10:29] D2BS 12596: AutoBuild: Stat (1/5) Increased Strength from 48 to 49
[09/02/21 10:10:29] D2BS 12596: AutoBuild: useStatPoint(3): Vitality
[09/02/21 10:10:29] D2BS 12596: AutoBuild: Stat (2/5) Increased Vitality from 93 to 94
[09/02/21 10:10:29] D2BS 12596: AutoBuild: useStatPoint(3): Vitality
[09/02/21 10:10:29] D2BS 12596: AutoBuild: Attempt to spend point 3 in Vitality may have failed!
[09/02/21 10:10:29] D2BS 12596: AutoBuild: useStatPoint(3): Vitality
[09/02/21 10:10:29] D2BS 12596: AutoBuild: Attempt to spend point 4 in Vitality may have failed!
[09/02/21 10:10:29] D2BS 12596: AutoBuild: useStatPoint(3): Vitality
[09/02/21 10:10:29] D2BS 12596: AutoBuild: Stat (5/5) Increased Vitality from 96 to 97
[09/02/21 10:10:29] D2BS 12596: Updating Config from level 24 to 25
[09/02/21 10:10:29] D2BS 12596: Updating Config from level 24 to 25
[09/02/21 10:10:29] D2BS 12596: Updating Config from level 24 to 25
[09/02/21 10:10:29] D2BS 12596: AutoBuild: Updating Config from level 24 to 25
[09/02/21 10:10:29] D2BS 12596: Updating Config from level 24 to 25
[09/02/21 10:10:29] D2BS 12596: AutoBuild: Incrementing cached character level to 25
[09/02/21 10:10:38] D2BS 12596: ÿc7Picked up ÿc0Javelin ÿc0(ilvl 21)
[09/02/21 10:10:39] D2BS 12596: ÿc7Picked up ÿc457 Gold
[09/02/21 10:10:39] D2BS 12596: ÿc7Picked up ÿc472 Gold
[09/02/21 10:10:50] D2BS 12596: ÿc7Picked up ÿc9Gargoyle Head ÿc0(ilvl 21)
[09/02/21 10:10:51] D2BS 12596: move retry 1
[09/02/21 10:10:56] D2BS 12596: ÿc7Picked up ÿc1Greater Healing Potion ÿc0(ilvl 1) (MidGame.nip #28)
[09/02/21 10:10:56] D2BS 12596: ÿc7Picked up ÿc0Superior Flail ÿc0(ilvl 22)
[09/02/21 10:10:57] D2BS 12596: ÿc7Picked up ÿc4112 Gold
[09/02/21 10:10:58] D2BS 12596: ÿc7Picked up ÿc466 Gold
[09/02/21 10:11:04] D2BS 12596: move retry 1
[09/02/21 10:11:06] D2BS 12596: move retry 2
[09/02/21 10:11:14] D2BS 12596: ÿc7Picked up ÿc0Superior Hand Axe ÿc0(ilvl 21)
[09/02/21 10:11:15] D2BS 12596: ÿc7Trying to make room for ÿc3War Staff
[09/02/21 10:11:15] D2BS 12596: initNPC: identify
[09/02/21 10:11:20] D2BS 12596: ÿc4MiniShopBotÿc0: Scanning 52 items.
[09/02/21 10:11:21] D2BS 12596: LowGold sell Full Helm
[09/02/21 10:11:21] D2BS 12596: initNPC: clearInventory
[09/02/21 10:11:21] D2BS 12596: LowGold sell Superior Flail
[09/02/21 10:11:21] D2BS 12596: initNPC: clearInventory
[09/02/21 10:11:23] D2BS 12596: LowGold sell Superior Hand Axe
[09/02/21 10:11:23] D2BS 12596: initNPC: clearInventory
[09/02/21 10:11:25] D2BS 12596: LowGold sell Javelin
[09/02/21 10:11:25] D2BS 12596: initNPC: clearInventory
[09/02/21 10:11:27] D2BS 12596: LowGold sell Superior Aerin Shield
[09/02/21 10:11:27] D2BS 12596: initNPC: clearInventory
[09/02/21 10:11:37] D2BS 12596: ÿc7Picked up ÿc1Healing Potion ÿc0(ilvl 1) (MidGame.nip #26)
[09/02/21 10:11:37] D2BS 12596: ÿc7Picked up ÿc450 Gold
[09/02/21 10:11:38] D2BS 12596: ÿc7Picked up ÿc0Scroll of Town Portal ÿc7(13/20)
[09/02/21 10:12:02] D2BS 12596: ÿc7Picked up ÿc3Greater Mana Potion ÿc0(ilvl 1) (MidGame.nip #27)
[09/02/21 10:12:08] D2BS 12596: ÿc7Picked up ÿc1Healing Potion ÿc0(ilvl 1) (MidGame.nip #26)
[09/02/21 10:12:12] D2BS 12596: 80
[09/02/21 10:12:30] D2BS 12596: ÿc7Picked up ÿc0Superior Unraveller Head ÿc0(ilvl 22)
[09/02/21 10:12:30] D2BS 12596: ÿc7Picked up ÿc0Scroll of Town Portal ÿc7(13/20)
[09/02/21 10:12:30] D2BS 12596: ÿc7Picked up ÿc1Greater Healing Potion ÿc0(ilvl 1) (MidGame.nip #28)
[09/02/21 10:12:30] D2BS 12596: ÿc7Picked up ÿc479 Gold
[09/02/21 10:12:30] D2BS 12596: ÿc7Picked up ÿc0Superior Great Axe ÿc0(ilvl 22)
[09/02/21 10:13:13] D2BS 12596: ÿc7Picked up ÿc1Light Healing Potion ÿc0(ilvl 1) (EarlyGame.nip #31)
[09/02/21 10:13:13] D2BS 12596: ÿc7Picked up ÿc4250 Gold
[09/02/21 10:13:13] D2BS 12596: ÿc7Picked up ÿc1Healing Potion ÿc0(ilvl 1) (MidGame.nip #26)
[09/02/21 10:13:36] D2BS 12596: ÿc7Picked up ÿc3Falchion ÿc0(ilvl 25) (Singer.xpac.nip #2)
[09/02/21 10:13:36] D2BS 12596: ÿc7Picked up ÿc3Mana Potion ÿc0(ilvl 1) (MidGame.nip #25)
[09/02/21 10:14:31] D2BS 12596: ÿc7Picked up ÿc4120 Gold
[09/02/21 10:14:31] D2BS 12596: ÿc7Picked up ÿc448 Gold
[09/02/21 10:14:31] D2BS 12596: ÿc7Picked up ÿc468 Gold
[09/02/21 10:14:31] D2BS 12596: ÿc7Picked up ÿc439 Gold
[09/02/21 10:14:32] D2BS 12596: move retry 1
[09/02/21 10:14:47] D2BS 12596: move retry 1
[09/02/21 10:14:49] D2BS 12596: move retry 1
[09/02/21 10:14:52] D2BS 12596: move retry 2
[09/02/21 10:14:56] D2BS 12596: move retry 3
[09/02/21 10:15:30] D2BS 12596: ÿc7Picked up ÿc448 Gold
[09/02/21 10:15:30] D2BS 12596: ÿc7Picked up ÿc428 Gold
[09/02/21 10:15:30] D2BS 12596: ÿc7Picked up ÿc0Damaged Heavy Belt ÿc0(ilvl 24)
[09/02/21 10:15:31] D2BS 12596: ÿc7Picked up ÿc473 Gold
[09/02/21 10:15:34] D2BS 12596: ÿc7Picked up ÿc4129 Gold
[09/02/21 10:15:34] D2BS 12596: ÿc7Picked up ÿc439 Gold
[09/02/21 10:15:34] D2BS 12596: ÿc7Picked up ÿc425 Gold
[09/02/21 10:15:35] D2BS 12596: ÿc7Picked up ÿc484 Gold
[09/02/21 10:15:35] D2BS 12596: ÿc7Picked up ÿc427 Gold
[09/02/21 10:15:35] D2BS 12596: ÿc7Picked up ÿc450 Gold
[09/02/21 10:15:35] D2BS 12596: ÿc7Picked up ÿc4121 Gold
[09/02/21 10:15:35] D2BS 12596: ÿc7Picked up ÿc4118 Gold
[09/02/21 10:15:40] D2BS 12596: ÿc7Picked up ÿc0Damaged Scythe ÿc0(ilvl 24)
[09/02/21 10:15:40] D2BS 12596: ÿc7Trying to make room for ÿc3Heavy Crossbow
[09/02/21 10:15:40] D2BS 12596: initNPC: heal
[09/02/21 10:15:45] D2BS 12596: initNPC: identify
[09/02/21 10:15:48] D2BS 12596: initNPC: fillTome
[09/02/21 10:15:49] D2BS 12596: ÿc4MiniShopBotÿc0: Scanning 43 items.
[09/02/21 10:15:49] D2BS 12596: initNPC: buyPotions
[09/02/21 10:15:50] D2BS 12596: LowGold sell Superior Unraveller Head
[09/02/21 10:15:50] D2BS 12596: initNPC: clearInventory
[09/02/21 10:15:50] D2BS 12596: LowGold sell Damaged Scythe
[09/02/21 10:15:50] D2BS 12596: initNPC: clearInventory
[09/02/21 10:15:52] D2BS 12596: LowGold sell Superior Great Axe
[09/02/21 10:15:52] D2BS 12596: initNPC: clearInventory
[09/02/21 10:15:54] D2BS 12596: LowGold sell Damaged Heavy Belt
[09/02/21 10:15:54] D2BS 12596: initNPC: clearInventory
[09/02/21 10:16:02] D2BS 12596: initNPC: reviveMerc
[09/02/21 10:16:23] D2BS 12596: move retry 1
[09/02/21 10:16:26] D2BS 12596: ÿc7Picked up ÿc3Heavy Crossbow ÿc0(ilvl 24)
[09/02/21 10:16:26] D2BS 12596: ÿc7Picked up ÿc0Crude War Axe ÿc0(ilvl 24)
[09/02/21 10:16:32] D2BS 12596: ÿc7Picked up ÿc492 Gold
[09/02/21 10:16:33] D2BS 12596: ÿc7Picked up ÿc462 Gold
[09/02/21 10:16:33] D2BS 12596: ÿc7Picked up ÿc4106 Gold
[09/02/21 10:16:33] D2BS 12596: ÿc7Picked up ÿc455 Gold
[09/02/21 10:16:33] D2BS 12596: ÿc7Picked up ÿc496 Gold
[09/02/21 10:16:33] D2BS 12596: ÿc7Picked up ÿc4107 Gold
[09/02/21 10:16:38] D2BS 12596: ÿc7Picked up ÿc3Plated Belt ÿc0(ilvl 24) (Singer.xpac.nip #85)
[09/02/21 10:16:38] D2BS 12596: ÿc7Picked up ÿc470 Gold
[09/02/21 10:16:41] D2BS 12596: ÿc7Picked up ÿc3Bone Helm ÿc0(ilvl 24) (Singer.xpac.nip #30)
[09/02/21 10:16:42] D2BS 12596: ÿc7Picked up ÿc4133 Gold
[09/02/21 10:16:42] D2BS 12596: ÿc7Picked up ÿc438 Gold
[09/02/21 10:16:42] D2BS 12596: ÿc7Picked up ÿc461 Gold
[09/02/21 10:16:42] D2BS 12596: ÿc7Picked up ÿc3Spear ÿc0(ilvl 24) (PreMercLance.xpac.nip #4)
[09/02/21 10:16:42] D2BS 12596: ÿc7Trying to make room for ÿc3Maiden Spear
[09/02/21 10:16:42] D2BS 12596: initNPC: heal
[09/02/21 10:16:46] D2BS 12596: initNPC: identify
[09/02/21 10:16:54] D2BS 12596: ÿc4MiniShopBotÿc0: Scanning 62 items.
[09/02/21 10:16:55] D2BS 12596: LowGold sell Crude War Axe
[09/02/21 10:16:55] D2BS 12596: initNPC: clearInventory
[09/02/21 10:16:57] D2BS 12596: move retry 1
[09/02/21 10:17:01] D2BS 12596: initNPC: buyKeys
[09/02/21 10:17:33] D2BS 12596: ÿc7Picked up ÿc4133 Gold
[09/02/21 10:17:33] D2BS 12596: ÿc7Picked up ÿc490 Gold
[09/02/21 10:17:33] D2BS 12596: ÿc7Picked up ÿc1Greater Healing Potion ÿc0(ilvl 1) (MidGame.nip #28)
[09/02/21 10:17:33] D2BS 12596: ÿc7Picked up ÿc9Mace ÿc0(ilvl 24) (Singer.xpac.nip #2)
[09/02/21 10:17:33] D2BS 12596: ÿc7Picked up ÿc1Greater Healing Potion ÿc0(ilvl 1) (MidGame.nip #28)
[09/02/21 10:17:38] D2BS 12596: ÿc7Picked up ÿc491 Gold
[09/02/21 10:17:38] D2BS 12596: ÿc7Picked up ÿc4107 Gold
[09/02/21 10:17:38] D2BS 12596: ÿc7Picked up ÿc478 Gold
[09/02/21 10:17:39] D2BS 12596: ÿc7Picked up ÿc0Superior Pilum ÿc0(ilvl 24)
[09/02/21 10:17:39] D2BS 12596: ÿc7Picked up ÿc0Crude Heavy Crossbow ÿc0(ilvl 24)
[09/02/21 10:17:39] D2BS 12596: ÿc7Picked up ÿc498 Gold
[09/02/21 10:17:39] D2BS 12596: ÿc7Picked up ÿc4100 Gold
[09/02/21 10:17:44] D2BS 12596: ÿc7Picked up ÿc0Cracked Scimitar ÿc0(ilvl 24)
[09/02/21 10:17:52] D2BS 12596: ÿc7Picked up ÿc0Scroll of Town Portal ÿc7(18/20)
[09/02/21 10:17:55] D2BS 12596: ÿc7Picked up ÿc429 Gold
[09/02/21 10:17:55] D2BS 12596: ÿc7Picked up ÿc486 Gold
[09/02/21 10:17:55] D2BS 12596: ÿc7Picked up ÿc4103 Gold
[09/02/21 10:17:55] D2BS 12596: ÿc7Picked up ÿc0ÿc4Khalim's Heart ÿc0(ilvl 1) (LateGame.nip #24)
[09/02/21 10:17:55] D2BS 12596: ÿc7Picked up ÿc480 Gold
[09/02/21 10:17:55] D2BS 12596: ÿc7Picked up ÿc448 Gold
[09/02/21 10:17:56] D2BS 12596: ÿc7Picked up ÿc490 Gold
[09/02/21 10:17:56] D2BS 12596: ÿc7Picked up ÿc4129 Gold
[09/02/21 10:17:56] D2BS 12596: ÿc7Picked up ÿc488 Gold
[09/02/21 10:17:56] D2BS 12596: ÿc7Picked up ÿc3Balanced Knife ÿc0(ilvl 24)
[09/02/21 10:17:56] D2BS 12596: ÿc7Picked up ÿc464 Gold
[09/02/21 10:18:00] D2BS 12596: initNPC: identify
[09/02/21 10:18:09] D2BS 12596: ÿc4MiniShopBotÿc0: Scanning 59 items.
[09/02/21 10:18:09] D2BS 12596: LowGold sell Superior Pilum
[09/02/21 10:18:09] D2BS 12596: initNPC: clearInventory
[09/02/21 10:18:09] D2BS 12596: LowGold sell Cracked Scimitar
[09/02/21 10:18:09] D2BS 12596: initNPC: clearInventory
[09/02/21 10:18:12] D2BS 12596: LowGold sell Crude Heavy Crossbow
[09/02/21 10:18:12] D2BS 12596: initNPC: clearInventory
[09/02/21 10:18:18] D2BS 12596: Successfully placed ÿc4Khalim's Heart at X: 2 Y: 1
[09/02/21 10:18:19] D2BS 12596: initNPC: BuyPotions
[09/02/21 10:18:23] D2BS 12596: move retry 1
[09/02/21 10:18:31] D2BS 12596: 80,94
[09/02/21 10:18:54] D2BS 12596: 94
[09/02/21 10:19:05] D2BS 12596: ÿc7Picked up ÿc0Bone Shield ÿc0(ilvl 26)
[09/02/21 10:19:06] D2BS 12596: ÿc7Picked up ÿc1Light Healing Potion ÿc0(ilvl 1) (EarlyGame.nip #31)
[09/02/21 10:19:09] D2BS 12596: ÿc7Picked up ÿc0Two-Handed Sword ÿc0(ilvl 26)
[09/02/21 10:19:09] D2BS 12596: ÿc7Picked up ÿc4128 Gold
[09/02/21 10:19:09] D2BS 12596: ÿc7Picked up ÿc453 Gold
[09/02/21 10:19:09] D2BS 12596: ÿc7Picked up ÿc493 Gold
[09/02/21 10:19:10] D2BS 12596: ÿc7Picked up ÿc0Long Battle Bow ÿc0(ilvl 26)
[09/02/21 10:19:16] D2BS 12596: move retry 1
[09/02/21 10:19:24] D2BS 12596: ÿc7Picked up ÿc4127 Gold
[09/02/21 10:19:25] D2BS 12596: ÿc7Picked up ÿc4130 Gold
[09/02/21 10:19:25] D2BS 12596: ÿc7Picked up ÿc4115 Gold
[09/02/21 10:19:26] D2BS 12596: ÿc7Picked up ÿc3Mana Potion ÿc0(ilvl 1) (MidGame.nip #25)
[09/02/21 10:19:28] D2BS 12596: ÿc7Picked up ÿc494 Gold
[09/02/21 10:19:28] D2BS 12596: ÿc7Picked up ÿc1Greater Healing Potion ÿc0(ilvl 1) (MidGame.nip #28)
[09/02/21 10:19:28] D2BS 12596: ÿc7Picked up ÿc0Spetum ÿc0(ilvl 23)
[09/02/21 10:19:28] D2BS 12596: ÿc7Picked up ÿc443 Gold
[09/02/21 10:19:28] D2BS 12596: ÿc7Picked up ÿc4134 Gold
[09/02/21 10:19:28] D2BS 12596: ÿc7Picked up ÿc0Scroll of Town Portal ÿc7(17/20)
[09/02/21 10:19:30] D2BS 12596: ÿc7Picked up ÿc0Voulge ÿc0(ilvl 23)
[09/02/21 10:19:31] D2BS 12596: ÿc7Picked up ÿc489 Gold
[09/02/21 10:19:41] D2BS 12596: ÿc7Trying to make room for ÿc0ÿc4Lam Esen's Tome
[09/02/21 10:19:42] D2BS 12596: initNPC: heal
[09/02/21 10:19:45] D2BS 12596: initNPC: identify
[09/02/21 10:19:46] D2BS 12596: ÿc4MiniShopBotÿc0: Scanning 38 items.
[09/02/21 10:19:47] D2BS 12596: LowGold sell Bone Shield
[09/02/21 10:19:47] D2BS 12596: initNPC: clearInventory
[09/02/21 10:19:47] D2BS 12596: LowGold sell Voulge
[09/02/21 10:19:47] D2BS 12596: initNPC: clearInventory
[09/02/21 10:19:49] D2BS 12596: LowGold sell Spetum
[09/02/21 10:19:49] D2BS 12596: initNPC: clearInventory
[09/02/21 10:19:51] D2BS 12596: LowGold sell Long Battle Bow
[09/02/21 10:19:51] D2BS 12596: initNPC: clearInventory
[09/02/21 10:19:53] D2BS 12596: LowGold sell Two-Handed Sword
[09/02/21 10:19:53] D2BS 12596: initNPC: clearInventory
[09/02/21 10:19:56] D2BS 12596: move retry 1
[09/02/21 10:19:57] D2BS 12596: move retry 2
[09/02/21 10:20:19] D2BS 12596: 80,81
[09/02/21 10:20:41] D2BS 12596: move retry 1
[09/02/21 10:20:56] D2BS 12596: move retry 2
[09/02/21 10:20:59] D2BS 12596: move retry 3
[09/02/21 10:21:33] D2BS 12596: ÿc1Skipping Zakarumite 356 16
[09/02/21 10:21:44] D2BS 12596: ÿc1Skipping Hell Swarm 373 16
[09/02/21 10:21:58] D2BS 12596: ÿc7Picked up ÿc424 Gold
[09/02/21 10:22:05] D2BS 12596: ÿc1Pausing.
[09/02/21 10:22:09] D2BS 12596: ÿc2Resuming.
[09/02/21 10:22:12] D2BS 12596: ÿc7Picked up ÿc429 Gold
[09/02/21 10:22:12] D2BS 12596: ÿc7Picked up ÿc0Claymore ÿc0(ilvl 23)
[09/02/21 10:22:20] D2BS 12596: ÿc7Picked up ÿc469 Gold
[09/02/21 10:22:20] D2BS 12596: ÿc7Picked up ÿc1Light Healing Potion ÿc0(ilvl 1) (EarlyGame.nip #31)
[09/02/21 10:22:21] D2BS 12596: ÿc7Picked up ÿc3Small Charm ÿc0(ilvl 23) (LateGame.nip #11)
[09/02/21 10:22:21] D2BS 12596: ÿc7Picked up ÿc451 Gold
[09/02/21 10:22:28] D2BS 12596: 81,82,83
[09/02/21 10:22:55] D2BS 12596: move retry 1
[09/02/21 10:23:06] D2BS 12596: ÿc1Skipping Temple Guard 450 16
[09/02/21 10:23:06] D2BS 12596: move retry 2
[09/02/21 10:23:15] D2BS 12596: ÿc7Picked up ÿc1Light Healing Potion ÿc0(ilvl 1) (EarlyGame.nip #31)
[09/02/21 10:23:15] D2BS 12596: ÿc7Picked up ÿc1Healing Potion ÿc0(ilvl 1) (MidGame.nip #26)
[09/02/21 10:23:15] D2BS 12596: ÿc7Picked up ÿc4119 Gold
[09/02/21 10:23:46] D2BS 12596: ÿc7Picked up ÿc0Scythe ÿc0(ilvl 23)
[09/02/21 10:23:54] D2BS 12596: ÿc7Picked up ÿc1Healing Potion ÿc0(ilvl 1) (MidGame.nip #26)
[09/02/21 10:24:01] D2BS 12596: initNPC: heal
[09/02/21 10:24:11] D2BS 12596: initNPC: identify
[09/02/21 10:24:13] D2BS 12596: initNPC: fillTome
[09/02/21 10:24:15] D2BS 12596: ÿc4MiniShopBotÿc0: Scanning 48 items.
[09/02/21 10:24:16] D2BS 12596: initNPC: buyPotions
[09/02/21 10:24:16] D2BS 12596: LowGold sell Scythe
[09/02/21 10:24:16] D2BS 12596: initNPC: clearInventory
[09/02/21 10:24:16] D2BS 12596: LowGold sell Claymore
[09/02/21 10:24:16] D2BS 12596: initNPC: clearInventory
[09/02/21 10:24:23] D2BS 12596: initNPC: BuyPotions
[09/02/21 10:25:23] D2BS 12596: ÿc1Skipping Winged Nightmare 518 16
[09/02/21 10:25:40] D2BS 12596: ÿc1Skipping Soul Killer 523 16
[09/02/21 10:25:43] D2BS 12596: ÿc7Picked up ÿc437 Gold
[09/02/21 10:25:53] D2BS 12596: ÿc1Skipping Soul Killer Shaman 521 16
[09/02/21 10:26:21] D2BS 12596: ÿc1Skipping Flayer 734 16
[09/02/21 10:26:35] D2BS 12596: ÿc1Skipping Flayer 730 16
[09/02/21 10:26:47] D2BS 12596: ÿc1Skipping Flayer 731 16
[09/02/21 10:26:48] D2BS 12596: ÿc7Picked up ÿc4114 Gold
[09/02/21 10:27:07] D2BS 12596: move retry 1
[09/02/21 10:27:58] D2BS 12596: ÿc7Picked up ÿc461 Gold
[09/02/21 10:28:38] D2BS 12596: ÿc1Skipping Slime Prince 904 16
[09/02/21 10:29:24] D2BS 12596: ÿc1Skipping Flayer 958 16
[09/02/21 10:29:30] D2BS 12596: ÿc1Skipping Soul Killer 968 16
[09/02/21 10:29:30] D2BS 12596: ÿc1Pausing.
[09/02/21 10:29:31] D2BS 12596: initNPC: heal
[09/02/21 10:29:34] D2BS 12596: initNPC: buyPotions
[09/02/21 10:29:44] D2BS 12596: ÿc2Resuming.
[09/02/21 10:29:59] D2BS 12596: ÿc7Picked up ÿc4114 Gold
[09/02/21 10:30:00] D2BS 12596: ÿc7Picked up ÿc3Mana Potion ÿc0(ilvl 1) (MidGame.nip #25)
[09/02/21 10:30:25] D2BS 12596: ÿc7Picked up ÿc3Greater Mana Potion ÿc0(ilvl 1) (MidGame.nip #27)
[09/02/21 10:30:25] D2BS 12596: ÿc7Picked up ÿc4190 Gold
[09/02/21 10:30:43] D2BS 12596: ÿc7Picked up ÿc4125 Gold
[09/02/21 10:31:02] D2BS 12596: ÿc7Picked up ÿc3Greater Mana Potion ÿc0(ilvl 1) (MidGame.nip #27)
[09/02/21 10:31:03] D2BS 12596: ÿc7Picked up ÿc1Light Healing Potion ÿc0(ilvl 1) (EarlyGame.nip #31)
[09/02/21 10:31:51] D2BS 12596: initNPC: heal
[09/02/21 10:31:56] D2BS 12596: initNPC: buyPotions
[09/02/21 10:32:02] D2BS 12596: initNPC: BuyPotions
[09/02/21 10:32:31] D2BS 12596: ÿc7Picked up ÿc470 Gold
[09/02/21 10:32:31] D2BS 12596: ÿc7Picked up ÿc0ÿc4Khalim's Brain ÿc0(ilvl 1) (LateGame.nip #25)
[09/02/21 10:32:31] D2BS 12596: ÿc7Picked up ÿc4118 Gold
[09/02/21 10:32:31] D2BS 12596: ÿc7Picked up ÿc4103 Gold
[09/02/21 10:32:31] D2BS 12596: ÿc7Picked up ÿc452 Gold
[09/02/21 10:32:31] D2BS 12596: ÿc7Picked up ÿc452 Gold
[09/02/21 10:32:31] D2BS 12596: ÿc7Picked up ÿc498 Gold
[09/02/21 10:32:31] D2BS 12596: ÿc7Picked up ÿc444 Gold
[09/02/21 10:32:32] D2BS 12596: ÿc7Picked up ÿc4125 Gold
[09/02/21 10:32:32] D2BS 12596: ÿc7Picked up ÿc457 Gold
[09/02/21 10:32:32] D2BS 12596: ÿc7Picked up ÿc486 Gold
[09/02/21 10:32:32] D2BS 12596: ÿc7Picked up ÿc435 Gold
[09/02/21 10:32:32] D2BS 12596: ÿc7Picked up ÿc425 Gold
[09/02/21 10:32:37] D2BS 12596: ÿc7Picked up ÿc0Battle Axe ÿc0(ilvl 22)
[09/02/21 10:32:38] D2BS 12596: ÿc7Picked up ÿc4113 Gold
[09/02/21 10:32:39] D2BS 12596: 91
[09/02/21 10:32:52] D2BS 12596: ÿc1Skipping Flayer 1272 16
[09/02/21 10:33:04] D2BS 12596: ÿc7Picked up ÿc453 Gold
[09/02/21 10:33:04] D2BS 12596: ÿc7Picked up ÿc473 Gold
[09/02/21 10:33:05] D2BS 12596: ÿc7Picked up ÿc468 Gold
[09/02/21 10:33:09] D2BS 12596: ÿc7Picked up ÿc0War Staff ÿc0(ilvl 23)
[09/02/21 10:33:20] D2BS 12596: Boss not found
[09/02/21 10:33:20] D2BS 12596: initNPC: heal
[09/02/21 10:33:24] D2BS 12596: initNPC: identify
[09/02/21 10:33:25] D2BS 12596: ÿc4MiniShopBotÿc0: Scanning 41 items.
[09/02/21 10:33:26] D2BS 12596: initNPC: buyPotions
[09/02/21 10:33:27] D2BS 12596: LowGold sell Battle Axe
[09/02/21 10:33:27] D2BS 12596: initNPC: clearInventory
[09/02/21 10:33:27] D2BS 12596: LowGold sell War Staff
[09/02/21 10:33:27] D2BS 12596: initNPC: clearInventory
[09/02/21 10:33:34] D2BS 12596: Successfully placed ÿc4Khalim's Brain at X: 3 Y: 1
[09/02/21 10:33:35] D2BS 12596: initNPC: BuyPotions
[09/02/21 10:33:54] D2BS 12596: 83
[09/02/21 10:34:15] D2BS 12596: move retry 1
[09/02/21 10:34:31] D2BS 12596: ÿc1Skipping Council Member 1445 16
[09/02/21 10:34:50] D2BS 12596: ÿc1Pausing.
[09/02/21 10:34:52] D2BS 12596: initNPC: heal
[09/02/21 10:34:55] D2BS 12596: initNPC: fillTome
[09/02/21 10:34:57] D2BS 12596: initNPC: buyPotions
[09/02/21 10:35:05] D2BS 12596: initNPC: reviveMerc
[09/02/21 10:35:17] D2BS 12596: ÿc2Resuming.
[09/02/21 10:36:10] D2BS 12596: ÿc7Picked up ÿc4ÿc4Khalim's Flail ÿc0(ilvl 28) (LateGame.nip #22)
[09/02/21 10:37:19] D2BS 12596: 83
[09/02/21 10:37:30] D2BS 12596: 83
[09/02/21 10:37:32] D2BS 12596: initNPC: heal
[09/02/21 10:37:37] D2BS 12596: initNPC: buyPotions
[09/02/21 10:37:45] D2BS 12596: Successfully placed ÿc4Khalim's Flail at X: 2 Y: 2
[09/02/21 10:37:46] D2BS 12596: initNPC: BuyPotions
[09/02/21 10:38:10] D2BS 12596: 75
[09/02/21 10:38:12] D2BS 12596: Successfully placed ÿc4Khalim's Eye at X: 0 Y: 0
[09/02/21 10:38:12] D2BS 12596: Successfully placed ÿc4Khalim's Brain at X: 0 Y: 0
[09/02/21 10:38:13] D2BS 12596: Successfully placed ÿc4Khalim's Heart at X: 0 Y: 0
[09/02/21 10:38:14] D2BS 12596: Successfully placed ÿc4Khalim's Flail at X: 0 Y: 0
[09/02/21 10:38:16] D2BS 12596: Successfully placed ÿc4Khalim's Will at X: 0 Y: 1
[09/02/21 10:38:16] D2BS 12596: 83
[09/02/21 10:38:19] D2BS 12596: 83
[09/02/21 10:38:38] D2BS 12596: initNPC: heal
[09/02/21 10:38:42] D2BS 12596: Tangerine Crystal Sword of Measure
[09/02/21 10:38:43] D2BS 12596: initNPC: BuyPotions
[09/02/21 10:38:53] D2BS 12596: 83
[09/02/21 10:39:08] D2BS 12596: 100
[09/02/21 10:39:35] D2BS 12596: ÿc7Picked up ÿc0Flawed Diamond ÿc0(ilvl 1)
[09/02/21 10:39:35] D2BS 12596: ÿc7Picked up ÿc0Flawed Amethyst ÿc0(ilvl 1)
[09/02/21 10:39:35] D2BS 12596: ÿc7Picked up ÿc440 Gold
[09/02/21 10:39:35] D2BS 12596: ÿc7Picked up ÿc4138 Gold
[09/02/21 10:39:36] D2BS 12596: ÿc7Picked up ÿc0Crude Spetum ÿc0(ilvl 25)
[09/02/21 10:39:37] D2BS 12596: ÿc7Picked up ÿc438 Gold
[09/02/21 10:39:40] D2BS 12596: ÿc7Picked up ÿc1Healing Potion ÿc0(ilvl 1) (MidGame.nip #26)
[09/02/21 10:39:42] D2BS 12596: ÿc7Picked up ÿc4123 Gold
[09/02/21 10:39:48] D2BS 12596: ÿc7Picked up ÿc489 Gold
[09/02/21 10:39:48] D2BS 12596: ÿc7Picked up ÿc466 Gold
[09/02/21 10:39:51] D2BS 12596: ÿc7Picked up ÿc482 Gold
[09/02/21 10:39:51] D2BS 12596: ÿc7Picked up ÿc0Low Quality Broad Axe ÿc0(ilvl 25)
[09/02/21 10:39:58] D2BS 12596: ÿc7Picked up ÿc0Bastard Sword ÿc0(ilvl 25)
[09/02/21 10:39:58] D2BS 12596: ÿc7Picked up ÿc0Crude Skull Cap ÿc0(ilvl 25)
[09/02/21 10:40:01] D2BS 12596: ÿc7Picked up ÿc444 Gold
[09/02/21 10:40:02] D2BS 12596: ÿc7Picked up ÿc0Superior Heavy Boots ÿc0(ilvl 25)
[09/02/21 10:40:07] D2BS 12596: 101
[09/02/21 10:40:11] D2BS 12596: ÿc7Picked up ÿc0Wolf Head ÿc0(ilvl 24)
[09/02/21 10:40:14] D2BS 12596: ÿc7Picked up ÿc1Greater Healing Potion ÿc0(ilvl 1) (MidGame.nip #28)
[09/02/21 10:40:20] D2BS 12596: move retry 1
[09/02/21 10:40:24] D2BS 12596: move retry 1
[09/02/21 10:40:26] D2BS 12596: ÿc7Picked up ÿc4135 Gold
[09/02/21 10:40:26] D2BS 12596: ÿc7Picked up ÿc0Flawed Sapphire ÿc0(ilvl 1)
[09/02/21 10:40:29] D2BS 12596: ÿc7Picked up ÿc431 Gold
[09/02/21 10:40:30] D2BS 12596: ÿc7Picked up ÿc431 Gold
[09/02/21 10:40:30] D2BS 12596: ÿc7Trying to make room for ÿc0Superior Giant Axe
[09/02/21 10:40:30] D2BS 12596: initNPC: identify
[09/02/21 10:40:35] D2BS 12596: ÿc4MiniShopBotÿc0: Scanning 52 items.
[09/02/21 10:40:36] D2BS 12596: LowGold sell Crude Spetum
[09/02/21 10:40:36] D2BS 12596: initNPC: clearInventory
[09/02/21 10:40:36] D2BS 12596: LowGold sell Bastard Sword
[09/02/21 10:40:36] D2BS 12596: initNPC: clearInventory
[09/02/21 10:40:38] D2BS 12596: LowGold sell Crude Skull Cap
[09/02/21 10:40:38] D2BS 12596: initNPC: clearInventory
[09/02/21 10:40:40] D2BS 12596: LowGold sell Superior Heavy Boots
[09/02/21 10:40:40] D2BS 12596: initNPC: clearInventory
[09/02/21 10:40:42] D2BS 12596: LowGold sell Low Quality Broad Axe
[09/02/21 10:40:42] D2BS 12596: initNPC: clearInventory
[09/02/21 10:40:44] D2BS 12596: LowGold sell Wolf Head
[09/02/21 10:40:44] D2BS 12596: initNPC: clearInventory
[09/02/21 10:40:46] D2BS 12596: LowGold sell Flawed Diamond
[09/02/21 10:40:46] D2BS 12596: initNPC: clearInventory
[09/02/21 10:40:48] D2BS 12596: LowGold sell Flawed Sapphire
[09/02/21 10:40:48] D2BS 12596: initNPC: clearInventory
[09/02/21 10:40:50] D2BS 12596: LowGold sell Flawed Amethyst
[09/02/21 10:40:50] D2BS 12596: initNPC: clearInventory
[09/02/21 10:41:00] D2BS 12596: ÿc7Picked up ÿc0Scroll of Town Portal ÿc7(13/20)
[09/02/21 10:41:01] D2BS 12596: ÿc7Picked up ÿc;Rejuvenation Potion ÿc0(ilvl 1) (LateGame.nip #34)
[09/02/21 10:41:10] D2BS 12596: ÿc7Picked up ÿc4122 Gold
[09/02/21 10:41:10] D2BS 12596: ÿc7Picked up ÿc0Cracked Cestus ÿc0(ilvl 25)
[09/02/21 10:41:10] D2BS 12596: ÿc7Picked up ÿc3Crossbow ÿc0(ilvl 25)
[09/02/21 10:41:16] D2BS 12596: ÿc7Picked up ÿc0Aerin Shield ÿc0(ilvl 25)
[09/02/21 10:41:16] D2BS 12596: ÿc7Picked up ÿc485 Gold
[09/02/21 10:41:16] D2BS 12596: ÿc7Picked up ÿc4100 Gold
[09/02/21 10:41:16] D2BS 12596: ÿc7Picked up ÿc0Cracked Balanced Axe ÿc0(ilvl 25)
[09/02/21 10:41:16] D2BS 12596: ÿc7Picked up ÿc0Chipped Ruby ÿc0(ilvl 1)
[09/02/21 10:41:22] D2BS 12596: ÿc7Picked up ÿc444 Gold
[09/02/21 10:41:22] D2BS 12596: ÿc7Picked up ÿc0Crude Cestus ÿc0(ilvl 25)
[09/02/21 10:41:22] D2BS 12596: ÿc7Picked up ÿc472 Gold
[09/02/21 10:41:22] D2BS 12596: ÿc7Picked up ÿc477 Gold
[09/02/21 10:41:27] D2BS 12596: ÿc7Picked up ÿc3Greater Mana Potion ÿc0(ilvl 1) (MidGame.nip #27)
[09/02/21 10:41:27] D2BS 12596: ÿc7Picked up ÿc436 Gold
[09/02/21 10:41:34] D2BS 12596: ÿc7Picked up ÿc8Tal Rune ÿc0(ilvl 1) (MidGame.nip #2)
[09/02/21 10:41:34] D2BS 12596: ÿc7Picked up ÿc4127 Gold
[09/02/21 10:41:34] D2BS 12596: ÿc7Picked up ÿc4101 Gold
[09/02/21 10:41:35] D2BS 12596: ÿc7Picked up ÿc449 Gold
[09/02/21 10:41:36] D2BS 12596: ÿc7Picked up ÿc436 Gold
[09/02/21 10:41:36] D2BS 12596: ÿc7Picked up ÿc4134 Gold
[09/02/21 10:41:40] D2BS 12596: ÿc7Picked up ÿc1Light Healing Potion ÿc0(ilvl 1) (EarlyGame.nip #31)
[09/02/21 10:41:40] D2BS 12596: ÿc7Picked up ÿc445 Gold
[09/02/21 10:41:40] D2BS 12596: ÿc7Picked up ÿc461 Gold
[09/02/21 10:42:05] D2BS 12596: ÿc1Skipping Mauler 1565 16
[09/02/21 10:42:18] D2BS 12596: ÿc1Skipping Dark Lord 1562 16
[09/02/21 10:42:20] D2BS 12596: ÿc7Picked up ÿc4148 Gold
[09/02/21 10:42:30] D2BS 12596: ÿc1Skipping Dark Lord 1598 16
[09/02/21 10:42:31] D2BS 12596: ÿc7Picked up ÿc3Greater Mana Potion ÿc0(ilvl 1) (MidGame.nip #27)
[09/02/21 10:42:41] D2BS 12596: ÿc1Skipping Dark Lord 1598 16
[09/02/21 10:42:44] D2BS 12596: ÿc7Picked up ÿc4125 Gold
[09/02/21 10:43:00] D2BS 12596: Script default.dbj ended
[09/02/21 10:43:00] D2BS 12596: Script tools\autobuildthread.js ended
[09/02/21 10:43:00] D2BS 12596: Script tools\party.js ended
[09/02/21 10:43:00] D2BS 12596: Script tools\toolsthread.js ended
[09/02/21 10:43:00] D2BS 12596: Script tools\townchicken.js ended
[09/02/21 10:43:01] D2BS 12596: 12
[09/02/21 10:43:04] D2BS 12596: ÿc2D2BSÿc0 :: Starting default.dbj
[09/02/21 10:43:04] D2BS 12596: ÿc2D2BSÿc0 :: default.dbj running.
[09/02/21 10:43:04] D2BS 12596: AutoBuild: Including build template config/builds/barbarian.singer.js into default.dbj
[09/02/21 10:43:04] D2BS 12596: Updating Config from level 0 to 25
[09/02/21 10:43:04] D2BS 12596: ÿc4Loaded NIP: ÿc2LateGame.nipÿc4. Lines: ÿc281ÿc4. Valid entries: ÿc254. ÿc4Time: ÿc20 ms
[09/02/21 10:43:04] D2BS 12596: ÿc4Loaded NIP: ÿc2MidGame.nipÿc4. Lines: ÿc281ÿc4. Valid entries: ÿc246. ÿc4Time: ÿc20 ms
[09/02/21 10:43:04] D2BS 12596: ÿc4Loaded NIP: ÿc2EarlyGame.nipÿc4. Lines: ÿc231ÿc4. Valid entries: ÿc214. ÿc4Time: ÿc20 ms
[09/02/21 10:43:04] D2BS 12596: ÿc4Loaded NIP: ÿc2SingerRunes.nipÿc4. Lines: ÿc221ÿc4. Valid entries: ÿc210. ÿc4Time: ÿc20 ms
[09/02/21 10:43:04] D2BS 12596: ÿc4Loaded NIP: ÿc2Singer.xpac.nipÿc4. Lines: ÿc2121ÿc4. Valid entries: ÿc2104. ÿc4Time: ÿc215 ms
[09/02/21 10:43:04] D2BS 12596: ÿc4Loaded NIP: ÿc2PreMercLance.xpac.nipÿc4. Lines: ÿc27ÿc4. Valid entries: ÿc24. ÿc4Time: ÿc20 ms
[09/02/21 10:43:04] D2BS 12596: ÿc4Loaded NIP: ÿc2Merc.xpac.nipÿc4. Lines: ÿc217ÿc4. Valid entries: ÿc211. ÿc4Time: ÿc20 ms
[09/02/21 10:43:04] D2BS 12596: ÿc4Loaded NIP: ÿc2MercLance.xpac.nipÿc4. Lines: ÿc217ÿc4. Valid entries: ÿc211. ÿc4Time: ÿc20 ms
[09/02/21 10:43:04] D2BS 12596: AutoBuild: Including build template config/builds/barbarian.singer.js into tools\autobuildthread.js
[09/02/21 10:43:04] D2BS 12596: Updating Config from level 0 to 25
[09/02/21 10:43:04] D2BS 12596: AutoBuild: Loaded helper thread
[09/02/21 10:43:04] D2BS 12596: LowGold sell Cracked Cestus
[09/02/21 10:43:04] D2BS 12596: initNPC: clearInventory
[09/02/21 10:43:04] D2BS 12596: AutoBuild: Including build template config/builds/barbarian.singer.js into tools\party.js
[09/02/21 10:43:04] D2BS 12596: Updating Config from level 0 to 25
[09/02/21 10:43:04] D2BS 12596: ÿc2Party thread loaded. Mode: Invite
[09/02/21 10:43:04] D2BS 12596: AutoBuild: Including build template config/builds/barbarian.singer.js into tools\townchicken.js
[09/02/21 10:43:04] D2BS 12596: Updating Config from level 0 to 25
[09/02/21 10:43:04] D2BS 12596: ÿc3Start ToolsThread script
[09/02/21 10:43:04] D2BS 12596: AutoBuild: Including build template config/builds/barbarian.singer.js into tools\toolsthread.js
[09/02/21 10:43:04] D2BS 12596: Updating Config from level 0 to 25
[09/02/21 10:43:13] D2BS 12596: LowGold sell Crossbow
[09/02/21 10:43:13] D2BS 12596: initNPC: clearInventory
[09/02/21 10:43:15] D2BS 12596: LowGold sell Cracked Balanced Axe
[09/02/21 10:43:15] D2BS 12596: initNPC: clearInventory
[09/02/21 10:43:17] D2BS 12596: LowGold sell Crude Cestus
[09/02/21 10:43:17] D2BS 12596: initNPC: clearInventory
[09/02/21 10:43:19] D2BS 12596: LowGold sell Aerin Shield
[09/02/21 10:43:19] D2BS 12596: initNPC: clearInventory
[09/02/21 10:43:21] D2BS 12596: LowGold sell Chipped Ruby
[09/02/21 10:43:21] D2BS 12596: initNPC: clearInventory
[09/02/21 10:43:23] D2BS 12596: ÿc2Starting script: ÿc9LevelLeader
[09/02/21 10:43:23] D2BS 12596: ÿc4MiniShopBotÿc0: Scanning 50 items.
[09/02/21 10:43:24] D2BS 12596: initNPC: fillTome
[09/02/21 10:43:25] D2BS 12596: initNPC: buyPotions
[09/02/21 10:43:32] D2BS 12596: Successfully placed Tal Rune at X: 7 Y: 0
[09/02/21 10:43:33] D2BS 12596: initNPC: BuyPotions
[09/02/21 10:43:52] D2BS 12596: Up to Act:3 Durance Of Hate Level 2
[09/02/21 10:43:54] D2BS 12596: 101
[09/02/21 10:44:14] D2BS 12596: ÿc7Picked up ÿc0Scroll of Town Portal ÿc7(20/20)
[09/02/21 10:44:14] D2BS 12596: ÿc7Picked up ÿc4101 Gold
[09/02/21 10:44:38] D2BS 12596: ÿc7Picked up ÿc452 Gold
[09/02/21 10:44:41] D2BS 12596: ÿc7Picked up ÿc432 Gold
[09/02/21 10:44:44] D2BS 12596: ÿc7Picked up ÿc3Greater Mana Potion ÿc0(ilvl 1) (MidGame.nip #27)
[09/02/21 10:44:44] D2BS 12596: ÿc7Picked up ÿc0Crude Gargoyle Head ÿc0(ilvl 25)
[09/02/21 10:44:45] D2BS 12596: ÿc7Picked up ÿc448 Gold
[09/02/21 10:44:51] D2BS 12596: move retry 1
[09/02/21 10:44:56] D2BS 12596: ÿc7Picked up ÿc0Kris ÿc0(ilvl 24)
[09/02/21 10:44:58] D2BS 12596: ÿc7Picked up ÿc3Greater Mana Potion ÿc0(ilvl 1) (MidGame.nip #27)
[09/02/21 10:44:58] D2BS 12596: ÿc7Picked up ÿc0Claws ÿc0(ilvl 25)
[09/02/21 10:44:58] D2BS 12596: ÿc7Picked up ÿc0Chipped Diamond ÿc0(ilvl 1)
[09/02/21 10:45:02] D2BS 12596: ÿc7Picked up ÿc0Claws ÿc0(ilvl 25)
[09/02/21 10:45:03] D2BS 12596: ÿc7Picked up ÿc0Brandistock ÿc0(ilvl 25)
[09/02/21 10:45:03] D2BS 12596: ÿc7Picked up ÿc4147 Gold
[09/02/21 10:45:06] D2BS 12596: ÿc7Picked up ÿc4106 Gold
[09/02/21 10:45:06] D2BS 12596: ÿc7Picked up ÿc0Brandistock ÿc0(ilvl 25)
[09/02/21 10:45:12] D2BS 12596: 102
[09/02/21 10:45:13] D2BS 12596: ÿc7Picked up ÿc0Scroll of Town Portal ÿc7(20/20)
[09/02/21 10:45:13] D2BS 12596: ÿc7Trying to make room for ÿc0Hunter's Bow
[09/02/21 10:45:13] D2BS 12596: initNPC: heal
[09/02/21 10:45:17] D2BS 12596: initNPC: identify
[09/02/21 10:45:18] D2BS 12596: ÿc4MiniShopBotÿc0: Scanning 59 items.
[09/02/21 10:45:18] D2BS 12596: LowGold sell Crude Gargoyle Head
[09/02/21 10:45:18] D2BS 12596: initNPC: clearInventory
[09/02/21 10:45:19] D2BS 12596: LowGold sell Brandistock
[09/02/21 10:45:19] D2BS 12596: initNPC: clearInventory
[09/02/21 10:45:21] D2BS 12596: LowGold sell Brandistock
[09/02/21 10:45:21] D2BS 12596: initNPC: clearInventory
[09/02/21 10:45:23] D2BS 12596: LowGold sell Claws
[09/02/21 10:45:23] D2BS 12596: initNPC: clearInventory
[09/02/21 10:45:25] D2BS 12596: LowGold sell Claws
[09/02/21 10:45:25] D2BS 12596: initNPC: clearInventory
[09/02/21 10:45:27] D2BS 12596: LowGold sell Kris
[09/02/21 10:45:27] D2BS 12596: initNPC: clearInventory
[09/02/21 10:45:29] D2BS 12596: LowGold sell Chipped Diamond
[09/02/21 10:45:29] D2BS 12596: initNPC: clearInventory
[09/02/21 10:45:38] D2BS 12596: ÿc7Picked up ÿc0Hunter's Bow ÿc0(ilvl 25)
[09/02/21 10:46:04] D2BS 12596: ÿc7Picked up ÿc4136 Gold
[09/02/21 10:46:20] D2BS 12596: ÿc7Picked up ÿc9Spetum ÿc0(ilvl 25) (PreMercLance.xpac.nip #4)
[09/02/21 10:46:21] D2BS 12596: ÿc7Picked up ÿc3Super Mana Potion ÿc0(ilvl 1) (LateGame.nip #32)
[09/02/21 10:46:30] D2BS 12596: ÿc7Picked up ÿc4830 Gold
[09/02/21 10:46:30] D2BS 12596: move retry 1
[09/02/21 10:46:39] D2BS 12596: ÿc7Picked up ÿc;Rejuvenation Potion ÿc0(ilvl 1) (LateGame.nip #34)
[09/02/21 10:46:42] D2BS 12596: ÿc7Picked up ÿc0Damaged Bone Shield ÿc0(ilvl 25)
[09/02/21 10:46:43] D2BS 12596: ÿc7Picked up ÿc1Minor Healing Potion ÿc0(ilvl 1) (EarlyGame.nip #29)
[09/02/21 10:46:55] D2BS 12596: ÿc7Picked up ÿc0Flawed Topaz ÿc0(ilvl 1)
[09/02/21 10:46:55] D2BS 12596: ÿc7Picked up ÿc0Flawed Diamond ÿc0(ilvl 1)
[09/02/21 10:47:07] D2BS 12596: ÿc7Picked up ÿc8Eth Rune ÿc0(ilvl 1)
[09/02/21 10:47:29] D2BS 12596: ÿc7Picked up ÿc9Crossbow ÿc0(ilvl 28)
[09/02/21 10:47:29] D2BS 12596: ÿc7Picked up ÿc4205 Gold
[09/02/21 10:47:30] D2BS 12596: ÿc7Picked up ÿc4136 Gold
[09/02/21 10:47:30] D2BS 12596: ÿc7Trying to make room for ÿc0Crude Broad Axe
[09/02/21 10:47:30] D2BS 12596: initNPC: heal
[09/02/21 10:47:34] D2BS 12596: initNPC: identify
[09/02/21 10:47:37] D2BS 12596: ÿc4MiniShopBotÿc0: Scanning 49 items.
[09/02/21 10:47:38] D2BS 12596: LowGold sell Hunter's Bow
[09/02/21 10:47:38] D2BS 12596: initNPC: clearInventory
[09/02/21 10:47:38] D2BS 12596: LowGold sell Damaged Bone Shield
[09/02/21 10:47:38] D2BS 12596: initNPC: clearInventory
[09/02/21 10:47:40] D2BS 12596: LowGold sell Flawed Topaz
[09/02/21 10:47:40] D2BS 12596: initNPC: clearInventory
[09/02/21 10:47:42] D2BS 12596: LowGold sell Flawed Diamond
[09/02/21 10:47:42] D2BS 12596: initNPC: clearInventory
[09/02/21 10:47:44] D2BS 12596: LowGold sell Eth Rune
[09/02/21 10:47:44] D2BS 12596: initNPC: clearInventory
[09/02/21 10:47:46] D2BS 12596: Rainbow Bone Shield 
[09/02/21 10:47:48] D2BS 12596: move retry 1
[09/02/21 10:47:51] D2BS 12596: move retry 2
[09/02/21 10:47:57] D2BS 12596: ÿc7Picked up ÿc0Crude Broad Axe ÿc0(ilvl 25)
[09/02/21 10:47:58] D2BS 12596: ÿc7Picked up ÿc446 Gold
[09/02/21 10:48:10] D2BS 12596: ÿc7Picked up ÿc4117 Gold
[09/02/21 10:48:10] D2BS 12596: ÿc7Picked up ÿc0Cracked Double Axe ÿc0(ilvl 25)
[09/02/21 10:48:10] D2BS 12596: ÿc7Picked up ÿc0Cracked Scythe ÿc0(ilvl 25)
[09/02/21 10:48:43] D2BS 12596: AutoBuild: Stat points: 41      Skill points: 11
[09/02/21 10:48:43] D2BS 12596: AutoBuild: Level up detected ( 25 --> 26 )
[09/02/21 10:48:43] D2BS 12596: AutoBuild: useSkillPoint(): Battle Orders (149)
[09/02/21 10:48:43] D2BS 12596: AutoBuild: Skill (1/1) Increased Battle Orders (149) by one (level:  2)
[09/02/21 10:48:43] D2BS 12596: AutoBuild: useStatPoint(0): Strength
[09/02/21 10:48:43] D2BS 12596: AutoBuild: Stat (1/5) Increased Strength from 49 to 50
[09/02/21 10:48:43] D2BS 12596: AutoBuild: useStatPoint(3): Vitality
[09/02/21 10:48:43] D2BS 12596: AutoBuild: Stat (2/5) Increased Vitality from 97 to 98
[09/02/21 10:48:43] D2BS 12596: AutoBuild: useStatPoint(3): Vitality
[09/02/21 10:48:43] D2BS 12596: AutoBuild: Stat (3/5) Increased Vitality from 98 to 99
[09/02/21 10:48:43] D2BS 12596: AutoBuild: useStatPoint(3): Vitality
[09/02/21 10:48:43] D2BS 12596: AutoBuild: Stat (4/5) Increased Vitality from 99 to 100
[09/02/21 10:48:43] D2BS 12596: AutoBuild: useStatPoint(3): Vitality
[09/02/21 10:48:44] D2BS 12596: AutoBuild: Stat (5/5) Increased Vitality from 100 to 101
[09/02/21 10:48:44] D2BS 12596: Updating Config from level 25 to 26
[09/02/21 10:48:44] D2BS 12596: Updating Config from level 25 to 26
[09/02/21 10:48:44] D2BS 12596: AutoBuild: Updating Config from level 25 to 26
[09/02/21 10:48:44] D2BS 12596: Updating Config from level 25 to 26
[09/02/21 10:48:44] D2BS 12596: Updating Config from level 25 to 26
[09/02/21 10:48:44] D2BS 12596: AutoBuild: Incrementing cached character level to 26
[09/02/21 10:48:44] D2BS 12596: ÿc7Picked up ÿc0Full Helm ÿc0(ilvl 25)
[09/02/21 10:48:59] D2BS 12596: ÿc7Picked up ÿc458 Gold
[09/02/21 10:48:59] D2BS 12596: ÿc7Picked up ÿc0Crude Two-Handed Sword ÿc0(ilvl 25)
[09/02/21 10:48:59] D2BS 12596: ÿc7Trying to make room for ÿc0Damaged Maul
[09/02/21 10:48:59] D2BS 12596: initNPC: identify
[09/02/21 10:49:04] D2BS 12596: ÿc4MiniShopBotÿc0: Scanning 58 items.
[09/02/21 10:49:05] D2BS 12596: initNPC: buyPotions
[09/02/21 10:49:05] D2BS 12596: LowGold sell Crude Broad Axe
[09/02/21 10:49:05] D2BS 12596: initNPC: clearInventory
[09/02/21 10:49:06] D2BS 12596: LowGold sell Cracked Double Axe
[09/02/21 10:49:06] D2BS 12596: initNPC: clearInventory
[09/02/21 10:49:08] D2BS 12596: LowGold sell Full Helm
[09/02/21 10:49:08] D2BS 12596: initNPC: clearInventory
[09/02/21 10:49:10] D2BS 12596: LowGold sell Crude Two-Handed Sword
[09/02/21 10:49:10] D2BS 12596: initNPC: clearInventory
[09/02/21 10:49:12] D2BS 12596: LowGold sell Cracked Scythe
[09/02/21 10:49:12] D2BS 12596: initNPC: clearInventory
[09/02/21 10:49:20] D2BS 12596: initNPC: reviveMerc
[09/02/21 10:49:37] D2BS 12596: ÿc7Picked up ÿc1Healing Potion ÿc0(ilvl 1) (MidGame.nip #26)
[09/02/21 10:49:37] D2BS 12596: ÿc7Picked up ÿc1Healing Potion ÿc0(ilvl 1) (MidGame.nip #26)
[09/02/21 10:49:37] D2BS 12596: ÿc7Picked up ÿc3Amulet ÿc0(ilvl 25) (LateGame.nip #29)
[09/02/21 10:49:40] D2BS 12596: ÿc7Picked up ÿc4136 Gold
[09/02/21 10:49:40] D2BS 12596: ÿc7Picked up ÿc0Scroll of Town Portal ÿc7(15/20)
[09/02/21 10:49:40] D2BS 12596: ÿc7Picked up ÿc0Cracked Voulge ÿc0(ilvl 25)
[09/02/21 10:49:41] D2BS 12596: ÿc7Picked up ÿc4126 Gold
[09/02/21 10:49:54] D2BS 12596: ÿc7Picked up ÿc0Crown Shield ÿc0(ilvl 24)
[09/02/21 10:50:33] D2BS 12596: move retry 1
[09/02/21 10:50:53] D2BS 12596: ÿc7Picked up ÿc455 Gold
[09/02/21 10:50:53] D2BS 12596: ÿc7Picked up ÿc4118 Gold
[09/02/21 10:50:53] D2BS 12596: ÿc7Picked up ÿc3Ring ÿc0(ilvl 25) (Singer.xpac.nip #96)
[09/02/21 10:50:53] D2BS 12596: ÿc7Picked up ÿc1Greater Healing Potion ÿc0(ilvl 1) (MidGame.nip #28)
[09/02/21 10:50:55] D2BS 12596: ÿc7Picked up ÿc495 Gold
[09/02/21 10:50:55] D2BS 12596: ÿc7Picked up ÿc454 Gold
[09/02/21 10:50:55] D2BS 12596: ÿc7Picked up ÿc1Greater Healing Potion ÿc0(ilvl 1) (MidGame.nip #28)
[09/02/21 10:50:55] D2BS 12596: ÿc7Picked up ÿc4137 Gold
[09/02/21 10:50:55] D2BS 12596: ÿc7Picked up ÿc3Mask ÿc0(ilvl 25) (Merc.xpac.nip #15)
[09/02/21 10:51:40] D2BS 12596: move retry 1
[09/02/21 10:51:42] D2BS 12596: move retry 2
[09/02/21 10:52:19] D2BS 12596: move retry 1
[09/02/21 10:52:21] D2BS 12596: move retry 2
[09/02/21 10:52:58] D2BS 12596: move retry 1
[09/02/21 10:53:00] D2BS 12596: move retry 2
[09/02/21 10:53:36] D2BS 12596: initNPC: heal
[09/02/21 10:53:40] D2BS 12596: initNPC: identify
[09/02/21 10:53:46] D2BS 12596: ÿc4MiniShopBotÿc0: Scanning 48 items.
[09/02/21 10:53:46] D2BS 12596: LowGold sell Cracked Voulge
[09/02/21 10:53:46] D2BS 12596: initNPC: clearInventory
[09/02/21 10:53:46] D2BS 12596: LowGold sell Crown Shield
[09/02/21 10:53:46] D2BS 12596: initNPC: clearInventory
[09/02/21 10:53:54] D2BS 12596: initNPC: heal
[09/02/21 10:54:29] D2BS 6752: D2BS Engine startup complete. 1.6.4U
[09/02/21 10:54:29] D2BS 6752: Singer
[09/02/21 10:54:29] D2BS 6752: ÿc2D2BSÿc0 :: Switched to profile Singer
[09/02/21 10:54:29] D2BS 6752: ÿc2D2BSÿc0 :: Engine startup complete!
[09/02/21 10:54:29] D2BS 6752: ÿc2D2BSÿc0 :: Starting D2BotLanLead.dbj
[09/02/21 10:54:29] D2BS 6752: ÿc2D2BSÿc0 :: D2BotLanLead.dbj running.
[09/02/21 10:54:29] D2BS 6752: ÿc2D2BSÿc0 :: Started Console Script
[09/02/21 10:54:31] D2BS 6752: Heartbeat loaded
[09/02/21 10:54:32] D2BS 6752: 0
[09/02/21 10:54:33] D2BS 6752: 0
[09/02/21 10:54:34] D2BS 6752: 0
[09/02/21 10:54:35] D2BS 6752: 0
[09/02/21 10:54:37] D2BS 6752: 39
[09/02/21 10:54:38] D2BS 6752: 40
[09/02/21 10:54:39] D2BS 6752: 12
[09/02/21 10:54:43] D2BS 6752: ÿc2D2BSÿc0 :: Starting default.dbj
[09/02/21 10:54:43] D2BS 6752: ÿc2D2BSÿc0 :: default.dbj running.
[09/02/21 10:54:43] D2BS 6752: AutoBuild: Including build template config/builds/barbarian.singer.js into default.dbj
[09/02/21 10:54:43] D2BS 6752: Updating Config from level 0 to 26
[09/02/21 10:54:43] D2BS 6752: ÿc4Loaded NIP: ÿc2LateGame.nipÿc4. Lines: ÿc281ÿc4. Valid entries: ÿc254. ÿc4Time: ÿc20 ms
[09/02/21 10:54:43] D2BS 6752: ÿc4Loaded NIP: ÿc2MidGame.nipÿc4. Lines: ÿc281ÿc4. Valid entries: ÿc246. ÿc4Time: ÿc216 ms
[09/02/21 10:54:43] D2BS 6752: ÿc4Loaded NIP: ÿc2EarlyGame.nipÿc4. Lines: ÿc231ÿc4. Valid entries: ÿc214. ÿc4Time: ÿc20 ms
[09/02/21 10:54:43] D2BS 6752: ÿc4Loaded NIP: ÿc2SingerRunes.nipÿc4. Lines: ÿc221ÿc4. Valid entries: ÿc210. ÿc4Time: ÿc20 ms
[09/02/21 10:54:43] D2BS 6752: ÿc4Loaded NIP: ÿc2Singer.xpac.nipÿc4. Lines: ÿc2121ÿc4. Valid entries: ÿc2104. ÿc4Time: ÿc20 ms
[09/02/21 10:54:43] D2BS 6752: ÿc4Loaded NIP: ÿc2PreMercLance.xpac.nipÿc4. Lines: ÿc27ÿc4. Valid entries: ÿc24. ÿc4Time: ÿc20 ms
[09/02/21 10:54:43] D2BS 6752: ÿc4Loaded NIP: ÿc2Merc.xpac.nipÿc4. Lines: ÿc217ÿc4. Valid entries: ÿc211. ÿc4Time: ÿc20 ms
[09/02/21 10:54:43] D2BS 6752: ÿc4Loaded NIP: ÿc2MercLance.xpac.nipÿc4. Lines: ÿc217ÿc4. Valid entries: ÿc211. ÿc4Time: ÿc20 ms
[09/02/21 10:54:43] D2BS 6752: AutoBuild: Including build template config/builds/barbarian.singer.js into tools\autobuildthread.js
[09/02/21 10:54:43] D2BS 6752: Updating Config from level 0 to 26
[09/02/21 10:54:43] D2BS 6752: AutoBuild: Loaded helper thread
[09/02/21 10:54:43] D2BS 6752: ÿc2Starting script: ÿc9LevelLeader
[09/02/21 10:54:43] D2BS 6752: AutoBuild: Including build template config/builds/barbarian.singer.js into tools\party.js
[09/02/21 10:54:43] D2BS 6752: Updating Config from level 0 to 26
[09/02/21 10:54:43] D2BS 6752: ÿc2Party thread loaded. Mode: Invite
[09/02/21 10:54:43] D2BS 6752: initNPC: BuyPotions
[09/02/21 10:54:43] D2BS 6752: ÿc3Start ToolsThread script
[09/02/21 10:54:43] D2BS 6752: AutoBuild: Including build template config/builds/barbarian.singer.js into tools\toolsthread.js
[09/02/21 10:54:43] D2BS 6752: Updating Config from level 0 to 26
[09/02/21 10:54:43] D2BS 6752: AutoBuild: Including build template config/builds/barbarian.singer.js into tools\townchicken.js
[09/02/21 10:54:43] D2BS 6752: Updating Config from level 0 to 26
[09/02/21 10:54:43] D2BS 6752: Updating Status
[09/02/21 10:55:05] D2BS 6752: Up to Act:3 Durance Of Hate Level 2
[09/02/21 10:55:07] D2BS 6752: 101
[09/02/21 10:55:25] D2BS 6752: ÿc7Picked up ÿc0Crude Kite Shield ÿc0(ilvl 25)
[09/02/21 10:55:25] D2BS 6752: ÿc7Picked up ÿc3Small Charm ÿc0(ilvl 25) (LateGame.nip #11)
[09/02/21 10:55:25] D2BS 6752: ÿc7Picked up ÿc0Damaged Full Helm ÿc0(ilvl 25)
[09/02/21 10:55:25] D2BS 6752: ÿc7Picked up ÿc4139 Gold
[09/02/21 10:55:25] D2BS 6752: ÿc7Picked up ÿc4143 Gold
[09/02/21 10:55:25] D2BS 6752: ÿc7Picked up ÿc4140 Gold
[09/02/21 10:55:25] D2BS 6752: ÿc7Picked up ÿc0Low Quality Crossbow ÿc0(ilvl 25)
[09/02/21 10:55:26] D2BS 6752: move retry 1
[09/02/21 10:55:32] D2BS 6752: ÿc7Picked up ÿc466 Gold
[09/02/21 10:55:39] D2BS 6752: 102
[09/02/21 10:55:46] D2BS 6752: ÿc7Picked up ÿc451 Gold
[09/02/21 10:55:47] D2BS 6752: ÿc7Picked up ÿc0Damaged Double Axe ÿc0(ilvl 25)
[09/02/21 10:55:57] D2BS 6752: ÿc7Picked up ÿc4126 Gold
[09/02/21 10:55:57] D2BS 6752: ÿc7Picked up ÿc437 Gold
[09/02/21 10:56:05] D2BS 6752: ÿc7Trying to make room for ÿc0War Scepter
[09/02/21 10:56:06] D2BS 6752: initNPC: heal
[09/02/21 10:56:10] D2BS 6752: initNPC: identify
[09/02/21 10:56:13] D2BS 6752: initNPC: fillTome
[09/02/21 10:56:14] D2BS 6752: ÿc4MiniShopBotÿc0: Scanning 44 items.
[09/02/21 10:56:14] D2BS 6752: LowGold sell Crude Kite Shield
[09/02/21 10:56:14] D2BS 6752: initNPC: clearInventory
[09/02/21 10:56:14] D2BS 6752: LowGold sell Damaged Full Helm
[09/02/21 10:56:14] D2BS 6752: initNPC: clearInventory
[09/02/21 10:56:17] D2BS 6752: LowGold sell Damaged Double Axe
[09/02/21 10:56:17] D2BS 6752: initNPC: clearInventory
[09/02/21 10:56:19] D2BS 6752: LowGold sell Low Quality Crossbow
[09/02/21 10:56:19] D2BS 6752: initNPC: clearInventory
[09/02/21 10:56:27] D2BS 6752: initNPC: buyKeys
[09/02/21 10:56:53] D2BS 6752: ÿc7Picked up ÿc438 Gold
[09/02/21 10:56:53] D2BS 6752: ÿc7Picked up ÿc4117 Gold
[09/02/21 10:56:53] D2BS 6752: ÿc7Picked up ÿc481 Gold
[09/02/21 10:56:53] D2BS 6752: ÿc7Picked up ÿc0Spetum ÿc0(ilvl 25)
[09/02/21 10:56:53] D2BS 6752: ÿc7Picked up ÿc0Scroll of Town Portal ÿc7(20/20)
[09/02/21 10:57:05] D2BS 6752: ÿc7Picked up ÿc3Pilum ÿc0(ilvl 28) (Singer.xpac.nip #2)
[09/02/21 10:57:06] D2BS 6752: ÿc7Picked up ÿc0ÿc4A Jade Figurine ÿc0(ilvl 1) (LateGame.nip #19)
[09/02/21 10:57:06] D2BS 6752: ÿc7Picked up ÿc4380 Gold
[09/02/21 10:57:07] D2BS 6752: ÿc7Picked up ÿc3Flail ÿc0(ilvl 28) (Singer.xpac.nip #2)
[09/02/21 10:57:12] D2BS 6752: ÿc7Picked up ÿc0Low Quality Crossbow ÿc0(ilvl 25)
[09/02/21 10:57:12] D2BS 6752: ÿc7Picked up ÿc4113 Gold
[09/02/21 10:57:31] D2BS 6752: ÿc7Picked up ÿc465 Gold
[09/02/21 10:57:31] D2BS 6752: ÿc7Picked up ÿc0Crude Yew Wand ÿc0(ilvl 25)
[09/02/21 10:57:31] D2BS 6752: ÿc7Trying to make room for ÿc0Damaged War Hammer
[09/02/21 10:57:31] D2BS 6752: initNPC: heal
[09/02/21 10:57:36] D2BS 6752: initNPC: identify
[09/02/21 10:57:40] D2BS 6752: ÿc4MiniShopBotÿc0: Scanning 48 items.
[09/02/21 10:58:01] D2BS 6752: move retry 1
[09/02/21 10:58:28] D2BS 6752: LowGold sell Crude Yew Wand
[09/02/21 10:58:28] D2BS 6752: initNPC: clearInventory
[09/02/21 10:58:40] D2BS 6752: LowGold sell Low Quality Crossbow
[09/02/21 10:58:40] D2BS 6752: initNPC: clearInventory
[09/02/21 10:58:42] D2BS 6752: LowGold sell Spetum
[09/02/21 10:58:42] D2BS 6752: initNPC: clearInventory
[09/02/21 10:58:44] D2BS 6752: clearInventory sell undefined
[09/02/21 10:58:44] D2BS 6752: ÿc1Error in ÿc0LevelLeader ÿc1(prototypes.js line ÿc1251): ÿc1Unit.sell: Must be used on items.
[09/02/21 10:58:44] D2BS 6752: ÿc8Run duration ÿc2241.406
[09/02/21 10:58:44] D2BS 6752: Script tools\autobuildthread.js ended
[09/02/21 10:58:44] D2BS 6752: Script tools\party.js ended
[09/02/21 10:58:44] D2BS 6752: Script tools\townchicken.js ended
[09/02/21 10:58:44] D2BS 6752: 12
[09/02/21 10:58:48] D2BS 6752: ÿc2D2BSÿc0 :: Starting default.dbj
[09/02/21 10:58:48] D2BS 6752: ÿc2D2BSÿc0 :: default.dbj running.
[09/02/21 10:58:48] D2BS 6752: AutoBuild: Including build template config/builds/barbarian.singer.js into default.dbj
[09/02/21 10:58:48] D2BS 6752: Updating Config from level 0 to 26
[09/02/21 10:58:48] D2BS 6752: ÿc4Loaded NIP: ÿc2LateGame.nipÿc4. Lines: ÿc281ÿc4. Valid entries: ÿc254. ÿc4Time: ÿc20 ms
[09/02/21 10:58:48] D2BS 6752: ÿc4Loaded NIP: ÿc2MidGame.nipÿc4. Lines: ÿc281ÿc4. Valid entries: ÿc246. ÿc4Time: ÿc20 ms
[09/02/21 10:58:48] D2BS 6752: ÿc4Loaded NIP: ÿc2EarlyGame.nipÿc4. Lines: ÿc231ÿc4. Valid entries: ÿc214. ÿc4Time: ÿc20 ms
[09/02/21 10:58:48] D2BS 6752: ÿc4Loaded NIP: ÿc2SingerRunes.nipÿc4. Lines: ÿc221ÿc4. Valid entries: ÿc210. ÿc4Time: ÿc20 ms
[09/02/21 10:58:48] D2BS 6752: ÿc4Loaded NIP: ÿc2Singer.xpac.nipÿc4. Lines: ÿc2121ÿc4. Valid entries: ÿc2104. ÿc4Time: ÿc216 ms
[09/02/21 10:58:48] D2BS 6752: ÿc4Loaded NIP: ÿc2PreMercLance.xpac.nipÿc4. Lines: ÿc27ÿc4. Valid entries: ÿc24. ÿc4Time: ÿc20 ms
[09/02/21 10:58:48] D2BS 6752: ÿc4Loaded NIP: ÿc2Merc.xpac.nipÿc4. Lines: ÿc217ÿc4. Valid entries: ÿc211. ÿc4Time: ÿc20 ms
[09/02/21 10:58:48] D2BS 6752: ÿc4Loaded NIP: ÿc2MercLance.xpac.nipÿc4. Lines: ÿc217ÿc4. Valid entries: ÿc211. ÿc4Time: ÿc20 ms
[09/02/21 10:58:48] D2BS 6752: AutoBuild: Including build template config/builds/barbarian.singer.js into tools\autobuildthread.js
[09/02/21 10:58:48] D2BS 6752: Updating Config from level 0 to 26
[09/02/21 10:58:48] D2BS 6752: AutoBuild: Loaded helper thread
[09/02/21 10:58:48] D2BS 6752: ÿc2Starting script: ÿc9LevelLeader
[09/02/21 10:58:48] D2BS 6752: AutoBuild: Including build template config/builds/barbarian.singer.js into tools\party.js
[09/02/21 10:58:48] D2BS 6752: Updating Config from level 0 to 26
[09/02/21 10:58:48] D2BS 6752: ÿc2Party thread loaded. Mode: Invite
[09/02/21 10:58:48] D2BS 6752: initNPC: BuyPotions
[09/02/21 10:58:48] D2BS 6752: ÿc3Start ToolsThread script
[09/02/21 10:58:48] D2BS 6752: AutoBuild: Including build template config/builds/barbarian.singer.js into tools\townchicken.js
[09/02/21 10:58:48] D2BS 6752: AutoBuild: Including build template config/builds/barbarian.singer.js into tools\toolsthread.js
[09/02/21 10:58:48] D2BS 6752: Updating Config from level 0 to 26
[09/02/21 10:58:48] D2BS 6752: Updating Config from level 0 to 26
[09/02/21 10:59:05] D2BS 6752: move retry 1
[09/02/21 10:59:17] D2BS 6752: Up to Act:3 Durance Of Hate Level 2
[09/02/21 10:59:19] D2BS 6752: 101
[09/02/21 10:59:31] D2BS 6752: ÿc7Picked up ÿc0Scroll of Town Portal ÿc7(14/20)
[09/02/21 10:59:31] D2BS 6752: ÿc7Picked up ÿc446 Gold
[09/02/21 10:59:31] D2BS 6752: ÿc7Picked up ÿc0Cracked Bone Helm ÿc0(ilvl 25)
[09/02/21 10:59:31] D2BS 6752: ÿc7Picked up ÿc3Claymore ÿc0(ilvl 25) (Singer.xpac.nip #2)
[09/02/21 10:59:34] D2BS 6752: ÿc7Picked up ÿc479 Gold
[09/02/21 10:59:34] D2BS 6752: ÿc7Picked up ÿc0Flawed Emerald ÿc0(ilvl 1)
[09/02/21 10:59:34] D2BS 6752: ÿc7Picked up ÿc4118 Gold
[09/02/21 10:59:35] D2BS 6752: ÿc7Picked up ÿc4103 Gold
[09/02/21 10:59:53] D2BS 6752: move retry 1
[09/02/21 10:59:54] D2BS 6752: ÿc7Picked up ÿc4132 Gold
[09/02/21 11:00:07] D2BS 6752: ÿc7Picked up ÿc472 Gold
[09/02/21 11:00:09] D2BS 6752: ÿc7Picked up ÿc4125 Gold
[09/02/21 11:00:09] D2BS 6752: ÿc7Picked up ÿc0Superior Battle Staff ÿc0(ilvl 25)
[09/02/21 11:00:35] D2BS 6752: ÿc7Picked up ÿc491 Gold
[09/02/21 11:00:36] D2BS 6752: ÿc7Picked up ÿc0Scroll of Town Portal ÿc7(14/20)
[09/02/21 11:00:38] D2BS 6752: ÿc7Picked up ÿc0Scroll of Town Portal ÿc7(15/20)
[09/02/21 11:00:38] D2BS 6752: ÿc7Picked up ÿc0Low Quality Broad Axe ÿc0(ilvl 25)
[09/02/21 11:00:47] D2BS 6752: ÿc7Picked up ÿc439 Gold
[09/02/21 11:00:48] D2BS 6752: ÿc7Picked up ÿc481 Gold
[09/02/21 11:00:48] D2BS 6752: ÿc7Picked up ÿc496 Gold
[09/02/21 11:00:48] D2BS 6752: ÿc7Picked up ÿc499 Gold
[09/02/21 11:00:48] D2BS 6752: ÿc7Picked up ÿc0Crude Double Axe ÿc0(ilvl 25)
[09/02/21 11:00:48] D2BS 6752: ÿc7Picked up ÿc455 Gold
[09/02/21 11:00:48] D2BS 6752: ÿc7Picked up ÿc0Scroll of Town Portal ÿc7(16/20)
[09/02/21 11:00:53] D2BS 6752: 102
[09/02/21 11:00:54] D2BS 6752: ÿc7Trying to make room for ÿc0Damaged Crossbow
[09/02/21 11:00:54] D2BS 6752: initNPC: heal
[09/02/21 11:00:58] D2BS 6752: initNPC: identify
[09/02/21 11:01:00] D2BS 6752: ÿc4MiniShopBotÿc0: Scanning 51 items.
[09/02/21 11:01:01] D2BS 6752: LowGold sell Cracked Bone Helm
[09/02/21 11:01:01] D2BS 6752: initNPC: clearInventory
[09/02/21 11:01:01] D2BS 6752: LowGold sell Crude Double Axe
[09/02/21 11:01:01] D2BS 6752: initNPC: clearInventory
[09/02/21 11:01:03] D2BS 6752: LowGold sell Low Quality Broad Axe
[09/02/21 11:01:03] D2BS 6752: initNPC: clearInventory
[09/02/21 11:01:05] D2BS 6752: LowGold sell Superior Battle Staff
[09/02/21 11:01:05] D2BS 6752: initNPC: clearInventory
[09/02/21 11:01:07] D2BS 6752: LowGold sell Flawed Emerald
[09/02/21 11:01:07] D2BS 6752: initNPC: clearInventory
[09/02/21 11:01:14] D2BS 6752: initNPC: buyKeys
[09/02/21 11:01:34] D2BS 6752: ÿc7Picked up ÿc0Low Quality Bone Helm ÿc0(ilvl 25)
[09/02/21 11:01:34] D2BS 6752: ÿc7Picked up ÿc0Scroll of Town Portal ÿc7(14/20)
[09/02/21 11:01:34] D2BS 6752: ÿc7Picked up ÿc0Damaged Giant Sword ÿc0(ilvl 25)
[09/02/21 11:01:34] D2BS 6752: ÿc7Picked up ÿc4123 Gold
[09/02/21 11:01:34] D2BS 6752: ÿc7Picked up ÿc459 Gold
[09/02/21 11:01:34] D2BS 6752: ÿc7Picked up ÿc0Damaged Crossbow ÿc0(ilvl 25)
[09/02/21 11:02:08] D2BS 6752: ÿc7Picked up ÿc0Damaged Claymore ÿc0(ilvl 25)
[09/02/21 11:02:08] D2BS 6752: ÿc7Picked up ÿc4123 Gold
[09/02/21 11:02:23] D2BS 6752: ÿc7Picked up ÿc0Kite Shield ÿc0(ilvl 25)
[09/02/21 11:02:24] D2BS 6752: ÿc7Trying to make room for ÿc3Long Sword
[09/02/21 11:02:25] D2BS 6752: initNPC: heal
[09/02/21 11:02:28] D2BS 6752: initNPC: identify
[09/02/21 11:02:29] D2BS 6752: ÿc4MiniShopBotÿc0: Scanning 53 items.
[09/02/21 11:02:30] D2BS 6752: LowGold sell Low Quality Bone Helm
[09/02/21 11:02:30] D2BS 6752: initNPC: clearInventory
[09/02/21 11:02:30] D2BS 6752: LowGold sell Kite Shield
[09/02/21 11:02:30] D2BS 6752: initNPC: clearInventory
[09/02/21 11:02:32] D2BS 6752: LowGold sell Damaged Claymore
[09/02/21 11:02:32] D2BS 6752: initNPC: clearInventory
[09/02/21 11:02:34] D2BS 6752: LowGold sell Damaged Crossbow
[09/02/21 11:02:34] D2BS 6752: initNPC: clearInventory
[09/02/21 11:02:36] D2BS 6752: LowGold sell Damaged Giant Sword
[09/02/21 11:02:36] D2BS 6752: initNPC: clearInventory
[09/02/21 11:02:50] D2BS 6752: ÿc7Picked up ÿc0Low Quality Sabre ÿc0(ilvl 25)
[09/02/21 11:02:50] D2BS 6752: ÿc7Picked up ÿc463 Gold
[09/02/21 11:02:50] D2BS 6752: ÿc7Picked up ÿc440 Gold
[09/02/21 11:03:03] D2BS 6752: ÿc1Skipping Blood Lord 129 16
[09/02/21 11:03:05] D2BS 6752: ÿc7Picked up ÿc493 Gold
[09/02/21 11:03:09] D2BS 6752: ÿc7Picked up ÿc0Chipped Diamond ÿc0(ilvl 1)
[09/02/21 11:03:10] D2BS 6752: ÿc7Picked up ÿc449 Gold
[09/02/21 11:03:10] D2BS 6752: ÿc7Picked up ÿc493 Gold
[09/02/21 11:03:13] D2BS 6752: ÿc7Picked up ÿc4134 Gold
[09/02/21 11:03:13] D2BS 6752: ÿc7Picked up ÿc4110 Gold
[09/02/21 11:03:14] D2BS 6752: ÿc7Picked up ÿc0Low Quality Giant Axe ÿc0(ilvl 25)
[09/02/21 11:03:16] D2BS 6752: ÿc7Picked up ÿc434 Gold
[09/02/21 11:03:17] D2BS 6752: ÿc7Picked up ÿc468 Gold
[09/02/21 11:03:17] D2BS 6752: ÿc7Picked up ÿc437 Gold
[09/02/21 11:03:17] D2BS 6752: ÿc7Picked up ÿc1Greater Healing Potion ÿc0(ilvl 1) (MidGame.nip #28)
[09/02/21 11:03:17] D2BS 6752: ÿc7Picked up ÿc4123 Gold
[09/02/21 11:03:40] D2BS 6752: ÿc7Picked up ÿc461 Gold
[09/02/21 11:03:41] D2BS 6752: ÿc7Picked up ÿc0Flawed Sapphire ÿc0(ilvl 1)
[09/02/21 11:03:45] D2BS 6752: ÿc7Picked up ÿc438 Gold
[09/02/21 11:03:45] D2BS 6752: ÿc7Picked up ÿc4131 Gold
[09/02/21 11:03:45] D2BS 6752: ÿc7Picked up ÿc429 Gold
[09/02/21 11:03:59] D2BS 6752: ÿc7Picked up ÿc4155 Gold
[09/02/21 11:04:00] D2BS 6752: ÿc7Picked up ÿc3Short Battle Bow ÿc0(ilvl 28)
[09/02/21 11:04:15] D2BS 6752: ÿc7Picked up ÿc0Cracked Balanced Knife ÿc0(ilvl 25)
[09/02/21 11:04:15] D2BS 6752: ÿc7Picked up ÿc436 Gold
[09/02/21 11:04:30] D2BS 6752: ÿc7Picked up ÿc486 Gold
[09/02/21 11:04:30] D2BS 6752: ÿc7Picked up ÿc0Damaged Trident ÿc0(ilvl 25)
[09/02/21 11:04:30] D2BS 6752: ÿc7Picked up ÿc470 Gold
[09/02/21 11:04:30] D2BS 6752: ÿc7Picked up ÿc0Low Quality Clasped Orb ÿc0(ilvl 25)
[09/02/21 11:04:30] D2BS 6752: ÿc7Picked up ÿc4125 Gold
[09/02/21 11:04:30] D2BS 6752: ÿc7Picked up ÿc4116 Gold
[09/02/21 11:04:30] D2BS 6752: ÿc7Picked up ÿc4133 Gold
[09/02/21 11:04:30] D2BS 6752: ÿc7Picked up ÿc496 Gold
[09/02/21 11:04:35] D2BS 6752: ÿc7Picked up ÿc440 Gold
[09/02/21 11:04:35] D2BS 6752: ÿc7Picked up ÿc452 Gold
[09/02/21 11:04:37] D2BS 6752: move retry 1
[09/02/21 11:04:43] D2BS 6752: ÿc7Trying to make room for ÿc0Aerin Shield
[09/02/21 11:04:43] D2BS 6752: initNPC: heal
[09/02/21 11:04:53] D2BS 6752: initNPC: identify
[09/02/21 11:04:54] D2BS 6752: initNPC: fillTome
[09/02/21 11:04:55] D2BS 6752: ÿc4MiniShopBotÿc0: Scanning 51 items.
[09/02/21 11:04:56] D2BS 6752: LowGold sell Low Quality Sabre
[09/02/21 11:04:56] D2BS 6752: initNPC: clearInventory
[09/02/21 11:04:56] D2BS 6752: LowGold sell Low Quality Giant Axe
[09/02/21 11:04:56] D2BS 6752: initNPC: clearInventory
[09/02/21 11:04:58] D2BS 6752: LowGold sell Cracked Balanced Knife
[09/02/21 11:04:58] D2BS 6752: initNPC: clearInventory
[09/02/21 11:05:00] D2BS 6752: LowGold sell Low Quality Clasped Orb
[09/02/21 11:05:00] D2BS 6752: initNPC: clearInventory
[09/02/21 11:05:02] D2BS 6752: LowGold sell Damaged Trident
[09/02/21 11:05:02] D2BS 6752: initNPC: clearInventory
[09/02/21 11:05:04] D2BS 6752: LowGold sell Chipped Diamond
[09/02/21 11:05:04] D2BS 6752: initNPC: clearInventory
[09/02/21 11:05:06] D2BS 6752: LowGold sell Flawed Sapphire
[09/02/21 11:05:06] D2BS 6752: initNPC: clearInventory
[09/02/21 11:05:16] D2BS 6752: ÿc7Picked up ÿc0Aerin Shield ÿc0(ilvl 24)
[09/02/21 11:06:04] D2BS 6752: ÿc7Picked up ÿc0Crude Dirk ÿc0(ilvl 25)
[09/02/21 11:06:04] D2BS 6752: ÿc7Picked up ÿc459 Gold
[09/02/21 11:06:04] D2BS 6752: ÿc7Picked up ÿc489 Gold
[09/02/21 11:06:04] D2BS 6752: ÿc7Picked up ÿc474 Gold
[09/02/21 11:06:10] D2BS 6752: ÿc7Picked up ÿc3Claymore ÿc0(ilvl 24) (Singer.xpac.nip #2)
[09/02/21 11:06:19] D2BS 6752: ÿc7Picked up ÿc1Greater Healing Potion ÿc0(ilvl 1) (MidGame.nip #28)
[09/02/21 11:06:19] D2BS 6752: ÿc7Picked up ÿc3Heavy Crossbow ÿc0(ilvl 25)
[09/02/21 11:06:22] D2BS 6752: ÿc7Picked up ÿc4110 Gold
[09/02/21 11:06:32] D2BS 6752: move retry 1
[09/02/21 11:06:33] D2BS 6752: 103,104
[09/02/21 11:07:09] D2BS 6752: ÿc1Skipping Flesh Spawner 174 16
[09/02/21 11:07:22] D2BS 6752: ÿc7Picked up ÿc0Chipped Diamond ÿc0(ilvl 1)
[09/02/21 11:08:03] D2BS 6752: ÿc7Picked up ÿc4129 Gold
[09/02/21 11:08:14] D2BS 6752: 105
[09/02/21 11:08:20] D2BS 6752: 105
[09/02/21 11:09:02] D2BS 6752: ÿc7Picked up ÿc1Light Healing Potion ÿc0(ilvl 1) (EarlyGame.nip #31)
[09/02/21 11:09:46] D2BS 6752: ÿc7Picked up ÿc4151 Gold
[09/02/21 11:10:05] D2BS 6752: ÿc7Picked up ÿc4805 Gold
[09/02/21 11:10:59] D2BS 6752: ÿc1Skipping Venom Lord 420 16
[09/02/21 11:11:09] D2BS 6752: ÿc1Pausing.
[09/02/21 11:11:09] D2BS 6752: initNPC: heal
[09/02/21 11:11:14] D2BS 6752: initNPC: identify
[09/02/21 11:11:16] D2BS 6752: ÿc4MiniShopBotÿc0: Scanning 62 items.
[09/02/21 11:11:17] D2BS 6752: initNPC: buyPotions
[09/02/21 11:11:19] D2BS 6752: LowGold sell Crude Dirk
[09/02/21 11:11:19] D2BS 6752: initNPC: clearInventory
[09/02/21 11:11:19] D2BS 6752: LowGold sell Aerin Shield
[09/02/21 11:11:19] D2BS 6752: initNPC: clearInventory
[09/02/21 11:11:21] D2BS 6752: LowGold sell Chipped Diamond
[09/02/21 11:11:21] D2BS 6752: initNPC: clearInventory
[09/02/21 11:11:33] D2BS 6752: ÿc2Resuming.
[09/02/21 11:11:42] D2BS 6752: ÿc1Skipping Venom Lord 417 16
[09/02/21 11:11:49] D2BS 6752: ÿc1Skipping Venom Lord 419 16
[09/02/21 11:12:02] D2BS 6752: ÿc1Skipping Doom Caster 411 16
[09/02/21 11:12:05] D2BS 6752: ÿc7Picked up ÿc0Scroll of Town Portal ÿc7(15/20)
[09/02/21 11:12:06] D2BS 6752: ÿc7Picked up ÿc0Skull ÿc0(ilvl 1)
[09/02/21 11:12:07] D2BS 6752: ÿc7Picked up ÿc452 Gold
[09/02/21 11:12:14] D2BS 6752: ÿc1Pausing.
[09/02/21 11:12:20] D2BS 6752: ÿc2Resuming.
[09/02/21 11:12:51] D2BS 6752: ÿc7Picked up ÿc0Scroll of Town Portal ÿc7(16/20)
[09/02/21 11:12:55] D2BS 6752: ÿc7Picked up ÿc0Scroll of Town Portal ÿc7(17/20)
[09/02/21 11:13:54] D2BS 6752: ÿc7Picked up ÿc0Scroll of Town Portal ÿc7(18/20)
[09/02/21 11:14:54] D2BS 6752: ÿc7Picked up ÿc0Scroll of Town Portal ÿc7(18/20)
[09/02/21 11:15:21] D2BS 6752: ÿc7Picked up ÿc0Scroll of Town Portal ÿc7(19/20)
[09/02/21 11:17:39] D2BS 6752: ÿc7Picked up ÿc475 Gold
[09/02/21 11:17:58] D2BS 6752: ÿc7Picked up ÿc4164 Gold
[09/02/21 11:17:59] D2BS 6752: ÿc7Picked up ÿc0Scroll of Town Portal ÿc7(20/20)
[09/02/21 11:20:52] D2BS 6752: 106
[09/02/21 11:21:07] D2BS 6752: initNPC: heal
[09/02/21 11:21:11] D2BS 6752: initNPC: identify
[09/02/21 11:21:12] D2BS 6752: ÿc4MiniShopBotÿc0: Scanning 55 items.
[09/02/21 11:21:13] D2BS 6752: initNPC: buyPotions
[09/02/21 11:21:14] D2BS 6752: LowGold sell Skull
[09/02/21 11:21:14] D2BS 6752: initNPC: clearInventory
[09/02/21 11:21:21] D2BS 6752: initNPC: BuyPotions
[09/02/21 11:21:37] D2BS 6752: ÿc7Picked up ÿc0Poleaxe ÿc0(ilvl 27)
[09/02/21 11:21:39] D2BS 6752: 107
[09/02/21 11:22:17] D2BS 6752: move retry 1
[09/02/21 11:22:28] D2BS 6752: ÿc1Skipping Grotesque 721 16
[09/02/21 11:22:38] D2BS 6752: ÿc1Skipping Grotesque 719 16
[09/02/21 11:22:52] D2BS 6752: ÿc1Pausing.
[09/02/21 11:23:00] D2BS 6752: move retry 1
[09/02/21 11:23:02] D2BS 6752: move retry 1
[09/02/21 11:23:08] D2BS 6752: move retry 1
[09/02/21 11:23:10] D2BS 6752: move retry 1
[09/02/21 11:23:14] D2BS 6752: Script default.dbj ended
[09/02/21 11:23:14] D2BS 6752: Script tools\autobuildthread.js ended
[09/02/21 11:23:14] D2BS 6752: Script tools\party.js ended
[09/02/21 11:23:14] D2BS 6752: Script tools\townchicken.js ended
[09/02/21 11:23:15] D2BS 6752: 12
[09/02/21 11:23:18] D2BS 6752: ÿc2D2BSÿc0 :: Starting default.dbj
[09/02/21 11:23:18] D2BS 6752: ÿc2D2BSÿc0 :: default.dbj running.
[09/02/21 11:23:19] D2BS 6752: AutoBuild: Including build template config/builds/barbarian.singer.js into default.dbj
[09/02/21 11:23:19] D2BS 6752: Updating Config from level 0 to 26
[09/02/21 11:23:19] D2BS 6752: ÿc4Loaded NIP: ÿc2LateGame.nipÿc4. Lines: ÿc281ÿc4. Valid entries: ÿc254. ÿc4Time: ÿc20 ms
[09/02/21 11:23:19] D2BS 6752: ÿc4Loaded NIP: ÿc2MidGame.nipÿc4. Lines: ÿc281ÿc4. Valid entries: ÿc246. ÿc4Time: ÿc216 ms
[09/02/21 11:23:19] D2BS 6752: ÿc4Loaded NIP: ÿc2EarlyGame.nipÿc4. Lines: ÿc231ÿc4. Valid entries: ÿc214. ÿc4Time: ÿc20 ms
[09/02/21 11:23:19] D2BS 6752: ÿc4Loaded NIP: ÿc2SingerRunes.nipÿc4. Lines: ÿc221ÿc4. Valid entries: ÿc210. ÿc4Time: ÿc20 ms
[09/02/21 11:23:19] D2BS 6752: ÿc4Loaded NIP: ÿc2Singer.xpac.nipÿc4. Lines: ÿc2121ÿc4. Valid entries: ÿc2104. ÿc4Time: ÿc20 ms
[09/02/21 11:23:19] D2BS 6752: ÿc4Loaded NIP: ÿc2PreMercLance.xpac.nipÿc4. Lines: ÿc27ÿc4. Valid entries: ÿc24. ÿc4Time: ÿc20 ms
[09/02/21 11:23:19] D2BS 6752: ÿc4Loaded NIP: ÿc2Merc.xpac.nipÿc4. Lines: ÿc217ÿc4. Valid entries: ÿc211. ÿc4Time: ÿc20 ms
[09/02/21 11:23:19] D2BS 6752: ÿc4Loaded NIP: ÿc2MercLance.xpac.nipÿc4. Lines: ÿc217ÿc4. Valid entries: ÿc211. ÿc4Time: ÿc20 ms
[09/02/21 11:23:19] D2BS 6752: AutoBuild: Including build template config/builds/barbarian.singer.js into tools\autobuildthread.js
[09/02/21 11:23:19] D2BS 6752: Updating Config from level 0 to 26
[09/02/21 11:23:19] D2BS 6752: AutoBuild: Loaded helper thread
[09/02/21 11:23:19] D2BS 6752: LowGold sell Skull
[09/02/21 11:23:19] D2BS 6752: initNPC: clearInventory
[09/02/21 11:23:19] D2BS 6752: AutoBuild: Including build template config/builds/barbarian.singer.js into tools\party.js
[09/02/21 11:23:19] D2BS 6752: Updating Config from level 0 to 26
[09/02/21 11:23:19] D2BS 6752: ÿc2Party thread loaded. Mode: Invite
[09/02/21 11:23:19] D2BS 6752: AutoBuild: Including build template config/builds/barbarian.singer.js into tools\townchicken.js
[09/02/21 11:23:19] D2BS 6752: ÿc3Start ToolsThread script
[09/02/21 11:23:19] D2BS 6752: Updating Config from level 0 to 26
[09/02/21 11:23:19] D2BS 6752: AutoBuild: Including build template config/builds/barbarian.singer.js into tools\toolsthread.js
[09/02/21 11:23:19] D2BS 6752: Updating Config from level 0 to 26
[09/02/21 11:23:24] D2BS 6752: ÿc2Starting script: ÿc9LevelLeader
[09/02/21 11:23:24] D2BS 6752: ÿc4MiniShopBotÿc0: Scanning 57 items.
[09/02/21 11:23:25] D2BS 6752: initNPC: buyPotions
[09/02/21 11:23:33] D2BS 6752: initNPC: BuyPotions
[09/02/21 11:23:41] D2BS 6752: move retry 1
[09/02/21 11:23:51] D2BS 6752: Up to Act:4 Outer Steppes
[09/02/21 11:23:52] D2BS 6752: 103,104
[09/02/21 11:24:29] D2BS 6752: ÿc7Picked up ÿc8Tir Rune ÿc0(ilvl 1)
[09/02/21 11:24:30] D2BS 6752: ÿc7Picked up ÿc0Claymore ÿc0(ilvl 26)
[09/02/21 11:24:31] D2BS 6752: ÿc7Picked up ÿc0Bone Wand ÿc0(ilvl 26)
[09/02/21 11:24:31] D2BS 6752: ÿc7Picked up ÿc1Greater Healing Potion ÿc0(ilvl 1) (MidGame.nip #28)
[09/02/21 11:24:32] D2BS 6752: ÿc7Picked up ÿc0Brandistock ÿc0(ilvl 26)
[09/02/21 11:24:38] D2BS 6752: move retry 1
[09/02/21 11:24:46] D2BS 6752: ÿc7Picked up ÿc0Clasped Orb ÿc0(ilvl 24)
[09/02/21 11:24:51] D2BS 6752: 105
[09/02/21 11:24:57] D2BS 6752: 105
[09/02/21 11:25:11] D2BS 6752: ÿc7Picked up ÿc0Short Battle Bow ÿc0(ilvl 24)
[09/02/21 11:25:19] D2BS 6752: ÿc7Picked up ÿc0Skull ÿc0(ilvl 1)
[09/02/21 11:25:28] D2BS 6752: ÿc7Picked up ÿc1Healing Potion ÿc0(ilvl 1) (MidGame.nip #26)
[09/02/21 11:25:28] D2BS 6752: ÿc7Picked up ÿc0Scroll of Town Portal ÿc7(19/20)
[09/02/21 11:25:53] D2BS 6752: ÿc1Skipping Doom Knight 104 16
[09/02/21 11:26:11] D2BS 6752: move retry 1
[09/02/21 11:26:13] D2BS 6752: ÿc7Picked up ÿc0Scroll of Town Portal ÿc7(20/20)
[09/02/21 11:26:20] D2BS 6752: move retry 1
[09/02/21 11:27:17] D2BS 6752: ÿc7Picked up ÿc0Scythe ÿc0(ilvl 24)
[09/02/21 11:27:45] D2BS 6752: ÿc1Skipping Doom Knight 178 16
[09/02/21 11:27:58] D2BS 6752: ÿc7Trying to make room for ÿc0War Hammer
[09/02/21 11:27:59] D2BS 6752: initNPC: heal
[09/02/21 11:28:03] D2BS 6752: initNPC: identify
[09/02/21 11:28:04] D2BS 6752: ÿc4MiniShopBotÿc0: Scanning 61 items.
[09/02/21 11:28:04] D2BS 6752: initNPC: buyPotions
[09/02/21 11:28:05] D2BS 6752: LowGold sell Claymore
[09/02/21 11:28:05] D2BS 6752: initNPC: clearInventory
[09/02/21 11:28:05] D2BS 6752: LowGold sell Bone Wand
[09/02/21 11:28:05] D2BS 6752: initNPC: clearInventory
[09/02/21 11:28:08] D2BS 6752: LowGold sell Short Battle Bow
[09/02/21 11:28:08] D2BS 6752: initNPC: clearInventory
[09/02/21 11:28:10] D2BS 6752: LowGold sell Scythe
[09/02/21 11:28:10] D2BS 6752: initNPC: clearInventory
[09/02/21 11:28:12] D2BS 6752: LowGold sell Brandistock
[09/02/21 11:28:12] D2BS 6752: initNPC: clearInventory
[09/02/21 11:28:14] D2BS 6752: LowGold sell Clasped Orb
[09/02/21 11:28:14] D2BS 6752: initNPC: clearInventory
[09/02/21 11:28:16] D2BS 6752: LowGold sell Tir Rune
[09/02/21 11:28:16] D2BS 6752: initNPC: clearInventory
[09/02/21 11:28:18] D2BS 6752: LowGold sell Skull
[09/02/21 11:28:18] D2BS 6752: initNPC: clearInventory
[09/02/21 11:28:35] D2BS 6752: ÿc7Picked up ÿc4137 Gold
[09/02/21 11:28:36] D2BS 6752: ÿc7Picked up ÿc1Greater Healing Potion ÿc0(ilvl 1) (MidGame.nip #28)
[09/02/21 11:29:10] D2BS 6752: AutoBuild: Stat points: 41      Skill points: 13
[09/02/21 11:29:10] D2BS 6752: AutoBuild: Level up detected ( 26 --> 27 )
[09/02/21 11:29:10] D2BS 6752: AutoBuild: useSkillPoint(): Battle Orders (149)
[09/02/21 11:29:10] D2BS 6752: AutoBuild: Attempt to spend skill point 1 in Battle Orders (149) may have failed!
[09/02/21 11:29:11] D2BS 6752: AutoBuild: useStatPoint(0): Strength
[09/02/21 11:29:11] D2BS 6752: AutoBuild: Stat (1/5) Increased Strength from 50 to 51
[09/02/21 11:29:11] D2BS 6752: AutoBuild: useStatPoint(3): Vitality
[09/02/21 11:29:11] D2BS 6752: AutoBuild: Attempt to spend point 2 in Vitality may have failed!
[09/02/21 11:29:11] D2BS 6752: AutoBuild: useStatPoint(3): Vitality
[09/02/21 11:29:11] D2BS 6752: AutoBuild: Attempt to spend point 3 in Vitality may have failed!
[09/02/21 11:29:11] D2BS 6752: AutoBuild: useStatPoint(3): Vitality
[09/02/21 11:29:11] D2BS 6752: AutoBuild: Attempt to spend point 4 in Vitality may have failed!
[09/02/21 11:29:11] D2BS 6752: AutoBuild: useStatPoint(3): Vitality
[09/02/21 11:29:11] D2BS 6752: AutoBuild: Attempt to spend point 5 in Vitality may have failed!
[09/02/21 11:29:11] D2BS 6752: Updating Config from level 26 to 27
[09/02/21 11:29:11] D2BS 6752: AutoBuild: Updating Config from level 26 to 27
[09/02/21 11:29:11] D2BS 6752: Updating Config from level 26 to 27
[09/02/21 11:29:11] D2BS 6752: Updating Config from level 26 to 27
[09/02/21 11:29:11] D2BS 6752: Updating Config from level 26 to 27
[09/02/21 11:29:11] D2BS 6752: AutoBuild: Incrementing cached character level to 27
[09/02/21 11:29:25] D2BS 6752: ÿc7Picked up ÿc0Scroll of Town Portal ÿc7(17/20)
[09/02/21 11:29:44] D2BS 6752: move retry 1
[09/02/21 11:29:45] D2BS 6752: move retry 2
[09/02/21 11:29:48] D2BS 6752: move retry 3
[09/02/21 11:29:57] D2BS 6752: move retry 1
[09/02/21 11:30:26] D2BS 6752: ÿc7Picked up ÿc4106 Gold
[09/02/21 11:30:31] D2BS 6752: move retry 1
[09/02/21 11:30:34] D2BS 6752: ÿc7Picked up ÿc4119 Gold
[09/02/21 11:30:35] D2BS 6752: ÿc7Picked up ÿc1Healing Potion ÿc0(ilvl 1) (MidGame.nip #26)
[09/02/21 11:31:18] D2BS 6752: ÿc7Picked up ÿc487 Gold
[09/02/21 11:31:35] D2BS 6752: move retry 1
[09/02/21 11:31:47] D2BS 6752: ÿc1Skipping Venom Lord 221 16
[09/02/21 11:31:59] D2BS 6752: ÿc1Skipping Venom Lord 234 16
[09/02/21 11:32:32] D2BS 6752: ÿc7Picked up ÿc4116 Gold
[09/02/21 11:33:05] D2BS 6752: move retry 1
[09/02/21 11:33:07] D2BS 6752: move retry 2
[09/02/21 11:33:10] D2BS 6752: move retry 3
[09/02/21 11:33:36] D2BS 6752: move retry 1
[09/02/21 11:33:49] D2BS 6752: move retry 1
[09/02/21 11:33:51] D2BS 6752: ÿc7Picked up ÿc438 Gold
[09/02/21 11:34:27] D2BS 6752: move retry 1
[09/02/21 11:35:33] D2BS 6752: move retry 1
[09/02/21 11:37:06] D2BS 6752: move retry 1
[09/02/21 11:37:13] D2BS 6752: move retry 2
[09/02/21 11:37:14] D2BS 6752: 106
[09/02/21 11:37:23] D2BS 6752: initNPC: heal
[09/02/21 11:37:35] D2BS 6752: initNPC: BuyPotions
[09/02/21 11:37:52] D2BS 6752: 107
[09/02/21 11:38:07] D2BS 6752: move retry 1
[09/02/21 11:38:36] D2BS 6752: ÿc1Skipping Pit Lord 348 16
[09/02/21 11:38:46] D2BS 6752: ÿc1Skipping Pit Lord 347 16
[09/02/21 11:38:46] D2BS 6752: ÿc1Pausing.
[09/02/21 11:38:50] D2BS 6752: move retry 1
[09/02/21 11:38:51] D2BS 6752: initNPC: heal
[09/02/21 11:38:54] D2BS 6752: initNPC: buyPotions
[09/02/21 11:38:59] D2BS 6752: initNPC: reviveMerc
[09/02/21 11:39:08] D2BS 6752: ÿc2Resuming.
[09/02/21 11:39:18] D2BS 6752: ÿc1Skipping Maw Fiend 355 16
[09/02/21 11:39:28] D2BS 6752: ÿc1Skipping Maw Fiend 356 16
[09/02/21 11:39:38] D2BS 6752: ÿc1Pausing.
[09/02/21 11:39:39] D2BS 6752: initNPC: heal
[09/02/21 11:39:49] D2BS 6752: initNPC: fillTome
[09/02/21 11:39:51] D2BS 6752: initNPC: buyPotions
[09/02/21 11:39:53] D2BS 6752: initNPC: reviveMerc
[09/02/21 11:40:04] D2BS 6752: ÿc2Resuming.
[09/02/21 11:40:06] D2BS 6752: ÿc1Skipping Pit Lord 352 16
[09/02/21 11:40:07] D2BS 6752: move retry 2
[09/02/21 11:40:12] D2BS 6752: move retry 3
[09/02/21 11:40:27] D2BS 6752: ÿc1Skipping Blood Maggot Young 518 16
[09/02/21 11:40:56] D2BS 6752: ÿc7Picked up ÿc0Broad Axe ÿc0(ilvl 30)
[09/02/21 11:41:13] D2BS 6752: initNPC: heal
[09/02/21 11:41:17] D2BS 6752: initNPC: identify
[09/02/21 11:41:18] D2BS 6752: ÿc4MiniShopBotÿc0: Scanning 55 items.
[09/02/21 11:41:19] D2BS 6752: initNPC: buyPotions
[09/02/21 11:41:22] D2BS 6752: LowGold sell Broad Axe
[09/02/21 11:41:22] D2BS 6752: initNPC: clearInventory
[09/02/21 11:41:22] D2BS 6752: Garnet Splint Mail 
[09/02/21 11:41:24] D2BS 6752: initNPC: repair
[09/02/21 11:41:54] D2BS 6752: ÿc7Picked up ÿc4143 Gold
[09/02/21 11:41:55] D2BS 6752: ÿc7Picked up ÿc482 Gold
[09/02/21 11:42:01] D2BS 6752: ÿc7Picked up ÿc489 Gold
[09/02/21 11:42:25] D2BS 6752: ÿc1Skipping Maw Fiend 396 16
[09/02/21 11:42:27] D2BS 6752: ÿc7Picked up ÿc1Greater Healing Potion ÿc0(ilvl 1) (MidGame.nip #28)
[09/02/21 11:42:47] D2BS 6752: ÿc1Skipping Blood Maggot 399 16
[09/02/21 11:42:56] D2BS 6752: ÿc7Picked up ÿc467 Gold
[09/02/21 11:43:18] D2BS 6752: ÿc7Picked up ÿc1Greater Healing Potion ÿc0(ilvl 1) (MidGame.nip #28)
[09/02/21 11:43:22] D2BS 6752: ÿc7Picked up ÿc;Rejuvenation Potion ÿc0(ilvl 1) (LateGame.nip #34)
[09/02/21 11:44:31] D2BS 6752: ÿc1Skipping Maw Fiend 786 16
[09/02/21 11:44:41] D2BS 6752: ÿc1Skipping Maw Fiend 791 16
[09/02/21 11:44:56] D2BS 6752: ÿc7Picked up ÿc1Healing Potion ÿc0(ilvl 1) (MidGame.nip #26)
[09/02/21 11:44:57] D2BS 6752: move retry 1
[09/02/21 11:45:01] D2BS 6752: move retry 1
[09/02/21 11:45:02] D2BS 6752: move retry 2
[09/02/21 11:45:03] D2BS 6752: move retry 3
[09/02/21 11:45:13] D2BS 6752: ÿc7Picked up ÿc443 Gold
[09/02/21 11:45:15] D2BS 6752: move retry 1
[09/02/21 11:45:18] D2BS 6752: move retry 1
[09/02/21 11:45:18] D2BS 6752: move retry 2
[09/02/21 11:45:20] D2BS 6752: move retry 3
[09/02/21 11:45:24] D2BS 6752: move retry 1
[09/02/21 11:45:28] D2BS 6752: move retry 2
[09/02/21 11:45:33] D2BS 6752: move retry 3
[09/02/21 11:45:56] D2BS 6752: move retry 1
[09/02/21 11:45:57] D2BS 6752: ÿc7Picked up ÿc4160 Gold
[09/02/21 11:46:00] D2BS 6752: move retry 1
[09/02/21 11:46:02] D2BS 6752: move retry 2
[09/02/21 11:46:04] D2BS 6752: move retry 3
[09/02/21 11:46:07] D2BS 6752: move retry 1
[09/02/21 11:46:08] D2BS 6752: move retry 1
[09/02/21 11:46:31] D2BS 6752: ÿc7Picked up ÿc4118 Gold
[09/02/21 11:46:34] D2BS 6752: move retry 1
[09/02/21 11:46:36] D2BS 6752: move retry 1
[09/02/21 11:46:59] D2BS 6752: ÿc7Picked up ÿc0Brandistock ÿc0(ilvl 27)
[09/02/21 11:47:00] D2BS 6752: ÿc7Picked up ÿc1Super Healing Potion ÿc0(ilvl 1) (LateGame.nip #33)
[09/02/21 11:47:01] D2BS 6752: move retry 1
[09/02/21 11:47:02] D2BS 6752: move retry 2
[09/02/21 11:47:04] D2BS 6752: move retry 3
[09/02/21 11:47:18] D2BS 6752: ÿc1Skipping Pit Lord 977 16
[09/02/21 11:47:24] D2BS 6752: ÿc7Picked up ÿc4120 Gold
[09/02/21 11:47:28] D2BS 6752: move retry 1
[09/02/21 11:47:28] D2BS 6752: ÿc7Picked up ÿc8Eth Rune ÿc0(ilvl 1)
[09/02/21 11:47:41] D2BS 6752: ÿc1Skipping Pit Lord 979 16
[09/02/21 11:47:43] D2BS 6752: ÿc7Picked up ÿc4157 Gold
[09/02/21 11:47:44] D2BS 6752: move retry 1
[09/02/21 11:47:51] D2BS 6752: ÿc1Pausing.
[09/02/21 11:47:55] D2BS 6752: ÿc2Resuming.
[09/02/21 11:47:59] D2BS 6752: 108
[09/02/21 11:48:46] D2BS 6752: ÿc7Picked up ÿc1Super Healing Potion ÿc0(ilvl 1) (LateGame.nip #33)
[09/02/21 11:49:03] D2BS 6752: ÿc1Skipping Venom Lord 1014 16
[09/02/21 11:49:18] D2BS 6752: ÿc1Skipping Doom Knight 1021 16
[09/02/21 11:49:26] D2BS 6752: ÿc7Picked up ÿc1Healing Potion ÿc0(ilvl 1) (MidGame.nip #26)
[09/02/21 11:49:26] D2BS 6752: ÿc7Picked up ÿc487 Gold
[09/02/21 11:49:26] D2BS 6752: ÿc7Picked up ÿc0Superior War Javelin ÿc0(ilvl 24)
[09/02/21 11:49:26] D2BS 6752: ÿc7Picked up ÿc432 Gold
[09/02/21 11:49:26] D2BS 6752: ÿc7Picked up ÿc1Greater Healing Potion ÿc0(ilvl 1) (MidGame.nip #28)
[09/02/21 11:49:27] D2BS 6752: ÿc7Picked up ÿc0Full Helm ÿc0(ilvl 24)
[09/02/21 11:49:29] D2BS 6752: ÿc7Picked up ÿc0Circlet ÿc0(ilvl 24)
[09/02/21 11:49:31] D2BS 6752: ÿc7Picked up ÿc4132 Gold
[09/02/21 11:50:00] D2BS 6752: ÿc1Skipping Storm Caster 1038 16
[09/02/21 11:50:01] D2BS 6752: ÿc1Skipping Storm Caster 1037 16
[09/02/21 11:50:10] D2BS 6752: ÿc1Skipping Storm Caster 1035 16
[09/02/21 11:50:10] D2BS 6752: ÿc7Picked up ÿc0Flawed Topaz ÿc0(ilvl 1)
[09/02/21 11:50:10] D2BS 6752: ÿc7Picked up ÿc0Scroll of Town Portal ÿc7(16/20)
[09/02/21 11:50:14] D2BS 6752: ÿc7Picked up ÿc0Scroll of Town Portal ÿc7(17/20)
[09/02/21 11:50:35] D2BS 6752: ÿc7Picked up ÿc431 Gold
[09/02/21 11:50:47] D2BS 6752: 108
[09/02/21 11:50:54] D2BS 6752: ÿc1Pausing.
[09/02/21 11:50:54] D2BS 6752: Script default.dbj ended
[09/02/21 11:50:54] D2BS 6752: Script tools\autobuildthread.js ended
[09/02/21 11:50:54] D2BS 6752: Script tools\party.js ended
[09/02/21 11:50:54] D2BS 6752: Script tools\townchicken.js ended
[09/02/21 11:50:55] D2BS 6752: 12
[09/02/21 11:50:58] D2BS 6752: ÿc2D2BSÿc0 :: Starting default.dbj
[09/02/21 11:50:58] D2BS 6752: ÿc2D2BSÿc0 :: default.dbj running.
[09/02/21 11:50:58] D2BS 6752: AutoBuild: Including build template config/builds/barbarian.singer.js into default.dbj
[09/02/21 11:50:58] D2BS 6752: Updating Config from level 0 to 27
[09/02/21 11:50:58] D2BS 6752: ÿc4Loaded NIP: ÿc2LateGame.nipÿc4. Lines: ÿc281ÿc4. Valid entries: ÿc254. ÿc4Time: ÿc20 ms
[09/02/21 11:50:58] D2BS 6752: ÿc4Loaded NIP: ÿc2MidGame.nipÿc4. Lines: ÿc281ÿc4. Valid entries: ÿc246. ÿc4Time: ÿc20 ms
[09/02/21 11:50:58] D2BS 6752: ÿc4Loaded NIP: ÿc2EarlyGame.nipÿc4. Lines: ÿc231ÿc4. Valid entries: ÿc214. ÿc4Time: ÿc20 ms
[09/02/21 11:50:58] D2BS 6752: ÿc4Loaded NIP: ÿc2SingerRunes.nipÿc4. Lines: ÿc221ÿc4. Valid entries: ÿc210. ÿc4Time: ÿc215 ms
[09/02/21 11:50:58] D2BS 6752: ÿc4Loaded NIP: ÿc2Singer.xpac.nipÿc4. Lines: ÿc2121ÿc4. Valid entries: ÿc2104. ÿc4Time: ÿc20 ms
[09/02/21 11:50:58] D2BS 6752: ÿc4Loaded NIP: ÿc2PreMercLance.xpac.nipÿc4. Lines: ÿc27ÿc4. Valid entries: ÿc24. ÿc4Time: ÿc20 ms
[09/02/21 11:50:58] D2BS 6752: ÿc4Loaded NIP: ÿc2Merc.xpac.nipÿc4. Lines: ÿc217ÿc4. Valid entries: ÿc211. ÿc4Time: ÿc20 ms
[09/02/21 11:50:58] D2BS 6752: ÿc4Loaded NIP: ÿc2MercLance.xpac.nipÿc4. Lines: ÿc217ÿc4. Valid entries: ÿc211. ÿc4Time: ÿc20 ms
[09/02/21 11:50:58] D2BS 6752: AutoBuild: Including build template config/builds/barbarian.singer.js into tools\autobuildthread.js
[09/02/21 11:50:58] D2BS 6752: Updating Config from level 0 to 27
[09/02/21 11:50:58] D2BS 6752: AutoBuild: Loaded helper thread
[09/02/21 11:50:58] D2BS 6752: LowGold sell Superior War Javelin
[09/02/21 11:50:58] D2BS 6752: initNPC: clearInventory
[09/02/21 11:50:58] D2BS 6752: AutoBuild: Including build template config/builds/barbarian.singer.js into tools\party.js
[09/02/21 11:50:58] D2BS 6752: Updating Config from level 0 to 27
[09/02/21 11:50:58] D2BS 6752: ÿc2Party thread loaded. Mode: Invite
[09/02/21 11:50:58] D2BS 6752: AutoBuild: Including build template config/builds/barbarian.singer.js into tools\townchicken.js
[09/02/21 11:50:58] D2BS 6752: ÿc3Start ToolsThread script
[09/02/21 11:50:58] D2BS 6752: Updating Config from level 0 to 27
[09/02/21 11:50:58] D2BS 6752: AutoBuild: Including build template config/builds/barbarian.singer.js into tools\toolsthread.js
[09/02/21 11:50:58] D2BS 6752: Updating Config from level 0 to 27
[09/02/21 11:51:04] D2BS 6752: LowGold sell Full Helm
[09/02/21 11:51:04] D2BS 6752: initNPC: clearInventory
[09/02/21 11:51:06] D2BS 6752: LowGold sell Brandistock
[09/02/21 11:51:06] D2BS 6752: initNPC: clearInventory
[09/02/21 11:51:08] D2BS 6752: LowGold sell Circlet
[09/02/21 11:51:08] D2BS 6752: initNPC: clearInventory
[09/02/21 11:51:10] D2BS 6752: LowGold sell Eth Rune
[09/02/21 11:51:10] D2BS 6752: initNPC: clearInventory
[09/02/21 11:51:12] D2BS 6752: LowGold sell Flawed Topaz
[09/02/21 11:51:12] D2BS 6752: initNPC: clearInventory
[09/02/21 11:51:14] D2BS 6752: ÿc2Starting script: ÿc9LevelLeader
[09/02/21 11:51:14] D2BS 6752: ÿc4MiniShopBotÿc0: Scanning 70 items.
[09/02/21 11:51:15] D2BS 6752: initNPC: buyPotions
[09/02/21 11:51:24] D2BS 6752: initNPC: BuyPotions
[09/02/21 11:51:42] D2BS 6752: Up to Act:4 River Of Flame
[09/02/21 11:51:43] D2BS 6752: 107
[09/02/21 12:10:33] D2BS 11176: D2BS Engine startup complete. 1.6.4U
[09/02/21 12:10:33] D2BS 11176: Singer
[09/02/21 12:10:33] D2BS 11176: ÿc2D2BSÿc0 :: Switched to profile Singer
[09/02/21 12:10:33] D2BS 11176: ÿc2D2BSÿc0 :: Engine startup complete!
[09/02/21 12:10:33] D2BS 11176: ÿc2D2BSÿc0 :: Starting D2BotLanLead.dbj
[09/02/21 12:10:33] D2BS 11176: ÿc2D2BSÿc0 :: D2BotLanLead.dbj running.
[09/02/21 12:10:33] D2BS 11176: ÿc2D2BSÿc0 :: Started Console Script
[09/02/21 12:10:35] D2BS 11176: Heartbeat loaded
[09/02/21 12:10:36] D2BS 11176: 0
[09/02/21 12:10:37] D2BS 11176: 0
[09/02/21 12:10:38] D2BS 11176: 0
[09/02/21 12:10:39] D2BS 11176: 0
[09/02/21 12:10:40] D2BS 11176: 0
[09/02/21 12:10:41] D2BS 11176: 0
[09/02/21 12:10:42] D2BS 11176: 0
[09/02/21 12:10:43] D2BS 11176: 39
[09/02/21 12:10:44] D2BS 11176: 40
[09/02/21 12:10:46] D2BS 11176: 12
[09/02/21 12:10:49] D2BS 11176: ÿc2D2BSÿc0 :: Starting default.dbj
[09/02/21 12:10:49] D2BS 11176: ÿc2D2BSÿc0 :: default.dbj running.
[09/02/21 12:10:49] D2BS 11176: AutoBuild: Including build template config/builds/barbarian.singer.js into default.dbj
[09/02/21 12:10:49] D2BS 11176: Updating Config from level 0 to 27
[09/02/21 12:10:49] D2BS 11176: ÿc4Loaded NIP: ÿc2LateGame.nipÿc4. Lines: ÿc281ÿc4. Valid entries: ÿc254. ÿc4Time: ÿc20 ms
[09/02/21 12:10:49] D2BS 11176: ÿc4Loaded NIP: ÿc2MidGame.nipÿc4. Lines: ÿc281ÿc4. Valid entries: ÿc246. ÿc4Time: ÿc216 ms
[09/02/21 12:10:49] D2BS 11176: ÿc4Loaded NIP: ÿc2EarlyGame.nipÿc4. Lines: ÿc231ÿc4. Valid entries: ÿc214. ÿc4Time: ÿc20 ms
[09/02/21 12:10:49] D2BS 11176: ÿc4Loaded NIP: ÿc2SingerRunes.nipÿc4. Lines: ÿc221ÿc4. Valid entries: ÿc210. ÿc4Time: ÿc20 ms
[09/02/21 12:10:49] D2BS 11176: ÿc4Loaded NIP: ÿc2Singer.xpac.nipÿc4. Lines: ÿc2121ÿc4. Valid entries: ÿc2104. ÿc4Time: ÿc20 ms
[09/02/21 12:10:49] D2BS 11176: ÿc4Loaded NIP: ÿc2PreMercLance.xpac.nipÿc4. Lines: ÿc27ÿc4. Valid entries: ÿc24. ÿc4Time: ÿc20 ms
[09/02/21 12:10:49] D2BS 11176: ÿc4Loaded NIP: ÿc2Merc.xpac.nipÿc4. Lines: ÿc217ÿc4. Valid entries: ÿc211. ÿc4Time: ÿc20 ms
[09/02/21 12:10:49] D2BS 11176: AutoBuild: Including build template config/builds/barbarian.singer.js into tools\autobuildthread.js
[09/02/21 12:10:49] D2BS 11176: ÿc4Loaded NIP: ÿc2MercLance.xpac.nipÿc4. Lines: ÿc217ÿc4. Valid entries: ÿc211. ÿc4Time: ÿc20 ms
[09/02/21 12:10:49] D2BS 11176: Updating Config from level 0 to 27
[09/02/21 12:10:49] D2BS 11176: AutoBuild: Loaded helper thread
[09/02/21 12:10:49] D2BS 11176: ÿc2Starting script: ÿc9LevelLeader
[09/02/21 12:10:49] D2BS 11176: AutoBuild: Including build template config/builds/barbarian.singer.js into tools\party.js
[09/02/21 12:10:49] D2BS 11176: initNPC: BuyPotions
[09/02/21 12:10:49] D2BS 11176: Updating Config from level 0 to 27
[09/02/21 12:10:49] D2BS 11176: ÿc2Party thread loaded. Mode: Invite
[09/02/21 12:10:49] D2BS 11176: ÿc3Start ToolsThread script
[09/02/21 12:10:49] D2BS 11176: AutoBuild: Including build template config/builds/barbarian.singer.js into tools\toolsthread.js
[09/02/21 12:10:49] D2BS 11176: AutoBuild: Including build template config/builds/barbarian.singer.js into tools\townchicken.js
[09/02/21 12:10:49] D2BS 11176: Updating Config from level 0 to 27
[09/02/21 12:10:49] D2BS 11176: Updating Config from level 0 to 27
[09/02/21 12:10:50] D2BS 11176: Updating Status
[09/02/21 12:10:56] D2BS 11176: move retry 1
[09/02/21 12:11:10] D2BS 11176: Up to Act:4 River Of Flame
[09/02/21 12:11:11] D2BS 11176: 107
