[10/09/20 21:57:43] D2BS 44360: D2BS Engine startup complete. 1.6.4U
[10/09/20 21:57:43] D2BS 44360: Singer
[10/09/20 21:57:43] D2BS 44360: ÿc2D2BSÿc0 :: Switched to profile Singer
[10/09/20 21:57:43] D2BS 44360: ÿc2D2BSÿc0 :: Engine startup complete!
[10/09/20 21:57:43] D2BS 44360: ÿc2D2BSÿc0 :: Starting D2BotLanLead.dbj
[10/09/20 21:57:43] D2BS 44360: ÿc2D2BSÿc0 :: D2BotLanLead.dbj running.
[10/09/20 21:57:43] D2BS 44360: ÿc2D2BSÿc0 :: Started Console Script
[10/09/20 21:57:46] D2BS 44360: Heartbeat loaded
[10/09/20 21:57:47] D2BS 44360: 39
[10/09/20 21:57:48] D2BS 44360: 40
[10/09/20 21:57:49] D2BS 44360: 12
[10/09/20 21:57:53] D2BS 44360: ÿc2D2BSÿc0 :: Starting default.dbj
[10/09/20 21:57:53] D2BS 44360: ÿc2D2BSÿc0 :: default.dbj running.
[10/09/20 21:57:53] D2BS 44360: AutoBuild: Including build template config/builds/barbarian.singer.js into default.dbj
[10/09/20 21:57:53] D2BS 44360: Updating Config from level 0 to 1
[10/09/20 21:57:53] D2BS 44360: ÿc4Loaded NIP: ÿc2LateGame.nipÿc4. Lines: ÿc280ÿc4. Valid entries: ÿc253. ÿc4Time: ÿc20 ms
[10/09/20 21:57:53] D2BS 44360: ÿc4Loaded NIP: ÿc2MidGame.nipÿc4. Lines: ÿc268ÿc4. Valid entries: ÿc241. ÿc4Time: ÿc20 ms
[10/09/20 21:57:53] D2BS 44360: ÿc4Loaded NIP: ÿc2EarlyGame.nipÿc4. Lines: ÿc229ÿc4. Valid entries: ÿc213. ÿc4Time: ÿc20 ms
[10/09/20 21:57:53] D2BS 44360: ÿc4Loaded NIP: ÿc2SingerRunes.nipÿc4. Lines: ÿc221ÿc4. Valid entries: ÿc210. ÿc4Time: ÿc215 ms
[10/09/20 21:57:53] D2BS 44360: ÿc4Loaded NIP: ÿc2Singer.xpac.nipÿc4. Lines: ÿc2124ÿc4. Valid entries: ÿc2107. ÿc4Time: ÿc20 ms
[10/09/20 21:57:53] D2BS 44360: ÿc4Loaded NIP: ÿc2Merc.xpac.nipÿc4. Lines: ÿc252ÿc4. Valid entries: ÿc238. ÿc4Time: ÿc20 ms
[10/09/20 21:57:53] D2BS 44360: AutoBuild: Including build template config/builds/barbarian.singer.js into tools\autobuildthread.js
[10/09/20 21:57:53] D2BS 44360: Updating Config from level 0 to 1
[10/09/20 21:57:53] D2BS 44360: AutoBuild: Loaded helper thread
[10/09/20 21:57:53] D2BS 44360: ÿc2Starting script: ÿc9LevelLeader
[10/09/20 21:57:53] D2BS 44360: AutoBuild: Including build template config/builds/barbarian.singer.js into tools\party.js
[10/09/20 21:57:53] D2BS 44360: Updating Config from level 0 to 1
[10/09/20 21:57:53] D2BS 44360: ÿc2Party thread loaded. Mode: Invite
[10/09/20 21:57:53] D2BS 44360: ÿc3Start ToolsThread script
[10/09/20 21:57:53] D2BS 44360: AutoBuild: Including build template config/builds/barbarian.singer.js into tools\toolsthread.js
[10/09/20 21:57:53] D2BS 44360: AutoBuild: Including build template config/builds/barbarian.singer.js into tools\townchicken.js
[10/09/20 21:57:53] D2BS 44360: Updating Config from level 0 to 1
[10/09/20 21:57:53] D2BS 44360: Updating Config from level 0 to 1
[10/09/20 21:57:53] D2BS 44360: Updating Status
[10/09/20 21:58:17] D2BS 44360: Up to Act:1 Blood Moor
[10/09/20 21:58:19] D2BS 44360: 1,2
[10/09/20 21:58:27] D2BS 44360: Failed to make portal
[10/09/20 21:58:53] D2BS 44360: Failed to make portal
[10/09/20 21:59:04] D2BS 44360: ÿc7Picked up ÿc41 Gold
[10/09/20 21:59:08] D2BS 44360: move retry 1
[10/09/20 21:59:28] D2BS 44360: ÿc7Picked up ÿc45 Gold
[10/09/20 21:59:49] D2BS 44360: AutoBuild: Stat points: 5      Skill points: 1
[10/09/20 21:59:49] D2BS 44360: AutoBuild: Level up detected ( 1 --> 2 )
[10/09/20 21:59:49] D2BS 44360: AutoBuild: useSkillPoint(): Howl (130)
[10/09/20 21:59:49] D2BS 44360: AutoBuild: Skill (1/1) Increased Howl (130) by one (level:  1)
[10/09/20 21:59:49] D2BS 44360: AutoBuild: useStatPoint(0): Strength
[10/09/20 21:59:49] D2BS 44360: AutoBuild: Stat (1/5) Increased Strength from 30 to 31
[10/09/20 21:59:49] D2BS 44360: AutoBuild: useStatPoint(3): Vitality
[10/09/20 21:59:49] D2BS 44360: AutoBuild: Stat (2/5) Increased Vitality from 25 to 26
[10/09/20 21:59:49] D2BS 44360: AutoBuild: useStatPoint(3): Vitality
[10/09/20 21:59:50] D2BS 44360: AutoBuild: Stat (3/5) Increased Vitality from 26 to 27
[10/09/20 21:59:50] D2BS 44360: AutoBuild: useStatPoint(3): Vitality
[10/09/20 21:59:50] D2BS 44360: AutoBuild: Stat (4/5) Increased Vitality from 27 to 28
[10/09/20 21:59:50] D2BS 44360: AutoBuild: useStatPoint(3): Vitality
[10/09/20 21:59:50] D2BS 44360: AutoBuild: Stat (5/5) Increased Vitality from 28 to 29
[10/09/20 21:59:50] D2BS 44360: Updating Config from level 1 to 2
[10/09/20 21:59:50] D2BS 44360: Updating Config from level 1 to 2
[10/09/20 21:59:50] D2BS 44360: AutoBuild: Updating Config from level 1 to 2
[10/09/20 21:59:50] D2BS 44360: Updating Config from level 1 to 2
[10/09/20 21:59:50] D2BS 44360: Updating Config from level 1 to 2
[10/09/20 21:59:50] D2BS 44360: AutoBuild: Incrementing cached character level to 2
[10/09/20 22:00:05] D2BS 44360: ÿc7Picked up ÿc0Low Quality Short Staff ÿc0(ilvl 1)
[10/09/20 22:00:17] D2BS 44360: ÿc7Picked up ÿc0Javelin ÿc0(ilvl 1)
[10/09/20 22:00:17] D2BS 44360: ÿc7Picked up ÿc3Small Charm ÿc0(ilvl 1) (LateGame.nip #11)
[10/09/20 22:00:17] D2BS 44360: ÿc7Picked up ÿc42 Gold
[10/09/20 22:00:17] D2BS 44360: ÿc7Picked up ÿc0Sash ÿc0(ilvl 1) (Singer.xpac.nip #85)
[10/09/20 22:00:18] D2BS 44360: move retry 1
[10/09/20 22:00:24] D2BS 44360: Failed to make portal
[10/09/20 22:00:24] D2BS 44360: 3
[10/09/20 22:00:29] D2BS 44360: Failed to make portal
[10/09/20 22:00:30] D2BS 44360: Failed to make portal
[10/09/20 22:00:30] D2BS 44360: 3
[10/09/20 22:00:30] D2BS 44360: Full Clear
[10/09/20 22:00:57] D2BS 44360: AutoBuild: Stat points: 5      Skill points: 1
[10/09/20 22:00:57] D2BS 44360: AutoBuild: Level up detected ( 2 --> 3 )
[10/09/20 22:00:57] D2BS 44360: AutoBuild: useSkillPoint(): Find Potion (131)
[10/09/20 22:00:58] D2BS 44360: AutoBuild: Skill (1/1) Increased Find Potion (131) by one (level:  1)
[10/09/20 22:00:58] D2BS 44360: AutoBuild: useStatPoint(0): Strength
[10/09/20 22:00:58] D2BS 44360: AutoBuild: Stat (1/5) Increased Strength from 31 to 32
[10/09/20 22:00:58] D2BS 44360: AutoBuild: useStatPoint(3): Vitality
[10/09/20 22:00:58] D2BS 44360: AutoBuild: Stat (2/5) Increased Vitality from 29 to 30
[10/09/20 22:00:58] D2BS 44360: AutoBuild: useStatPoint(3): Vitality
[10/09/20 22:00:58] D2BS 44360: AutoBuild: Stat (3/5) Increased Vitality from 30 to 31
[10/09/20 22:00:58] D2BS 44360: AutoBuild: useStatPoint(3): Vitality
[10/09/20 22:00:58] D2BS 44360: AutoBuild: Stat (4/5) Increased Vitality from 31 to 32
[10/09/20 22:00:58] D2BS 44360: AutoBuild: useStatPoint(3): Vitality
[10/09/20 22:00:58] D2BS 44360: AutoBuild: Stat (5/5) Increased Vitality from 32 to 33
[10/09/20 22:00:58] D2BS 44360: AutoBuild: Updating Config from level 2 to 3
[10/09/20 22:00:58] D2BS 44360: Updating Config from level 2 to 3
[10/09/20 22:00:58] D2BS 44360: Updating Config from level 2 to 3
[10/09/20 22:00:58] D2BS 44360: Updating Config from level 2 to 3
[10/09/20 22:00:58] D2BS 44360: Updating Config from level 2 to 3
[10/09/20 22:00:58] D2BS 44360: AutoBuild: Incrementing cached character level to 3
[10/09/20 22:01:02] D2BS 44360: ÿc7Picked up ÿc1Minor Healing Potion ÿc0(ilvl 1) (EarlyGame.nip #27)
[10/09/20 22:01:39] D2BS 44360: ÿc7Picked up ÿc0Chipped Skull ÿc0(ilvl 1)
[10/09/20 22:01:39] D2BS 44360: ÿc7Picked up ÿc0Leather Gloves ÿc0(ilvl 2) (Singer.xpac.nip #76)
[10/09/20 22:02:06] D2BS 44360: move retry 1
[10/09/20 22:02:13] D2BS 44360: ÿc7Picked up ÿc0Crude Boots ÿc0(ilvl 1) (Singer.xpac.nip #65)
[10/09/20 22:02:19] D2BS 44360: ÿc7Picked up ÿc0Superior Cap ÿc0(ilvl 1)
[10/09/20 22:02:19] D2BS 44360: ÿc7Picked up ÿc1Minor Healing Potion ÿc0(ilvl 1) (EarlyGame.nip #27)
[10/09/20 22:02:26] D2BS 44360: move retry 1
[10/09/20 22:02:31] D2BS 44360: ÿc7Picked up ÿc1Light Healing Potion ÿc0(ilvl 1) (EarlyGame.nip #29)
[10/09/20 22:02:38] D2BS 44360: ÿc7Picked up ÿc0Chipped Amethyst ÿc0(ilvl 1)
[10/09/20 22:02:40] D2BS 44360: ÿc7Picked up ÿc44 Gold
[10/09/20 22:02:43] D2BS 44360: ÿc7Picked up ÿc41 Gold
[10/09/20 22:02:44] D2BS 44360: AutoBuild: Stat points: 5      Skill points: 1
[10/09/20 22:02:44] D2BS 44360: AutoBuild: Level up detected ( 3 --> 4 )
[10/09/20 22:02:44] D2BS 44360: AutoBuild: useStatPoint(0): Strength
[10/09/20 22:02:44] D2BS 44360: AutoBuild: Stat (1/5) Increased Strength from 32 to 33
[10/09/20 22:02:44] D2BS 44360: AutoBuild: useStatPoint(3): Vitality
[10/09/20 22:02:44] D2BS 44360: AutoBuild: Stat (2/5) Increased Vitality from 33 to 34
[10/09/20 22:02:44] D2BS 44360: AutoBuild: useStatPoint(3): Vitality
[10/09/20 22:02:44] D2BS 44360: AutoBuild: Stat (3/5) Increased Vitality from 34 to 35
[10/09/20 22:02:44] D2BS 44360: AutoBuild: useStatPoint(3): Vitality
[10/09/20 22:02:45] D2BS 44360: AutoBuild: Stat (4/5) Increased Vitality from 35 to 36
[10/09/20 22:02:45] D2BS 44360: AutoBuild: useStatPoint(3): Vitality
[10/09/20 22:02:45] D2BS 44360: AutoBuild: Stat (5/5) Increased Vitality from 36 to 37
[10/09/20 22:02:45] D2BS 44360: Updating Config from level 3 to 4
[10/09/20 22:02:45] D2BS 44360: Updating Config from level 3 to 4
[10/09/20 22:02:45] D2BS 44360: Updating Config from level 3 to 4
[10/09/20 22:02:45] D2BS 44360: AutoBuild: Updating Config from level 3 to 4
[10/09/20 22:02:45] D2BS 44360: Updating Config from level 3 to 4
[10/09/20 22:02:45] D2BS 44360: AutoBuild: Incrementing cached character level to 4
[10/09/20 22:02:52] D2BS 44360: move retry 1
[10/09/20 22:03:00] D2BS 44360: ÿc7Picked up ÿc44 Gold
[10/09/20 22:03:08] D2BS 44360: ÿc7Picked up ÿc44 Gold
[10/09/20 22:03:52] D2BS 44360: ÿc7Picked up ÿc1Minor Healing Potion ÿc0(ilvl 1) (EarlyGame.nip #27)
[10/09/20 22:04:06] D2BS 44360: ÿc7Picked up ÿc0Short Sword ÿc0(ilvl 1)
[10/09/20 22:04:57] D2BS 44360: ÿc7Picked up ÿc1Light Healing Potion ÿc0(ilvl 1) (EarlyGame.nip #29)
[10/09/20 22:04:58] D2BS 44360: move retry 1
[10/09/20 22:05:04] D2BS 44360: ÿc7Picked up ÿc45 Gold
[10/09/20 22:05:05] D2BS 44360: ÿc7Picked up ÿc44 Gold
[10/09/20 22:05:06] D2BS 44360: move retry 1
[10/09/20 22:05:11] D2BS 44360: ÿc7Picked up ÿc3Ring ÿc0(ilvl 1) (Singer.xpac.nip #99)
[10/09/20 22:05:22] D2BS 44360: ÿc7Picked up ÿc0Superior Hand Axe ÿc0(ilvl 2)
[10/09/20 22:05:22] D2BS 44360: ÿc7Picked up ÿc47 Gold
[10/09/20 22:05:22] D2BS 44360: ÿc7Picked up ÿc1Light Healing Potion ÿc0(ilvl 1) (EarlyGame.nip #29)
[10/09/20 22:05:22] D2BS 44360: ÿc7Picked up ÿc45 Gold
[10/09/20 22:05:32] D2BS 44360: ÿc7Picked up ÿc42 Gold
[10/09/20 22:05:32] D2BS 44360: ÿc7Picked up ÿc44 Gold
[10/09/20 22:05:32] D2BS 44360: ÿc7Picked up ÿc43 Gold
[10/09/20 22:05:39] D2BS 44360: ÿc7Picked up ÿc48 Gold
[10/09/20 22:05:39] D2BS 44360: ÿc7Picked up ÿc411 Gold
[10/09/20 22:05:41] D2BS 44360: move retry 1
[10/09/20 22:05:44] D2BS 44360: ÿc7Picked up ÿc42 Gold
[10/09/20 22:05:45] D2BS 44360: move retry 1
[10/09/20 22:05:53] D2BS 44360: ÿc7Picked up ÿc49 Gold
[10/09/20 22:05:53] D2BS 44360: ÿc7Picked up ÿc0Wand ÿc0(ilvl 2)
[10/09/20 22:06:01] D2BS 44360: ÿc7Picked up ÿc0Leather Armor ÿc0(ilvl 1) (Singer.xpac.nip #50)
[10/09/20 22:06:13] D2BS 44360: ÿc7Picked up ÿc49 Gold
[10/09/20 22:06:13] D2BS 44360: ÿc7Picked up ÿc0Superior Short Staff ÿc0(ilvl 2)
[10/09/20 22:06:13] D2BS 44360: ÿc7Picked up ÿc46 Gold
[10/09/20 22:06:18] D2BS 44360: AutoBuild: Stat points: 5      Skill points: 2
[10/09/20 22:06:18] D2BS 44360: AutoBuild: Level up detected ( 4 --> 5 )
[10/09/20 22:06:18] D2BS 44360: AutoBuild: useStatPoint(0): Strength
[10/09/20 22:06:18] D2BS 44360: AutoBuild: Stat (1/5) Increased Strength from 33 to 34
[10/09/20 22:06:18] D2BS 44360: AutoBuild: useStatPoint(3): Vitality
[10/09/20 22:06:18] D2BS 44360: AutoBuild: Stat (2/5) Increased Vitality from 37 to 38
[10/09/20 22:06:18] D2BS 44360: AutoBuild: useStatPoint(3): Vitality
[10/09/20 22:06:18] D2BS 44360: AutoBuild: Stat (3/5) Increased Vitality from 38 to 39
[10/09/20 22:06:18] D2BS 44360: AutoBuild: useStatPoint(3): Vitality
[10/09/20 22:06:19] D2BS 44360: AutoBuild: Stat (4/5) Increased Vitality from 39 to 40
[10/09/20 22:06:19] D2BS 44360: AutoBuild: useStatPoint(3): Vitality
[10/09/20 22:06:19] D2BS 44360: AutoBuild: Stat (5/5) Increased Vitality from 40 to 41
[10/09/20 22:06:19] D2BS 44360: Updating Config from level 4 to 5
[10/09/20 22:06:19] D2BS 44360: Updating Config from level 4 to 5
[10/09/20 22:06:19] D2BS 44360: AutoBuild: Updating Config from level 4 to 5
[10/09/20 22:06:19] D2BS 44360: Updating Config from level 4 to 5
[10/09/20 22:06:19] D2BS 44360: Updating Config from level 4 to 5
[10/09/20 22:06:19] D2BS 44360: AutoBuild: Incrementing cached character level to 5
[10/09/20 22:06:29] D2BS 44360: ÿc7Picked up ÿc1Minor Healing Potion ÿc0(ilvl 1) (EarlyGame.nip #27)
[10/09/20 22:06:44] D2BS 44360: ÿc7Picked up ÿc48 Gold
[10/09/20 22:07:00] D2BS 44360: ÿc7Picked up ÿc43 Gold
[10/09/20 22:07:31] D2BS 44360: ÿc7Picked up ÿc1Light Healing Potion ÿc0(ilvl 1) (EarlyGame.nip #29)
[10/09/20 22:08:31] D2BS 44360: ÿc7Picked up ÿc0Damaged Hand Axe ÿc0(ilvl 2)
[10/09/20 22:08:31] D2BS 44360: ÿc7Picked up ÿc3Large Charm ÿc0(ilvl 2) (LateGame.nip #10)
[10/09/20 22:08:45] D2BS 44360: move retry 1
[10/09/20 22:09:16] D2BS 44360: ÿc7Picked up ÿc43 Gold
[10/09/20 22:09:28] D2BS 44360: ÿc7Picked up ÿc43 Gold
[10/09/20 22:09:52] D2BS 44360: move retry 1
[10/09/20 22:10:00] D2BS 44360: move retry 1
[10/09/20 22:10:01] D2BS 44360: move retry 2
[10/09/20 22:10:13] D2BS 44360: move retry 1
[10/09/20 22:10:25] D2BS 44360: ÿc7Picked up ÿc1Light Healing Potion ÿc0(ilvl 1) (EarlyGame.nip #29)
[10/09/20 22:10:27] D2BS 44360: ÿc7Picked up ÿc43 Gold
[10/09/20 22:10:52] D2BS 44360: move retry 1
[10/09/20 22:11:01] D2BS 44360: ÿc7Picked up ÿc48 Gold
[10/09/20 22:11:01] D2BS 44360: ÿc7Picked up ÿc3Boots ÿc0(ilvl 2) (Singer.xpac.nip #66)
[10/09/20 22:11:09] D2BS 44360: ÿc7Picked up ÿc43 Gold
[10/09/20 22:11:10] D2BS 44360: ÿc7Picked up ÿc44 Gold
[10/09/20 22:11:43] D2BS 44360: move retry 1
[10/09/20 22:11:47] D2BS 44360: move retry 1
[10/09/20 22:12:01] D2BS 44360: move retry 1
[10/09/20 22:12:05] D2BS 44360: move retry 1
[10/09/20 22:12:06] D2BS 44360: move retry 2
[10/09/20 22:12:15] D2BS 44360: move retry 1
[10/09/20 22:12:33] D2BS 44360: move retry 1
[10/09/20 22:12:47] D2BS 44360: ÿc7Picked up ÿc47 Gold
[10/09/20 22:12:47] D2BS 44360: ÿc7Picked up ÿc44 Gold
[10/09/20 22:12:47] D2BS 44360: ÿc7Picked up ÿc42 Gold
[10/09/20 22:12:59] D2BS 44360: ÿc7Picked up ÿc0Chipped Ruby ÿc0(ilvl 1)
[10/09/20 22:14:01] D2BS 44360: 3,17
[10/09/20 22:14:35] D2BS 44360: Failed to make portal
[10/09/20 22:14:40] D2BS 44360: Failed to make portal
[10/09/20 22:14:57] D2BS 44360: ÿc7Picked up ÿc410 Gold
[10/09/20 22:15:52] D2BS 44360: ÿc7Picked up ÿc1Minor Healing Potion ÿc0(ilvl 1) (EarlyGame.nip #27)
[10/09/20 22:16:04] D2BS 44360: ÿc7Picked up ÿc44 Gold
[10/09/20 22:16:15] D2BS 44360: ÿc7Picked up ÿc44 Gold
[10/09/20 22:16:23] D2BS 44360: move retry 1
[10/09/20 22:16:35] D2BS 44360: move retry 1
[10/09/20 22:16:55] D2BS 44360: ÿc7Picked up ÿc49 Gold
[10/09/20 22:17:00] D2BS 44360: ÿc7Picked up ÿc1Light Healing Potion ÿc0(ilvl 1) (EarlyGame.nip #29)
[10/09/20 22:17:01] D2BS 44360: ÿc7Picked up ÿc46 Gold
[10/09/20 22:17:18] D2BS 44360: AutoBuild: Stat points: 5      Skill points: 3
[10/09/20 22:17:18] D2BS 44360: AutoBuild: Level up detected ( 5 --> 6 )
[10/09/20 22:17:18] D2BS 44360: AutoBuild: useSkillPoint(): Leap (132)
[10/09/20 22:17:18] D2BS 44360: AutoBuild: Skill (1/1) Increased Leap (132) by one (level:  1)
[10/09/20 22:17:19] D2BS 44360: AutoBuild: useStatPoint(0): Strength
[10/09/20 22:17:19] D2BS 44360: AutoBuild: Stat (1/5) Increased Strength from 34 to 35
[10/09/20 22:17:19] D2BS 44360: AutoBuild: useStatPoint(3): Vitality
[10/09/20 22:17:19] D2BS 44360: AutoBuild: Stat (2/5) Increased Vitality from 41 to 42
[10/09/20 22:17:19] D2BS 44360: AutoBuild: useStatPoint(3): Vitality
[10/09/20 22:17:19] D2BS 44360: AutoBuild: Stat (3/5) Increased Vitality from 42 to 43
[10/09/20 22:17:19] D2BS 44360: AutoBuild: useStatPoint(3): Vitality
[10/09/20 22:17:19] D2BS 44360: AutoBuild: Stat (4/5) Increased Vitality from 43 to 44
[10/09/20 22:17:19] D2BS 44360: AutoBuild: useStatPoint(3): Vitality
[10/09/20 22:17:19] D2BS 44360: AutoBuild: Stat (5/5) Increased Vitality from 44 to 45
[10/09/20 22:17:19] D2BS 44360: AutoBuild: Updating Config from level 5 to 6
[10/09/20 22:17:19] D2BS 44360: Updating Config from level 5 to 6
[10/09/20 22:17:19] D2BS 44360: Updating Config from level 5 to 6
[10/09/20 22:17:19] D2BS 44360: Updating Config from level 5 to 6
[10/09/20 22:17:19] D2BS 44360: Updating Config from level 5 to 6
[10/09/20 22:17:19] D2BS 44360: AutoBuild: Incrementing cached character level to 6
[10/09/20 22:17:57] D2BS 44360: move retry 1
[10/09/20 22:17:59] D2BS 44360: move retry 1
[10/09/20 22:18:28] D2BS 44360: move retry 1
[10/09/20 22:18:37] D2BS 44360: ÿc7Trying to make room for ÿc3Spear
[10/09/20 22:18:37] D2BS 44360: ÿc7Not enough room for ÿc3Spear
[10/09/20 22:18:38] D2BS 44360: 17,3
[10/09/20 22:19:29] D2BS 44360: initNPC: heal
[10/09/20 22:19:45] D2BS 44360: initNPC: identify
[10/09/20 22:19:52] D2BS 44360: initNPC: fillTome
[10/09/20 22:19:54] D2BS 44360: ÿc4MiniShopBotÿc0: Scanning 48 items.
[10/09/20 22:19:55] D2BS 44360: initNPC: buyPotions
[10/09/20 22:19:55] D2BS 44360: LowGold sell Low Quality Short Staff
[10/09/20 22:19:55] D2BS 44360: initNPC: clearInventory
[10/09/20 22:19:55] D2BS 44360: LowGold sell Javelin
[10/09/20 22:19:55] D2BS 44360: initNPC: clearInventory
[10/09/20 22:19:57] D2BS 44360: LowGold sell Short Sword
[10/09/20 22:19:57] D2BS 44360: initNPC: clearInventory
[10/09/20 22:19:59] D2BS 44360: LowGold sell Superior Hand Axe
[10/09/20 22:19:59] D2BS 44360: initNPC: clearInventory
[10/09/20 22:20:01] D2BS 44360: LowGold sell Wand
[10/09/20 22:20:01] D2BS 44360: initNPC: clearInventory
[10/09/20 22:20:03] D2BS 44360: LowGold sell Damaged Hand Axe
[10/09/20 22:20:03] D2BS 44360: initNPC: clearInventory
[10/09/20 22:20:06] D2BS 44360: LowGold sell Superior Short Staff
[10/09/20 22:20:06] D2BS 44360: initNPC: clearInventory
[10/09/20 22:20:08] D2BS 44360: LowGold sell Chipped Amethyst
[10/09/20 22:20:08] D2BS 44360: initNPC: clearInventory
[10/09/20 22:20:10] D2BS 44360: LowGold sell Chipped Skull
[10/09/20 22:20:10] D2BS 44360: initNPC: clearInventory
[10/09/20 22:20:12] D2BS 44360: LowGold sell Chipped Ruby
[10/09/20 22:20:12] D2BS 44360: initNPC: clearInventory
[10/09/20 22:20:14] D2BS 44360: Sturdy Boots 
[10/09/20 22:20:15] D2BS 44360: initNPC: buyKeys
[10/09/20 22:20:31] D2BS 44360: 1,2,8
[10/09/20 22:21:03] D2BS 44360: ÿc7Picked up ÿc3Hand Axe ÿc0(ilvl 1)
[10/09/20 22:21:16] D2BS 44360: ÿc7Picked up ÿc0Superior Wand ÿc0(ilvl 1)
[10/09/20 22:21:16] D2BS 44360: ÿc7Picked up ÿc0Scroll of Town Portal ÿc7(20/20)
[10/09/20 22:21:29] D2BS 44360: ÿc7Picked up ÿc44 Gold
[10/09/20 22:21:29] D2BS 44360: ÿc7Picked up ÿc43 Gold
[10/09/20 22:21:41] D2BS 44360: move retry 1
[10/09/20 22:21:44] D2BS 44360: move retry 1
[10/09/20 22:21:46] D2BS 44360: move retry 2
[10/09/20 22:21:49] D2BS 44360: move retry 3
[10/09/20 22:21:54] D2BS 44360: initNPC: heal
[10/09/20 22:22:00] D2BS 44360: initNPC: identify
[10/09/20 22:22:01] D2BS 44360: ÿc4MiniShopBotÿc0: Scanning 46 items.
[10/09/20 22:22:02] D2BS 44360: initNPC: buyPotions
[10/09/20 22:22:03] D2BS 44360: LowGold sell Superior Wand
[10/09/20 22:22:03] D2BS 44360: initNPC: clearInventory
[10/09/20 22:22:03] D2BS 44360: initNPC: repair
[10/09/20 22:23:04] D2BS 44360: ÿc7Picked up ÿc0Crude Javelin ÿc0(ilvl 1)
[10/09/20 22:23:09] D2BS 44360: ÿc7Picked up ÿc45 Gold
[10/09/20 22:23:16] D2BS 44360: ÿc7Picked up ÿc43 Gold
[10/09/20 22:23:17] D2BS 44360: move retry 1
[10/09/20 22:23:18] D2BS 44360: move retry 2
[10/09/20 22:23:57] D2BS 44360: ÿc7Picked up ÿc0Scroll of Town Portal ÿc7(18/20)
[10/09/20 22:23:57] D2BS 44360: ÿc7Picked up ÿc45 Gold
[10/09/20 22:23:58] D2BS 44360: move retry 1
[10/09/20 22:24:16] D2BS 44360: move retry 1
[10/09/20 22:24:29] D2BS 44360: ÿc7Picked up ÿc422 Gold
[10/09/20 22:25:10] D2BS 44360: move retry 1
[10/09/20 22:25:27] D2BS 44360: move retry 1
[10/09/20 22:25:28] D2BS 44360: move retry 2
[10/09/20 22:25:40] D2BS 44360: move retry 3
[10/09/20 22:25:43] D2BS 44360: 3,4
[10/09/20 22:26:32] D2BS 44360: ÿc7Picked up ÿc417 Gold
[10/09/20 22:26:32] D2BS 44360: ÿc7Picked up ÿc3Amulet ÿc0(ilvl 4) (LateGame.nip #29)
[10/09/20 22:26:46] D2BS 44360: ÿc7Picked up ÿc0Damaged Javelin ÿc0(ilvl 4)
[10/09/20 22:26:47] D2BS 44360: ÿc7Picked up ÿc0Scroll of Town Portal ÿc7(16/20)
[10/09/20 22:27:00] D2BS 44360: ÿc7Picked up ÿc411 Gold
[10/09/20 22:27:00] D2BS 44360: ÿc7Picked up ÿc411 Gold
[10/09/20 22:27:00] D2BS 44360: ÿc7Picked up ÿc49 Gold
[10/09/20 22:27:15] D2BS 44360: move retry 1
[10/09/20 22:27:31] D2BS 44360: AutoBuild: Stat points: 5      Skill points: 3
[10/09/20 22:27:31] D2BS 44360: AutoBuild: Level up detected ( 6 --> 7 )
[10/09/20 22:27:31] D2BS 44360: AutoBuild: useSkillPoint(): Shout (138)
[10/09/20 22:27:31] D2BS 44360: AutoBuild: Skill (1/1) Increased Shout (138) by one (level:  1)
[10/09/20 22:27:31] D2BS 44360: AutoBuild: useStatPoint(0): Strength
[10/09/20 22:27:31] D2BS 44360: AutoBuild: Stat (1/5) Increased Strength from 35 to 36
[10/09/20 22:27:31] D2BS 44360: AutoBuild: useStatPoint(3): Vitality
[10/09/20 22:27:32] D2BS 44360: AutoBuild: Stat (2/5) Increased Vitality from 45 to 46
[10/09/20 22:27:32] D2BS 44360: AutoBuild: useStatPoint(3): Vitality
[10/09/20 22:27:32] D2BS 44360: AutoBuild: Stat (3/5) Increased Vitality from 46 to 47
[10/09/20 22:27:32] D2BS 44360: AutoBuild: useStatPoint(3): Vitality
[10/09/20 22:27:32] D2BS 44360: AutoBuild: Stat (4/5) Increased Vitality from 47 to 48
[10/09/20 22:27:32] D2BS 44360: AutoBuild: useStatPoint(3): Vitality
[10/09/20 22:27:32] D2BS 44360: AutoBuild: Stat (5/5) Increased Vitality from 48 to 49
[10/09/20 22:27:32] D2BS 44360: Updating Config from level 6 to 7
[10/09/20 22:27:32] D2BS 44360: Updating Config from level 6 to 7
[10/09/20 22:27:32] D2BS 44360: Updating Config from level 6 to 7
[10/09/20 22:27:32] D2BS 44360: AutoBuild: Updating Config from level 6 to 7
[10/09/20 22:27:32] D2BS 44360: Updating Config from level 6 to 7
[10/09/20 22:27:32] D2BS 44360: AutoBuild: Incrementing cached character level to 7
[10/09/20 22:27:37] D2BS 44360: initNPC: heal
[10/09/20 22:27:46] D2BS 44360: initNPC: identify
[10/09/20 22:27:49] D2BS 44360: ÿc4MiniShopBotÿc0: Scanning 50 items.
[10/09/20 22:27:50] D2BS 44360: LowGold sell Crude Javelin
[10/09/20 22:27:50] D2BS 44360: initNPC: clearInventory
[10/09/20 22:27:50] D2BS 44360: LowGold sell Damaged Javelin
[10/09/20 22:27:50] D2BS 44360: initNPC: clearInventory
[10/09/20 22:27:59] D2BS 44360: 4
[10/09/20 22:28:03] D2BS 44360: Full Clear
[10/09/20 22:28:13] D2BS 44360: ÿc7Picked up ÿc423 Gold
[10/09/20 22:29:17] D2BS 44360: move retry 1
[10/09/20 22:29:22] D2BS 44360: move retry 1
[10/09/20 22:29:23] D2BS 44360: move retry 1
[10/09/20 22:29:26] D2BS 44360: move retry 1
[10/09/20 22:29:28] D2BS 44360: move retry 1
[10/09/20 22:29:29] D2BS 44360: move retry 1
[10/09/20 22:29:31] D2BS 44360: move retry 1
[10/09/20 22:30:00] D2BS 44360: ÿc7Picked up ÿc3Dagger ÿc0(ilvl 5) (Singer.xpac.nip #2)
[10/09/20 22:30:02] D2BS 44360: move retry 1
[10/09/20 22:30:12] D2BS 44360: move retry 1
[10/09/20 22:31:17] D2BS 44360: move retry 1
[10/09/20 22:31:44] D2BS 44360: move retry 1
[10/09/20 22:32:03] D2BS 44360: ÿc7Picked up ÿc46 Gold
[10/09/20 22:32:22] D2BS 44360: ÿc7Picked up ÿc49 Gold
[10/09/20 22:32:25] D2BS 44360: move retry 1
[10/09/20 22:32:39] D2BS 44360: ÿc7Picked up ÿc47 Gold
[10/09/20 22:33:03] D2BS 44360: ÿc7Picked up ÿc415 Gold
[10/09/20 22:33:04] D2BS 44360: ÿc7Picked up ÿc411 Gold
[10/09/20 22:33:08] D2BS 44360: ÿc7Picked up ÿc417 Gold
[10/09/20 22:33:38] D2BS 44360: ÿc7Picked up ÿc1Light Healing Potion ÿc0(ilvl 1) (EarlyGame.nip #29)
[10/09/20 22:33:43] D2BS 44360: ÿc7Picked up ÿc48 Gold
[10/09/20 22:33:44] D2BS 44360: move retry 1
[10/09/20 22:34:08] D2BS 44360: ÿc7Picked up ÿc416 Gold
[10/09/20 22:34:10] D2BS 44360: move retry 1
[10/09/20 22:34:12] D2BS 44360: move retry 2
[10/09/20 22:34:16] D2BS 44360: move retry 3
[10/09/20 22:34:17] D2BS 44360: move retry 1
[10/09/20 22:34:18] D2BS 44360: move retry 2
[10/09/20 22:35:02] D2BS 44360: AutoBuild: Stat points: 5      Skill points: 4
[10/09/20 22:35:02] D2BS 44360: AutoBuild: Level up detected ( 7 --> 8 )
[10/09/20 22:35:02] D2BS 44360: AutoBuild: useSkillPoint(): Taunt (137)
[10/09/20 22:35:02] D2BS 44360: AutoBuild: Skill (1/1) Increased Taunt (137) by one (level:  3)
[10/09/20 22:35:02] D2BS 44360: AutoBuild: useStatPoint(0): Strength
[10/09/20 22:35:02] D2BS 44360: AutoBuild: Stat (1/5) Increased Strength from 36 to 37
[10/09/20 22:35:02] D2BS 44360: AutoBuild: useStatPoint(3): Vitality
[10/09/20 22:35:02] D2BS 44360: AutoBuild: Stat (2/5) Increased Vitality from 49 to 50
[10/09/20 22:35:02] D2BS 44360: AutoBuild: useStatPoint(3): Vitality
[10/09/20 22:35:03] D2BS 44360: AutoBuild: Stat (3/5) Increased Vitality from 50 to 51
[10/09/20 22:35:03] D2BS 44360: AutoBuild: useStatPoint(3): Vitality
[10/09/20 22:35:03] D2BS 44360: AutoBuild: Stat (4/5) Increased Vitality from 51 to 52
[10/09/20 22:35:03] D2BS 44360: AutoBuild: useStatPoint(3): Vitality
[10/09/20 22:35:03] D2BS 44360: AutoBuild: Stat (5/5) Increased Vitality from 52 to 53
[10/09/20 22:35:03] D2BS 44360: Updating Config from level 7 to 8
[10/09/20 22:35:03] D2BS 44360: Updating Config from level 7 to 8
[10/09/20 22:35:03] D2BS 44360: Updating Config from level 7 to 8
[10/09/20 22:35:03] D2BS 44360: AutoBuild: Updating Config from level 7 to 8
[10/09/20 22:35:03] D2BS 44360: Updating Config from level 7 to 8
[10/09/20 22:35:03] D2BS 44360: AutoBuild: Incrementing cached character level to 8
[10/09/20 22:35:14] D2BS 44360: ÿc7Picked up ÿc49 Gold
[10/09/20 22:35:14] D2BS 44360: ÿc7Picked up ÿc418 Gold
[10/09/20 22:35:15] D2BS 44360: ÿc7Picked up ÿc49 Gold
[10/09/20 22:35:17] D2BS 44360: move retry 1
[10/09/20 22:35:51] D2BS 44360: ÿc7Picked up ÿc1Minor Healing Potion ÿc0(ilvl 1) (EarlyGame.nip #27)
[10/09/20 22:35:51] D2BS 44360: ÿc7Picked up ÿc0Superior Short Bow ÿc0(ilvl 4) (Merc.xpac.nip #3)
[10/09/20 22:35:59] D2BS 44360: ÿc7Picked up ÿc0Javelin ÿc0(ilvl 4)
[10/09/20 22:35:59] D2BS 44360: ÿc7Picked up ÿc414 Gold
[10/09/20 22:36:00] D2BS 44360: ÿc7Picked up ÿc3Large Charm ÿc0(ilvl 4) (LateGame.nip #10)
[10/09/20 22:37:11] D2BS 44360: move retry 1
[10/09/20 22:37:33] D2BS 44360: move retry 1
[10/09/20 22:37:35] D2BS 44360: move retry 2
[10/09/20 22:39:20] D2BS 44360: 4,10,5
[10/09/20 22:39:22] D2BS 44360: move retry 1
[10/09/20 22:40:36] D2BS 44360: ÿc7Picked up ÿc423 Gold
[10/09/20 22:40:41] D2BS 44360: initNPC: heal
[10/09/20 22:40:45] D2BS 44360: move retry 1
[10/09/20 22:40:46] D2BS 44360: initNPC: identify
[10/09/20 22:40:50] D2BS 44360: ÿc4MiniShopBotÿc0: Scanning 57 items.
[10/09/20 22:40:51] D2BS 44360: initNPC: buyPotions
[10/09/20 22:40:52] D2BS 44360: LowGold sell Javelin
[10/09/20 22:40:52] D2BS 44360: initNPC: clearInventory
[10/09/20 22:40:52] D2BS 44360: initNPC: reviveMerc
[10/09/20 22:40:58] D2BS 44360: initNPC: clearInventory
[10/09/20 22:41:17] D2BS 44360: 5
[10/09/20 22:41:47] D2BS 44360: ÿc7Picked up ÿc418 Gold
[10/09/20 22:41:49] D2BS 44360: ÿc7Picked up ÿc0Crude Skull Cap ÿc0(ilvl 5)
[10/09/20 22:42:13] D2BS 44360: ÿc7Picked up ÿc447 Gold
[10/09/20 22:42:20] D2BS 44360: ÿc7Picked up ÿc422 Gold
[10/09/20 22:42:29] D2BS 44360: ÿc7Picked up ÿc420 Gold
[10/09/20 22:42:44] D2BS 44360: AutoBuild: Stat points: 5      Skill points: 4
[10/09/20 22:42:44] D2BS 44360: AutoBuild: Level up detected ( 8 --> 9 )
[10/09/20 22:42:44] D2BS 44360: AutoBuild: useSkillPoint(): Shout (138)
[10/09/20 22:42:44] D2BS 44360: AutoBuild: Skill (1/1) Increased Shout (138) by one (level:  2)
[10/09/20 22:42:44] D2BS 44360: AutoBuild: useStatPoint(0): Strength
[10/09/20 22:42:45] D2BS 44360: AutoBuild: Stat (1/5) Increased Strength from 37 to 38
[10/09/20 22:42:45] D2BS 44360: AutoBuild: useStatPoint(3): Vitality
[10/09/20 22:42:45] D2BS 44360: AutoBuild: Stat (2/5) Increased Vitality from 53 to 54
[10/09/20 22:42:45] D2BS 44360: AutoBuild: useStatPoint(3): Vitality
[10/09/20 22:42:45] D2BS 44360: AutoBuild: Stat (3/5) Increased Vitality from 54 to 55
[10/09/20 22:42:45] D2BS 44360: AutoBuild: useStatPoint(3): Vitality
[10/09/20 22:42:45] D2BS 44360: AutoBuild: Stat (4/5) Increased Vitality from 55 to 56
[10/09/20 22:42:45] D2BS 44360: AutoBuild: useStatPoint(3): Vitality
[10/09/20 22:42:45] D2BS 44360: AutoBuild: Stat (5/5) Increased Vitality from 56 to 57
[10/09/20 22:42:45] D2BS 44360: Updating Config from level 8 to 9
[10/09/20 22:42:45] D2BS 44360: Updating Config from level 8 to 9
[10/09/20 22:42:45] D2BS 44360: AutoBuild: Updating Config from level 8 to 9
[10/09/20 22:42:45] D2BS 44360: Updating Config from level 8 to 9
[10/09/20 22:42:45] D2BS 44360: Updating Config from level 8 to 9
[10/09/20 22:42:45] D2BS 44360: AutoBuild: Incrementing cached character level to 9
[10/09/20 22:42:47] D2BS 44360: ÿc7Picked up ÿc417 Gold
[10/09/20 22:42:58] D2BS 44360: ÿc7Picked up ÿc1Light Healing Potion ÿc0(ilvl 1) (EarlyGame.nip #29)
[10/09/20 22:42:58] D2BS 44360: ÿc7Picked up ÿc3Minor Mana Potion ÿc0(ilvl 1) (EarlyGame.nip #26)
[10/09/20 22:43:16] D2BS 44360: ÿc7Picked up ÿc0ÿc4Scroll of Inifuss ÿc0(ilvl 1)
[10/09/20 22:43:18] D2BS 44360: ÿc7Picked up ÿc414 Gold
[10/09/20 23:27:53] D2BS 44360: Script default.dbj ended
[10/09/20 23:27:53] D2BS 44360: Script tools\autobuildthread.js ended
[10/09/20 23:27:53] D2BS 44360: Script tools\party.js ended
[10/09/20 23:27:53] D2BS 44360: Script tools\toolsthread.js ended
[10/09/20 23:27:53] D2BS 44360: Script tools\townchicken.js ended
[10/09/20 23:27:53] D2BS 44360: 12
[10/09/20 23:27:56] D2BS 44360: ÿc2D2BSÿc0 :: Starting default.dbj
[10/09/20 23:27:56] D2BS 44360: ÿc2D2BSÿc0 :: default.dbj running.
[10/09/20 23:27:56] D2BS 44360: AutoBuild: Including build template config/builds/barbarian.singer.js into default.dbj
[10/09/20 23:27:56] D2BS 44360: Updating Config from level 0 to 9
[10/09/20 23:27:56] D2BS 44360: ÿc4Loaded NIP: ÿc2LateGame.nipÿc4. Lines: ÿc280ÿc4. Valid entries: ÿc253. ÿc4Time: ÿc20 ms
[10/09/20 23:27:56] D2BS 44360: ÿc4Loaded NIP: ÿc2MidGame.nipÿc4. Lines: ÿc268ÿc4. Valid entries: ÿc241. ÿc4Time: ÿc20 ms
[10/09/20 23:27:56] D2BS 44360: ÿc4Loaded NIP: ÿc2EarlyGame.nipÿc4. Lines: ÿc229ÿc4. Valid entries: ÿc213. ÿc4Time: ÿc20 ms
[10/09/20 23:27:56] D2BS 44360: ÿc4Loaded NIP: ÿc2SingerRunes.nipÿc4. Lines: ÿc221ÿc4. Valid entries: ÿc210. ÿc4Time: ÿc20 ms
[10/09/20 23:27:56] D2BS 44360: ÿc4Loaded NIP: ÿc2Singer.xpac.nipÿc4. Lines: ÿc2124ÿc4. Valid entries: ÿc2107. ÿc4Time: ÿc215 ms
[10/09/20 23:27:56] D2BS 44360: ÿc4Loaded NIP: ÿc2Merc.xpac.nipÿc4. Lines: ÿc257ÿc4. Valid entries: ÿc241. ÿc4Time: ÿc20 ms
[10/09/20 23:27:56] D2BS 44360: AutoBuild: Including build template config/builds/barbarian.singer.js into tools\autobuildthread.js
[10/09/20 23:27:56] D2BS 44360: Updating Config from level 0 to 9
[10/09/20 23:27:56] D2BS 44360: AutoBuild: Loaded helper thread
[10/09/20 23:27:57] D2BS 44360: LowGold sell Crude Skull Cap
[10/09/20 23:27:57] D2BS 44360: initNPC: clearInventory
[10/09/20 23:27:57] D2BS 44360: AutoBuild: Including build template config/builds/barbarian.singer.js into tools\party.js
[10/09/20 23:27:57] D2BS 44360: Updating Config from level 0 to 9
[10/09/20 23:27:57] D2BS 44360: ÿc2Party thread loaded. Mode: Invite
[10/09/20 23:27:57] D2BS 44360: AutoBuild: Including build template config/builds/barbarian.singer.js into tools\townchicken.js
[10/09/20 23:27:57] D2BS 44360: Updating Config from level 0 to 9
[10/09/20 23:27:57] D2BS 44360: ÿc3Start ToolsThread script
[10/09/20 23:27:57] D2BS 44360: AutoBuild: Including build template config/builds/barbarian.singer.js into tools\toolsthread.js
[10/09/20 23:27:57] D2BS 44360: Updating Config from level 0 to 9
[10/09/20 23:28:07] D2BS 44360: [Warning] Code(206) File(c:\users\gmcdo\documents\mykolbot\d2bs\kolbot\libs\common\prototypes.js:131) delay(0) called, argument must be >= 1
Line: (null)
[10/09/20 23:28:07] D2BS 44360: [Warning] Code(206) File(c:\users\gmcdo\documents\mykolbot\d2bs\kolbot\libs\common\prototypes.js:133) delay(0) called, argument must be >= 1
Line: (null)
[10/09/20 23:28:07] D2BS 44360: [ÿc9Warningÿc0 (206)] File(kolbot\libs\common\prototypes.js:131) delay(0) called, argument must be >= 1
[10/09/20 23:28:07] D2BS 44360: [ÿc9Warningÿc0 (206)] File(kolbot\libs\common\prototypes.js:133) delay(0) called, argument must be >= 1
[10/09/20 23:28:09] D2BS 44360: ÿc2Starting script: ÿc9LevelLeader
[10/09/20 23:28:22] D2BS 44360: initNPC: reviveMerc
[10/09/20 23:28:36] D2BS 44360: Up to Act:1 Dark Wood
[10/09/20 23:28:40] D2BS 44360: move retry 1
[10/09/20 23:28:41] D2BS 44360: 5
[10/09/20 23:28:50] D2BS 44360: initNPC: heal
[10/09/20 23:28:57] D2BS 44360: initNPC: fillTome
[10/09/20 23:28:59] D2BS 44360: initNPC: buyPotions
[10/09/20 23:29:01] D2BS 44360: 5
[10/09/20 23:29:10] D2BS 44360: 4
[10/09/20 23:29:34] D2BS 44360: ÿc7Picked up ÿc419 Gold
[10/09/20 23:29:40] D2BS 44360: ÿc7Picked up ÿc416 Gold
[10/09/20 23:29:57] D2BS 44360: move retry 1
[10/09/20 23:30:07] D2BS 44360: ÿc7Picked up ÿc418 Gold
[10/09/20 23:30:07] D2BS 44360: ÿc7Picked up ÿc419 Gold
[10/09/20 23:30:07] D2BS 44360: ÿc7Picked up ÿc0Cap ÿc0(ilvl 4) (MidGame.nip #18)
[10/09/20 23:30:08] D2BS 44360: move retry 1
[10/09/20 23:30:12] D2BS 44360: move retry 2
[10/09/20 23:30:17] D2BS 44360: move retry 3
[10/09/20 23:30:20] D2BS 44360: ÿc7Picked up ÿc418 Gold
[10/09/20 23:30:20] D2BS 44360: ÿc7Picked up ÿc0Light Crossbow ÿc0(ilvl 5)
[10/09/20 23:30:21] D2BS 44360: ÿc7Picked up ÿc0Javelin ÿc0(ilvl 1)
[10/09/20 23:31:14] D2BS 44360: 38
[10/09/20 23:31:38] D2BS 44360: ÿc7Picked up ÿc0Superior Spiked Club ÿc0(ilvl 5)
[10/09/20 23:31:39] D2BS 44360: ÿc7Picked up ÿc3Minor Mana Potion ÿc0(ilvl 1) (EarlyGame.nip #26)
[10/09/20 23:31:48] D2BS 44360: ÿc7Picked up ÿc3Light Mana Potion ÿc0(ilvl 1) (EarlyGame.nip #28)
[10/09/20 23:32:01] D2BS 44360: ÿc7Picked up ÿc0Short Staff ÿc0(ilvl 6)
[10/09/20 23:32:18] D2BS 44360: AutoBuild: Stat points: 5      Skill points: 4
[10/09/20 23:32:18] D2BS 44360: AutoBuild: Level up detected ( 9 --> 10 )
[10/09/20 23:32:18] D2BS 44360: AutoBuild: useSkillPoint(): Shout (138)
[10/09/20 23:32:18] D2BS 44360: AutoBuild: Attempt to spend skill point 1 in Shout (138) may have failed!
[10/09/20 23:32:18] D2BS 44360: AutoBuild: useStatPoint(0): Strength
[10/09/20 23:32:18] D2BS 44360: AutoBuild: Stat (1/5) Increased Strength from 38 to 39
[10/09/20 23:32:18] D2BS 44360: AutoBuild: useStatPoint(3): Vitality
[10/09/20 23:32:18] D2BS 44360: AutoBuild: Attempt to spend point 2 in Vitality may have failed!
[10/09/20 23:32:18] D2BS 44360: AutoBuild: useStatPoint(3): Vitality
[10/09/20 23:32:18] D2BS 44360: AutoBuild: Attempt to spend point 3 in Vitality may have failed!
[10/09/20 23:32:18] D2BS 44360: AutoBuild: useStatPoint(3): Vitality
[10/09/20 23:32:19] D2BS 44360: AutoBuild: Attempt to spend point 4 in Vitality may have failed!
[10/09/20 23:32:19] D2BS 44360: AutoBuild: useStatPoint(3): Vitality
[10/09/20 23:32:19] D2BS 44360: AutoBuild: Attempt to spend point 5 in Vitality may have failed!
[10/09/20 23:32:19] D2BS 44360: Updating Config from level 9 to 10
[10/09/20 23:32:19] D2BS 44360: Updating Config from level 9 to 10
[10/09/20 23:32:19] D2BS 44360: AutoBuild: Updating Config from level 9 to 10
[10/09/20 23:32:19] D2BS 44360: Updating Config from level 9 to 10
[10/09/20 23:32:19] D2BS 44360: Updating Config from level 9 to 10
[10/09/20 23:32:19] D2BS 44360: AutoBuild: Incrementing cached character level to 10
[10/09/20 23:32:42] D2BS 44360: ÿc7Picked up ÿc1Minor Healing Potion ÿc0(ilvl 1) (EarlyGame.nip #27)
[10/09/20 23:32:43] D2BS 44360: move retry 1
[10/09/20 23:33:03] D2BS 44360: ÿc7Picked up ÿc411 Gold
[10/09/20 23:33:37] D2BS 44360: move retry 1
[10/09/20 23:33:45] D2BS 44360: move retry 1
[10/09/20 23:34:02] D2BS 44360: ÿc7Picked up ÿc0Skull Cap ÿc0(ilvl 6)
[10/09/20 23:34:23] D2BS 44360: move retry 1
[10/09/20 23:34:27] D2BS 44360: ÿc7Picked up ÿc46 Gold
[10/09/20 23:34:43] D2BS 44360: ÿc7Picked up ÿc0Scroll of Town Portal ÿc7(18/20)
[10/09/20 23:34:45] D2BS 44360: move retry 1
[10/09/20 23:35:10] D2BS 44360: initNPC: heal
[10/09/20 23:35:22] D2BS 44360: initNPC: identify
[10/09/20 23:35:23] D2BS 44360: ÿc4MiniShopBotÿc0: Scanning 53 items.
[10/09/20 23:35:23] D2BS 44360: initNPC: buyPotions
[10/09/20 23:35:25] D2BS 44360: LowGold sell Skull Cap
[10/09/20 23:35:25] D2BS 44360: initNPC: clearInventory
[10/09/20 23:35:25] D2BS 44360: LowGold sell Light Crossbow
[10/09/20 23:35:25] D2BS 44360: initNPC: clearInventory
[10/09/20 23:35:27] D2BS 44360: LowGold sell Javelin
[10/09/20 23:35:27] D2BS 44360: initNPC: clearInventory
[10/09/20 23:35:29] D2BS 44360: LowGold sell Superior Spiked Club
[10/09/20 23:35:29] D2BS 44360: initNPC: clearInventory
[10/09/20 23:35:31] D2BS 44360: LowGold sell Short Staff
[10/09/20 23:35:31] D2BS 44360: initNPC: clearInventory
[10/09/20 23:35:34] D2BS 44360: LowGold sell  Ring of Charged Bolt
[10/09/20 23:35:34] D2BS 44360: initNPC: clearInventory
[10/09/20 23:35:42] D2BS 44360: Successfully placed Cap at X: 0 Y: 0
[10/09/20 23:35:53] D2BS 44360: 5
[10/09/20 23:35:57] D2BS 44360: Full Clear
[10/09/20 23:36:00] D2BS 44360: ÿc7Picked up ÿc0Jawbone Cap ÿc0(ilvl 5) (Singer.xpac.nip #32)
[10/09/20 23:36:05] D2BS 44360: initNPC: heal
[10/09/20 23:36:11] D2BS 44360: Jawbone Cap
[10/09/20 23:36:12] D2BS 44360: Successfully placed Superior Cap at X: 0 Y: 0
[10/09/20 23:36:12] D2BS 44360: initNPC: repair
[10/09/20 23:36:18] D2BS 44360: move retry 1
[10/09/20 23:36:37] D2BS 44360: ÿc7Picked up ÿc0Damaged Skull Cap ÿc0(ilvl 5)
[10/09/20 23:36:48] D2BS 44360: ÿc7Picked up ÿc0Skull Cap ÿc0(ilvl 5)
[10/09/20 23:36:51] D2BS 44360: move retry 1
[10/09/20 23:37:03] D2BS 44360: ÿc7Picked up ÿc429 Gold
[10/09/20 23:37:39] D2BS 44360: move retry 1
[10/09/20 23:37:41] D2BS 44360: move retry 2
[10/09/20 23:37:44] D2BS 44360: move retry 3
[10/09/20 23:37:57] D2BS 44360: ÿc7Picked up ÿc425 Gold
[10/09/20 23:38:17] D2BS 44360: move retry 1
[10/09/20 23:38:21] D2BS 44360: ÿc7Picked up ÿc0Small Shield ÿc0(ilvl 5)
[10/09/20 23:38:22] D2BS 44360: ÿc7Picked up ÿc419 Gold
[10/09/20 23:38:22] D2BS 44360: ÿc7Picked up ÿc425 Gold
[10/09/20 23:38:41] D2BS 44360: AutoBuild: Stat points: 9      Skill points: 5
[10/09/20 23:38:41] D2BS 44360: AutoBuild: Level up detected ( 10 --> 11 )
[10/09/20 23:38:41] D2BS 44360: AutoBuild: useSkillPoint(): Shout (138)
[10/09/20 23:38:41] D2BS 44360: AutoBuild: Skill (1/1) Increased Shout (138) by one (level:  3)
[10/09/20 23:38:42] D2BS 44360: AutoBuild: useStatPoint(0): Strength
[10/09/20 23:38:42] D2BS 44360: AutoBuild: Stat (1/5) Increased Strength from 39 to 40
[10/09/20 23:38:42] D2BS 44360: AutoBuild: useStatPoint(3): Vitality
[10/09/20 23:38:42] D2BS 44360: AutoBuild: Stat (2/5) Increased Vitality from 57 to 58
[10/09/20 23:38:42] D2BS 44360: AutoBuild: useStatPoint(3): Vitality
[10/09/20 23:38:42] D2BS 44360: AutoBuild: Stat (3/5) Increased Vitality from 58 to 59
[10/09/20 23:38:42] D2BS 44360: AutoBuild: useStatPoint(3): Vitality
[10/09/20 23:38:42] D2BS 44360: AutoBuild: Stat (4/5) Increased Vitality from 59 to 60
[10/09/20 23:38:42] D2BS 44360: AutoBuild: useStatPoint(3): Vitality
[10/09/20 23:38:42] D2BS 44360: AutoBuild: Stat (5/5) Increased Vitality from 60 to 61
[10/09/20 23:38:42] D2BS 44360: AutoBuild: Updating Config from level 10 to 11
[10/09/20 23:38:42] D2BS 44360: Updating Config from level 10 to 11
[10/09/20 23:38:42] D2BS 44360: Updating Config from level 10 to 11
[10/09/20 23:38:42] D2BS 44360: Updating Config from level 10 to 11
[10/09/20 23:38:42] D2BS 44360: Updating Config from level 10 to 11
[10/09/20 23:38:42] D2BS 44360: AutoBuild: Incrementing cached character level to 11
[10/09/20 23:38:47] D2BS 44360: ÿc7Picked up ÿc0Small Shield ÿc0(ilvl 5)
[10/09/20 23:38:47] D2BS 44360: ÿc7Picked up ÿc49 Gold
[10/09/20 23:38:50] D2BS 44360: ÿc7Picked up ÿc48 Gold
[10/09/20 23:38:50] D2BS 44360: ÿc7Picked up ÿc0Cracked Light Crossbow ÿc0(ilvl 5)
[10/09/20 23:38:51] D2BS 44360: move retry 1
[10/09/20 23:38:58] D2BS 44360: ÿc7Picked up ÿc3Minor Mana Potion ÿc0(ilvl 1) (EarlyGame.nip #26)
[10/09/20 23:39:05] D2BS 44360: ÿc7Picked up ÿc423 Gold
[10/09/20 23:39:05] D2BS 44360: ÿc7Picked up ÿc420 Gold
[10/09/20 23:39:05] D2BS 44360: ÿc7Picked up ÿc427 Gold
[10/09/20 23:39:05] D2BS 44360: ÿc7Trying to make room for ÿc0Crude Hunter's Bow
[10/09/20 23:39:05] D2BS 44360: initNPC: heal
[10/09/20 23:39:12] D2BS 44360: initNPC: identify
[10/09/20 23:39:13] D2BS 44360: ÿc4MiniShopBotÿc0: Scanning 50 items.
[10/09/20 23:39:13] D2BS 44360: LowGold sell Superior Cap
[10/09/20 23:39:13] D2BS 44360: initNPC: clearInventory
[10/09/20 23:39:13] D2BS 44360: LowGold sell Small Shield
[10/09/20 23:39:13] D2BS 44360: initNPC: clearInventory
[10/09/20 23:39:15] D2BS 44360: LowGold sell Cracked Light Crossbow
[10/09/20 23:39:15] D2BS 44360: initNPC: clearInventory
[10/09/20 23:39:17] D2BS 44360: LowGold sell Damaged Skull Cap
[10/09/20 23:39:17] D2BS 44360: initNPC: clearInventory
[10/09/20 23:39:20] D2BS 44360: LowGold sell Small Shield
[10/09/20 23:39:20] D2BS 44360: initNPC: clearInventory
[10/09/20 23:39:22] D2BS 44360: LowGold sell Skull Cap
[10/09/20 23:39:22] D2BS 44360: initNPC: clearInventory
[10/09/20 23:39:44] D2BS 44360: ÿc7Picked up ÿc1Light Healing Potion ÿc0(ilvl 1) (EarlyGame.nip #29)
[10/09/20 23:39:46] D2BS 44360: ÿc7Picked up ÿc;Rejuvenation Potion ÿc0(ilvl 1) (LateGame.nip #34)
[10/09/20 23:40:04] D2BS 44360: ÿc7Picked up ÿc3Light Mana Potion ÿc0(ilvl 1) (EarlyGame.nip #28)
[10/09/20 23:40:04] D2BS 44360: ÿc7Picked up ÿc418 Gold
[10/09/20 23:40:12] D2BS 44360: ÿc7Picked up ÿc412 Gold
[10/09/20 23:40:31] D2BS 44360: ÿc7Picked up ÿc3Light Mana Potion ÿc0(ilvl 1) (EarlyGame.nip #28)
[10/09/20 23:40:32] D2BS 44360: ÿc7Picked up ÿc427 Gold
[10/09/20 23:40:32] D2BS 44360: ÿc7Picked up ÿc426 Gold
[10/09/20 23:40:32] D2BS 44360: ÿc7Picked up ÿc422 Gold
[10/09/20 23:40:52] D2BS 44360: ÿc7Picked up ÿc416 Gold
[10/09/20 23:40:57] D2BS 44360: ÿc7Picked up ÿc45 Gold
[10/09/20 23:40:57] D2BS 44360: ÿc7Picked up ÿc0Chipped Sapphire ÿc0(ilvl 1)
[10/09/20 23:40:59] D2BS 44360: ÿc7Picked up ÿc;Rejuvenation Potion ÿc0(ilvl 1) (LateGame.nip #34)
[10/09/20 23:41:15] D2BS 44360: ÿc7Picked up ÿc429 Gold
[10/09/20 23:41:15] D2BS 44360: ÿc7Picked up ÿc0Damaged Skull Cap ÿc0(ilvl 5)
[10/09/20 23:41:19] D2BS 44360: ÿc7Picked up ÿc419 Gold
[10/09/20 23:41:19] D2BS 44360: ÿc7Picked up ÿc0Scimitar ÿc0(ilvl 5)
[10/09/20 23:41:20] D2BS 44360: ÿc7Picked up ÿc3Small Charm ÿc0(ilvl 5) (LateGame.nip #11)
[10/09/20 23:41:58] D2BS 44360: ÿc7Picked up ÿc425 Gold
[10/09/20 23:41:58] D2BS 44360: ÿc7Picked up ÿc0Superior Bardiche ÿc0(ilvl 5)
[10/09/20 23:41:59] D2BS 44360: ÿc7Picked up ÿc416 Gold
[10/09/20 23:42:02] D2BS 44360: ÿc7Picked up ÿc420 Gold
[10/09/20 23:42:02] D2BS 44360: ÿc7Picked up ÿc422 Gold
[10/09/20 23:42:07] D2BS 44360: ÿc7Picked up ÿc422 Gold
[10/09/20 23:42:14] D2BS 44360: ÿc7Picked up ÿc0Javelin ÿc0(ilvl 5)
[10/09/20 23:42:17] D2BS 44360: ÿc7Picked up ÿc0Crude Small Shield ÿc0(ilvl 5)
[10/09/20 23:42:17] D2BS 44360: ÿc7Picked up ÿc423 Gold
[10/09/20 23:42:18] D2BS 44360: ÿc7Picked up ÿc413 Gold
[10/09/20 23:42:30] D2BS 44360: ÿc7Picked up ÿc0Chipped Emerald ÿc0(ilvl 1)
[10/09/20 23:42:30] D2BS 44360: ÿc7Picked up ÿc0Crude Spiked Club ÿc0(ilvl 5)
[10/09/20 23:42:30] D2BS 44360: ÿc7Picked up ÿc0Chipped Amethyst ÿc0(ilvl 1)
[10/09/20 23:42:40] D2BS 44360: ÿc7Picked up ÿc0Scroll of Town Portal ÿc7(13/20)
[10/09/20 23:42:41] D2BS 44360: ÿc7Picked up ÿc1Light Healing Potion ÿc0(ilvl 1) (EarlyGame.nip #29)
[10/09/20 23:42:54] D2BS 44360: ÿc7Picked up ÿc423 Gold
[10/09/20 23:43:25] D2BS 44360: ÿc7Picked up ÿc422 Gold
[10/09/20 23:43:26] D2BS 44360: ÿc7Picked up ÿc0Skull Cap ÿc0(ilvl 5)
[10/09/20 23:43:26] D2BS 44360: ÿc7Trying to make room for ÿc0Damaged Skull Cap
[10/09/20 23:43:26] D2BS 44360: initNPC: heal
[10/09/20 23:43:33] D2BS 44360: initNPC: identify
[10/09/20 23:43:35] D2BS 44360: initNPC: fillTome
[10/09/20 23:43:37] D2BS 44360: ÿc4MiniShopBotÿc0: Scanning 49 items.
[10/09/20 23:43:37] D2BS 44360: LowGold sell Scimitar
[10/09/20 23:43:37] D2BS 44360: initNPC: clearInventory
[10/09/20 23:43:37] D2BS 44360: LowGold sell Superior Bardiche
[10/09/20 23:43:37] D2BS 44360: initNPC: clearInventory
[10/09/20 23:43:39] D2BS 44360: LowGold sell Javelin
[10/09/20 23:43:39] D2BS 44360: initNPC: clearInventory
[10/09/20 23:43:42] D2BS 44360: LowGold sell Crude Spiked Club
[10/09/20 23:43:42] D2BS 44360: initNPC: clearInventory
[10/09/20 23:43:44] D2BS 44360: LowGold sell Chipped Emerald
[10/09/20 23:43:44] D2BS 44360: initNPC: clearInventory
[10/09/20 23:43:46] D2BS 44360: LowGold sell Crude Small Shield
[10/09/20 23:43:46] D2BS 44360: initNPC: clearInventory
[10/09/20 23:43:48] D2BS 44360: LowGold sell Chipped Sapphire
[10/09/20 23:43:48] D2BS 44360: initNPC: clearInventory
[10/09/20 23:43:50] D2BS 44360: LowGold sell Chipped Amethyst
[10/09/20 23:43:50] D2BS 44360: initNPC: clearInventory
[10/09/20 23:43:52] D2BS 44360: LowGold sell Skull Cap
[10/09/20 23:43:52] D2BS 44360: initNPC: clearInventory
[10/09/20 23:43:54] D2BS 44360: LowGold sell Damaged Skull Cap
[10/09/20 23:43:54] D2BS 44360: initNPC: clearInventory
[10/09/20 23:44:05] D2BS 44360: move retry 1
[10/09/20 23:44:05] D2BS 44360: move retry 2
[10/09/20 23:44:06] D2BS 44360: move retry 3
[10/09/20 23:44:27] D2BS 44360: move retry 1
[10/09/20 23:44:30] D2BS 44360: ÿc7Picked up ÿc0Small Shield ÿc0(ilvl 5)
[10/09/20 23:44:30] D2BS 44360: ÿc7Picked up ÿc1Light Healing Potion ÿc0(ilvl 1) (EarlyGame.nip #29)
[10/09/20 23:44:32] D2BS 44360: move retry 1
[10/09/20 23:44:36] D2BS 44360: ÿc7Picked up ÿc1Light Healing Potion ÿc0(ilvl 1) (EarlyGame.nip #29)
[10/09/20 23:44:36] D2BS 44360: ÿc7Picked up ÿc415 Gold
[10/09/20 23:44:36] D2BS 44360: ÿc7Picked up ÿc0Low Quality Short Staff ÿc0(ilvl 5)
[10/09/20 23:44:44] D2BS 44360: ÿc7Picked up ÿc410 Gold
[10/09/20 23:44:46] D2BS 44360: ÿc7Picked up ÿc418 Gold
[10/09/20 23:44:46] D2BS 44360: ÿc7Picked up ÿc413 Gold
[10/09/20 23:44:46] D2BS 44360: ÿc7Picked up ÿc0Crude Small Shield ÿc0(ilvl 5)
[10/09/20 23:45:23] D2BS 44360: ÿc7Picked up ÿc9Cap ÿc0(ilvl 8) (Singer.xpac.nip #34)
[10/09/20 23:45:23] D2BS 44360: ÿc7Picked up ÿc3Leather Armor ÿc0(ilvl 8) (Singer.xpac.nip #51)
[10/09/20 23:45:42] D2BS 44360: ÿc7Picked up ÿc415 Gold
[10/09/20 23:45:42] D2BS 44360: ÿc7Picked up ÿc0Low Quality Skull Cap ÿc0(ilvl 5)
[10/09/20 23:45:46] D2BS 44360: ÿc7Picked up ÿc49 Gold
[10/09/20 23:45:56] D2BS 44360: ÿc7Picked up ÿc412 Gold
[10/09/20 23:45:59] D2BS 44360: ÿc7Picked up ÿc422 Gold
[10/09/20 23:47:19] D2BS 44360: ÿc7Picked up ÿc421 Gold
[10/09/20 23:47:19] D2BS 44360: ÿc7Picked up ÿc45 Gold
[10/09/20 23:47:19] D2BS 44360: ÿc7Picked up ÿc421 Gold
[10/09/20 23:47:28] D2BS 44360: ÿc7Picked up ÿc3Light Mana Potion ÿc0(ilvl 1) (EarlyGame.nip #28)
[10/09/20 23:48:20] D2BS 44360: ÿc7Picked up ÿc427 Gold
[10/09/20 23:48:21] D2BS 44360: ÿc7Picked up ÿc424 Gold
[10/09/20 23:48:21] D2BS 44360: ÿc7Picked up ÿc426 Gold
[10/09/20 23:48:21] D2BS 44360: ÿc7Picked up ÿc49 Gold
[10/09/20 23:48:21] D2BS 44360: ÿc7Trying to make room for ÿc3Hunter's Bow
[10/09/20 23:48:21] D2BS 44360: initNPC: heal
[10/09/20 23:48:28] D2BS 44360: initNPC: identify
[10/09/20 23:48:32] D2BS 44360: ÿc4MiniShopBotÿc0: Scanning 47 items.
[10/09/20 23:48:33] D2BS 44360: LowGold sell Low Quality Short Staff
[10/09/20 23:48:33] D2BS 44360: initNPC: clearInventory
[10/09/20 23:48:33] D2BS 44360: LowGold sell Crude Small Shield
[10/09/20 23:48:33] D2BS 44360: initNPC: clearInventory
[10/09/20 23:48:35] D2BS 44360: LowGold sell Low Quality Skull Cap
[10/09/20 23:48:35] D2BS 44360: initNPC: clearInventory
[10/09/20 23:48:37] D2BS 44360: LowGold sell Small Shield
[10/09/20 23:48:37] D2BS 44360: initNPC: clearInventory
[10/09/20 23:48:39] D2BS 44360:  Leather Armor of Balance
[10/09/20 23:48:41] D2BS 44360: move retry 1
[10/09/20 23:49:13] D2BS 44360: ÿc1Skipping Skeleton Archer 415 16
[10/09/20 23:49:25] D2BS 44360: ÿc7Picked up ÿc428 Gold
[10/09/20 23:49:28] D2BS 44360: ÿc7Picked up ÿc411 Gold
[10/09/20 23:49:28] D2BS 44360: ÿc7Picked up ÿc0Short Sword ÿc0(ilvl 5)
[10/09/20 23:49:28] D2BS 44360: ÿc7Picked up ÿc413 Gold
[10/09/20 23:49:28] D2BS 44360: ÿc7Picked up ÿc411 Gold
[10/09/20 23:49:51] D2BS 44360: ÿc7Picked up ÿc424 Gold
[10/09/20 23:49:51] D2BS 44360: ÿc7Picked up ÿc417 Gold
[10/09/20 23:49:57] D2BS 44360: ÿc7Picked up ÿc412 Gold
[10/09/20 23:50:34] D2BS 44360: ÿc7Picked up ÿc0Superior Hunter's Bow ÿc0(ilvl 5) (Merc.xpac.nip #3)
[10/09/20 23:50:45] D2BS 44360: ÿc7Picked up ÿc0Spear ÿc0(ilvl 5)
[10/09/20 23:50:47] D2BS 44360: ÿc7Picked up ÿc428 Gold
[10/09/20 23:50:47] D2BS 44360: ÿc7Picked up ÿc0Chipped Amethyst ÿc0(ilvl 1)
[10/09/20 23:50:50] D2BS 44360: ÿc7Picked up ÿc46 Gold
[10/09/20 23:50:50] D2BS 44360: ÿc7Picked up ÿc0Damaged Small Shield ÿc0(ilvl 5)
[10/09/20 23:50:59] D2BS 44360: move retry 1
[10/09/20 23:51:18] D2BS 44360: move retry 1
[10/09/20 23:51:29] D2BS 44360: ÿc7Picked up ÿc0Javelin ÿc0(ilvl 5)
[10/09/20 23:52:39] D2BS 44360: 5,6
[10/09/20 23:53:28] D2BS 44360: ÿc7Picked up ÿc410 Gold
[10/09/20 23:53:28] D2BS 44360: ÿc7Trying to make room for ÿc0Spear
[10/09/20 23:53:29] D2BS 44360: initNPC: heal
[10/09/20 23:53:36] D2BS 44360: initNPC: identify
[10/09/20 23:53:37] D2BS 44360: ÿc4MiniShopBotÿc0: Scanning 45 items.
[10/09/20 23:53:37] D2BS 44360: initNPC: buyPotions
[10/09/20 23:53:38] D2BS 44360: LowGold sell Short Sword
[10/09/20 23:53:38] D2BS 44360: initNPC: clearInventory
[10/09/20 23:53:38] D2BS 44360: LowGold sell Spear
[10/09/20 23:53:38] D2BS 44360: initNPC: clearInventory
[10/09/20 23:53:40] D2BS 44360: LowGold sell Javelin
[10/09/20 23:53:40] D2BS 44360: initNPC: clearInventory
[10/09/20 23:53:42] D2BS 44360: LowGold sell Chipped Amethyst
[10/09/20 23:53:42] D2BS 44360: initNPC: clearInventory
[10/09/20 23:53:44] D2BS 44360: LowGold sell Damaged Small Shield
[10/09/20 23:53:44] D2BS 44360: initNPC: clearInventory
[10/09/20 23:53:59] D2BS 44360: ÿc7Picked up ÿc0Cracked Skull Cap ÿc0(ilvl 5)
[10/09/20 23:54:04] D2BS 44360: ÿc7Picked up ÿc3Grand Charm ÿc0(ilvl 6) (LateGame.nip #9)
[10/09/20 23:54:04] D2BS 44360: ÿc7Picked up ÿc425 Gold
[10/09/20 23:54:12] D2BS 44360: ÿc7Picked up ÿc48 Gold
[10/09/20 23:54:22] D2BS 44360: ÿc7Picked up ÿc411 Gold
[10/09/20 23:54:45] D2BS 44360: ÿc7Picked up ÿc0Superior Spear ÿc0(ilvl 6)
[10/09/20 23:55:03] D2BS 44360: ÿc7Picked up ÿc447 Gold
[10/09/20 23:55:04] D2BS 44360: AutoBuild: Stat points: 9      Skill points: 5
[10/09/20 23:55:04] D2BS 44360: AutoBuild: Level up detected ( 11 --> 12 )
[10/09/20 23:55:04] D2BS 44360: AutoBuild: useSkillPoint(): Find Item (142)
[10/09/20 23:55:04] D2BS 44360: AutoBuild: Skill (1/1) Increased Find Item (142) by one (level:  1)
[10/09/20 23:55:05] D2BS 44360: AutoBuild: useStatPoint(0): Strength
[10/09/20 23:55:05] D2BS 44360: AutoBuild: Stat (1/5) Increased Strength from 40 to 41
[10/09/20 23:55:05] D2BS 44360: AutoBuild: useStatPoint(3): Vitality
[10/09/20 23:55:05] D2BS 44360: AutoBuild: Stat (2/5) Increased Vitality from 61 to 62
[10/09/20 23:55:05] D2BS 44360: AutoBuild: useStatPoint(3): Vitality
[10/09/20 23:55:05] D2BS 44360: AutoBuild: Stat (3/5) Increased Vitality from 62 to 63
[10/09/20 23:55:05] D2BS 44360: AutoBuild: useStatPoint(3): Vitality
[10/09/20 23:55:05] D2BS 44360: AutoBuild: Stat (4/5) Increased Vitality from 63 to 64
[10/09/20 23:55:05] D2BS 44360: AutoBuild: useStatPoint(3): Vitality
[10/09/20 23:55:05] D2BS 44360: AutoBuild: Stat (5/5) Increased Vitality from 64 to 65
[10/09/20 23:55:05] D2BS 44360: AutoBuild: Updating Config from level 11 to 12
[10/09/20 23:55:05] D2BS 44360: Updating Config from level 11 to 12
[10/09/20 23:55:05] D2BS 44360: Updating Config from level 11 to 12
[10/09/20 23:55:05] D2BS 44360: Updating Config from level 11 to 12
[10/09/20 23:55:05] D2BS 44360: Updating Config from level 11 to 12
[10/09/20 23:55:05] D2BS 44360: AutoBuild: Incrementing cached character level to 12
[10/09/20 23:55:07] D2BS 44360: ÿc7Picked up ÿc3Light Mana Potion ÿc0(ilvl 1) (EarlyGame.nip #28)
[10/09/20 23:55:07] D2BS 44360: ÿc7Picked up ÿc1Minor Healing Potion ÿc0(ilvl 1) (EarlyGame.nip #27)
[10/09/20 23:55:15] D2BS 44360: ÿc7Picked up ÿc1Light Healing Potion ÿc0(ilvl 1) (EarlyGame.nip #29)
[10/09/20 23:55:16] D2BS 44360: ÿc7Picked up ÿc3Grand Charm ÿc0(ilvl 7) (LateGame.nip #9)
[10/09/20 23:55:20] D2BS 44360: move retry 1
[10/09/20 23:55:24] D2BS 44360: move retry 1
[10/09/20 23:55:27] D2BS 44360: move retry 2
[10/09/20 23:55:39] D2BS 44360: move retry 3
[10/09/20 23:55:41] D2BS 44360: ÿc1Error in ÿc0LevelLeader ÿc1(pather.js line ÿc1820): ÿc1useUnit: Unit not found. ID: 9
[10/09/20 23:55:41] D2BS 44360: ÿc8Run duration ÿc21665.016
[10/09/20 23:55:41] D2BS 44360: Script tools\autobuildthread.js ended
[10/09/20 23:55:41] D2BS 44360: Script tools\party.js ended
[10/09/20 23:55:41] D2BS 44360: Script tools\townchicken.js ended
[10/09/20 23:55:42] D2BS 44360: 12
[10/09/20 23:55:45] D2BS 44360: ÿc2D2BSÿc0 :: Starting default.dbj
[10/09/20 23:55:45] D2BS 44360: ÿc2D2BSÿc0 :: default.dbj running.
[10/09/20 23:55:45] D2BS 44360: AutoBuild: Including build template config/builds/barbarian.singer.js into default.dbj
[10/09/20 23:55:45] D2BS 44360: Updating Config from level 0 to 12
[10/09/20 23:55:45] D2BS 44360: ÿc4Loaded NIP: ÿc2LateGame.nipÿc4. Lines: ÿc280ÿc4. Valid entries: ÿc253. ÿc4Time: ÿc20 ms
[10/09/20 23:55:45] D2BS 44360: ÿc4Loaded NIP: ÿc2MidGame.nipÿc4. Lines: ÿc268ÿc4. Valid entries: ÿc241. ÿc4Time: ÿc216 ms
[10/09/20 23:55:45] D2BS 44360: ÿc4Loaded NIP: ÿc2EarlyGame.nipÿc4. Lines: ÿc229ÿc4. Valid entries: ÿc213. ÿc4Time: ÿc20 ms
[10/09/20 23:55:45] D2BS 44360: ÿc4Loaded NIP: ÿc2SingerRunes.nipÿc4. Lines: ÿc221ÿc4. Valid entries: ÿc210. ÿc4Time: ÿc20 ms
[10/09/20 23:55:45] D2BS 44360: ÿc4Loaded NIP: ÿc2Singer.xpac.nipÿc4. Lines: ÿc2124ÿc4. Valid entries: ÿc2107. ÿc4Time: ÿc20 ms
[10/09/20 23:55:45] D2BS 44360: ÿc4Loaded NIP: ÿc2Merc.xpac.nipÿc4. Lines: ÿc257ÿc4. Valid entries: ÿc241. ÿc4Time: ÿc20 ms
[10/09/20 23:55:45] D2BS 44360: AutoBuild: Including build template config/builds/barbarian.singer.js into tools\autobuildthread.js
[10/09/20 23:55:45] D2BS 44360: Updating Config from level 0 to 12
[10/09/20 23:55:45] D2BS 44360: AutoBuild: Loaded helper thread
[10/09/20 23:55:45] D2BS 44360: LowGold sell Superior Spear
[10/09/20 23:55:45] D2BS 44360: initNPC: clearInventory
[10/09/20 23:55:45] D2BS 44360: AutoBuild: Including build template config/builds/barbarian.singer.js into tools\party.js
[10/09/20 23:55:45] D2BS 44360: Updating Config from level 0 to 12
[10/09/20 23:55:45] D2BS 44360: ÿc2Party thread loaded. Mode: Invite
[10/09/20 23:55:45] D2BS 44360: AutoBuild: Including build template config/builds/barbarian.singer.js into tools\townchicken.js
[10/09/20 23:55:45] D2BS 44360: Updating Config from level 0 to 12
[10/09/20 23:55:45] D2BS 44360: ÿc3Start ToolsThread script
[10/09/20 23:55:45] D2BS 44360: AutoBuild: Including build template config/builds/barbarian.singer.js into tools\toolsthread.js
[10/09/20 23:55:45] D2BS 44360: Updating Config from level 0 to 12
[10/09/20 23:55:52] D2BS 44360: LowGold sell Cracked Skull Cap
[10/09/20 23:55:52] D2BS 44360: initNPC: clearInventory
[10/09/20 23:55:54] D2BS 44360: ÿc2Starting script: ÿc9LevelLeader
[10/09/20 23:56:14] D2BS 44360: Up to Act:1 Black Marsh
[10/09/20 23:56:15] D2BS 44360: 6
[10/09/20 23:56:28] D2BS 44360: ÿc7Picked up ÿc0Superior Scimitar ÿc0(ilvl 6)
[10/09/20 23:56:29] D2BS 44360: ÿc7Picked up ÿc427 Gold
[10/09/20 23:56:33] D2BS 44360: ÿc7Picked up ÿc420 Gold
[10/09/20 23:56:37] D2BS 44360: ÿc7Picked up ÿc1Light Healing Potion ÿc0(ilvl 1) (EarlyGame.nip #29)
[10/09/20 23:56:38] D2BS 44360: move retry 1
[10/09/20 23:56:42] D2BS 44360: move retry 1
[10/09/20 23:56:44] D2BS 44360: ÿc7Picked up ÿc425 Gold
[10/09/20 23:57:07] D2BS 44360: ÿc7Picked up ÿc1Minor Healing Potion ÿc0(ilvl 1) (EarlyGame.nip #27)
[10/09/20 23:57:07] D2BS 44360: ÿc7Picked up ÿc426 Gold
[10/09/20 23:57:12] D2BS 44360: ÿc7Picked up ÿc411 Gold
[10/09/20 23:57:18] D2BS 44360: ÿc7Picked up ÿc422 Gold
[10/09/20 23:57:18] D2BS 44360: ÿc7Picked up ÿc422 Gold
[10/09/20 23:57:29] D2BS 44360: move retry 1
[10/09/20 23:57:31] D2BS 44360: ÿc7Picked up ÿc427 Gold
[10/09/20 23:57:31] D2BS 44360: ÿc7Picked up ÿc434 Gold
[10/09/20 23:57:37] D2BS 44360: ÿc7Picked up ÿc46 Gold
[10/09/20 23:57:37] D2BS 44360: ÿc7Picked up ÿc0Wolf Head ÿc0(ilvl 6)
[10/09/20 23:57:38] D2BS 44360: ÿc7Picked up ÿc3Ring ÿc0(ilvl 6) (Singer.xpac.nip #99)
[10/09/20 23:57:59] D2BS 44360: ÿc7Picked up ÿc0Chipped Amethyst ÿc0(ilvl 1)
[10/09/20 23:58:21] D2BS 44360: ÿc7Picked up ÿc3Light Mana Potion ÿc0(ilvl 1) (EarlyGame.nip #28)
[10/09/20 23:58:21] D2BS 44360: ÿc7Picked up ÿc3Minor Mana Potion ÿc0(ilvl 1) (EarlyGame.nip #26)
[10/09/20 23:58:23] D2BS 44360: ÿc7Picked up ÿc422 Gold
[10/09/20 23:58:33] D2BS 44360: ÿc7Picked up ÿc0Short Sword ÿc0(ilvl 6)
[10/09/20 23:58:55] D2BS 44360: move retry 1
[10/09/20 23:58:58] D2BS 44360: move retry 2
[10/09/20 23:59:00] D2BS 44360: move retry 3
[10/09/20 23:59:14] D2BS 44360: ÿc7Picked up ÿc3Light Mana Potion ÿc0(ilvl 1) (EarlyGame.nip #28)
[10/09/20 23:59:28] D2BS 44360: move retry 1
[10/09/20 23:59:50] D2BS 44360: move retry 1
[10/09/20 23:59:52] D2BS 44360: ÿc7Picked up ÿc1Minor Healing Potion ÿc0(ilvl 1) (EarlyGame.nip #27)
[10/09/20 23:59:52] D2BS 44360: AutoBuild: Stat points: 9      Skill points: 5
[10/09/20 23:59:52] D2BS 44360: AutoBuild: Level up detected ( 12 --> 13 )
[10/09/20 23:59:52] D2BS 44360: AutoBuild: useSkillPoint(): Shout (138)
[10/09/20 23:59:52] D2BS 44360: AutoBuild: Skill (1/1) Increased Shout (138) by one (level:  4)
[10/09/20 23:59:52] D2BS 44360: AutoBuild: useStatPoint(0): Strength
[10/09/20 23:59:52] D2BS 44360: AutoBuild: Stat (1/5) Increased Strength from 41 to 42
[10/09/20 23:59:52] D2BS 44360: AutoBuild: useStatPoint(3): Vitality
[10/09/20 23:59:52] D2BS 44360: AutoBuild: Stat (2/5) Increased Vitality from 65 to 66
[10/09/20 23:59:52] D2BS 44360: AutoBuild: useStatPoint(3): Vitality
[10/09/20 23:59:52] D2BS 44360: AutoBuild: Stat (3/5) Increased Vitality from 66 to 67
[10/09/20 23:59:52] D2BS 44360: AutoBuild: useStatPoint(3): Vitality
[10/09/20 23:59:53] D2BS 44360: AutoBuild: Stat (4/5) Increased Vitality from 67 to 68
[10/09/20 23:59:53] D2BS 44360: AutoBuild: useStatPoint(3): Vitality
[10/09/20 23:59:53] D2BS 44360: AutoBuild: Stat (5/5) Increased Vitality from 68 to 69
[10/09/20 23:59:53] D2BS 44360: Updating Config from level 12 to 13
[10/09/20 23:59:53] D2BS 44360: Updating Config from level 12 to 13
[10/09/20 23:59:53] D2BS 44360: Updating Config from level 12 to 13
[10/09/20 23:59:53] D2BS 44360: AutoBuild: Updating Config from level 12 to 13
[10/09/20 23:59:53] D2BS 44360: Updating Config from level 12 to 13
[10/09/20 23:59:53] D2BS 44360: AutoBuild: Incrementing cached character level to 13
[10/09/20 23:59:55] D2BS 44360: move retry 1
