[10/15/20 13:40:04] D2BS 8772: D2BS Engine startup complete. 1.6.4U
[10/15/20 13:40:04] D2BS 8772: Hammerdin
[10/15/20 13:40:04] D2BS 8772: ÿc2D2BSÿc0 :: Switched to profile Hammerdin
[10/15/20 13:40:04] D2BS 8772: ÿc2D2BSÿc0 :: Engine startup complete!
[10/15/20 13:40:04] D2BS 8772: ÿc2D2BSÿc0 :: Starting D2BotLanFollow.dbj
[10/15/20 13:40:04] D2BS 8772: ÿc2D2BSÿc0 :: D2BotLanFollow.dbj running.
[10/15/20 13:40:04] D2BS 8772: ÿc2D2BSÿc0 :: Started Console Script
[10/15/20 13:40:05] D2BS 8772: Heartbeat loaded
[10/15/20 13:40:23] D2BS 8772: ÿc2D2BSÿc0 :: Starting default.dbj
[10/15/20 13:40:23] D2BS 8772: ÿc2D2BSÿc0 :: default.dbj running.
[10/15/20 13:40:23] D2BS 8772: AutoBuild: Including build template config/builds/paladin.hammerdin.js into default.dbj
[10/15/20 13:40:23] D2BS 8772: Updating Config from level 0 to 1
[10/15/20 13:40:23] D2BS 8772: ÿc4Loaded NIP: ÿc2LateGame.nipÿc4. Lines: ÿc281ÿc4. Valid entries: ÿc254. ÿc4Time: ÿc20 ms
[10/15/20 13:40:23] D2BS 8772: ÿc4Loaded NIP: ÿc2MidGame.nipÿc4. Lines: ÿc281ÿc4. Valid entries: ÿc246. ÿc4Time: ÿc20 ms
[10/15/20 13:40:23] D2BS 8772: ÿc4Loaded NIP: ÿc2EarlyGame.nipÿc4. Lines: ÿc228ÿc4. Valid entries: ÿc213. ÿc4Time: ÿc20 ms
[10/15/20 13:40:23] D2BS 8772: ÿc4Loaded NIP: ÿc2HammerdinRunes.nipÿc4. Lines: ÿc218ÿc4. Valid entries: ÿc29. ÿc4Time: ÿc20 ms
[10/15/20 13:40:23] D2BS 8772: ÿc4Loaded NIP: ÿc2Hammerdin.xpac.nipÿc4. Lines: ÿc2120ÿc4. Valid entries: ÿc2103. ÿc4Time: ÿc216 ms
[10/15/20 13:40:23] D2BS 8772: ÿc4Loaded NIP: ÿc2PreMerc.xpac.nipÿc4. Lines: ÿc227ÿc4. Valid entries: ÿc220. ÿc4Time: ÿc20 ms
[10/15/20 13:40:23] D2BS 8772: ÿc4Loaded NIP: ÿc2Merc.xpac.nipÿc4. Lines: ÿc232ÿc4. Valid entries: ÿc222. ÿc4Time: ÿc20 ms
[10/15/20 13:40:23] D2BS 8772: AutoBuild: Including build template config/builds/paladin.hammerdin.js into tools\autobuildthread.js
[10/15/20 13:40:23] D2BS 8772: Updating Config from level 0 to 1
[10/15/20 13:40:23] D2BS 8772: AutoBuild: Loaded helper thread
[10/15/20 13:40:24] D2BS 8772: AutoBuild: Including build template config/builds/paladin.hammerdin.js into tools\party.js
[10/15/20 13:40:24] D2BS 8772: Updating Config from level 0 to 1
[10/15/20 13:40:24] D2BS 8772: ÿc2Party thread loaded. Mode: Accept
[10/15/20 13:40:24] D2BS 8772: AutoBuild: Including build template config/builds/paladin.hammerdin.js into tools\townchicken.js
[10/15/20 13:40:24] D2BS 8772: Updating Config from level 0 to 1
[10/15/20 13:40:24] D2BS 8772: ÿc3Start ToolsThread script
[10/15/20 13:40:24] D2BS 8772: AutoBuild: Including build template config/builds/paladin.hammerdin.js into tools\toolsthread.js
[10/15/20 13:40:24] D2BS 8772: Updating Config from level 0 to 1
[10/15/20 13:40:24] D2BS 8772: ÿc2Starting script: ÿc9LevelFollower
[10/15/20 13:40:24] D2BS 8772: initNPC: BuyPotions
[10/15/20 13:40:30] D2BS 8772: move retry 1
[10/15/20 13:40:31] D2BS 8772: move retry 1
[10/15/20 13:40:38] D2BS 8772: D2BS Shutdown complete.
[10/15/20 13:41:08] D2BS 14356: D2BS Engine startup complete. 1.6.4U
[10/15/20 13:41:08] D2BS 14356: Hammerdin
[10/15/20 13:41:08] D2BS 14356: ÿc2D2BSÿc0 :: Switched to profile Hammerdin
[10/15/20 13:41:08] D2BS 14356: ÿc2D2BSÿc0 :: Engine startup complete!
[10/15/20 13:41:08] D2BS 14356: ÿc2D2BSÿc0 :: Starting D2BotLanFollow.dbj
[10/15/20 13:41:08] D2BS 14356: ÿc2D2BSÿc0 :: D2BotLanFollow.dbj running.
[10/15/20 13:41:08] D2BS 14356: ÿc2D2BSÿc0 :: Started Console Script
[10/15/20 13:41:10] D2BS 14356: Heartbeat loaded
[10/15/20 13:41:27] D2BS 14356: ÿc2D2BSÿc0 :: Starting default.dbj
[10/15/20 13:41:27] D2BS 14356: ÿc2D2BSÿc0 :: default.dbj running.
[10/15/20 13:41:27] D2BS 14356: AutoBuild: Including build template config/builds/paladin.hammerdin.js into default.dbj
[10/15/20 13:41:27] D2BS 14356: Updating Config from level 0 to 1
[10/15/20 13:41:27] D2BS 14356: ÿc4Loaded NIP: ÿc2LateGame.nipÿc4. Lines: ÿc281ÿc4. Valid entries: ÿc254. ÿc4Time: ÿc20 ms
[10/15/20 13:41:27] D2BS 14356: ÿc4Loaded NIP: ÿc2MidGame.nipÿc4. Lines: ÿc281ÿc4. Valid entries: ÿc246. ÿc4Time: ÿc20 ms
[10/15/20 13:41:27] D2BS 14356: ÿc4Loaded NIP: ÿc2EarlyGame.nipÿc4. Lines: ÿc228ÿc4. Valid entries: ÿc213. ÿc4Time: ÿc20 ms
[10/15/20 13:41:27] D2BS 14356: ÿc4Loaded NIP: ÿc2HammerdinRunes.nipÿc4. Lines: ÿc218ÿc4. Valid entries: ÿc29. ÿc4Time: ÿc20 ms
[10/15/20 13:41:27] D2BS 14356: ÿc4Loaded NIP: ÿc2Hammerdin.xpac.nipÿc4. Lines: ÿc2120ÿc4. Valid entries: ÿc2103. ÿc4Time: ÿc216 ms
[10/15/20 13:41:27] D2BS 14356: ÿc4Loaded NIP: ÿc2PreMerc.xpac.nipÿc4. Lines: ÿc227ÿc4. Valid entries: ÿc220. ÿc4Time: ÿc20 ms
[10/15/20 13:41:27] D2BS 14356: ÿc4Loaded NIP: ÿc2Merc.xpac.nipÿc4. Lines: ÿc232ÿc4. Valid entries: ÿc222. ÿc4Time: ÿc20 ms
[10/15/20 13:41:27] D2BS 14356: AutoBuild: Including build template config/builds/paladin.hammerdin.js into tools\autobuildthread.js
[10/15/20 13:41:27] D2BS 14356: Updating Config from level 0 to 1
[10/15/20 13:41:27] D2BS 14356: AutoBuild: Loaded helper thread
[10/15/20 13:41:27] D2BS 14356: ÿc2Starting script: ÿc9LevelFollower
[10/15/20 13:41:27] D2BS 14356: initNPC: BuyPotions
[10/15/20 13:41:27] D2BS 14356: AutoBuild: Including build template config/builds/paladin.hammerdin.js into tools\party.js
[10/15/20 13:41:27] D2BS 14356: Updating Config from level 0 to 1
[10/15/20 13:41:27] D2BS 14356: ÿc2Party thread loaded. Mode: Accept
[10/15/20 13:41:27] D2BS 14356: ÿc3Start ToolsThread script
[10/15/20 13:41:27] D2BS 14356: AutoBuild: Including build template config/builds/paladin.hammerdin.js into tools\townchicken.js
[10/15/20 13:41:27] D2BS 14356: AutoBuild: Including build template config/builds/paladin.hammerdin.js into tools\toolsthread.js
[10/15/20 13:41:27] D2BS 14356: Updating Config from level 0 to 1
[10/15/20 13:41:27] D2BS 14356: Updating Config from level 0 to 1
[10/15/20 13:42:24] D2BS 14356: 1,2
[10/15/20 13:42:42] D2BS 14356: ÿc7Picked up ÿc41 Gold
[10/15/20 13:42:43] D2BS 14356: Leader not partied
[10/15/20 13:42:45] D2BS 14356: Leader not partied
[10/15/20 13:42:46] D2BS 14356: Leader not partied
[10/15/20 13:42:48] D2BS 14356: Leader not partied
[10/15/20 13:42:49] D2BS 14356: Leader not partied
[10/15/20 13:42:51] D2BS 14356: Leader not partied
[10/15/20 13:42:52] D2BS 14356: Leader not partied
[10/15/20 13:42:54] D2BS 14356: Leader not partied
[10/15/20 13:42:55] D2BS 14356: Leader not partied
[10/15/20 13:42:57] D2BS 14356: Leader not partied
[10/15/20 13:42:58] D2BS 14356: Leader not partied
[10/15/20 13:43:00] D2BS 14356: Leader not partied
[10/15/20 13:43:01] D2BS 14356: Leader not partied
[10/15/20 13:43:03] D2BS 14356: Leader not partied
[10/15/20 13:43:04] D2BS 14356: Leader not partied
[10/15/20 13:43:06] D2BS 14356: Leader not partied
[10/15/20 13:43:07] D2BS 14356: Leader not partied
[10/15/20 13:43:09] D2BS 14356: Leader not partied
[10/15/20 13:43:10] D2BS 14356: Leader not partied
[10/15/20 13:43:12] D2BS 14356: Leader not partied
[10/15/20 13:43:13] D2BS 14356: Leader not partied
[10/15/20 13:43:15] D2BS 14356: Leader not partied
[10/15/20 13:43:16] D2BS 14356: Leader not partied
[10/15/20 13:43:18] D2BS 14356: Leader not partied
[10/15/20 13:43:19] D2BS 14356: Leader not partied
[10/15/20 13:43:21] D2BS 14356: Leader not partied
[10/15/20 13:43:22] D2BS 14356: Leader not partied
[10/15/20 13:43:24] D2BS 14356: Leader not partied
[10/15/20 13:43:26] D2BS 14356: Leader not partied
[10/15/20 13:43:27] D2BS 14356: Leader not partied
[10/15/20 13:43:29] D2BS 14356: Leader not partied
[10/15/20 13:43:30] D2BS 14356: Leader not partied
[10/15/20 13:43:32] D2BS 14356: Leader not partied
[10/15/20 13:43:33] D2BS 14356: Leader not partied
[10/15/20 13:43:35] D2BS 14356: Leader not partied
[10/15/20 13:43:36] D2BS 14356: Leader not partied
[10/15/20 13:43:38] D2BS 14356: Leader not partied
[10/15/20 13:43:39] D2BS 14356: Leader not partied
[10/15/20 13:43:41] D2BS 14356: Leader not partied
[10/15/20 13:43:42] D2BS 14356: Leader not partied
[10/15/20 13:43:44] D2BS 14356: Leader not partied
[10/15/20 13:43:45] D2BS 14356: Leader not partied
[10/15/20 13:43:47] D2BS 14356: Leader not partied
[10/15/20 13:43:48] D2BS 14356: Leader not partied
[10/15/20 13:43:50] D2BS 14356: Leader not partied
[10/15/20 13:43:51] D2BS 14356: Leader not partied
[10/15/20 13:43:53] D2BS 14356: Leader not partied
[10/15/20 13:43:54] D2BS 14356: Leader not partied
[10/15/20 13:43:56] D2BS 14356: Leader not partied
[10/15/20 13:43:57] D2BS 14356: Leader not partied
[10/15/20 13:43:59] D2BS 14356: Leader not partied
[10/15/20 13:44:00] D2BS 14356: Leader not partied
[10/15/20 13:44:02] D2BS 14356: Leader not partied
[10/15/20 13:44:03] D2BS 14356: Leader not partied
[10/15/20 13:44:05] D2BS 14356: Leader not partied
[10/15/20 13:44:06] D2BS 14356: Leader not partied
[10/15/20 13:44:08] D2BS 14356: Leader not partied
[10/15/20 13:44:09] D2BS 14356: Leader not partied
[10/15/20 13:44:11] D2BS 14356: Leader not partied
[10/15/20 13:44:12] D2BS 14356: Leader not partied
[10/15/20 13:44:14] D2BS 14356: Leader not partied
[10/15/20 13:44:16] D2BS 14356: Leader not partied
[10/15/20 13:44:17] D2BS 14356: Leader not partied
[10/15/20 13:44:19] D2BS 14356: Leader not partied
[10/15/20 13:44:20] D2BS 14356: Leader not partied
[10/15/20 13:44:22] D2BS 14356: Leader not partied
[10/15/20 13:44:23] D2BS 14356: Leader not partied
[10/15/20 13:44:25] D2BS 14356: Leader not partied
[10/15/20 13:44:26] D2BS 14356: Leader not partied
[10/15/20 13:44:28] D2BS 14356: Leader not partied
[10/15/20 13:44:29] D2BS 14356: Leader not partied
[10/15/20 13:44:31] D2BS 14356: Leader not partied
[10/15/20 13:44:32] D2BS 14356: Leader not partied
[10/15/20 13:44:34] D2BS 14356: Leader not partied
[10/15/20 13:44:35] D2BS 14356: Leader not partied
[10/15/20 13:44:37] D2BS 14356: Leader not partied
[10/15/20 13:44:38] D2BS 14356: Leader not partied
[10/15/20 13:44:40] D2BS 14356: Leader not partied
[10/15/20 13:44:41] D2BS 14356: Leader not partied
[10/15/20 13:44:43] D2BS 14356: Leader not partied
[10/15/20 13:44:44] D2BS 14356: Leader not partied
[10/15/20 13:44:46] D2BS 14356: Leader not partied
[10/15/20 13:44:47] D2BS 14356: Leader not partied
[10/15/20 13:44:49] D2BS 14356: Leader not partied
[10/15/20 13:44:50] D2BS 14356: Leader not partied
[10/15/20 13:44:52] D2BS 14356: Leader not partied
[10/15/20 13:44:53] D2BS 14356: Leader not partied
[10/15/20 13:44:55] D2BS 14356: Leader not partied
[10/15/20 13:44:56] D2BS 14356: Leader not partied
[10/15/20 13:44:58] D2BS 14356: Leader not partied
[10/15/20 13:44:59] D2BS 14356: Leader not partied
[10/15/20 13:45:01] D2BS 14356: Leader not partied
[10/15/20 13:45:02] D2BS 14356: Leader not partied
[10/15/20 13:45:04] D2BS 14356: Leader not partied
[10/15/20 13:45:06] D2BS 14356: Leader not partied
[10/15/20 13:45:07] D2BS 14356: Leader not partied
[10/15/20 13:45:09] D2BS 14356: Leader not partied
[10/15/20 13:45:10] D2BS 14356: Leader not partied
[10/15/20 13:45:12] D2BS 14356: Leader not partied
[10/15/20 13:45:13] D2BS 14356: Leader not partied
[10/15/20 13:45:15] D2BS 14356: Leader not partied
[10/15/20 13:45:16] D2BS 14356: Leader not partied
[10/15/20 13:45:18] D2BS 14356: Leader not partied
[10/15/20 13:45:19] D2BS 14356: Leader not partied
[10/15/20 13:45:21] D2BS 14356: Leader not partied
[10/15/20 13:45:22] D2BS 14356: Leader not partied
[10/15/20 13:45:24] D2BS 14356: Leader not partied
[10/15/20 13:45:25] D2BS 14356: Leader not partied
[10/15/20 13:45:27] D2BS 14356: Leader not partied
[10/15/20 13:45:28] D2BS 14356: Leader not partied
[10/15/20 13:45:30] D2BS 14356: Leader not partied
[10/15/20 13:45:31] D2BS 14356: Leader not partied
[10/15/20 13:45:33] D2BS 14356: Leader not partied
[10/15/20 13:45:34] D2BS 14356: Leader not partied
[10/15/20 13:45:36] D2BS 14356: Leader not partied
[10/15/20 13:45:37] D2BS 14356: Leader not partied
[10/15/20 13:45:39] D2BS 14356: Leader not partied
[10/15/20 13:45:40] D2BS 14356: Leader not partied
[10/15/20 13:45:42] D2BS 14356: Leader not partied
[10/15/20 13:45:43] D2BS 14356: Leader not partied
[10/15/20 13:45:45] D2BS 14356: Leader not partied
[10/15/20 13:45:46] D2BS 14356: Leader not partied
[10/15/20 13:45:48] D2BS 14356: Leader not partied
[10/15/20 13:45:49] D2BS 14356: Leader not partied
[10/15/20 13:45:51] D2BS 14356: Leader not partied
[10/15/20 13:45:52] D2BS 14356: Leader not partied
[10/15/20 13:45:54] D2BS 14356: Leader not partied
[10/15/20 13:45:55] D2BS 14356: Leader not partied
[10/15/20 13:45:57] D2BS 14356: Leader not partied
[10/15/20 13:45:58] D2BS 14356: Leader not partied
[10/15/20 13:46:00] D2BS 14356: Leader not partied
[10/15/20 13:46:02] D2BS 14356: Leader not partied
[10/15/20 13:46:03] D2BS 14356: Leader not partied
[10/15/20 13:46:05] D2BS 14356: Leader not partied
[10/15/20 13:46:06] D2BS 14356: Leader not partied
[10/15/20 13:46:08] D2BS 14356: Leader not partied
[10/15/20 13:46:09] D2BS 14356: Leader not partied
[10/15/20 13:46:11] D2BS 14356: Leader not partied
[10/15/20 13:46:12] D2BS 14356: Leader not partied
[10/15/20 13:46:14] D2BS 14356: Leader not partied
[10/15/20 13:46:15] D2BS 14356: Leader not partied
[10/15/20 13:46:17] D2BS 14356: Leader not partied
[10/15/20 13:46:18] D2BS 14356: Leader not partied
[10/15/20 13:46:20] D2BS 14356: Leader not partied
[10/15/20 13:46:21] D2BS 14356: Leader not partied
[10/15/20 13:46:23] D2BS 14356: Leader not partied
[10/15/20 13:46:24] D2BS 14356: Leader not partied
[10/15/20 13:46:26] D2BS 14356: Leader not partied
[10/15/20 13:46:27] D2BS 14356: Leader not partied
[10/15/20 13:46:29] D2BS 14356: Leader not partied
[10/15/20 13:46:30] D2BS 14356: Leader not partied
[10/15/20 13:46:32] D2BS 14356: Leader not partied
[10/15/20 13:46:33] D2BS 14356: Leader not partied
[10/15/20 13:46:35] D2BS 14356: Leader not partied
[10/15/20 13:46:36] D2BS 14356: Leader not partied
[10/15/20 13:46:38] D2BS 14356: Leader not partied
[10/15/20 13:46:40] D2BS 14356: Leader not partied
[10/15/20 13:46:41] D2BS 14356: Leader not partied
[10/15/20 13:46:43] D2BS 14356: Leader not partied
[10/15/20 13:46:44] D2BS 14356: Leader not partied
[10/15/20 13:46:46] D2BS 14356: Leader not partied
[10/15/20 13:46:47] D2BS 14356: Leader not partied
[10/15/20 13:46:49] D2BS 14356: Leader not partied
[10/15/20 13:46:50] D2BS 14356: Leader not partied
[10/15/20 13:46:52] D2BS 14356: Leader not partied
[10/15/20 13:46:53] D2BS 14356: Leader not partied
[10/15/20 13:46:55] D2BS 14356: Leader not partied
[10/15/20 13:46:56] D2BS 14356: Leader not partied
[10/15/20 13:46:58] D2BS 14356: Leader not partied
[10/15/20 13:46:59] D2BS 14356: Leader not partied
[10/15/20 13:47:01] D2BS 14356: Leader not partied
[10/15/20 13:47:02] D2BS 14356: Leader not partied
[10/15/20 13:47:04] D2BS 14356: Leader not partied
[10/15/20 13:47:05] D2BS 14356: Leader not partied
[10/15/20 13:47:07] D2BS 14356: Leader not partied
[10/15/20 13:47:08] D2BS 14356: Leader not partied
[10/15/20 13:47:13] D2BS 14356: Script default.dbj ended
[10/15/20 13:47:13] D2BS 14356: Script tools\autobuildthread.js ended
[10/15/20 13:47:13] D2BS 14356: Script tools\party.js ended
[10/15/20 13:47:13] D2BS 14356: Script tools\toolsthread.js ended
[10/15/20 13:47:13] D2BS 14356: Script tools\townchicken.js ended
[10/15/20 13:47:19] D2BS 14356: ÿc2D2BSÿc0 :: Starting default.dbj
[10/15/20 13:47:19] D2BS 14356: ÿc2D2BSÿc0 :: default.dbj running.
[10/15/20 13:47:19] D2BS 14356: AutoBuild: Including build template config/builds/paladin.hammerdin.js into default.dbj
[10/15/20 13:47:19] D2BS 14356: Updating Config from level 0 to 1
[10/15/20 13:47:19] D2BS 14356: ÿc4Loaded NIP: ÿc2LateGame.nipÿc4. Lines: ÿc281ÿc4. Valid entries: ÿc254. ÿc4Time: ÿc20 ms
[10/15/20 13:47:19] D2BS 14356: ÿc4Loaded NIP: ÿc2MidGame.nipÿc4. Lines: ÿc281ÿc4. Valid entries: ÿc246. ÿc4Time: ÿc216 ms
[10/15/20 13:47:19] D2BS 14356: ÿc4Loaded NIP: ÿc2EarlyGame.nipÿc4. Lines: ÿc228ÿc4. Valid entries: ÿc213. ÿc4Time: ÿc20 ms
[10/15/20 13:47:19] D2BS 14356: ÿc4Loaded NIP: ÿc2HammerdinRunes.nipÿc4. Lines: ÿc218ÿc4. Valid entries: ÿc29. ÿc4Time: ÿc20 ms
[10/15/20 13:47:19] D2BS 14356: ÿc4Loaded NIP: ÿc2Hammerdin.xpac.nipÿc4. Lines: ÿc2120ÿc4. Valid entries: ÿc2103. ÿc4Time: ÿc20 ms
[10/15/20 13:47:19] D2BS 14356: ÿc4Loaded NIP: ÿc2PreMerc.xpac.nipÿc4. Lines: ÿc227ÿc4. Valid entries: ÿc220. ÿc4Time: ÿc20 ms
[10/15/20 13:47:19] D2BS 14356: ÿc4Loaded NIP: ÿc2Merc.xpac.nipÿc4. Lines: ÿc232ÿc4. Valid entries: ÿc222. ÿc4Time: ÿc20 ms
[10/15/20 13:47:19] D2BS 14356: AutoBuild: Including build template config/builds/paladin.hammerdin.js into tools\autobuildthread.js
[10/15/20 13:47:19] D2BS 14356: Updating Config from level 0 to 1
[10/15/20 13:47:19] D2BS 14356: AutoBuild: Loaded helper thread
[10/15/20 13:47:19] D2BS 14356: ÿc2Starting script: ÿc9LevelFollower
[10/15/20 13:47:19] D2BS 14356: initNPC: heal
[10/15/20 13:47:19] D2BS 14356: AutoBuild: Including build template config/builds/paladin.hammerdin.js into tools\party.js
[10/15/20 13:47:19] D2BS 14356: Updating Config from level 0 to 1
[10/15/20 13:47:19] D2BS 14356: ÿc2Party thread loaded. Mode: Accept
[10/15/20 13:47:19] D2BS 14356: ÿc3Start ToolsThread script
[10/15/20 13:47:19] D2BS 14356: AutoBuild: Including build template config/builds/paladin.hammerdin.js into tools\townchicken.js
[10/15/20 13:47:19] D2BS 14356: AutoBuild: Including build template config/builds/paladin.hammerdin.js into tools\toolsthread.js
[10/15/20 13:47:19] D2BS 14356: Updating Config from level 0 to 1
[10/15/20 13:47:19] D2BS 14356: Updating Config from level 0 to 1
[10/15/20 13:47:25] D2BS 14356: initNPC: BuyPotions
[10/15/20 13:48:15] D2BS 14356: Script default.dbj ended
[10/15/20 13:48:15] D2BS 14356: Script tools\autobuildthread.js ended
[10/15/20 13:48:15] D2BS 14356: Script tools\party.js ended
[10/15/20 13:48:15] D2BS 14356: Script tools\toolsthread.js ended
[10/15/20 13:48:15] D2BS 14356: Script tools\townchicken.js ended
[10/15/20 13:48:21] D2BS 14356: D2BS Shutdown complete.
[10/15/20 13:48:22] D2BS 15112: D2BS Engine startup complete. 1.6.4U
[10/15/20 13:48:22] D2BS 15112: Hammerdin
[10/15/20 13:48:22] D2BS 15112: ÿc2D2BSÿc0 :: Switched to profile Hammerdin
[10/15/20 13:48:22] D2BS 15112: ÿc2D2BSÿc0 :: Engine startup complete!
[10/15/20 13:48:22] D2BS 15112: ÿc2D2BSÿc0 :: Starting D2BotLanFollow.dbj
[10/15/20 13:48:22] D2BS 15112: ÿc2D2BSÿc0 :: D2BotLanFollow.dbj running.
[10/15/20 13:48:22] D2BS 15112: ÿc2D2BSÿc0 :: Started Console Script
[10/15/20 13:48:24] D2BS 15112: Heartbeat loaded
[10/15/20 13:48:42] D2BS 15112: ÿc2D2BSÿc0 :: Starting default.dbj
[10/15/20 13:48:42] D2BS 15112: ÿc2D2BSÿc0 :: default.dbj running.
[10/15/20 13:48:42] D2BS 15112: AutoBuild: Including build template config/builds/paladin.hammerdin.js into default.dbj
[10/15/20 13:48:42] D2BS 15112: Updating Config from level 0 to 1
[10/15/20 13:48:42] D2BS 15112: ÿc4Loaded NIP: ÿc2LateGame.nipÿc4. Lines: ÿc281ÿc4. Valid entries: ÿc254. ÿc4Time: ÿc216 ms
[10/15/20 13:48:42] D2BS 15112: ÿc4Loaded NIP: ÿc2MidGame.nipÿc4. Lines: ÿc281ÿc4. Valid entries: ÿc246. ÿc4Time: ÿc20 ms
[10/15/20 13:48:42] D2BS 15112: ÿc4Loaded NIP: ÿc2EarlyGame.nipÿc4. Lines: ÿc228ÿc4. Valid entries: ÿc213. ÿc4Time: ÿc20 ms
[10/15/20 13:48:42] D2BS 15112: ÿc4Loaded NIP: ÿc2HammerdinRunes.nipÿc4. Lines: ÿc218ÿc4. Valid entries: ÿc29. ÿc4Time: ÿc20 ms
[10/15/20 13:48:42] D2BS 15112: ÿc4Loaded NIP: ÿc2Hammerdin.xpac.nipÿc4. Lines: ÿc2120ÿc4. Valid entries: ÿc2103. ÿc4Time: ÿc215 ms
[10/15/20 13:48:42] D2BS 15112: ÿc4Loaded NIP: ÿc2PreMerc.xpac.nipÿc4. Lines: ÿc227ÿc4. Valid entries: ÿc220. ÿc4Time: ÿc20 ms
[10/15/20 13:48:42] D2BS 15112: ÿc4Loaded NIP: ÿc2Merc.xpac.nipÿc4. Lines: ÿc232ÿc4. Valid entries: ÿc222. ÿc4Time: ÿc20 ms
[10/15/20 13:48:42] D2BS 15112: AutoBuild: Including build template config/builds/paladin.hammerdin.js into tools\autobuildthread.js
[10/15/20 13:48:42] D2BS 15112: Updating Config from level 0 to 1
[10/15/20 13:48:42] D2BS 15112: AutoBuild: Loaded helper thread
[10/15/20 13:48:42] D2BS 15112: ÿc2Starting script: ÿc9LevelFollower
[10/15/20 13:48:42] D2BS 15112: initNPC: BuyPotions
[10/15/20 13:48:42] D2BS 15112: AutoBuild: Including build template config/builds/paladin.hammerdin.js into tools\party.js
[10/15/20 13:48:42] D2BS 15112: Updating Config from level 0 to 1
[10/15/20 13:48:42] D2BS 15112: ÿc2Party thread loaded. Mode: Accept
[10/15/20 13:48:42] D2BS 15112: AutoBuild: Including build template config/builds/paladin.hammerdin.js into tools\townchicken.js
[10/15/20 13:48:42] D2BS 15112: ÿc3Start ToolsThread script
[10/15/20 13:48:42] D2BS 15112: AutoBuild: Including build template config/builds/paladin.hammerdin.js into tools\toolsthread.js
[10/15/20 13:48:42] D2BS 15112: Updating Config from level 0 to 1
[10/15/20 13:48:42] D2BS 15112: Updating Config from level 0 to 1
[10/15/20 13:49:34] D2BS 15112: Script default.dbj ended
[10/15/20 13:49:34] D2BS 15112: Script tools\autobuildthread.js ended
[10/15/20 13:49:34] D2BS 15112: Script tools\party.js ended
[10/15/20 13:49:34] D2BS 15112: Script tools\toolsthread.js ended
[10/15/20 13:49:34] D2BS 15112: Script tools\townchicken.js ended
[10/15/20 13:51:48] D2BS 9312: D2BS Engine startup complete. 1.6.4U
[10/15/20 13:51:48] D2BS 9312: Hammerdin
[10/15/20 13:51:48] D2BS 9312: ÿc2D2BSÿc0 :: Switched to profile Hammerdin
[10/15/20 13:51:48] D2BS 9312: ÿc2D2BSÿc0 :: Engine startup complete!
[10/15/20 13:51:48] D2BS 9312: ÿc2D2BSÿc0 :: Starting D2BotLanFollow.dbj
[10/15/20 13:51:48] D2BS 9312: ÿc2D2BSÿc0 :: D2BotLanFollow.dbj running.
[10/15/20 13:51:48] D2BS 9312: ÿc2D2BSÿc0 :: Started Console Script
[10/15/20 13:51:50] D2BS 9312: Heartbeat loaded
[10/15/20 13:52:08] D2BS 9312: ÿc2D2BSÿc0 :: Starting default.dbj
[10/15/20 13:52:08] D2BS 9312: ÿc2D2BSÿc0 :: default.dbj running.
[10/15/20 13:52:08] D2BS 9312: AutoBuild: Including build template config/builds/paladin.hammerdin.js into default.dbj
[10/15/20 13:52:08] D2BS 9312: Updating Config from level 0 to 1
[10/15/20 13:52:08] D2BS 9312: ÿc4Loaded NIP: ÿc2LateGame.nipÿc4. Lines: ÿc281ÿc4. Valid entries: ÿc254. ÿc4Time: ÿc20 ms
[10/15/20 13:52:08] D2BS 9312: ÿc4Loaded NIP: ÿc2MidGame.nipÿc4. Lines: ÿc281ÿc4. Valid entries: ÿc246. ÿc4Time: ÿc20 ms
[10/15/20 13:52:08] D2BS 9312: ÿc4Loaded NIP: ÿc2EarlyGame.nipÿc4. Lines: ÿc228ÿc4. Valid entries: ÿc213. ÿc4Time: ÿc20 ms
[10/15/20 13:52:08] D2BS 9312: ÿc4Loaded NIP: ÿc2HammerdinRunes.nipÿc4. Lines: ÿc218ÿc4. Valid entries: ÿc29. ÿc4Time: ÿc20 ms
[10/15/20 13:52:08] D2BS 9312: ÿc4Loaded NIP: ÿc2Hammerdin.xpac.nipÿc4. Lines: ÿc2120ÿc4. Valid entries: ÿc2103. ÿc4Time: ÿc20 ms
[10/15/20 13:52:08] D2BS 9312: ÿc4Loaded NIP: ÿc2PreMerc.xpac.nipÿc4. Lines: ÿc227ÿc4. Valid entries: ÿc220. ÿc4Time: ÿc216 ms
[10/15/20 13:52:08] D2BS 9312: ÿc4Loaded NIP: ÿc2Merc.xpac.nipÿc4. Lines: ÿc232ÿc4. Valid entries: ÿc222. ÿc4Time: ÿc20 ms
[10/15/20 13:52:08] D2BS 9312: AutoBuild: Including build template config/builds/paladin.hammerdin.js into tools\autobuildthread.js
[10/15/20 13:52:08] D2BS 9312: Updating Config from level 0 to 1
[10/15/20 13:52:08] D2BS 9312: AutoBuild: Loaded helper thread
[10/15/20 13:52:09] D2BS 9312: ÿc2Starting script: ÿc9LevelFollower
[10/15/20 13:52:09] D2BS 9312: initNPC: BuyPotions
[10/15/20 13:52:09] D2BS 9312: AutoBuild: Including build template config/builds/paladin.hammerdin.js into tools\party.js
[10/15/20 13:52:09] D2BS 9312: Updating Config from level 0 to 1
[10/15/20 13:52:09] D2BS 9312: ÿc2Party thread loaded. Mode: Accept
[10/15/20 13:52:09] D2BS 9312: ÿc3Start ToolsThread script
[10/15/20 13:52:09] D2BS 9312: AutoBuild: Including build template config/builds/paladin.hammerdin.js into tools\toolsthread.js
[10/15/20 13:52:09] D2BS 9312: AutoBuild: Including build template config/builds/paladin.hammerdin.js into tools\townchicken.js
[10/15/20 13:52:09] D2BS 9312: Updating Config from level 0 to 1
[10/15/20 13:52:09] D2BS 9312: Updating Config from level 0 to 1
[10/15/20 13:52:19] D2BS 9312: move retry 1
[10/15/20 13:52:22] D2BS 9312: move retry 2
[10/15/20 13:53:52] D2BS 9312: Leader not partied
[10/15/20 13:53:53] D2BS 9312: Leader not partied
[10/15/20 13:53:55] D2BS 9312: Leader not partied
[10/15/20 13:53:56] D2BS 9312: Leader not partied
[10/15/20 13:53:58] D2BS 9312: Leader not partied
[10/15/20 13:53:59] D2BS 9312: Leader not partied
[10/15/20 13:54:01] D2BS 9312: Leader not partied
[10/15/20 13:54:02] D2BS 9312: Leader not partied
[10/15/20 13:54:11] D2BS 9312: Script default.dbj ended
[10/15/20 13:54:11] D2BS 9312: Script tools\autobuildthread.js ended
[10/15/20 13:54:11] D2BS 9312: Script tools\party.js ended
[10/15/20 13:54:11] D2BS 9312: Script tools\toolsthread.js ended
[10/15/20 13:54:11] D2BS 9312: Script tools\townchicken.js ended
[10/15/20 13:54:18] D2BS 9312: D2BS Shutdown complete.
[10/15/20 13:54:18] D2BS 11312: D2BS Engine startup complete. 1.6.4U
[10/15/20 13:54:18] D2BS 11312: Hammerdin
[10/15/20 13:54:18] D2BS 11312: ÿc2D2BSÿc0 :: Switched to profile Hammerdin
[10/15/20 13:54:18] D2BS 11312: ÿc2D2BSÿc0 :: Engine startup complete!
[10/15/20 13:54:18] D2BS 11312: ÿc2D2BSÿc0 :: Starting D2BotLanFollow.dbj
[10/15/20 13:54:18] D2BS 11312: ÿc2D2BSÿc0 :: D2BotLanFollow.dbj running.
[10/15/20 13:54:18] D2BS 11312: ÿc2D2BSÿc0 :: Started Console Script
[10/15/20 13:54:20] D2BS 11312: Heartbeat loaded
[10/15/20 13:54:38] D2BS 11312: ÿc2D2BSÿc0 :: Starting default.dbj
[10/15/20 13:54:38] D2BS 11312: ÿc2D2BSÿc0 :: default.dbj running.
[10/15/20 13:54:38] D2BS 11312: AutoBuild: Including build template config/builds/paladin.hammerdin.js into default.dbj
[10/15/20 13:54:38] D2BS 11312: Updating Config from level 0 to 1
[10/15/20 13:54:38] D2BS 11312: ÿc4Loaded NIP: ÿc2LateGame.nipÿc4. Lines: ÿc281ÿc4. Valid entries: ÿc254. ÿc4Time: ÿc20 ms
[10/15/20 13:54:38] D2BS 11312: ÿc4Loaded NIP: ÿc2MidGame.nipÿc4. Lines: ÿc281ÿc4. Valid entries: ÿc246. ÿc4Time: ÿc20 ms
[10/15/20 13:54:38] D2BS 11312: ÿc4Loaded NIP: ÿc2EarlyGame.nipÿc4. Lines: ÿc228ÿc4. Valid entries: ÿc213. ÿc4Time: ÿc20 ms
[10/15/20 13:54:38] D2BS 11312: ÿc4Loaded NIP: ÿc2HammerdinRunes.nipÿc4. Lines: ÿc218ÿc4. Valid entries: ÿc29. ÿc4Time: ÿc20 ms
[10/15/20 13:54:38] D2BS 11312: ÿc4Loaded NIP: ÿc2Hammerdin.xpac.nipÿc4. Lines: ÿc2120ÿc4. Valid entries: ÿc2103. ÿc4Time: ÿc216 ms
[10/15/20 13:54:38] D2BS 11312: ÿc4Loaded NIP: ÿc2PreMerc.xpac.nipÿc4. Lines: ÿc227ÿc4. Valid entries: ÿc220. ÿc4Time: ÿc20 ms
[10/15/20 13:54:38] D2BS 11312: ÿc4Loaded NIP: ÿc2Merc.xpac.nipÿc4. Lines: ÿc232ÿc4. Valid entries: ÿc222. ÿc4Time: ÿc20 ms
[10/15/20 13:54:38] D2BS 11312: AutoBuild: Including build template config/builds/paladin.hammerdin.js into tools\autobuildthread.js
[10/15/20 13:54:38] D2BS 11312: Updating Config from level 0 to 1
[10/15/20 13:54:38] D2BS 11312: AutoBuild: Loaded helper thread
[10/15/20 13:54:38] D2BS 11312: ÿc2Starting script: ÿc9LevelFollower
[10/15/20 13:54:38] D2BS 11312: initNPC: BuyPotions
[10/15/20 13:54:39] D2BS 11312: AutoBuild: Including build template config/builds/paladin.hammerdin.js into tools\party.js
[10/15/20 13:54:39] D2BS 11312: Updating Config from level 0 to 1
[10/15/20 13:54:39] D2BS 11312: ÿc2Party thread loaded. Mode: Accept
[10/15/20 13:54:39] D2BS 11312: ÿc3Start ToolsThread script
[10/15/20 13:54:39] D2BS 11312: AutoBuild: Including build template config/builds/paladin.hammerdin.js into tools\toolsthread.js
[10/15/20 13:54:39] D2BS 11312: AutoBuild: Including build template config/builds/paladin.hammerdin.js into tools\townchicken.js
[10/15/20 13:54:39] D2BS 11312: Updating Config from level 0 to 1
[10/15/20 13:54:39] D2BS 11312: Updating Config from level 0 to 1
[10/15/20 14:02:12] D2BS 11312: Leader not partied
[10/15/20 14:02:14] D2BS 11312: Leader not partied
[10/15/20 14:02:15] D2BS 11312: Leader not partied
[10/15/20 14:02:17] D2BS 11312: Leader not partied
[10/15/20 14:02:18] D2BS 11312: Leader not partied
[10/15/20 14:02:20] D2BS 11312: Leader not partied
[10/15/20 14:02:21] D2BS 11312: Leader not partied
[10/15/20 14:02:23] D2BS 11312: Leader not partied
[10/15/20 14:02:24] D2BS 11312: Leader not partied
[10/15/20 14:02:26] D2BS 11312: Leader not partied
[10/15/20 14:02:27] D2BS 11312: Leader not partied
[10/15/20 14:02:29] D2BS 11312: Leader not partied
[10/15/20 14:02:30] D2BS 11312: Leader not partied
[10/15/20 14:02:32] D2BS 11312: Leader not partied
[10/15/20 14:02:33] D2BS 11312: Leader not partied
[10/15/20 14:02:35] D2BS 11312: Leader not partied
[10/15/20 14:02:36] D2BS 11312: Leader not partied
[10/15/20 14:02:38] D2BS 11312: Leader not partied
[10/15/20 14:02:40] D2BS 11312: Leader not partied
[10/15/20 14:02:41] D2BS 11312: Leader not partied
[10/15/20 14:02:43] D2BS 11312: Leader not partied
[10/15/20 14:02:44] D2BS 11312: Leader not partied
[10/15/20 14:02:46] D2BS 11312: Leader not partied
[10/15/20 14:02:47] D2BS 11312: Leader not partied
[10/15/20 14:02:49] D2BS 11312: Leader not partied
[10/15/20 14:02:50] D2BS 11312: Leader not partied
[10/15/20 14:02:52] D2BS 11312: Leader not partied
[10/15/20 14:02:53] D2BS 11312: Leader not partied
[10/15/20 14:02:55] D2BS 11312: Leader not partied
[10/15/20 14:02:56] D2BS 11312: Leader not partied
[10/15/20 14:02:58] D2BS 11312: Leader not partied
[10/15/20 14:02:59] D2BS 11312: Leader not partied
[10/15/20 14:03:01] D2BS 11312: Leader not partied
[10/15/20 14:03:02] D2BS 11312: Leader not partied
[10/15/20 14:03:04] D2BS 11312: Leader not partied
[10/15/20 14:03:05] D2BS 11312: Leader not partied
[10/15/20 14:03:07] D2BS 11312: Leader not partied
[10/15/20 14:03:08] D2BS 11312: Leader not partied
[10/15/20 14:03:10] D2BS 11312: Leader not partied
[10/15/20 14:03:11] D2BS 11312: Leader not partied
[10/15/20 14:03:13] D2BS 11312: Leader not partied
[10/15/20 14:03:14] D2BS 11312: Leader not partied
[10/15/20 14:03:16] D2BS 11312: Leader not partied
[10/15/20 14:03:17] D2BS 11312: Leader not partied
[10/15/20 14:03:19] D2BS 11312: Leader not partied
[10/15/20 14:03:20] D2BS 11312: Leader not partied
[10/15/20 14:03:22] D2BS 11312: Leader not partied
[10/15/20 14:03:23] D2BS 11312: Leader not partied
[10/15/20 14:03:25] D2BS 11312: Leader not partied
[10/15/20 14:03:26] D2BS 11312: Leader not partied
[10/15/20 14:03:28] D2BS 11312: Leader not partied
[10/15/20 14:03:29] D2BS 11312: Leader not partied
[10/15/20 14:03:31] D2BS 11312: Leader not partied
[10/15/20 14:03:33] D2BS 11312: Leader not partied
[10/15/20 14:03:34] D2BS 11312: Leader not partied
[10/15/20 14:03:36] D2BS 11312: Leader not partied
[10/15/20 14:03:37] D2BS 11312: Leader not partied
[10/15/20 14:03:39] D2BS 11312: Leader not partied
[10/15/20 14:03:40] D2BS 11312: Leader not partied
[10/15/20 14:03:42] D2BS 11312: Leader not partied
[10/15/20 14:03:43] D2BS 11312: Leader not partied
[10/15/20 14:03:45] D2BS 11312: Leader not partied
[10/15/20 14:03:46] D2BS 11312: Leader not partied
[10/15/20 14:03:48] D2BS 11312: Leader not partied
[10/15/20 14:03:49] D2BS 11312: Leader not partied
[10/15/20 14:03:51] D2BS 11312: Leader not partied
[10/15/20 14:03:52] D2BS 11312: Leader not partied
[10/15/20 14:03:54] D2BS 11312: Leader not partied
[10/15/20 14:03:55] D2BS 11312: Leader not partied
[10/15/20 14:03:57] D2BS 11312: Leader not partied
[10/15/20 14:03:58] D2BS 11312: Leader not partied
[10/15/20 14:04:00] D2BS 11312: Leader not partied
[10/15/20 14:04:01] D2BS 11312: Leader not partied
[10/15/20 14:04:03] D2BS 11312: Leader not partied
[10/15/20 14:04:04] D2BS 11312: Leader not partied
[10/15/20 14:04:06] D2BS 11312: Leader not partied
[10/15/20 14:04:07] D2BS 11312: Leader not partied
[10/15/20 14:04:09] D2BS 11312: Leader not partied
[10/15/20 14:04:10] D2BS 11312: Leader not partied
[10/15/20 14:04:12] D2BS 11312: Leader not partied
[10/15/20 14:04:13] D2BS 11312: Leader not partied
[10/15/20 14:04:15] D2BS 11312: Leader not partied
[10/15/20 14:04:16] D2BS 11312: Leader not partied
[10/15/20 14:04:18] D2BS 11312: Leader not partied
[10/15/20 14:04:19] D2BS 11312: Leader not partied
[10/15/20 14:04:21] D2BS 11312: Leader not partied
[10/15/20 14:04:23] D2BS 11312: Leader not partied
[10/15/20 14:04:24] D2BS 11312: Leader not partied
[10/15/20 14:04:26] D2BS 11312: Leader not partied
[10/15/20 14:04:27] D2BS 11312: Leader not partied
[10/15/20 14:04:29] D2BS 11312: Leader not partied
[10/15/20 14:04:30] D2BS 11312: Leader not partied
[10/15/20 14:04:32] D2BS 11312: Leader not partied
[10/15/20 14:04:33] D2BS 11312: Leader not partied
[10/15/20 14:04:35] D2BS 11312: Leader not partied
[10/15/20 14:04:36] D2BS 11312: Leader not partied
[10/15/20 14:04:38] D2BS 11312: Leader not partied
[10/15/20 14:04:39] D2BS 11312: Leader not partied
[10/15/20 14:04:41] D2BS 11312: Leader not partied
[10/15/20 14:04:42] D2BS 11312: Leader not partied
[10/15/20 14:04:44] D2BS 11312: Leader not partied
[10/15/20 14:04:45] D2BS 11312: Leader not partied
[10/15/20 14:04:47] D2BS 11312: Leader not partied
[10/15/20 14:04:48] D2BS 11312: Leader not partied
[10/15/20 14:04:50] D2BS 11312: Leader not partied
[10/15/20 14:04:51] D2BS 11312: Leader not partied
[10/15/20 14:04:53] D2BS 11312: Leader not partied
[10/15/20 14:04:54] D2BS 11312: Leader not partied
[10/15/20 14:04:56] D2BS 11312: Leader not partied
[10/15/20 14:04:57] D2BS 11312: Leader not partied
[10/15/20 14:04:59] D2BS 11312: Leader not partied
[10/15/20 14:05:00] D2BS 11312: Leader not partied
[10/15/20 14:05:02] D2BS 11312: Leader not partied
[10/15/20 14:05:03] D2BS 11312: Leader not partied
[10/15/20 14:05:05] D2BS 11312: Leader not partied
[10/15/20 14:05:06] D2BS 11312: Leader not partied
[10/15/20 14:05:08] D2BS 11312: Leader not partied
[10/15/20 14:05:10] D2BS 11312: Leader not partied
[10/15/20 14:05:11] D2BS 11312: Leader not partied
[10/15/20 14:05:13] D2BS 11312: Leader not partied
[10/15/20 14:05:14] D2BS 11312: Leader not partied
[10/15/20 14:05:16] D2BS 11312: Leader not partied
[10/15/20 14:05:17] D2BS 11312: Leader not partied
[10/15/20 14:05:19] D2BS 11312: Leader not partied
[10/15/20 14:05:20] D2BS 11312: Leader not partied
[10/15/20 14:05:22] D2BS 11312: Leader not partied
[10/15/20 14:05:23] D2BS 11312: Leader not partied
[10/15/20 14:05:25] D2BS 11312: Leader not partied
[10/15/20 14:05:26] D2BS 11312: Leader not partied
[10/15/20 14:05:28] D2BS 11312: Leader not partied
[10/15/20 14:05:29] D2BS 11312: Leader not partied
[10/15/20 14:05:31] D2BS 11312: Leader not partied
[10/15/20 14:05:32] D2BS 11312: Leader not partied
[10/15/20 14:05:34] D2BS 11312: Leader not partied
[10/15/20 14:05:35] D2BS 11312: Leader not partied
[10/15/20 14:05:37] D2BS 11312: Leader not partied
[10/15/20 14:05:38] D2BS 11312: Leader not partied
[10/15/20 14:05:40] D2BS 11312: Leader not partied
[10/15/20 14:05:41] D2BS 11312: Leader not partied
[10/15/20 14:05:43] D2BS 11312: Leader not partied
[10/15/20 14:05:44] D2BS 11312: Leader not partied
[10/15/20 14:05:46] D2BS 11312: Leader not partied
[10/15/20 14:05:47] D2BS 11312: Leader not partied
[10/15/20 14:05:49] D2BS 11312: Leader not partied
[10/15/20 14:05:50] D2BS 11312: Leader not partied
[10/15/20 14:05:52] D2BS 11312: Leader not partied
[10/15/20 14:05:54] D2BS 11312: Leader not partied
[10/15/20 14:05:55] D2BS 11312: Leader not partied
[10/15/20 14:05:57] D2BS 11312: Leader not partied
[10/15/20 14:05:58] D2BS 11312: Leader not partied
[10/15/20 14:06:00] D2BS 11312: Leader not partied
[10/15/20 14:06:01] D2BS 11312: Leader not partied
[10/15/20 14:06:03] D2BS 11312: Leader not partied
[10/15/20 14:06:04] D2BS 11312: Leader not partied
[10/15/20 14:06:06] D2BS 11312: Leader not partied
[10/15/20 14:06:07] D2BS 11312: Leader not partied
[10/15/20 14:06:09] D2BS 11312: Leader not partied
[10/15/20 14:06:10] D2BS 11312: Leader not partied
[10/15/20 14:06:12] D2BS 11312: Leader not partied
[10/15/20 14:06:13] D2BS 11312: Leader not partied
[10/15/20 14:06:15] D2BS 11312: Leader not partied
[10/15/20 14:06:16] D2BS 11312: Leader not partied
[10/15/20 14:06:18] D2BS 11312: Leader not partied
[10/15/20 14:06:19] D2BS 11312: Leader not partied
[10/15/20 14:06:21] D2BS 11312: Leader not partied
[10/15/20 14:06:22] D2BS 11312: Leader not partied
[10/15/20 14:06:24] D2BS 11312: Leader not partied
[10/15/20 14:06:25] D2BS 11312: Leader not partied
[10/15/20 14:06:27] D2BS 11312: Leader not partied
[10/15/20 14:06:28] D2BS 11312: Leader not partied
[10/15/20 14:06:30] D2BS 11312: Leader not partied
[10/15/20 14:06:31] D2BS 11312: Leader not partied
[10/15/20 14:06:33] D2BS 11312: Leader not partied
[10/15/20 14:06:34] D2BS 11312: Leader not partied
[10/15/20 14:06:36] D2BS 11312: Leader not partied
[10/15/20 14:06:37] D2BS 11312: Leader not partied
[10/15/20 14:06:39] D2BS 11312: Leader not partied
[10/15/20 14:06:40] D2BS 11312: Leader not partied
[10/15/20 14:06:42] D2BS 11312: Leader not partied
[10/15/20 14:06:43] D2BS 11312: Leader not partied
[10/15/20 14:06:45] D2BS 11312: Leader not partied
[10/15/20 14:06:47] D2BS 11312: Leader not partied
[10/15/20 14:06:48] D2BS 11312: Leader not partied
[10/15/20 14:06:50] D2BS 11312: Leader not partied
[10/15/20 14:06:51] D2BS 11312: Leader not partied
[10/15/20 14:06:53] D2BS 11312: Leader not partied
[10/15/20 14:06:54] D2BS 11312: Leader not partied
[10/15/20 14:06:56] D2BS 11312: Leader not partied
[10/15/20 14:06:57] D2BS 11312: Leader not partied
[10/15/20 14:06:59] D2BS 11312: Leader not partied
[10/15/20 14:07:00] D2BS 11312: Leader not partied
[10/15/20 14:07:02] D2BS 11312: Leader not partied
[10/15/20 14:07:03] D2BS 11312: Leader not partied
[10/15/20 14:07:05] D2BS 11312: Leader not partied
[10/15/20 14:07:06] D2BS 11312: Leader not partied
[10/15/20 14:07:10] D2BS 11312: Script default.dbj ended
[10/15/20 14:07:10] D2BS 11312: Script tools\autobuildthread.js ended
[10/15/20 14:07:10] D2BS 11312: Script tools\party.js ended
[10/15/20 14:07:10] D2BS 11312: Script tools\toolsthread.js ended
[10/15/20 14:07:10] D2BS 11312: Script tools\townchicken.js ended
[10/15/20 14:07:18] D2BS 11312: ÿc2D2BSÿc0 :: Starting default.dbj
[10/15/20 14:07:18] D2BS 11312: ÿc2D2BSÿc0 :: default.dbj running.
[10/15/20 14:07:18] D2BS 11312: AutoBuild: Including build template config/builds/paladin.hammerdin.js into default.dbj
[10/15/20 14:07:18] D2BS 11312: Updating Config from level 0 to 1
[10/15/20 14:07:18] D2BS 11312: ÿc4Loaded NIP: ÿc2LateGame.nipÿc4. Lines: ÿc281ÿc4. Valid entries: ÿc254. ÿc4Time: ÿc20 ms
[10/15/20 14:07:18] D2BS 11312: ÿc4Loaded NIP: ÿc2MidGame.nipÿc4. Lines: ÿc281ÿc4. Valid entries: ÿc246. ÿc4Time: ÿc20 ms
[10/15/20 14:07:18] D2BS 11312: ÿc4Loaded NIP: ÿc2EarlyGame.nipÿc4. Lines: ÿc228ÿc4. Valid entries: ÿc213. ÿc4Time: ÿc20 ms
[10/15/20 14:07:18] D2BS 11312: ÿc4Loaded NIP: ÿc2HammerdinRunes.nipÿc4. Lines: ÿc218ÿc4. Valid entries: ÿc29. ÿc4Time: ÿc20 ms
[10/15/20 14:07:18] D2BS 11312: ÿc4Loaded NIP: ÿc2Hammerdin.xpac.nipÿc4. Lines: ÿc2120ÿc4. Valid entries: ÿc2103. ÿc4Time: ÿc216 ms
[10/15/20 14:07:18] D2BS 11312: ÿc4Loaded NIP: ÿc2PreMerc.xpac.nipÿc4. Lines: ÿc227ÿc4. Valid entries: ÿc220. ÿc4Time: ÿc20 ms
[10/15/20 14:07:18] D2BS 11312: ÿc4Loaded NIP: ÿc2Merc.xpac.nipÿc4. Lines: ÿc232ÿc4. Valid entries: ÿc222. ÿc4Time: ÿc20 ms
[10/15/20 14:07:18] D2BS 11312: AutoBuild: Including build template config/builds/paladin.hammerdin.js into tools\autobuildthread.js
[10/15/20 14:07:18] D2BS 11312: Updating Config from level 0 to 1
[10/15/20 14:07:18] D2BS 11312: AutoBuild: Loaded helper thread
[10/15/20 14:07:18] D2BS 11312: ÿc2Starting script: ÿc9LevelFollower
[10/15/20 14:07:18] D2BS 11312: initNPC: BuyPotions
[10/15/20 14:07:18] D2BS 11312: AutoBuild: Including build template config/builds/paladin.hammerdin.js into tools\party.js
[10/15/20 14:07:18] D2BS 11312: Updating Config from level 0 to 1
[10/15/20 14:07:18] D2BS 11312: ÿc2Party thread loaded. Mode: Accept
[10/15/20 14:07:19] D2BS 11312: AutoBuild: Including build template config/builds/paladin.hammerdin.js into tools\townchicken.js
[10/15/20 14:07:19] D2BS 11312: ÿc3Start ToolsThread script
[10/15/20 14:07:19] D2BS 11312: Updating Config from level 0 to 1
[10/15/20 14:07:19] D2BS 11312: AutoBuild: Including build template config/builds/paladin.hammerdin.js into tools\toolsthread.js
[10/15/20 14:07:19] D2BS 11312: Updating Config from level 0 to 1
[10/15/20 14:07:29] D2BS 11312: move retry 1
[10/15/20 14:07:30] D2BS 11312: move retry 2
[10/15/20 14:07:43] D2BS 11312: Script default.dbj ended
[10/15/20 14:07:43] D2BS 11312: Script tools\autobuildthread.js ended
[10/15/20 14:07:43] D2BS 11312: Script tools\party.js ended
[10/15/20 14:07:43] D2BS 11312: Script tools\toolsthread.js ended
[10/15/20 14:07:43] D2BS 11312: Script tools\townchicken.js ended
[10/15/20 14:07:49] D2BS 11312: ÿc2D2BSÿc0 :: Starting default.dbj
[10/15/20 14:07:49] D2BS 11312: ÿc2D2BSÿc0 :: default.dbj running.
[10/15/20 14:07:49] D2BS 11312: AutoBuild: Including build template config/builds/paladin.hammerdin.js into default.dbj
[10/15/20 14:07:49] D2BS 11312: Updating Config from level 0 to 1
[10/15/20 14:07:49] D2BS 11312: ÿc4Loaded NIP: ÿc2LateGame.nipÿc4. Lines: ÿc281ÿc4. Valid entries: ÿc254. ÿc4Time: ÿc20 ms
[10/15/20 14:07:49] D2BS 11312: ÿc4Loaded NIP: ÿc2MidGame.nipÿc4. Lines: ÿc281ÿc4. Valid entries: ÿc246. ÿc4Time: ÿc20 ms
[10/15/20 14:07:49] D2BS 11312: ÿc4Loaded NIP: ÿc2EarlyGame.nipÿc4. Lines: ÿc228ÿc4. Valid entries: ÿc213. ÿc4Time: ÿc216 ms
[10/15/20 14:07:49] D2BS 11312: ÿc4Loaded NIP: ÿc2HammerdinRunes.nipÿc4. Lines: ÿc218ÿc4. Valid entries: ÿc29. ÿc4Time: ÿc20 ms
[10/15/20 14:07:49] D2BS 11312: ÿc4Loaded NIP: ÿc2Hammerdin.xpac.nipÿc4. Lines: ÿc2120ÿc4. Valid entries: ÿc2103. ÿc4Time: ÿc20 ms
[10/15/20 14:07:49] D2BS 11312: ÿc4Loaded NIP: ÿc2PreMerc.xpac.nipÿc4. Lines: ÿc227ÿc4. Valid entries: ÿc220. ÿc4Time: ÿc20 ms
[10/15/20 14:07:49] D2BS 11312: ÿc4Loaded NIP: ÿc2Merc.xpac.nipÿc4. Lines: ÿc232ÿc4. Valid entries: ÿc222. ÿc4Time: ÿc20 ms
[10/15/20 14:07:49] D2BS 11312: AutoBuild: Including build template config/builds/paladin.hammerdin.js into tools\autobuildthread.js
[10/15/20 14:07:49] D2BS 11312: Updating Config from level 0 to 1
[10/15/20 14:07:49] D2BS 11312: AutoBuild: Loaded helper thread
[10/15/20 14:07:49] D2BS 11312: ÿc2Starting script: ÿc9LevelFollower
[10/15/20 14:07:49] D2BS 11312: AutoBuild: Including build template config/builds/paladin.hammerdin.js into tools\party.js
[10/15/20 14:07:49] D2BS 11312: initNPC: BuyPotions
[10/15/20 14:07:49] D2BS 11312: Updating Config from level 0 to 1
[10/15/20 14:07:49] D2BS 11312: ÿc2Party thread loaded. Mode: Accept
[10/15/20 14:07:49] D2BS 11312: AutoBuild: Including build template config/builds/paladin.hammerdin.js into tools\townchicken.js
[10/15/20 14:07:49] D2BS 11312: ÿc3Start ToolsThread script
[10/15/20 14:07:49] D2BS 11312: Updating Config from level 0 to 1
[10/15/20 14:07:49] D2BS 11312: AutoBuild: Including build template config/builds/paladin.hammerdin.js into tools\toolsthread.js
[10/15/20 14:07:49] D2BS 11312: Updating Config from level 0 to 1
[10/15/20 14:07:51] D2BS 11312: move retry 1
[10/15/20 14:07:56] D2BS 11312: move retry 1
[10/15/20 14:08:04] D2BS 11312: move retry 1
[10/15/20 14:08:13] D2BS 11312: 1,2,3
