[10/15/20 08:27:16] D2BS 3752: D2BS Engine startup complete. 1.6.4U
[10/15/20 08:27:16] D2BS 3752: Auradin
[10/15/20 08:27:16] D2BS 3752: ÿc2D2BSÿc0 :: Switched to profile Auradin
[10/15/20 08:27:16] D2BS 3752: ÿc2D2BSÿc0 :: Engine startup complete!
[10/15/20 08:27:16] D2BS 3752: ÿc2D2BSÿc0 :: Starting D2BotLanFollow.dbj
[10/15/20 08:27:16] D2BS 3752: ÿc2D2BSÿc0 :: D2BotLanFollow.dbj running.
[10/15/20 08:27:16] D2BS 3752: ÿc2D2BSÿc0 :: Started Console Script
[10/15/20 08:27:18] D2BS 3752: Heartbeat loaded
[10/15/20 08:27:36] D2BS 3752: ÿc2D2BSÿc0 :: Starting default.dbj
[10/15/20 08:27:36] D2BS 3752: ÿc2D2BSÿc0 :: default.dbj running.
[10/15/20 08:27:36] D2BS 3752: AutoBuild: Including build template config/builds/paladin.auradin.js into default.dbj
[10/15/20 08:27:36] D2BS 3752: Updating Config from level 0 to 1
[10/15/20 08:27:36] D2BS 3752: ÿc4Loaded NIP: ÿc2LateGame.nipÿc4. Lines: ÿc281ÿc4. Valid entries: ÿc254. ÿc4Time: ÿc216 ms
[10/15/20 08:27:36] D2BS 3752: ÿc4Loaded NIP: ÿc2MidGame.nipÿc4. Lines: ÿc281ÿc4. Valid entries: ÿc246. ÿc4Time: ÿc20 ms
[10/15/20 08:27:36] D2BS 3752: ÿc4Loaded NIP: ÿc2EarlyGame.nipÿc4. Lines: ÿc228ÿc4. Valid entries: ÿc213. ÿc4Time: ÿc20 ms
[10/15/20 08:27:36] D2BS 3752: ÿc4Loaded NIP: ÿc2AuradinRunes.nipÿc4. Lines: ÿc222ÿc4. Valid entries: ÿc212. ÿc4Time: ÿc20 ms
[10/15/20 08:27:36] D2BS 3752: ÿc4Loaded NIP: ÿc2Auradin.xpac.nipÿc4. Lines: ÿc2128ÿc4. Valid entries: ÿc2111. ÿc4Time: ÿc215 ms
[10/15/20 08:27:36] D2BS 3752: ÿc4Loaded NIP: ÿc2PreMerc.xpac.nipÿc4. Lines: ÿc227ÿc4. Valid entries: ÿc220. ÿc4Time: ÿc20 ms
[10/15/20 08:27:36] D2BS 3752: ÿc4Loaded NIP: ÿc2Merc.xpac.nipÿc4. Lines: ÿc232ÿc4. Valid entries: ÿc222. ÿc4Time: ÿc20 ms
[10/15/20 08:27:36] D2BS 3752: AutoBuild: Including build template config/builds/paladin.auradin.js into tools\autobuildthread.js
[10/15/20 08:27:36] D2BS 3752: Updating Config from level 0 to 1
[10/15/20 08:27:36] D2BS 3752: AutoBuild: Loaded helper thread
[10/15/20 08:27:36] D2BS 3752: ÿc2Starting script: ÿc9LevelFollower
[10/15/20 08:27:36] D2BS 3752: AutoBuild: Including build template config/builds/paladin.auradin.js into tools\party.js
[10/15/20 08:27:36] D2BS 3752: Updating Config from level 0 to 1
[10/15/20 08:27:36] D2BS 3752: ÿc2Party thread loaded. Mode: Accept
[10/15/20 08:27:36] D2BS 3752: ÿc3Start ToolsThread script
[10/15/20 08:27:36] D2BS 3752: AutoBuild: Including build template config/builds/paladin.auradin.js into tools\toolsthread.js
[10/15/20 08:27:36] D2BS 3752: Updating Config from level 0 to 1
[10/15/20 08:27:36] D2BS 3752: AutoBuild: Including build template config/builds/paladin.auradin.js into tools\townchicken.js
[10/15/20 08:27:36] D2BS 3752: Updating Config from level 0 to 1
[10/15/20 08:27:55] D2BS 3752: initNPC: BuyPotions
[10/15/20 08:27:58] D2BS 3752: move retry 1
[10/15/20 08:28:08] D2BS 3752: move retry 1
[10/15/20 08:28:20] D2BS 3752: 1,2
[10/15/20 08:28:41] D2BS 3752: move retry 1
[10/15/20 08:28:45] D2BS 3752: ÿc7Picked up ÿc45 Gold
[10/15/20 08:29:04] D2BS 3752: AutoBuild: Stat points: 5      Skill points: 1
[10/15/20 08:29:04] D2BS 3752: AutoBuild: Level up detected ( 1 --> 2 )
[10/15/20 08:29:04] D2BS 3752: AutoBuild: useSkillPoint(): Prayer (99)
[10/15/20 08:29:04] D2BS 3752: AutoBuild: Skill (1/1) Increased Prayer (99) by one (level:  1)
[10/15/20 08:29:04] D2BS 3752: AutoBuild: useStatPoint(0): Strength
[10/15/20 08:29:04] D2BS 3752: AutoBuild: Stat (1/5) Increased Strength from 25 to 26
[10/15/20 08:29:04] D2BS 3752: AutoBuild: useStatPoint(2): Dexterity
[10/15/20 08:29:04] D2BS 3752: AutoBuild: Stat (2/5) Increased Dexterity from 20 to 21
[10/15/20 08:29:04] D2BS 3752: AutoBuild: useStatPoint(3): Vitality
[10/15/20 08:29:04] D2BS 3752: AutoBuild: Attempt to spend point 3 in Vitality may have failed!
[10/15/20 08:29:04] D2BS 3752: AutoBuild: useStatPoint(3): Vitality
[10/15/20 08:29:04] D2BS 3752: AutoBuild: Stat (4/5) Increased Vitality from 26 to 27
[10/15/20 08:29:04] D2BS 3752: AutoBuild: useStatPoint(3): Vitality
[10/15/20 08:29:05] D2BS 3752: AutoBuild: Stat (5/5) Increased Vitality from 27 to 28
[10/15/20 08:29:05] D2BS 3752: Updating Config from level 1 to 2
[10/15/20 08:29:05] D2BS 3752: Updating Config from level 1 to 2
[10/15/20 08:29:05] D2BS 3752: Updating Config from level 1 to 2
[10/15/20 08:29:05] D2BS 3752: AutoBuild: Updating Config from level 1 to 2
[10/15/20 08:29:05] D2BS 3752: Updating Config from level 1 to 2
[10/15/20 08:29:05] D2BS 3752: AutoBuild: Incrementing cached character level to 2
[10/15/20 08:29:05] D2BS 3752: ÿc7Picked up ÿc45 Gold
[10/15/20 08:29:31] D2BS 3752: ÿc7Picked up ÿc45 Gold
[10/15/20 08:29:34] D2BS 3752: move retry 1
[10/15/20 08:29:38] D2BS 3752: move retry 1
[10/15/20 08:29:53] D2BS 3752: ÿc7Picked up ÿc45 Gold
[10/15/20 08:30:01] D2BS 3752: 2,3
[10/15/20 08:30:13] D2BS 3752: ÿc7Picked up ÿc49 Gold
[10/15/20 08:30:16] D2BS 3752: AutoBuild: Stat points: 5      Skill points: 1
[10/15/20 08:30:16] D2BS 3752: AutoBuild: Level up detected ( 2 --> 3 )
[10/15/20 08:30:16] D2BS 3752: AutoBuild: useSkillPoint(): Smite (97)
[10/15/20 08:30:17] D2BS 3752: AutoBuild: Skill (1/1) Increased Smite (97) by one (level:  1)
[10/15/20 08:30:17] D2BS 3752: AutoBuild: useStatPoint(0): Strength
[10/15/20 08:30:17] D2BS 3752: AutoBuild: Stat (1/5) Increased Strength from 26 to 27
[10/15/20 08:30:17] D2BS 3752: AutoBuild: useStatPoint(2): Dexterity
[10/15/20 08:30:17] D2BS 3752: AutoBuild: Stat (2/5) Increased Dexterity from 21 to 22
[10/15/20 08:30:17] D2BS 3752: AutoBuild: useStatPoint(3): Vitality
[10/15/20 08:30:17] D2BS 3752: AutoBuild: Stat (3/5) Increased Vitality from 28 to 29
[10/15/20 08:30:17] D2BS 3752: AutoBuild: useStatPoint(3): Vitality
[10/15/20 08:30:17] D2BS 3752: AutoBuild: Stat (4/5) Increased Vitality from 29 to 30
[10/15/20 08:30:17] D2BS 3752: AutoBuild: useStatPoint(3): Vitality
[10/15/20 08:30:17] D2BS 3752: AutoBuild: Stat (5/5) Increased Vitality from 30 to 31
[10/15/20 08:30:17] D2BS 3752: AutoBuild: Updating Config from level 2 to 3
[10/15/20 08:30:17] D2BS 3752: Updating Config from level 2 to 3
[10/15/20 08:30:17] D2BS 3752: Updating Config from level 2 to 3
[10/15/20 08:30:17] D2BS 3752: Updating Config from level 2 to 3
[10/15/20 08:30:17] D2BS 3752: Updating Config from level 2 to 3
[10/15/20 08:30:17] D2BS 3752: AutoBuild: Incrementing cached character level to 3
[10/15/20 08:30:33] D2BS 3752: ÿc7Picked up ÿc1Minor Healing Potion ÿc0(ilvl 1) (EarlyGame.nip #26)
[10/15/20 08:30:33] D2BS 3752: ÿc7Picked up ÿc0Quilted Armor ÿc0(ilvl 5) (Auradin.xpac.nip #50)
[10/15/20 08:30:33] D2BS 3752: ÿc7Picked up ÿc45 Gold
[10/15/20 08:30:34] D2BS 3752: move retry 1
[10/15/20 08:30:35] D2BS 3752: move retry 2
[10/15/20 08:30:53] D2BS 3752: move retry 1
[10/15/20 08:31:22] D2BS 3752: move retry 1
[10/15/20 08:31:25] D2BS 3752: ÿc7Picked up ÿc49 Gold
[10/15/20 08:31:25] D2BS 3752: ÿc7Picked up ÿc0Cap ÿc0(ilvl 2) (Auradin.xpac.nip #33)
[10/15/20 08:31:29] D2BS 3752: AutoBuild: Stat points: 5      Skill points: 1
[10/15/20 08:31:29] D2BS 3752: AutoBuild: Level up detected ( 3 --> 4 )
[10/15/20 08:31:29] D2BS 3752: AutoBuild: useSkillPoint(): Prayer (99)
[10/15/20 08:31:29] D2BS 3752: AutoBuild: Skill (1/1) Increased Prayer (99) by one (level:  2)
[10/15/20 08:31:29] D2BS 3752: AutoBuild: useStatPoint(0): Strength
[10/15/20 08:31:30] D2BS 3752: AutoBuild: Attempt to spend point 1 in Strength may have failed!
[10/15/20 08:31:30] D2BS 3752: AutoBuild: useStatPoint(2): Dexterity
[10/15/20 08:31:30] D2BS 3752: AutoBuild: Attempt to spend point 2 in Dexterity may have failed!
[10/15/20 08:31:30] D2BS 3752: AutoBuild: useStatPoint(3): Vitality
[10/15/20 08:31:30] D2BS 3752: AutoBuild: Stat (3/5) Increased Vitality from 31 to 32
[10/15/20 08:31:30] D2BS 3752: AutoBuild: useStatPoint(3): Vitality
[10/15/20 08:31:30] D2BS 3752: AutoBuild: Stat (4/5) Increased Vitality from 32 to 33
[10/15/20 08:31:30] D2BS 3752: AutoBuild: useStatPoint(3): Vitality
[10/15/20 08:31:30] D2BS 3752: AutoBuild: Stat (5/5) Increased Vitality from 33 to 34
[10/15/20 08:31:30] D2BS 3752: AutoBuild: Updating Config from level 3 to 4
[10/15/20 08:31:30] D2BS 3752: Updating Config from level 3 to 4
[10/15/20 08:31:30] D2BS 3752: Updating Config from level 3 to 4
[10/15/20 08:31:30] D2BS 3752: Updating Config from level 3 to 4
[10/15/20 08:31:30] D2BS 3752: Updating Config from level 3 to 4
[10/15/20 08:31:30] D2BS 3752: AutoBuild: Incrementing cached character level to 4
[10/15/20 08:31:31] D2BS 3752: ÿc7Picked up ÿc1Light Healing Potion ÿc0(ilvl 1) (EarlyGame.nip #28)
[10/15/20 08:31:33] D2BS 3752: ÿc7Picked up ÿc411 Gold
[10/15/20 08:32:17] D2BS 3752: move retry 1
[10/15/20 08:32:23] D2BS 3752: ÿc7Picked up ÿc47 Gold
[10/15/20 08:32:48] D2BS 3752: ÿc7Picked up ÿc1Minor Healing Potion ÿc0(ilvl 1) (EarlyGame.nip #26)
[10/15/20 08:33:48] D2BS 3752: move retry 1
[10/15/20 08:33:56] D2BS 3752: ÿc7Picked up ÿc3Light Mana Potion ÿc0(ilvl 1) (EarlyGame.nip #27)
[10/15/20 08:33:56] D2BS 3752: ÿc7Picked up ÿc3Quilted Armor ÿc0(ilvl 5) (Auradin.xpac.nip #51)
[10/15/20 08:33:57] D2BS 3752: move retry 1
[10/15/20 08:34:00] D2BS 3752: ÿc7Picked up ÿc44 Gold
[10/15/20 08:34:12] D2BS 3752: ÿc7Picked up ÿc43 Gold
[10/15/20 08:34:16] D2BS 3752: move retry 1
[10/15/20 08:34:37] D2BS 3752: move retry 1
[10/15/20 08:34:40] D2BS 3752: ÿc7Picked up ÿc42 Gold
[10/15/20 08:34:50] D2BS 3752: move retry 1
[10/15/20 08:35:02] D2BS 3752: move retry 1
[10/15/20 08:35:11] D2BS 3752: AutoBuild: Stat points: 5      Skill points: 1
[10/15/20 08:35:11] D2BS 3752: AutoBuild: Level up detected ( 4 --> 5 )
[10/15/20 08:35:11] D2BS 3752: AutoBuild: useSkillPoint(): Prayer (99)
[10/15/20 08:35:11] D2BS 3752: AutoBuild: Skill (1/1) Increased Prayer (99) by one (level:  3)
[10/15/20 08:35:11] D2BS 3752: AutoBuild: useStatPoint(0): Strength
[10/15/20 08:35:12] D2BS 3752: AutoBuild: Stat (1/5) Increased Strength from 28 to 29
[10/15/20 08:35:12] D2BS 3752: AutoBuild: useStatPoint(2): Dexterity
[10/15/20 08:35:12] D2BS 3752: AutoBuild: Stat (2/5) Increased Dexterity from 23 to 24
[10/15/20 08:35:12] D2BS 3752: AutoBuild: useStatPoint(3): Vitality
[10/15/20 08:35:12] D2BS 3752: AutoBuild: Stat (3/5) Increased Vitality from 34 to 35
[10/15/20 08:35:12] D2BS 3752: AutoBuild: useStatPoint(3): Vitality
[10/15/20 08:35:12] D2BS 3752: AutoBuild: Stat (4/5) Increased Vitality from 35 to 36
[10/15/20 08:35:12] D2BS 3752: AutoBuild: useStatPoint(3): Vitality
[10/15/20 08:35:12] D2BS 3752: AutoBuild: Stat (5/5) Increased Vitality from 36 to 37
[10/15/20 08:35:12] D2BS 3752: Updating Config from level 4 to 5
[10/15/20 08:35:12] D2BS 3752: AutoBuild: Updating Config from level 4 to 5
[10/15/20 08:35:12] D2BS 3752: Updating Config from level 4 to 5
[10/15/20 08:35:12] D2BS 3752: Updating Config from level 4 to 5
[10/15/20 08:35:12] D2BS 3752: Updating Config from level 4 to 5
[10/15/20 08:35:12] D2BS 3752: AutoBuild: Incrementing cached character level to 5
[10/15/20 08:35:18] D2BS 3752: ÿc7Picked up ÿc47 Gold
[10/15/20 08:35:24] D2BS 3752: move retry 1
[10/15/20 08:35:45] D2BS 3752: move retry 1
[10/15/20 08:36:48] D2BS 3752: ÿc7Picked up ÿc45 Gold
[10/15/20 08:36:54] D2BS 3752: move retry 1
[10/15/20 08:36:56] D2BS 3752: ÿc7Picked up ÿc42 Gold
[10/15/20 08:36:59] D2BS 3752: move retry 1
[10/15/20 08:37:06] D2BS 3752: move retry 1
[10/15/20 08:37:08] D2BS 3752: move retry 1
[10/15/20 08:37:17] D2BS 3752: move retry 1
[10/15/20 08:37:17] D2BS 3752: ÿc7Picked up ÿc44 Gold
[10/15/20 08:37:23] D2BS 3752: ÿc7Picked up ÿc43 Gold
[10/15/20 08:37:29] D2BS 3752: move retry 1
[10/15/20 08:38:02] D2BS 3752: move retry 1
[10/15/20 08:38:16] D2BS 3752: move retry 1
[10/15/20 08:38:29] D2BS 3752: move retry 1
[10/15/20 08:38:32] D2BS 3752: ÿc7Picked up ÿc48 Gold
[10/15/20 08:38:40] D2BS 3752: move retry 1
[10/15/20 08:38:41] D2BS 3752: move retry 1
[10/15/20 08:39:15] D2BS 3752: ÿc7Picked up ÿc0Cracked Boots ÿc0(ilvl 2) (Auradin.xpac.nip #66)
[10/15/20 08:39:17] D2BS 3752: ÿc7Picked up ÿc411 Gold
[10/15/20 08:39:38] D2BS 3752: move retry 1
[10/15/20 08:40:20] D2BS 3752: ÿc7Picked up ÿc410 Gold
[10/15/20 08:40:21] D2BS 3752: move retry 1
[10/15/20 08:40:25] D2BS 3752: move retry 1
[10/15/20 08:40:41] D2BS 3752: ÿc7Picked up ÿc411 Gold
[10/15/20 08:41:12] D2BS 3752: move retry 1
[10/15/20 08:41:59] D2BS 3752: ÿc7Picked up ÿc44 Gold
[10/15/20 08:42:06] D2BS 3752: move retry 1
[10/15/20 08:42:08] D2BS 3752: move retry 2
[10/15/20 08:42:25] D2BS 3752: move retry 1
[10/15/20 08:42:45] D2BS 3752: move retry 1
[10/15/20 08:43:20] D2BS 3752: move retry 1
[10/15/20 08:43:22] D2BS 3752: move retry 1
[10/15/20 08:44:09] D2BS 3752: Failed going to town
[10/15/20 08:44:10] D2BS 3752: 3,2,1
[10/15/20 08:45:07] D2BS 3752: initNPC: heal
[10/15/20 08:45:12] D2BS 3752: initNPC: identify
[10/15/20 08:45:14] D2BS 3752: ÿc4MiniShopBotÿc0: Scanning 59 items.
[10/15/20 08:45:15] D2BS 3752: Crimson Quilted Armor of the Jackal
[10/15/20 08:45:16] D2BS 3752: ÿc4Town: ÿc1Can't afford repairs.
[10/15/20 08:45:56] D2BS 3752: ÿc7Picked up ÿc1Light Healing Potion ÿc0(ilvl 1) (EarlyGame.nip #28)
[10/15/20 08:45:58] D2BS 3752: ÿc7Picked up ÿc43 Gold
[10/15/20 08:46:41] D2BS 3752: ÿc7Picked up ÿc44 Gold
[10/15/20 08:47:12] D2BS 3752: ÿc7Picked up ÿc49 Gold
[10/15/20 08:47:23] D2BS 3752: move retry 1
[10/15/20 08:47:24] D2BS 3752: AutoBuild: Stat points: 5      Skill points: 1
[10/15/20 08:47:24] D2BS 3752: AutoBuild: Level up detected ( 5 --> 6 )
[10/15/20 08:47:24] D2BS 3752: AutoBuild: useSkillPoint(): Prayer (99)
[10/15/20 08:47:24] D2BS 3752: AutoBuild: Skill (1/1) Increased Prayer (99) by one (level:  4)
[10/15/20 08:47:25] D2BS 3752: AutoBuild: useStatPoint(0): Strength
[10/15/20 08:47:25] D2BS 3752: AutoBuild: Stat (1/5) Increased Strength from 29 to 30
[10/15/20 08:47:25] D2BS 3752: AutoBuild: useStatPoint(2): Dexterity
[10/15/20 08:47:25] D2BS 3752: AutoBuild: Stat (2/5) Increased Dexterity from 24 to 25
[10/15/20 08:47:25] D2BS 3752: AutoBuild: useStatPoint(3): Vitality
[10/15/20 08:47:25] D2BS 3752: AutoBuild: Stat (3/5) Increased Vitality from 37 to 38
[10/15/20 08:47:25] D2BS 3752: AutoBuild: useStatPoint(3): Vitality
[10/15/20 08:47:25] D2BS 3752: AutoBuild: Stat (4/5) Increased Vitality from 38 to 39
[10/15/20 08:47:25] D2BS 3752: AutoBuild: useStatPoint(3): Vitality
[10/15/20 08:47:25] D2BS 3752: AutoBuild: Stat (5/5) Increased Vitality from 39 to 40
[10/15/20 08:47:25] D2BS 3752: Updating Config from level 5 to 6
[10/15/20 08:47:25] D2BS 3752: AutoBuild: Updating Config from level 5 to 6
[10/15/20 08:47:25] D2BS 3752: Updating Config from level 5 to 6
[10/15/20 08:47:25] D2BS 3752: Updating Config from level 5 to 6
[10/15/20 08:47:25] D2BS 3752: Updating Config from level 5 to 6
[10/15/20 08:47:25] D2BS 3752: AutoBuild: Incrementing cached character level to 6
[10/15/20 08:47:29] D2BS 3752: move retry 1
[10/15/20 08:47:30] D2BS 3752: ÿc7Picked up ÿc44 Gold
[10/15/20 08:47:32] D2BS 3752: move retry 1
[10/15/20 08:47:37] D2BS 3752: move retry 1
[10/15/20 08:47:39] D2BS 3752: move retry 1
[10/15/20 08:47:55] D2BS 3752: move retry 1
[10/15/20 08:48:10] D2BS 3752: move retry 1
[10/15/20 08:48:22] D2BS 3752: move retry 1
[10/15/20 08:48:24] D2BS 3752: move retry 1
[10/15/20 08:48:34] D2BS 3752: move retry 1
[10/15/20 08:48:40] D2BS 3752: ÿc7Picked up ÿc4180 Gold
[10/15/20 08:48:40] D2BS 3752: ÿc7Picked up ÿc9Scepter ÿc0(ilvl 10) (Auradin.xpac.nip #2)
[10/15/20 08:48:40] D2BS 3752: ÿc7Picked up ÿc4210 Gold
[10/15/20 08:48:40] D2BS 3752: ÿc7Picked up ÿc4115 Gold
[10/15/20 08:48:48] D2BS 3752: ÿc7Picked up ÿc410 Gold
[10/15/20 08:48:56] D2BS 3752: ÿc7Picked up ÿc411 Gold
[10/15/20 08:48:58] D2BS 3752: Failed going to town
[10/15/20 08:49:04] D2BS 3752: initNPC: heal
[10/15/20 08:49:09] D2BS 3752: initNPC: identify
[10/15/20 08:49:11] D2BS 3752: ÿc4MiniShopBotÿc0: Scanning 55 items.
[10/15/20 08:49:12] D2BS 3752: Scepter
[10/15/20 08:49:13] D2BS 3752: initNPC: repair
[10/15/20 08:50:23] D2BS 3752: Failed going to town
[10/15/20 08:50:54] D2BS 3752: 1,2
[10/15/20 08:50:54] D2BS 3752: move retry 1
[10/15/20 08:51:27] D2BS 3752: 2,8
[10/15/20 08:51:35] D2BS 3752: Failed going to town
[10/15/20 08:51:44] D2BS 3752: move retry 1
[10/15/20 08:51:48] D2BS 3752: 3
[10/15/20 08:52:46] D2BS 3752: move retry 1
[10/15/20 08:52:51] D2BS 3752: ÿc7Picked up ÿc45 Gold
[10/15/20 08:53:08] D2BS 3752: ÿc7Picked up ÿc47 Gold
[10/15/20 08:53:40] D2BS 3752: ÿc7Picked up ÿc45 Gold
[10/15/20 08:53:51] D2BS 3752: ÿc7Picked up ÿc0Sash ÿc0(ilvl 2) (Auradin.xpac.nip #92)
[10/15/20 08:53:51] D2BS 3752: ÿc7Picked up ÿc1Minor Healing Potion ÿc0(ilvl 1) (EarlyGame.nip #26)
[10/15/20 08:54:17] D2BS 3752: ÿc7Picked up ÿc410 Gold
[10/15/20 08:54:17] D2BS 3752: ÿc7Picked up ÿc0Throwing Knife ÿc0(ilvl 4)
[10/15/20 08:54:47] D2BS 3752: 4,10
[10/15/20 08:55:00] D2BS 3752: move retry 1
[10/15/20 08:55:02] D2BS 3752: Script default.dbj ended
[10/15/20 08:55:02] D2BS 3752: Script tools\autobuildthread.js ended
[10/15/20 08:55:02] D2BS 3752: Script tools\party.js ended
[10/15/20 08:55:02] D2BS 3752: Script tools\toolsthread.js ended
[10/15/20 08:55:02] D2BS 3752: Script tools\townchicken.js ended
[10/15/20 08:55:08] D2BS 3752: ÿc2D2BSÿc0 :: Starting default.dbj
[10/15/20 08:55:08] D2BS 3752: ÿc2D2BSÿc0 :: default.dbj running.
[10/15/20 08:55:08] D2BS 3752: AutoBuild: Including build template config/builds/paladin.auradin.js into default.dbj
[10/15/20 08:55:08] D2BS 3752: Updating Config from level 0 to 6
[10/15/20 08:55:08] D2BS 3752: ÿc4Loaded NIP: ÿc2LateGame.nipÿc4. Lines: ÿc281ÿc4. Valid entries: ÿc254. ÿc4Time: ÿc20 ms
[10/15/20 08:55:08] D2BS 3752: ÿc4Loaded NIP: ÿc2MidGame.nipÿc4. Lines: ÿc281ÿc4. Valid entries: ÿc246. ÿc4Time: ÿc20 ms
[10/15/20 08:55:08] D2BS 3752: ÿc4Loaded NIP: ÿc2EarlyGame.nipÿc4. Lines: ÿc228ÿc4. Valid entries: ÿc213. ÿc4Time: ÿc20 ms
[10/15/20 08:55:08] D2BS 3752: ÿc4Loaded NIP: ÿc2AuradinRunes.nipÿc4. Lines: ÿc222ÿc4. Valid entries: ÿc212. ÿc4Time: ÿc20 ms
[10/15/20 08:55:08] D2BS 3752: ÿc4Loaded NIP: ÿc2Auradin.xpac.nipÿc4. Lines: ÿc2128ÿc4. Valid entries: ÿc2111. ÿc4Time: ÿc215 ms
[10/15/20 08:55:08] D2BS 3752: ÿc4Loaded NIP: ÿc2PreMerc.xpac.nipÿc4. Lines: ÿc227ÿc4. Valid entries: ÿc220. ÿc4Time: ÿc20 ms
[10/15/20 08:55:08] D2BS 3752: AutoBuild: Including build template config/builds/paladin.auradin.js into tools\autobuildthread.js
[10/15/20 08:55:08] D2BS 3752: ÿc4Loaded NIP: ÿc2Merc.xpac.nipÿc4. Lines: ÿc232ÿc4. Valid entries: ÿc222. ÿc4Time: ÿc20 ms
[10/15/20 08:55:08] D2BS 3752: Updating Config from level 0 to 6
[10/15/20 08:55:08] D2BS 3752: AutoBuild: Loaded helper thread
[10/15/20 08:55:08] D2BS 3752: AutoBuild: Including build template config/builds/paladin.auradin.js into tools\party.js
[10/15/20 08:55:08] D2BS 3752: Updating Config from level 0 to 6
[10/15/20 08:55:08] D2BS 3752: ÿc2Party thread loaded. Mode: Accept
[10/15/20 08:55:08] D2BS 3752: ÿc3Start ToolsThread script
[10/15/20 08:55:08] D2BS 3752: AutoBuild: Including build template config/builds/paladin.auradin.js into tools\toolsthread.js
[10/15/20 08:55:08] D2BS 3752: AutoBuild: Including build template config/builds/paladin.auradin.js into tools\townchicken.js
[10/15/20 08:55:08] D2BS 3752: Updating Config from level 0 to 6
[10/15/20 08:55:08] D2BS 3752: Updating Config from level 0 to 6
[10/15/20 08:55:16] D2BS 3752: LowGold sell Throwing Knife
[10/15/20 08:55:16] D2BS 3752: initNPC: clearInventory
[10/15/20 08:55:22] D2BS 3752: ÿc2Starting script: ÿc9LevelFollower
[10/15/20 08:55:32] D2BS 3752: initNPC: heal
[10/15/20 08:55:36] D2BS 3752: initNPC: BuyPotions
[10/15/20 08:55:48] D2BS 3752: 3,4,10
[10/15/20 08:57:04] D2BS 3752: 10,5
[10/15/20 08:57:48] D2BS 3752: move retry 1
[10/15/20 08:58:05] D2BS 3752: ÿc7Picked up ÿc49 Gold
[10/15/20 08:58:05] D2BS 3752: ÿc7Picked up ÿc0Cracked Scimitar ÿc0(ilvl 5)
[10/15/20 08:58:05] D2BS 3752: ÿc7Picked up ÿc413 Gold
[10/15/20 08:58:05] D2BS 3752: ÿc7Picked up ÿc3Minor Mana Potion ÿc0(ilvl 1) (EarlyGame.nip #25)
[10/15/20 08:58:05] D2BS 3752: move retry 2
[10/15/20 08:58:09] D2BS 3752: move retry 3
[10/15/20 08:58:14] D2BS 3752: 10,5
[10/15/20 08:58:32] D2BS 3752: ÿc7Picked up ÿc3Light Mana Potion ÿc0(ilvl 1) (EarlyGame.nip #27)
[10/15/20 08:58:33] D2BS 3752: ÿc7Picked up ÿc1Minor Healing Potion ÿc0(ilvl 1) (EarlyGame.nip #26)
[10/15/20 08:58:42] D2BS 3752: Failed going to town
[10/15/20 08:58:49] D2BS 3752: initNPC: heal
[10/15/20 08:58:52] D2BS 3752: move retry 1
[10/15/20 08:58:53] D2BS 3752: initNPC: identify
[10/15/20 08:58:54] D2BS 3752: initNPC: fillTome
[10/15/20 08:58:56] D2BS 3752: ÿc4MiniShopBotÿc0: Scanning 52 items.
[10/15/20 08:58:57] D2BS 3752: LowGold sell Cracked Scimitar
[10/15/20 08:58:57] D2BS 3752: initNPC: clearInventory
[10/15/20 08:59:21] D2BS 3752: ÿc7Picked up ÿc1Minor Healing Potion ÿc0(ilvl 1) (EarlyGame.nip #26)
[10/15/20 08:59:40] D2BS 3752: AutoBuild: Stat points: 5      Skill points: 1
[10/15/20 08:59:40] D2BS 3752: AutoBuild: Level up detected ( 6 --> 7 )
[10/15/20 08:59:40] D2BS 3752: AutoBuild: useSkillPoint(): Prayer (99)
[10/15/20 08:59:40] D2BS 3752: ÿc7Picked up ÿc0Small Shield ÿc0(ilvl 5)
[10/15/20 08:59:40] D2BS 3752: AutoBuild: Skill (1/1) Increased Prayer (99) by one (level:  5)
[10/15/20 08:59:40] D2BS 3752: AutoBuild: useStatPoint(0): Strength
[10/15/20 08:59:41] D2BS 3752: AutoBuild: Stat (1/5) Increased Strength from 30 to 31
[10/15/20 08:59:41] D2BS 3752: AutoBuild: useStatPoint(2): Dexterity
[10/15/20 08:59:41] D2BS 3752: AutoBuild: Stat (2/5) Increased Dexterity from 25 to 26
[10/15/20 08:59:41] D2BS 3752: AutoBuild: useStatPoint(3): Vitality
[10/15/20 08:59:41] D2BS 3752: AutoBuild: Stat (3/5) Increased Vitality from 40 to 41
[10/15/20 08:59:41] D2BS 3752: AutoBuild: useStatPoint(3): Vitality
[10/15/20 08:59:41] D2BS 3752: AutoBuild: Stat (4/5) Increased Vitality from 41 to 42
[10/15/20 08:59:41] D2BS 3752: AutoBuild: useStatPoint(3): Vitality
[10/15/20 08:59:41] D2BS 3752: AutoBuild: Stat (5/5) Increased Vitality from 42 to 43
[10/15/20 08:59:41] D2BS 3752: AutoBuild: Updating Config from level 6 to 7
[10/15/20 08:59:41] D2BS 3752: Updating Config from level 6 to 7
[10/15/20 08:59:41] D2BS 3752: Updating Config from level 6 to 7
[10/15/20 08:59:41] D2BS 3752: Updating Config from level 6 to 7
[10/15/20 08:59:41] D2BS 3752: Updating Config from level 6 to 7
[10/15/20 08:59:41] D2BS 3752: AutoBuild: Incrementing cached character level to 7
[10/15/20 08:59:42] D2BS 3752: move retry 1
[10/15/20 09:00:09] D2BS 3752: ÿc1Skipping Brute 668 16
[10/15/20 09:00:10] D2BS 3752: ÿc7Picked up ÿc1Minor Healing Potion ÿc0(ilvl 1) (EarlyGame.nip #26)
[10/15/20 09:00:10] D2BS 3752: ÿc7Picked up ÿc1Minor Healing Potion ÿc0(ilvl 1) (EarlyGame.nip #26)
[10/15/20 09:00:14] D2BS 3752: move retry 1
[10/15/20 09:00:17] D2BS 3752: move retry 1
[10/15/20 09:00:22] D2BS 3752: move retry 1
[10/15/20 09:00:28] D2BS 3752: initNPC: heal
[10/15/20 09:00:35] D2BS 3752: move retry 1
[10/15/20 09:00:36] D2BS 3752: move retry 1
[10/15/20 09:00:37] D2BS 3752: initNPC: identify
[10/15/20 09:00:38] D2BS 3752: ÿc4MiniShopBotÿc0: Scanning 57 items.
[10/15/20 09:00:39] D2BS 3752: LowGold sell Small Shield
[10/15/20 09:00:39] D2BS 3752: initNPC: clearInventory
[10/15/20 09:00:39] D2BS 3752: 1
[10/15/20 09:01:03] D2BS 3752: ÿc7Picked up ÿc421 Gold
[10/15/20 09:01:10] D2BS 3752: move retry 1
[10/15/20 09:01:26] D2BS 3752: ÿc7Picked up ÿc0Leather Gloves ÿc0(ilvl 7) (Auradin.xpac.nip #78)
[10/15/20 09:01:27] D2BS 3752: move retry 1
[10/15/20 09:01:36] D2BS 3752: ÿc7Picked up ÿc436 Gold
[10/15/20 09:02:05] D2BS 3752: ÿc7Picked up ÿc423 Gold
[10/15/20 09:02:06] D2BS 3752: ÿc7Picked up ÿc411 Gold
[10/15/20 09:02:29] D2BS 3752: 4,38
[10/15/20 09:03:03] D2BS 3752: ÿc7Picked up ÿc0Crude Targe ÿc0(ilvl 5) (Auradin.xpac.nip #17)
[10/15/20 09:03:10] D2BS 3752: ÿc7Picked up ÿc1Light Healing Potion ÿc0(ilvl 1) (EarlyGame.nip #28)
[10/15/20 09:03:10] D2BS 3752: ÿc7Picked up ÿc4115 Gold
[10/15/20 09:03:10] D2BS 3752: ÿc7Picked up ÿc1Light Healing Potion ÿc0(ilvl 1) (EarlyGame.nip #28)
[10/15/20 09:03:18] D2BS 3752: AutoBuild: Stat points: 5      Skill points: 1
[10/15/20 09:03:18] D2BS 3752: AutoBuild: Level up detected ( 7 --> 8 )
[10/15/20 09:03:18] D2BS 3752: AutoBuild: useSkillPoint(): Prayer (99)
[10/15/20 09:03:18] D2BS 3752: AutoBuild: Skill (1/1) Increased Prayer (99) by one (level:  6)
[10/15/20 09:03:18] D2BS 3752: AutoBuild: useStatPoint(0): Strength
[10/15/20 09:03:18] D2BS 3752: AutoBuild: Stat (1/5) Increased Strength from 31 to 32
[10/15/20 09:03:18] D2BS 3752: AutoBuild: useStatPoint(2): Dexterity
[10/15/20 09:03:18] D2BS 3752: AutoBuild: Stat (2/5) Increased Dexterity from 26 to 27
[10/15/20 09:03:18] D2BS 3752: AutoBuild: useStatPoint(3): Vitality
[10/15/20 09:03:18] D2BS 3752: AutoBuild: Stat (3/5) Increased Vitality from 43 to 44
[10/15/20 09:03:18] D2BS 3752: AutoBuild: useStatPoint(3): Vitality
[10/15/20 09:03:19] D2BS 3752: AutoBuild: Stat (4/5) Increased Vitality from 44 to 45
[10/15/20 09:03:19] D2BS 3752: AutoBuild: useStatPoint(3): Vitality
[10/15/20 09:03:19] D2BS 3752: AutoBuild: Stat (5/5) Increased Vitality from 45 to 46
[10/15/20 09:03:19] D2BS 3752: Updating Config from level 7 to 8
[10/15/20 09:03:19] D2BS 3752: Updating Config from level 7 to 8
[10/15/20 09:03:19] D2BS 3752: Updating Config from level 7 to 8
[10/15/20 09:03:19] D2BS 3752: AutoBuild: Updating Config from level 7 to 8
[10/15/20 09:03:19] D2BS 3752: Updating Config from level 7 to 8
[10/15/20 09:03:19] D2BS 3752: AutoBuild: Incrementing cached character level to 8
[10/15/20 09:03:26] D2BS 3752: move retry 1
[10/15/20 09:03:35] D2BS 3752: move retry 1
[10/15/20 09:03:50] D2BS 3752: ÿc7Picked up ÿc1Light Healing Potion ÿc0(ilvl 1) (EarlyGame.nip #28)
[10/15/20 09:03:50] D2BS 3752: ÿc7Picked up ÿc1Light Healing Potion ÿc0(ilvl 1) (EarlyGame.nip #28)
[10/15/20 09:03:54] D2BS 3752: ÿc7Picked up ÿc446 Gold
[10/15/20 09:04:00] D2BS 3752: move retry 1
[10/15/20 09:04:30] D2BS 3752: move retry 1
[10/15/20 09:04:45] D2BS 3752: ÿc7Picked up ÿc0Targe ÿc0(ilvl 6)
[10/15/20 09:04:57] D2BS 3752: move retry 1
[10/15/20 09:05:17] D2BS 3752: ÿc7Picked up ÿc423 Gold
[10/15/20 09:05:17] D2BS 3752: ÿc7Picked up ÿc424 Gold
[10/15/20 09:05:25] D2BS 3752: move retry 1
[10/15/20 09:05:27] D2BS 3752: ÿc7Picked up ÿc3Amulet ÿc0(ilvl 5) (LateGame.nip #29)
[10/15/20 09:05:35] D2BS 3752: ÿc7Picked up ÿc421 Gold
[10/15/20 09:05:35] D2BS 3752: ÿc7Picked up ÿc421 Gold
[10/15/20 09:05:39] D2BS 3752: move retry 1
[10/15/20 09:05:41] D2BS 3752: ÿc7Picked up ÿc434 Gold
[10/15/20 09:06:00] D2BS 3752: move retry 1
[10/15/20 09:06:06] D2BS 3752: move retry 1
[10/15/20 09:06:16] D2BS 3752: initNPC: heal
[10/15/20 09:06:23] D2BS 3752: move retry 1
[10/15/20 09:06:32] D2BS 3752: initNPC: identify
[10/15/20 09:06:34] D2BS 3752: ÿc4MiniShopBotÿc0: Scanning 67 items.
[10/15/20 09:06:36] D2BS 3752: initNPC: fillTome
[10/15/20 09:06:37] D2BS 3752: LowGold sell  Ring of Warding
[10/15/20 09:06:37] D2BS 3752: initNPC: clearInventory
[10/15/20 09:06:37] D2BS 3752: LowGold sell Targe
[10/15/20 09:06:37] D2BS 3752: initNPC: clearInventory
[10/15/20 09:06:39] D2BS 3752: Crude Targe
[10/15/20 09:06:40] D2BS 3752:  Skull Cap of Self-Repair
[10/15/20 09:06:49] D2BS 3752: 1
[10/15/20 09:06:53] D2BS 3752: initNPC: heal
[10/15/20 09:07:15] D2BS 3752: ÿc7Picked up ÿc47 Gold
[10/15/20 09:07:17] D2BS 3752: move retry 1
[10/15/20 09:07:20] D2BS 3752: ÿc7Picked up ÿc49 Gold
[10/15/20 09:07:21] D2BS 3752: ÿc7Picked up ÿc418 Gold
[10/15/20 09:07:24] D2BS 3752: ÿc7Picked up ÿc420 Gold
[10/15/20 09:07:30] D2BS 3752: ÿc7Picked up ÿc1Light Healing Potion ÿc0(ilvl 1) (EarlyGame.nip #28)
[10/15/20 09:07:35] D2BS 3752: ÿc7Picked up ÿc0Bardiche ÿc0(ilvl 5)
[10/15/20 09:07:45] D2BS 3752: move retry 1
[10/15/20 09:07:45] D2BS 3752: ÿc7Picked up ÿc410 Gold
[10/15/20 09:07:49] D2BS 3752: move retry 1
[10/15/20 09:07:51] D2BS 3752: move retry 2
[10/15/20 09:07:56] D2BS 3752: ÿc7Picked up ÿc423 Gold
[10/15/20 09:08:19] D2BS 3752: ÿc7Picked up ÿc421 Gold
[10/15/20 09:08:29] D2BS 3752: ÿc7Picked up ÿc413 Gold
[10/15/20 09:08:42] D2BS 3752: AutoBuild: Stat points: 5      Skill points: 1
[10/15/20 09:08:42] D2BS 3752: AutoBuild: Level up detected ( 8 --> 9 )
[10/15/20 09:08:42] D2BS 3752: AutoBuild: useSkillPoint(): Prayer (99)
[10/15/20 09:08:42] D2BS 3752: AutoBuild: Skill (1/1) Increased Prayer (99) by one (level:  7)
[10/15/20 09:08:43] D2BS 3752: AutoBuild: useStatPoint(0): Strength
[10/15/20 09:08:43] D2BS 3752: AutoBuild: Stat (1/5) Increased Strength from 32 to 33
[10/15/20 09:08:43] D2BS 3752: AutoBuild: useStatPoint(2): Dexterity
[10/15/20 09:08:43] D2BS 3752: AutoBuild: Stat (2/5) Increased Dexterity from 27 to 28
[10/15/20 09:08:43] D2BS 3752: AutoBuild: useStatPoint(3): Vitality
[10/15/20 09:08:43] D2BS 3752: AutoBuild: Stat (3/5) Increased Vitality from 46 to 47
[10/15/20 09:08:43] D2BS 3752: AutoBuild: useStatPoint(3): Vitality
[10/15/20 09:08:43] D2BS 3752: AutoBuild: Stat (4/5) Increased Vitality from 47 to 48
[10/15/20 09:08:43] D2BS 3752: AutoBuild: useStatPoint(3): Vitality
[10/15/20 09:08:43] D2BS 3752: AutoBuild: Stat (5/5) Increased Vitality from 48 to 49
[10/15/20 09:08:43] D2BS 3752: AutoBuild: Updating Config from level 8 to 9
[10/15/20 09:08:43] D2BS 3752: Updating Config from level 8 to 9
[10/15/20 09:08:43] D2BS 3752: Updating Config from level 8 to 9
[10/15/20 09:08:43] D2BS 3752: Updating Config from level 8 to 9
[10/15/20 09:08:43] D2BS 3752: Updating Config from level 8 to 9
[10/15/20 09:08:43] D2BS 3752: AutoBuild: Incrementing cached character level to 9
[10/15/20 09:08:53] D2BS 3752: ÿc7Picked up ÿc422 Gold
[10/15/20 09:08:53] D2BS 3752: move retry 1
[10/15/20 09:08:59] D2BS 3752: ÿc7Picked up ÿc0Light Crossbow ÿc0(ilvl 6)
[10/15/20 09:09:02] D2BS 3752: initNPC: heal
[10/15/20 09:09:09] D2BS 3752: initNPC: identify
[10/15/20 09:09:10] D2BS 3752: initNPC: fillTome
[10/15/20 09:09:11] D2BS 3752: ÿc4MiniShopBotÿc0: Scanning 60 items.
[10/15/20 09:09:12] D2BS 3752: LowGold sell Light Crossbow
[10/15/20 09:09:12] D2BS 3752: initNPC: clearInventory
[10/15/20 09:09:12] D2BS 3752: LowGold sell Bardiche
[10/15/20 09:09:12] D2BS 3752: initNPC: clearInventory
[10/15/20 09:09:15] D2BS 3752: move retry 1
[10/15/20 09:09:22] D2BS 3752: 1
[10/15/20 09:10:08] D2BS 3752: ÿc7Picked up ÿc434 Gold
[10/15/20 09:10:08] D2BS 3752: ÿc7Picked up ÿc0Small Shield ÿc0(ilvl 6)
[10/15/20 09:10:12] D2BS 3752: move retry 1
[10/15/20 09:10:15] D2BS 3752: move retry 1
[10/15/20 09:10:22] D2BS 3752: ÿc7Picked up ÿc415 Gold
[10/15/20 09:10:22] D2BS 3752: ÿc7Picked up ÿc434 Gold
[10/15/20 09:10:24] D2BS 3752: move retry 1
[10/15/20 09:10:27] D2BS 3752: ÿc7Picked up ÿc3Targe ÿc0(ilvl 6) (Auradin.xpac.nip #18)
[10/15/20 09:10:48] D2BS 3752: ÿc7Picked up ÿc1Light Healing Potion ÿc0(ilvl 1) (EarlyGame.nip #28)
[10/15/20 09:10:57] D2BS 3752: move retry 1
[10/15/20 09:11:04] D2BS 3752: ÿc7Picked up ÿc0Superior Spear ÿc0(ilvl 6)
[10/15/20 09:11:11] D2BS 3752: move retry 1
[10/15/20 09:11:17] D2BS 3752: move retry 1
[10/15/20 09:11:20] D2BS 3752: ÿc7Picked up ÿc47 Gold
[10/15/20 09:11:24] D2BS 3752: move retry 1
[10/15/20 09:11:36] D2BS 3752: ÿc7Picked up ÿc422 Gold
[10/15/20 09:11:41] D2BS 3752: ÿc7Picked up ÿc0Superior Scimitar ÿc0(ilvl 6)
[10/15/20 09:11:41] D2BS 3752: ÿc7Picked up ÿc411 Gold
[10/15/20 09:11:45] D2BS 3752: ÿc7Picked up ÿc422 Gold
[10/15/20 09:12:04] D2BS 3752: 6,20,21
[10/15/20 09:12:11] D2BS 3752: ÿc7Picked up ÿc0Spiked Club ÿc0(ilvl 7)
[10/15/20 09:12:27] D2BS 3752: move retry 1
[10/15/20 09:12:34] D2BS 3752: move retry 1
[10/15/20 09:12:36] D2BS 3752: move retry 1
[10/15/20 09:12:39] D2BS 3752: move retry 1
[10/15/20 09:12:41] D2BS 3752: move retry 1
[10/15/20 09:12:54] D2BS 3752: ÿc7Picked up ÿc0Chipped Topaz ÿc0(ilvl 1)
[10/15/20 09:12:59] D2BS 3752: AutoBuild: Stat points: 5      Skill points: 1
[10/15/20 09:12:59] D2BS 3752: AutoBuild: Level up detected ( 9 --> 10 )
[10/15/20 09:12:59] D2BS 3752: AutoBuild: useSkillPoint(): Prayer (99)
[10/15/20 09:12:59] D2BS 3752: AutoBuild: Skill (1/1) Increased Prayer (99) by one (level:  8)
[10/15/20 09:13:00] D2BS 3752: AutoBuild: useStatPoint(0): Strength
[10/15/20 09:13:00] D2BS 3752: AutoBuild: Stat (1/5) Increased Strength from 33 to 34
[10/15/20 09:13:00] D2BS 3752: AutoBuild: useStatPoint(2): Dexterity
[10/15/20 09:13:00] D2BS 3752: AutoBuild: Stat (2/5) Increased Dexterity from 28 to 29
[10/15/20 09:13:00] D2BS 3752: AutoBuild: useStatPoint(3): Vitality
[10/15/20 09:13:00] D2BS 3752: AutoBuild: Stat (3/5) Increased Vitality from 49 to 50
[10/15/20 09:13:00] D2BS 3752: AutoBuild: useStatPoint(3): Vitality
[10/15/20 09:13:00] D2BS 3752: AutoBuild: Stat (4/5) Increased Vitality from 50 to 51
[10/15/20 09:13:00] D2BS 3752: AutoBuild: useStatPoint(3): Vitality
[10/15/20 09:13:00] D2BS 3752: AutoBuild: Stat (5/5) Increased Vitality from 51 to 52
[10/15/20 09:13:00] D2BS 3752: AutoBuild: Updating Config from level 9 to 10
[10/15/20 09:13:00] D2BS 3752: Updating Config from level 9 to 10
[10/15/20 09:13:00] D2BS 3752: Updating Config from level 9 to 10
[10/15/20 09:13:00] D2BS 3752: Updating Config from level 9 to 10
[10/15/20 09:13:00] D2BS 3752: Updating Config from level 9 to 10
[10/15/20 09:13:00] D2BS 3752: AutoBuild: Incrementing cached character level to 10
[10/15/20 09:13:07] D2BS 3752: move retry 1
[10/15/20 09:13:17] D2BS 3752: 21,22
[10/15/20 09:13:53] D2BS 3752: ÿc1Skipping Dark Archer 908 16
[10/15/20 09:13:54] D2BS 3752: ÿc7Picked up ÿc0Preserved Head ÿc0(ilvl 10)
[10/15/20 09:13:56] D2BS 3752: ÿc7Picked up ÿc1Minor Healing Potion ÿc0(ilvl 1) (EarlyGame.nip #26)
[10/15/20 09:14:00] D2BS 3752: ÿc7Picked up ÿc423 Gold
[10/15/20 09:14:03] D2BS 3752: move retry 1
[10/15/20 09:14:10] D2BS 3752: 22,23
[10/15/20 09:14:22] D2BS 3752: move retry 1
[10/15/20 09:14:23] D2BS 3752: move retry 2
[10/15/20 09:15:00] D2BS 3752: move retry 1
[10/15/20 09:15:04] D2BS 3752: move retry 1
[10/15/20 09:15:08] D2BS 3752: move retry 1
[10/15/20 09:15:10] D2BS 3752: move retry 1
[10/15/20 09:15:11] D2BS 3752: move retry 1
[10/15/20 09:15:15] D2BS 3752: move retry 1
[10/15/20 09:15:29] D2BS 3752: move retry 1
[10/15/20 09:15:36] D2BS 3752: ÿc7Picked up ÿc1Minor Healing Potion ÿc0(ilvl 1) (EarlyGame.nip #26)
[10/15/20 09:15:38] D2BS 3752: move retry 1
[10/15/20 09:15:49] D2BS 3752: ÿc7Picked up ÿc1Light Healing Potion ÿc0(ilvl 1) (EarlyGame.nip #28)
