[10/15/20 08:27:16] D2BS 10856: D2BS Engine startup complete. 1.6.4U
[10/15/20 08:27:16] D2BS 10856: FireSorc
[10/15/20 08:27:16] D2BS 10856: ÿc2D2BSÿc0 :: Switched to profile FireSorc
[10/15/20 08:27:16] D2BS 10856: ÿc2D2BSÿc0 :: Engine startup complete!
[10/15/20 08:27:16] D2BS 10856: ÿc2D2BSÿc0 :: Starting D2BotLanFollow.dbj
[10/15/20 08:27:16] D2BS 10856: ÿc2D2BSÿc0 :: D2BotLanFollow.dbj running.
[10/15/20 08:27:16] D2BS 10856: ÿc2D2BSÿc0 :: Started Console Script
[10/15/20 08:27:18] D2BS 10856: Heartbeat loaded
[10/15/20 08:27:36] D2BS 10856: ÿc2D2BSÿc0 :: Starting default.dbj
[10/15/20 08:27:36] D2BS 10856: ÿc2D2BSÿc0 :: default.dbj running.
[10/15/20 08:27:36] D2BS 10856: AutoBuild: Including build template config/builds/sorceress.fire.js into default.dbj
[10/15/20 08:27:36] D2BS 10856: Updating Config from level 0 to 1
[10/15/20 08:27:36] D2BS 10856: ÿc4Loaded NIP: ÿc2LateGame.nipÿc4. Lines: ÿc281ÿc4. Valid entries: ÿc254. ÿc4Time: ÿc20 ms
[10/15/20 08:27:36] D2BS 10856: ÿc4Loaded NIP: ÿc2MidGame.nipÿc4. Lines: ÿc281ÿc4. Valid entries: ÿc246. ÿc4Time: ÿc20 ms
[10/15/20 08:27:36] D2BS 10856: ÿc4Loaded NIP: ÿc2EarlyGame.nipÿc4. Lines: ÿc228ÿc4. Valid entries: ÿc213. ÿc4Time: ÿc20 ms
[10/15/20 08:27:36] D2BS 10856: ÿc4Loaded NIP: ÿc2FireRunes.nipÿc4. Lines: ÿc223ÿc4. Valid entries: ÿc212. ÿc4Time: ÿc20 ms
[10/15/20 08:27:36] D2BS 10856: ÿc4Loaded NIP: ÿc2Fire.xpac.nipÿc4. Lines: ÿc2129ÿc4. Valid entries: ÿc2102. ÿc4Time: ÿc20 ms
[10/15/20 08:27:36] D2BS 10856: ÿc4Loaded NIP: ÿc2PreMerc.xpac.nipÿc4. Lines: ÿc227ÿc4. Valid entries: ÿc220. ÿc4Time: ÿc216 ms
[10/15/20 08:27:36] D2BS 10856: ÿc4Loaded NIP: ÿc2Merc.xpac.nipÿc4. Lines: ÿc232ÿc4. Valid entries: ÿc222. ÿc4Time: ÿc20 ms
[10/15/20 08:27:36] D2BS 10856: AutoBuild: Including build template config/builds/sorceress.fire.js into tools\autobuildthread.js
[10/15/20 08:27:36] D2BS 10856: Updating Config from level 0 to 1
[10/15/20 08:27:36] D2BS 10856: AutoBuild: Loaded helper thread
[10/15/20 08:27:36] D2BS 10856: AutoBuild: Including build template config/builds/sorceress.fire.js into tools\townchicken.js
[10/15/20 08:27:36] D2BS 10856: ÿc3Start ToolsThread script
[10/15/20 08:27:36] D2BS 10856: AutoBuild: Including build template config/builds/sorceress.fire.js into tools\party.js
[10/15/20 08:27:36] D2BS 10856: Updating Config from level 0 to 1
[10/15/20 08:27:36] D2BS 10856: AutoBuild: Including build template config/builds/sorceress.fire.js into tools\toolsthread.js
[10/15/20 08:27:36] D2BS 10856: Updating Config from level 0 to 1
[10/15/20 08:27:36] D2BS 10856: ÿc2Party thread loaded. Mode: Accept
[10/15/20 08:27:36] D2BS 10856: Updating Config from level 0 to 1
[10/15/20 08:27:37] D2BS 10856: ÿc2Starting script: ÿc9LevelFollower
[10/15/20 08:27:41] D2BS 10856: move retry 1
[10/15/20 08:27:55] D2BS 10856: initNPC: BuyPotions
[10/15/20 08:27:58] D2BS 10856: move retry 1
[10/15/20 08:28:18] D2BS 10856: 1,2
[10/15/20 08:28:31] D2BS 10856: move retry 1
[10/15/20 08:28:41] D2BS 10856: ÿc7Picked up ÿc43 Gold
[10/15/20 08:28:42] D2BS 10856: move retry 1
[10/15/20 08:28:59] D2BS 10856: AutoBuild: Stat points: 5      Skill points: 1
[10/15/20 08:28:59] D2BS 10856: AutoBuild: Level up detected ( 1 --> 2 )
[10/15/20 08:28:59] D2BS 10856: AutoBuild: useSkillPoint(): Warmth (37)
[10/15/20 08:28:59] D2BS 10856: AutoBuild: Skill (1/1) Increased Warmth (37) by one (level:  1)
[10/15/20 08:28:59] D2BS 10856: AutoBuild: useStatPoint(0): Strength
[10/15/20 08:28:59] D2BS 10856: AutoBuild: Stat (1/5) Increased Strength from 10 to 11
[10/15/20 08:28:59] D2BS 10856: AutoBuild: useStatPoint(1): Energy
[10/15/20 08:28:59] D2BS 10856: AutoBuild: Stat (2/5) Increased Energy from 35 to 36
[10/15/20 08:28:59] D2BS 10856: AutoBuild: useStatPoint(1): Energy
[10/15/20 08:28:59] D2BS 10856: AutoBuild: Stat (3/5) Increased Energy from 36 to 37
[10/15/20 08:28:59] D2BS 10856: AutoBuild: useStatPoint(3): Vitality
[10/15/20 08:28:59] D2BS 10856: AutoBuild: Stat (4/5) Increased Vitality from 10 to 11
[10/15/20 08:28:59] D2BS 10856: AutoBuild: useStatPoint(3): Vitality
[10/15/20 08:29:00] D2BS 10856: AutoBuild: Stat (5/5) Increased Vitality from 11 to 12
[10/15/20 08:29:00] D2BS 10856: Updating Config from level 1 to 2
[10/15/20 08:29:00] D2BS 10856: Updating Config from level 1 to 2
[10/15/20 08:29:00] D2BS 10856: AutoBuild: Updating Config from level 1 to 2
[10/15/20 08:29:00] D2BS 10856: Updating Config from level 1 to 2
[10/15/20 08:29:00] D2BS 10856: AutoBuild: Incrementing cached character level to 2
[10/15/20 08:29:00] D2BS 10856: Updating Config from level 1 to 2
[10/15/20 08:29:36] D2BS 10856: move retry 1
[10/15/20 08:29:37] D2BS 10856: move retry 1
[10/15/20 08:30:05] D2BS 10856: move retry 1
[10/15/20 08:30:07] D2BS 10856: AutoBuild: Stat points: 5      Skill points: 1
[10/15/20 08:30:07] D2BS 10856: AutoBuild: Level up detected ( 2 --> 3 )
[10/15/20 08:30:07] D2BS 10856: AutoBuild: useSkillPoint(): Frozen Armor (40)
[10/15/20 08:30:07] D2BS 10856: AutoBuild: Skill (1/1) Increased Frozen Armor (40) by one (level:  1)
[10/15/20 08:30:08] D2BS 10856: AutoBuild: useStatPoint(0): Strength
[10/15/20 08:30:08] D2BS 10856: AutoBuild: Stat (1/5) Increased Strength from 11 to 12
[10/15/20 08:30:08] D2BS 10856: AutoBuild: useStatPoint(1): Energy
[10/15/20 08:30:08] D2BS 10856: AutoBuild: Stat (2/5) Increased Energy from 37 to 38
[10/15/20 08:30:08] D2BS 10856: AutoBuild: useStatPoint(1): Energy
[10/15/20 08:30:08] D2BS 10856: AutoBuild: Stat (3/5) Increased Energy from 38 to 39
[10/15/20 08:30:08] D2BS 10856: AutoBuild: useStatPoint(3): Vitality
[10/15/20 08:30:08] D2BS 10856: AutoBuild: Stat (4/5) Increased Vitality from 12 to 13
[10/15/20 08:30:08] D2BS 10856: AutoBuild: useStatPoint(3): Vitality
[10/15/20 08:30:08] D2BS 10856: AutoBuild: Stat (5/5) Increased Vitality from 13 to 14
[10/15/20 08:30:08] D2BS 10856: Updating Config from level 2 to 3
[10/15/20 08:30:08] D2BS 10856: AutoBuild: Updating Config from level 2 to 3
[10/15/20 08:30:08] D2BS 10856: Updating Config from level 2 to 3
[10/15/20 08:30:08] D2BS 10856: Updating Config from level 2 to 3
[10/15/20 08:30:08] D2BS 10856: Updating Config from level 2 to 3
[10/15/20 08:30:08] D2BS 10856: AutoBuild: Incrementing cached character level to 3
[10/15/20 08:30:30] D2BS 10856: ÿc7Picked up ÿc1Minor Healing Potion ÿc0(ilvl 1) (EarlyGame.nip #26)
[10/15/20 08:30:30] D2BS 10856: ÿc7Picked up ÿc3Leather Armor ÿc0(ilvl 5) (Fire.xpac.nip #52)
[10/15/20 08:30:30] D2BS 10856: ÿc7Picked up ÿc1Minor Healing Potion ÿc0(ilvl 1) (EarlyGame.nip #26)
[10/15/20 08:30:31] D2BS 10856: ÿc7Picked up ÿc49 Gold
[10/15/20 08:30:58] D2BS 10856: AutoBuild: Stat points: 5      Skill points: 1
[10/15/20 08:30:58] D2BS 10856: AutoBuild: Level up detected ( 3 --> 4 )
[10/15/20 08:30:58] D2BS 10856: AutoBuild: useSkillPoint(): Fire Bolt (36)
[10/15/20 08:30:58] D2BS 10856: AutoBuild: Skill (1/1) Increased Fire Bolt (36) by one (level:  2)
[10/15/20 08:30:58] D2BS 10856: AutoBuild: useStatPoint(0): Strength
[10/15/20 08:30:58] D2BS 10856: AutoBuild: Stat (1/5) Increased Strength from 12 to 13
[10/15/20 08:30:58] D2BS 10856: AutoBuild: useStatPoint(1): Energy
[10/15/20 08:30:58] D2BS 10856: AutoBuild: Stat (2/5) Increased Energy from 39 to 40
[10/15/20 08:30:58] D2BS 10856: AutoBuild: useStatPoint(1): Energy
[10/15/20 08:30:58] D2BS 10856: AutoBuild: Stat (3/5) Increased Energy from 40 to 41
[10/15/20 08:30:58] D2BS 10856: AutoBuild: useStatPoint(3): Vitality
[10/15/20 08:30:59] D2BS 10856: AutoBuild: Stat (4/5) Increased Vitality from 14 to 15
[10/15/20 08:30:59] D2BS 10856: AutoBuild: useStatPoint(3): Vitality
[10/15/20 08:30:59] D2BS 10856: AutoBuild: Stat (5/5) Increased Vitality from 15 to 16
[10/15/20 08:30:59] D2BS 10856: Updating Config from level 3 to 4
[10/15/20 08:30:59] D2BS 10856: Updating Config from level 3 to 4
[10/15/20 08:30:59] D2BS 10856: Updating Config from level 3 to 4
[10/15/20 08:30:59] D2BS 10856: AutoBuild: Updating Config from level 3 to 4
[10/15/20 08:30:59] D2BS 10856: Updating Config from level 3 to 4
[10/15/20 08:30:59] D2BS 10856: AutoBuild: Incrementing cached character level to 4
[10/15/20 08:31:02] D2BS 10856: ÿc7Picked up ÿc42 Gold
[10/15/20 08:31:33] D2BS 10856: ÿc7Picked up ÿc411 Gold
[10/15/20 08:31:43] D2BS 10856: ÿc7Picked up ÿc45 Gold
[10/15/20 08:32:17] D2BS 10856: ÿc7Picked up ÿc48 Gold
[10/15/20 08:32:23] D2BS 10856: ÿc7Picked up ÿc47 Gold
[10/15/20 08:32:56] D2BS 10856: ÿc7Picked up ÿc46 Gold
[10/15/20 08:33:13] D2BS 10856: ÿc7Picked up ÿc1Minor Healing Potion ÿc0(ilvl 1) (EarlyGame.nip #26)
[10/15/20 08:33:45] D2BS 10856: ÿc7Picked up ÿc42 Gold
[10/15/20 08:33:58] D2BS 10856: ÿc1Skipping Fallen 213 16
[10/15/20 08:34:08] D2BS 10856: AutoBuild: Stat points: 5      Skill points: 1
[10/15/20 08:34:08] D2BS 10856: AutoBuild: Level up detected ( 4 --> 5 )
[10/15/20 08:34:08] D2BS 10856: AutoBuild: useSkillPoint(): Charged Bolt (38)
[10/15/20 08:34:09] D2BS 10856: AutoBuild: Skill (1/1) Increased Charged Bolt (38) by one (level:  1)
[10/15/20 08:34:09] D2BS 10856: AutoBuild: useStatPoint(0): Strength
[10/15/20 08:34:09] D2BS 10856: AutoBuild: Stat (1/5) Increased Strength from 13 to 14
[10/15/20 08:34:09] D2BS 10856: AutoBuild: useStatPoint(1): Energy
[10/15/20 08:34:09] D2BS 10856: AutoBuild: Stat (2/5) Increased Energy from 41 to 42
[10/15/20 08:34:09] D2BS 10856: AutoBuild: useStatPoint(1): Energy
[10/15/20 08:34:09] D2BS 10856: AutoBuild: Stat (3/5) Increased Energy from 42 to 43
[10/15/20 08:34:09] D2BS 10856: AutoBuild: useStatPoint(3): Vitality
[10/15/20 08:34:09] D2BS 10856: AutoBuild: Stat (4/5) Increased Vitality from 16 to 17
[10/15/20 08:34:09] D2BS 10856: AutoBuild: useStatPoint(3): Vitality
[10/15/20 08:34:09] D2BS 10856: AutoBuild: Attempt to spend point 5 in Vitality may have failed!
[10/15/20 08:34:09] D2BS 10856: AutoBuild: Updating Config from level 4 to 5
[10/15/20 08:34:09] D2BS 10856: Updating Config from level 4 to 5
[10/15/20 08:34:09] D2BS 10856: Updating Config from level 4 to 5
[10/15/20 08:34:09] D2BS 10856: Updating Config from level 4 to 5
[10/15/20 08:34:09] D2BS 10856: Updating Config from level 4 to 5
[10/15/20 08:34:09] D2BS 10856: AutoBuild: Incrementing cached character level to 5
[10/15/20 08:34:40] D2BS 10856: ÿc7Picked up ÿc42 Gold
[10/15/20 08:34:41] D2BS 10856: ÿc7Picked up ÿc3Minor Mana Potion ÿc0(ilvl 1) (EarlyGame.nip #25)
[10/15/20 08:35:12] D2BS 10856: ÿc7Picked up ÿc0Damaged Cap ÿc0(ilvl 2) (Fire.xpac.nip #34)
[10/15/20 08:35:18] D2BS 10856: move retry 1
[10/15/20 08:35:18] D2BS 10856: ÿc7Picked up ÿc47 Gold
[10/15/20 08:35:25] D2BS 10856: move retry 1
[10/15/20 08:35:25] D2BS 10856: ÿc7Picked up ÿc44 Gold
[10/15/20 08:35:33] D2BS 10856: move retry 1
[10/15/20 08:35:48] D2BS 10856: move retry 1
[10/15/20 08:35:52] D2BS 10856: move retry 1
[10/15/20 08:37:16] D2BS 10856: ÿc7Picked up ÿc45 Gold
[10/15/20 08:37:39] D2BS 10856: move retry 1
[10/15/20 08:37:44] D2BS 10856: move retry 1
[10/15/20 08:38:22] D2BS 10856: move retry 1
[10/15/20 08:38:58] D2BS 10856: ÿc7Picked up ÿc0Superior Wand ÿc0(ilvl 2)
[10/15/20 08:39:17] D2BS 10856: ÿc7Picked up ÿc411 Gold
[10/15/20 08:39:32] D2BS 10856: move retry 1
[10/15/20 08:40:06] D2BS 10856: move retry 1
[10/15/20 08:40:20] D2BS 10856: ÿc7Picked up ÿc49 Gold
[10/15/20 08:40:35] D2BS 10856: move retry 1
[10/15/20 08:40:38] D2BS 10856: ÿc7Picked up ÿc0Superior Hand Axe ÿc0(ilvl 2)
[10/15/20 08:40:58] D2BS 10856: ÿc7Picked up ÿc47 Gold
[10/15/20 08:41:51] D2BS 10856: move retry 1
[10/15/20 08:41:58] D2BS 10856: ÿc7Picked up ÿc44 Gold
[10/15/20 08:42:05] D2BS 10856: ÿc7Picked up ÿc3Minor Mana Potion ÿc0(ilvl 1) (EarlyGame.nip #25)
[10/15/20 08:42:43] D2BS 10856: move retry 1
[10/15/20 08:43:16] D2BS 10856: move retry 1
[10/15/20 08:43:21] D2BS 10856: move retry 1
[10/15/20 08:44:05] D2BS 10856: Failed going to town
[10/15/20 08:44:06] D2BS 10856: 3,2,1
[10/15/20 08:45:04] D2BS 10856: initNPC: identify
[10/15/20 08:45:10] D2BS 10856: ÿc4MiniShopBotÿc0: Scanning 56 items.
[10/15/20 08:45:11] D2BS 10856: LowGold sell Superior Hand Axe
[10/15/20 08:45:11] D2BS 10856: initNPC: clearInventory
[10/15/20 08:45:11] D2BS 10856: LowGold sell Superior Wand
[10/15/20 08:45:11] D2BS 10856: initNPC: clearInventory
[10/15/20 08:45:13] D2BS 10856: initNPC: repair
[10/15/20 08:46:13] D2BS 10856: move retry 1
[10/15/20 08:47:16] D2BS 10856: ÿc7Picked up ÿc0Quilted Armor ÿc0(ilvl 2) (Fire.xpac.nip #51)
[10/15/20 08:47:16] D2BS 10856: ÿc7Picked up ÿc0Superior Throwing Knife ÿc0(ilvl 2)
[10/15/20 08:47:24] D2BS 10856: ÿc7Picked up ÿc48 Gold
[10/15/20 08:47:29] D2BS 10856: AutoBuild: Stat points: 5      Skill points: 1
[10/15/20 08:47:29] D2BS 10856: AutoBuild: Level up detected ( 5 --> 6 )
[10/15/20 08:47:29] D2BS 10856: AutoBuild: useSkillPoint(): Static Field (42)
[10/15/20 08:47:30] D2BS 10856: AutoBuild: Skill (1/1) Increased Static Field (42) by one (level:  1)
[10/15/20 08:47:30] D2BS 10856: AutoBuild: useStatPoint(0): Strength
[10/15/20 08:47:30] D2BS 10856: AutoBuild: Stat (1/5) Increased Strength from 14 to 15
[10/15/20 08:47:30] D2BS 10856: AutoBuild: useStatPoint(1): Energy
[10/15/20 08:47:30] D2BS 10856: AutoBuild: Stat (2/5) Increased Energy from 43 to 44
[10/15/20 08:47:30] D2BS 10856: AutoBuild: useStatPoint(1): Energy
[10/15/20 08:47:30] D2BS 10856: AutoBuild: Stat (3/5) Increased Energy from 44 to 45
[10/15/20 08:47:30] D2BS 10856: AutoBuild: useStatPoint(3): Vitality
[10/15/20 08:47:30] D2BS 10856: AutoBuild: Stat (4/5) Increased Vitality from 18 to 19
[10/15/20 08:47:30] D2BS 10856: AutoBuild: useStatPoint(3): Vitality
[10/15/20 08:47:30] D2BS 10856: AutoBuild: Stat (5/5) Increased Vitality from 19 to 20
[10/15/20 08:47:30] D2BS 10856: Updating Config from level 5 to 6
[10/15/20 08:47:30] D2BS 10856: Updating Config from level 5 to 6
[10/15/20 08:47:30] D2BS 10856: Updating Config from level 5 to 6
[10/15/20 08:47:30] D2BS 10856: AutoBuild: Updating Config from level 5 to 6
[10/15/20 08:47:30] D2BS 10856: Updating Config from level 5 to 6
[10/15/20 08:47:30] D2BS 10856: AutoBuild: Incrementing cached character level to 6
[10/15/20 08:47:41] D2BS 10856: move retry 1
[10/15/20 08:48:04] D2BS 10856: move retry 1
[10/15/20 08:48:19] D2BS 10856: move retry 1
[10/15/20 08:48:25] D2BS 10856: move retry 1
[10/15/20 08:48:31] D2BS 10856: move retry 1
[10/15/20 08:48:35] D2BS 10856: move retry 1
[10/15/20 08:48:37] D2BS 10856: move retry 1
[10/15/20 08:48:41] D2BS 10856: ÿc7Picked up ÿc4115 Gold
[10/15/20 08:48:49] D2BS 10856: ÿc7Picked up ÿc410 Gold
[10/15/20 08:48:57] D2BS 10856: Failed going to town
[10/15/20 08:49:03] D2BS 10856: initNPC: heal
[10/15/20 08:49:08] D2BS 10856: initNPC: identify
[10/15/20 08:49:09] D2BS 10856: initNPC: fillTome
[10/15/20 08:49:10] D2BS 10856: ÿc4MiniShopBotÿc0: Scanning 54 items.
[10/15/20 08:49:11] D2BS 10856: LowGold sell Superior Throwing Knife
[10/15/20 08:49:11] D2BS 10856: initNPC: clearInventory
[10/15/20 08:49:11] D2BS 10856: ÿc4Town: ÿc1Can't afford repairs.
[10/15/20 08:49:12] D2BS 10856: move retry 1
[10/15/20 08:49:44] D2BS 10856: move retry 1
[10/15/20 08:50:21] D2BS 10856: initNPC: fillTome
[10/15/20 08:50:30] D2BS 10856: 1
[10/15/20 08:50:53] D2BS 10856: 1,2
[10/15/20 08:51:27] D2BS 10856: 2,8
[10/15/20 08:51:40] D2BS 10856: 1
[10/15/20 08:51:51] D2BS 10856: 3
[10/15/20 08:52:17] D2BS 10856: 3,4
[10/15/20 08:53:03] D2BS 10856: ÿc1Skipping Carver 382 16
[10/15/20 08:53:13] D2BS 10856: ÿc1Skipping Skeleton 421 16
[10/15/20 08:53:14] D2BS 10856: ÿc7Picked up ÿc3Minor Mana Potion ÿc0(ilvl 1) (EarlyGame.nip #25)
[10/15/20 08:53:32] D2BS 10856: ÿc7Picked up ÿc1Minor Healing Potion ÿc0(ilvl 1) (EarlyGame.nip #26)
[10/15/20 08:53:50] D2BS 10856: ÿc7Picked up ÿc1Light Healing Potion ÿc0(ilvl 1) (EarlyGame.nip #28)
[10/15/20 08:53:51] D2BS 10856: ÿc7Picked up ÿc42 Gold
[10/15/20 08:53:52] D2BS 10856: move retry 1
[10/15/20 08:53:59] D2BS 10856: ÿc4MF: ÿc00 ÿc4GF: ÿc00 ÿc1FR: ÿc00 ÿc3CR: ÿc00 ÿc9LR: ÿc00 ÿc2PR: ÿc00
[10/15/20 08:53:59] D2BS 10856: FCR: 0 IAS: 0 FBR: 0 FHR: 0 FRW: 0
[10/15/20 08:53:59] D2BS 10856: CB: 0 DS: 0 OW: 0 ÿc1LL: ÿc00 ÿc3ML: ÿc00 DR: 0% + 0 MDR: 0% + 0
[10/15/20 08:54:00] D2BS 10856: ReferenceError: stops is not defined
[10/15/20 08:54:01] D2BS 10856: ReferenceError: tart is not defined
[10/15/20 08:54:06] D2BS 10856: ÿc2D2BSÿc0 :: Stopping all scripts
[10/15/20 08:54:06] D2BS 10856: Script d2botlanfollow.dbj ended
[10/15/20 08:54:06] D2BS 10856: Script default.dbj ended
[10/15/20 08:54:06] D2BS 10856: Script tools\autobuildthread.js ended
[10/15/20 08:54:06] D2BS 10856: Script tools\heartbeat.js ended
[10/15/20 08:54:06] D2BS 10856: Script tools\party.js ended
[10/15/20 08:54:06] D2BS 10856: Script tools\toolsthread.js ended
[10/15/20 08:54:06] D2BS 10856: Script tools\townchicken.js ended
[10/15/20 08:54:08] D2BS 10856: ÿc2D2BSÿc0 :: Started default.dbj
[10/15/20 08:54:08] D2BS 10856: AutoBuild: Including build template config/builds/sorceress.fire.js into default.dbj
[10/15/20 08:54:08] D2BS 10856: Updating Config from level 0 to 6
[10/15/20 08:54:08] D2BS 10856: Heartbeat loaded
[10/15/20 08:54:08] D2BS 10856: ÿc4Loaded NIP: ÿc2LateGame.nipÿc4. Lines: ÿc281ÿc4. Valid entries: ÿc254. ÿc4Time: ÿc216 ms
[10/15/20 08:54:08] D2BS 10856: ÿc4Loaded NIP: ÿc2MidGame.nipÿc4. Lines: ÿc281ÿc4. Valid entries: ÿc246. ÿc4Time: ÿc20 ms
[10/15/20 08:54:08] D2BS 10856: ÿc4Loaded NIP: ÿc2EarlyGame.nipÿc4. Lines: ÿc228ÿc4. Valid entries: ÿc213. ÿc4Time: ÿc20 ms
[10/15/20 08:54:08] D2BS 10856: ÿc4Loaded NIP: ÿc2FireRunes.nipÿc4. Lines: ÿc223ÿc4. Valid entries: ÿc212. ÿc4Time: ÿc20 ms
[10/15/20 08:54:08] D2BS 10856: ÿc4Loaded NIP: ÿc2Fire.xpac.nipÿc4. Lines: ÿc2129ÿc4. Valid entries: ÿc2102. ÿc4Time: ÿc215 ms
[10/15/20 08:54:08] D2BS 10856: ÿc4Loaded NIP: ÿc2PreMerc.xpac.nipÿc4. Lines: ÿc227ÿc4. Valid entries: ÿc220. ÿc4Time: ÿc20 ms
[10/15/20 08:54:08] D2BS 10856: ÿc4Loaded NIP: ÿc2Merc.xpac.nipÿc4. Lines: ÿc232ÿc4. Valid entries: ÿc222. ÿc4Time: ÿc20 ms
[10/15/20 08:54:08] D2BS 10856: AutoBuild: Including build template config/builds/sorceress.fire.js into tools\autobuildthread.js
[10/15/20 08:54:08] D2BS 10856: Updating Config from level 0 to 6
[10/15/20 08:54:08] D2BS 10856: AutoBuild: Loaded helper thread
[10/15/20 08:54:09] D2BS 10856: AutoBuild: Including build template config/builds/sorceress.fire.js into tools\party.js
[10/15/20 08:54:09] D2BS 10856: Updating Config from level 0 to 6
[10/15/20 08:54:09] D2BS 10856: ÿc2Party thread loaded. Mode: Accept
[10/15/20 08:54:09] D2BS 10856: AutoBuild: Including build template config/builds/sorceress.fire.js into tools\townchicken.js
[10/15/20 08:54:09] D2BS 10856: Updating Config from level 0 to 6
[10/15/20 08:54:09] D2BS 10856: ÿc3Start ToolsThread script
[10/15/20 08:54:09] D2BS 10856: AutoBuild: Including build template config/builds/sorceress.fire.js into tools\toolsthread.js
[10/15/20 08:54:09] D2BS 10856: Updating Config from level 0 to 6
[10/15/20 08:54:18] D2BS 10856: ÿc2Starting script: ÿc9LevelFollower
[10/15/20 08:54:25] D2BS 10856: initNPC: heal
[10/15/20 08:54:29] D2BS 10856: initNPC: BuyPotions
[10/15/20 08:54:48] D2BS 10856: 4,10
[10/15/20 08:55:29] D2BS 10856: ÿc7Picked up ÿc0Scroll of Town Portal ÿc7(8/20)
[10/15/20 08:55:43] D2BS 10856: ÿc1Pausing.
[10/15/20 08:55:44] D2BS 10856: initNPC: heal
[10/15/20 08:55:55] D2BS 10856: ÿc2Resuming.
[10/15/20 08:55:56] D2BS 10856: ÿc7Picked up ÿc0Spiked Club ÿc0(ilvl 5)
[10/15/20 08:56:06] D2BS 10856: ÿc7Picked up ÿc47 Gold
[10/15/20 08:56:13] D2BS 10856: move retry 1
[10/15/20 08:56:20] D2BS 10856: move retry 1
[10/15/20 08:56:29] D2BS 10856: ÿc7Picked up ÿc0Cracked Large Axe ÿc0(ilvl 5)
[10/15/20 08:56:29] D2BS 10856: ÿc7Picked up ÿc46 Gold
[10/15/20 08:56:29] D2BS 10856: ÿc7Picked up ÿc411 Gold
[10/15/20 08:56:31] D2BS 10856: move retry 1
[10/15/20 08:56:47] D2BS 10856: move retry 2
[10/15/20 08:56:48] D2BS 10856: 10,5
[10/15/20 08:57:16] D2BS 10856: ÿc1Pausing.
[10/15/20 08:57:17] D2BS 10856: initNPC: heal
[10/15/20 08:57:22] D2BS 10856: initNPC: identify
[10/15/20 08:57:23] D2BS 10856: ÿc4MiniShopBotÿc0: Scanning 49 items.
[10/15/20 08:57:24] D2BS 10856: LowGold sell Cracked Large Axe
[10/15/20 08:57:24] D2BS 10856: initNPC: clearInventory
[10/15/20 08:57:24] D2BS 10856: LowGold sell Spiked Club
[10/15/20 08:57:24] D2BS 10856: initNPC: clearInventory
[10/15/20 08:57:35] D2BS 10856: ÿc2Resuming.
[10/15/20 08:57:37] D2BS 10856: move retry 1
[10/15/20 08:57:54] D2BS 10856: Script default.dbj ended
[10/15/20 08:57:55] D2BS 10856: Script tools\autobuildthread.js ended
[10/15/20 08:57:55] D2BS 10856: Script tools\heartbeat.js ended
[10/15/20 08:57:55] D2BS 10856: Script tools\party.js ended
[10/15/20 08:57:55] D2BS 10856: Script tools\townchicken.js ended
[10/15/20 08:58:06] D2BS 10856: D2BS Shutdown complete.
[10/15/20 08:58:07] D2BS 10348: D2BS Engine startup complete. 1.6.4U
[10/15/20 08:58:07] D2BS 10348: ÿc2D2BSÿc0 :: Switched to profile FireSorc
[10/15/20 08:58:07] D2BS 10348: ÿc2D2BSÿc0 :: Engine startup complete!
[10/15/20 08:58:07] D2BS 10348: ÿc2D2BSÿc0 :: Starting D2BotLanFollow.dbj
[10/15/20 08:58:07] D2BS 10348: ÿc2D2BSÿc0 :: D2BotLanFollow.dbj running.
[10/15/20 08:58:07] D2BS 10348: FireSorc
c0 :: Started Console Script
[10/15/20 08:58:09] D2BS 10348: Heartbeat loaded
[10/15/20 08:58:26] D2BS 10348: ÿc2D2BSÿc0 :: Starting default.dbj
[10/15/20 08:58:26] D2BS 10348: ÿc2D2BSÿc0 :: default.dbj running.
[10/15/20 08:58:26] D2BS 10348: AutoBuild: Including build template config/builds/sorceress.fire.js into default.dbj
[10/15/20 08:58:26] D2BS 10348: Updating Config from level 0 to 6
[10/15/20 08:58:26] D2BS 10348: ÿc4Loaded NIP: ÿc2LateGame.nipÿc4. Lines: ÿc281ÿc4. Valid entries: ÿc254. ÿc4Time: ÿc20 ms
[10/15/20 08:58:26] D2BS 10348: ÿc4Loaded NIP: ÿc2MidGame.nipÿc4. Lines: ÿc281ÿc4. Valid entries: ÿc246. ÿc4Time: ÿc20 ms
[10/15/20 08:58:26] D2BS 10348: ÿc4Loaded NIP: ÿc2EarlyGame.nipÿc4. Lines: ÿc228ÿc4. Valid entries: ÿc213. ÿc4Time: ÿc20 ms
[10/15/20 08:58:26] D2BS 10348: ÿc4Loaded NIP: ÿc2FireRunes.nipÿc4. Lines: ÿc223ÿc4. Valid entries: ÿc212. ÿc4Time: ÿc20 ms
[10/15/20 08:58:26] D2BS 10348: ÿc4Loaded NIP: ÿc2Fire.xpac.nipÿc4. Lines: ÿc2129ÿc4. Valid entries: ÿc2102. ÿc4Time: ÿc215 ms
[10/15/20 08:58:26] D2BS 10348: ÿc4Loaded NIP: ÿc2PreMerc.xpac.nipÿc4. Lines: ÿc227ÿc4. Valid entries: ÿc220. ÿc4Time: ÿc20 ms
[10/15/20 08:58:26] D2BS 10348: ÿc4Loaded NIP: ÿc2Merc.xpac.nipÿc4. Lines: ÿc232ÿc4. Valid entries: ÿc222. ÿc4Time: ÿc20 ms
[10/15/20 08:58:26] D2BS 10348: AutoBuild: Including build template config/builds/sorceress.fire.js into tools\autobuildthread.js
[10/15/20 08:58:26] D2BS 10348: Updating Config from level 0 to 6
[10/15/20 08:58:26] D2BS 10348: AutoBuild: Loaded helper thread
[10/15/20 08:58:26] D2BS 10348: ÿc2Starting script: ÿc9LevelFollower
[10/15/20 08:58:26] D2BS 10348: AutoBuild: Including build template config/builds/sorceress.fire.js into tools\party.js
[10/15/20 08:58:26] D2BS 10348: Updating Config from level 0 to 6
[10/15/20 08:58:26] D2BS 10348: ÿc2Party thread loaded. Mode: Accept
[10/15/20 08:58:26] D2BS 10348: ÿc3Start ToolsThread script
[10/15/20 08:58:26] D2BS 10348: AutoBuild: Including build template config/builds/sorceress.fire.js into tools\toolsthread.js
[10/15/20 08:58:26] D2BS 10348: AutoBuild: Including build template config/builds/sorceress.fire.js into tools\townchicken.js
[10/15/20 08:58:26] D2BS 10348: Updating Config from level 0 to 6
[10/15/20 08:58:26] D2BS 10348: Updating Config from level 0 to 6
[10/15/20 08:58:34] D2BS 10348: initNPC: heal
[10/15/20 08:58:38] D2BS 10348: initNPC: BuyPotions
[10/15/20 08:59:07] D2BS 10348: ÿc7Picked up ÿc3Minor Mana Potion ÿc0(ilvl 1) (EarlyGame.nip #25)
[10/15/20 08:59:31] D2BS 10348: move retry 1
[10/15/20 08:59:32] D2BS 10348: ÿc7Picked up ÿc1Minor Healing Potion ÿc0(ilvl 1) (EarlyGame.nip #26)
[10/15/20 08:59:34] D2BS 10348: AutoBuild: Stat points: 5      Skill points: 1
[10/15/20 08:59:34] D2BS 10348: AutoBuild: Level up detected ( 6 --> 7 )
[10/15/20 08:59:34] D2BS 10348: AutoBuild: useSkillPoint(): Telekinesis (43)
[10/15/20 08:59:34] D2BS 10348: AutoBuild: Skill (1/1) Increased Telekinesis (43) by one (level:  1)
[10/15/20 08:59:34] D2BS 10348: AutoBuild: useStatPoint(0): Strength
[10/15/20 08:59:34] D2BS 10348: AutoBuild: Stat (1/5) Increased Strength from 15 to 16
[10/15/20 08:59:34] D2BS 10348: AutoBuild: useStatPoint(1): Energy
[10/15/20 08:59:34] D2BS 10348: AutoBuild: Stat (2/5) Increased Energy from 45 to 46
[10/15/20 08:59:34] D2BS 10348: AutoBuild: useStatPoint(1): Energy
[10/15/20 08:59:35] D2BS 10348: AutoBuild: Stat (3/5) Increased Energy from 46 to 47
[10/15/20 08:59:35] D2BS 10348: AutoBuild: useStatPoint(3): Vitality
[10/15/20 08:59:35] D2BS 10348: AutoBuild: Stat (4/5) Increased Vitality from 20 to 21
[10/15/20 08:59:35] D2BS 10348: AutoBuild: useStatPoint(3): Vitality
[10/15/20 08:59:35] D2BS 10348: AutoBuild: Stat (5/5) Increased Vitality from 21 to 22
[10/15/20 08:59:35] D2BS 10348: Updating Config from level 6 to 7
[10/15/20 08:59:35] D2BS 10348: AutoBuild: Updating Config from level 6 to 7
[10/15/20 08:59:35] D2BS 10348: Updating Config from level 6 to 7
[10/15/20 08:59:35] D2BS 10348: Updating Config from level 6 to 7
[10/15/20 08:59:35] D2BS 10348: Updating Config from level 6 to 7
[10/15/20 08:59:35] D2BS 10348: AutoBuild: Incrementing cached character level to 7
[10/15/20 08:59:53] D2BS 10348: ÿc7Picked up ÿc1Minor Healing Potion ÿc0(ilvl 1) (EarlyGame.nip #26)
[10/15/20 09:00:17] D2BS 10348: move retry 1
[10/15/20 09:00:23] D2BS 10348: move retry 1
[10/15/20 09:00:29] D2BS 10348: initNPC: heal
[10/15/20 09:00:35] D2BS 10348: move retry 1
[10/15/20 09:00:36] D2BS 10348: move retry 1
[10/15/20 09:00:42] D2BS 10348: 1
[10/15/20 09:01:03] D2BS 10348: ÿc7Picked up ÿc421 Gold
[10/15/20 09:01:07] D2BS 10348: move retry 1
[10/15/20 09:01:47] D2BS 10348: ÿc7Picked up ÿc3Light Mana Potion ÿc0(ilvl 1) (EarlyGame.nip #27)
[10/15/20 09:01:47] D2BS 10348: ÿc7Picked up ÿc9Light Crossbow ÿc0(ilvl 8)
[10/15/20 09:02:14] D2BS 10348: 4,38
[10/15/20 09:02:31] D2BS 10348: ÿc7Picked up ÿc425 Gold
[10/15/20 09:03:10] D2BS 10348: AutoBuild: Stat points: 5      Skill points: 1
[10/15/20 09:03:10] D2BS 10348: AutoBuild: Level up detected ( 7 --> 8 )
[10/15/20 09:03:10] D2BS 10348: AutoBuild: useSkillPoint(): Fire Bolt (36)
[10/15/20 09:03:10] D2BS 10348: AutoBuild: Skill (1/1) Increased Fire Bolt (36) by one (level:  3)
[10/15/20 09:03:10] D2BS 10348: AutoBuild: useStatPoint(0): Strength
[10/15/20 09:03:10] D2BS 10348: AutoBuild: Stat (1/5) Increased Strength from 16 to 17
[10/15/20 09:03:10] D2BS 10348: AutoBuild: useStatPoint(1): Energy
[10/15/20 09:03:10] D2BS 10348: AutoBuild: Stat (2/5) Increased Energy from 47 to 48
[10/15/20 09:03:10] D2BS 10348: AutoBuild: useStatPoint(1): Energy
[10/15/20 09:03:10] D2BS 10348: AutoBuild: Stat (3/5) Increased Energy from 48 to 49
[10/15/20 09:03:10] D2BS 10348: AutoBuild: useStatPoint(3): Vitality
[10/15/20 09:03:10] D2BS 10348: AutoBuild: Stat (4/5) Increased Vitality from 22 to 23
[10/15/20 09:03:10] D2BS 10348: AutoBuild: useStatPoint(3): Vitality
[10/15/20 09:03:10] D2BS 10348: AutoBuild: Stat (5/5) Increased Vitality from 23 to 24
[10/15/20 09:03:10] D2BS 10348: AutoBuild: Updating Config from level 7 to 8
[10/15/20 09:03:10] D2BS 10348: Updating Config from level 7 to 8
[10/15/20 09:03:10] D2BS 10348: Updating Config from level 7 to 8
[10/15/20 09:03:10] D2BS 10348: Updating Config from level 7 to 8
[10/15/20 09:03:10] D2BS 10348: Updating Config from level 7 to 8
[10/15/20 09:03:10] D2BS 10348: AutoBuild: Incrementing cached character level to 8
[10/15/20 09:03:12] D2BS 10348: move retry 1
[10/15/20 09:03:12] D2BS 10348: ÿc7Picked up ÿc419 Gold
[10/15/20 09:03:42] D2BS 10348: ÿc7Picked up ÿc47 Gold
[10/15/20 09:03:50] D2BS 10348: ÿc7Picked up ÿc3Minor Mana Potion ÿc0(ilvl 1) (EarlyGame.nip #25)
[10/15/20 09:03:50] D2BS 10348: ÿc7Picked up ÿc3Minor Mana Potion ÿc0(ilvl 1) (EarlyGame.nip #25)
[10/15/20 09:03:50] D2BS 10348: ÿc7Picked up ÿc3Bardiche ÿc0(ilvl 8) (PreMerc.xpac.nip #20)
[10/15/20 09:04:03] D2BS 10348: move retry 1
[10/15/20 09:04:44] D2BS 10348: move retry 1
[10/15/20 09:04:47] D2BS 10348: move retry 1
[10/15/20 09:04:56] D2BS 10348: ÿc7Picked up ÿc434 Gold
[10/15/20 09:05:11] D2BS 10348: ÿc7Picked up ÿc47 Gold
[10/15/20 09:05:11] D2BS 10348: move retry 1
[10/15/20 09:05:29] D2BS 10348: move retry 1
[10/15/20 09:05:33] D2BS 10348: ÿc7Picked up ÿc429 Gold
[10/15/20 09:05:41] D2BS 10348: ÿc7Picked up ÿc434 Gold
[10/15/20 09:05:50] D2BS 10348: move retry 1
[10/15/20 09:05:51] D2BS 10348: move retry 1
[10/15/20 09:05:57] D2BS 10348: move retry 1
[10/15/20 09:06:01] D2BS 10348: move retry 1
[10/15/20 09:06:15] D2BS 10348: initNPC: heal
[10/15/20 09:06:21] D2BS 10348: move retry 1
[10/15/20 09:06:28] D2BS 10348: initNPC: identify
[10/15/20 09:06:33] D2BS 10348: initNPC: fillTome
[10/15/20 09:06:34] D2BS 10348: ÿc4MiniShopBotÿc0: Scanning 65 items.
[10/15/20 09:06:35] D2BS 10348: LowGold sell  Ring of Energy
[10/15/20 09:06:35] D2BS 10348: initNPC: clearInventory
[10/15/20 09:06:36] D2BS 10348: 1
[10/15/20 09:06:37] D2BS 10348: move retry 1
[10/15/20 09:06:41] D2BS 10348: initNPC: fillTome
[10/15/20 09:07:07] D2BS 10348: move retry 1
[10/15/20 09:07:07] D2BS 10348: ÿc7Picked up ÿc419 Gold
[10/15/20 09:07:08] D2BS 10348: move retry 1
[10/15/20 09:07:16] D2BS 10348: ÿc7Picked up ÿc1Minor Healing Potion ÿc0(ilvl 1) (EarlyGame.nip #26)
[10/15/20 09:07:19] D2BS 10348: ÿc7Picked up ÿc49 Gold
[10/15/20 09:07:21] D2BS 10348: ÿc7Picked up ÿc418 Gold
[10/15/20 09:07:30] D2BS 10348: ÿc7Picked up ÿc424 Gold
[10/15/20 09:07:45] D2BS 10348: ÿc7Picked up ÿc425 Gold
[10/15/20 09:07:51] D2BS 10348: AutoBuild: Stat points: 5      Skill points: 1
[10/15/20 09:07:51] D2BS 10348: AutoBuild: Level up detected ( 8 --> 9 )
[10/15/20 09:07:51] D2BS 10348: AutoBuild: useSkillPoint(): Fire Bolt (36)
[10/15/20 09:07:51] D2BS 10348: AutoBuild: Skill (1/1) Increased Fire Bolt (36) by one (level:  4)
[10/15/20 09:07:51] D2BS 10348: ÿc7Picked up ÿc410 Gold
[10/15/20 09:07:51] D2BS 10348: AutoBuild: useStatPoint(0): Strength
[10/15/20 09:07:51] D2BS 10348: AutoBuild: Stat (1/5) Increased Strength from 17 to 18
[10/15/20 09:07:51] D2BS 10348: AutoBuild: useStatPoint(1): Energy
[10/15/20 09:07:51] D2BS 10348: ÿc7Picked up ÿc410 Gold
[10/15/20 09:07:51] D2BS 10348: AutoBuild: Stat (2/5) Increased Energy from 49 to 50
[10/15/20 09:07:51] D2BS 10348: AutoBuild: useStatPoint(1): Energy
[10/15/20 09:07:51] D2BS 10348: AutoBuild: Stat (3/5) Increased Energy from 50 to 51
[10/15/20 09:07:51] D2BS 10348: AutoBuild: useStatPoint(3): Vitality
[10/15/20 09:07:52] D2BS 10348: AutoBuild: Stat (4/5) Increased Vitality from 24 to 25
[10/15/20 09:07:52] D2BS 10348: AutoBuild: useStatPoint(3): Vitality
[10/15/20 09:07:52] D2BS 10348: AutoBuild: Stat (5/5) Increased Vitality from 25 to 26
[10/15/20 09:07:52] D2BS 10348: AutoBuild: Updating Config from level 8 to 9
[10/15/20 09:07:52] D2BS 10348: Updating Config from level 8 to 9
[10/15/20 09:07:52] D2BS 10348: Updating Config from level 8 to 9
[10/15/20 09:07:52] D2BS 10348: Updating Config from level 8 to 9
[10/15/20 09:07:52] D2BS 10348: Updating Config from level 8 to 9
[10/15/20 09:07:52] D2BS 10348: AutoBuild: Incrementing cached character level to 9
[10/15/20 09:08:20] D2BS 10348: ÿc7Picked up ÿc421 Gold
[10/15/20 09:08:30] D2BS 10348: ÿc7Picked up ÿc413 Gold
[10/15/20 09:08:49] D2BS 10348: ÿc7Picked up ÿc3Light Mana Potion ÿc0(ilvl 1) (EarlyGame.nip #27)
[10/15/20 09:08:50] D2BS 10348: ÿc7Picked up ÿc419 Gold
[10/15/20 09:09:00] D2BS 10348: ÿc7Picked up ÿc1Minor Healing Potion ÿc0(ilvl 1) (EarlyGame.nip #26)
[10/15/20 09:09:04] D2BS 10348: initNPC: heal
[10/15/20 09:09:10] D2BS 10348: move retry 1
[10/15/20 09:09:11] D2BS 10348: move retry 1
[10/15/20 09:09:12] D2BS 10348: 1
[10/15/20 09:09:14] D2BS 10348: move retry 1
[10/15/20 09:09:31] D2BS 10348: move retry 1
[10/15/20 09:10:01] D2BS 10348: move retry 1
[10/15/20 09:10:02] D2BS 10348: move retry 2
[10/15/20 09:10:23] D2BS 10348: ÿc7Picked up ÿc434 Gold
[10/15/20 09:10:33] D2BS 10348: move retry 1
[10/15/20 09:10:42] D2BS 10348: move retry 1
[10/15/20 09:10:53] D2BS 10348: move retry 1
[10/15/20 09:11:00] D2BS 10348: ÿc7Picked up ÿc1Minor Healing Potion ÿc0(ilvl 1) (EarlyGame.nip #26)
[10/15/20 09:11:01] D2BS 10348: move retry 1
[10/15/20 09:11:03] D2BS 10348: move retry 2
[10/15/20 09:11:23] D2BS 10348: move retry 1
[10/15/20 09:11:29] D2BS 10348: move retry 1
[10/15/20 09:11:41] D2BS 10348: move retry 1
[10/15/20 09:11:46] D2BS 10348: ÿc7Picked up ÿc422 Gold
[10/15/20 09:11:57] D2BS 10348: move retry 1
[10/15/20 09:12:06] D2BS 10348: 6,20,21
[10/15/20 09:12:20] D2BS 10348: move retry 1
[10/15/20 09:12:22] D2BS 10348: move retry 1
[10/15/20 09:12:49] D2BS 10348: AutoBuild: Stat points: 5      Skill points: 1
[10/15/20 09:12:49] D2BS 10348: AutoBuild: Level up detected ( 9 --> 10 )
[10/15/20 09:12:49] D2BS 10348: AutoBuild: useSkillPoint(): Fire Bolt (36)
[10/15/20 09:12:49] D2BS 10348: AutoBuild: Skill (1/1) Increased Fire Bolt (36) by one (level:  5)
[10/15/20 09:12:49] D2BS 10348: AutoBuild: useStatPoint(0): Strength
[10/15/20 09:12:49] D2BS 10348: AutoBuild: Stat (1/5) Increased Strength from 18 to 19
[10/15/20 09:12:49] D2BS 10348: AutoBuild: useStatPoint(1): Energy
[10/15/20 09:12:50] D2BS 10348: AutoBuild: Stat (2/5) Increased Energy from 51 to 52
[10/15/20 09:12:50] D2BS 10348: AutoBuild: useStatPoint(1): Energy
[10/15/20 09:12:50] D2BS 10348: AutoBuild: Stat (3/5) Increased Energy from 52 to 53
[10/15/20 09:12:50] D2BS 10348: AutoBuild: useStatPoint(3): Vitality
[10/15/20 09:12:50] D2BS 10348: AutoBuild: Stat (4/5) Increased Vitality from 26 to 27
[10/15/20 09:12:50] D2BS 10348: AutoBuild: useStatPoint(3): Vitality
[10/15/20 09:12:50] D2BS 10348: AutoBuild: Stat (5/5) Increased Vitality from 27 to 28
[10/15/20 09:12:50] D2BS 10348: Updating Config from level 9 to 10
[10/15/20 09:12:50] D2BS 10348: Updating Config from level 9 to 10
[10/15/20 09:12:50] D2BS 10348: AutoBuild: Updating Config from level 9 to 10
[10/15/20 09:12:50] D2BS 10348: Updating Config from level 9 to 10
[10/15/20 09:12:50] D2BS 10348: Updating Config from level 9 to 10
[10/15/20 09:12:50] D2BS 10348: AutoBuild: Incrementing cached character level to 10
[10/15/20 09:12:50] D2BS 10348: ÿc7Picked up ÿc3Minor Mana Potion ÿc0(ilvl 1) (EarlyGame.nip #25)
[10/15/20 09:13:16] D2BS 10348: move retry 1
[10/15/20 09:13:32] D2BS 10348: 21,22,23
[10/15/20 09:13:50] D2BS 10348: move retry 1
[10/15/20 09:14:20] D2BS 10348: move retry 1
[10/15/20 09:14:21] D2BS 10348: move retry 1
[10/15/20 09:14:32] D2BS 10348: move retry 1
[10/15/20 09:14:37] D2BS 10348: move retry 1
[10/15/20 09:14:49] D2BS 10348: move retry 1
[10/15/20 09:15:47] D2BS 10348: ÿc7Picked up ÿc3Scimitar ÿc0(ilvl 9)
[10/15/20 09:15:48] D2BS 10348: ÿc7Picked up ÿc1Light Healing Potion ÿc0(ilvl 1) (EarlyGame.nip #28)
[10/15/20 09:15:51] D2BS 10348: move retry 1
[10/15/20 09:15:53] D2BS 10348: move retry 1
[10/15/20 09:15:56] D2BS 10348: move retry 1
