[10/06/20 15:37:56] D2BS 13656: D2BS Engine startup complete. 1.6.4U
[10/06/20 15:37:56] D2BS 13656: ÿc2D2BSÿc0 :: Switched to profile LightSorc
[10/06/20 15:37:56] D2BS 13656: ÿc2D2BSÿc0 :: Engine startup complete!
[10/06/20 15:37:56] D2BS 13656: ÿc2D2BSÿc0 :: Starting D2BotLanFollow.dbj
[10/06/20 15:37:56] D2BS 13656: ÿc2D2BSÿc0 :: D2BotLanFollow.dbj running.
[10/06/20 15:37:56] D2BS 13656: ÿc2D2BSÿc0 :: Started Console Script
[10/06/20 15:37:57] D2BS 13656: LightSorc
[10/06/20 15:37:58] D2BS 13656: Heartbeat loaded
[10/06/20 15:38:15] D2BS 13656: Stack Walk Thread: 7980
[10/06/20 15:38:15] D2BS 13656: 7780321C (ntdll): (filename not available): ZwWaitForWorkViaWorkerFactory
[10/06/20 15:38:15] D2BS 13656: 7721F989 (KERNEL32): (filename not available): BaseThreadInitThunk
[10/06/20 15:38:15] D2BS 13656: 777F74B4 (ntdll): (filename not available): RtlGetAppContainerNamedObjectPath
[10/06/20 15:38:15] D2BS 13656: 777F7484 (ntdll): (filename not available): RtlGetAppContainerNamedObjectPath
[10/06/20 15:38:15] D2BS 13656: Stack Walk Thread: 5264
[10/06/20 15:38:15] D2BS 13656: 7780321C (ntdll): (filename not available): ZwWaitForWorkViaWorkerFactory
[10/06/20 15:38:15] D2BS 13656: 7721F989 (KERNEL32): (filename not available): BaseThreadInitThunk
[10/06/20 15:38:15] D2BS 13656: 777F74B4 (ntdll): (filename not available): RtlGetAppContainerNamedObjectPath
[10/06/20 15:38:15] D2BS 13656: 777F7484 (ntdll): (filename not available): RtlGetAppContainerNamedObjectPath
[10/06/20 15:38:15] D2BS 13656: Stack Walk Thread: 13572
[10/06/20 15:38:15] D2BS 13656: 7780321C (ntdll): (filename not available): ZwWaitForWorkViaWorkerFactory
[10/06/20 15:38:15] D2BS 13656: 7721F989 (KERNEL32): (filename not available): BaseThreadInitThunk
[10/06/20 15:38:15] D2BS 13656: 777F74B4 (ntdll): (filename not available): RtlGetAppContainerNamedObjectPath
[10/06/20 15:38:15] D2BS 13656: 777F7484 (ntdll): (filename not available): RtlGetAppContainerNamedObjectPath
[10/06/20 15:38:15] D2BS 13656: Stack Walk Thread: 10192
[10/06/20 15:38:15] D2BS 13656: 7780182C (ntdll): (filename not available): NtDelayExecution
[10/06/20 15:38:15] D2BS 13656: 77012DDF (KERNELBASE): (filename not available): Sleep
[10/06/20 15:38:15] D2BS 13656: 02ED3C94 (D2BS): (filename not available): QueryInterface
[10/06/20 15:38:15] D2BS 13656: 7721F989 (KERNEL32): (filename not available): BaseThreadInitThunk
[10/06/20 15:38:15] D2BS 13656: 777F74B4 (ntdll): (filename not available): RtlGetAppContainerNamedObjectPath
[10/06/20 15:38:15] D2BS 13656: 777F7484 (ntdll): (filename not available): RtlGetAppContainerNamedObjectPath
[10/06/20 15:38:15] D2BS 13656: Stack Walk Thread: 8924
[10/06/20 15:38:15] D2BS 13656: 7780150C (ntdll): (filename not available): NtWaitForSingleObject
[10/06/20 15:38:15] D2BS 13656: 76FFF5F2 (KERNELBASE): (filename not available): WaitForSingleObject
[10/06/20 15:38:15] D2BS 13656: 004027E5 (Game): (filename not available): (function-name not available)
[10/06/20 15:38:15] D2BS 13656: 7721F989 (KERNEL32): (filename not available): BaseThreadInitThunk
[10/06/20 15:38:15] D2BS 13656: 777F74B4 (ntdll): (filename not available): RtlGetAppContainerNamedObjectPath
[10/06/20 15:38:15] D2BS 13656: 777F7484 (ntdll): (filename not available): RtlGetAppContainerNamedObjectPath
[10/06/20 15:38:15] D2BS 13656: Stack Walk Thread: 11000
[10/06/20 15:38:15] D2BS 13656: 7780182C (ntdll): (filename not available): NtDelayExecution
[10/06/20 15:38:15] D2BS 13656: 77012DDF (KERNELBASE): (filename not available): Sleep
[10/06/20 15:38:15] D2BS 13656: 004102FC (Game): (filename not available): (function-name not available)
[10/06/20 15:38:15] D2BS 13656: 7721F989 (KERNEL32): (filename not available): BaseThreadInitThunk
[10/06/20 15:38:15] D2BS 13656: 777F74B4 (ntdll): (filename not available): RtlGetAppContainerNamedObjectPath
[10/06/20 15:38:15] D2BS 13656: 777F7484 (ntdll): (filename not available): RtlGetAppContainerNamedObjectPath
[10/06/20 15:38:15] D2BS 13656: Stack Walk Thread: 1412
[10/06/20 15:38:15] D2BS 13656: 7780150C (ntdll): (filename not available): NtWaitForSingleObject
[10/06/20 15:38:15] D2BS 13656: 76FFF5F2 (KERNELBASE): (filename not available): WaitForSingleObject
[10/06/20 15:38:15] D2BS 13656: 0041A845 (Game): (filename not available): (function-name not available)
[10/06/20 15:38:15] D2BS 13656: 7721F989 (KERNEL32): (filename not available): BaseThreadInitThunk
[10/06/20 15:38:15] D2BS 13656: 777F74B4 (ntdll): (filename not available): RtlGetAppContainerNamedObjectPath
[10/06/20 15:38:15] D2BS 13656: 777F7484 (ntdll): (filename not available): RtlGetAppContainerNamedObjectPath
[10/06/20 15:38:15] D2BS 13656: Stack Walk Thread: 13380
[10/06/20 15:38:15] D2BS 13656: 7780321C (ntdll): (filename not available): ZwWaitForWorkViaWorkerFactory
[10/06/20 15:38:15] D2BS 13656: 7721F989 (KERNEL32): (filename not available): BaseThreadInitThunk
[10/06/20 15:38:15] D2BS 13656: 777F74B4 (ntdll): (filename not available): RtlGetAppContainerNamedObjectPath
[10/06/20 15:38:15] D2BS 13656: 777F7484 (ntdll): (filename not available): RtlGetAppContainerNamedObjectPath
[10/06/20 15:38:15] D2BS 13656: Stack Walk Thread: 8180
[10/06/20 15:38:15] D2BS 13656: 77801A9C (ntdll): (filename not available): ZwWaitForMultipleObjects
[10/06/20 15:38:15] D2BS 13656: 76486676 (CRYPT32): (filename not available): CertDuplicateCRLContext
[10/06/20 15:38:15] D2BS 13656: 7721F989 (KERNEL32): (filename not available): BaseThreadInitThunk
[10/06/20 15:38:15] D2BS 13656: 777F74B4 (ntdll): (filename not available): RtlGetAppContainerNamedObjectPath
[10/06/20 15:38:15] D2BS 13656: 777F7484 (ntdll): (filename not available): RtlGetAppContainerNamedObjectPath
[10/06/20 15:38:15] D2BS 13656: Stack Walk Thread: 4608
[10/06/20 15:38:15] D2BS 13656: 7780321C (ntdll): (filename not available): ZwWaitForWorkViaWorkerFactory
[10/06/20 15:38:15] D2BS 13656: 7721F989 (KERNEL32): (filename not available): BaseThreadInitThunk
[10/06/20 15:38:15] D2BS 13656: 777F74B4 (ntdll): (filename not available): RtlGetAppContainerNamedObjectPath
[10/06/20 15:38:15] D2BS 13656: 777F7484 (ntdll): (filename not available): RtlGetAppContainerNamedObjectPath
[10/06/20 15:38:15] D2BS 13656: Stack Walk Thread: 4180
[10/06/20 15:38:15] D2BS 13656: 7780321C (ntdll): (filename not available): ZwWaitForWorkViaWorkerFactory
[10/06/20 15:38:15] D2BS 13656: 7721F989 (KERNEL32): (filename not available): BaseThreadInitThunk
[10/06/20 15:38:15] D2BS 13656: 777F74B4 (ntdll): (filename not available): RtlGetAppContainerNamedObjectPath
[10/06/20 15:38:15] D2BS 13656: 777F7484 (ntdll): (filename not available): RtlGetAppContainerNamedObjectPath
[10/06/20 15:38:15] D2BS 13656: Stack Walk Thread: 1484
[10/06/20 15:38:15] D2BS 13656: 7780150C (ntdll): (filename not available): NtWaitForSingleObject
[10/06/20 15:38:15] D2BS 13656: 02F57236 (D2BS): (filename not available): JS::CompileOptions::setFileAndLine
[10/06/20 15:38:15] D2BS 13656: 03042B1F (D2BS): (filename not available): JS_freeop
[10/06/20 15:38:15] D2BS 13656: 03041A5E (D2BS): (filename not available): JS_freeop
[10/06/20 15:38:15] D2BS 13656: 02F6E4A2 (D2BS): (filename not available): JS::CompileOptions::setFileAndLine
[10/06/20 15:38:15] D2BS 13656: 7721F989 (KERNEL32): (filename not available): BaseThreadInitThunk
[10/06/20 15:38:15] D2BS 13656: 777F74B4 (ntdll): (filename not available): RtlGetAppContainerNamedObjectPath
[10/06/20 15:38:15] D2BS 13656: 777F7484 (ntdll): (filename not available): RtlGetAppContainerNamedObjectPath
[10/06/20 15:38:15] D2BS 13656: 065DDD30 ((module-name not available)): (filename not available): (function-name not available)
[10/06/20 15:38:15] D2BS 13656: Stack Walk Thread: 14384
[10/06/20 15:38:15] D2BS 13656: 7780182C (ntdll): (filename not available): NtDelayExecution
[10/06/20 15:38:15] D2BS 13656: 77012DDF (KERNELBASE): (filename not available): Sleep
[10/06/20 15:38:15] D2BS 13656: 02EDE2FD (D2BS): (filename not available): JS::CompileOptions::setFileAndLine
[10/06/20 15:38:15] D2BS 13656: 02F601B1 (D2BS): (filename not available): JS::CompileOptions::setFileAndLine
[10/06/20 15:38:15] D2BS 13656: 03042B1F (D2BS): (filename not available): JS_freeop
[10/06/20 15:38:15] D2BS 13656: 03041A5E (D2BS): (filename not available): JS_freeop
[10/06/20 15:38:15] D2BS 13656: 02F6E4A2 (D2BS): (filename not available): JS::CompileOptions::setFileAndLine
[10/06/20 15:38:15] D2BS 13656: 7721F989 (KERNEL32): (filename not available): BaseThreadInitThunk
[10/06/20 15:38:15] D2BS 13656: 777F74B4 (ntdll): (filename not available): RtlGetAppContainerNamedObjectPath
[10/06/20 15:38:15] D2BS 13656: 777F7484 (ntdll): (filename not available): RtlGetAppContainerNamedObjectPath
[10/06/20 15:38:15] D2BS 13656: Stack Walk Thread: 8140
[10/06/20 15:38:15] D2BS 13656: 7780150C (ntdll): (filename not available): NtWaitForSingleObject
[10/06/20 15:38:15] D2BS 13656: 02F57236 (D2BS): (filename not available): JS::CompileOptions::setFileAndLine
[10/06/20 15:38:15] D2BS 13656: 03042B1F (D2BS): (filename not available): JS_freeop
[10/06/20 15:38:15] D2BS 13656: 03041A5E (D2BS): (filename not available): JS_freeop
[10/06/20 15:38:15] D2BS 13656: 02F6E4A2 (D2BS): (filename not available): JS::CompileOptions::setFileAndLine
[10/06/20 15:38:15] D2BS 13656: 7721F989 (KERNEL32): (filename not available): BaseThreadInitThunk
[10/06/20 15:38:15] D2BS 13656: 777F74B4 (ntdll): (filename not available): RtlGetAppContainerNamedObjectPath
[10/06/20 15:38:15] D2BS 13656: 777F7484 (ntdll): (filename not available): RtlGetAppContainerNamedObjectPath
[10/06/20 15:38:15] D2BS 13656: Stack Walk Thread: 7060
[10/06/20 15:38:15] D2BS 13656: 02EDB024 (D2BS): (filename not available): JSAutoStructuredCloneBuffer::JSAutoStructuredCloneBuffer
[10/06/20 15:38:15] D2BS 13656: 02ED37F8 (D2BS): (filename not available): QueryInterface
[10/06/20 15:38:15] D2BS 13656: 00408A05 (Game): (filename not available): (function-name not available)
[10/06/20 15:38:15] D2BS 13656: 00408A81 (Game): (filename not available): (function-name not available)
[10/06/20 15:38:15] D2BS 13656: 006123A3 (Game): (filename not available): BNGatewayAccess::UpdateGatewaysFromIni
[10/06/20 15:38:15] D2BS 13656: 006178E6 (Game): (filename not available): BNGatewayAccess::UpdateGatewaysFromIni
[10/06/20 15:38:15] D2BS 13656: 00619352 (Game): (filename not available): BNGatewayAccess::UpdateGatewaysFromIni
[10/06/20 15:38:15] D2BS 13656: 0044B93C (Game): (filename not available): BNGatewayAccess::CurGateway
[10/06/20 15:38:15] D2BS 13656: 0044B43C (Game): (filename not available): BNGatewayAccess::CurGateway
[10/06/20 15:38:15] D2BS 13656: 00405E6B (Game): (filename not available): (function-name not available)
[10/06/20 15:38:15] D2BS 13656: 004065C7 (Game): (filename not available): (function-name not available)
[10/06/20 15:38:15] D2BS 13656: 0040671F (Game): (filename not available): (function-name not available)
[10/06/20 15:38:15] D2BS 13656: 0068291C (Game): (filename not available): BNGatewayAccess::UpdateGatewaysFromIni
[10/06/20 15:38:15] D2BS 13656: 7721F989 (KERNEL32): (filename not available): BaseThreadInitThunk
[10/06/20 15:38:15] D2BS 13656: 777F74B4 (ntdll): (filename not available): RtlGetAppContainerNamedObjectPath
[10/06/20 15:38:15] D2BS 13656: 777F7484 (ntdll): (filename not available): RtlGetAppContainerNamedObjectPath
[10/06/20 15:38:15] D2BS 13656: Crash File: BlizzardError/2020-10-06 15.38.15/Crash.txt
[10/06/20 15:38:15] D2BS 13656: D2BS Shutdown complete.
[10/06/20 15:38:17] D2BS 2736: D2BS Engine startup complete. 1.6.4U
[10/06/20 15:38:17] D2BS 2736: LightSorc
[10/06/20 15:38:17] D2BS 2736: ÿc2D2BSÿc0 :: Switched to profile LightSorc
[10/06/20 15:38:17] D2BS 2736: ÿc2D2BSÿc0 :: Engine startup complete!
[10/06/20 15:38:17] D2BS 2736: ÿc2D2BSÿc0 :: Starting D2BotLanFollow.dbj
[10/06/20 15:38:17] D2BS 2736: ÿc2D2BSÿc0 :: D2BotLanFollow.dbj running.
[10/06/20 15:38:17] D2BS 2736: ÿc2D2BSÿc0 :: Started Console Script
[10/06/20 15:38:19] D2BS 2736: Heartbeat loaded
[10/06/20 15:38:37] D2BS 2736: ÿc2D2BSÿc0 :: Starting default.dbj
[10/06/20 15:38:37] D2BS 2736: ÿc2D2BSÿc0 :: default.dbj running.
[10/06/20 15:38:37] D2BS 2736: AutoBuild: Including build template config/builds/sorceress.light.js into default.dbj
[10/06/20 15:38:37] D2BS 2736: Updating Config from level 0 to 1
[10/06/20 15:38:37] D2BS 2736: ÿc4Loaded NIP: ÿc2LateGame.nipÿc4. Lines: ÿc277ÿc4. Valid entries: ÿc250. ÿc4Time: ÿc20 ms
[10/06/20 15:38:37] D2BS 2736: ÿc4Loaded NIP: ÿc2MidGame.nipÿc4. Lines: ÿc257ÿc4. Valid entries: ÿc234. ÿc4Time: ÿc20 ms
[10/06/20 15:38:37] D2BS 2736: ÿc4Loaded NIP: ÿc2EarlyGame.nipÿc4. Lines: ÿc234ÿc4. Valid entries: ÿc216. ÿc4Time: ÿc20 ms
[10/06/20 15:38:37] D2BS 2736: ÿc4Loaded NIP: ÿc2LightRunes.nipÿc4. Lines: ÿc223ÿc4. Valid entries: ÿc212. ÿc4Time: ÿc20 ms
[10/06/20 15:38:37] D2BS 2736: ÿc4Loaded NIP: ÿc2Light.xpac.nipÿc4. Lines: ÿc2129ÿc4. Valid entries: ÿc2112. ÿc4Time: ÿc215 ms
[10/06/20 15:38:37] D2BS 2736: AutoBuild: Including build template config/builds/sorceress.light.js into tools\autobuildthread.js
[10/06/20 15:38:37] D2BS 2736: Updating Config from level 0 to 1
[10/06/20 15:38:37] D2BS 2736: AutoBuild: Loaded helper thread
[10/06/20 15:38:37] D2BS 2736: ÿc4Loaded NIP: ÿc2Merc.xpac.nipÿc4. Lines: ÿc267ÿc4. Valid entries: ÿc249. ÿc4Time: ÿc20 ms
[10/06/20 15:38:37] D2BS 2736: AutoBuild: Including build template config/builds/sorceress.light.js into tools\party.js
[10/06/20 15:38:37] D2BS 2736: Updating Config from level 0 to 1
[10/06/20 15:38:37] D2BS 2736: ÿc2Party thread loaded. Mode: Accept
[10/06/20 15:38:37] D2BS 2736: AutoBuild: Including build template config/builds/sorceress.light.js into tools\townchicken.js
[10/06/20 15:38:37] D2BS 2736: ÿc3Start ToolsThread script
[10/06/20 15:38:37] D2BS 2736: Updating Config from level 0 to 1
[10/06/20 15:38:37] D2BS 2736: AutoBuild: Including build template config/builds/sorceress.light.js into tools\toolsthread.js
[10/06/20 15:38:37] D2BS 2736: Updating Config from level 0 to 1
[10/06/20 15:38:37] D2BS 2736: ÿc2Starting script: ÿc9LevelFollower
[10/06/20 15:39:21] D2BS 2736: Failed talking to Kashya
[10/06/20 15:39:30] D2BS 2736: initNPC: BuyPotions
[10/06/20 15:39:49] D2BS 2736: 1,2
[10/06/20 15:40:09] D2BS 2736: 2,8
[10/06/20 15:40:34] D2BS 2736: move retry 1
[10/06/20 15:40:42] D2BS 2736: AutoBuild: Stat points: 5      Skill points: 1
[10/06/20 15:40:42] D2BS 2736: AutoBuild: Level up detected ( 1 --> 2 )
[10/06/20 15:40:42] D2BS 2736: AutoBuild: useSkillPoint(): Warmth (37)
[10/06/20 15:40:42] D2BS 2736: AutoBuild: Skill (1/1) Increased Warmth (37) by one (level:  1)
[10/06/20 15:40:42] D2BS 2736: ÿc7Picked up ÿc41 Gold
[10/06/20 15:40:42] D2BS 2736: AutoBuild: useStatPoint(0): Strength
[10/06/20 15:40:42] D2BS 2736: AutoBuild: Stat (1/5) Increased Strength from 10 to 11
[10/06/20 15:40:42] D2BS 2736: AutoBuild: useStatPoint(1): Energy
[10/06/20 15:40:43] D2BS 2736: AutoBuild: Stat (2/5) Increased Energy from 35 to 36
[10/06/20 15:40:43] D2BS 2736: AutoBuild: useStatPoint(1): Energy
[10/06/20 15:40:43] D2BS 2736: AutoBuild: Stat (3/5) Increased Energy from 36 to 37
[10/06/20 15:40:43] D2BS 2736: AutoBuild: useStatPoint(3): Vitality
[10/06/20 15:40:43] D2BS 2736: AutoBuild: Stat (4/5) Increased Vitality from 10 to 11
[10/06/20 15:40:43] D2BS 2736: AutoBuild: useStatPoint(3): Vitality
[10/06/20 15:40:43] D2BS 2736: AutoBuild: Stat (5/5) Increased Vitality from 11 to 12
[10/06/20 15:40:43] D2BS 2736: Updating Config from level 1 to 2
[10/06/20 15:40:43] D2BS 2736: Updating Config from level 1 to 2
[10/06/20 15:40:43] D2BS 2736: AutoBuild: Updating Config from level 1 to 2
[10/06/20 15:40:43] D2BS 2736: Updating Config from level 1 to 2
[10/06/20 15:40:43] D2BS 2736: Updating Config from level 1 to 2
[10/06/20 15:40:43] D2BS 2736: AutoBuild: Incrementing cached character level to 2
[10/06/20 15:40:59] D2BS 2736: move retry 1
[10/06/20 15:41:07] D2BS 2736: ÿc7Picked up ÿc42 Gold
[10/06/20 15:41:25] D2BS 2736: ÿc7Picked up ÿc43 Gold
[10/06/20 15:41:27] D2BS 2736: move retry 1
[10/06/20 15:41:38] D2BS 2736: ÿc7Picked up ÿc43 Gold
[10/06/20 15:42:13] D2BS 2736: AutoBuild: Stat points: 5      Skill points: 1
[10/06/20 15:42:13] D2BS 2736: AutoBuild: Level up detected ( 2 --> 3 )
[10/06/20 15:42:13] D2BS 2736: AutoBuild: useSkillPoint(): Frozen Armor (40)
[10/06/20 15:42:13] D2BS 2736: AutoBuild: Skill (1/1) Increased Frozen Armor (40) by one (level:  1)
[10/06/20 15:42:13] D2BS 2736: AutoBuild: useStatPoint(0): Strength
[10/06/20 15:42:13] D2BS 2736: AutoBuild: Stat (1/5) Increased Strength from 11 to 12
[10/06/20 15:42:13] D2BS 2736: AutoBuild: useStatPoint(1): Energy
[10/06/20 15:42:13] D2BS 2736: AutoBuild: Stat (2/5) Increased Energy from 37 to 38
[10/06/20 15:42:13] D2BS 2736: AutoBuild: useStatPoint(1): Energy
[10/06/20 15:42:14] D2BS 2736: AutoBuild: Stat (3/5) Increased Energy from 38 to 39
[10/06/20 15:42:14] D2BS 2736: AutoBuild: useStatPoint(3): Vitality
[10/06/20 15:42:14] D2BS 2736: AutoBuild: Stat (4/5) Increased Vitality from 12 to 13
[10/06/20 15:42:14] D2BS 2736: AutoBuild: useStatPoint(3): Vitality
[10/06/20 15:42:14] D2BS 2736: AutoBuild: Stat (5/5) Increased Vitality from 13 to 14
[10/06/20 15:42:14] D2BS 2736: Updating Config from level 2 to 3
[10/06/20 15:42:14] D2BS 2736: Updating Config from level 2 to 3
[10/06/20 15:42:14] D2BS 2736: Updating Config from level 2 to 3
[10/06/20 15:42:14] D2BS 2736: Updating Config from level 2 to 3
[10/06/20 15:42:14] D2BS 2736: AutoBuild: Updating Config from level 2 to 3
[10/06/20 15:42:14] D2BS 2736: AutoBuild: Incrementing cached character level to 3
[10/06/20 15:42:44] D2BS 2736: ÿc7Picked up ÿc42 Gold
[10/06/20 15:42:53] D2BS 2736: move retry 1
[10/06/20 15:43:14] D2BS 2736: ÿc7Picked up ÿc47 Gold
[10/06/20 15:43:21] D2BS 2736: AutoBuild: Stat points: 5      Skill points: 1
[10/06/20 15:43:21] D2BS 2736: AutoBuild: Level up detected ( 3 --> 4 )
[10/06/20 15:43:21] D2BS 2736: AutoBuild: useSkillPoint(): Charged Bolt (38)
[10/06/20 15:43:21] D2BS 2736: AutoBuild: Skill (1/1) Increased Charged Bolt (38) by one (level:  1)
[10/06/20 15:43:22] D2BS 2736: AutoBuild: useStatPoint(0): Strength
[10/06/20 15:43:22] D2BS 2736: AutoBuild: Stat (1/5) Increased Strength from 12 to 13
[10/06/20 15:43:22] D2BS 2736: AutoBuild: useStatPoint(1): Energy
[10/06/20 15:43:22] D2BS 2736: AutoBuild: Stat (2/5) Increased Energy from 39 to 40
[10/06/20 15:43:22] D2BS 2736: AutoBuild: useStatPoint(1): Energy
[10/06/20 15:43:22] D2BS 2736: AutoBuild: Stat (3/5) Increased Energy from 40 to 41
[10/06/20 15:43:22] D2BS 2736: AutoBuild: useStatPoint(3): Vitality
[10/06/20 15:43:22] D2BS 2736: AutoBuild: Stat (4/5) Increased Vitality from 14 to 15
[10/06/20 15:43:22] D2BS 2736: AutoBuild: useStatPoint(3): Vitality
[10/06/20 15:43:22] D2BS 2736: AutoBuild: Stat (5/5) Increased Vitality from 15 to 16
[10/06/20 15:43:22] D2BS 2736: AutoBuild: Updating Config from level 3 to 4
[10/06/20 15:43:22] D2BS 2736: Updating Config from level 3 to 4
[10/06/20 15:43:22] D2BS 2736: Updating Config from level 3 to 4
[10/06/20 15:43:22] D2BS 2736: Updating Config from level 3 to 4
[10/06/20 15:43:22] D2BS 2736: Updating Config from level 3 to 4
[10/06/20 15:43:22] D2BS 2736: AutoBuild: Incrementing cached character level to 4
[10/06/20 15:43:34] D2BS 2736: move retry 1
[10/06/20 15:43:45] D2BS 2736: move retry 1
[10/06/20 15:48:01] D2BS 2736: Script default.dbj ended
[10/06/20 15:48:01] D2BS 2736: Script tools\autobuildthread.js ended
[10/06/20 15:48:01] D2BS 2736: Script tools\party.js ended
[10/06/20 15:48:01] D2BS 2736: Script tools\toolsthread.js ended
[10/06/20 15:48:01] D2BS 2736: Script tools\townchicken.js ended
[10/06/20 15:48:08] D2BS 2736: ÿc2D2BSÿc0 :: Starting default.dbj
[10/06/20 15:48:08] D2BS 2736: ÿc2D2BSÿc0 :: default.dbj running.
[10/06/20 15:48:08] D2BS 2736: AutoBuild: Including build template config/builds/sorceress.light.js into default.dbj
[10/06/20 15:48:08] D2BS 2736: Updating Config from level 0 to 4
[10/06/20 15:48:08] D2BS 2736: ÿc4Loaded NIP: ÿc2LateGame.nipÿc4. Lines: ÿc277ÿc4. Valid entries: ÿc250. ÿc4Time: ÿc20 ms
[10/06/20 15:48:08] D2BS 2736: ÿc4Loaded NIP: ÿc2MidGame.nipÿc4. Lines: ÿc257ÿc4. Valid entries: ÿc234. ÿc4Time: ÿc20 ms
[10/06/20 15:48:08] D2BS 2736: ÿc4Loaded NIP: ÿc2EarlyGame.nipÿc4. Lines: ÿc234ÿc4. Valid entries: ÿc216. ÿc4Time: ÿc20 ms
[10/06/20 15:48:08] D2BS 2736: ÿc4Loaded NIP: ÿc2LightRunes.nipÿc4. Lines: ÿc223ÿc4. Valid entries: ÿc212. ÿc4Time: ÿc20 ms
[10/06/20 15:48:08] D2BS 2736: ÿc4Loaded NIP: ÿc2Light.xpac.nipÿc4. Lines: ÿc2129ÿc4. Valid entries: ÿc2112. ÿc4Time: ÿc216 ms
[10/06/20 15:48:08] D2BS 2736: ÿc4Loaded NIP: ÿc2Merc.xpac.nipÿc4. Lines: ÿc267ÿc4. Valid entries: ÿc249. ÿc4Time: ÿc20 ms
[10/06/20 15:48:08] D2BS 2736: AutoBuild: Including build template config/builds/sorceress.light.js into tools\autobuildthread.js
[10/06/20 15:48:08] D2BS 2736: Updating Config from level 0 to 4
[10/06/20 15:48:08] D2BS 2736: AutoBuild: Loaded helper thread
[10/06/20 15:48:08] D2BS 2736: ÿc2Starting script: ÿc9LevelFollower
[10/06/20 15:48:08] D2BS 2736: AutoBuild: Including build template config/builds/sorceress.light.js into tools\party.js
[10/06/20 15:48:08] D2BS 2736: Updating Config from level 0 to 4
[10/06/20 15:48:08] D2BS 2736: ÿc2Party thread loaded. Mode: Accept
[10/06/20 15:48:08] D2BS 2736: ÿc3Start ToolsThread script
[10/06/20 15:48:08] D2BS 2736: AutoBuild: Including build template config/builds/sorceress.light.js into tools\toolsthread.js
[10/06/20 15:48:08] D2BS 2736: Updating Config from level 0 to 4
[10/06/20 15:48:08] D2BS 2736: AutoBuild: Including build template config/builds/sorceress.light.js into tools\townchicken.js
[10/06/20 15:48:08] D2BS 2736: Updating Config from level 0 to 4
[10/06/20 15:48:32] D2BS 2736: move retry 1
[10/06/20 15:48:33] D2BS 2736: move retry 2
[10/06/20 15:48:34] D2BS 2736: initNPC: BuyPotions
[10/06/20 15:48:58] D2BS 2736: 1,2
[10/06/20 15:49:36] D2BS 2736: 2,8
[10/06/20 15:49:49] D2BS 2736: ÿc7Picked up ÿc3Minor Mana Potion ÿc0(ilvl 1) (EarlyGame.nip #31)
[10/06/20 15:50:01] D2BS 2736: ÿc7Picked up ÿc44 Gold
[10/06/20 15:50:04] D2BS 2736: move retry 1
[10/06/20 15:50:13] D2BS 2736: move retry 1
[10/06/20 15:50:19] D2BS 2736: ÿc7Picked up ÿc0Short Sword ÿc0(ilvl 2)
[10/06/20 15:50:20] D2BS 2736: move retry 1
[10/06/20 15:50:21] D2BS 2736: ÿc7Picked up ÿc3Light Mana Potion ÿc0(ilvl 1) (EarlyGame.nip #33)
[10/06/20 15:50:26] D2BS 2736: move retry 1
[10/06/20 15:50:27] D2BS 2736: ÿc7Picked up ÿc45 Gold
[10/06/20 15:50:30] D2BS 2736: move retry 1
[10/06/20 15:50:38] D2BS 2736: move retry 1
[10/06/20 15:50:44] D2BS 2736: move retry 1
[10/06/20 15:50:46] D2BS 2736: move retry 2
[10/06/20 15:50:47] D2BS 2736: move retry 3
[10/06/20 15:50:53] D2BS 2736: move retry 1
[10/06/20 15:51:43] D2BS 2736: move retry 1
[10/06/20 15:51:50] D2BS 2736: move retry 1
[10/06/20 15:51:58] D2BS 2736: move retry 1
[10/06/20 15:52:01] D2BS 2736: move retry 1
[10/06/20 15:52:05] D2BS 2736: move retry 1
[10/06/20 15:52:07] D2BS 2736: ÿc7Picked up ÿc3Minor Mana Potion ÿc0(ilvl 1) (EarlyGame.nip #31)
[10/06/20 15:52:10] D2BS 2736: move retry 1
[10/06/20 15:52:28] D2BS 2736: ÿc7Picked up ÿc43 Gold
[10/06/20 15:52:30] D2BS 2736: move retry 1
[10/06/20 15:52:41] D2BS 2736: ÿc7Picked up ÿc1Minor Healing Potion ÿc0(ilvl 1) (EarlyGame.nip #32)
[10/06/20 15:52:41] D2BS 2736: ÿc7Picked up ÿc3Javelin ÿc0(ilvl 4)
[10/06/20 15:52:41] D2BS 2736: ÿc7Picked up ÿc3Minor Mana Potion ÿc0(ilvl 1) (EarlyGame.nip #31)
[10/06/20 15:52:49] D2BS 2736: AutoBuild: Stat points: 5      Skill points: 2
[10/06/20 15:52:49] D2BS 2736: AutoBuild: Level up detected ( 4 --> 5 )
[10/06/20 15:52:49] D2BS 2736: AutoBuild: useSkillPoint(): Warmth (37)
[10/06/20 15:52:49] D2BS 2736: AutoBuild: Skill (1/1) Increased Warmth (37) by one (level:  2)
[10/06/20 15:52:49] D2BS 2736: AutoBuild: useStatPoint(0): Strength
[10/06/20 15:52:49] D2BS 2736: AutoBuild: Stat (1/5) Increased Strength from 13 to 14
[10/06/20 15:52:49] D2BS 2736: AutoBuild: useStatPoint(1): Energy
[10/06/20 15:52:49] D2BS 2736: AutoBuild: Stat (2/5) Increased Energy from 41 to 42
[10/06/20 15:52:49] D2BS 2736: AutoBuild: useStatPoint(1): Energy
[10/06/20 15:52:49] D2BS 2736: AutoBuild: Stat (3/5) Increased Energy from 42 to 43
[10/06/20 15:52:49] D2BS 2736: AutoBuild: useStatPoint(3): Vitality
[10/06/20 15:52:50] D2BS 2736: AutoBuild: Stat (4/5) Increased Vitality from 16 to 17
[10/06/20 15:52:50] D2BS 2736: AutoBuild: useStatPoint(3): Vitality
[10/06/20 15:52:50] D2BS 2736: AutoBuild: Stat (5/5) Increased Vitality from 17 to 18
[10/06/20 15:52:50] D2BS 2736: Updating Config from level 4 to 5
[10/06/20 15:52:50] D2BS 2736: AutoBuild: Updating Config from level 4 to 5
[10/06/20 15:52:50] D2BS 2736: Updating Config from level 4 to 5
[10/06/20 15:52:50] D2BS 2736: Updating Config from level 4 to 5
[10/06/20 15:52:50] D2BS 2736: Updating Config from level 4 to 5
[10/06/20 15:52:50] D2BS 2736: AutoBuild: Incrementing cached character level to 5
[10/06/20 15:53:04] D2BS 2736: move retry 1
[10/06/20 15:53:10] D2BS 2736: ÿc7Picked up ÿc41 Gold
[10/06/20 15:53:13] D2BS 2736: move retry 1
[10/06/20 15:53:21] D2BS 2736: move retry 1
[10/06/20 15:53:53] D2BS 2736: 8,2
[10/06/20 15:54:22] D2BS 2736: move retry 1
[10/06/20 15:54:34] D2BS 2736: ÿc1Error in ÿc0LevelFollower ÿc1(pather.js line ÿc11045): ÿc1makePortal: No TP tomes.
[10/06/20 15:54:34] D2BS 2736: ÿc8Run duration ÿc2386.485
[10/06/20 15:54:34] D2BS 2736: Script tools\autobuildthread.js ended
[10/06/20 15:54:34] D2BS 2736: Script tools\party.js ended
[10/06/20 15:54:34] D2BS 2736: Script tools\townchicken.js ended
[10/06/20 15:54:41] D2BS 2736: ÿc2D2BSÿc0 :: Starting default.dbj
[10/06/20 15:54:41] D2BS 2736: ÿc2D2BSÿc0 :: default.dbj running.
[10/06/20 15:54:41] D2BS 2736: AutoBuild: Including build template config/builds/sorceress.light.js into default.dbj
[10/06/20 15:54:41] D2BS 2736: Updating Config from level 0 to 5
[10/06/20 15:54:41] D2BS 2736: ÿc4Loaded NIP: ÿc2LateGame.nipÿc4. Lines: ÿc277ÿc4. Valid entries: ÿc250. ÿc4Time: ÿc20 ms
[10/06/20 15:54:41] D2BS 2736: ÿc4Loaded NIP: ÿc2MidGame.nipÿc4. Lines: ÿc257ÿc4. Valid entries: ÿc234. ÿc4Time: ÿc20 ms
[10/06/20 15:54:41] D2BS 2736: ÿc4Loaded NIP: ÿc2EarlyGame.nipÿc4. Lines: ÿc234ÿc4. Valid entries: ÿc216. ÿc4Time: ÿc20 ms
[10/06/20 15:54:41] D2BS 2736: ÿc4Loaded NIP: ÿc2LightRunes.nipÿc4. Lines: ÿc223ÿc4. Valid entries: ÿc212. ÿc4Time: ÿc20 ms
[10/06/20 15:54:41] D2BS 2736: ÿc4Loaded NIP: ÿc2Light.xpac.nipÿc4. Lines: ÿc2129ÿc4. Valid entries: ÿc2112. ÿc4Time: ÿc216 ms
[10/06/20 15:54:41] D2BS 2736: ÿc4Loaded NIP: ÿc2Merc.xpac.nipÿc4. Lines: ÿc267ÿc4. Valid entries: ÿc249. ÿc4Time: ÿc20 ms
[10/06/20 15:54:41] D2BS 2736: AutoBuild: Including build template config/builds/sorceress.light.js into tools\autobuildthread.js
[10/06/20 15:54:41] D2BS 2736: Updating Config from level 0 to 5
[10/06/20 15:54:41] D2BS 2736: AutoBuild: Loaded helper thread
[10/06/20 15:54:41] D2BS 2736: LowGold sell Short Sword
[10/06/20 15:54:41] D2BS 2736: initNPC: clearInventory
[10/06/20 15:54:41] D2BS 2736: AutoBuild: Including build template config/builds/sorceress.light.js into tools\party.js
[10/06/20 15:54:41] D2BS 2736: Updating Config from level 0 to 5
[10/06/20 15:54:41] D2BS 2736: ÿc2Party thread loaded. Mode: Accept
[10/06/20 15:54:41] D2BS 2736: ÿc3Start ToolsThread script
[10/06/20 15:54:41] D2BS 2736: AutoBuild: Including build template config/builds/sorceress.light.js into tools\townchicken.js
[10/06/20 15:54:41] D2BS 2736: AutoBuild: Including build template config/builds/sorceress.light.js into tools\toolsthread.js
[10/06/20 15:54:41] D2BS 2736: Updating Config from level 0 to 5
[10/06/20 15:54:41] D2BS 2736: Updating Config from level 0 to 5
[10/06/20 15:54:48] D2BS 2736: LowGold sell Javelin
[10/06/20 15:54:48] D2BS 2736: initNPC: clearInventory
[10/06/20 15:54:50] D2BS 2736: ÿc2Starting script: ÿc9LevelFollower
[10/06/20 15:55:15] D2BS 2736: initNPC: BuyPotions
[10/06/20 15:55:31] D2BS 2736: 1,2,3
[10/06/20 15:55:35] D2BS 2736: move retry 1
[10/06/20 15:56:30] D2BS 2736: ÿc1Error in ÿc0LevelFollower ÿc1(pather.js line ÿc11045): ÿc1makePortal: No TP tomes.
[10/06/20 15:56:33] D2BS 2736: ÿc8Run duration ÿc2109.625
[10/06/20 15:56:33] D2BS 2736: Script tools\autobuildthread.js ended
[10/06/20 15:56:33] D2BS 2736: Script tools\party.js ended
[10/06/20 15:56:33] D2BS 2736: Script tools\townchicken.js ended
[10/06/20 15:56:40] D2BS 2736: ÿc2D2BSÿc0 :: Starting default.dbj
[10/06/20 15:56:40] D2BS 2736: ÿc2D2BSÿc0 :: default.dbj running.
[10/06/20 15:56:40] D2BS 2736: AutoBuild: Including build template config/builds/sorceress.light.js into default.dbj
[10/06/20 15:56:40] D2BS 2736: Updating Config from level 0 to 5
[10/06/20 15:56:40] D2BS 2736: ÿc4Loaded NIP: ÿc2LateGame.nipÿc4. Lines: ÿc277ÿc4. Valid entries: ÿc250. ÿc4Time: ÿc20 ms
[10/06/20 15:56:40] D2BS 2736: ÿc4Loaded NIP: ÿc2MidGame.nipÿc4. Lines: ÿc257ÿc4. Valid entries: ÿc234. ÿc4Time: ÿc20 ms
[10/06/20 15:56:40] D2BS 2736: ÿc4Loaded NIP: ÿc2EarlyGame.nipÿc4. Lines: ÿc234ÿc4. Valid entries: ÿc216. ÿc4Time: ÿc20 ms
[10/06/20 15:56:40] D2BS 2736: ÿc4Loaded NIP: ÿc2LightRunes.nipÿc4. Lines: ÿc223ÿc4. Valid entries: ÿc212. ÿc4Time: ÿc20 ms
[10/06/20 15:56:40] D2BS 2736: ÿc4Loaded NIP: ÿc2Light.xpac.nipÿc4. Lines: ÿc2129ÿc4. Valid entries: ÿc2112. ÿc4Time: ÿc216 ms
[10/06/20 15:56:40] D2BS 2736: ÿc4Loaded NIP: ÿc2Merc.xpac.nipÿc4. Lines: ÿc267ÿc4. Valid entries: ÿc249. ÿc4Time: ÿc20 ms
[10/06/20 15:56:40] D2BS 2736: AutoBuild: Including build template config/builds/sorceress.light.js into tools\autobuildthread.js
[10/06/20 15:56:40] D2BS 2736: Updating Config from level 0 to 5
[10/06/20 15:56:40] D2BS 2736: AutoBuild: Loaded helper thread
[10/06/20 15:56:40] D2BS 2736: ÿc2Starting script: ÿc9LevelFollower
[10/06/20 15:56:40] D2BS 2736: AutoBuild: Including build template config/builds/sorceress.light.js into tools\party.js
[10/06/20 15:56:40] D2BS 2736: Updating Config from level 0 to 5
[10/06/20 15:56:40] D2BS 2736: ÿc2Party thread loaded. Mode: Accept
[10/06/20 15:56:40] D2BS 2736: ÿc3Start ToolsThread script
[10/06/20 15:56:40] D2BS 2736: AutoBuild: Including build template config/builds/sorceress.light.js into tools\townchicken.js
[10/06/20 15:56:40] D2BS 2736: AutoBuild: Including build template config/builds/sorceress.light.js into tools\toolsthread.js
[10/06/20 15:56:40] D2BS 2736: Updating Config from level 0 to 5
[10/06/20 15:56:40] D2BS 2736: Updating Config from level 0 to 5
[10/06/20 15:56:58] D2BS 2736: initNPC: BuyPotions
[10/06/20 15:57:08] D2BS 2736: move retry 1
[10/06/20 15:58:03] D2BS 2736: move retry 1
[10/06/20 15:58:09] D2BS 2736: ÿc7Picked up ÿc42 Gold
[10/06/20 15:58:09] D2BS 2736: ÿc7Picked up ÿc3Dagger ÿc0(ilvl 2)
[10/06/20 15:58:10] D2BS 2736: ÿc7Picked up ÿc3Minor Mana Potion ÿc0(ilvl 1) (EarlyGame.nip #31)
[10/06/20 15:58:13] D2BS 2736: ÿc7Picked up ÿc44 Gold
[10/06/20 15:58:37] D2BS 2736: ÿc7Picked up ÿc45 Gold
[10/06/20 15:58:47] D2BS 2736: ÿc7Picked up ÿc1Light Healing Potion ÿc0(ilvl 1) (EarlyGame.nip #34)
[10/06/20 15:58:52] D2BS 2736: ÿc7Picked up ÿc0Cracked Sash ÿc0(ilvl 2) (Light.xpac.nip #88)
[10/06/20 15:58:59] D2BS 2736: ÿc7Picked up ÿc410 Gold
[10/06/20 15:59:29] D2BS 2736: ÿc7Picked up ÿc0Cracked Quilted Armor ÿc0(ilvl 2) (Light.xpac.nip #52)
[10/06/20 15:59:32] D2BS 2736: move retry 1
[10/06/20 15:59:50] D2BS 2736: ÿc1Error in ÿc0LevelFollower ÿc1(pather.js line ÿc11045): ÿc1makePortal: No TP tomes.
[10/06/20 15:59:50] D2BS 2736: ÿc8Run duration ÿc2190.625
[10/06/20 15:59:50] D2BS 2736: Script tools\autobuildthread.js ended
[10/06/20 15:59:50] D2BS 2736: Script tools\party.js ended
[10/06/20 15:59:50] D2BS 2736: Script tools\townchicken.js ended
[10/06/20 15:59:56] D2BS 2736: ÿc2D2BSÿc0 :: Starting default.dbj
[10/06/20 15:59:56] D2BS 2736: ÿc2D2BSÿc0 :: default.dbj running.
[10/06/20 15:59:56] D2BS 2736: AutoBuild: Including build template config/builds/sorceress.light.js into default.dbj
[10/06/20 15:59:56] D2BS 2736: Updating Config from level 0 to 5
[10/06/20 15:59:56] D2BS 2736: ÿc4Loaded NIP: ÿc2LateGame.nipÿc4. Lines: ÿc277ÿc4. Valid entries: ÿc250. ÿc4Time: ÿc20 ms
[10/06/20 15:59:56] D2BS 2736: ÿc4Loaded NIP: ÿc2MidGame.nipÿc4. Lines: ÿc257ÿc4. Valid entries: ÿc234. ÿc4Time: ÿc216 ms
[10/06/20 15:59:56] D2BS 2736: ÿc4Loaded NIP: ÿc2EarlyGame.nipÿc4. Lines: ÿc234ÿc4. Valid entries: ÿc216. ÿc4Time: ÿc20 ms
[10/06/20 15:59:56] D2BS 2736: ÿc4Loaded NIP: ÿc2LightRunes.nipÿc4. Lines: ÿc223ÿc4. Valid entries: ÿc212. ÿc4Time: ÿc20 ms
[10/06/20 15:59:56] D2BS 2736: ÿc4Loaded NIP: ÿc2Light.xpac.nipÿc4. Lines: ÿc2129ÿc4. Valid entries: ÿc2112. ÿc4Time: ÿc216 ms
[10/06/20 15:59:56] D2BS 2736: ÿc4Loaded NIP: ÿc2Merc.xpac.nipÿc4. Lines: ÿc267ÿc4. Valid entries: ÿc249. ÿc4Time: ÿc20 ms
[10/06/20 15:59:56] D2BS 2736: AutoBuild: Including build template config/builds/sorceress.light.js into tools\autobuildthread.js
[10/06/20 15:59:56] D2BS 2736: Updating Config from level 0 to 5
[10/06/20 15:59:56] D2BS 2736: AutoBuild: Loaded helper thread
[10/06/20 15:59:57] D2BS 2736: LowGold sell Dagger
[10/06/20 15:59:57] D2BS 2736: initNPC: clearInventory
[10/06/20 15:59:57] D2BS 2736: AutoBuild: Including build template config/builds/sorceress.light.js into tools\party.js
[10/06/20 15:59:57] D2BS 2736: Updating Config from level 0 to 5
[10/06/20 15:59:57] D2BS 2736: ÿc2Party thread loaded. Mode: Accept
[10/06/20 15:59:57] D2BS 2736: AutoBuild: Including build template config/builds/sorceress.light.js into tools\townchicken.js
[10/06/20 15:59:57] D2BS 2736: Updating Config from level 0 to 5
[10/06/20 15:59:57] D2BS 2736: ÿc3Start ToolsThread script
[10/06/20 15:59:57] D2BS 2736: AutoBuild: Including build template config/builds/sorceress.light.js into tools\toolsthread.js
[10/06/20 15:59:57] D2BS 2736: Updating Config from level 0 to 5
[10/06/20 16:00:04] D2BS 2736: ÿc2Starting script: ÿc9LevelFollower
[10/06/20 16:00:23] D2BS 2736: initNPC: BuyPotions
[10/06/20 16:01:41] D2BS 2736: ÿc7Picked up ÿc42 Gold
[10/06/20 16:01:42] D2BS 2736: ÿc7Picked up ÿc1Minor Healing Potion ÿc0(ilvl 1) (EarlyGame.nip #32)
[10/06/20 16:01:44] D2BS 2736: ÿc7Picked up ÿc41 Gold
[10/06/20 16:01:45] D2BS 2736: ÿc7Picked up ÿc43 Gold
[10/06/20 16:01:57] D2BS 2736: ÿc7Picked up ÿc3Minor Mana Potion ÿc0(ilvl 1) (EarlyGame.nip #31)
[10/06/20 16:02:02] D2BS 2736: ÿc7Picked up ÿc0Damaged Leather Gloves ÿc0(ilvl 1) (Light.xpac.nip #79)
[10/06/20 16:02:08] D2BS 2736: move retry 1
[10/06/20 16:02:27] D2BS 2736: move retry 1
[10/06/20 16:03:03] D2BS 2736: AutoBuild: Stat points: 5      Skill points: 2
[10/06/20 16:03:03] D2BS 2736: AutoBuild: Level up detected ( 5 --> 6 )
[10/06/20 16:03:03] D2BS 2736: AutoBuild: useSkillPoint(): Static Field (42)
[10/06/20 16:03:03] D2BS 2736: AutoBuild: Skill (1/1) Increased Static Field (42) by one (level:  1)
[10/06/20 16:03:04] D2BS 2736: AutoBuild: useStatPoint(0): Strength
[10/06/20 16:03:04] D2BS 2736: AutoBuild: Stat (1/5) Increased Strength from 14 to 15
[10/06/20 16:03:04] D2BS 2736: AutoBuild: useStatPoint(1): Energy
[10/06/20 16:03:04] D2BS 2736: AutoBuild: Stat (2/5) Increased Energy from 43 to 44
[10/06/20 16:03:04] D2BS 2736: AutoBuild: useStatPoint(1): Energy
[10/06/20 16:03:04] D2BS 2736: AutoBuild: Stat (3/5) Increased Energy from 44 to 45
[10/06/20 16:03:04] D2BS 2736: AutoBuild: useStatPoint(3): Vitality
[10/06/20 16:03:04] D2BS 2736: AutoBuild: Stat (4/5) Increased Vitality from 18 to 19
[10/06/20 16:03:04] D2BS 2736: AutoBuild: useStatPoint(3): Vitality
[10/06/20 16:03:04] D2BS 2736: AutoBuild: Stat (5/5) Increased Vitality from 19 to 20
[10/06/20 16:03:04] D2BS 2736: AutoBuild: Updating Config from level 5 to 6
[10/06/20 16:03:04] D2BS 2736: Updating Config from level 5 to 6
[10/06/20 16:03:04] D2BS 2736: Updating Config from level 5 to 6
[10/06/20 16:03:04] D2BS 2736: Updating Config from level 5 to 6
[10/06/20 16:03:04] D2BS 2736: Updating Config from level 5 to 6
[10/06/20 16:03:04] D2BS 2736: AutoBuild: Incrementing cached character level to 6
[10/06/20 16:03:25] D2BS 2736: move retry 1
[10/06/20 16:04:33] D2BS 2736: ÿc7Picked up ÿc44 Gold
[10/06/20 16:04:33] D2BS 2736: ÿc7Picked up ÿc41 Gold
[10/06/20 16:04:36] D2BS 2736: ÿc7Picked up ÿc410 Gold
[10/06/20 16:04:40] D2BS 2736: ÿc7Picked up ÿc1Light Healing Potion ÿc0(ilvl 1) (EarlyGame.nip #34)
[10/06/20 16:04:45] D2BS 2736: ÿc7Picked up ÿc41 Gold
[10/06/20 16:04:55] D2BS 2736: ÿc7Picked up ÿc46 Gold
[10/06/20 16:05:01] D2BS 2736: move retry 1
[10/06/20 16:05:10] D2BS 2736: ÿc7Picked up ÿc411 Gold
[10/06/20 16:05:20] D2BS 2736: ÿc7Picked up ÿc42 Gold
[10/06/20 16:05:49] D2BS 2736: ÿc7Picked up ÿc45 Gold
[10/06/20 16:05:58] D2BS 2736: move retry 1
[10/06/20 16:06:02] D2BS 2736: ÿc7Picked up ÿc0Boots ÿc0(ilvl 2) (Light.xpac.nip #68)
[10/06/20 16:06:29] D2BS 2736: ÿc7Picked up ÿc3Minor Mana Potion ÿc0(ilvl 1) (EarlyGame.nip #31)
[10/06/20 16:06:32] D2BS 2736: move retry 1
[10/06/20 16:06:38] D2BS 2736: ÿc7Picked up ÿc42 Gold
[10/06/20 16:06:53] D2BS 2736: move retry 1
[10/06/20 16:07:46] D2BS 2736: move retry 1
[10/06/20 16:09:24] D2BS 2736: move retry 1
[10/06/20 16:09:29] D2BS 2736: move retry 1
[10/06/20 16:09:31] D2BS 2736: move retry 1
