[09/17/20 11:04:37] D2BS 18160: D2BS Engine startup complete. 1.6.4U
[09/17/20 11:04:37] D2BS 18160: Summoner
[09/17/20 11:04:37] D2BS 18160: ÿc2D2BSÿc0 :: Switched to profile Summoner
[09/17/20 11:04:37] D2BS 18160: ÿc2D2BSÿc0 :: Engine startup complete!
[09/17/20 11:04:37] D2BS 18160: ÿc2D2BSÿc0 :: Starting D2BotLanFollow.dbj
[09/17/20 11:04:37] D2BS 18160: ÿc2D2BSÿc0 :: D2BotLanFollow.dbj running.
[09/17/20 11:04:37] D2BS 18160: ÿc2D2BSÿc0 :: Started Console Script
[09/17/20 11:04:42] D2BS 18160: Heartbeat loaded
[09/17/20 11:04:57] D2BS 18160: Stack Walk Thread: 29284
[09/17/20 11:04:57] D2BS 18160: 773B321C (ntdll): (filename not available): ZwWaitForWorkViaWorkerFactory
[09/17/20 11:04:57] D2BS 18160: 7565F989 (KERNEL32): (filename not available): BaseThreadInitThunk
[09/17/20 11:04:57] D2BS 18160: 773A74B4 (ntdll): (filename not available): RtlGetAppContainerNamedObjectPath
[09/17/20 11:04:57] D2BS 18160: 773A7484 (ntdll): (filename not available): RtlGetAppContainerNamedObjectPath
[09/17/20 11:04:57] D2BS 18160: Stack Walk Thread: 28084
[09/17/20 11:04:57] D2BS 18160: 773B321C (ntdll): (filename not available): ZwWaitForWorkViaWorkerFactory
[09/17/20 11:04:57] D2BS 18160: 7565F989 (KERNEL32): (filename not available): BaseThreadInitThunk
[09/17/20 11:04:57] D2BS 18160: 773A74B4 (ntdll): (filename not available): RtlGetAppContainerNamedObjectPath
[09/17/20 11:04:57] D2BS 18160: 773A7484 (ntdll): (filename not available): RtlGetAppContainerNamedObjectPath
[09/17/20 11:04:57] D2BS 18160: Stack Walk Thread: 18024
[09/17/20 11:04:57] D2BS 18160: 773B321C (ntdll): (filename not available): ZwWaitForWorkViaWorkerFactory
[09/17/20 11:04:57] D2BS 18160: 7565F989 (KERNEL32): (filename not available): BaseThreadInitThunk
[09/17/20 11:04:57] D2BS 18160: 773A74B4 (ntdll): (filename not available): RtlGetAppContainerNamedObjectPath
[09/17/20 11:04:57] D2BS 18160: 773A7484 (ntdll): (filename not available): RtlGetAppContainerNamedObjectPath
[09/17/20 11:04:57] D2BS 18160: Stack Walk Thread: 22804
[09/17/20 11:04:57] D2BS 18160: 773B182C (ntdll): (filename not available): NtDelayExecution
[09/17/20 11:04:57] D2BS 18160: 76B02DDF (KERNELBASE): (filename not available): Sleep
[09/17/20 11:04:57] D2BS 18160: 03183C94 (D2BS): (filename not available): QueryInterface
[09/17/20 11:04:57] D2BS 18160: 7565F989 (KERNEL32): (filename not available): BaseThreadInitThunk
[09/17/20 11:04:57] D2BS 18160: 773A74B4 (ntdll): (filename not available): RtlGetAppContainerNamedObjectPath
[09/17/20 11:04:57] D2BS 18160: 773A7484 (ntdll): (filename not available): RtlGetAppContainerNamedObjectPath
[09/17/20 11:04:57] D2BS 18160: Stack Walk Thread: 9068
[09/17/20 11:04:57] D2BS 18160: 773B150C (ntdll): (filename not available): NtWaitForSingleObject
[09/17/20 11:04:57] D2BS 18160: 76AEF5F2 (KERNELBASE): (filename not available): WaitForSingleObject
[09/17/20 11:04:57] D2BS 18160: 004027E5 (Game): (filename not available): (function-name not available)
[09/17/20 11:04:57] D2BS 18160: 7565F989 (KERNEL32): (filename not available): BaseThreadInitThunk
[09/17/20 11:04:57] D2BS 18160: 773A74B4 (ntdll): (filename not available): RtlGetAppContainerNamedObjectPath
[09/17/20 11:04:57] D2BS 18160: 773A7484 (ntdll): (filename not available): RtlGetAppContainerNamedObjectPath
[09/17/20 11:04:57] D2BS 18160: Stack Walk Thread: 24960
[09/17/20 11:04:57] D2BS 18160: 773B182C (ntdll): (filename not available): NtDelayExecution
[09/17/20 11:04:57] D2BS 18160: 76B02DDF (KERNELBASE): (filename not available): Sleep
[09/17/20 11:04:57] D2BS 18160: 004102FC (Game): (filename not available): (function-name not available)
[09/17/20 11:04:57] D2BS 18160: 7565F989 (KERNEL32): (filename not available): BaseThreadInitThunk
[09/17/20 11:04:57] D2BS 18160: 773A74B4 (ntdll): (filename not available): RtlGetAppContainerNamedObjectPath
[09/17/20 11:04:57] D2BS 18160: 773A7484 (ntdll): (filename not available): RtlGetAppContainerNamedObjectPath
[09/17/20 11:04:57] D2BS 18160: Stack Walk Thread: 25400
[09/17/20 11:04:57] D2BS 18160: 773B150C (ntdll): (filename not available): NtWaitForSingleObject
[09/17/20 11:04:57] D2BS 18160: 76AEF5F2 (KERNELBASE): (filename not available): WaitForSingleObject
[09/17/20 11:04:57] D2BS 18160: 0041A845 (Game): (filename not available): (function-name not available)
[09/17/20 11:04:57] D2BS 18160: 7565F989 (KERNEL32): (filename not available): BaseThreadInitThunk
[09/17/20 11:04:57] D2BS 18160: 773A74B4 (ntdll): (filename not available): RtlGetAppContainerNamedObjectPath
[09/17/20 11:04:57] D2BS 18160: 773A7484 (ntdll): (filename not available): RtlGetAppContainerNamedObjectPath
[09/17/20 11:04:57] D2BS 18160: Stack Walk Thread: 20948
[09/17/20 11:04:57] D2BS 18160: 773B321C (ntdll): (filename not available): ZwWaitForWorkViaWorkerFactory
[09/17/20 11:04:57] D2BS 18160: 7565F989 (KERNEL32): (filename not available): BaseThreadInitThunk
[09/17/20 11:04:57] D2BS 18160: 773A74B4 (ntdll): (filename not available): RtlGetAppContainerNamedObjectPath
[09/17/20 11:04:57] D2BS 18160: 773A7484 (ntdll): (filename not available): RtlGetAppContainerNamedObjectPath
[09/17/20 11:04:57] D2BS 18160: Stack Walk Thread: 28648
[09/17/20 11:04:57] D2BS 18160: 773B1A9C (ntdll): (filename not available): ZwWaitForMultipleObjects
[09/17/20 11:04:57] D2BS 18160: 766C6676 (CRYPT32): (filename not available): CertDuplicateCRLContext
[09/17/20 11:04:57] D2BS 18160: 7565F989 (KERNEL32): (filename not available): BaseThreadInitThunk
[09/17/20 11:04:57] D2BS 18160: 773A74B4 (ntdll): (filename not available): RtlGetAppContainerNamedObjectPath
[09/17/20 11:04:57] D2BS 18160: 773A7484 (ntdll): (filename not available): RtlGetAppContainerNamedObjectPath
[09/17/20 11:04:57] D2BS 18160: Stack Walk Thread: 5300
[09/17/20 11:04:57] D2BS 18160: 773B321C (ntdll): (filename not available): ZwWaitForWorkViaWorkerFactory
[09/17/20 11:04:57] D2BS 18160: 7565F989 (KERNEL32): (filename not available): BaseThreadInitThunk
[09/17/20 11:04:57] D2BS 18160: 773A74B4 (ntdll): (filename not available): RtlGetAppContainerNamedObjectPath
[09/17/20 11:04:57] D2BS 18160: 773A7484 (ntdll): (filename not available): RtlGetAppContainerNamedObjectPath
[09/17/20 11:04:57] D2BS 18160: Stack Walk Thread: 30096
[09/17/20 11:04:57] D2BS 18160: 773B321C (ntdll): (filename not available): ZwWaitForWorkViaWorkerFactory
[09/17/20 11:04:57] D2BS 18160: 7565F989 (KERNEL32): (filename not available): BaseThreadInitThunk
[09/17/20 11:04:57] D2BS 18160: 773A74B4 (ntdll): (filename not available): RtlGetAppContainerNamedObjectPath
[09/17/20 11:04:57] D2BS 18160: 773A7484 (ntdll): (filename not available): RtlGetAppContainerNamedObjectPath
[09/17/20 11:04:57] D2BS 18160: Stack Walk Thread: 13248
[09/17/20 11:04:57] D2BS 18160: 773B321C (ntdll): (filename not available): ZwWaitForWorkViaWorkerFactory
[09/17/20 11:04:57] D2BS 18160: 7565F989 (KERNEL32): (filename not available): BaseThreadInitThunk
[09/17/20 11:04:57] D2BS 18160: 773A74B4 (ntdll): (filename not available): RtlGetAppContainerNamedObjectPath
[09/17/20 11:04:57] D2BS 18160: 773A7484 (ntdll): (filename not available): RtlGetAppContainerNamedObjectPath
[09/17/20 11:04:57] D2BS 18160: Stack Walk Thread: 38968
[09/17/20 11:04:57] D2BS 18160: 773B182C (ntdll): (filename not available): NtDelayExecution
[09/17/20 11:04:57] D2BS 18160: 76B02DDF (KERNELBASE): (filename not available): Sleep
[09/17/20 11:04:57] D2BS 18160: 7293CD14 (WINHTTP): (filename not available): WinHttpSetProxySettingsPerUser
[09/17/20 11:04:57] D2BS 18160: 7293073D (WINHTTP): (filename not available): WinHttpTimeFromSystemTime
[09/17/20 11:04:57] D2BS 18160: 77390B10 (ntdll): (filename not available): RtlRunOnceComplete
[09/17/20 11:04:57] D2BS 18160: 77390A5F (ntdll): (filename not available): RtlRunOnceComplete
[09/17/20 11:04:57] D2BS 18160: 773913D4 (ntdll): (filename not available): TpCallbackIndependent
[09/17/20 11:04:57] D2BS 18160: 7565F989 (KERNEL32): (filename not available): BaseThreadInitThunk
[09/17/20 11:04:57] D2BS 18160: 773A74B4 (ntdll): (filename not available): RtlGetAppContainerNamedObjectPath
[09/17/20 11:04:57] D2BS 18160: 773A7484 (ntdll): (filename not available): RtlGetAppContainerNamedObjectPath
[09/17/20 11:04:57] D2BS 18160: Stack Walk Thread: 28856
[09/17/20 11:04:57] D2BS 18160: 773B321C (ntdll): (filename not available): ZwWaitForWorkViaWorkerFactory
[09/17/20 11:04:57] D2BS 18160: 7565F989 (KERNEL32): (filename not available): BaseThreadInitThunk
[09/17/20 11:04:57] D2BS 18160: 773A74B4 (ntdll): (filename not available): RtlGetAppContainerNamedObjectPath
[09/17/20 11:04:57] D2BS 18160: 773A7484 (ntdll): (filename not available): RtlGetAppContainerNamedObjectPath
[09/17/20 11:04:57] D2BS 18160: Stack Walk Thread: 38596
[09/17/20 11:04:57] D2BS 18160: 773B150C (ntdll): (filename not available): NtWaitForSingleObject
[09/17/20 11:04:57] D2BS 18160: 03207236 (D2BS): (filename not available): JS::CompileOptions::setFileAndLine
[09/17/20 11:04:57] D2BS 18160: 032F2B1F (D2BS): (filename not available): JS_freeop
[09/17/20 11:04:57] D2BS 18160: 032F1A5E (D2BS): (filename not available): JS_freeop
[09/17/20 11:04:57] D2BS 18160: 0321E4A2 (D2BS): (filename not available): JS::CompileOptions::setFileAndLine
[09/17/20 11:04:57] D2BS 18160: 7565F989 (KERNEL32): (filename not available): BaseThreadInitThunk
[09/17/20 11:04:57] D2BS 18160: 773A74B4 (ntdll): (filename not available): RtlGetAppContainerNamedObjectPath
[09/17/20 11:04:57] D2BS 18160: 773A7484 (ntdll): (filename not available): RtlGetAppContainerNamedObjectPath
[09/17/20 11:04:57] D2BS 18160: Stack Walk Thread: 27952
[09/17/20 11:04:57] D2BS 18160: 773B182C (ntdll): (filename not available): NtDelayExecution
[09/17/20 11:04:57] D2BS 18160: 76B02DDF (KERNELBASE): (filename not available): Sleep
[09/17/20 11:04:57] D2BS 18160: 0318E2FD (D2BS): (filename not available): JS::CompileOptions::setFileAndLine
[09/17/20 11:04:57] D2BS 18160: 032101B1 (D2BS): (filename not available): JS::CompileOptions::setFileAndLine
[09/17/20 11:04:57] D2BS 18160: 032F2B1F (D2BS): (filename not available): JS_freeop
[09/17/20 11:04:57] D2BS 18160: 032F1A5E (D2BS): (filename not available): JS_freeop
[09/17/20 11:04:57] D2BS 18160: 0321E4A2 (D2BS): (filename not available): JS::CompileOptions::setFileAndLine
[09/17/20 11:04:57] D2BS 18160: 7565F989 (KERNEL32): (filename not available): BaseThreadInitThunk
[09/17/20 11:04:57] D2BS 18160: 773A74B4 (ntdll): (filename not available): RtlGetAppContainerNamedObjectPath
[09/17/20 11:04:57] D2BS 18160: 773A7484 (ntdll): (filename not available): RtlGetAppContainerNamedObjectPath
[09/17/20 11:04:57] D2BS 18160: Stack Walk Thread: 39384
[09/17/20 11:04:57] D2BS 18160: 773B150C (ntdll): (filename not available): NtWaitForSingleObject
[09/17/20 11:04:57] D2BS 18160: 03207236 (D2BS): (filename not available): JS::CompileOptions::setFileAndLine
[09/17/20 11:04:57] D2BS 18160: 032F2B1F (D2BS): (filename not available): JS_freeop
[09/17/20 11:04:57] D2BS 18160: 032F1A5E (D2BS): (filename not available): JS_freeop
[09/17/20 11:04:57] D2BS 18160: 0321E4A2 (D2BS): (filename not available): JS::CompileOptions::setFileAndLine
[09/17/20 11:04:57] D2BS 18160: 7565F989 (KERNEL32): (filename not available): BaseThreadInitThunk
[09/17/20 11:04:57] D2BS 18160: 773A74B4 (ntdll): (filename not available): RtlGetAppContainerNamedObjectPath
[09/17/20 11:04:57] D2BS 18160: 773A7484 (ntdll): (filename not available): RtlGetAppContainerNamedObjectPath
[09/17/20 11:04:57] D2BS 18160: Stack Walk Thread: 30152
[09/17/20 11:04:57] D2BS 18160: 0318B024 (D2BS): (filename not available): JSAutoStructuredCloneBuffer::JSAutoStructuredCloneBuffer
[09/17/20 11:04:57] D2BS 18160: 031837F8 (D2BS): (filename not available): QueryInterface
[09/17/20 11:04:57] D2BS 18160: 00408A05 (Game): (filename not available): (function-name not available)
[09/17/20 11:04:57] D2BS 18160: 00408A81 (Game): (filename not available): (function-name not available)
[09/17/20 11:04:57] D2BS 18160: 006123A3 (Game): (filename not available): BNGatewayAccess::UpdateGatewaysFromIni
[09/17/20 11:04:57] D2BS 18160: 0061292A (Game): (filename not available): BNGatewayAccess::UpdateGatewaysFromIni
[09/17/20 11:04:57] D2BS 18160: 0061930D (Game): (filename not available): BNGatewayAccess::UpdateGatewaysFromIni
[09/17/20 11:04:57] D2BS 18160: 0044B93C (Game): (filename not available): BNGatewayAccess::CurGateway
[09/17/20 11:04:57] D2BS 18160: 0044B43C (Game): (filename not available): BNGatewayAccess::CurGateway
[09/17/20 11:04:57] D2BS 18160: 00405E6B (Game): (filename not available): (function-name not available)
[09/17/20 11:04:57] D2BS 18160: 004065C7 (Game): (filename not available): (function-name not available)
[09/17/20 11:04:57] D2BS 18160: 0040671F (Game): (filename not available): (function-name not available)
[09/17/20 11:04:57] D2BS 18160: 0068291C (Game): (filename not available): BNGatewayAccess::UpdateGatewaysFromIni
[09/17/20 11:04:57] D2BS 18160: 7565F989 (KERNEL32): (filename not available): BaseThreadInitThunk
[09/17/20 11:04:57] D2BS 18160: 773A74B4 (ntdll): (filename not available): RtlGetAppContainerNamedObjectPath
[09/17/20 11:04:57] D2BS 18160: 773A7484 (ntdll): (filename not available): RtlGetAppContainerNamedObjectPath
[09/17/20 11:04:57] D2BS 18160: Crash File: BlizzardError/2020-09-17 11.04.57/Crash.txt
[09/17/20 11:04:57] D2BS 18160: D2BS Shutdown complete.
[09/17/20 11:04:58] D2BS 33300: D2BS Engine startup complete. 1.6.4U
[09/17/20 11:04:58] D2BS 33300: ÿc2D2BSÿc0 :: Switched to profile Summoner
[09/17/20 11:04:58] D2BS 33300: ÿc2D2BSÿc0 :: Engine startup complete!
[09/17/20 11:04:58] D2BS 33300: ÿc2D2BSÿc0 :: Starting D2BotLanFollow.dbj
[09/17/20 11:04:58] D2BS 33300: ÿc2D2BSÿc0 :: D2BotLanFollow.dbj running.
[09/17/20 11:04:58] D2BS 33300: ÿc2D2BSÿc0 :: Started Console Script
[09/17/20 11:04:58] D2BS 33300: Summoner
[09/17/20 11:05:01] D2BS 33300: Heartbeat loaded
[09/17/20 11:05:18] D2BS 33300: ÿc2D2BSÿc0 :: Starting default.dbj
[09/17/20 11:05:18] D2BS 33300: ÿc2D2BSÿc0 :: default.dbj running.
[09/17/20 11:05:18] D2BS 33300: AutoBuild: Including build template config/builds/necromancer.summoner.js into default.dbj
[09/17/20 11:05:18] D2BS 33300: Updating Config from level 0 to 61
[09/17/20 11:05:18] D2BS 33300: ÿc4Loaded NIP: ÿc2LateGame.nipÿc4. Lines: ÿc277ÿc4. Valid entries: ÿc250. ÿc4Time: ÿc20 ms
[09/17/20 11:05:18] D2BS 33300: ÿc4Loaded NIP: ÿc2MidGame.nipÿc4. Lines: ÿc254ÿc4. Valid entries: ÿc233. ÿc4Time: ÿc20 ms
[09/17/20 11:05:18] D2BS 33300: ÿc4Loaded NIP: ÿc2SummonerRunes.nipÿc4. Lines: ÿc214ÿc4. Valid entries: ÿc26. ÿc4Time: ÿc216 ms
[09/17/20 11:05:18] D2BS 33300: AutoBuild: Including build template config/builds/necromancer.summoner.js into tools\autobuildthread.js
[09/17/20 11:05:18] D2BS 33300: Updating Config from level 0 to 61
[09/17/20 11:05:18] D2BS 33300: AutoBuild: Loaded helper thread
[09/17/20 11:05:18] D2BS 33300: ÿc4Loaded NIP: ÿc2Summoner.xpac.nipÿc4. Lines: ÿc2114ÿc4. Valid entries: ÿc297. ÿc4Time: ÿc215 ms
[09/17/20 11:05:18] D2BS 33300: ÿc4Loaded NIP: ÿc2Merc.xpac.nipÿc4. Lines: ÿc230ÿc4. Valid entries: ÿc220. ÿc4Time: ÿc216 ms
[09/17/20 11:05:18] D2BS 33300: ÿc2Starting script: ÿc9LevelFollower
[09/17/20 11:05:18] D2BS 33300: initNPC: identify
[09/17/20 11:05:18] D2BS 33300: AutoBuild: Including build template config/builds/necromancer.summoner.js into tools\party.js
[09/17/20 11:05:18] D2BS 33300: Updating Config from level 0 to 61
[09/17/20 11:05:18] D2BS 33300: ÿc2Party thread loaded. Mode: Accept
[09/17/20 11:05:18] D2BS 33300: AutoBuild: Including build template config/builds/necromancer.summoner.js into tools\townchicken.js
[09/17/20 11:05:18] D2BS 33300: ÿc3Start ToolsThread script
[09/17/20 11:05:18] D2BS 33300: Updating Config from level 0 to 61
[09/17/20 11:05:18] D2BS 33300: AutoBuild: Including build template config/builds/necromancer.summoner.js into tools\toolsthread.js
[09/17/20 11:05:18] D2BS 33300: Updating Config from level 0 to 61
[09/17/20 11:05:30] D2BS 33300: ÿc4MiniShopBotÿc0: Scanning 60 items.
[09/17/20 11:05:30] D2BS 33300: initNPC: buyPotions
[09/17/20 11:05:52] D2BS 33300: ÿc7Picked up ÿc4108 Gold
[09/17/20 11:06:03] D2BS 33300: move retry 1
[09/17/20 11:06:05] D2BS 33300: move retry 1
[09/17/20 11:06:07] D2BS 33300: move retry 1
[09/17/20 11:06:12] D2BS 33300: move retry 2
[09/17/20 11:06:26] D2BS 33300: move retry 1
[09/17/20 11:06:41] D2BS 33300: move retry 1
[09/17/20 11:07:08] D2BS 33300: move retry 1
[09/17/20 11:07:20] D2BS 33300: move retry 1
[09/17/20 11:07:29] D2BS 33300: move retry 2
[09/17/20 11:09:00] D2BS 33300: ÿc7Picked up ÿc4318 Gold
[09/17/20 11:09:00] D2BS 33300: ÿc7Picked up ÿc4263 Gold
[09/17/20 11:09:03] D2BS 33300: ÿc7Picked up ÿc4428 Gold
[09/17/20 11:09:12] D2BS 33300: Reviving Dark Familiar
[09/17/20 11:09:18] D2BS 33300: Reviving Dark Familiar
[09/17/20 11:09:32] D2BS 33300: AutoBuild: Stat points: 5      Skill points: 1
[09/17/20 11:09:32] D2BS 33300: AutoBuild: Level up detected ( 61 --> 62 )
[09/17/20 11:09:32] D2BS 33300: AutoBuild: useSkillPoint(): Raise Skeletal Mage (80)
[09/17/20 11:09:32] D2BS 33300: AutoBuild: Skill (1/1) Increased Raise Skeletal Mage (80) by one (level:  14)
[09/17/20 11:09:32] D2BS 33300: AutoBuild: useStatPoint(0): Strength
[09/17/20 11:09:32] D2BS 33300: AutoBuild: Stat (1/5) Increased Strength from 76 to 77
[09/17/20 11:09:32] D2BS 33300: AutoBuild: useStatPoint(3): Vitality
[09/17/20 11:09:33] D2BS 33300: AutoBuild: Stat (2/5) Increased Vitality from 259 to 260
[09/17/20 11:09:33] D2BS 33300: AutoBuild: useStatPoint(3): Vitality
[09/17/20 11:09:33] D2BS 33300: AutoBuild: Stat (3/5) Increased Vitality from 260 to 261
[09/17/20 11:09:33] D2BS 33300: AutoBuild: useStatPoint(3): Vitality
[09/17/20 11:09:33] D2BS 33300: AutoBuild: Stat (4/5) Increased Vitality from 261 to 262
[09/17/20 11:09:33] D2BS 33300: AutoBuild: useStatPoint(3): Vitality
[09/17/20 11:09:33] D2BS 33300: AutoBuild: Stat (5/5) Increased Vitality from 262 to 263
[09/17/20 11:09:33] D2BS 33300: Updating Config from level 61 to 62
[09/17/20 11:09:33] D2BS 33300: AutoBuild: Updating Config from level 61 to 62
[09/17/20 11:09:33] D2BS 33300: Updating Config from level 61 to 62
[09/17/20 11:09:33] D2BS 33300: Updating Config from level 61 to 62
[09/17/20 11:09:33] D2BS 33300: Updating Config from level 61 to 62
[09/17/20 11:09:33] D2BS 33300: AutoBuild: Incrementing cached character level to 62
[09/17/20 11:09:35] D2BS 33300: Reviving Dark Familiar
[09/17/20 11:09:50] D2BS 33300: move retry 1
[09/17/20 11:11:07] D2BS 33300: ÿc7Picked up ÿc1Greater Healing Potion ÿc0(ilvl 1) (MidGame.nip #23)
[09/17/20 11:11:28] D2BS 33300: ÿc7Picked up ÿc1Greater Healing Potion ÿc0(ilvl 1) (MidGame.nip #23)
[09/17/20 11:11:29] D2BS 33300: ÿc7Picked up ÿc1Super Healing Potion ÿc0(ilvl 1) (LateGame.nip #33)
[09/17/20 11:11:29] D2BS 33300: ÿc7Picked up ÿc41270 Gold
[09/17/20 11:11:29] D2BS 33300: ÿc7Picked up ÿc1Super Healing Potion ÿc0(ilvl 1) (LateGame.nip #33)
[09/17/20 11:12:17] D2BS 33300: Reviving Dark Familiar
[09/17/20 11:12:19] D2BS 33300: Reviving Dark Familiar
[09/17/20 11:12:25] D2BS 33300: move retry 1
[09/17/20 11:12:37] D2BS 33300: Reviving Dark Familiar
[09/17/20 11:13:14] D2BS 33300: move retry 1
[09/17/20 11:13:15] D2BS 33300: Reviving Dark Familiar
[09/17/20 11:13:34] D2BS 33300: move retry 1
[09/17/20 11:13:35] D2BS 33300: move retry 1
[09/17/20 11:13:41] D2BS 33300: move retry 1
[09/17/20 11:13:56] D2BS 33300: Reviving Dark Familiar
[09/17/20 11:14:20] D2BS 33300: ÿc7Picked up ÿc460 Gold
[09/17/20 11:15:05] D2BS 33300: move retry 1
[09/17/20 11:15:08] D2BS 33300: move retry 2
[09/17/20 11:15:11] D2BS 33300: move retry 3
[09/17/20 11:15:18] D2BS 33300: ÿc7Picked up ÿc4104 Gold
[09/17/20 11:15:25] D2BS 33300: Reviving Dark Familiar
[09/17/20 11:15:40] D2BS 33300: Reviving Dark Familiar
[09/17/20 11:15:41] D2BS 33300: Reviving Dark Familiar
[09/17/20 11:15:46] D2BS 33300: ÿc7Picked up ÿc1Super Healing Potion ÿc0(ilvl 1) (LateGame.nip #33)
[09/17/20 11:16:11] D2BS 33300: move retry 1
[09/17/20 11:16:15] D2BS 33300: move retry 1
[09/17/20 11:16:22] D2BS 33300: move retry 1
[09/17/20 11:16:25] D2BS 33300: move retry 1
[09/17/20 11:16:28] D2BS 33300: move retry 1
[09/17/20 11:16:37] D2BS 33300: ÿc7Picked up ÿc474 Gold
[09/17/20 11:16:42] D2BS 33300: move retry 1
[09/17/20 11:16:49] D2BS 33300: move retry 1
[09/17/20 11:16:54] D2BS 33300: Reviving Dark Familiar
[09/17/20 11:16:55] D2BS 33300: Reviving Dark Familiar
[09/17/20 11:16:56] D2BS 33300: Reviving Dark Familiar
[09/17/20 11:16:57] D2BS 33300: Reviving Dark Familiar
[09/17/20 11:16:57] D2BS 33300: Reviving Dark Familiar
[09/17/20 11:16:58] D2BS 33300: Reviving Dark Familiar
[09/17/20 11:16:59] D2BS 33300: Reviving Dark Familiar
[09/17/20 11:17:00] D2BS 33300: Reviving Dark Familiar
[09/17/20 11:17:01] D2BS 33300: Reviving Dark Familiar
[09/17/20 11:17:02] D2BS 33300: Reviving Dark Familiar
[09/17/20 11:17:02] D2BS 33300: Reviving Dark Familiar
[09/17/20 11:17:03] D2BS 33300: Reviving Dark Familiar
[09/17/20 11:17:04] D2BS 33300: Reviving Dark Familiar
[09/17/20 11:17:05] D2BS 33300: Reviving Dark Familiar
[09/17/20 11:17:06] D2BS 33300: Reviving Dark Familiar
[09/17/20 11:17:07] D2BS 33300: Reviving Dark Familiar
[09/17/20 11:17:08] D2BS 33300: Reviving Dark Familiar
[09/17/20 11:17:09] D2BS 33300: Reviving Dark Familiar
[09/17/20 11:17:12] D2BS 33300: Reviving Dark Familiar
[09/17/20 11:17:13] D2BS 33300: Reviving Dark Familiar
[09/17/20 11:17:14] D2BS 33300: Reviving Dark Familiar
[09/17/20 11:17:15] D2BS 33300: Reviving Dark Familiar
[09/17/20 11:17:38] D2BS 33300: Reviving Dark Familiar
[09/17/20 11:17:41] D2BS 33300: ÿc7Picked up ÿc4257 Gold
[09/17/20 11:17:43] D2BS 33300: ÿc7Picked up ÿc1Greater Healing Potion ÿc0(ilvl 1) (MidGame.nip #23)
[09/17/20 11:17:57] D2BS 33300: Reviving Dark Familiar
[09/17/20 11:18:53] D2BS 33300: move retry 1
[09/17/20 11:19:21] D2BS 33300: move retry 1
[09/17/20 11:19:41] D2BS 33300: move retry 1
[09/17/20 11:20:11] D2BS 33300: move retry 1
[09/17/20 11:20:21] D2BS 33300: Reviving Dark Familiar
[09/17/20 11:20:30] D2BS 33300: Reviving Dark Familiar
[09/17/20 11:20:43] D2BS 33300: Reviving Dark Familiar
[09/17/20 11:20:46] D2BS 33300: move retry 1
[09/17/20 11:21:09] D2BS 33300: move retry 1
[09/17/20 11:21:19] D2BS 33300: move retry 1
[09/17/20 11:21:25] D2BS 33300: move retry 1
[09/17/20 11:21:27] D2BS 33300: move retry 1
[09/17/20 11:21:52] D2BS 33300: ÿc7Picked up ÿc4225 Gold
[09/17/20 11:22:30] D2BS 33300: ÿc7Picked up ÿc461 Gold
[09/17/20 11:22:31] D2BS 33300: move retry 1
[09/17/20 11:22:57] D2BS 33300: move retry 1
[09/17/20 11:23:32] D2BS 33300: ÿc7Picked up ÿc4552 Gold
[09/17/20 11:24:15] D2BS 33300: 106,107
[09/17/20 11:24:18] D2BS 33300: move retry 1
[09/17/20 11:24:21] D2BS 33300: move retry 2
[09/17/20 11:24:32] D2BS 33300: move retry 1
[09/17/20 11:24:38] D2BS 33300: move retry 1
[09/17/20 11:24:41] D2BS 33300: move retry 1
[09/17/20 11:24:45] D2BS 33300: move retry 3
[09/17/20 11:24:47] D2BS 33300: move retry 1
[09/17/20 11:24:55] D2BS 33300: move retry 1
[09/17/20 11:24:58] D2BS 33300: move retry 1
[09/17/20 11:25:00] D2BS 33300: move retry 1
[09/17/20 11:25:27] D2BS 33300: ÿc7Picked up ÿc4165 Gold
[09/17/20 11:25:55] D2BS 33300: ÿc7Picked up ÿc4246 Gold
[09/17/20 11:26:02] D2BS 33300: ÿc7Picked up ÿc4204 Gold
[09/17/20 11:26:24] D2BS 33300: move retry 1
[09/17/20 11:27:24] D2BS 33300: initNPC: buyPotions
[09/17/20 11:27:25] D2BS 33300: move retry 1
[09/17/20 11:27:48] D2BS 33300: move retry 1
[09/17/20 11:27:50] D2BS 33300: ÿc7Picked up ÿc1Greater Healing Potion ÿc0(ilvl 1) (MidGame.nip #23)
[09/17/20 11:28:32] D2BS 33300: move retry 1
[09/17/20 11:28:35] D2BS 33300: move retry 1
[09/17/20 11:28:58] D2BS 33300: move retry 1
[09/17/20 11:29:00] D2BS 33300: move retry 1
[09/17/20 11:29:57] D2BS 33300: move retry 1
[09/17/20 11:30:03] D2BS 33300: move retry 1
[09/17/20 11:30:04] D2BS 33300: move retry 1
[09/17/20 11:30:15] D2BS 33300: move retry 1
[09/17/20 11:30:18] D2BS 33300: ÿc7Picked up ÿc3Ring ÿc0(ilvl 57) (Summoner.xpac.nip #90)
[09/17/20 11:30:51] D2BS 33300: move retry 1
[09/17/20 11:30:58] D2BS 33300: move retry 1
[09/17/20 11:31:01] D2BS 33300: ÿc7Picked up ÿc4308 Gold
[09/17/20 11:31:03] D2BS 33300: move retry 1
[09/17/20 11:31:07] D2BS 33300: move retry 1
[09/17/20 11:31:11] D2BS 33300: move retry 1
[09/17/20 11:31:31] D2BS 33300: move retry 1
[09/17/20 11:32:09] D2BS 33300: ÿc7Picked up ÿc4191 Gold
[09/17/20 11:32:17] D2BS 33300: ÿc7Picked up ÿc1Greater Healing Potion ÿc0(ilvl 1) (MidGame.nip #23)
[09/17/20 11:32:29] D2BS 33300: ÿc7Picked up ÿc4123 Gold
[09/17/20 11:32:31] D2BS 33300: move retry 1
[09/17/20 11:32:39] D2BS 33300: move retry 1
[09/17/20 11:32:50] D2BS 33300: move retry 1
[09/17/20 11:33:10] D2BS 33300: move retry 1
[09/17/20 11:33:51] D2BS 33300: move retry 1
[09/17/20 11:34:15] D2BS 33300: move retry 1
[09/17/20 11:34:57] D2BS 33300: move retry 1
[09/17/20 11:35:47] D2BS 33300: Script default.dbj ended
[09/17/20 11:35:47] D2BS 33300: Script tools\autobuildthread.js ended
[09/17/20 11:35:47] D2BS 33300: Script tools\party.js ended
[09/17/20 11:35:47] D2BS 33300: Script tools\toolsthread.js ended
[09/17/20 11:35:47] D2BS 33300: Script tools\townchicken.js ended
[09/17/20 11:35:53] D2BS 33300: ÿc2D2BSÿc0 :: Starting default.dbj
[09/17/20 11:35:53] D2BS 33300: ÿc2D2BSÿc0 :: default.dbj running.
[09/17/20 11:35:53] D2BS 33300: AutoBuild: Including build template config/builds/necromancer.summoner.js into default.dbj
[09/17/20 11:35:53] D2BS 33300: Updating Config from level 0 to 62
[09/17/20 11:35:53] D2BS 33300: ÿc4Loaded NIP: ÿc2LateGame.nipÿc4. Lines: ÿc277ÿc4. Valid entries: ÿc250. ÿc4Time: ÿc20 ms
[09/17/20 11:35:53] D2BS 33300: ÿc4Loaded NIP: ÿc2MidGame.nipÿc4. Lines: ÿc254ÿc4. Valid entries: ÿc233. ÿc4Time: ÿc20 ms
[09/17/20 11:35:53] D2BS 33300: ÿc4Loaded NIP: ÿc2SummonerRunes.nipÿc4. Lines: ÿc214ÿc4. Valid entries: ÿc26. ÿc4Time: ÿc20 ms
[09/17/20 11:35:53] D2BS 33300: ÿc4Loaded NIP: ÿc2Summoner.xpac.nipÿc4. Lines: ÿc2114ÿc4. Valid entries: ÿc297. ÿc4Time: ÿc215 ms
[09/17/20 11:35:53] D2BS 33300: ÿc4Loaded NIP: ÿc2Merc.xpac.nipÿc4. Lines: ÿc230ÿc4. Valid entries: ÿc220. ÿc4Time: ÿc20 ms
[09/17/20 11:35:53] D2BS 33300: AutoBuild: Including build template config/builds/necromancer.summoner.js into tools\autobuildthread.js
[09/17/20 11:35:53] D2BS 33300: Updating Config from level 0 to 62
[09/17/20 11:35:53] D2BS 33300: AutoBuild: Loaded helper thread
[09/17/20 11:35:53] D2BS 33300: ÿc2Starting script: ÿc9LevelFollower
[09/17/20 11:35:53] D2BS 33300: initNPC: heal
[09/17/20 11:35:53] D2BS 33300: AutoBuild: Including build template config/builds/necromancer.summoner.js into tools\party.js
[09/17/20 11:35:53] D2BS 33300: Updating Config from level 0 to 62
[09/17/20 11:35:53] D2BS 33300: ÿc2Party thread loaded. Mode: Accept
[09/17/20 11:35:53] D2BS 33300: AutoBuild: Including build template config/builds/necromancer.summoner.js into tools\townchicken.js
[09/17/20 11:35:53] D2BS 33300: ÿc3Start ToolsThread script
[09/17/20 11:35:53] D2BS 33300: Updating Config from level 0 to 62
[09/17/20 11:35:53] D2BS 33300: AutoBuild: Including build template config/builds/necromancer.summoner.js into tools\toolsthread.js
[09/17/20 11:35:53] D2BS 33300: Updating Config from level 0 to 62
[09/17/20 11:35:58] D2BS 33300: initNPC: identify
[09/17/20 11:36:01] D2BS 33300: ÿc4MiniShopBotÿc0: Scanning 47 items.
[09/17/20 11:36:02] D2BS 33300: initNPC: buyPotions
[09/17/20 11:36:43] D2BS 33300: move retry 1
[09/17/20 11:36:50] D2BS 33300: ÿc7Picked up ÿc4339 Gold
[09/17/20 11:37:30] D2BS 33300: Reviving Stygian Dog
[09/17/20 11:37:31] D2BS 33300: Reviving Stygian Dog
[09/17/20 11:37:32] D2BS 33300: Reviving Stygian Dog
[09/17/20 11:37:37] D2BS 33300: AutoBuild: Stat points: 5      Skill points: 1
[09/17/20 11:37:37] D2BS 33300: AutoBuild: Level up detected ( 62 --> 63 )
[09/17/20 11:37:37] D2BS 33300: AutoBuild: useSkillPoint(): Raise Skeletal Mage (80)
[09/17/20 11:37:37] D2BS 33300: AutoBuild: Skill (1/1) Increased Raise Skeletal Mage (80) by one (level:  15)
[09/17/20 11:37:37] D2BS 33300: AutoBuild: useStatPoint(0): Strength
[09/17/20 11:37:37] D2BS 33300: Reviving Stygian Dog
[09/17/20 11:37:38] D2BS 33300: AutoBuild: Stat (1/5) Increased Strength from 77 to 78
[09/17/20 11:37:38] D2BS 33300: AutoBuild: useStatPoint(3): Vitality
[09/17/20 11:37:38] D2BS 33300: AutoBuild: Stat (2/5) Increased Vitality from 263 to 264
[09/17/20 11:37:38] D2BS 33300: AutoBuild: useStatPoint(3): Vitality
[09/17/20 11:37:38] D2BS 33300: AutoBuild: Stat (3/5) Increased Vitality from 264 to 265
[09/17/20 11:37:38] D2BS 33300: AutoBuild: useStatPoint(3): Vitality
[09/17/20 11:37:38] D2BS 33300: AutoBuild: Stat (4/5) Increased Vitality from 265 to 266
[09/17/20 11:37:38] D2BS 33300: AutoBuild: useStatPoint(3): Vitality
[09/17/20 11:37:38] D2BS 33300: AutoBuild: Stat (5/5) Increased Vitality from 266 to 267
[09/17/20 11:37:38] D2BS 33300: Updating Config from level 62 to 63
[09/17/20 11:37:38] D2BS 33300: AutoBuild: Updating Config from level 62 to 63
[09/17/20 11:37:38] D2BS 33300: Updating Config from level 62 to 63
[09/17/20 11:37:38] D2BS 33300: Updating Config from level 62 to 63
[09/17/20 11:37:38] D2BS 33300: Updating Config from level 62 to 63
[09/17/20 11:37:38] D2BS 33300: AutoBuild: Incrementing cached character level to 63
[09/17/20 11:37:39] D2BS 33300: ÿc7Picked up ÿc4329 Gold
[09/17/20 11:38:17] D2BS 33300: move retry 1
[09/17/20 11:38:20] D2BS 33300: move retry 1
[09/17/20 11:38:33] D2BS 33300: ÿc7Picked up ÿc4157 Gold
[09/17/20 11:39:10] D2BS 33300: Reviving Dark Familiar
[09/17/20 11:39:18] D2BS 33300: move retry 1
[09/17/20 11:39:24] D2BS 33300: move retry 1
[09/17/20 11:39:29] D2BS 33300: move retry 1
[09/17/20 11:39:36] D2BS 33300: move retry 1
[09/17/20 11:39:41] D2BS 33300: move retry 1
[09/17/20 11:39:43] D2BS 33300: move retry 1
[09/17/20 11:39:48] D2BS 33300: move retry 1
[09/17/20 11:39:50] D2BS 33300: move retry 1
[09/17/20 11:40:08] D2BS 33300: move retry 1
[09/17/20 11:40:14] D2BS 33300: move retry 1
[09/17/20 11:40:35] D2BS 33300: Reviving Dark Familiar
[09/17/20 11:40:38] D2BS 33300: Reviving Dark Familiar
[09/17/20 11:40:43] D2BS 33300: ÿc7Picked up ÿc4182 Gold
[09/17/20 11:40:45] D2BS 33300: move retry 1
[09/17/20 11:40:50] D2BS 33300: Reviving Dark Familiar
[09/17/20 11:40:51] D2BS 33300: Reviving Dark Familiar
[09/17/20 11:40:52] D2BS 33300: Reviving Dark Familiar
[09/17/20 11:40:53] D2BS 33300: Reviving Dark Familiar
[09/17/20 11:40:54] D2BS 33300: Reviving Dark Familiar
[09/17/20 11:40:55] D2BS 33300: Reviving Dark Familiar
[09/17/20 11:40:56] D2BS 33300: Reviving Dark Familiar
[09/17/20 11:41:20] D2BS 33300: ÿc7Picked up ÿc4313 Gold
[09/17/20 11:41:21] D2BS 33300: ÿc7Picked up ÿc4166 Gold
[09/17/20 11:41:44] D2BS 33300: move retry 1
[09/17/20 11:41:48] D2BS 33300: move retry 1
[09/17/20 11:42:11] D2BS 33300: Reviving Stygian Dog
[09/17/20 11:42:21] D2BS 33300: ÿc7Picked up ÿc4303 Gold
[09/17/20 11:42:22] D2BS 33300: ÿc7Picked up ÿc4239 Gold
[09/17/20 11:43:00] D2BS 33300: move retry 1
[09/17/20 11:43:10] D2BS 33300: move retry 1
[09/17/20 11:43:36] D2BS 33300: Reviving Dark Familiar
[09/17/20 11:43:40] D2BS 33300: Reviving Stygian Dog
[09/17/20 11:44:02] D2BS 33300: Reviving Dark Familiar
[09/17/20 11:44:26] D2BS 33300: ÿc7Picked up ÿc4247 Gold
[09/17/20 11:44:31] D2BS 33300: Reviving Stygian Dog
[09/17/20 11:44:41] D2BS 33300: move retry 1
[09/17/20 11:44:55] D2BS 33300: move retry 1
[09/17/20 11:45:10] D2BS 33300: move retry 1
[09/17/20 11:45:25] D2BS 33300: ÿc7Picked up ÿc4137 Gold
[09/17/20 11:45:43] D2BS 33300: move retry 1
[09/17/20 11:45:44] D2BS 33300: ÿc7Picked up ÿc471 Gold
[09/17/20 11:46:50] D2BS 33300: move retry 1
[09/17/20 11:46:52] D2BS 33300: move retry 1
[09/17/20 11:47:07] D2BS 33300: ÿc7Picked up ÿc4199 Gold
[09/17/20 11:47:10] D2BS 33300: move retry 1
[09/17/20 11:47:14] D2BS 33300: move retry 1
[09/17/20 11:47:19] D2BS 33300: move retry 1
[09/17/20 11:47:22] D2BS 33300: ÿc7Picked up ÿc4102 Gold
[09/17/20 11:47:32] D2BS 33300: Reviving Stygian Dog
[09/17/20 11:47:33] D2BS 33300: Reviving Stygian Dog
[09/17/20 11:47:34] D2BS 33300: Reviving Dark Familiar
[09/17/20 11:47:52] D2BS 33300: Reviving Dark Familiar
[09/17/20 11:48:12] D2BS 33300: Reviving Dark Familiar
[09/17/20 11:48:50] D2BS 33300: move retry 1
[09/17/20 11:49:57] D2BS 33300: 106,107
[09/17/20 11:50:20] D2BS 33300: Reviving Blood Maggot Young
[09/17/20 11:50:26] D2BS 33300: Reviving Blood Maggot Young
[09/17/20 11:50:36] D2BS 33300: move retry 1
[09/17/20 11:50:38] D2BS 33300: move retry 2
[09/17/20 11:51:03] D2BS 33300: move retry 1
[09/17/20 11:51:06] D2BS 33300: Reviving Abyss Knight
[09/17/20 11:51:07] D2BS 33300: move retry 2
[09/17/20 11:51:09] D2BS 33300: move retry 3
[09/17/20 11:51:11] D2BS 33300: move retry 3
[09/17/20 11:51:14] D2BS 33300: move retry 1
[09/17/20 11:51:15] D2BS 33300: move retry 2
[09/17/20 11:51:38] D2BS 33300: Reviving Abyss Knight
[09/17/20 11:51:39] D2BS 33300: ÿc7Picked up ÿc1Super Healing Potion ÿc0(ilvl 1) (LateGame.nip #33)
[09/17/20 11:51:41] D2BS 33300: ÿc7Picked up ÿc3Small Charm ÿc0(ilvl 57) (LateGame.nip #11)
[09/17/20 11:51:49] D2BS 33300: move retry 1
[09/17/20 11:52:08] D2BS 33300: move retry 1
[09/17/20 11:52:11] D2BS 33300: move retry 1
[09/17/20 11:52:31] D2BS 33300: Reviving Blood Maggot Young
[09/17/20 11:52:32] D2BS 33300: Reviving Blood Maggot Young
[09/17/20 11:52:39] D2BS 33300: move retry 1
[09/17/20 11:52:39] D2BS 33300: ÿc7Picked up ÿc482 Gold
[09/17/20 11:52:54] D2BS 33300: ÿc7Picked up ÿc4328 Gold
[09/17/20 11:53:16] D2BS 33300: ÿc7Picked up ÿc4227 Gold
[09/17/20 11:53:17] D2BS 33300: ÿc7Picked up ÿc;Rejuvenation Potion ÿc0(ilvl 1) (LateGame.nip #34)
[09/17/20 11:54:44] D2BS 33300: Reviving Blood Maggot Young
[09/17/20 11:54:45] D2BS 33300: Reviving Blood Maggot Young
[09/17/20 11:55:26] D2BS 33300: move retry 1
[09/17/20 11:55:31] D2BS 33300: move retry 1
[09/17/20 11:55:38] D2BS 33300: move retry 1
[09/17/20 11:55:39] D2BS 33300: Reviving Blood Maggot Young
[09/17/20 11:56:04] D2BS 33300: move retry 1
[09/17/20 11:56:06] D2BS 33300: Reviving Blood Maggot Young
[09/17/20 11:56:07] D2BS 33300: Reviving Blood Maggot Young
[09/17/20 11:56:08] D2BS 33300: Reviving Blood Maggot Young
[09/17/20 11:57:39] D2BS 33300: Reviving Abyss Knight
[09/17/20 11:58:03] D2BS 33300: Reviving Blood Maggot Young
[09/17/20 11:58:04] D2BS 33300: Reviving Blood Maggot Young
[09/17/20 11:58:04] D2BS 33300: Reviving Blood Maggot Young
[09/17/20 11:58:05] D2BS 33300: Reviving Blood Maggot Young
[09/17/20 11:58:05] D2BS 33300: Reviving Blood Maggot Young
[09/17/20 11:58:06] D2BS 33300: Reviving Blood Maggot Young
[09/17/20 11:58:06] D2BS 33300: Reviving Blood Maggot Young
[09/17/20 11:58:07] D2BS 33300: Reviving Blood Maggot Young
[09/17/20 11:58:07] D2BS 33300: Reviving Blood Maggot Young
[09/17/20 11:58:08] D2BS 33300: Reviving Blood Maggot Young
[09/17/20 11:58:08] D2BS 33300: Reviving Blood Maggot Young
[09/17/20 11:58:09] D2BS 33300: Reviving Blood Maggot Young
[09/17/20 11:58:09] D2BS 33300: Reviving Blood Maggot Young
[09/17/20 11:58:10] D2BS 33300: Reviving Blood Maggot Young
[09/17/20 11:58:10] D2BS 33300: Reviving Blood Maggot Young
[09/17/20 11:58:10] D2BS 33300: Reviving Blood Maggot Young
[09/17/20 11:58:15] D2BS 33300: Reviving Blood Maggot Young
[09/17/20 11:58:15] D2BS 33300: Reviving Blood Maggot Young
[09/17/20 11:58:17] D2BS 33300: Reviving Abyss Knight
[09/17/20 11:58:17] D2BS 33300: Reviving Abyss Knight
[09/17/20 11:58:17] D2BS 33300: Reviving Abyss Knight
[09/17/20 11:58:17] D2BS 33300: Reviving Abyss Knight
[09/17/20 11:58:18] D2BS 33300: Reviving Abyss Knight
[09/17/20 11:58:18] D2BS 33300: Reviving Abyss Knight
[09/17/20 11:58:18] D2BS 33300: Reviving Abyss Knight
[09/17/20 11:58:18] D2BS 33300: Reviving Abyss Knight
[09/17/20 11:58:19] D2BS 33300: Reviving Blood Maggot Young
[09/17/20 11:58:19] D2BS 33300: Reviving Blood Maggot Young
[09/17/20 11:58:20] D2BS 33300: Reviving Blood Maggot Young
[09/17/20 11:58:23] D2BS 33300: Reviving Blood Maggot Young
[09/17/20 11:58:23] D2BS 33300: Reviving Blood Maggot Young
[09/17/20 11:58:23] D2BS 33300: Reviving Blood Maggot Young
[09/17/20 11:58:24] D2BS 33300: Reviving Abyss Knight
[09/17/20 11:58:24] D2BS 33300: Reviving Abyss Knight
[09/17/20 11:58:25] D2BS 33300: Reviving Abyss Knight
[09/17/20 11:58:25] D2BS 33300: Reviving Blood Maggot Young
[09/17/20 11:58:25] D2BS 33300: Reviving Blood Maggot Young
[09/17/20 11:58:25] D2BS 33300: Reviving Blood Maggot Young
[09/17/20 11:58:26] D2BS 33300: Reviving Blood Maggot Young
[09/17/20 11:58:26] D2BS 33300: Reviving Blood Maggot Young
[09/17/20 11:58:26] D2BS 33300: Reviving Blood Maggot Young
[09/17/20 11:58:26] D2BS 33300: Reviving Blood Maggot Young
[09/17/20 11:58:27] D2BS 33300: Reviving Blood Maggot Young
[09/17/20 11:58:27] D2BS 33300: Reviving Blood Maggot Young
[09/17/20 11:58:27] D2BS 33300: Reviving Blood Maggot Young
[09/17/20 11:58:27] D2BS 33300: Reviving Blood Maggot Young
[09/17/20 11:58:29] D2BS 33300: Reviving Blood Maggot Young
[09/17/20 11:58:29] D2BS 33300: Reviving Blood Maggot Young
[09/17/20 11:58:29] D2BS 33300: Reviving Blood Maggot Young
[09/17/20 11:58:29] D2BS 33300: Reviving Blood Maggot Young
[09/17/20 11:58:29] D2BS 33300: Reviving Blood Maggot Young
[09/17/20 11:58:29] D2BS 33300: Reviving Blood Maggot Young
[09/17/20 11:58:30] D2BS 33300: Reviving Blood Maggot Young
[09/17/20 11:58:30] D2BS 33300: Reviving Blood Maggot Young
[09/17/20 11:58:30] D2BS 33300: Reviving Blood Maggot Young
[09/17/20 11:58:30] D2BS 33300: Reviving Blood Maggot Young
[09/17/20 11:58:30] D2BS 33300: Reviving Blood Maggot Young
[09/17/20 11:58:34] D2BS 33300: Reviving Blood Maggot Young
[09/17/20 11:58:34] D2BS 33300: Reviving Blood Maggot Young
[09/17/20 11:58:34] D2BS 33300: Reviving Blood Maggot Young
[09/17/20 11:58:34] D2BS 33300: Reviving Blood Maggot Young
[09/17/20 11:58:34] D2BS 33300: Reviving Blood Maggot Young
[09/17/20 11:58:34] D2BS 33300: Reviving Blood Maggot Young
[09/17/20 11:58:35] D2BS 33300: Reviving Blood Maggot Young
[09/17/20 11:58:35] D2BS 33300: Reviving Blood Maggot Young
[09/17/20 11:58:35] D2BS 33300: Reviving Blood Maggot Young
[09/17/20 11:58:35] D2BS 33300: Reviving Blood Maggot Young
[09/17/20 11:58:35] D2BS 33300: Reviving Blood Maggot Young
[09/17/20 11:58:35] D2BS 33300: Reviving Blood Maggot Young
[09/17/20 11:58:36] D2BS 33300: Reviving Blood Maggot Young
[09/17/20 11:58:36] D2BS 33300: Reviving Blood Maggot Young
[09/17/20 11:58:36] D2BS 33300: Reviving Blood Maggot Young
[09/17/20 11:58:36] D2BS 33300: Reviving Blood Maggot Young
[09/17/20 11:58:36] D2BS 33300: Reviving Blood Maggot Young
[09/17/20 11:58:36] D2BS 33300: Reviving Blood Maggot Young
[09/17/20 11:58:38] D2BS 33300: Reviving Blood Maggot Young
[09/17/20 11:58:38] D2BS 33300: Reviving Blood Maggot Young
[09/17/20 11:58:39] D2BS 33300: Reviving Blood Maggot Young
[09/17/20 11:58:39] D2BS 33300: Reviving Blood Maggot Young
[09/17/20 11:58:39] D2BS 33300: Reviving Blood Maggot Young
[09/17/20 11:58:40] D2BS 33300: Reviving Blood Maggot Young
[09/17/20 11:58:40] D2BS 33300: Reviving Blood Maggot Young
[09/17/20 11:58:40] D2BS 33300: Reviving Blood Maggot Young
[09/17/20 11:58:40] D2BS 33300: Reviving Abyss Knight
[09/17/20 11:58:40] D2BS 33300: Reviving Abyss Knight
[09/17/20 11:58:41] D2BS 33300: Reviving Abyss Knight
[09/17/20 11:58:41] D2BS 33300: Reviving Blood Maggot Young
[09/17/20 11:58:41] D2BS 33300: Reviving Blood Maggot Young
[09/17/20 11:58:57] D2BS 33300: Reviving Blood Maggot Young
[09/17/20 11:59:05] D2BS 33300: Reviving Blood Maggot Young
[09/17/20 11:59:06] D2BS 33300: Reviving Blood Maggot Young
[09/17/20 11:59:06] D2BS 33300: Reviving Blood Maggot Young
[09/17/20 11:59:06] D2BS 33300: Reviving Blood Maggot Young
[09/17/20 11:59:07] D2BS 33300: Reviving Blood Maggot Young
[09/17/20 11:59:07] D2BS 33300: Reviving Blood Maggot Young
[09/17/20 11:59:08] D2BS 33300: Reviving Blood Maggot Young
[09/17/20 11:59:08] D2BS 33300: Reviving Blood Maggot Young
[09/17/20 11:59:08] D2BS 33300: Reviving Blood Maggot Young
[09/17/20 11:59:09] D2BS 33300: Reviving Blood Maggot Young
[09/17/20 11:59:09] D2BS 33300: Reviving Blood Maggot Young
[09/17/20 11:59:09] D2BS 33300: Reviving Blood Maggot Young
[09/17/20 11:59:10] D2BS 33300: Reviving Blood Maggot Young
[09/17/20 11:59:10] D2BS 33300: Reviving Blood Maggot Young
[09/17/20 11:59:10] D2BS 33300: Reviving Blood Maggot Young
[09/17/20 11:59:11] D2BS 33300: Reviving Blood Maggot Young
[09/17/20 11:59:12] D2BS 33300: Reviving Blood Maggot Young
[09/17/20 11:59:12] D2BS 33300: Reviving Blood Maggot Young
[09/17/20 11:59:12] D2BS 33300: Reviving Abyss Knight
[09/17/20 11:59:13] D2BS 33300: Reviving Abyss Knight
[09/17/20 11:59:13] D2BS 33300: Reviving Abyss Knight
[09/17/20 11:59:14] D2BS 33300: Reviving Abyss Knight
[09/17/20 11:59:14] D2BS 33300: Reviving Abyss Knight
[09/17/20 11:59:14] D2BS 33300: Reviving Abyss Knight
[09/17/20 11:59:14] D2BS 33300: Reviving Blood Maggot Young
[09/17/20 11:59:15] D2BS 33300: Reviving Blood Maggot Young
[09/17/20 11:59:15] D2BS 33300: Reviving Blood Maggot Young
[09/17/20 11:59:16] D2BS 33300: Reviving Blood Maggot Young
[09/17/20 11:59:16] D2BS 33300: Reviving Blood Maggot Young
[09/17/20 11:59:17] D2BS 33300: Reviving Blood Maggot Young
[09/17/20 11:59:17] D2BS 33300: Reviving Blood Maggot Young
[09/17/20 11:59:18] D2BS 33300: Reviving Abyss Knight
[09/17/20 11:59:19] D2BS 33300: Reviving Abyss Knight
[09/17/20 11:59:19] D2BS 33300: Reviving Blood Maggot Young
[09/17/20 11:59:19] D2BS 33300: Reviving Blood Maggot Young
[09/17/20 11:59:19] D2BS 33300: Reviving Blood Maggot Young
[09/17/20 11:59:20] D2BS 33300: Reviving Blood Maggot Young
[09/17/20 11:59:20] D2BS 33300: Reviving Blood Maggot Young
[09/17/20 11:59:20] D2BS 33300: Reviving Blood Maggot Young
[09/17/20 11:59:20] D2BS 33300: Reviving Blood Maggot Young
[09/17/20 11:59:20] D2BS 33300: Reviving Blood Maggot Young
[09/17/20 11:59:20] D2BS 33300: Reviving Blood Maggot Young
[09/17/20 11:59:21] D2BS 33300: Reviving Blood Maggot Young
[09/17/20 11:59:21] D2BS 33300: Reviving Blood Maggot Young
[09/17/20 11:59:21] D2BS 33300: Reviving Blood Maggot Young
[09/17/20 11:59:21] D2BS 33300: Reviving Blood Maggot Young
[09/17/20 11:59:22] D2BS 33300: move retry 1
[09/17/20 11:59:25] D2BS 33300: Reviving Blood Maggot Young
[09/17/20 11:59:31] D2BS 33300: move retry 1
[09/17/20 12:00:00] D2BS 33300: move retry 1
[09/17/20 12:00:25] D2BS 33300: move retry 1
[09/17/20 12:00:42] D2BS 33300: move retry 1
[09/17/20 12:00:53] D2BS 33300: ÿc7Picked up ÿc4206 Gold
[09/17/20 12:01:07] D2BS 33300: ÿc7Picked up ÿc4273 Gold
[09/17/20 12:01:07] D2BS 33300: Reviving Blood Maggot Young
[09/17/20 12:01:08] D2BS 33300: Reviving Blood Maggot Young
[09/17/20 12:01:10] D2BS 33300: Reviving Blood Maggot Young
[09/17/20 12:01:12] D2BS 33300: ÿc1Pausing.
[09/17/20 12:01:27] D2BS 33300: ÿc2Resuming.
[09/17/20 12:01:49] D2BS 33300: move retry 1
[09/17/20 12:02:04] D2BS 33300: Reviving Blood Maggot Young
[09/17/20 12:02:05] D2BS 33300: Reviving Blood Maggot Young
[09/17/20 12:02:06] D2BS 33300: Reviving Blood Maggot Young
[09/17/20 12:02:06] D2BS 33300: Reviving Blood Maggot Young
[09/17/20 12:02:06] D2BS 33300: Reviving Blood Maggot Young
[09/17/20 12:02:06] D2BS 33300: Reviving Blood Maggot Young
[09/17/20 12:02:07] D2BS 33300: Reviving Blood Maggot Young
[09/17/20 12:02:08] D2BS 33300: Reviving Blood Maggot Young
[09/17/20 12:02:09] D2BS 33300: Reviving Blood Maggot Young
[09/17/20 12:02:11] D2BS 33300: Reviving Blood Maggot Young
[09/17/20 12:02:12] D2BS 33300: Reviving Blood Maggot Young
[09/17/20 12:02:12] D2BS 33300: Reviving Blood Maggot Young
[09/17/20 12:02:12] D2BS 33300: Reviving Blood Maggot Young
[09/17/20 12:02:13] D2BS 33300: Reviving Blood Maggot Young
[09/17/20 12:02:13] D2BS 33300: Reviving Blood Maggot Young
[09/17/20 12:02:14] D2BS 33300: Reviving Blood Maggot Young
[09/17/20 12:02:14] D2BS 33300: Reviving Blood Maggot Young
[09/17/20 12:02:14] D2BS 33300: Reviving Blood Maggot Young
[09/17/20 12:02:14] D2BS 33300: Reviving Blood Maggot Young
[09/17/20 12:02:15] D2BS 33300: Reviving Blood Maggot Young
[09/17/20 12:02:15] D2BS 33300: Reviving Blood Maggot Young
[09/17/20 12:02:15] D2BS 33300: Reviving Blood Maggot Young
[09/17/20 12:02:16] D2BS 33300: Reviving Blood Maggot Young
[09/17/20 12:02:16] D2BS 33300: Reviving Blood Maggot Young
[09/17/20 12:02:53] D2BS 33300: Reviving Blood Maggot Young
[09/17/20 12:02:54] D2BS 33300: Reviving Blood Maggot Young
[09/17/20 12:02:54] D2BS 33300: Reviving Blood Maggot Young
[09/17/20 12:02:55] D2BS 33300: Reviving Blood Maggot Young
[09/17/20 12:02:55] D2BS 33300: Reviving Blood Maggot Young
[09/17/20 12:02:55] D2BS 33300: Reviving Blood Maggot Young
[09/17/20 12:02:56] D2BS 33300: Reviving Blood Maggot Young
[09/17/20 12:02:56] D2BS 33300: Reviving Blood Maggot Young
[09/17/20 12:02:56] D2BS 33300: Reviving Blood Maggot Young
[09/17/20 12:02:57] D2BS 33300: Reviving Blood Maggot Young
[09/17/20 12:02:57] D2BS 33300: Reviving Blood Maggot Young
[09/17/20 12:02:57] D2BS 33300: Reviving Blood Maggot Young
[09/17/20 12:02:58] D2BS 33300: Reviving Blood Maggot Young
[09/17/20 12:02:58] D2BS 33300: Reviving Blood Maggot Young
[09/17/20 12:02:58] D2BS 33300: Reviving Blood Maggot Young
[09/17/20 12:02:59] D2BS 33300: Reviving Blood Maggot Young
[09/17/20 12:02:59] D2BS 33300: Reviving Blood Maggot Young
[09/17/20 12:02:59] D2BS 33300: Reviving Blood Maggot Young
[09/17/20 12:03:00] D2BS 33300: Reviving Blood Maggot Young
[09/17/20 12:03:00] D2BS 33300: Reviving Blood Maggot Young
[09/17/20 12:03:09] D2BS 33300: Reviving Blood Maggot Young
[09/17/20 12:03:09] D2BS 33300: Reviving Blood Maggot Young
[09/17/20 12:03:10] D2BS 33300: Reviving Blood Maggot Young
[09/17/20 12:03:10] D2BS 33300: Reviving Blood Maggot Young
[09/17/20 12:03:11] D2BS 33300: Reviving Blood Maggot Young
[09/17/20 12:03:11] D2BS 33300: Reviving Blood Maggot Young
[09/17/20 12:03:11] D2BS 33300: Reviving Blood Maggot Young
[09/17/20 12:03:11] D2BS 33300: Reviving Blood Maggot Young
[09/17/20 12:03:11] D2BS 33300: Reviving Blood Maggot Young
[09/17/20 12:03:11] D2BS 33300: Reviving Blood Maggot Young
[09/17/20 12:03:12] D2BS 33300: Reviving Blood Maggot Young
[09/17/20 12:03:12] D2BS 33300: Reviving Blood Maggot Young
[09/17/20 12:03:12] D2BS 33300: Reviving Blood Maggot Young
[09/17/20 12:03:13] D2BS 33300: Reviving Blood Maggot Young
[09/17/20 12:03:13] D2BS 33300: Reviving Blood Maggot Young
[09/17/20 12:03:13] D2BS 33300: Reviving Blood Maggot Young
[09/17/20 12:03:13] D2BS 33300: Reviving Blood Maggot Young
[09/17/20 12:03:14] D2BS 33300: Reviving Blood Maggot Young
[09/17/20 12:03:14] D2BS 33300: Reviving Blood Maggot Young
[09/17/20 12:03:14] D2BS 33300: Reviving Blood Maggot Young
[09/17/20 12:03:15] D2BS 33300: Reviving Blood Maggot Young
[09/17/20 12:03:15] D2BS 33300: Reviving Blood Maggot Young
[09/17/20 12:03:15] D2BS 33300: Reviving Blood Maggot Young
[09/17/20 12:03:15] D2BS 33300: Reviving Blood Maggot Young
[09/17/20 12:04:58] D2BS 33300: Reviving Blood Maggot Young
[09/17/20 12:04:59] D2BS 33300: Reviving Blood Maggot Young
