[10/07/20 19:07:46] D2BS 8656: D2BS Engine startup complete. 1.6.4U
[10/07/20 19:07:46] D2BS 8656: Hammerdin
[10/07/20 19:07:46] D2BS 8656: ÿc2D2BSÿc0 :: Switched to profile Hammerdin
[10/07/20 19:07:46] D2BS 8656: ÿc2D2BSÿc0 :: Engine startup complete!
[10/07/20 19:07:46] D2BS 8656: ÿc2D2BSÿc0 :: Starting D2BotLanFollow.dbj
[10/07/20 19:07:46] D2BS 8656: ÿc2D2BSÿc0 :: D2BotLanFollow.dbj running.
[10/07/20 19:07:46] D2BS 8656: ÿc2D2BSÿc0 :: Started Console Script
[10/07/20 19:07:48] D2BS 8656: Heartbeat loaded
[10/07/20 19:08:07] D2BS 8656: ÿc2D2BSÿc0 :: Starting default.dbj
[10/07/20 19:08:07] D2BS 8656: ÿc2D2BSÿc0 :: default.dbj running.
[10/07/20 19:08:07] D2BS 8656: AutoBuild: Including build template config/builds/paladin.hammerdin.js into default.dbj
[10/07/20 19:08:07] D2BS 8656: Updating Config from level 0 to 1
[10/07/20 19:08:07] D2BS 8656: ÿc4Loaded NIP: ÿc2LateGame.nipÿc4. Lines: ÿc275ÿc4. Valid entries: ÿc250. ÿc4Time: ÿc20 ms
[10/07/20 19:08:07] D2BS 8656: ÿc4Loaded NIP: ÿc2MidGame.nipÿc4. Lines: ÿc265ÿc4. Valid entries: ÿc240. ÿc4Time: ÿc20 ms
[10/07/20 19:08:07] D2BS 8656: ÿc4Loaded NIP: ÿc2EarlyGame.nipÿc4. Lines: ÿc229ÿc4. Valid entries: ÿc213. ÿc4Time: ÿc20 ms
[10/07/20 19:08:07] D2BS 8656: ÿc4Loaded NIP: ÿc2HammerdinRunes.nipÿc4. Lines: ÿc218ÿc4. Valid entries: ÿc29. ÿc4Time: ÿc20 ms
[10/07/20 19:08:07] D2BS 8656: ÿc4Loaded NIP: ÿc2Hammerdin.xpac.nipÿc4. Lines: ÿc2119ÿc4. Valid entries: ÿc2102. ÿc4Time: ÿc20 ms
[10/07/20 19:08:07] D2BS 8656: ÿc4Loaded NIP: ÿc2Merc.xpac.nipÿc4. Lines: ÿc260ÿc4. Valid entries: ÿc243. ÿc4Time: ÿc216 ms
[10/07/20 19:08:07] D2BS 8656: AutoBuild: Including build template config/builds/paladin.hammerdin.js into tools\autobuildthread.js
[10/07/20 19:08:07] D2BS 8656: Updating Config from level 0 to 1
[10/07/20 19:08:07] D2BS 8656: AutoBuild: Loaded helper thread
[10/07/20 19:08:07] D2BS 8656: AutoBuild: Including build template config/builds/paladin.hammerdin.js into tools\party.js
[10/07/20 19:08:07] D2BS 8656: Updating Config from level 0 to 1
[10/07/20 19:08:07] D2BS 8656: ÿc2Party thread loaded. Mode: Accept
[10/07/20 19:08:07] D2BS 8656: AutoBuild: Including build template config/builds/paladin.hammerdin.js into tools\townchicken.js
[10/07/20 19:08:07] D2BS 8656: Updating Config from level 0 to 1
[10/07/20 19:08:07] D2BS 8656: ÿc3Start ToolsThread script
[10/07/20 19:08:07] D2BS 8656: AutoBuild: Including build template config/builds/paladin.hammerdin.js into tools\toolsthread.js
[10/07/20 19:08:07] D2BS 8656: Updating Config from level 0 to 1
[10/07/20 19:08:07] D2BS 8656: ÿc2Starting script: ÿc9LevelFollower
[10/07/20 19:08:26] D2BS 8656: initNPC: BuyPotions
[10/07/20 19:08:26] D2BS 8656: move retry 1
[10/07/20 19:08:48] D2BS 8656: move retry 1
[10/07/20 19:09:00] D2BS 8656: 1,2
[10/07/20 19:09:28] D2BS 8656: ÿc7Picked up ÿc0Throwing Knife ÿc0(ilvl 1)
[10/07/20 19:09:31] D2BS 8656: ÿc7Picked up ÿc43 Gold
[10/07/20 19:09:43] D2BS 8656: AutoBuild: Stat points: 5      Skill points: 1
[10/07/20 19:09:43] D2BS 8656: AutoBuild: Level up detected ( 1 --> 2 )
[10/07/20 19:09:43] D2BS 8656: AutoBuild: useSkillPoint(): Might (98)
[10/07/20 19:09:44] D2BS 8656: AutoBuild: Skill (1/1) Increased Might (98) by one (level:  1)
[10/07/20 19:09:44] D2BS 8656: AutoBuild: useStatPoint(0): Strength
[10/07/20 19:09:44] D2BS 8656: AutoBuild: Stat (1/5) Increased Strength from 25 to 26
[10/07/20 19:09:44] D2BS 8656: AutoBuild: useStatPoint(2): Dexterity
[10/07/20 19:09:44] D2BS 8656: AutoBuild: Stat (2/5) Increased Dexterity from 20 to 21
[10/07/20 19:09:44] D2BS 8656: AutoBuild: useStatPoint(3): Vitality
[10/07/20 19:09:44] D2BS 8656: AutoBuild: Stat (3/5) Increased Vitality from 25 to 26
[10/07/20 19:09:44] D2BS 8656: AutoBuild: useStatPoint(3): Vitality
[10/07/20 19:09:44] D2BS 8656: AutoBuild: Stat (4/5) Increased Vitality from 26 to 27
[10/07/20 19:09:44] D2BS 8656: AutoBuild: useStatPoint(3): Vitality
[10/07/20 19:09:45] D2BS 8656: AutoBuild: Stat (5/5) Increased Vitality from 27 to 28
[10/07/20 19:09:45] D2BS 8656: Updating Config from level 1 to 2
[10/07/20 19:09:45] D2BS 8656: AutoBuild: Updating Config from level 1 to 2
[10/07/20 19:09:45] D2BS 8656: Updating Config from level 1 to 2
[10/07/20 19:09:45] D2BS 8656: Updating Config from level 1 to 2
[10/07/20 19:09:45] D2BS 8656: Updating Config from level 1 to 2
[10/07/20 19:09:45] D2BS 8656: AutoBuild: Incrementing cached character level to 2
[10/07/20 19:09:48] D2BS 8656: ÿc7Picked up ÿc43 Gold
[10/07/20 19:09:54] D2BS 8656: move retry 1
[10/07/20 19:10:17] D2BS 8656: ÿc7Picked up ÿc3Minor Mana Potion ÿc0(ilvl 1) (EarlyGame.nip #26)
[10/07/20 19:10:21] D2BS 8656: ÿc7Picked up ÿc0Damaged Hand Axe ÿc0(ilvl 2)
[10/07/20 19:10:22] D2BS 8656: ÿc7Picked up ÿc45 Gold
[10/07/20 19:10:34] D2BS 8656: ÿc7Picked up ÿc43 Gold
[10/07/20 19:10:35] D2BS 8656: move retry 1
[10/07/20 19:10:57] D2BS 8656: ÿc7Picked up ÿc0Low Quality Javelin ÿc0(ilvl 1)
[10/07/20 19:11:03] D2BS 8656: AutoBuild: Stat points: 5      Skill points: 1
[10/07/20 19:11:03] D2BS 8656: AutoBuild: Level up detected ( 2 --> 3 )
[10/07/20 19:11:03] D2BS 8656: AutoBuild: useSkillPoint(): Smite (97)
[10/07/20 19:11:04] D2BS 8656: AutoBuild: Skill (1/1) Increased Smite (97) by one (level:  1)
[10/07/20 19:11:04] D2BS 8656: AutoBuild: useStatPoint(0): Strength
[10/07/20 19:11:04] D2BS 8656: AutoBuild: Stat (1/5) Increased Strength from 26 to 27
[10/07/20 19:11:04] D2BS 8656: AutoBuild: useStatPoint(2): Dexterity
[10/07/20 19:11:04] D2BS 8656: AutoBuild: Stat (2/5) Increased Dexterity from 21 to 22
[10/07/20 19:11:04] D2BS 8656: AutoBuild: useStatPoint(3): Vitality
[10/07/20 19:11:04] D2BS 8656: AutoBuild: Stat (3/5) Increased Vitality from 28 to 29
[10/07/20 19:11:04] D2BS 8656: AutoBuild: useStatPoint(3): Vitality
[10/07/20 19:11:04] D2BS 8656: AutoBuild: Stat (4/5) Increased Vitality from 29 to 30
[10/07/20 19:11:04] D2BS 8656: AutoBuild: useStatPoint(3): Vitality
[10/07/20 19:11:04] D2BS 8656: AutoBuild: Stat (5/5) Increased Vitality from 30 to 31
[10/07/20 19:11:04] D2BS 8656: Updating Config from level 2 to 3
[10/07/20 19:11:04] D2BS 8656: AutoBuild: Updating Config from level 2 to 3
[10/07/20 19:11:04] D2BS 8656: Updating Config from level 2 to 3
[10/07/20 19:11:04] D2BS 8656: Updating Config from level 2 to 3
[10/07/20 19:11:04] D2BS 8656: Updating Config from level 2 to 3
[10/07/20 19:11:04] D2BS 8656: AutoBuild: Incrementing cached character level to 3
[10/07/20 19:11:18] D2BS 8656: ÿc7Picked up ÿc4110 Gold
[10/07/20 19:12:19] D2BS 8656: move retry 1
[10/07/20 19:12:21] D2BS 8656: move retry 1
[10/07/20 19:12:32] D2BS 8656: ÿc7Picked up ÿc0Chipped Skull ÿc0(ilvl 1)
[10/07/20 19:12:32] D2BS 8656: AutoBuild: Stat points: 5      Skill points: 1
[10/07/20 19:12:32] D2BS 8656: AutoBuild: Level up detected ( 3 --> 4 )
[10/07/20 19:12:32] D2BS 8656: AutoBuild: useSkillPoint(): Prayer (99)
[10/07/20 19:12:32] D2BS 8656: AutoBuild: Skill (1/1) Increased Prayer (99) by one (level:  1)
[10/07/20 19:12:33] D2BS 8656: AutoBuild: useStatPoint(0): Strength
[10/07/20 19:12:33] D2BS 8656: AutoBuild: Stat (1/5) Increased Strength from 27 to 28
[10/07/20 19:12:33] D2BS 8656: AutoBuild: useStatPoint(2): Dexterity
[10/07/20 19:12:33] D2BS 8656: AutoBuild: Stat (2/5) Increased Dexterity from 22 to 23
[10/07/20 19:12:33] D2BS 8656: AutoBuild: useStatPoint(3): Vitality
[10/07/20 19:12:33] D2BS 8656: AutoBuild: Stat (3/5) Increased Vitality from 31 to 32
[10/07/20 19:12:33] D2BS 8656: AutoBuild: useStatPoint(3): Vitality
[10/07/20 19:12:33] D2BS 8656: AutoBuild: Stat (4/5) Increased Vitality from 32 to 33
[10/07/20 19:12:33] D2BS 8656: AutoBuild: useStatPoint(3): Vitality
[10/07/20 19:12:33] D2BS 8656: AutoBuild: Stat (5/5) Increased Vitality from 33 to 34
[10/07/20 19:12:33] D2BS 8656: AutoBuild: Updating Config from level 3 to 4
[10/07/20 19:12:33] D2BS 8656: Updating Config from level 3 to 4
[10/07/20 19:12:33] D2BS 8656: Updating Config from level 3 to 4
[10/07/20 19:12:33] D2BS 8656: Updating Config from level 3 to 4
[10/07/20 19:12:33] D2BS 8656: Updating Config from level 3 to 4
[10/07/20 19:12:33] D2BS 8656: AutoBuild: Incrementing cached character level to 4
[10/07/20 19:12:48] D2BS 8656: move retry 1
[10/07/20 19:13:06] D2BS 8656: ÿc7Picked up ÿc418 Gold
[10/07/20 19:13:07] D2BS 8656: ÿc7Picked up ÿc42 Gold
[10/07/20 19:13:16] D2BS 8656: move retry 1
[10/07/20 19:13:35] D2BS 8656: ÿc7Picked up ÿc411 Gold
[10/07/20 19:13:54] D2BS 8656: ÿc7Picked up ÿc44 Gold
[10/07/20 19:13:57] D2BS 8656: ÿc7Picked up ÿc42 Gold
[10/07/20 19:14:04] D2BS 8656: move retry 1
[10/07/20 19:14:24] D2BS 8656: move retry 1
[10/07/20 19:14:32] D2BS 8656: ÿc7Picked up ÿc1Light Healing Potion ÿc0(ilvl 1) (EarlyGame.nip #29)
[10/07/20 19:14:44] D2BS 8656: ÿc7Picked up ÿc42 Gold
[10/07/20 19:14:45] D2BS 8656: move retry 1
[10/07/20 19:14:51] D2BS 8656: move retry 1
[10/07/20 19:14:52] D2BS 8656: move retry 1
[10/07/20 19:14:57] D2BS 8656: move retry 1
[10/07/20 19:15:08] D2BS 8656: ÿc7Picked up ÿc49 Gold
[10/07/20 19:15:08] D2BS 8656: move retry 1
[10/07/20 19:15:13] D2BS 8656: ÿc7Picked up ÿc41 Gold
[10/07/20 19:15:14] D2BS 8656: move retry 1
[10/07/20 19:15:17] D2BS 8656: AutoBuild: Stat points: 5      Skill points: 1
[10/07/20 19:15:17] D2BS 8656: AutoBuild: Level up detected ( 4 --> 5 )
[10/07/20 19:15:17] D2BS 8656: AutoBuild: useStatPoint(0): Strength
[10/07/20 19:15:17] D2BS 8656: AutoBuild: Stat (1/5) Increased Strength from 28 to 29
[10/07/20 19:15:17] D2BS 8656: AutoBuild: useStatPoint(2): Dexterity
[10/07/20 19:15:17] D2BS 8656: AutoBuild: Stat (2/5) Increased Dexterity from 23 to 24
[10/07/20 19:15:17] D2BS 8656: AutoBuild: useStatPoint(3): Vitality
[10/07/20 19:15:17] D2BS 8656: AutoBuild: Stat (3/5) Increased Vitality from 34 to 35
[10/07/20 19:15:17] D2BS 8656: AutoBuild: useStatPoint(3): Vitality
[10/07/20 19:15:17] D2BS 8656: AutoBuild: Stat (4/5) Increased Vitality from 35 to 36
[10/07/20 19:15:17] D2BS 8656: AutoBuild: useStatPoint(3): Vitality
[10/07/20 19:15:17] D2BS 8656: AutoBuild: Stat (5/5) Increased Vitality from 36 to 37
[10/07/20 19:15:17] D2BS 8656: AutoBuild: Updating Config from level 4 to 5
[10/07/20 19:15:17] D2BS 8656: Updating Config from level 4 to 5
[10/07/20 19:15:17] D2BS 8656: Updating Config from level 4 to 5
[10/07/20 19:15:17] D2BS 8656: Updating Config from level 4 to 5
[10/07/20 19:15:17] D2BS 8656: Updating Config from level 4 to 5
[10/07/20 19:15:17] D2BS 8656: AutoBuild: Incrementing cached character level to 5
[10/07/20 19:15:19] D2BS 8656: ÿc7Picked up ÿc43 Gold
[10/07/20 19:15:51] D2BS 8656: ÿc7Picked up ÿc0Damaged Leather Gloves ÿc0(ilvl 1) (Hammerdin.xpac.nip #71)
[10/07/20 19:15:56] D2BS 8656: ÿc7Picked up ÿc44 Gold
[10/07/20 19:16:00] D2BS 8656: ÿc7Picked up ÿc43 Gold
[10/07/20 19:16:01] D2BS 8656: move retry 1
[10/07/20 19:16:02] D2BS 8656: move retry 2
[10/07/20 19:16:08] D2BS 8656: ÿc7Picked up ÿc0Leather Armor ÿc0(ilvl 2) (Hammerdin.xpac.nip #45)
[10/07/20 19:16:29] D2BS 8656: ÿc7Picked up ÿc49 Gold
[10/07/20 19:16:32] D2BS 8656: ÿc7Picked up ÿc44 Gold
[10/07/20 19:16:47] D2BS 8656: move retry 1
[10/07/20 19:16:57] D2BS 8656: move retry 1
[10/07/20 19:17:39] D2BS 8656: ÿc7Picked up ÿc0Crude Boots ÿc0(ilvl 2) (Hammerdin.xpac.nip #60)
[10/07/20 19:17:39] D2BS 8656: ÿc7Picked up ÿc0Short Sword ÿc0(ilvl 2)
[10/07/20 19:17:41] D2BS 8656: move retry 1
[10/07/20 19:17:46] D2BS 8656: ÿc7Picked up ÿc45 Gold
[10/07/20 19:17:48] D2BS 8656: ÿc7Picked up ÿc42 Gold
[10/07/20 19:17:50] D2BS 8656: move retry 1
[10/07/20 19:18:27] D2BS 8656: move retry 1
[10/07/20 19:18:43] D2BS 8656: move retry 1
[10/07/20 19:19:38] D2BS 8656: move retry 1
[10/07/20 19:20:01] D2BS 8656: move retry 1
[10/07/20 19:20:25] D2BS 8656: move retry 1
[10/07/20 19:20:48] D2BS 8656: move retry 1
[10/07/20 19:21:01] D2BS 8656: ÿc7Picked up ÿc0Crude Sash ÿc0(ilvl 2) (Hammerdin.xpac.nip #80)
[10/07/20 19:21:25] D2BS 8656: ÿc7Picked up ÿc3Light Mana Potion ÿc0(ilvl 1) (EarlyGame.nip #28)
[10/07/20 19:21:31] D2BS 8656: move retry 1
[10/07/20 19:23:23] D2BS 8656: ÿc7Picked up ÿc0Javelin ÿc0(ilvl 2)
[10/07/20 19:23:32] D2BS 8656: move retry 1
[10/07/20 19:23:47] D2BS 8656: move retry 1
[10/07/20 19:24:04] D2BS 8656: ÿc7Picked up ÿc410 Gold
[10/07/20 19:24:42] D2BS 8656: ÿc7Picked up ÿc411 Gold
[10/07/20 19:26:00] D2BS 8656: AutoBuild: Stat points: 5      Skill points: 2
[10/07/20 19:26:00] D2BS 8656: AutoBuild: Level up detected ( 5 --> 6 )
[10/07/20 19:26:00] D2BS 8656: AutoBuild: useSkillPoint(): Defiance (104)
[10/07/20 19:26:00] D2BS 8656: AutoBuild: Skill (1/1) Increased Defiance (104) by one (level:  1)
[10/07/20 19:26:01] D2BS 8656: AutoBuild: useStatPoint(0): Strength
[10/07/20 19:26:01] D2BS 8656: AutoBuild: Stat (1/5) Increased Strength from 29 to 30
[10/07/20 19:26:01] D2BS 8656: AutoBuild: useStatPoint(2): Dexterity
[10/07/20 19:26:01] D2BS 8656: AutoBuild: Stat (2/5) Increased Dexterity from 24 to 25
[10/07/20 19:26:01] D2BS 8656: AutoBuild: useStatPoint(3): Vitality
[10/07/20 19:26:01] D2BS 8656: AutoBuild: Stat (3/5) Increased Vitality from 37 to 38
[10/07/20 19:26:01] D2BS 8656: AutoBuild: useStatPoint(3): Vitality
[10/07/20 19:26:01] D2BS 8656: AutoBuild: Stat (4/5) Increased Vitality from 38 to 39
[10/07/20 19:26:01] D2BS 8656: AutoBuild: useStatPoint(3): Vitality
[10/07/20 19:26:01] D2BS 8656: AutoBuild: Stat (5/5) Increased Vitality from 39 to 40
[10/07/20 19:26:01] D2BS 8656: Updating Config from level 5 to 6
[10/07/20 19:26:01] D2BS 8656: Updating Config from level 5 to 6
[10/07/20 19:26:01] D2BS 8656: AutoBuild: Updating Config from level 5 to 6
[10/07/20 19:26:01] D2BS 8656: Updating Config from level 5 to 6
[10/07/20 19:26:01] D2BS 8656: Updating Config from level 5 to 6
[10/07/20 19:26:01] D2BS 8656: AutoBuild: Incrementing cached character level to 6
[10/07/20 19:26:33] D2BS 8656: ÿc7Picked up ÿc47 Gold
[10/07/20 19:26:33] D2BS 8656: ÿc7Picked up ÿc3Ring ÿc0(ilvl 2) (Hammerdin.xpac.nip #94)
[10/07/20 19:26:37] D2BS 8656: move retry 1
[10/07/20 19:26:50] D2BS 8656: ÿc7Picked up ÿc47 Gold
[10/07/20 19:27:49] D2BS 8656: 3,2,1
[10/07/20 19:28:41] D2BS 8656: initNPC: heal
[10/07/20 19:28:49] D2BS 8656: initNPC: identify
[10/07/20 19:28:52] D2BS 8656: ÿc4MiniShopBotÿc0: Scanning 63 items.
[10/07/20 19:28:52] D2BS 8656: initNPC: fillTome
[10/07/20 19:28:54] D2BS 8656: LowGold sell Damaged Hand Axe
[10/07/20 19:28:54] D2BS 8656: initNPC: clearInventory
[10/07/20 19:28:55] D2BS 8656: LowGold sell Low Quality Javelin
[10/07/20 19:28:55] D2BS 8656: initNPC: clearInventory
[10/07/20 19:28:57] D2BS 8656: LowGold sell Short Sword
[10/07/20 19:28:57] D2BS 8656: initNPC: clearInventory
[10/07/20 19:28:59] D2BS 8656: LowGold sell Javelin
[10/07/20 19:28:59] D2BS 8656: initNPC: clearInventory
[10/07/20 19:29:01] D2BS 8656: LowGold sell Throwing Knife
[10/07/20 19:29:01] D2BS 8656: initNPC: clearInventory
[10/07/20 19:29:03] D2BS 8656: LowGold sell Chipped Skull
[10/07/20 19:29:03] D2BS 8656: initNPC: clearInventory
[10/07/20 19:29:05] D2BS 8656: initNPC: repair
[10/07/20 19:29:44] D2BS 8656: ÿc7Picked up ÿc46 Gold
[10/07/20 19:29:49] D2BS 8656: move retry 1
[10/07/20 19:30:15] D2BS 8656: initNPC: heal
[10/07/20 19:30:22] D2BS 8656: initNPC: fillTome
[10/07/20 19:30:44] D2BS 8656: ÿc7Picked up ÿc0Superior Hand Axe ÿc0(ilvl 1)
[10/07/20 19:30:55] D2BS 8656: ÿc7Picked up ÿc45 Gold
[10/07/20 19:31:09] D2BS 8656: move retry 1
[10/07/20 19:31:30] D2BS 8656: ÿc7Picked up ÿc41 Gold
[10/07/20 19:31:48] D2BS 8656: ÿc7Picked up ÿc42 Gold
[10/07/20 19:32:00] D2BS 8656: move retry 1
[10/07/20 19:32:08] D2BS 8656: move retry 1
[10/07/20 19:32:39] D2BS 8656: initNPC: heal
[10/07/20 19:32:47] D2BS 8656: initNPC: identify
[10/07/20 19:32:48] D2BS 8656: ÿc4MiniShopBotÿc0: Scanning 49 items.
[10/07/20 19:32:49] D2BS 8656: LowGold sell Superior Hand Axe
[10/07/20 19:32:49] D2BS 8656: initNPC: clearInventory
[10/07/20 19:33:02] D2BS 8656: move retry 1
[10/07/20 19:33:05] D2BS 8656: ÿc7Picked up ÿc43 Gold
[10/07/20 19:33:18] D2BS 8656: ÿc7Picked up ÿc42 Gold
[10/07/20 19:33:18] D2BS 8656: ÿc7Picked up ÿc45 Gold
[10/07/20 19:33:18] D2BS 8656: ÿc7Picked up ÿc42 Gold
[10/07/20 19:33:18] D2BS 8656: ÿc7Picked up ÿc41 Gold
[10/07/20 19:33:41] D2BS 8656: ÿc7Picked up ÿc1Minor Healing Potion ÿc0(ilvl 1) (EarlyGame.nip #27)
[10/07/20 19:33:42] D2BS 8656: ÿc7Picked up ÿc1Minor Healing Potion ÿc0(ilvl 1) (EarlyGame.nip #27)
[10/07/20 19:33:47] D2BS 8656: move retry 1
[10/07/20 19:34:54] D2BS 8656: 3,2,1
[10/07/20 19:35:45] D2BS 8656: initNPC: heal
[10/07/20 19:36:10] D2BS 8656: ÿc7Picked up ÿc1Minor Healing Potion ÿc0(ilvl 1) (EarlyGame.nip #27)
[10/07/20 19:36:10] D2BS 8656: ÿc7Picked up ÿc1Light Healing Potion ÿc0(ilvl 1) (EarlyGame.nip #29)
[10/07/20 19:36:20] D2BS 8656: ÿc7Picked up ÿc0Preserved Head ÿc0(ilvl 8)
[10/07/20 19:36:37] D2BS 8656: AutoBuild: Stat points: 5      Skill points: 3
[10/07/20 19:36:37] D2BS 8656: AutoBuild: Level up detected ( 6 --> 7 )
[10/07/20 19:36:37] D2BS 8656: AutoBuild: useSkillPoint(): Holy Bolt (101)
[10/07/20 19:36:38] D2BS 8656: AutoBuild: Skill (1/1) Increased Holy Bolt (101) by one (level:  1)
[10/07/20 19:36:38] D2BS 8656: AutoBuild: useStatPoint(0): Strength
[10/07/20 19:36:38] D2BS 8656: AutoBuild: Stat (1/5) Increased Strength from 30 to 31
[10/07/20 19:36:38] D2BS 8656: AutoBuild: useStatPoint(2): Dexterity
[10/07/20 19:36:38] D2BS 8656: AutoBuild: Stat (2/5) Increased Dexterity from 25 to 26
[10/07/20 19:36:38] D2BS 8656: AutoBuild: useStatPoint(3): Vitality
[10/07/20 19:36:38] D2BS 8656: AutoBuild: Stat (3/5) Increased Vitality from 40 to 41
[10/07/20 19:36:38] D2BS 8656: AutoBuild: useStatPoint(3): Vitality
[10/07/20 19:36:38] D2BS 8656: AutoBuild: Stat (4/5) Increased Vitality from 41 to 42
[10/07/20 19:36:38] D2BS 8656: AutoBuild: useStatPoint(3): Vitality
[10/07/20 19:36:38] D2BS 8656: AutoBuild: Stat (5/5) Increased Vitality from 42 to 43
[10/07/20 19:36:38] D2BS 8656: Updating Config from level 6 to 7
[10/07/20 19:36:38] D2BS 8656: AutoBuild: Updating Config from level 6 to 7
[10/07/20 19:36:38] D2BS 8656: Updating Config from level 6 to 7
[10/07/20 19:36:38] D2BS 8656: Updating Config from level 6 to 7
[10/07/20 19:36:38] D2BS 8656: Updating Config from level 6 to 7
[10/07/20 19:36:38] D2BS 8656: AutoBuild: Incrementing cached character level to 7
[10/07/20 19:36:40] D2BS 8656: move retry 1
[10/07/20 19:36:47] D2BS 8656: move retry 1
[10/07/20 19:37:24] D2BS 8656: ÿc7Picked up ÿc418 Gold
[10/07/20 19:37:28] D2BS 8656: move retry 2
[10/07/20 19:37:31] D2BS 8656: move retry 3
[10/07/20 19:37:49] D2BS 8656: ÿc7Picked up ÿc0Scepter ÿc0(ilvl 2)
[10/07/20 19:37:50] D2BS 8656: ÿc7Picked up ÿc49 Gold
[10/07/20 19:38:08] D2BS 8656: ÿc7Picked up ÿc48 Gold
[10/07/20 19:38:14] D2BS 8656: move retry 1
[10/07/20 19:38:18] D2BS 8656: ÿc7Picked up ÿc3Small Charm ÿc0(ilvl 1) (LateGame.nip #11)
[10/07/20 19:38:19] D2BS 8656: ÿc7Picked up ÿc414 Gold
[10/07/20 19:38:38] D2BS 8656: ÿc7Picked up ÿc428 Gold
[10/07/20 19:38:55] D2BS 8656: move retry 1
[10/07/20 19:39:42] D2BS 8656: move retry 1
[10/07/20 19:39:44] D2BS 8656: move retry 2
[10/07/20 19:39:52] D2BS 8656: move retry 1
[10/07/20 19:40:04] D2BS 8656: ÿc7Picked up ÿc3Ring ÿc0(ilvl 1) (Hammerdin.xpac.nip #94)
[10/07/20 19:40:16] D2BS 8656: move retry 1
[10/07/20 19:40:19] D2BS 8656: move retry 1
[10/07/20 19:40:56] D2BS 8656: ÿc7Picked up ÿc1Minor Healing Potion ÿc0(ilvl 1) (EarlyGame.nip #27)
[10/07/20 19:41:03] D2BS 8656: move retry 1
[10/07/20 19:41:07] D2BS 8656: ÿc7Picked up ÿc48 Gold
[10/07/20 19:41:25] D2BS 8656: ÿc7Picked up ÿc0Cracked Scepter ÿc0(ilvl 4)
[10/07/20 19:41:42] D2BS 8656: ÿc7Picked up ÿc0Superior Short Sword ÿc0(ilvl 4)
[10/07/20 19:41:44] D2BS 8656: ÿc7Picked up ÿc0Damaged Cap ÿc0(ilvl 2) (Hammerdin.xpac.nip #30)
[10/07/20 19:41:59] D2BS 8656: move retry 1
[10/07/20 19:42:36] D2BS 8656: ÿc7Picked up ÿc419 Gold
[10/07/20 19:42:40] D2BS 8656: ÿc7Picked up ÿc0Cracked Hand Axe ÿc0(ilvl 4)
[10/07/20 19:43:21] D2BS 8656: move retry 1
[10/07/20 19:43:53] D2BS 8656: move retry 1
[10/07/20 19:43:59] D2BS 8656: move retry 1
[10/07/20 19:44:07] D2BS 8656: move retry 1
[10/07/20 19:44:15] D2BS 8656: move retry 1
[10/07/20 19:44:24] D2BS 8656: ÿc7Picked up ÿc0Bardiche ÿc0(ilvl 5)
[10/07/20 19:44:33] D2BS 8656: ÿc7Picked up ÿc45 Gold
[10/07/20 19:44:57] D2BS 8656: ÿc7Picked up ÿc1Light Healing Potion ÿc0(ilvl 1) (EarlyGame.nip #29)
[10/07/20 19:45:15] D2BS 8656: move retry 1
[10/07/20 19:45:34] D2BS 8656: ÿc7Picked up ÿc0Damaged Hand Axe ÿc0(ilvl 3)
[10/07/20 19:45:35] D2BS 8656: move retry 1
[10/07/20 19:45:37] D2BS 8656: move retry 1
[10/07/20 19:48:15] D2BS 8656: ÿc7Picked up ÿc3Amulet ÿc0(ilvl 2) (LateGame.nip #29)
[10/07/20 19:48:24] D2BS 8656: ÿc7Picked up ÿc49 Gold
[10/07/20 19:48:43] D2BS 8656: move retry 1
[10/07/20 19:49:06] D2BS 8656: ÿc7Picked up ÿc413 Gold
[10/07/20 19:49:24] D2BS 8656: AutoBuild: Stat points: 5      Skill points: 3
[10/07/20 19:49:24] D2BS 8656: AutoBuild: Level up detected ( 7 --> 8 )
[10/07/20 19:49:24] D2BS 8656: AutoBuild: useStatPoint(0): Strength
[10/07/20 19:49:24] D2BS 8656: AutoBuild: Stat (1/5) Increased Strength from 31 to 32
[10/07/20 19:49:24] D2BS 8656: AutoBuild: useStatPoint(2): Dexterity
[10/07/20 19:49:24] D2BS 8656: AutoBuild: Stat (2/5) Increased Dexterity from 26 to 27
[10/07/20 19:49:24] D2BS 8656: AutoBuild: useStatPoint(3): Vitality
[10/07/20 19:49:24] D2BS 8656: AutoBuild: Stat (3/5) Increased Vitality from 43 to 44
[10/07/20 19:49:24] D2BS 8656: AutoBuild: useStatPoint(3): Vitality
[10/07/20 19:49:24] D2BS 8656: AutoBuild: Stat (4/5) Increased Vitality from 44 to 45
[10/07/20 19:49:24] D2BS 8656: AutoBuild: useStatPoint(3): Vitality
[10/07/20 19:49:25] D2BS 8656: AutoBuild: Stat (5/5) Increased Vitality from 45 to 46
[10/07/20 19:49:25] D2BS 8656: AutoBuild: Updating Config from level 7 to 8
[10/07/20 19:49:25] D2BS 8656: Updating Config from level 7 to 8
[10/07/20 19:49:25] D2BS 8656: Updating Config from level 7 to 8
[10/07/20 19:49:25] D2BS 8656: Updating Config from level 7 to 8
[10/07/20 19:49:25] D2BS 8656: Updating Config from level 7 to 8
[10/07/20 19:49:25] D2BS 8656: AutoBuild: Incrementing cached character level to 8
[10/07/20 19:49:36] D2BS 8656: ÿc7Picked up ÿc44 Gold
[10/07/20 19:49:52] D2BS 8656: move retry 1
[10/07/20 19:49:57] D2BS 8656: move retry 1
[10/07/20 19:50:01] D2BS 8656: move retry 1
[10/07/20 19:50:42] D2BS 8656: move retry 1
[10/07/20 19:50:45] D2BS 8656: 4,10
[10/07/20 19:50:59] D2BS 8656: ÿc7Picked up ÿc425 Gold
[10/07/20 19:51:09] D2BS 8656: ÿc7Trying to make room for ÿc0Superior Short Sword
[10/07/20 19:51:09] D2BS 8656: initNPC: heal
[10/07/20 19:51:15] D2BS 8656: initNPC: identify
[10/07/20 19:51:21] D2BS 8656: ÿc4MiniShopBotÿc0: Scanning 54 items.
[10/07/20 19:51:22] D2BS 8656: initNPC: buyPotions
[10/07/20 19:51:23] D2BS 8656: LowGold sell Preserved Head
[10/07/20 19:51:23] D2BS 8656: initNPC: clearInventory
[10/07/20 19:51:23] D2BS 8656: LowGold sell Bardiche
[10/07/20 19:51:23] D2BS 8656: initNPC: clearInventory
[10/07/20 19:51:25] D2BS 8656: LowGold sell Damaged Hand Axe
[10/07/20 19:51:25] D2BS 8656: initNPC: clearInventory
[10/07/20 19:51:27] D2BS 8656: LowGold sell Cracked Hand Axe
[10/07/20 19:51:27] D2BS 8656: initNPC: clearInventory
[10/07/20 19:51:30] D2BS 8656: LowGold sell Superior Short Sword
[10/07/20 19:51:30] D2BS 8656: initNPC: clearInventory
[10/07/20 19:51:32] D2BS 8656: LowGold sell Cracked Scepter
[10/07/20 19:51:32] D2BS 8656: initNPC: clearInventory
[10/07/20 19:51:34] D2BS 8656: LowGold sell Scepter
[10/07/20 19:51:34] D2BS 8656: initNPC: clearInventory
[10/07/20 19:51:36] D2BS 8656: initNPC: repair
[10/07/20 19:52:16] D2BS 8656: ÿc7Picked up ÿc0Small Shield ÿc0(ilvl 5)
[10/07/20 19:52:16] D2BS 8656: ÿc7Picked up ÿc412 Gold
[10/07/20 19:52:16] D2BS 8656: ÿc7Picked up ÿc3Small Charm ÿc0(ilvl 5) (LateGame.nip #11)
[10/07/20 19:52:36] D2BS 8656: ÿc7Picked up ÿc42 Gold
[10/07/20 19:52:46] D2BS 8656: move retry 1
[10/07/20 19:52:57] D2BS 8656: initNPC: heal
[10/07/20 19:53:05] D2BS 8656: initNPC: identify
[10/07/20 19:53:07] D2BS 8656: ÿc4MiniShopBotÿc0: Scanning 71 items.
[10/07/20 19:53:08] D2BS 8656: initNPC: buyPotions
[10/07/20 19:53:09] D2BS 8656: LowGold sell Small Shield
[10/07/20 19:53:09] D2BS 8656: initNPC: clearInventory
[10/07/20 19:53:31] D2BS 8656: Script default.dbj ended
[10/07/20 19:53:31] D2BS 8656: Script tools\autobuildthread.js ended
[10/07/20 19:53:31] D2BS 8656: Script tools\party.js ended
[10/07/20 19:53:31] D2BS 8656: Script tools\toolsthread.js ended
[10/07/20 19:53:31] D2BS 8656: Script tools\townchicken.js ended
[10/07/20 19:53:38] D2BS 8656: ÿc2D2BSÿc0 :: Starting default.dbj
[10/07/20 19:53:38] D2BS 8656: ÿc2D2BSÿc0 :: default.dbj running.
[10/07/20 19:53:38] D2BS 8656: AutoBuild: Including build template config/builds/paladin.hammerdin.js into default.dbj
[10/07/20 19:53:38] D2BS 8656: Updating Config from level 0 to 8
[10/07/20 19:53:38] D2BS 8656: ÿc4Loaded NIP: ÿc2LateGame.nipÿc4. Lines: ÿc275ÿc4. Valid entries: ÿc250. ÿc4Time: ÿc20 ms
[10/07/20 19:53:38] D2BS 8656: ÿc4Loaded NIP: ÿc2MidGame.nipÿc4. Lines: ÿc265ÿc4. Valid entries: ÿc240. ÿc4Time: ÿc20 ms
[10/07/20 19:53:38] D2BS 8656: ÿc4Loaded NIP: ÿc2EarlyGame.nipÿc4. Lines: ÿc229ÿc4. Valid entries: ÿc213. ÿc4Time: ÿc20 ms
[10/07/20 19:53:38] D2BS 8656: ÿc4Loaded NIP: ÿc2HammerdinRunes.nipÿc4. Lines: ÿc218ÿc4. Valid entries: ÿc29. ÿc4Time: ÿc20 ms
[10/07/20 19:53:38] D2BS 8656: ÿc4Loaded NIP: ÿc2Hammerdin.xpac.nipÿc4. Lines: ÿc2119ÿc4. Valid entries: ÿc2102. ÿc4Time: ÿc215 ms
[10/07/20 19:53:38] D2BS 8656: ÿc4Loaded NIP: ÿc2Merc.xpac.nipÿc4. Lines: ÿc260ÿc4. Valid entries: ÿc243. ÿc4Time: ÿc20 ms
[10/07/20 19:53:38] D2BS 8656: AutoBuild: Including build template config/builds/paladin.hammerdin.js into tools\autobuildthread.js
[10/07/20 19:53:38] D2BS 8656: Updating Config from level 0 to 8
[10/07/20 19:53:38] D2BS 8656: AutoBuild: Loaded helper thread
[10/07/20 19:53:38] D2BS 8656: ÿc2Starting script: ÿc9LevelFollower
[10/07/20 19:53:38] D2BS 8656: AutoBuild: Including build template config/builds/paladin.hammerdin.js into tools\party.js
[10/07/20 19:53:38] D2BS 8656: Updating Config from level 0 to 8
[10/07/20 19:53:38] D2BS 8656: ÿc2Party thread loaded. Mode: Accept
[10/07/20 19:53:38] D2BS 8656: ÿc3Start ToolsThread script
[10/07/20 19:53:38] D2BS 8656: AutoBuild: Including build template config/builds/paladin.hammerdin.js into tools\townchicken.js
[10/07/20 19:53:38] D2BS 8656: Updating Config from level 0 to 8
[10/07/20 19:53:38] D2BS 8656: AutoBuild: Including build template config/builds/paladin.hammerdin.js into tools\toolsthread.js
[10/07/20 19:53:38] D2BS 8656: Updating Config from level 0 to 8
[10/07/20 19:53:56] D2BS 8656: initNPC: BuyPotions
[10/07/20 19:54:31] D2BS 8656: ÿc1Skipping Foul Crow Nest 24 16
[10/07/20 19:54:48] D2BS 8656: ÿc1Skipping Moon Clan 29 16
[10/07/20 19:55:02] D2BS 8656: ÿc1Skipping Moon Clan 31 16
[10/07/20 19:56:05] D2BS 8656: ÿc7Picked up ÿc44 Gold
[10/07/20 19:56:06] D2BS 8656: ÿc7Picked up ÿc3Light Mana Potion ÿc0(ilvl 1) (EarlyGame.nip #28)
[10/07/20 19:56:06] D2BS 8656: ÿc7Picked up ÿc49 Gold
[10/07/20 19:56:33] D2BS 8656: ÿc1Skipping Dark Hunter 119 16
[10/07/20 19:56:43] D2BS 8656: ÿc7Picked up ÿc48 Gold
[10/07/20 19:57:10] D2BS 8656: ÿc7Picked up ÿc0Chipped Sapphire ÿc0(ilvl 1)
[10/07/20 19:57:10] D2BS 8656: ÿc7Picked up ÿc47 Gold
[10/07/20 19:57:16] D2BS 8656: ÿc7Picked up ÿc42 Gold
[10/07/20 19:57:35] D2BS 8656: ÿc7Picked up ÿc0Damaged Javelin ÿc0(ilvl 1)
[10/07/20 19:57:41] D2BS 8656: ÿc7Picked up ÿc45 Gold
[10/07/20 19:57:49] D2BS 8656: ÿc7Picked up ÿc44 Gold
[10/07/20 19:58:05] D2BS 8656: ÿc7Picked up ÿc42 Gold
[10/07/20 19:58:18] D2BS 8656: ÿc7Picked up ÿc41 Gold
[10/07/20 19:58:19] D2BS 8656: ÿc7Picked up ÿc45 Gold
[10/07/20 19:58:59] D2BS 8656: ÿc7Picked up ÿc44 Gold
[10/07/20 19:58:59] D2BS 8656: ÿc7Picked up ÿc1Minor Healing Potion ÿc0(ilvl 1) (EarlyGame.nip #27)
[10/07/20 19:59:01] D2BS 8656: ÿc7Picked up ÿc1Light Healing Potion ÿc0(ilvl 1) (EarlyGame.nip #29)
[10/07/20 19:59:59] D2BS 8656: AutoBuild: Stat points: 5      Skill points: 4
[10/07/20 19:59:59] D2BS 8656: AutoBuild: Level up detected ( 8 --> 9 )
[10/07/20 19:59:59] D2BS 8656: AutoBuild: useStatPoint(0): Strength
[10/07/20 19:59:59] D2BS 8656: AutoBuild: Stat (1/5) Increased Strength from 32 to 33
[10/07/20 19:59:59] D2BS 8656: AutoBuild: useStatPoint(2): Dexterity
[10/07/20 19:59:59] D2BS 8656: AutoBuild: Stat (2/5) Increased Dexterity from 27 to 28
[10/07/20 19:59:59] D2BS 8656: AutoBuild: useStatPoint(3): Vitality
[10/07/20 19:59:59] D2BS 8656: AutoBuild: Stat (3/5) Increased Vitality from 46 to 47
[10/07/20 19:59:59] D2BS 8656: AutoBuild: useStatPoint(3): Vitality
[10/07/20 19:59:59] D2BS 8656: AutoBuild: Stat (4/5) Increased Vitality from 47 to 48
[10/07/20 19:59:59] D2BS 8656: AutoBuild: useStatPoint(3): Vitality
[10/07/20 19:59:59] D2BS 8656: AutoBuild: Stat (5/5) Increased Vitality from 48 to 49
[10/07/20 19:59:59] D2BS 8656: Updating Config from level 8 to 9
[10/07/20 19:59:59] D2BS 8656: Updating Config from level 8 to 9
[10/07/20 19:59:59] D2BS 8656: Updating Config from level 8 to 9
[10/07/20 19:59:59] D2BS 8656: Updating Config from level 8 to 9
[10/07/20 19:59:59] D2BS 8656: AutoBuild: Updating Config from level 8 to 9
[10/07/20 19:59:59] D2BS 8656: AutoBuild: Incrementing cached character level to 9
[10/07/20 20:00:10] D2BS 8656: move retry 1
[10/07/20 20:00:22] D2BS 8656: move retry 1
[10/07/20 20:01:48] D2BS 8656: move retry 1
[10/07/20 20:02:14] D2BS 8656: ÿc7Picked up ÿc0Light Crossbow ÿc0(ilvl 8)
[10/07/20 20:02:59] D2BS 8656: move retry 1
[10/07/20 20:03:28] D2BS 8656: move retry 1
[10/07/20 20:04:21] D2BS 8656: move retry 1
[10/07/20 20:04:34] D2BS 8656: move retry 1
[10/07/20 20:04:35] D2BS 8656: ÿc7Picked up ÿc0Javelin ÿc0(ilvl 4)
[10/07/20 20:04:38] D2BS 8656: move retry 1
[10/07/20 20:04:40] D2BS 8656: move retry 1
[10/07/20 20:05:13] D2BS 8656: ÿc7Picked up ÿc415 Gold
[10/07/20 20:05:21] D2BS 8656: ÿc7Picked up ÿc1Light Healing Potion ÿc0(ilvl 1) (EarlyGame.nip #29)
[10/07/20 20:05:27] D2BS 8656: move retry 1
[10/07/20 20:05:29] D2BS 8656: move retry 1
[10/07/20 20:05:48] D2BS 8656: ÿc7Picked up ÿc48 Gold
[10/07/20 20:05:49] D2BS 8656: move retry 1
[10/07/20 20:06:26] D2BS 8656: move retry 1
[10/07/20 20:07:23] D2BS 8656: Script default.dbj ended
[10/07/20 20:07:23] D2BS 8656: Script tools\autobuildthread.js ended
[10/07/20 20:07:23] D2BS 8656: Script tools\party.js ended
[10/07/20 20:07:23] D2BS 8656: Script tools\toolsthread.js ended
[10/07/20 20:07:23] D2BS 8656: Script tools\townchicken.js ended
[10/07/20 20:07:30] D2BS 8656: ÿc2D2BSÿc0 :: Starting default.dbj
[10/07/20 20:07:30] D2BS 8656: ÿc2D2BSÿc0 :: default.dbj running.
[10/07/20 20:07:30] D2BS 8656: AutoBuild: Including build template config/builds/paladin.hammerdin.js into default.dbj
[10/07/20 20:07:30] D2BS 8656: Updating Config from level 0 to 9
[10/07/20 20:07:30] D2BS 8656: ÿc4Loaded NIP: ÿc2LateGame.nipÿc4. Lines: ÿc275ÿc4. Valid entries: ÿc250. ÿc4Time: ÿc20 ms
[10/07/20 20:07:30] D2BS 8656: ÿc4Loaded NIP: ÿc2MidGame.nipÿc4. Lines: ÿc265ÿc4. Valid entries: ÿc240. ÿc4Time: ÿc20 ms
[10/07/20 20:07:30] D2BS 8656: ÿc4Loaded NIP: ÿc2EarlyGame.nipÿc4. Lines: ÿc229ÿc4. Valid entries: ÿc213. ÿc4Time: ÿc20 ms
[10/07/20 20:07:30] D2BS 8656: ÿc4Loaded NIP: ÿc2HammerdinRunes.nipÿc4. Lines: ÿc218ÿc4. Valid entries: ÿc29. ÿc4Time: ÿc20 ms
[10/07/20 20:07:30] D2BS 8656: ÿc4Loaded NIP: ÿc2Hammerdin.xpac.nipÿc4. Lines: ÿc2119ÿc4. Valid entries: ÿc2102. ÿc4Time: ÿc20 ms
[10/07/20 20:07:30] D2BS 8656: ÿc4Loaded NIP: ÿc2Merc.xpac.nipÿc4. Lines: ÿc260ÿc4. Valid entries: ÿc243. ÿc4Time: ÿc215 ms
[10/07/20 20:07:30] D2BS 8656: AutoBuild: Including build template config/builds/paladin.hammerdin.js into tools\autobuildthread.js
[10/07/20 20:07:30] D2BS 8656: Updating Config from level 0 to 9
[10/07/20 20:07:30] D2BS 8656: AutoBuild: Loaded helper thread
[10/07/20 20:07:30] D2BS 8656: LowGold sell Damaged Javelin
[10/07/20 20:07:30] D2BS 8656: initNPC: clearInventory
[10/07/20 20:07:30] D2BS 8656: AutoBuild: Including build template config/builds/paladin.hammerdin.js into tools\party.js
[10/07/20 20:07:30] D2BS 8656: Updating Config from level 0 to 9
[10/07/20 20:07:30] D2BS 8656: ÿc2Party thread loaded. Mode: Accept
[10/07/20 20:07:30] D2BS 8656: AutoBuild: Including build template config/builds/paladin.hammerdin.js into tools\townchicken.js
[10/07/20 20:07:30] D2BS 8656: Updating Config from level 0 to 9
[10/07/20 20:07:30] D2BS 8656: ÿc3Start ToolsThread script
[10/07/20 20:07:30] D2BS 8656: AutoBuild: Including build template config/builds/paladin.hammerdin.js into tools\toolsthread.js
[10/07/20 20:07:30] D2BS 8656: Updating Config from level 0 to 9
[10/07/20 20:07:36] D2BS 8656: move retry 1
[10/07/20 20:07:39] D2BS 8656: LowGold sell Light Crossbow
[10/07/20 20:07:39] D2BS 8656: initNPC: clearInventory
[10/07/20 20:07:41] D2BS 8656: LowGold sell Javelin
[10/07/20 20:07:41] D2BS 8656: initNPC: clearInventory
[10/07/20 20:07:44] D2BS 8656: LowGold sell Chipped Sapphire
[10/07/20 20:07:44] D2BS 8656: initNPC: clearInventory
[10/07/20 20:07:46] D2BS 8656: LowGold sell Chipped Skull
[10/07/20 20:07:46] D2BS 8656: initNPC: clearInventory
[10/07/20 20:07:48] D2BS 8656: ÿc2Starting script: ÿc9LevelFollower
[10/07/20 20:07:59] D2BS 8656: initNPC: BuyPotions
[10/07/20 20:08:39] D2BS 8656: ÿc7Picked up ÿc0Scroll of Town Portal ÿc7(18/20)
[10/07/20 20:08:41] D2BS 8656: ÿc7Picked up ÿc3Leather Armor ÿc0(ilvl 7) (Hammerdin.xpac.nip #46)
[10/07/20 20:08:54] D2BS 8656: ÿc7Picked up ÿc1Light Healing Potion ÿc0(ilvl 1) (EarlyGame.nip #29)
[10/07/20 20:08:59] D2BS 8656: ÿc7Picked up ÿc413 Gold
[10/07/20 20:09:24] D2BS 8656: move retry 1
[10/07/20 20:09:35] D2BS 8656: ÿc7Picked up ÿc44 Gold
[10/07/20 20:09:35] D2BS 8656: ÿc7Picked up ÿc0Superior Hand Axe ÿc0(ilvl 1)
[10/07/20 20:09:39] D2BS 8656: ÿc7Picked up ÿc49 Gold
[10/07/20 20:09:39] D2BS 8656: ÿc7Picked up ÿc0Chipped Emerald ÿc0(ilvl 1)
[10/07/20 20:09:51] D2BS 8656: ÿc7Picked up ÿc44 Gold
[10/07/20 20:09:57] D2BS 8656: ÿc7Picked up ÿc42 Gold
[10/07/20 20:10:09] D2BS 8656: ÿc7Picked up ÿc420 Gold
[10/07/20 20:10:10] D2BS 8656: ÿc7Picked up ÿc426 Gold
[10/07/20 20:10:24] D2BS 8656: AutoBuild: Stat points: 5      Skill points: 5
[10/07/20 20:10:24] D2BS 8656: AutoBuild: Level up detected ( 9 --> 10 )
[10/07/20 20:10:24] D2BS 8656: AutoBuild: useStatPoint(0): Strength
[10/07/20 20:10:24] D2BS 8656: ÿc7Picked up ÿc416 Gold
[10/07/20 20:10:24] D2BS 8656: AutoBuild: Stat (1/5) Increased Strength from 33 to 34
[10/07/20 20:10:24] D2BS 8656: AutoBuild: useStatPoint(2): Dexterity
[10/07/20 20:10:24] D2BS 8656: AutoBuild: Stat (2/5) Increased Dexterity from 28 to 29
[10/07/20 20:10:24] D2BS 8656: AutoBuild: useStatPoint(3): Vitality
[10/07/20 20:10:24] D2BS 8656: AutoBuild: Stat (3/5) Increased Vitality from 49 to 50
[10/07/20 20:10:24] D2BS 8656: AutoBuild: useStatPoint(3): Vitality
[10/07/20 20:10:25] D2BS 8656: AutoBuild: Stat (4/5) Increased Vitality from 50 to 51
[10/07/20 20:10:25] D2BS 8656: AutoBuild: useStatPoint(3): Vitality
[10/07/20 20:10:25] D2BS 8656: AutoBuild: Stat (5/5) Increased Vitality from 51 to 52
[10/07/20 20:10:25] D2BS 8656: AutoBuild: Updating Config from level 9 to 10
[10/07/20 20:10:25] D2BS 8656: Updating Config from level 9 to 10
[10/07/20 20:10:25] D2BS 8656: Updating Config from level 9 to 10
[10/07/20 20:10:25] D2BS 8656: Updating Config from level 9 to 10
[10/07/20 20:10:25] D2BS 8656: Updating Config from level 9 to 10
[10/07/20 20:10:25] D2BS 8656: AutoBuild: Incrementing cached character level to 10
[10/07/20 20:10:38] D2BS 8656: ÿc7Picked up ÿc41 Gold
[10/07/20 20:11:06] D2BS 8656: ÿc1Skipping Fallen 230 16
[10/07/20 20:11:14] D2BS 8656: ÿc7Picked up ÿc0Damaged Throwing Knife ÿc0(ilvl 1)
[10/07/20 20:11:14] D2BS 8656: ÿc7Picked up ÿc42 Gold
[10/07/20 20:12:14] D2BS 8656: ÿc7Picked up ÿc3Javelin ÿc0(ilvl 5)
[10/07/20 20:13:10] D2BS 8656: ÿc7Picked up ÿc45 Gold
[10/07/20 20:13:26] D2BS 8656: 4
[10/07/20 20:13:59] D2BS 8656: ÿc7Picked up ÿc411 Gold
[10/07/20 20:14:03] D2BS 8656: move retry 1
[10/07/20 20:15:04] D2BS 8656: ÿc7Picked up ÿc410 Gold
[10/07/20 20:15:19] D2BS 8656: move retry 1
[10/07/20 20:15:23] D2BS 8656: move retry 1
[10/07/20 20:15:43] D2BS 8656: move retry 1
[10/07/20 20:15:52] D2BS 8656: move retry 1
[10/07/20 20:17:44] D2BS 8656: move retry 1
[10/07/20 20:18:01] D2BS 8656: ÿc7Picked up ÿc47 Gold
[10/07/20 20:18:21] D2BS 8656: move retry 1
[10/07/20 20:18:52] D2BS 8656: move retry 1
[10/07/20 20:19:02] D2BS 8656: move retry 1
[10/07/20 20:19:51] D2BS 8656: 4,10
[10/07/20 20:20:04] D2BS 8656: move retry 1
[10/07/20 20:20:08] D2BS 8656: move retry 1
[10/07/20 20:20:22] D2BS 8656: move retry 1
[10/07/20 20:20:25] D2BS 8656: ÿc7Picked up ÿc4170 Gold
[10/07/20 20:21:05] D2BS 8656: initNPC: heal
[10/07/20 20:21:10] D2BS 8656: initNPC: identify
[10/07/20 20:21:13] D2BS 8656: ÿc4MiniShopBotÿc0: Scanning 63 items.
[10/07/20 20:21:14] D2BS 8656: LowGold sell Superior Hand Axe
[10/07/20 20:21:14] D2BS 8656: initNPC: clearInventory
[10/07/20 20:21:14] D2BS 8656: LowGold sell Chipped Emerald
[10/07/20 20:21:14] D2BS 8656: initNPC: clearInventory
[10/07/20 20:21:16] D2BS 8656: LowGold sell Damaged Throwing Knife
[10/07/20 20:21:16] D2BS 8656: initNPC: clearInventory
[10/07/20 20:21:18] D2BS 8656: Sturdy Leather Armor of the Jackal
[10/07/20 20:21:19] D2BS 8656: initNPC: repair
[10/07/20 20:21:37] D2BS 8656: 1
[10/07/20 20:21:49] D2BS 8656: Script default.dbj ended
[10/07/20 20:21:49] D2BS 8656: Script tools\autobuildthread.js ended
[10/07/20 20:21:49] D2BS 8656: Script tools\party.js ended
[10/07/20 20:21:49] D2BS 8656: Script tools\toolsthread.js ended
[10/07/20 20:21:49] D2BS 8656: Script tools\townchicken.js ended
[10/07/20 20:21:55] D2BS 8656: ÿc2D2BSÿc0 :: Starting default.dbj
[10/07/20 20:21:55] D2BS 8656: ÿc2D2BSÿc0 :: default.dbj running.
[10/07/20 20:21:55] D2BS 8656: AutoBuild: Including build template config/builds/paladin.hammerdin.js into default.dbj
[10/07/20 20:21:55] D2BS 8656: Updating Config from level 0 to 10
[10/07/20 20:21:55] D2BS 8656: ÿc4Loaded NIP: ÿc2LateGame.nipÿc4. Lines: ÿc275ÿc4. Valid entries: ÿc250. ÿc4Time: ÿc20 ms
[10/07/20 20:21:55] D2BS 8656: ÿc4Loaded NIP: ÿc2MidGame.nipÿc4. Lines: ÿc265ÿc4. Valid entries: ÿc240. ÿc4Time: ÿc20 ms
[10/07/20 20:21:55] D2BS 8656: ÿc4Loaded NIP: ÿc2EarlyGame.nipÿc4. Lines: ÿc229ÿc4. Valid entries: ÿc213. ÿc4Time: ÿc20 ms
[10/07/20 20:21:55] D2BS 8656: ÿc4Loaded NIP: ÿc2HammerdinRunes.nipÿc4. Lines: ÿc218ÿc4. Valid entries: ÿc29. ÿc4Time: ÿc20 ms
[10/07/20 20:21:55] D2BS 8656: ÿc4Loaded NIP: ÿc2Hammerdin.xpac.nipÿc4. Lines: ÿc2119ÿc4. Valid entries: ÿc2102. ÿc4Time: ÿc20 ms
[10/07/20 20:21:55] D2BS 8656: ÿc4Loaded NIP: ÿc2Merc.xpac.nipÿc4. Lines: ÿc260ÿc4. Valid entries: ÿc243. ÿc4Time: ÿc215 ms
[10/07/20 20:21:55] D2BS 8656: AutoBuild: Including build template config/builds/paladin.hammerdin.js into tools\autobuildthread.js
[10/07/20 20:21:55] D2BS 8656: Updating Config from level 0 to 10
[10/07/20 20:21:55] D2BS 8656: AutoBuild: Loaded helper thread
[10/07/20 20:21:55] D2BS 8656: ÿc2Starting script: ÿc9LevelFollower
[10/07/20 20:21:55] D2BS 8656: AutoBuild: Including build template config/builds/paladin.hammerdin.js into tools\party.js
[10/07/20 20:21:55] D2BS 8656: Updating Config from level 0 to 10
[10/07/20 20:21:55] D2BS 8656: ÿc2Party thread loaded. Mode: Accept
[10/07/20 20:21:55] D2BS 8656: AutoBuild: Including build template config/builds/paladin.hammerdin.js into tools\townchicken.js
[10/07/20 20:21:55] D2BS 8656: ÿc3Start ToolsThread script
[10/07/20 20:21:55] D2BS 8656: Updating Config from level 0 to 10
[10/07/20 20:21:55] D2BS 8656: AutoBuild: Including build template config/builds/paladin.hammerdin.js into tools\toolsthread.js
[10/07/20 20:21:55] D2BS 8656: Updating Config from level 0 to 10
[10/07/20 20:22:03] D2BS 8656: initNPC: BuyPotions
[10/07/20 20:22:30] D2BS 8656: 1
[10/07/20 20:22:43] D2BS 8656: move retry 1
[10/07/20 20:22:55] D2BS 8656: move retry 1
[10/07/20 20:23:02] D2BS 8656: ÿc7Picked up ÿc3Ring ÿc0(ilvl 2) (Hammerdin.xpac.nip #94)
[10/07/20 20:23:24] D2BS 8656: ÿc7Picked up ÿc415 Gold
[10/07/20 20:23:27] D2BS 8656: ÿc7Picked up ÿc455 Gold
[10/07/20 20:23:34] D2BS 8656: ÿc7Picked up ÿc440 Gold
[10/07/20 20:23:45] D2BS 8656: ÿc7Picked up ÿc3Dagger ÿc0(ilvl 6)
[10/07/20 20:23:45] D2BS 8656: ÿc7Picked up ÿc1Light Healing Potion ÿc0(ilvl 1) (EarlyGame.nip #29)
[10/07/20 20:23:55] D2BS 8656: ÿc7Picked up ÿc45 Gold
[10/07/20 20:23:57] D2BS 8656: move retry 1
[10/07/20 20:24:13] D2BS 8656: ÿc7Picked up ÿc3Ring ÿc0(ilvl 4) (Hammerdin.xpac.nip #94)
[10/07/20 20:24:20] D2BS 8656: initNPC: heal
[10/07/20 20:24:26] D2BS 8656: initNPC: identify
[10/07/20 20:24:30] D2BS 8656: ÿc4MiniShopBotÿc0: Scanning 52 items.
[10/07/20 20:24:32] D2BS 8656: move retry 1
[10/07/20 20:24:39] D2BS 8656: 1
