[09/23/20 08:37:43] D2BS 20328: D2BS Engine startup complete. 1.6.4U
[09/23/20 08:37:43] D2BS 20328: Hammerdin
[09/23/20 08:37:43] D2BS 20328: ÿc2D2BSÿc0 :: Switched to profile Hammerdin
[09/23/20 08:37:43] D2BS 20328: ÿc2D2BSÿc0 :: Engine startup complete!
[09/23/20 08:37:43] D2BS 20328: ÿc2D2BSÿc0 :: Starting D2BotLanFollow.dbj
[09/23/20 08:37:43] D2BS 20328: ÿc2D2BSÿc0 :: D2BotLanFollow.dbj running.
[09/23/20 08:37:43] D2BS 20328: ÿc2D2BSÿc0 :: Started Console Script
[09/23/20 08:37:44] D2BS 20328: Heartbeat loaded
[09/23/20 08:38:04] D2BS 20328: ÿc2D2BSÿc0 :: Starting default.dbj
[09/23/20 08:38:04] D2BS 20328: ÿc2D2BSÿc0 :: default.dbj running.
[09/23/20 08:38:04] D2BS 20328: AutoBuild: Including build template config/builds/paladin.hammerdin.js into default.dbj
[09/23/20 08:38:04] D2BS 20328: Updating Config from level 0 to 60
[09/23/20 08:38:04] D2BS 20328: ÿc4Loaded NIP: ÿc2LateGame.nipÿc4. Lines: ÿc277ÿc4. Valid entries: ÿc250. ÿc4Time: ÿc20 ms
[09/23/20 08:38:04] D2BS 20328: ÿc4Loaded NIP: ÿc2MidGame.nipÿc4. Lines: ÿc254ÿc4. Valid entries: ÿc233. ÿc4Time: ÿc20 ms
[09/23/20 08:38:04] D2BS 20328: ÿc4Loaded NIP: ÿc2HammerdinRunes.nipÿc4. Lines: ÿc218ÿc4. Valid entries: ÿc29. ÿc4Time: ÿc20 ms
[09/23/20 08:38:04] D2BS 20328: ÿc4Loaded NIP: ÿc2Hammerdin.xpac.nipÿc4. Lines: ÿc2116ÿc4. Valid entries: ÿc299. ÿc4Time: ÿc216 ms
[09/23/20 08:38:04] D2BS 20328: ÿc4Loaded NIP: ÿc2Merc.xpac.nipÿc4. Lines: ÿc276ÿc4. Valid entries: ÿc260. ÿc4Time: ÿc20 ms
[09/23/20 08:38:04] D2BS 20328: AutoBuild: Including build template config/builds/paladin.hammerdin.js into tools\autobuildthread.js
[09/23/20 08:38:04] D2BS 20328: Updating Config from level 0 to 60
[09/23/20 08:38:04] D2BS 20328: AutoBuild: Loaded helper thread
[09/23/20 08:38:04] D2BS 20328: ÿc2Starting script: ÿc9LevelFollower
[09/23/20 08:38:04] D2BS 20328: initNPC: identify
[09/23/20 08:38:04] D2BS 20328: AutoBuild: Including build template config/builds/paladin.hammerdin.js into tools\party.js
[09/23/20 08:38:04] D2BS 20328: Updating Config from level 0 to 60
[09/23/20 08:38:04] D2BS 20328: ÿc2Party thread loaded. Mode: Accept
[09/23/20 08:38:04] D2BS 20328: AutoBuild: Including build template config/builds/paladin.hammerdin.js into tools\townchicken.js
[09/23/20 08:38:04] D2BS 20328: Updating Config from level 0 to 60
[09/23/20 08:38:04] D2BS 20328: ÿc3Start ToolsThread script
[09/23/20 08:38:04] D2BS 20328: AutoBuild: Including build template config/builds/paladin.hammerdin.js into tools\toolsthread.js
[09/23/20 08:38:04] D2BS 20328: Updating Config from level 0 to 60
[09/23/20 08:38:11] D2BS 20328: ÿc4MiniShopBotÿc0: Scanning 54 items.
[09/23/20 08:38:12] D2BS 20328: initNPC: buyPotions
[09/23/20 08:38:19] D2BS 20328: Successfully placed Ort Rune at X: 2 Y: 0
[09/23/20 08:38:28] D2BS 20328: move retry 1
[09/23/20 08:38:41] D2BS 20328: 109,110
[09/23/20 08:39:04] D2BS 20328: move retry 1
[09/23/20 08:39:25] D2BS 20328: move retry 1
[09/23/20 08:39:40] D2BS 20328: ÿc7Picked up ÿc4327 Gold
[09/23/20 08:39:49] D2BS 20328: ÿc7Picked up ÿc0Scroll of Town Portal ÿc7(17/20)
[09/23/20 08:39:54] D2BS 20328: ÿc7Picked up ÿc4213 Gold
[09/23/20 08:40:03] D2BS 20328: ÿc7Picked up ÿc476 Gold
[09/23/20 08:40:08] D2BS 20328: move retry 1
[09/23/20 08:40:09] D2BS 20328: ÿc7Picked up ÿc1Super Healing Potion ÿc0(ilvl 1) (LateGame.nip #33)
[09/23/20 08:40:20] D2BS 20328: ÿc7Picked up ÿc4227 Gold
[09/23/20 08:40:29] D2BS 20328: ÿc7Picked up ÿc4295 Gold
[09/23/20 08:40:35] D2BS 20328: move retry 1
[09/23/20 08:40:43] D2BS 20328: ÿc7Picked up ÿc4105 Gold
[09/23/20 08:40:59] D2BS 20328: ÿc7Picked up ÿc4200 Gold
[09/23/20 08:41:01] D2BS 20328: ÿc7Picked up ÿc4172 Gold
[09/23/20 08:41:04] D2BS 20328: move retry 2
[09/23/20 08:41:07] D2BS 20328: 110,111
[09/23/20 08:41:20] D2BS 20328: ÿc1Pausing.
[09/23/20 08:41:21] D2BS 20328: move retry 1
[09/23/20 08:41:22] D2BS 20328: Script default.dbj ended
[09/23/20 08:41:22] D2BS 20328: Script tools\autobuildthread.js ended
[09/23/20 08:41:22] D2BS 20328: Script tools\party.js ended
[09/23/20 08:41:22] D2BS 20328: Script tools\townchicken.js ended
[09/23/20 08:41:29] D2BS 20328: ÿc2D2BSÿc0 :: Starting default.dbj
[09/23/20 08:41:29] D2BS 20328: ÿc2D2BSÿc0 :: default.dbj running.
[09/23/20 08:41:29] D2BS 20328: AutoBuild: Including build template config/builds/paladin.hammerdin.js into default.dbj
[09/23/20 08:41:29] D2BS 20328: Updating Config from level 0 to 60
[09/23/20 08:41:29] D2BS 20328: ÿc4Loaded NIP: ÿc2LateGame.nipÿc4. Lines: ÿc277ÿc4. Valid entries: ÿc250. ÿc4Time: ÿc20 ms
[09/23/20 08:41:29] D2BS 20328: ÿc4Loaded NIP: ÿc2MidGame.nipÿc4. Lines: ÿc254ÿc4. Valid entries: ÿc233. ÿc4Time: ÿc20 ms
[09/23/20 08:41:29] D2BS 20328: ÿc4Loaded NIP: ÿc2HammerdinRunes.nipÿc4. Lines: ÿc218ÿc4. Valid entries: ÿc29. ÿc4Time: ÿc20 ms
[09/23/20 08:41:29] D2BS 20328: ÿc4Loaded NIP: ÿc2Hammerdin.xpac.nipÿc4. Lines: ÿc2116ÿc4. Valid entries: ÿc299. ÿc4Time: ÿc216 ms
[09/23/20 08:41:29] D2BS 20328: ÿc4Loaded NIP: ÿc2Merc.xpac.nipÿc4. Lines: ÿc276ÿc4. Valid entries: ÿc260. ÿc4Time: ÿc20 ms
[09/23/20 08:41:29] D2BS 20328: AutoBuild: Including build template config/builds/paladin.hammerdin.js into tools\autobuildthread.js
[09/23/20 08:41:29] D2BS 20328: Updating Config from level 0 to 60
[09/23/20 08:41:29] D2BS 20328: AutoBuild: Loaded helper thread
[09/23/20 08:41:29] D2BS 20328: ÿc2Starting script: ÿc9LevelFollower
[09/23/20 08:41:29] D2BS 20328: initNPC: heal
[09/23/20 08:41:29] D2BS 20328: AutoBuild: Including build template config/builds/paladin.hammerdin.js into tools\party.js
[09/23/20 08:41:29] D2BS 20328: Updating Config from level 0 to 60
[09/23/20 08:41:29] D2BS 20328: ÿc2Party thread loaded. Mode: Accept
[09/23/20 08:41:29] D2BS 20328: ÿc3Start ToolsThread script
[09/23/20 08:41:29] D2BS 20328: AutoBuild: Including build template config/builds/paladin.hammerdin.js into tools\toolsthread.js
[09/23/20 08:41:29] D2BS 20328: AutoBuild: Including build template config/builds/paladin.hammerdin.js into tools\townchicken.js
[09/23/20 08:41:29] D2BS 20328: Updating Config from level 0 to 60
[09/23/20 08:41:29] D2BS 20328: Updating Config from level 0 to 60
[09/23/20 08:41:33] D2BS 20328: initNPC: buyPotions
[09/23/20 08:41:52] D2BS 20328: 111
[09/23/20 08:41:57] D2BS 20328: ÿc7Picked up ÿc4157 Gold
[09/23/20 08:42:25] D2BS 20328: ÿc7Picked up ÿc1Super Healing Potion ÿc0(ilvl 1) (LateGame.nip #33)
[09/23/20 08:42:25] D2BS 20328: ÿc7Picked up ÿc1Super Healing Potion ÿc0(ilvl 1) (LateGame.nip #33)
[09/23/20 08:42:25] D2BS 20328: ÿc7Picked up ÿc1Super Healing Potion ÿc0(ilvl 1) (LateGame.nip #33)
[09/23/20 08:42:30] D2BS 20328: move retry 1
[09/23/20 08:42:53] D2BS 20328: ÿc7Picked up ÿc4302 Gold
[09/23/20 08:43:49] D2BS 20328: move retry 1
[09/23/20 08:43:51] D2BS 20328: move retry 1
[09/23/20 08:43:53] D2BS 20328: move retry 1
[09/23/20 08:43:55] D2BS 20328: move retry 1
[09/23/20 08:43:58] D2BS 20328: move retry 1
[09/23/20 08:44:00] D2BS 20328: move retry 1
[09/23/20 08:44:03] D2BS 20328: move retry 1
[09/23/20 08:44:09] D2BS 20328: ÿc7Picked up ÿc41160 Gold
[09/23/20 08:44:09] D2BS 20328: ÿc7Picked up ÿc1Super Healing Potion ÿc0(ilvl 1) (LateGame.nip #33)
[09/23/20 08:45:13] D2BS 20328: ÿc7Picked up ÿc474 Gold
[09/23/20 08:45:14] D2BS 20328: ÿc7Picked up ÿc1Super Healing Potion ÿc0(ilvl 1) (LateGame.nip #33)
[09/23/20 08:45:38] D2BS 20328: move retry 1
[09/23/20 08:45:49] D2BS 20328: move retry 1
[09/23/20 08:45:50] D2BS 20328: move retry 1
[09/23/20 08:45:59] D2BS 20328: move retry 1
[09/23/20 08:47:43] D2BS 20328: move retry 1
[09/23/20 08:47:44] D2BS 20328: move retry 1
[09/23/20 08:47:48] D2BS 20328: move retry 1
[09/23/20 08:47:50] D2BS 20328: move retry 1
[09/23/20 08:47:56] D2BS 20328: move retry 1
[09/23/20 08:48:27] D2BS 20328: move retry 1
[09/23/20 08:48:32] D2BS 20328: move retry 1
[09/23/20 08:49:09] D2BS 20328: move retry 1
[09/23/20 08:49:11] D2BS 20328: move retry 1
[09/23/20 08:49:12] D2BS 20328: move retry 1
[09/23/20 08:49:26] D2BS 20328: ÿc7Picked up ÿc4295 Gold
[09/23/20 08:50:31] D2BS 20328: move retry 1
[09/23/20 08:50:53] D2BS 20328: move retry 1
[09/23/20 08:51:38] D2BS 20328: ÿc7Picked up ÿc1Super Healing Potion ÿc0(ilvl 1) (LateGame.nip #33)
[09/23/20 08:51:45] D2BS 20328: ÿc7Picked up ÿc0Scroll of Town Portal ÿc7(17/20)
[09/23/20 08:51:45] D2BS 20328: ÿc7Picked up ÿc4300 Gold
[09/23/20 08:51:46] D2BS 20328: ÿc7Picked up ÿc4292 Gold
[09/23/20 08:51:49] D2BS 20328: move retry 1
[09/23/20 08:51:50] D2BS 20328: move retry 2
[09/23/20 08:51:52] D2BS 20328: move retry 3
[09/23/20 08:51:58] D2BS 20328: ÿc7Picked up ÿc3Battle Sword ÿc0(ilvl 62) (Hammerdin.xpac.nip #2)
[09/23/20 08:52:30] D2BS 20328: move retry 1
[09/23/20 08:52:42] D2BS 20328: ÿc7Picked up ÿc4261 Gold
[09/23/20 08:52:46] D2BS 20328: ÿc7Picked up ÿc1Greater Healing Potion ÿc0(ilvl 1) (MidGame.nip #23)
[09/23/20 08:52:59] D2BS 20328: ÿc7Picked up ÿc1Super Healing Potion ÿc0(ilvl 1) (LateGame.nip #33)
[09/23/20 08:53:06] D2BS 20328: ÿc7Picked up ÿc4325 Gold
[09/23/20 08:53:35] D2BS 20328: ÿc7Picked up ÿc4185 Gold
[09/23/20 08:54:10] D2BS 20328: move retry 1
[09/23/20 08:54:12] D2BS 20328: move retry 1
[09/23/20 08:54:14] D2BS 20328: move retry 1
[09/23/20 08:54:17] D2BS 20328: move retry 1
[09/23/20 08:54:19] D2BS 20328: move retry 1
[09/23/20 08:54:21] D2BS 20328: move retry 1
[09/23/20 08:54:23] D2BS 20328: move retry 1
[09/23/20 08:54:37] D2BS 20328: ÿc7Picked up ÿc;Rejuvenation Potion ÿc0(ilvl 1) (LateGame.nip #34)
[09/23/20 08:54:52] D2BS 20328: move retry 1
[09/23/20 08:55:13] D2BS 20328: move retry 1
[09/23/20 08:55:16] D2BS 20328: move retry 1
[09/23/20 08:56:03] D2BS 20328: move retry 1
[09/23/20 08:56:05] D2BS 20328: move retry 1
[09/23/20 08:56:08] D2BS 20328: move retry 1
[09/23/20 08:56:11] D2BS 20328: move retry 1
[09/23/20 08:56:14] D2BS 20328: move retry 1
[09/23/20 08:56:26] D2BS 20328: move retry 1
[09/23/20 08:56:29] D2BS 20328: move retry 1
[09/23/20 08:56:32] D2BS 20328: move retry 1
[09/23/20 08:56:35] D2BS 20328: move retry 1
[09/23/20 08:56:39] D2BS 20328: move retry 1
[09/23/20 08:57:53] D2BS 20328: ÿc7Picked up ÿc4266 Gold
[09/23/20 08:58:32] D2BS 20328: move retry 1
[09/23/20 08:58:36] D2BS 20328: move retry 1
[09/23/20 08:58:38] D2BS 20328: move retry 1
[09/23/20 08:58:41] D2BS 20328: move retry 1
[09/23/20 08:58:42] D2BS 20328: move retry 1
[09/23/20 09:00:02] D2BS 20328: ÿc7Picked up ÿc4235 Gold
[09/23/20 09:00:40] D2BS 20328: move retry 1
[09/23/20 09:01:06] D2BS 20328: move retry 1
[09/23/20 09:01:09] D2BS 20328: move retry 1
[09/23/20 09:01:14] D2BS 20328: move retry 1
[09/23/20 09:01:17] D2BS 20328: move retry 1
[09/23/20 09:01:23] D2BS 20328: move retry 1
[09/23/20 09:01:26] D2BS 20328: move retry 1
[09/23/20 09:01:37] D2BS 20328: move retry 1
[09/23/20 09:01:49] D2BS 20328: move retry 1
[09/23/20 09:01:52] D2BS 20328: move retry 1
[09/23/20 09:01:53] D2BS 20328: move retry 1
[09/23/20 09:01:58] D2BS 20328: move retry 1
[09/23/20 09:02:23] D2BS 20328: move retry 1
[09/23/20 09:02:54] D2BS 20328: ÿc7Picked up ÿc4262 Gold
[09/23/20 09:04:11] D2BS 20328: move retry 1
[09/23/20 09:04:16] D2BS 20328: move retry 1
[09/23/20 09:04:31] D2BS 20328: move retry 1
[09/23/20 09:04:34] D2BS 20328: move retry 1
[09/23/20 09:04:55] D2BS 20328: move retry 1
[09/23/20 09:04:58] D2BS 20328: move retry 2
[09/23/20 09:05:00] D2BS 20328: move retry 3
[09/23/20 09:05:03] D2BS 20328: move retry 1
[09/23/20 09:05:40] D2BS 20328: move retry 1
[09/23/20 09:05:43] D2BS 20328: move retry 1
[09/23/20 09:05:48] D2BS 20328: move retry 1
[09/23/20 09:05:50] D2BS 20328: move retry 1
[09/23/20 09:05:55] D2BS 20328: move retry 1
[09/23/20 09:06:01] D2BS 20328: move retry 1
[09/23/20 09:07:28] D2BS 20328: move retry 1
[09/23/20 09:07:31] D2BS 20328: move retry 1
[09/23/20 09:07:35] D2BS 20328: move retry 1
[09/23/20 09:07:46] D2BS 20328: ÿc7Picked up ÿc4139 Gold
[09/23/20 09:07:55] D2BS 20328: move retry 1
[09/23/20 09:07:57] D2BS 20328: move retry 2
[09/23/20 09:07:59] D2BS 20328: move retry 3
[09/23/20 09:08:01] D2BS 20328: move retry 1
[09/23/20 09:08:03] D2BS 20328: move retry 2
[09/23/20 09:08:06] D2BS 20328: move retry 3
[09/23/20 09:08:10] D2BS 20328: move retry 1
[09/23/20 09:08:13] D2BS 20328: move retry 2
[09/23/20 09:08:15] D2BS 20328: move retry 3
[09/23/20 09:08:20] D2BS 20328: move retry 1
[09/23/20 09:08:22] D2BS 20328: move retry 2
[09/23/20 09:08:25] D2BS 20328: move retry 3
[09/23/20 09:08:29] D2BS 20328: move retry 1
[09/23/20 09:08:32] D2BS 20328: move retry 1
[09/23/20 09:08:35] D2BS 20328: move retry 1
[09/23/20 09:08:38] D2BS 20328: move retry 1
[09/23/20 09:08:44] D2BS 20328: move retry 1
[09/23/20 09:08:55] D2BS 20328: ÿc7Picked up ÿc4304 Gold
[09/23/20 09:10:59] D2BS 20328: move retry 1
[09/23/20 09:11:55] D2BS 20328: move retry 1
[09/23/20 09:13:14] D2BS 20328: move retry 1
[09/23/20 09:13:27] D2BS 20328: ÿc7Picked up ÿc1Greater Healing Potion ÿc0(ilvl 1) (MidGame.nip #23)
[09/23/20 09:15:19] D2BS 20328: ÿc7Picked up ÿc0Scroll of Town Portal ÿc7(17/20)
[09/23/20 09:15:33] D2BS 20328: ÿc7Picked up ÿc4133 Gold
[09/23/20 09:15:45] D2BS 20328: move retry 1
[09/23/20 09:16:02] D2BS 20328: ÿc7Picked up ÿc4129 Gold
[09/23/20 09:16:03] D2BS 20328: ÿc7Picked up ÿc4292 Gold
[09/23/20 09:16:14] D2BS 20328: ÿc7Picked up ÿc4108 Gold
[09/23/20 09:16:40] D2BS 20328: move retry 1
[09/23/20 09:17:06] D2BS 20328: move retry 1
[09/23/20 09:17:09] D2BS 20328: move retry 1
[09/23/20 09:17:10] D2BS 20328: move retry 1
[09/23/20 09:17:12] D2BS 20328: move retry 1
[09/23/20 09:17:27] D2BS 20328: ÿc7Picked up ÿc0Scroll of Town Portal ÿc7(18/20)
[09/23/20 09:18:00] D2BS 20328: ÿc7Picked up ÿc4145 Gold
[09/23/20 09:18:29] D2BS 20328: move retry 1
[09/23/20 09:18:32] D2BS 20328: move retry 1
[09/23/20 09:18:35] D2BS 20328: move retry 1
[09/23/20 09:18:37] D2BS 20328: move retry 2
[09/23/20 09:18:42] D2BS 20328: 112,113
[09/23/20 09:19:28] D2BS 20328: ÿc7Picked up ÿc1Greater Healing Potion ÿc0(ilvl 1) (MidGame.nip #23)
[09/23/20 09:19:42] D2BS 20328: ÿc7Picked up ÿc3Ring ÿc0(ilvl 61) (Hammerdin.xpac.nip #92)
[09/23/20 09:19:56] D2BS 20328: ÿc7Picked up ÿc1Greater Healing Potion ÿc0(ilvl 1) (MidGame.nip #23)
[09/23/20 09:20:43] D2BS 20328: ÿc7Picked up ÿc4343 Gold
[09/23/20 09:20:56] D2BS 20328: AutoBuild: Stat points: 15      Skill points: 9
[09/23/20 09:20:56] D2BS 20328: AutoBuild: Level up detected ( 60 --> 61 )
[09/23/20 09:20:56] D2BS 20328: AutoBuild: useSkillPoint(): Blessed Aim (108)
[09/23/20 09:20:56] D2BS 20328: AutoBuild: Skill (1/1) Increased Blessed Aim (108) by one (level:  13)
[09/23/20 09:20:57] D2BS 20328: AutoBuild: useStatPoint(0): Strength
[09/23/20 09:20:57] D2BS 20328: AutoBuild: Stat (1/5) Increased Strength from 93 to 94
[09/23/20 09:20:57] D2BS 20328: AutoBuild: useStatPoint(2): Dexterity
[09/23/20 09:20:57] D2BS 20328: AutoBuild: Stat (2/5) Increased Dexterity from 84 to 85
[09/23/20 09:20:57] D2BS 20328: AutoBuild: useStatPoint(3): Vitality
[09/23/20 09:20:57] D2BS 20328: AutoBuild: Stat (3/5) Increased Vitality from 202 to 203
[09/23/20 09:20:57] D2BS 20328: AutoBuild: useStatPoint(3): Vitality
[09/23/20 09:20:57] D2BS 20328: AutoBuild: Stat (4/5) Increased Vitality from 203 to 204
[09/23/20 09:20:57] D2BS 20328: AutoBuild: useStatPoint(3): Vitality
[09/23/20 09:20:57] D2BS 20328: AutoBuild: Stat (5/5) Increased Vitality from 204 to 205
[09/23/20 09:20:57] D2BS 20328: Updating Config from level 60 to 61
[09/23/20 09:20:57] D2BS 20328: Updating Config from level 60 to 61
[09/23/20 09:20:57] D2BS 20328: AutoBuild: Updating Config from level 60 to 61
[09/23/20 09:20:57] D2BS 20328: Updating Config from level 60 to 61
[09/23/20 09:20:57] D2BS 20328: Updating Config from level 60 to 61
[09/23/20 09:20:57] D2BS 20328: AutoBuild: Incrementing cached character level to 61
[09/23/20 09:21:28] D2BS 20328: ÿc7Picked up ÿc489 Gold
[09/23/20 09:21:45] D2BS 20328: ÿc7Picked up ÿc1Super Healing Potion ÿc0(ilvl 1) (LateGame.nip #33)
[09/23/20 09:21:45] D2BS 20328: ÿc7Picked up ÿc1Greater Healing Potion ÿc0(ilvl 1) (MidGame.nip #23)
[09/23/20 09:21:46] D2BS 20328: ÿc7Picked up ÿc;Full Rejuvenation Potion ÿc0(ilvl 1) (LateGame.nip #35)
[09/23/20 09:22:25] D2BS 20328: ÿc7Picked up ÿc0Scroll of Town Portal ÿc7(18/20)
[09/23/20 09:22:41] D2BS 20328: ÿc7Picked up ÿc497 Gold
[09/23/20 09:23:12] D2BS 20328: ÿc7Picked up ÿc4306 Gold
[09/23/20 09:23:47] D2BS 20328: move retry 1
[09/23/20 09:23:59] D2BS 20328: ÿc7Picked up ÿc0Scroll of Town Portal ÿc7(19/20)
[09/23/20 09:24:03] D2BS 20328: ÿc7Picked up ÿc1Super Healing Potion ÿc0(ilvl 1) (LateGame.nip #33)
[09/23/20 09:24:04] D2BS 20328: ÿc7Picked up ÿc1Super Healing Potion ÿc0(ilvl 1) (LateGame.nip #33)
[09/23/20 09:24:25] D2BS 20328: ÿc7Picked up ÿc4341 Gold
[09/23/20 09:24:32] D2BS 20328: ÿc7Picked up ÿc0Scroll of Town Portal ÿc7(20/20)
[09/23/20 09:24:40] D2BS 20328: mercwatch
[09/23/20 09:24:41] D2BS 20328: initNPC: heal
[09/23/20 09:24:42] D2BS 20328: initNPC: identify
[09/23/20 09:24:48] D2BS 20328: ÿc4MiniShopBotÿc0: Scanning 55 items.
[09/23/20 09:24:49] D2BS 20328: initNPC: buyPotions
[09/23/20 09:24:59] D2BS 20328: initNPC: reviveMerc
[09/23/20 09:25:16] D2BS 20328: MercWatch precast
[09/23/20 09:25:21] D2BS 20328: waypoint retry 1
[09/23/20 09:25:28] D2BS 20328: ÿc7Picked up ÿc3Bastard Sword ÿc0(ilvl 64) (Hammerdin.xpac.nip #2)
[09/23/20 09:25:28] D2BS 20328: ÿc7Picked up ÿc1Super Healing Potion ÿc0(ilvl 1) (LateGame.nip #33)
[09/23/20 09:27:26] D2BS 20328: ÿc7Picked up ÿc4234 Gold
[09/23/20 09:29:18] D2BS 20328: ÿc7Picked up ÿc4269 Gold
[09/23/20 09:29:42] D2BS 20328: ÿc7Picked up ÿc4101 Gold
[09/23/20 09:30:38] D2BS 20328: ÿc7Picked up ÿc4193 Gold
[09/23/20 09:31:44] D2BS 20328: ÿc7Picked up ÿc1Healing Potion ÿc0(ilvl 1) (MidGame.nip #21)
[09/23/20 09:31:44] D2BS 20328: ÿc7Picked up ÿc3Great Sword ÿc0(ilvl 63) (Hammerdin.xpac.nip #2)
[09/23/20 09:32:14] D2BS 20328: ÿc7Picked up ÿc4189 Gold
[09/23/20 09:33:05] D2BS 20328: 113,114
[09/23/20 09:33:45] D2BS 20328: ÿc7Picked up ÿc477 Gold
[09/23/20 09:34:13] D2BS 20328: ÿc7Picked up ÿc4272 Gold
[09/23/20 09:34:22] D2BS 20328: initNPC: heal
[09/23/20 09:34:29] D2BS 20328: initNPC: identify
[09/23/20 09:34:34] D2BS 20328: ÿc4MiniShopBotÿc0: Scanning 71 items.
[09/23/20 09:35:43] D2BS 20328: ÿc7Picked up ÿc4350 Gold
[09/23/20 09:36:21] D2BS 20328: ÿc7Picked up ÿc491 Gold
[09/23/20 09:36:42] D2BS 20328: ÿc7Picked up ÿc4180 Gold
[09/23/20 09:36:50] D2BS 20328: move retry 1
[09/23/20 09:37:29] D2BS 20328: ÿc7Picked up ÿc1Greater Healing Potion ÿc0(ilvl 1) (MidGame.nip #23)
[09/23/20 09:37:57] D2BS 20328: ÿc7Picked up ÿc4101 Gold
[09/23/20 09:38:16] D2BS 20328: move retry 1
[09/23/20 09:38:18] D2BS 20328: AutoBuild: Stat points: 15      Skill points: 9
[09/23/20 09:38:18] D2BS 20328: AutoBuild: Level up detected ( 61 --> 62 )
[09/23/20 09:38:18] D2BS 20328: AutoBuild: useSkillPoint(): Blessed Aim (108)
[09/23/20 09:38:18] D2BS 20328: AutoBuild: Skill (1/1) Increased Blessed Aim (108) by one (level:  14)
[09/23/20 09:38:18] D2BS 20328: AutoBuild: useStatPoint(0): Strength
[09/23/20 09:38:19] D2BS 20328: AutoBuild: Stat (1/5) Increased Strength from 94 to 95
[09/23/20 09:38:19] D2BS 20328: AutoBuild: useStatPoint(2): Dexterity
[09/23/20 09:38:19] D2BS 20328: AutoBuild: Stat (2/5) Increased Dexterity from 85 to 86
[09/23/20 09:38:19] D2BS 20328: AutoBuild: useStatPoint(3): Vitality
[09/23/20 09:38:19] D2BS 20328: AutoBuild: Stat (3/5) Increased Vitality from 205 to 206
[09/23/20 09:38:19] D2BS 20328: AutoBuild: useStatPoint(3): Vitality
[09/23/20 09:38:19] D2BS 20328: AutoBuild: Stat (4/5) Increased Vitality from 206 to 207
[09/23/20 09:38:19] D2BS 20328: AutoBuild: useStatPoint(3): Vitality
[09/23/20 09:38:19] D2BS 20328: AutoBuild: Stat (5/5) Increased Vitality from 207 to 208
[09/23/20 09:38:19] D2BS 20328: Updating Config from level 61 to 62
[09/23/20 09:38:19] D2BS 20328: Updating Config from level 61 to 62
[09/23/20 09:38:19] D2BS 20328: Updating Config from level 61 to 62
[09/23/20 09:38:19] D2BS 20328: AutoBuild: Updating Config from level 61 to 62
[09/23/20 09:38:19] D2BS 20328: Updating Config from level 61 to 62
[09/23/20 09:38:19] D2BS 20328: AutoBuild: Incrementing cached character level to 62
[09/23/20 09:38:25] D2BS 20328: move retry 2
[09/23/20 09:38:34] D2BS 20328: initNPC: heal
[09/23/20 09:38:39] D2BS 20328: move retry 1
[09/23/20 09:38:47] D2BS 20328: initNPC: buyPotions
[09/23/20 09:38:56] D2BS 20328: move retry 1
[09/23/20 09:38:56] D2BS 20328: move retry 1
[09/23/20 09:39:10] D2BS 20328: [Strict Warning] Code(162) File(c:\users\gmcdo\documents\mykolbot\d2bs\kolbot\libs\common\pickit.js:367) reference to undefined property qualNames[quality]
Line: (null)
[09/23/20 09:39:10] D2BS 20328: [ÿc9Strict Warningÿc0 (162)] File(kolbot\libs\common\pickit.js:367) reference to undefined property qualNames[quality]
[09/23/20 09:39:10] D2BS 20328: ÿc1Error in ÿc0LevelFollower ÿc1(prototypes.js line ÿc1328): ÿc1Unit.drop: Must be used with items.
[09/23/20 09:39:10] D2BS 20328: ÿc8Run duration ÿc23461.781
[09/23/20 09:39:10] D2BS 20328: Script tools\autobuildthread.js ended
[09/23/20 09:39:10] D2BS 20328: Script tools\party.js ended
[09/23/20 09:39:10] D2BS 20328: Script tools\townchicken.js ended
[09/23/20 09:39:18] D2BS 20328: ÿc2D2BSÿc0 :: Starting default.dbj
[09/23/20 09:39:18] D2BS 20328: ÿc2D2BSÿc0 :: default.dbj running.
[09/23/20 09:39:18] D2BS 20328: AutoBuild: Including build template config/builds/paladin.hammerdin.js into default.dbj
[09/23/20 09:39:18] D2BS 20328: Updating Config from level 0 to 62
[09/23/20 09:39:18] D2BS 20328: ÿc4Loaded NIP: ÿc2LateGame.nipÿc4. Lines: ÿc277ÿc4. Valid entries: ÿc250. ÿc4Time: ÿc215 ms
[09/23/20 09:39:18] D2BS 20328: ÿc4Loaded NIP: ÿc2MidGame.nipÿc4. Lines: ÿc254ÿc4. Valid entries: ÿc233. ÿc4Time: ÿc20 ms
[09/23/20 09:39:18] D2BS 20328: ÿc4Loaded NIP: ÿc2HammerdinRunes.nipÿc4. Lines: ÿc218ÿc4. Valid entries: ÿc29. ÿc4Time: ÿc20 ms
[09/23/20 09:39:18] D2BS 20328: ÿc4Loaded NIP: ÿc2Hammerdin.xpac.nipÿc4. Lines: ÿc2116ÿc4. Valid entries: ÿc299. ÿc4Time: ÿc20 ms
[09/23/20 09:39:18] D2BS 20328: ÿc4Loaded NIP: ÿc2Merc.xpac.nipÿc4. Lines: ÿc276ÿc4. Valid entries: ÿc260. ÿc4Time: ÿc216 ms
[09/23/20 09:39:18] D2BS 20328: AutoBuild: Including build template config/builds/paladin.hammerdin.js into tools\autobuildthread.js
[09/23/20 09:39:18] D2BS 20328: Updating Config from level 0 to 62
[09/23/20 09:39:18] D2BS 20328: AutoBuild: Loaded helper thread
[09/23/20 09:39:18] D2BS 20328: ÿc2Starting script: ÿc9LevelFollower
[09/23/20 09:39:18] D2BS 20328: AutoBuild: Including build template config/builds/paladin.hammerdin.js into tools\party.js
[09/23/20 09:39:18] D2BS 20328: Updating Config from level 0 to 62
[09/23/20 09:39:18] D2BS 20328: ÿc2Party thread loaded. Mode: Accept
[09/23/20 09:39:18] D2BS 20328: AutoBuild: Including build template config/builds/paladin.hammerdin.js into tools\townchicken.js
[09/23/20 09:39:18] D2BS 20328: Updating Config from level 0 to 62
[09/23/20 09:39:18] D2BS 20328: ÿc3Start ToolsThread script
[09/23/20 09:39:18] D2BS 20328: AutoBuild: Including build template config/builds/paladin.hammerdin.js into tools\toolsthread.js
[09/23/20 09:39:18] D2BS 20328: Updating Config from level 0 to 62
[09/23/20 09:39:39] D2BS 20328: 113
[09/23/20 09:39:52] D2BS 20328: 113,115
[09/23/20 09:40:19] D2BS 20328: ÿc7Picked up ÿc1Greater Healing Potion ÿc0(ilvl 1) (MidGame.nip #23)
[09/23/20 09:40:24] D2BS 20328: ÿc7Picked up ÿc1Greater Healing Potion ÿc0(ilvl 1) (MidGame.nip #23)
[09/23/20 09:40:26] D2BS 20328: move retry 1
[09/23/20 09:40:31] D2BS 20328: move retry 1
[09/23/20 09:40:33] D2BS 20328: move retry 1
[09/23/20 09:40:50] D2BS 20328: ÿc7Picked up ÿc1Super Healing Potion ÿc0(ilvl 1) (LateGame.nip #33)
[09/23/20 09:40:51] D2BS 20328: move retry 1
[09/23/20 09:41:05] D2BS 20328: ÿc7Picked up ÿc1Greater Healing Potion ÿc0(ilvl 1) (MidGame.nip #23)
[09/23/20 09:41:10] D2BS 20328: ÿc7Picked up ÿc1Super Healing Potion ÿc0(ilvl 1) (LateGame.nip #33)
[09/23/20 09:41:10] D2BS 20328: ÿc7Picked up ÿc1Super Healing Potion ÿc0(ilvl 1) (LateGame.nip #33)
[09/23/20 09:41:10] D2BS 20328: ÿc7Picked up ÿc3Spetum ÿc0(ilvl 64) (Merc.xpac.nip #4)
[09/23/20 09:41:10] D2BS 20328: ÿc7Picked up ÿc1Greater Healing Potion ÿc0(ilvl 1) (MidGame.nip #23)
[09/23/20 09:41:11] D2BS 20328: move retry 1
[09/23/20 09:41:13] D2BS 20328: move retry 2
[09/23/20 09:41:17] D2BS 20328: move retry 2
[09/23/20 09:41:24] D2BS 20328: ÿc7Picked up ÿc4117 Gold
[09/23/20 09:41:25] D2BS 20328: move retry 1
[09/23/20 09:41:31] D2BS 20328: move retry 3
[09/23/20 09:42:27] D2BS 20328: move retry 1
[09/23/20 09:42:51] D2BS 20328: move retry 1
[09/23/20 09:42:56] D2BS 20328: ÿc7Picked up ÿc;Full Rejuvenation Potion ÿc0(ilvl 1) (LateGame.nip #35)
[09/23/20 09:42:57] D2BS 20328: ÿc7Picked up ÿc1Greater Healing Potion ÿc0(ilvl 1) (MidGame.nip #23)
[09/23/20 09:43:05] D2BS 20328: move retry 1
[09/23/20 09:43:17] D2BS 20328: ÿc7Picked up ÿc1Super Healing Potion ÿc0(ilvl 1) (LateGame.nip #33)
[09/23/20 09:43:35] D2BS 20328: ÿc7Picked up ÿc4349 Gold
[09/23/20 09:43:37] D2BS 20328: move retry 1
[09/23/20 09:43:47] D2BS 20328: ÿc7Picked up ÿc4151 Gold
[09/23/20 09:44:03] D2BS 20328: ÿc7Picked up ÿc4139 Gold
[09/23/20 09:44:03] D2BS 20328: ÿc7Picked up ÿc4220 Gold
[09/23/20 09:44:04] D2BS 20328: ÿc7Picked up ÿc4313 Gold
[09/23/20 09:44:31] D2BS 20328: move retry 1
[09/23/20 09:45:47] D2BS 20328: move retry 1
[09/23/20 09:45:52] D2BS 20328: ÿc7Picked up ÿc1Greater Healing Potion ÿc0(ilvl 1) (MidGame.nip #23)
[09/23/20 09:45:52] D2BS 20328: ÿc7Picked up ÿc4168 Gold
[09/23/20 09:46:31] D2BS 20328: ÿc7Picked up ÿc4209 Gold
[09/23/20 09:46:37] D2BS 20328: move retry 1
[09/23/20 09:48:17] D2BS 20328: ÿc7Picked up ÿc3Akaran Targe ÿc0(ilvl 64) (Hammerdin.xpac.nip #14)
[09/23/20 09:48:17] D2BS 20328: ÿc7Picked up ÿc1Super Healing Potion ÿc0(ilvl 1) (LateGame.nip #33)
[09/23/20 09:48:51] D2BS 20328: move retry 1
[09/23/20 09:49:03] D2BS 20328: ÿc7Picked up ÿc4191 Gold
[09/23/20 09:49:37] D2BS 20328: ÿc7Picked up ÿc4252 Gold
[09/23/20 09:50:30] D2BS 20328: move retry 1
[09/23/20 09:51:18] D2BS 20328: move retry 1
[09/23/20 09:51:23] D2BS 20328: ÿc7Picked up ÿc4207 Gold
[09/23/20 09:51:29] D2BS 20328: ÿc7Picked up ÿc4193 Gold
[09/23/20 09:51:46] D2BS 20328: move retry 1
[09/23/20 09:51:51] D2BS 20328: move retry 1
[09/23/20 09:51:54] D2BS 20328: move retry 1
[09/23/20 09:52:03] D2BS 20328: ÿc7Picked up ÿc41540 Gold
[09/23/20 09:52:03] D2BS 20328: ÿc7Picked up ÿc1Super Healing Potion ÿc0(ilvl 1) (LateGame.nip #33)
[09/23/20 09:52:04] D2BS 20328: ÿc7Picked up ÿc41305 Gold
[09/23/20 09:52:04] D2BS 20328: move retry 1
[09/23/20 09:52:27] D2BS 20328: ÿc7Picked up ÿc4262 Gold
[09/23/20 09:52:28] D2BS 20328: move retry 1
[09/23/20 09:53:05] D2BS 20328: move retry 1
