[09/09/20 14:40:28] D2BS 13968: D2BS Engine startup complete. 1.6.4U
[09/09/20 14:40:28] D2BS 13968: ÿc2D2BSÿc0 :: Switched to profile Hammerdin
[09/09/20 14:40:28] D2BS 13968: ÿc2D2BSÿc0 :: Engine startup complete!
[09/09/20 14:40:28] D2BS 13968: ÿc2D2BSÿc0 :: Starting D2BotLanFollow.dbj
[09/09/20 14:40:28] D2BS 13968: ÿc2D2BSÿc0 :: D2BotLanFollow.dbj running.
[09/09/20 14:40:28] D2BS 13968: ÿc2D2BSÿc0 :: Started Console Script
[09/09/20 14:40:28] D2BS 13968: Hammerdin
[09/09/20 14:40:31] D2BS 13968: Heartbeat loaded
[09/09/20 14:40:50] D2BS 13968: ÿc2D2BSÿc0 :: Starting default.dbj
[09/09/20 14:40:50] D2BS 13968: ÿc2D2BSÿc0 :: default.dbj running.
[09/09/20 14:40:50] D2BS 13968: AutoBuild: Including build template config/builds/paladin.hammerdin.js into default.dbj
[09/09/20 14:40:50] D2BS 13968: Updating Config from level 0 to 1
[09/09/20 14:40:50] D2BS 13968: ÿc4Loaded NIP: ÿc2LateGame.nipÿc4. Lines: ÿc277ÿc4. Valid entries: ÿc250. ÿc4Time: ÿc20 ms
[09/09/20 14:40:50] D2BS 13968: ÿc4Loaded NIP: ÿc2MidGame.nipÿc4. Lines: ÿc254ÿc4. Valid entries: ÿc233. ÿc4Time: ÿc20 ms
[09/09/20 14:40:50] D2BS 13968: ÿc4Loaded NIP: ÿc2EarlyGame.nipÿc4. Lines: ÿc227ÿc4. Valid entries: ÿc213. ÿc4Time: ÿc20 ms
[09/09/20 14:40:50] D2BS 13968: ÿc4Loaded NIP: ÿc2HammerdinRunes.nipÿc4. Lines: ÿc218ÿc4. Valid entries: ÿc29. ÿc4Time: ÿc20 ms
[09/09/20 14:40:50] D2BS 13968: ÿc4Loaded NIP: ÿc2Hammerdin.xpac.nipÿc4. Lines: ÿc2116ÿc4. Valid entries: ÿc299. ÿc4Time: ÿc216 ms
[09/09/20 14:40:50] D2BS 13968: ÿc4Loaded NIP: ÿc2PreMerc.xpac.nipÿc4. Lines: ÿc25ÿc4. Valid entries: ÿc23. ÿc4Time: ÿc20 ms
[09/09/20 14:40:50] D2BS 13968: ÿc4Loaded NIP: ÿc2Merc.xpac.nipÿc4. Lines: ÿc230ÿc4. Valid entries: ÿc220. ÿc4Time: ÿc20 ms
[09/09/20 14:40:50] D2BS 13968: AutoBuild: Including build template config/builds/paladin.hammerdin.js into tools\autobuildthread.js
[09/09/20 14:40:50] D2BS 13968: Updating Config from level 0 to 1
[09/09/20 14:40:50] D2BS 13968: AutoBuild: Loaded helper thread
[09/09/20 14:40:50] D2BS 13968: AutoBuild: Including build template config/builds/paladin.hammerdin.js into tools\party.js
[09/09/20 14:40:50] D2BS 13968: Updating Config from level 0 to 1
[09/09/20 14:40:50] D2BS 13968: ÿc2Party thread loaded. Mode: Accept
[09/09/20 14:40:50] D2BS 13968: ÿc3Start ToolsThread script
[09/09/20 14:40:50] D2BS 13968: AutoBuild: Including build template config/builds/paladin.hammerdin.js into tools\toolsthread.js
[09/09/20 14:40:50] D2BS 13968: Updating Config from level 0 to 1
[09/09/20 14:40:51] D2BS 13968: ÿc2Starting script: ÿc9LevelFollower
[09/09/20 14:41:00] D2BS 13968: move retry 1
[09/09/20 14:41:33] D2BS 13968: move retry 1
[09/09/20 14:41:50] D2BS 13968: ÿc7Picked up ÿc3Minor Mana Potion ÿc0(ilvl 1) (EarlyGame.nip #24)
[09/09/20 14:41:51] D2BS 13968: move retry 1
[09/09/20 14:42:56] D2BS 13968: AutoBuild: Stat points: 5      Skill points: 1
[09/09/20 14:42:56] D2BS 13968: AutoBuild: Level up detected ( 1 --> 2 )
[09/09/20 14:42:56] D2BS 13968: AutoBuild: useSkillPoint(): Might (98)
[09/09/20 14:42:56] D2BS 13968: AutoBuild: Skill (1/1) Increased Might (98) by one (level:  1)
[09/09/20 14:42:56] D2BS 13968: AutoBuild: useStatPoint(0): Strength
[09/09/20 14:42:56] D2BS 13968: AutoBuild: Stat (1/5) Increased Strength from 25 to 26
[09/09/20 14:42:56] D2BS 13968: AutoBuild: useStatPoint(2): Dexterity
[09/09/20 14:42:56] D2BS 13968: AutoBuild: Stat (2/5) Increased Dexterity from 20 to 21
[09/09/20 14:42:56] D2BS 13968: AutoBuild: useStatPoint(3): Vitality
[09/09/20 14:42:56] D2BS 13968: AutoBuild: Stat (3/5) Increased Vitality from 25 to 26
[09/09/20 14:42:56] D2BS 13968: AutoBuild: useStatPoint(3): Vitality
[09/09/20 14:42:56] D2BS 13968: AutoBuild: Stat (4/5) Increased Vitality from 26 to 27
[09/09/20 14:42:56] D2BS 13968: AutoBuild: useStatPoint(3): Vitality
[09/09/20 14:42:57] D2BS 13968: AutoBuild: Stat (5/5) Increased Vitality from 27 to 28
[09/09/20 14:42:57] D2BS 13968: Updating Config from level 1 to 2
[09/09/20 14:42:57] D2BS 13968: AutoBuild: Updating Config from level 1 to 2
[09/09/20 14:42:57] D2BS 13968: Updating Config from level 1 to 2
[09/09/20 14:42:57] D2BS 13968: Updating Config from level 1 to 2
[09/09/20 14:42:57] D2BS 13968: AutoBuild: Incrementing cached character level to 2
[09/09/20 14:42:59] D2BS 13968: move retry 1
[09/09/20 14:43:26] D2BS 13968: move retry 1
[09/09/20 14:43:43] D2BS 13968: ÿc7Picked up ÿc42 Gold
[09/09/20 14:43:49] D2BS 13968: move retry 1
[09/09/20 14:44:33] D2BS 13968: ÿc7Picked up ÿc44 Gold
[09/09/20 14:44:35] D2BS 13968: ÿc7Picked up ÿc45 Gold
[09/09/20 14:44:58] D2BS 13968: move retry 1
[09/09/20 14:45:10] D2BS 13968: ÿc7Picked up ÿc1Light Healing Potion ÿc0(ilvl 1) (EarlyGame.nip #27)
[09/09/20 14:45:11] D2BS 13968: move retry 1
[09/09/20 14:45:13] D2BS 13968: move retry 1
[09/09/20 14:45:21] D2BS 13968: move retry 1
[09/09/20 14:45:27] D2BS 13968: AutoBuild: Stat points: 5      Skill points: 1
[09/09/20 14:45:27] D2BS 13968: AutoBuild: Level up detected ( 2 --> 3 )
[09/09/20 14:45:27] D2BS 13968: AutoBuild: useSkillPoint(): Smite (97)
[09/09/20 14:45:27] D2BS 13968: AutoBuild: Skill (1/1) Increased Smite (97) by one (level:  1)
[09/09/20 14:45:27] D2BS 13968: AutoBuild: useStatPoint(0): Strength
[09/09/20 14:45:28] D2BS 13968: AutoBuild: Stat (1/5) Increased Strength from 26 to 27
[09/09/20 14:45:28] D2BS 13968: AutoBuild: useStatPoint(2): Dexterity
[09/09/20 14:45:28] D2BS 13968: AutoBuild: Stat (2/5) Increased Dexterity from 21 to 22
[09/09/20 14:45:28] D2BS 13968: AutoBuild: useStatPoint(3): Vitality
[09/09/20 14:45:28] D2BS 13968: AutoBuild: Stat (3/5) Increased Vitality from 28 to 29
[09/09/20 14:45:28] D2BS 13968: AutoBuild: useStatPoint(3): Vitality
[09/09/20 14:45:28] D2BS 13968: AutoBuild: Stat (4/5) Increased Vitality from 29 to 30
[09/09/20 14:45:28] D2BS 13968: AutoBuild: useStatPoint(3): Vitality
[09/09/20 14:45:28] D2BS 13968: AutoBuild: Stat (5/5) Increased Vitality from 30 to 31
[09/09/20 14:45:28] D2BS 13968: AutoBuild: Updating Config from level 2 to 3
[09/09/20 14:45:28] D2BS 13968: Updating Config from level 2 to 3
[09/09/20 14:45:28] D2BS 13968: Updating Config from level 2 to 3
[09/09/20 14:45:28] D2BS 13968: Updating Config from level 2 to 3
[09/09/20 14:45:28] D2BS 13968: AutoBuild: Incrementing cached character level to 3
[09/09/20 14:45:49] D2BS 13968: move retry 1
[09/09/20 14:45:57] D2BS 13968: ÿc7Picked up ÿc42 Gold
[09/09/20 14:45:58] D2BS 13968: move retry 1
[09/09/20 14:45:59] D2BS 13968: move retry 2
[09/09/20 14:46:13] D2BS 13968: move retry 1
[09/09/20 14:47:06] D2BS 13968: move retry 1
[09/09/20 14:47:14] D2BS 13968: move retry 1
[09/09/20 14:47:22] D2BS 13968: move retry 1
[09/09/20 14:47:22] D2BS 13968: ÿc7Picked up ÿc45 Gold
[09/09/20 14:47:29] D2BS 13968: ÿc7Picked up ÿc43 Gold
[09/09/20 14:47:32] D2BS 13968: ÿc7Picked up ÿc42 Gold
[09/09/20 14:47:37] D2BS 13968: ÿc7Picked up ÿc41 Gold
[09/09/20 14:47:47] D2BS 13968: move retry 1
[09/09/20 14:47:51] D2BS 13968: move retry 1
[09/09/20 14:48:51] D2BS 13968: ÿc7Picked up ÿc45 Gold
[09/09/20 14:48:52] D2BS 13968: move retry 1
[09/09/20 14:50:38] D2BS 13968: 2,8
[09/09/20 14:50:46] D2BS 13968: move retry 1
[09/09/20 14:50:48] D2BS 13968: move retry 2
[09/09/20 14:50:51] D2BS 13968: move retry 1
[09/09/20 14:50:53] D2BS 13968: move retry 1
[09/09/20 14:51:34] D2BS 13968: move retry 1
[09/09/20 14:51:36] D2BS 13968: AutoBuild: Stat points: 5      Skill points: 1
[09/09/20 14:51:36] D2BS 13968: AutoBuild: Level up detected ( 3 --> 4 )
[09/09/20 14:51:36] D2BS 13968: AutoBuild: useSkillPoint(): Prayer (99)
[09/09/20 14:51:36] D2BS 13968: AutoBuild: Skill (1/1) Increased Prayer (99) by one (level:  1)
[09/09/20 14:51:37] D2BS 13968: AutoBuild: useStatPoint(0): Strength
[09/09/20 14:51:37] D2BS 13968: AutoBuild: Stat (1/5) Increased Strength from 27 to 28
[09/09/20 14:51:37] D2BS 13968: AutoBuild: useStatPoint(2): Dexterity
[09/09/20 14:51:37] D2BS 13968: AutoBuild: Stat (2/5) Increased Dexterity from 22 to 23
[09/09/20 14:51:37] D2BS 13968: AutoBuild: useStatPoint(3): Vitality
[09/09/20 14:51:37] D2BS 13968: AutoBuild: Stat (3/5) Increased Vitality from 31 to 32
[09/09/20 14:51:37] D2BS 13968: AutoBuild: useStatPoint(3): Vitality
[09/09/20 14:51:37] D2BS 13968: AutoBuild: Stat (4/5) Increased Vitality from 32 to 33
[09/09/20 14:51:37] D2BS 13968: AutoBuild: useStatPoint(3): Vitality
[09/09/20 14:51:37] D2BS 13968: AutoBuild: Stat (5/5) Increased Vitality from 33 to 34
[09/09/20 14:51:37] D2BS 13968: Updating Config from level 3 to 4
[09/09/20 14:51:37] D2BS 13968: Updating Config from level 3 to 4
[09/09/20 14:51:37] D2BS 13968: Updating Config from level 3 to 4
[09/09/20 14:51:37] D2BS 13968: AutoBuild: Updating Config from level 3 to 4
[09/09/20 14:51:37] D2BS 13968: AutoBuild: Incrementing cached character level to 4
[09/09/20 14:51:46] D2BS 13968: ÿc7Picked up ÿc44 Gold
[09/09/20 14:51:46] D2BS 13968: ÿc7Picked up ÿc43 Gold
[09/09/20 14:51:49] D2BS 13968: move retry 1
[09/09/20 14:51:51] D2BS 13968: ÿc7Picked up ÿc0Cap ÿc0(ilvl 1) (Hammerdin.xpac.nip #30)
[09/09/20 14:51:52] D2BS 13968: move retry 1
[09/09/20 14:51:55] D2BS 13968: move retry 1
[09/09/20 14:52:15] D2BS 13968: move retry 1
[09/09/20 14:52:20] D2BS 13968: ÿc7Picked up ÿc42 Gold
[09/09/20 14:52:22] D2BS 13968: move retry 1
[09/09/20 14:52:32] D2BS 13968: move retry 1
[09/09/20 14:52:42] D2BS 13968: move retry 1
[09/09/20 14:52:56] D2BS 13968: move retry 1
[09/09/20 14:53:39] D2BS 13968: ÿc7Picked up ÿc44 Gold
[09/09/20 14:53:52] D2BS 13968: move retry 1
[09/09/20 14:53:55] D2BS 13968: move retry 2
[09/09/20 14:54:35] D2BS 13968: 8,2
[09/09/20 14:55:43] D2BS 13968: 2,1
[09/09/20 14:56:17] D2BS 13968: initNPC: heal
[09/09/20 14:56:59] D2BS 13968: 1,2,3
[09/09/20 14:58:24] D2BS 13968: ÿc7Picked up ÿc43 Gold
[09/09/20 14:58:49] D2BS 13968: ÿc7Picked up ÿc44 Gold
[09/09/20 14:58:49] D2BS 13968: AutoBuild: Stat points: 5      Skill points: 2
[09/09/20 14:58:49] D2BS 13968: AutoBuild: Level up detected ( 4 --> 5 )
[09/09/20 14:58:49] D2BS 13968: AutoBuild: useStatPoint(0): Strength
[09/09/20 14:58:49] D2BS 13968: AutoBuild: Stat (1/5) Increased Strength from 28 to 29
[09/09/20 14:58:49] D2BS 13968: AutoBuild: useStatPoint(2): Dexterity
[09/09/20 14:58:49] D2BS 13968: AutoBuild: Stat (2/5) Increased Dexterity from 23 to 24
[09/09/20 14:58:49] D2BS 13968: AutoBuild: useStatPoint(3): Vitality
[09/09/20 14:58:49] D2BS 13968: AutoBuild: Stat (3/5) Increased Vitality from 34 to 35
[09/09/20 14:58:49] D2BS 13968: AutoBuild: useStatPoint(3): Vitality
[09/09/20 14:58:49] D2BS 13968: AutoBuild: Stat (4/5) Increased Vitality from 35 to 36
[09/09/20 14:58:49] D2BS 13968: AutoBuild: useStatPoint(3): Vitality
[09/09/20 14:58:49] D2BS 13968: AutoBuild: Stat (5/5) Increased Vitality from 36 to 37
[09/09/20 14:58:49] D2BS 13968: AutoBuild: Updating Config from level 4 to 5
[09/09/20 14:58:49] D2BS 13968: Updating Config from level 4 to 5
[09/09/20 14:58:49] D2BS 13968: Updating Config from level 4 to 5
[09/09/20 14:58:49] D2BS 13968: Updating Config from level 4 to 5
[09/09/20 14:58:49] D2BS 13968: AutoBuild: Incrementing cached character level to 5
[09/09/20 14:58:52] D2BS 13968: ÿc7Picked up ÿc47 Gold
[09/09/20 14:59:04] D2BS 13968: move retry 1
[09/09/20 14:59:10] D2BS 13968: move retry 1
[09/09/20 14:59:21] D2BS 13968: move retry 1
[09/09/20 14:59:43] D2BS 13968: ÿc7Picked up ÿc3Light Mana Potion ÿc0(ilvl 1) (EarlyGame.nip #26)
[09/09/20 15:00:01] D2BS 13968: ÿc7Picked up ÿc43 Gold
[09/09/20 15:00:08] D2BS 13968: move retry 1
[09/09/20 15:00:55] D2BS 13968: move retry 1
[09/09/20 15:01:03] D2BS 13968: ÿc7Picked up ÿc45 Gold
[09/09/20 15:01:17] D2BS 13968: move retry 1
[09/09/20 15:01:29] D2BS 13968: move retry 1
[09/09/20 15:01:37] D2BS 13968: ÿc7Picked up ÿc45 Gold
[09/09/20 15:01:41] D2BS 13968: move retry 1
[09/09/20 15:01:48] D2BS 13968: move retry 1
[09/09/20 15:02:03] D2BS 13968: move retry 1
[09/09/20 15:02:09] D2BS 13968: ÿc7Picked up ÿc45 Gold
[09/09/20 15:02:21] D2BS 13968: move retry 1
[09/09/20 15:02:38] D2BS 13968: move retry 1
[09/09/20 15:02:39] D2BS 13968: ÿc7Picked up ÿc46 Gold
[09/09/20 15:03:05] D2BS 13968: move retry 1
[09/09/20 15:03:39] D2BS 13968: ÿc7Picked up ÿc411 Gold
[09/09/20 15:03:50] D2BS 13968: ÿc7Picked up ÿc47 Gold
[09/09/20 15:04:15] D2BS 13968: ÿc7Picked up ÿc42 Gold
[09/09/20 15:04:20] D2BS 13968: ÿc7Picked up ÿc48 Gold
[09/09/20 15:04:27] D2BS 13968: ÿc7Picked up ÿc49 Gold
[09/09/20 15:04:27] D2BS 13968: ÿc7Picked up ÿc41 Gold
[09/09/20 15:04:27] D2BS 13968: AutoBuild: Stat points: 5      Skill points: 3
[09/09/20 15:04:27] D2BS 13968: AutoBuild: Level up detected ( 5 --> 6 )
[09/09/20 15:04:27] D2BS 13968: AutoBuild: useSkillPoint(): Defiance (104)
[09/09/20 15:04:28] D2BS 13968: AutoBuild: Skill (1/1) Increased Defiance (104) by one (level:  1)
[09/09/20 15:04:28] D2BS 13968: AutoBuild: useStatPoint(0): Strength
[09/09/20 15:04:28] D2BS 13968: AutoBuild: Stat (1/5) Increased Strength from 29 to 30
[09/09/20 15:04:28] D2BS 13968: AutoBuild: useStatPoint(2): Dexterity
[09/09/20 15:04:28] D2BS 13968: AutoBuild: Stat (2/5) Increased Dexterity from 24 to 25
[09/09/20 15:04:28] D2BS 13968: AutoBuild: useStatPoint(3): Vitality
[09/09/20 15:04:28] D2BS 13968: AutoBuild: Stat (3/5) Increased Vitality from 37 to 38
[09/09/20 15:04:28] D2BS 13968: AutoBuild: useStatPoint(3): Vitality
[09/09/20 15:04:28] D2BS 13968: AutoBuild: Stat (4/5) Increased Vitality from 38 to 39
[09/09/20 15:04:28] D2BS 13968: AutoBuild: useStatPoint(3): Vitality
[09/09/20 15:04:28] D2BS 13968: AutoBuild: Stat (5/5) Increased Vitality from 39 to 40
[09/09/20 15:04:28] D2BS 13968: AutoBuild: Updating Config from level 5 to 6
[09/09/20 15:04:28] D2BS 13968: Updating Config from level 5 to 6
[09/09/20 15:04:28] D2BS 13968: Updating Config from level 5 to 6
[09/09/20 15:04:28] D2BS 13968: Updating Config from level 5 to 6
[09/09/20 15:04:28] D2BS 13968: AutoBuild: Incrementing cached character level to 6
[09/09/20 15:04:29] D2BS 13968: ÿc7Picked up ÿc42 Gold
[09/09/20 15:04:51] D2BS 13968: move retry 1
[09/09/20 15:07:08] D2BS 13968: move retry 1
[09/09/20 15:07:51] D2BS 13968: move retry 1
[09/09/20 15:08:30] D2BS 13968: move retry 1
[09/09/20 15:10:35] D2BS 13968: 3,2
[09/09/20 15:11:24] D2BS 13968: 2,1
[09/09/20 15:11:58] D2BS 13968: 3
[09/09/20 15:12:53] D2BS 13968: 3,4
[09/09/20 15:13:06] D2BS 13968: ÿc7Picked up ÿc1Minor Healing Potion ÿc0(ilvl 1) (EarlyGame.nip #25)
[09/09/20 15:13:23] D2BS 13968: ÿc7Picked up ÿc416 Gold
[09/09/20 15:13:45] D2BS 13968: ÿc7Picked up ÿc420 Gold
[09/09/20 15:13:48] D2BS 13968: ÿc7Picked up ÿc416 Gold
[09/09/20 15:13:49] D2BS 13968: ÿc7Picked up ÿc49 Gold
[09/09/20 15:13:56] D2BS 13968: ÿc7Picked up ÿc419 Gold
[09/09/20 15:15:27] D2BS 13968: ÿc7Picked up ÿc1Light Healing Potion ÿc0(ilvl 1) (EarlyGame.nip #27)
[09/09/20 15:15:56] D2BS 13968: ÿc7Picked up ÿc416 Gold
[09/09/20 15:15:56] D2BS 13968: ÿc7Picked up ÿc1Minor Healing Potion ÿc0(ilvl 1) (EarlyGame.nip #25)
[09/09/20 15:16:09] D2BS 13968: move retry 1
[09/09/20 15:16:18] D2BS 13968: move retry 1
[09/09/20 15:16:44] D2BS 13968: ÿc7Picked up ÿc421 Gold
[09/09/20 15:17:06] D2BS 13968: AutoBuild: Stat points: 5      Skill points: 3
[09/09/20 15:17:06] D2BS 13968: AutoBuild: Level up detected ( 6 --> 7 )
[09/09/20 15:17:06] D2BS 13968: AutoBuild: useSkillPoint(): Holy Bolt (101)
[09/09/20 15:17:06] D2BS 13968: AutoBuild: Skill (1/1) Increased Holy Bolt (101) by one (level:  1)
[09/09/20 15:17:06] D2BS 13968: AutoBuild: useStatPoint(0): Strength
[09/09/20 15:17:07] D2BS 13968: AutoBuild: Stat (1/5) Increased Strength from 30 to 31
[09/09/20 15:17:07] D2BS 13968: AutoBuild: useStatPoint(2): Dexterity
[09/09/20 15:17:07] D2BS 13968: AutoBuild: Stat (2/5) Increased Dexterity from 25 to 26
[09/09/20 15:17:07] D2BS 13968: AutoBuild: useStatPoint(3): Vitality
[09/09/20 15:17:07] D2BS 13968: AutoBuild: Stat (3/5) Increased Vitality from 40 to 41
[09/09/20 15:17:07] D2BS 13968: AutoBuild: useStatPoint(3): Vitality
[09/09/20 15:17:07] D2BS 13968: AutoBuild: Stat (4/5) Increased Vitality from 41 to 42
[09/09/20 15:17:07] D2BS 13968: AutoBuild: useStatPoint(3): Vitality
[09/09/20 15:17:07] D2BS 13968: AutoBuild: Stat (5/5) Increased Vitality from 42 to 43
[09/09/20 15:17:07] D2BS 13968: Updating Config from level 6 to 7
[09/09/20 15:17:07] D2BS 13968: AutoBuild: Updating Config from level 6 to 7
[09/09/20 15:17:07] D2BS 13968: Updating Config from level 6 to 7
[09/09/20 15:17:07] D2BS 13968: Updating Config from level 6 to 7
[09/09/20 15:17:07] D2BS 13968: AutoBuild: Incrementing cached character level to 7
[09/09/20 15:17:08] D2BS 13968: ÿc7Picked up ÿc48 Gold
[09/09/20 15:17:34] D2BS 13968: move retry 1
[09/09/20 15:17:44] D2BS 13968: move retry 1
[09/09/20 15:18:08] D2BS 13968: ÿc7Picked up ÿc0Quilted Armor ÿc0(ilvl 5) (Hammerdin.xpac.nip #45)
[09/09/20 15:18:16] D2BS 13968: move retry 1
[09/09/20 15:18:24] D2BS 13968: ÿc7Picked up ÿc422 Gold
[09/09/20 15:18:28] D2BS 13968: move retry 1
[09/09/20 15:18:37] D2BS 13968: move retry 1
[09/09/20 15:18:58] D2BS 13968: ÿc7Picked up ÿc1Minor Healing Potion ÿc0(ilvl 1) (EarlyGame.nip #25)
[09/09/20 15:19:28] D2BS 13968: move retry 1
[09/09/20 15:20:11] D2BS 13968: ÿc7Picked up ÿc45 Gold
[09/09/20 15:20:24] D2BS 13968: move retry 1
[09/09/20 15:20:28] D2BS 13968: move retry 1
[09/09/20 15:20:38] D2BS 13968: move retry 1
[09/09/20 15:21:00] D2BS 13968: ÿc7Picked up ÿc3Cap ÿc0(ilvl 4) (Hammerdin.xpac.nip #31)
[09/09/20 15:21:16] D2BS 13968: move retry 1
[09/09/20 15:21:28] D2BS 13968: ÿc7Picked up ÿc48 Gold
[09/09/20 15:21:30] D2BS 13968: move retry 1
[09/09/20 15:21:47] D2BS 13968: move retry 1
[09/09/20 15:22:29] D2BS 13968: move retry 1
[09/09/20 15:22:33] D2BS 13968: move retry 1
[09/09/20 15:22:37] D2BS 13968: ÿc7Picked up ÿc49 Gold
[09/09/20 15:22:39] D2BS 13968: move retry 1
[09/09/20 15:22:41] D2BS 13968: move retry 1
[09/09/20 15:22:45] D2BS 13968: ÿc7Picked up ÿc46 Gold
[09/09/20 15:23:04] D2BS 13968: AutoBuild: Stat points: 5      Skill points: 3
[09/09/20 15:23:04] D2BS 13968: AutoBuild: Level up detected ( 7 --> 8 )
[09/09/20 15:23:04] D2BS 13968: AutoBuild: useStatPoint(0): Strength
[09/09/20 15:23:04] D2BS 13968: AutoBuild: Stat (1/5) Increased Strength from 31 to 32
[09/09/20 15:23:04] D2BS 13968: AutoBuild: useStatPoint(2): Dexterity
[09/09/20 15:23:05] D2BS 13968: AutoBuild: Stat (2/5) Increased Dexterity from 26 to 27
[09/09/20 15:23:05] D2BS 13968: AutoBuild: useStatPoint(3): Vitality
[09/09/20 15:23:05] D2BS 13968: AutoBuild: Stat (3/5) Increased Vitality from 43 to 44
[09/09/20 15:23:05] D2BS 13968: AutoBuild: useStatPoint(3): Vitality
[09/09/20 15:23:05] D2BS 13968: AutoBuild: Stat (4/5) Increased Vitality from 44 to 45
[09/09/20 15:23:05] D2BS 13968: AutoBuild: useStatPoint(3): Vitality
[09/09/20 15:23:05] D2BS 13968: AutoBuild: Stat (5/5) Increased Vitality from 45 to 46
[09/09/20 15:23:05] D2BS 13968: AutoBuild: Updating Config from level 7 to 8
[09/09/20 15:23:05] D2BS 13968: Updating Config from level 7 to 8
[09/09/20 15:23:05] D2BS 13968: Updating Config from level 7 to 8
[09/09/20 15:23:05] D2BS 13968: Updating Config from level 7 to 8
[09/09/20 15:23:05] D2BS 13968: AutoBuild: Incrementing cached character level to 8
[09/09/20 15:23:10] D2BS 13968: move retry 1
[09/09/20 15:23:25] D2BS 13968: move retry 1
[09/09/20 15:23:25] D2BS 13968: ÿc7Picked up ÿc49 Gold
[09/09/20 15:23:37] D2BS 13968: move retry 1
[09/09/20 15:23:49] D2BS 13968: move retry 1
[09/09/20 15:26:40] D2BS 13968: 4,10
[09/09/20 15:27:17] D2BS 13968: Script default.dbj ended
[09/09/20 15:27:17] D2BS 13968: Script tools\autobuildthread.js ended
[09/09/20 15:27:17] D2BS 13968: Script tools\party.js ended
[09/09/20 15:27:17] D2BS 13968: Script tools\toolsthread.js ended
[09/09/20 15:27:24] D2BS 13968: ÿc2D2BSÿc0 :: Starting default.dbj
[09/09/20 15:27:24] D2BS 13968: ÿc2D2BSÿc0 :: default.dbj running.
[09/09/20 15:27:24] D2BS 13968: AutoBuild: Including build template config/builds/paladin.hammerdin.js into default.dbj
[09/09/20 15:27:24] D2BS 13968: Updating Config from level 0 to 8
[09/09/20 15:27:24] D2BS 13968: ÿc4Loaded NIP: ÿc2LateGame.nipÿc4. Lines: ÿc277ÿc4. Valid entries: ÿc250. ÿc4Time: ÿc216 ms
[09/09/20 15:27:24] D2BS 13968: ÿc4Loaded NIP: ÿc2MidGame.nipÿc4. Lines: ÿc254ÿc4. Valid entries: ÿc233. ÿc4Time: ÿc20 ms
[09/09/20 15:27:24] D2BS 13968: ÿc4Loaded NIP: ÿc2EarlyGame.nipÿc4. Lines: ÿc227ÿc4. Valid entries: ÿc213. ÿc4Time: ÿc20 ms
[09/09/20 15:27:24] D2BS 13968: ÿc4Loaded NIP: ÿc2HammerdinRunes.nipÿc4. Lines: ÿc218ÿc4. Valid entries: ÿc29. ÿc4Time: ÿc20 ms
[09/09/20 15:27:24] D2BS 13968: ÿc4Loaded NIP: ÿc2Hammerdin.xpac.nipÿc4. Lines: ÿc2116ÿc4. Valid entries: ÿc299. ÿc4Time: ÿc20 ms
[09/09/20 15:27:24] D2BS 13968: ÿc4Loaded NIP: ÿc2PreMerc.xpac.nipÿc4. Lines: ÿc25ÿc4. Valid entries: ÿc23. ÿc4Time: ÿc20 ms
[09/09/20 15:27:24] D2BS 13968: ÿc4Loaded NIP: ÿc2Merc.xpac.nipÿc4. Lines: ÿc230ÿc4. Valid entries: ÿc220. ÿc4Time: ÿc20 ms
[09/09/20 15:27:24] D2BS 13968: AutoBuild: Including build template config/builds/paladin.hammerdin.js into tools\autobuildthread.js
[09/09/20 15:27:24] D2BS 13968: Updating Config from level 0 to 8
[09/09/20 15:27:24] D2BS 13968: AutoBuild: Loaded helper thread
[09/09/20 15:27:24] D2BS 13968: ÿc2Starting script: ÿc9LevelFollower
[09/09/20 15:27:24] D2BS 13968: initNPC: heal
[09/09/20 15:27:24] D2BS 13968: AutoBuild: Including build template config/builds/paladin.hammerdin.js into tools\party.js
[09/09/20 15:27:24] D2BS 13968: Updating Config from level 0 to 8
[09/09/20 15:27:24] D2BS 13968: ÿc2Party thread loaded. Mode: Accept
[09/09/20 15:27:24] D2BS 13968: ÿc3Start ToolsThread script
[09/09/20 15:27:24] D2BS 13968: AutoBuild: Including build template config/builds/paladin.hammerdin.js into tools\toolsthread.js
[09/09/20 15:27:24] D2BS 13968: Updating Config from level 0 to 8
[09/09/20 15:27:30] D2BS 13968: initNPC: identify
[09/09/20 15:27:32] D2BS 13968: ÿc4MiniShopBotÿc0: Scanning 56 items.
[09/09/20 15:27:37] D2BS 13968: move retry 1
[09/09/20 15:27:46] D2BS 13968: move retry 1
[09/09/20 15:27:54] D2BS 13968: move retry 1
[09/09/20 15:28:26] D2BS 13968: move retry 1
[09/09/20 15:28:31] D2BS 13968: move retry 1
[09/09/20 15:28:51] D2BS 13968: ÿc7Picked up ÿc415 Gold
[09/09/20 15:28:58] D2BS 13968: move retry 1
[09/09/20 15:29:37] D2BS 13968: ÿc7Picked up ÿc410 Gold
[09/09/20 15:29:37] D2BS 13968: ÿc7Picked up ÿc410 Gold
[09/09/20 15:29:54] D2BS 13968: move retry 1
[09/09/20 15:30:33] D2BS 13968: ÿc7Picked up ÿc426 Gold
[09/09/20 15:30:34] D2BS 13968: move retry 1
[09/09/20 15:30:44] D2BS 13968: move retry 1
[09/09/20 15:30:56] D2BS 13968: move retry 1
[09/09/20 15:30:59] D2BS 13968: ÿc7Picked up ÿc410 Gold
[09/09/20 15:30:59] D2BS 13968: ÿc7Picked up ÿc49 Gold
[09/09/20 15:31:02] D2BS 13968: move retry 1
[09/09/20 15:31:08] D2BS 13968: move retry 1
[09/09/20 15:31:17] D2BS 13968: move retry 1
[09/09/20 15:31:18] D2BS 13968: move retry 1
[09/09/20 15:31:21] D2BS 13968: ÿc7Picked up ÿc45 Gold
[09/09/20 15:31:26] D2BS 13968: ÿc7Picked up ÿc45 Gold
[09/09/20 15:31:27] D2BS 13968: ÿc7Picked up ÿc41 Gold
[09/09/20 15:31:43] D2BS 13968: move retry 1
[09/09/20 15:32:05] D2BS 13968: ÿc7Picked up ÿc416 Gold
[09/09/20 15:32:06] D2BS 13968: ÿc7Picked up ÿc411 Gold
[09/09/20 15:32:14] D2BS 13968: ÿc7Picked up ÿc43 Gold
