[10/05/20 21:56:43] D2BS 34204: D2BS Engine startup complete. 1.6.4U
[10/05/20 21:56:43] D2BS 34204: FireSorc
[10/05/20 21:56:43] D2BS 34204: ÿc2D2BSÿc0 :: Switched to profile FireSorc
[10/05/20 21:56:43] D2BS 34204: ÿc2D2BSÿc0 :: Engine startup complete!
[10/05/20 21:56:43] D2BS 34204: ÿc2D2BSÿc0 :: Starting D2BotLanFollow.dbj
[10/05/20 21:56:43] D2BS 34204: ÿc2D2BSÿc0 :: D2BotLanFollow.dbj running.
[10/05/20 21:56:43] D2BS 34204: ÿc2D2BSÿc0 :: Started Console Script
[10/05/20 21:56:45] D2BS 34204: Heartbeat loaded
[10/05/20 21:57:01] D2BS 34204: Stack Walk Thread: 14808
[10/05/20 21:57:01] D2BS 34204: 7726321C (ntdll): (filename not available): ZwWaitForWorkViaWorkerFactory
[10/05/20 21:57:01] D2BS 34204: 7556F989 (KERNEL32): (filename not available): BaseThreadInitThunk
[10/05/20 21:57:01] D2BS 34204: 772574B4 (ntdll): (filename not available): RtlGetAppContainerNamedObjectPath
[10/05/20 21:57:01] D2BS 34204: 77257484 (ntdll): (filename not available): RtlGetAppContainerNamedObjectPath
[10/05/20 21:57:01] D2BS 34204: Stack Walk Thread: 20112
[10/05/20 21:57:01] D2BS 34204: 7726321C (ntdll): (filename not available): ZwWaitForWorkViaWorkerFactory
[10/05/20 21:57:01] D2BS 34204: 7556F989 (KERNEL32): (filename not available): BaseThreadInitThunk
[10/05/20 21:57:01] D2BS 34204: 772574B4 (ntdll): (filename not available): RtlGetAppContainerNamedObjectPath
[10/05/20 21:57:01] D2BS 34204: 77257484 (ntdll): (filename not available): RtlGetAppContainerNamedObjectPath
[10/05/20 21:57:01] D2BS 34204: Stack Walk Thread: 22256
[10/05/20 21:57:01] D2BS 34204: 7726321C (ntdll): (filename not available): ZwWaitForWorkViaWorkerFactory
[10/05/20 21:57:01] D2BS 34204: 7556F989 (KERNEL32): (filename not available): BaseThreadInitThunk
[10/05/20 21:57:01] D2BS 34204: 772574B4 (ntdll): (filename not available): RtlGetAppContainerNamedObjectPath
[10/05/20 21:57:01] D2BS 34204: 77257484 (ntdll): (filename not available): RtlGetAppContainerNamedObjectPath
[10/05/20 21:57:01] D2BS 34204: Stack Walk Thread: 28372
[10/05/20 21:57:01] D2BS 34204: 7726182C (ntdll): (filename not available): NtDelayExecution
[10/05/20 21:57:01] D2BS 34204: 76232DDF (KERNELBASE): (filename not available): Sleep
[10/05/20 21:57:01] D2BS 34204: 03093C94 (D2BS): (filename not available): QueryInterface
[10/05/20 21:57:01] D2BS 34204: 7556F989 (KERNEL32): (filename not available): BaseThreadInitThunk
[10/05/20 21:57:01] D2BS 34204: 772574B4 (ntdll): (filename not available): RtlGetAppContainerNamedObjectPath
[10/05/20 21:57:01] D2BS 34204: 77257484 (ntdll): (filename not available): RtlGetAppContainerNamedObjectPath
[10/05/20 21:57:01] D2BS 34204: Stack Walk Thread: 25376
[10/05/20 21:57:01] D2BS 34204: 7726150C (ntdll): (filename not available): NtWaitForSingleObject
[10/05/20 21:57:01] D2BS 34204: 7621F5F2 (KERNELBASE): (filename not available): WaitForSingleObject
[10/05/20 21:57:01] D2BS 34204: 004027E5 (Game): (filename not available): (function-name not available)
[10/05/20 21:57:01] D2BS 34204: 7556F989 (KERNEL32): (filename not available): BaseThreadInitThunk
[10/05/20 21:57:01] D2BS 34204: 772574B4 (ntdll): (filename not available): RtlGetAppContainerNamedObjectPath
[10/05/20 21:57:01] D2BS 34204: 77257484 (ntdll): (filename not available): RtlGetAppContainerNamedObjectPath
[10/05/20 21:57:01] D2BS 34204: Stack Walk Thread: 21760
[10/05/20 21:57:01] D2BS 34204: 7726182C (ntdll): (filename not available): NtDelayExecution
[10/05/20 21:57:01] D2BS 34204: 76232DDF (KERNELBASE): (filename not available): Sleep
[10/05/20 21:57:01] D2BS 34204: 004102FC (Game): (filename not available): (function-name not available)
[10/05/20 21:57:01] D2BS 34204: 7556F989 (KERNEL32): (filename not available): BaseThreadInitThunk
[10/05/20 21:57:01] D2BS 34204: 772574B4 (ntdll): (filename not available): RtlGetAppContainerNamedObjectPath
[10/05/20 21:57:01] D2BS 34204: 77257484 (ntdll): (filename not available): RtlGetAppContainerNamedObjectPath
[10/05/20 21:57:01] D2BS 34204: Stack Walk Thread: 10488
[10/05/20 21:57:01] D2BS 34204: 7726150C (ntdll): (filename not available): NtWaitForSingleObject
[10/05/20 21:57:01] D2BS 34204: 7621F5F2 (KERNELBASE): (filename not available): WaitForSingleObject
[10/05/20 21:57:01] D2BS 34204: 0041A845 (Game): (filename not available): (function-name not available)
[10/05/20 21:57:01] D2BS 34204: 7556F989 (KERNEL32): (filename not available): BaseThreadInitThunk
[10/05/20 21:57:01] D2BS 34204: 772574B4 (ntdll): (filename not available): RtlGetAppContainerNamedObjectPath
[10/05/20 21:57:01] D2BS 34204: 77257484 (ntdll): (filename not available): RtlGetAppContainerNamedObjectPath
[10/05/20 21:57:01] D2BS 34204: Stack Walk Thread: 9940
[10/05/20 21:57:01] D2BS 34204: 7726321C (ntdll): (filename not available): ZwWaitForWorkViaWorkerFactory
[10/05/20 21:57:01] D2BS 34204: 7556F989 (KERNEL32): (filename not available): BaseThreadInitThunk
[10/05/20 21:57:01] D2BS 34204: 772574B4 (ntdll): (filename not available): RtlGetAppContainerNamedObjectPath
[10/05/20 21:57:01] D2BS 34204: 77257484 (ntdll): (filename not available): RtlGetAppContainerNamedObjectPath
[10/05/20 21:57:01] D2BS 34204: Stack Walk Thread: 29132
[10/05/20 21:57:01] D2BS 34204: 77261A9C (ntdll): (filename not available): ZwWaitForMultipleObjects
[10/05/20 21:57:01] D2BS 34204: 76E06676 (CRYPT32): (filename not available): CertDuplicateCRLContext
[10/05/20 21:57:01] D2BS 34204: 7556F989 (KERNEL32): (filename not available): BaseThreadInitThunk
[10/05/20 21:57:01] D2BS 34204: 772574B4 (ntdll): (filename not available): RtlGetAppContainerNamedObjectPath
[10/05/20 21:57:01] D2BS 34204: 77257484 (ntdll): (filename not available): RtlGetAppContainerNamedObjectPath
[10/05/20 21:57:01] D2BS 34204: Stack Walk Thread: 21972
[10/05/20 21:57:01] D2BS 34204: 7726321C (ntdll): (filename not available): ZwWaitForWorkViaWorkerFactory
[10/05/20 21:57:01] D2BS 34204: 7556F989 (KERNEL32): (filename not available): BaseThreadInitThunk
[10/05/20 21:57:01] D2BS 34204: 772574B4 (ntdll): (filename not available): RtlGetAppContainerNamedObjectPath
[10/05/20 21:57:01] D2BS 34204: 77257484 (ntdll): (filename not available): RtlGetAppContainerNamedObjectPath
[10/05/20 21:57:01] D2BS 34204: Stack Walk Thread: 30436
[10/05/20 21:57:01] D2BS 34204: 7726321C (ntdll): (filename not available): ZwWaitForWorkViaWorkerFactory
[10/05/20 21:57:01] D2BS 34204: 7556F989 (KERNEL32): (filename not available): BaseThreadInitThunk
[10/05/20 21:57:01] D2BS 34204: 772574B4 (ntdll): (filename not available): RtlGetAppContainerNamedObjectPath
[10/05/20 21:57:01] D2BS 34204: 77257484 (ntdll): (filename not available): RtlGetAppContainerNamedObjectPath
[10/05/20 21:57:01] D2BS 34204: Stack Walk Thread: 17800
[10/05/20 21:57:01] D2BS 34204: 7726150C (ntdll): (filename not available): NtWaitForSingleObject
[10/05/20 21:57:01] D2BS 34204: 03117236 (D2BS): (filename not available): JS::CompileOptions::setFileAndLine
[10/05/20 21:57:01] D2BS 34204: 03202B1F (D2BS): (filename not available): JS_freeop
[10/05/20 21:57:01] D2BS 34204: 03201A5E (D2BS): (filename not available): JS_freeop
[10/05/20 21:57:01] D2BS 34204: 0312E4A2 (D2BS): (filename not available): JS::CompileOptions::setFileAndLine
[10/05/20 21:57:01] D2BS 34204: 7556F989 (KERNEL32): (filename not available): BaseThreadInitThunk
[10/05/20 21:57:01] D2BS 34204: 772574B4 (ntdll): (filename not available): RtlGetAppContainerNamedObjectPath
[10/05/20 21:57:01] D2BS 34204: 77257484 (ntdll): (filename not available): RtlGetAppContainerNamedObjectPath
[10/05/20 21:57:01] D2BS 34204: Stack Walk Thread: 12084
[10/05/20 21:57:01] D2BS 34204: 7726182C (ntdll): (filename not available): NtDelayExecution
[10/05/20 21:57:01] D2BS 34204: 76232DDF (KERNELBASE): (filename not available): Sleep
[10/05/20 21:57:01] D2BS 34204: 0309E2FD (D2BS): (filename not available): JS::CompileOptions::setFileAndLine
[10/05/20 21:57:01] D2BS 34204: 031201B1 (D2BS): (filename not available): JS::CompileOptions::setFileAndLine
[10/05/20 21:57:01] D2BS 34204: 03202B1F (D2BS): (filename not available): JS_freeop
[10/05/20 21:57:01] D2BS 34204: 03201A5E (D2BS): (filename not available): JS_freeop
[10/05/20 21:57:01] D2BS 34204: 0312E4A2 (D2BS): (filename not available): JS::CompileOptions::setFileAndLine
[10/05/20 21:57:01] D2BS 34204: 7556F989 (KERNEL32): (filename not available): BaseThreadInitThunk
[10/05/20 21:57:01] D2BS 34204: 772574B4 (ntdll): (filename not available): RtlGetAppContainerNamedObjectPath
[10/05/20 21:57:01] D2BS 34204: 77257484 (ntdll): (filename not available): RtlGetAppContainerNamedObjectPath
[10/05/20 21:57:01] D2BS 34204: Stack Walk Thread: 34812
[10/05/20 21:57:01] D2BS 34204: 7726150C (ntdll): (filename not available): NtWaitForSingleObject
[10/05/20 21:57:01] D2BS 34204: 03117236 (D2BS): (filename not available): JS::CompileOptions::setFileAndLine
[10/05/20 21:57:01] D2BS 34204: 03202B1F (D2BS): (filename not available): JS_freeop
[10/05/20 21:57:01] D2BS 34204: 03201A5E (D2BS): (filename not available): JS_freeop
[10/05/20 21:57:01] D2BS 34204: 0312E4A2 (D2BS): (filename not available): JS::CompileOptions::setFileAndLine
[10/05/20 21:57:01] D2BS 34204: 7556F989 (KERNEL32): (filename not available): BaseThreadInitThunk
[10/05/20 21:57:01] D2BS 34204: 772574B4 (ntdll): (filename not available): RtlGetAppContainerNamedObjectPath
[10/05/20 21:57:01] D2BS 34204: 77257484 (ntdll): (filename not available): RtlGetAppContainerNamedObjectPath
[10/05/20 21:57:01] D2BS 34204: Stack Walk Thread: 9944
[10/05/20 21:57:01] D2BS 34204: 0309B024 (D2BS): (filename not available): JSAutoStructuredCloneBuffer::JSAutoStructuredCloneBuffer
[10/05/20 21:57:01] D2BS 34204: 030937F8 (D2BS): (filename not available): QueryInterface
[10/05/20 21:57:01] D2BS 34204: 00408A05 (Game): (filename not available): (function-name not available)
[10/05/20 21:57:01] D2BS 34204: 00408A81 (Game): (filename not available): (function-name not available)
[10/05/20 21:57:01] D2BS 34204: 006123A3 (Game): (filename not available): BNGatewayAccess::UpdateGatewaysFromIni
[10/05/20 21:57:01] D2BS 34204: 00638A89 (Game): (filename not available): BNGatewayAccess::UpdateGatewaysFromIni
[10/05/20 21:57:01] D2BS 34204: 0061933E (Game): (filename not available): BNGatewayAccess::UpdateGatewaysFromIni
[10/05/20 21:57:01] D2BS 34204: 0044B93C (Game): (filename not available): BNGatewayAccess::CurGateway
[10/05/20 21:57:01] D2BS 34204: 0044B43C (Game): (filename not available): BNGatewayAccess::CurGateway
[10/05/20 21:57:01] D2BS 34204: 00405E6B (Game): (filename not available): (function-name not available)
[10/05/20 21:57:01] D2BS 34204: 004065C7 (Game): (filename not available): (function-name not available)
[10/05/20 21:57:01] D2BS 34204: 0040671F (Game): (filename not available): (function-name not available)
[10/05/20 21:57:01] D2BS 34204: 0068291C (Game): (filename not available): BNGatewayAccess::UpdateGatewaysFromIni
[10/05/20 21:57:01] D2BS 34204: 7556F989 (KERNEL32): (filename not available): BaseThreadInitThunk
[10/05/20 21:57:01] D2BS 34204: 772574B4 (ntdll): (filename not available): RtlGetAppContainerNamedObjectPath
[10/05/20 21:57:01] D2BS 34204: 77257484 (ntdll): (filename not available): RtlGetAppContainerNamedObjectPath
[10/05/20 21:57:01] D2BS 34204: Crash File: BlizzardError/2020-10-05 21.57.01/Crash.txt
[10/05/20 21:57:01] D2BS 34204: D2BS Shutdown complete.
[10/05/20 21:57:02] D2BS 21736: D2BS Engine startup complete. 1.6.4U
[10/05/20 21:57:02] D2BS 21736: FireSorc
[10/05/20 21:57:02] D2BS 21736: ÿc2D2BSÿc0 :: Switched to profile FireSorc
[10/05/20 21:57:02] D2BS 21736: ÿc2D2BSÿc0 :: Engine startup complete!
[10/05/20 21:57:02] D2BS 21736: ÿc2D2BSÿc0 :: Starting D2BotLanFollow.dbj
[10/05/20 21:57:02] D2BS 21736: ÿc2D2BSÿc0 :: D2BotLanFollow.dbj running.
[10/05/20 21:57:02] D2BS 21736: ÿc2D2BSÿc0 :: Started Console Script
[10/05/20 21:57:05] D2BS 21736: Heartbeat loaded
[10/05/20 21:57:21] D2BS 21736: ÿc2D2BSÿc0 :: Starting default.dbj
[10/05/20 21:57:21] D2BS 21736: ÿc2D2BSÿc0 :: default.dbj running.
[10/05/20 21:57:21] D2BS 21736: AutoBuild: Including build template config/builds/sorceress.meteor.js into default.dbj
[10/05/20 21:57:21] D2BS 21736: Updating Config from level 0 to 1
[10/05/20 21:57:21] D2BS 21736: ÿc4Loaded NIP: ÿc2LateGame.nipÿc4. Lines: ÿc277ÿc4. Valid entries: ÿc250. ÿc4Time: ÿc215 ms
[10/05/20 21:57:21] D2BS 21736: ÿc4Loaded NIP: ÿc2MidGame.nipÿc4. Lines: ÿc257ÿc4. Valid entries: ÿc234. ÿc4Time: ÿc20 ms
[10/05/20 21:57:21] D2BS 21736: ÿc4Loaded NIP: ÿc2EarlyGame.nipÿc4. Lines: ÿc234ÿc4. Valid entries: ÿc216. ÿc4Time: ÿc20 ms
[10/05/20 21:57:21] D2BS 21736: ÿc4Loaded NIP: ÿc2MeteorRunes.nipÿc4. Lines: ÿc223ÿc4. Valid entries: ÿc212. ÿc4Time: ÿc20 ms
[10/05/20 21:57:21] D2BS 21736: ÿc4Loaded NIP: ÿc2Meteor.xpac.nipÿc4. Lines: ÿc2128ÿc4. Valid entries: ÿc2101. ÿc4Time: ÿc20 ms
[10/05/20 21:57:21] D2BS 21736: ÿc4Loaded NIP: ÿc2Merc.xpac.nipÿc4. Lines: ÿc267ÿc4. Valid entries: ÿc249. ÿc4Time: ÿc20 ms
[10/05/20 21:57:21] D2BS 21736: AutoBuild: Including build template config/builds/sorceress.meteor.js into tools\autobuildthread.js
[10/05/20 21:57:21] D2BS 21736: Updating Config from level 0 to 1
[10/05/20 21:57:21] D2BS 21736: AutoBuild: Loaded helper thread
[10/05/20 21:57:21] D2BS 21736: AutoBuild: Including build template config/builds/sorceress.meteor.js into tools\party.js
[10/05/20 21:57:21] D2BS 21736: Updating Config from level 0 to 1
[10/05/20 21:57:21] D2BS 21736: ÿc2Party thread loaded. Mode: Accept
[10/05/20 21:57:21] D2BS 21736: AutoBuild: Including build template config/builds/sorceress.meteor.js into tools\townchicken.js
[10/05/20 21:57:21] D2BS 21736: Updating Config from level 0 to 1
[10/05/20 21:57:21] D2BS 21736: ÿc3Start ToolsThread script
[10/05/20 21:57:21] D2BS 21736: AutoBuild: Including build template config/builds/sorceress.meteor.js into tools\toolsthread.js
[10/05/20 21:57:21] D2BS 21736: Updating Config from level 0 to 1
[10/05/20 21:57:22] D2BS 21736: ÿc2Starting script: ÿc9LevelFollower
