[10/07/20 18:22:50] D2BS 16428: D2BS Engine startup complete. 1.6.4U
[10/07/20 18:22:50] D2BS 16428: Singer
[10/07/20 18:22:50] D2BS 16428: ÿc2D2BSÿc0 :: Switched to profile Singer
[10/07/20 18:22:50] D2BS 16428: ÿc2D2BSÿc0 :: Engine startup complete!
[10/07/20 18:22:50] D2BS 16428: ÿc2D2BSÿc0 :: Starting D2BotLanLead.dbj
[10/07/20 18:22:50] D2BS 16428: ÿc2D2BSÿc0 :: D2BotLanLead.dbj running.
[10/07/20 18:22:50] D2BS 16428: ÿc2D2BSÿc0 :: Started Console Script
[10/07/20 18:22:52] D2BS 16428: Heartbeat loaded
[10/07/20 18:22:53] D2BS 16428: 39
[10/07/20 18:22:54] D2BS 16428: 40
[10/07/20 18:22:56] D2BS 16428: 12
[10/07/20 18:22:59] D2BS 16428: ÿc2D2BSÿc0 :: Starting default.dbj
[10/07/20 18:22:59] D2BS 16428: ÿc2D2BSÿc0 :: default.dbj running.
[10/07/20 18:22:59] D2BS 16428: AutoBuild: Including build template config/builds/barbarian.singer.js into default.dbj
[10/07/20 18:22:59] D2BS 16428: Updating Config from level 0 to 1
[10/07/20 18:22:59] D2BS 16428: ÿc4Loaded NIP: ÿc2LateGame.nipÿc4. Lines: ÿc277ÿc4. Valid entries: ÿc250. ÿc4Time: ÿc216 ms
[10/07/20 18:22:59] D2BS 16428: ÿc4Loaded NIP: ÿc2MidGame.nipÿc4. Lines: ÿc257ÿc4. Valid entries: ÿc234. ÿc4Time: ÿc20 ms
[10/07/20 18:22:59] D2BS 16428: ÿc4Loaded NIP: ÿc2EarlyGame.nipÿc4. Lines: ÿc234ÿc4. Valid entries: ÿc216. ÿc4Time: ÿc20 ms
[10/07/20 18:22:59] D2BS 16428: ÿc4Loaded NIP: ÿc2SingerRunes.nipÿc4. Lines: ÿc221ÿc4. Valid entries: ÿc210. ÿc4Time: ÿc20 ms
[10/07/20 18:22:59] D2BS 16428: ÿc4Loaded NIP: ÿc2Singer.xpac.nipÿc4. Lines: ÿc2124ÿc4. Valid entries: ÿc2107. ÿc4Time: ÿc20 ms
[10/07/20 18:22:59] D2BS 16428: ÿc4Loaded NIP: ÿc2Merc.xpac.nipÿc4. Lines: ÿc260ÿc4. Valid entries: ÿc243. ÿc4Time: ÿc215 ms
[10/07/20 18:22:59] D2BS 16428: AutoBuild: Including build template config/builds/barbarian.singer.js into tools\autobuildthread.js
[10/07/20 18:22:59] D2BS 16428: Updating Config from level 0 to 1
[10/07/20 18:22:59] D2BS 16428: AutoBuild: Loaded helper thread
[10/07/20 18:22:59] D2BS 16428: ÿc2Starting script: ÿc9LevelLeader
[10/07/20 18:22:59] D2BS 16428: AutoBuild: Including build template config/builds/barbarian.singer.js into tools\party.js
[10/07/20 18:22:59] D2BS 16428: Updating Config from level 0 to 1
[10/07/20 18:22:59] D2BS 16428: ÿc2Party thread loaded. Mode: Invite
[10/07/20 18:22:59] D2BS 16428: AutoBuild: Including build template config/builds/barbarian.singer.js into tools\townchicken.js
[10/07/20 18:22:59] D2BS 16428: ÿc3Start ToolsThread script
[10/07/20 18:22:59] D2BS 16428: Updating Config from level 0 to 1
[10/07/20 18:22:59] D2BS 16428: AutoBuild: Including build template config/builds/barbarian.singer.js into tools\toolsthread.js
[10/07/20 18:22:59] D2BS 16428: Updating Config from level 0 to 1
[10/07/20 18:22:59] D2BS 16428: Updating Status
[10/07/20 18:23:20] D2BS 16428: 1,2
[10/07/20 18:23:30] D2BS 16428: Failed to make portal
[10/07/20 18:24:08] D2BS 16428: 1,2
[10/07/20 18:24:10] D2BS 16428: Failed to make portal
[10/07/20 18:24:16] D2BS 16428: ÿc7Picked up ÿc44 Gold
[10/07/20 18:24:27] D2BS 16428: Failed to make portal
[10/07/20 18:24:27] D2BS 16428: 8
[10/07/20 18:24:27] D2BS 16428: Failed to make portal
[10/07/20 18:24:34] D2BS 16428: Failed to make portal
[10/07/20 18:25:09] D2BS 16428: AutoBuild: Stat points: 5      Skill points: 1
[10/07/20 18:25:09] D2BS 16428: AutoBuild: Level up detected ( 1 --> 2 )
[10/07/20 18:25:09] D2BS 16428: AutoBuild: useSkillPoint(): Howl (130)
[10/07/20 18:25:09] D2BS 16428: AutoBuild: Skill (1/1) Increased Howl (130) by one (level:  1)
[10/07/20 18:25:10] D2BS 16428: AutoBuild: useStatPoint(0): Strength
[10/07/20 18:25:10] D2BS 16428: AutoBuild: Stat (1/5) Increased Strength from 30 to 31
[10/07/20 18:25:10] D2BS 16428: AutoBuild: useStatPoint(3): Vitality
[10/07/20 18:25:10] D2BS 16428: AutoBuild: Stat (2/5) Increased Vitality from 25 to 26
[10/07/20 18:25:10] D2BS 16428: AutoBuild: useStatPoint(3): Vitality
[10/07/20 18:25:10] D2BS 16428: AutoBuild: Stat (3/5) Increased Vitality from 26 to 27
[10/07/20 18:25:10] D2BS 16428: AutoBuild: useStatPoint(3): Vitality
[10/07/20 18:25:10] D2BS 16428: AutoBuild: Stat (4/5) Increased Vitality from 27 to 28
[10/07/20 18:25:10] D2BS 16428: AutoBuild: useStatPoint(3): Vitality
[10/07/20 18:25:10] D2BS 16428: AutoBuild: Stat (5/5) Increased Vitality from 28 to 29
[10/07/20 18:25:10] D2BS 16428: Updating Config from level 1 to 2
[10/07/20 18:25:10] D2BS 16428: Updating Config from level 1 to 2
[10/07/20 18:25:10] D2BS 16428: Updating Config from level 1 to 2
[10/07/20 18:25:10] D2BS 16428: Updating Config from level 1 to 2
[10/07/20 18:25:10] D2BS 16428: AutoBuild: Updating Config from level 1 to 2
[10/07/20 18:25:10] D2BS 16428: AutoBuild: Incrementing cached character level to 2
[10/07/20 18:25:16] D2BS 16428: ÿc7Picked up ÿc43 Gold
[10/07/20 18:25:18] D2BS 16428: ÿc7Picked up ÿc45 Gold
[10/07/20 18:25:21] D2BS 16428: move retry 1
[10/07/20 18:26:12] D2BS 16428: ÿc7Picked up ÿc1Light Healing Potion ÿc0(ilvl 1) (EarlyGame.nip #34)
