[10/15/20 13:40:04] D2BS 14356: D2BS Engine startup complete. 1.6.4U
[10/15/20 13:40:04] D2BS 14356: ÿc2D2BSÿc0 :: Switched to profile ColdSorc
[10/15/20 13:40:04] D2BS 14356: ColdSorc
[10/15/20 13:40:04] D2BS 14356: ÿc2D2BSÿc0 :: Engine startup complete!
[10/15/20 13:40:04] D2BS 14356: ÿc2D2BSÿc0 :: Starting D2BotLanFollow.dbj
[10/15/20 13:40:04] D2BS 14356: ÿc2D2BSÿc0 :: D2BotLanFollow.dbj running.
[10/15/20 13:40:04] D2BS 14356: ÿc2D2BSÿc0 :: Started Console Script
[10/15/20 13:40:05] D2BS 14356: Heartbeat loaded
[10/15/20 13:40:17] D2BS 14356: ÿc2D2BSÿc0 :: Starting default.dbj
[10/15/20 13:40:17] D2BS 14356: ÿc2D2BSÿc0 :: default.dbj running.
[10/15/20 13:40:17] D2BS 14356: AutoBuild: Including build template config/builds/sorceress.cold.js into default.dbj
[10/15/20 13:40:17] D2BS 14356: Updating Config from level 0 to 1
[10/15/20 13:40:17] D2BS 14356: ÿc4Loaded NIP: ÿc2LateGame.nipÿc4. Lines: ÿc281ÿc4. Valid entries: ÿc254. ÿc4Time: ÿc215 ms
[10/15/20 13:40:17] D2BS 14356: ÿc4Loaded NIP: ÿc2MidGame.nipÿc4. Lines: ÿc281ÿc4. Valid entries: ÿc246. ÿc4Time: ÿc20 ms
[10/15/20 13:40:17] D2BS 14356: ÿc4Loaded NIP: ÿc2EarlyGame.nipÿc4. Lines: ÿc228ÿc4. Valid entries: ÿc213. ÿc4Time: ÿc20 ms
[10/15/20 13:40:17] D2BS 14356: ÿc4Loaded NIP: ÿc2ColdRunes.nipÿc4. Lines: ÿc223ÿc4. Valid entries: ÿc212. ÿc4Time: ÿc20 ms
[10/15/20 13:40:17] D2BS 14356: ÿc4Loaded NIP: ÿc2Cold.xpac.nipÿc4. Lines: ÿc2130ÿc4. Valid entries: ÿc2113. ÿc4Time: ÿc20 ms
[10/15/20 13:40:17] D2BS 14356: ÿc4Loaded NIP: ÿc2PreMerc.xpac.nipÿc4. Lines: ÿc227ÿc4. Valid entries: ÿc220. ÿc4Time: ÿc20 ms
[10/15/20 13:40:17] D2BS 14356: ÿc4Loaded NIP: ÿc2Merc.xpac.nipÿc4. Lines: ÿc232ÿc4. Valid entries: ÿc222. ÿc4Time: ÿc20 ms
[10/15/20 13:40:17] D2BS 14356: AutoBuild: Including build template config/builds/sorceress.cold.js into tools\autobuildthread.js
[10/15/20 13:40:17] D2BS 14356: Updating Config from level 0 to 1
[10/15/20 13:40:17] D2BS 14356: AutoBuild: Loaded helper thread
[10/15/20 13:40:18] D2BS 14356: AutoBuild: Including build template config/builds/sorceress.cold.js into tools\party.js
[10/15/20 13:40:18] D2BS 14356: Updating Config from level 0 to 1
[10/15/20 13:40:18] D2BS 14356: ÿc2Party thread loaded. Mode: Accept
[10/15/20 13:40:18] D2BS 14356: ÿc3Start ToolsThread script
[10/15/20 13:40:18] D2BS 14356: AutoBuild: Including build template config/builds/sorceress.cold.js into tools\toolsthread.js
[10/15/20 13:40:18] D2BS 14356: AutoBuild: Including build template config/builds/sorceress.cold.js into tools\townchicken.js
[10/15/20 13:40:18] D2BS 14356: Updating Config from level 0 to 1
[10/15/20 13:40:18] D2BS 14356: Updating Config from level 0 to 1
[10/15/20 13:40:18] D2BS 14356: ÿc2Starting script: ÿc9LevelFollower
[10/15/20 13:40:18] D2BS 14356: initNPC: BuyPotions
[10/15/20 13:40:39] D2BS 14356: D2BS Shutdown complete.
