[10/12/20 08:32:53] D2BS 42912: D2BS Engine startup complete. 1.6.4U
[10/12/20 08:32:53] D2BS 42912: Singer
[10/12/20 08:32:53] D2BS 42912: ÿc2D2BSÿc0 :: Switched to profile Singer
[10/12/20 08:32:53] D2BS 42912: ÿc2D2BSÿc0 :: Engine startup complete!
[10/12/20 08:32:53] D2BS 42912: ÿc2D2BSÿc0 :: Starting D2BotLanLead.dbj
[10/12/20 08:32:53] D2BS 42912: ÿc2D2BSÿc0 :: D2BotLanLead.dbj running.
[10/12/20 08:32:53] D2BS 42912: ÿc2D2BSÿc0 :: Started Console Script
[10/12/20 08:32:55] D2BS 42912: Heartbeat loaded
[10/12/20 08:32:56] D2BS 42912: 39
[10/12/20 08:32:58] D2BS 42912: 40
[10/12/20 08:32:59] D2BS 42912: 12
[10/12/20 08:33:02] D2BS 42912: ÿc2D2BSÿc0 :: Starting default.dbj
[10/12/20 08:33:02] D2BS 42912: ÿc2D2BSÿc0 :: default.dbj running.
[10/12/20 08:33:02] D2BS 42912: AutoBuild: Including build template config/builds/barbarian.singer.js into default.dbj
[10/12/20 08:33:02] D2BS 42912: Updating Config from level 0 to 1
[10/12/20 08:33:02] D2BS 42912: ÿc4Loaded NIP: ÿc2LateGame.nipÿc4. Lines: ÿc280ÿc4. Valid entries: ÿc253. ÿc4Time: ÿc20 ms
[10/12/20 08:33:02] D2BS 42912: ÿc4Loaded NIP: ÿc2MidGame.nipÿc4. Lines: ÿc268ÿc4. Valid entries: ÿc241. ÿc4Time: ÿc20 ms
[10/12/20 08:33:02] D2BS 42912: ÿc4Loaded NIP: ÿc2EarlyGame.nipÿc4. Lines: ÿc226ÿc4. Valid entries: ÿc212. ÿc4Time: ÿc20 ms
[10/12/20 08:33:02] D2BS 42912: ÿc4Loaded NIP: ÿc2SingerRunes.nipÿc4. Lines: ÿc221ÿc4. Valid entries: ÿc210. ÿc4Time: ÿc20 ms
[10/12/20 08:33:02] D2BS 42912: ÿc4Loaded NIP: ÿc2Singer.xpac.nipÿc4. Lines: ÿc2124ÿc4. Valid entries: ÿc2107. ÿc4Time: ÿc20 ms
[10/12/20 08:33:02] D2BS 42912: ÿc4Loaded NIP: ÿc2PreMerc.xpac.nipÿc4. Lines: ÿc222ÿc4. Valid entries: ÿc216. ÿc4Time: ÿc20 ms
[10/12/20 08:33:02] D2BS 42912: ÿc4Loaded NIP: ÿc2Merc.xpac.nipÿc4. Lines: ÿc232ÿc4. Valid entries: ÿc222. ÿc4Time: ÿc20 ms
[10/12/20 08:33:02] D2BS 42912: AutoBuild: Including build template config/builds/barbarian.singer.js into tools\autobuildthread.js
[10/12/20 08:33:02] D2BS 42912: Updating Config from level 0 to 1
[10/12/20 08:33:02] D2BS 42912: AutoBuild: Loaded helper thread
[10/12/20 08:33:02] D2BS 42912: ÿc2Starting script: ÿc9LevelLeader
[10/12/20 08:33:02] D2BS 42912: AutoBuild: Including build template config/builds/barbarian.singer.js into tools\party.js
[10/12/20 08:33:02] D2BS 42912: Updating Config from level 0 to 1
[10/12/20 08:33:02] D2BS 42912: ÿc2Party thread loaded. Mode: Invite
[10/12/20 08:33:02] D2BS 42912: AutoBuild: Including build template config/builds/barbarian.singer.js into tools\townchicken.js
[10/12/20 08:33:02] D2BS 42912: Updating Config from level 0 to 1
[10/12/20 08:33:02] D2BS 42912: ÿc3Start ToolsThread script
[10/12/20 08:33:02] D2BS 42912: AutoBuild: Including build template config/builds/barbarian.singer.js into tools\toolsthread.js
[10/12/20 08:33:02] D2BS 42912: Updating Config from level 0 to 1
[10/12/20 08:33:03] D2BS 42912: Updating Status
[10/12/20 08:33:29] D2BS 42912: move retry 1
[10/12/20 08:33:37] D2BS 42912: move retry 1
[10/12/20 08:33:52] D2BS 42912: Up to Act:1 Blood Moor
[10/12/20 08:33:57] D2BS 42912: 1,2
[10/12/20 08:34:07] D2BS 42912: Failed to make portal
[10/12/20 08:34:33] D2BS 42912: Failed to make portal
[10/12/20 08:34:41] D2BS 42912: ÿc4Town: ÿc1Can't afford repairs.
[10/12/20 08:34:42] D2BS 42912: ÿc4Town: ÿc1Can't afford repairs.
[10/12/20 08:34:43] D2BS 42912: ÿc4Town: ÿc1Can't afford repairs.
[10/12/20 08:34:43] D2BS 42912: ÿc4Town: ÿc1Can't afford repairs.
[10/12/20 08:34:44] D2BS 42912: ÿc4Town: ÿc1Can't afford repairs.
[10/12/20 08:34:45] D2BS 42912: move retry 1
[10/12/20 08:34:46] D2BS 42912: ÿc4Town: ÿc1Can't afford repairs.
[10/12/20 08:34:47] D2BS 42912: ÿc4Town: ÿc1Can't afford repairs.
[10/12/20 08:34:47] D2BS 42912: ÿc4Town: ÿc1Can't afford repairs.
[10/12/20 08:34:47] D2BS 42912: ÿc4Town: ÿc1Can't afford repairs.
[10/12/20 08:34:47] D2BS 42912: ÿc4Town: ÿc1Can't afford repairs.
[10/12/20 08:34:48] D2BS 42912: ÿc4Town: ÿc1Can't afford repairs.
[10/12/20 08:34:48] D2BS 42912: ÿc4Town: ÿc1Can't afford repairs.
[10/12/20 08:34:48] D2BS 42912: ÿc4Town: ÿc1Can't afford repairs.
[10/12/20 08:34:48] D2BS 42912: ÿc4Town: ÿc1Can't afford repairs.
[10/12/20 08:34:48] D2BS 42912: ÿc4Town: ÿc1Can't afford repairs.
[10/12/20 08:34:49] D2BS 42912: ÿc4Town: ÿc1Can't afford repairs.
[10/12/20 08:34:49] D2BS 42912: ÿc4Town: ÿc1Can't afford repairs.
[10/12/20 08:34:49] D2BS 42912: ÿc4Town: ÿc1Can't afford repairs.
[10/12/20 08:34:49] D2BS 42912: ÿc4Town: ÿc1Can't afford repairs.
[10/12/20 08:34:49] D2BS 42912: ÿc4Town: ÿc1Can't afford repairs.
[10/12/20 08:34:49] D2BS 42912: ÿc4Town: ÿc1Can't afford repairs.
[10/12/20 08:34:50] D2BS 42912: ÿc4Town: ÿc1Can't afford repairs.
[10/12/20 08:34:50] D2BS 42912: ÿc4Town: ÿc1Can't afford repairs.
[10/12/20 08:34:50] D2BS 42912: ÿc4Town: ÿc1Can't afford repairs.
[10/12/20 08:34:50] D2BS 42912: ÿc4Town: ÿc1Can't afford repairs.
[10/12/20 08:34:50] D2BS 42912: ÿc4Town: ÿc1Can't afford repairs.
[10/12/20 08:34:51] D2BS 42912: ÿc4Town: ÿc1Can't afford repairs.
[10/12/20 08:34:51] D2BS 42912: ÿc4Town: ÿc1Can't afford repairs.
[10/12/20 08:34:51] D2BS 42912: ÿc4Town: ÿc1Can't afford repairs.
[10/12/20 08:34:51] D2BS 42912: ÿc4Town: ÿc1Can't afford repairs.
[10/12/20 08:34:51] D2BS 42912: ÿc4Town: ÿc1Can't afford repairs.
[10/12/20 08:34:52] D2BS 42912: ÿc4Town: ÿc1Can't afford repairs.
[10/12/20 08:34:52] D2BS 42912: ÿc4Town: ÿc1Can't afford repairs.
[10/12/20 08:34:52] D2BS 42912: ÿc4Town: ÿc1Can't afford repairs.
[10/12/20 08:34:52] D2BS 42912: ÿc4Town: ÿc1Can't afford repairs.
[10/12/20 08:34:52] D2BS 42912: ÿc4Town: ÿc1Can't afford repairs.
[10/12/20 08:34:52] D2BS 42912: ÿc4Town: ÿc1Can't afford repairs.
[10/12/20 08:34:53] D2BS 42912: ÿc4Town: ÿc1Can't afford repairs.
[10/12/20 08:34:53] D2BS 42912: ÿc4Town: ÿc1Can't afford repairs.
[10/12/20 08:34:53] D2BS 42912: ÿc4Town: ÿc1Can't afford repairs.
[10/12/20 08:34:53] D2BS 42912: ÿc4Town: ÿc1Can't afford repairs.
[10/12/20 08:34:53] D2BS 42912: ÿc4Town: ÿc1Can't afford repairs.
[10/12/20 08:34:53] D2BS 42912: ÿc4Town: ÿc1Can't afford repairs.
[10/12/20 08:34:54] D2BS 42912: ÿc4Town: ÿc1Can't afford repairs.
[10/12/20 08:34:54] D2BS 42912: ÿc4Town: ÿc1Can't afford repairs.
[10/12/20 08:34:54] D2BS 42912: ÿc4Town: ÿc1Can't afford repairs.
[10/12/20 08:34:54] D2BS 42912: ÿc4Town: ÿc1Can't afford repairs.
[10/12/20 08:34:54] D2BS 42912: ÿc4Town: ÿc1Can't afford repairs.
[10/12/20 08:34:55] D2BS 42912: ÿc4Town: ÿc1Can't afford repairs.
[10/12/20 08:34:56] D2BS 42912: ÿc4Town: ÿc1Can't afford repairs.
[10/12/20 08:34:57] D2BS 42912: ÿc4Town: ÿc1Can't afford repairs.
[10/12/20 08:34:58] D2BS 42912: ÿc4Town: ÿc1Can't afford repairs.
[10/12/20 08:34:58] D2BS 42912: ÿc4Town: ÿc1Can't afford repairs.
[10/12/20 08:34:59] D2BS 42912: ÿc7Picked up ÿc42 Gold
[10/12/20 08:35:08] D2BS 42912: ÿc7Picked up ÿc41 Gold
[10/12/20 08:35:24] D2BS 42912: ÿc7Picked up ÿc42 Gold
[10/12/20 08:35:24] D2BS 42912: AutoBuild: Stat points: 5      Skill points: 1
[10/12/20 08:35:24] D2BS 42912: AutoBuild: Level up detected ( 1 --> 2 )
[10/12/20 08:35:24] D2BS 42912: AutoBuild: useSkillPoint(): Howl (130)
[10/12/20 08:35:24] D2BS 42912: AutoBuild: Skill (1/1) Increased Howl (130) by one (level:  1)
[10/12/20 08:35:24] D2BS 42912: AutoBuild: useStatPoint(0): Strength
[10/12/20 08:35:24] D2BS 42912: AutoBuild: Stat (1/5) Increased Strength from 30 to 31
[10/12/20 08:35:24] D2BS 42912: AutoBuild: useStatPoint(3): Vitality
[10/12/20 08:35:24] D2BS 42912: AutoBuild: Stat (2/5) Increased Vitality from 25 to 26
[10/12/20 08:35:24] D2BS 42912: AutoBuild: useStatPoint(3): Vitality
[10/12/20 08:35:25] D2BS 42912: AutoBuild: Stat (3/5) Increased Vitality from 26 to 27
[10/12/20 08:35:25] D2BS 42912: AutoBuild: useStatPoint(3): Vitality
[10/12/20 08:35:25] D2BS 42912: AutoBuild: Stat (4/5) Increased Vitality from 27 to 28
[10/12/20 08:35:25] D2BS 42912: AutoBuild: useStatPoint(3): Vitality
[10/12/20 08:35:25] D2BS 42912: AutoBuild: Stat (5/5) Increased Vitality from 28 to 29
[10/12/20 08:35:25] D2BS 42912: Updating Config from level 1 to 2
[10/12/20 08:35:25] D2BS 42912: Updating Config from level 1 to 2
[10/12/20 08:35:25] D2BS 42912: AutoBuild: Updating Config from level 1 to 2
[10/12/20 08:35:25] D2BS 42912: Updating Config from level 1 to 2
[10/12/20 08:35:25] D2BS 42912: Updating Config from level 1 to 2
[10/12/20 08:35:25] D2BS 42912: AutoBuild: Incrementing cached character level to 2
[10/12/20 08:35:35] D2BS 42912: ÿc7Picked up ÿc43 Gold
[10/12/20 08:35:42] D2BS 42912: ÿc7Picked up ÿc1Light Healing Potion ÿc0(ilvl 1) (EarlyGame.nip #26)
[10/12/20 08:35:46] D2BS 42912: ÿc7Picked up ÿc43 Gold
[10/12/20 08:36:04] D2BS 42912: move retry 1
[10/12/20 08:36:14] D2BS 42912: Failed to make portal
[10/12/20 08:36:14] D2BS 42912: 3
[10/12/20 08:36:19] D2BS 42912: Failed to make portal
[10/12/20 08:36:20] D2BS 42912: Failed to make portal
[10/12/20 08:36:28] D2BS 42912: ÿc7Picked up ÿc45 Gold
[10/12/20 08:36:37] D2BS 42912: AutoBuild: Stat points: 5      Skill points: 1
[10/12/20 08:36:37] D2BS 42912: AutoBuild: Level up detected ( 2 --> 3 )
[10/12/20 08:36:37] D2BS 42912: AutoBuild: useSkillPoint(): Find Potion (131)
[10/12/20 08:36:37] D2BS 42912: AutoBuild: Skill (1/1) Increased Find Potion (131) by one (level:  1)
[10/12/20 08:36:37] D2BS 42912: AutoBuild: useStatPoint(0): Strength
[10/12/20 08:36:37] D2BS 42912: AutoBuild: Stat (1/5) Increased Strength from 31 to 32
[10/12/20 08:36:37] D2BS 42912: AutoBuild: useStatPoint(3): Vitality
[10/12/20 08:36:38] D2BS 42912: AutoBuild: Stat (2/5) Increased Vitality from 29 to 30
[10/12/20 08:36:38] D2BS 42912: AutoBuild: useStatPoint(3): Vitality
[10/12/20 08:36:38] D2BS 42912: AutoBuild: Stat (3/5) Increased Vitality from 30 to 31
[10/12/20 08:36:38] D2BS 42912: AutoBuild: useStatPoint(3): Vitality
[10/12/20 08:36:38] D2BS 42912: AutoBuild: Stat (4/5) Increased Vitality from 31 to 32
[10/12/20 08:36:38] D2BS 42912: AutoBuild: useStatPoint(3): Vitality
[10/12/20 08:36:38] D2BS 42912: AutoBuild: Stat (5/5) Increased Vitality from 32 to 33
[10/12/20 08:36:38] D2BS 42912: Updating Config from level 2 to 3
[10/12/20 08:36:38] D2BS 42912: AutoBuild: Updating Config from level 2 to 3
[10/12/20 08:36:38] D2BS 42912: Updating Config from level 2 to 3
[10/12/20 08:36:38] D2BS 42912: Updating Config from level 2 to 3
[10/12/20 08:36:38] D2BS 42912: Updating Config from level 2 to 3
[10/12/20 08:36:38] D2BS 42912: AutoBuild: Incrementing cached character level to 3
[10/12/20 08:36:38] D2BS 42912: ÿc7Picked up ÿc410 Gold
[10/12/20 08:37:24] D2BS 42912: move retry 1
[10/12/20 08:37:33] D2BS 42912: ÿc7Picked up ÿc1Minor Healing Potion ÿc0(ilvl 1) (EarlyGame.nip #24)
[10/12/20 08:37:40] D2BS 42912: Failed to make portal
[10/12/20 08:37:40] D2BS 42912: 17
[10/12/20 08:37:40] D2BS 42912: Failed to make portal
[10/12/20 08:37:50] D2BS 42912: Failed to make portal
[10/12/20 08:38:19] D2BS 42912: move retry 1
[10/12/20 08:38:26] D2BS 42912: AutoBuild: Stat points: 5      Skill points: 1
[10/12/20 08:38:26] D2BS 42912: AutoBuild: Level up detected ( 3 --> 4 )
[10/12/20 08:38:26] D2BS 42912: AutoBuild: useStatPoint(0): Strength
[10/12/20 08:38:27] D2BS 42912: AutoBuild: Stat (1/5) Increased Strength from 32 to 33
[10/12/20 08:38:27] D2BS 42912: AutoBuild: useStatPoint(3): Vitality
[10/12/20 08:38:27] D2BS 42912: AutoBuild: Stat (2/5) Increased Vitality from 33 to 34
[10/12/20 08:38:27] D2BS 42912: AutoBuild: useStatPoint(3): Vitality
[10/12/20 08:38:27] D2BS 42912: AutoBuild: Stat (3/5) Increased Vitality from 34 to 35
[10/12/20 08:38:27] D2BS 42912: AutoBuild: useStatPoint(3): Vitality
[10/12/20 08:38:27] D2BS 42912: AutoBuild: Stat (4/5) Increased Vitality from 35 to 36
[10/12/20 08:38:27] D2BS 42912: AutoBuild: useStatPoint(3): Vitality
[10/12/20 08:38:27] D2BS 42912: AutoBuild: Stat (5/5) Increased Vitality from 36 to 37
[10/12/20 08:38:27] D2BS 42912: AutoBuild: Updating Config from level 3 to 4
[10/12/20 08:38:27] D2BS 42912: Updating Config from level 3 to 4
[10/12/20 08:38:27] D2BS 42912: Updating Config from level 3 to 4
[10/12/20 08:38:27] D2BS 42912: Updating Config from level 3 to 4
[10/12/20 08:38:27] D2BS 42912: Updating Config from level 3 to 4
[10/12/20 08:38:27] D2BS 42912: AutoBuild: Incrementing cached character level to 4
[10/12/20 08:39:03] D2BS 42912: ÿc7Picked up ÿc44 Gold
[10/12/20 08:39:49] D2BS 42912: ÿc7Picked up ÿc9Scimitar ÿc0(ilvl 10) (Singer.xpac.nip #2)
[10/12/20 08:39:49] D2BS 42912: ÿc7Picked up ÿc3Hard Leather Armor ÿc0(ilvl 10) (Singer.xpac.nip #51)
[10/12/20 08:39:49] D2BS 42912: ÿc7Picked up ÿc4210 Gold
[10/12/20 08:40:13] D2BS 42912: move retry 1
[10/12/20 08:40:15] D2BS 42912: move retry 2
[10/12/20 08:40:29] D2BS 42912: ÿc7Picked up ÿc44 Gold
[10/12/20 08:40:29] D2BS 42912: ÿc7Picked up ÿc44 Gold
[10/12/20 08:40:48] D2BS 42912: ÿc7Picked up ÿc43 Gold
[10/12/20 08:42:25] D2BS 42912: 17,3
[10/12/20 08:43:24] D2BS 42912: initNPC: identify
[10/12/20 08:43:43] D2BS 42912: initNPC: fillTome
[10/12/20 08:43:46] D2BS 42912: ÿc4MiniShopBotÿc0: Scanning 46 items.
[10/12/20 08:43:46] D2BS 42912: Sturdy Hard Leather Armor 
[10/12/20 08:43:48] D2BS 42912: 1,2,8
[10/12/20 08:44:29] D2BS 42912: move retry 1
[10/12/20 08:44:31] D2BS 42912: ÿc7Picked up ÿc0Low Quality Hand Axe ÿc0(ilvl 1)
[10/12/20 08:44:39] D2BS 42912: ÿc7Picked up ÿc44 Gold
[10/12/20 08:45:13] D2BS 42912: ÿc7Picked up ÿc44 Gold
[10/12/20 08:45:21] D2BS 42912: move retry 1
[10/12/20 08:45:22] D2BS 42912: move retry 2
[10/12/20 08:45:24] D2BS 42912: move retry 3
[10/12/20 08:45:27] D2BS 42912: move retry 1
[10/12/20 08:45:30] D2BS 42912: move retry 2
[10/12/20 08:45:31] D2BS 42912: move retry 3
[10/12/20 08:45:34] D2BS 42912: move retry 1
[10/12/20 08:45:59] D2BS 42912: ÿc7Picked up ÿc43 Gold
[10/12/20 08:46:12] D2BS 42912: ÿc7Picked up ÿc41 Gold
[10/12/20 08:46:16] D2BS 42912: ÿc7Picked up ÿc0Scroll of Town Portal ÿc7(9/20)
[10/12/20 08:46:29] D2BS 42912: ÿc7Picked up ÿc1Minor Healing Potion ÿc0(ilvl 1) (EarlyGame.nip #24)
[10/12/20 08:46:31] D2BS 42912: move retry 1
[10/12/20 08:47:06] D2BS 42912: AutoBuild: Stat points: 5      Skill points: 2
[10/12/20 08:47:06] D2BS 42912: AutoBuild: Level up detected ( 4 --> 5 )
[10/12/20 08:47:06] D2BS 42912: AutoBuild: useStatPoint(0): Strength
[10/12/20 08:47:06] D2BS 42912: AutoBuild: Stat (1/5) Increased Strength from 33 to 34
[10/12/20 08:47:06] D2BS 42912: AutoBuild: useStatPoint(3): Vitality
[10/12/20 08:47:06] D2BS 42912: AutoBuild: Stat (2/5) Increased Vitality from 37 to 38
[10/12/20 08:47:06] D2BS 42912: AutoBuild: useStatPoint(3): Vitality
[10/12/20 08:47:06] D2BS 42912: AutoBuild: Stat (3/5) Increased Vitality from 38 to 39
[10/12/20 08:47:06] D2BS 42912: AutoBuild: useStatPoint(3): Vitality
[10/12/20 08:47:06] D2BS 42912: AutoBuild: Stat (4/5) Increased Vitality from 39 to 40
[10/12/20 08:47:06] D2BS 42912: AutoBuild: useStatPoint(3): Vitality
[10/12/20 08:47:06] D2BS 42912: AutoBuild: Stat (5/5) Increased Vitality from 40 to 41
[10/12/20 08:47:06] D2BS 42912: Updating Config from level 4 to 5
[10/12/20 08:47:06] D2BS 42912: AutoBuild: Updating Config from level 4 to 5
[10/12/20 08:47:06] D2BS 42912: Updating Config from level 4 to 5
[10/12/20 08:47:06] D2BS 42912: Updating Config from level 4 to 5
[10/12/20 08:47:06] D2BS 42912: Updating Config from level 4 to 5
[10/12/20 08:47:06] D2BS 42912: AutoBuild: Incrementing cached character level to 5
[10/12/20 08:47:18] D2BS 42912: ÿc7Picked up ÿc41 Gold
[10/12/20 08:47:27] D2BS 42912: move retry 1
[10/12/20 08:47:31] D2BS 42912: move retry 2
[10/12/20 08:47:35] D2BS 42912: move retry 3
[10/12/20 08:47:36] D2BS 42912: move retry 1
[10/12/20 08:47:38] D2BS 42912: move retry 2
[10/12/20 08:47:40] D2BS 42912: move retry 3
[10/12/20 08:48:17] D2BS 42912: move retry 1
[10/12/20 08:48:19] D2BS 42912: ÿc7Picked up ÿc44 Gold
[10/12/20 08:48:20] D2BS 42912: ÿc7Picked up ÿc1Minor Healing Potion ÿc0(ilvl 1) (EarlyGame.nip #24)
[10/12/20 08:48:24] D2BS 42912: ÿc7Picked up ÿc44 Gold
[10/12/20 08:48:27] D2BS 42912: ÿc7Picked up ÿc47 Gold
[10/12/20 08:48:36] D2BS 42912: move retry 1
[10/12/20 08:48:43] D2BS 42912: ÿc7Picked up ÿc1Minor Healing Potion ÿc0(ilvl 1) (EarlyGame.nip #24)
[10/12/20 08:48:48] D2BS 42912: move retry 1
[10/12/20 08:49:00] D2BS 42912: ÿc7Picked up ÿc42 Gold
[10/12/20 08:49:01] D2BS 42912: ÿc7Picked up ÿc0Scroll of Town Portal ÿc7(10/20)
[10/12/20 08:49:21] D2BS 42912: ÿc7Picked up ÿc0Damaged Leather Gloves ÿc0(ilvl 4) (Singer.xpac.nip #76)
[10/12/20 08:49:23] D2BS 42912: ÿc7Picked up ÿc42 Gold
[10/12/20 08:49:25] D2BS 42912: initNPC: heal
[10/12/20 08:49:31] D2BS 42912: initNPC: identify
[10/12/20 08:49:32] D2BS 42912: ÿc4MiniShopBotÿc0: Scanning 47 items.
[10/12/20 08:49:32] D2BS 42912: LowGold sell Low Quality Hand Axe
[10/12/20 08:49:32] D2BS 42912: initNPC: clearInventory
[10/12/20 08:49:32] D2BS 42912: initNPC: repair
[10/12/20 08:50:21] D2BS 42912: ÿc7Picked up ÿc0Low Quality Sash ÿc0(ilvl 1) (Singer.xpac.nip #85)
[10/12/20 08:50:21] D2BS 42912: initNPC: repair
[10/12/20 08:50:37] D2BS 42912: 3,4
[10/12/20 08:50:46] D2BS 42912: ÿc7Picked up ÿc0Damaged Throwing Knife ÿc0(ilvl 2)
[10/12/20 08:50:47] D2BS 42912: ÿc7Picked up ÿc410 Gold
[10/12/20 08:50:50] D2BS 42912: ÿc7Picked up ÿc0Short Sword ÿc0(ilvl 2)
[10/12/20 08:51:27] D2BS 42912: ÿc7Picked up ÿc45 Gold
[10/12/20 08:51:27] D2BS 42912: ÿc7Picked up ÿc0Cracked Hand Axe ÿc0(ilvl 1)
[10/12/20 08:51:32] D2BS 42912: ÿc7Picked up ÿc413 Gold
[10/12/20 08:51:32] D2BS 42912: ÿc7Picked up ÿc43 Gold
[10/12/20 08:51:32] D2BS 42912: ÿc7Picked up ÿc412 Gold
[10/12/20 08:51:37] D2BS 42912: initNPC: heal
[10/12/20 08:51:49] D2BS 42912: initNPC: identify
[10/12/20 08:51:50] D2BS 42912: ÿc4MiniShopBotÿc0: Scanning 50 items.
[10/12/20 08:51:50] D2BS 42912: LowGold sell Short Sword
[10/12/20 08:51:50] D2BS 42912: initNPC: clearInventory
[10/12/20 08:51:51] D2BS 42912: LowGold sell Cracked Hand Axe
[10/12/20 08:51:51] D2BS 42912: initNPC: clearInventory
[10/12/20 08:51:53] D2BS 42912: LowGold sell Damaged Throwing Knife
[10/12/20 08:51:53] D2BS 42912: initNPC: clearInventory
[10/12/20 08:51:55] D2BS 42912: initNPC: repair
[10/12/20 08:52:17] D2BS 42912: move retry 1
[10/12/20 08:52:21] D2BS 42912: ÿc7Picked up ÿc0Boots ÿc0(ilvl 1) (Singer.xpac.nip #65)
[10/12/20 08:52:22] D2BS 42912: ÿc7Picked up ÿc1Light Healing Potion ÿc0(ilvl 1) (EarlyGame.nip #26)
[10/12/20 08:52:52] D2BS 42912: ÿc7Picked up ÿc1Minor Healing Potion ÿc0(ilvl 1) (EarlyGame.nip #24)
[10/12/20 08:53:04] D2BS 42912: ÿc7Picked up ÿc416 Gold
[10/12/20 08:53:06] D2BS 42912: ÿc7Picked up ÿc414 Gold
[10/12/20 08:53:19] D2BS 42912: ÿc7Picked up ÿc47 Gold
[10/12/20 08:53:36] D2BS 42912: AutoBuild: Stat points: 5      Skill points: 4
[10/12/20 08:53:36] D2BS 42912: AutoBuild: Level up detected ( 5 --> 6 )
[10/12/20 08:53:36] D2BS 42912: AutoBuild: useSkillPoint(): Leap (132)
[10/12/20 08:53:36] D2BS 42912: AutoBuild: Skill (1/1) Increased Leap (132) by one (level:  1)
[10/12/20 08:53:37] D2BS 42912: AutoBuild: useStatPoint(0): Strength
[10/12/20 08:53:37] D2BS 42912: AutoBuild: Stat (1/5) Increased Strength from 34 to 35
[10/12/20 08:53:37] D2BS 42912: AutoBuild: useStatPoint(3): Vitality
[10/12/20 08:53:37] D2BS 42912: AutoBuild: Stat (2/5) Increased Vitality from 41 to 42
[10/12/20 08:53:37] D2BS 42912: AutoBuild: useStatPoint(3): Vitality
[10/12/20 08:53:37] D2BS 42912: AutoBuild: Stat (3/5) Increased Vitality from 42 to 43
[10/12/20 08:53:37] D2BS 42912: AutoBuild: useStatPoint(3): Vitality
[10/12/20 08:53:37] D2BS 42912: AutoBuild: Stat (4/5) Increased Vitality from 43 to 44
[10/12/20 08:53:37] D2BS 42912: AutoBuild: useStatPoint(3): Vitality
[10/12/20 08:53:37] D2BS 42912: AutoBuild: Stat (5/5) Increased Vitality from 44 to 45
[10/12/20 08:53:37] D2BS 42912: AutoBuild: Updating Config from level 5 to 6
[10/12/20 08:53:37] D2BS 42912: Updating Config from level 5 to 6
[10/12/20 08:53:37] D2BS 42912: Updating Config from level 5 to 6
[10/12/20 08:53:37] D2BS 42912: Updating Config from level 5 to 6
[10/12/20 08:53:37] D2BS 42912: Updating Config from level 5 to 6
[10/12/20 08:53:37] D2BS 42912: AutoBuild: Incrementing cached character level to 6
[10/12/20 08:54:02] D2BS 42912: ÿc7Picked up ÿc0Scroll of Town Portal ÿc7(2/20)
[10/12/20 08:54:07] D2BS 42912: ÿc7Picked up ÿc47 Gold
[10/12/20 08:54:17] D2BS 42912: initNPC: fillTome
[10/12/20 08:54:23] D2BS 42912: 4
[10/12/20 08:54:26] D2BS 42912: Full Clear
[10/12/20 08:54:31] D2BS 42912: move retry 1
[10/12/20 08:55:17] D2BS 42912: ÿc7Picked up ÿc0Throwing Knife ÿc0(ilvl 4)
[10/12/20 08:55:26] D2BS 42912: ÿc7Picked up ÿc1Minor Healing Potion ÿc0(ilvl 1) (EarlyGame.nip #24)
[10/12/20 08:55:27] D2BS 42912: move retry 1
[10/12/20 08:55:58] D2BS 42912: ÿc1Skipping Foul Crow Nest 464 16
[10/12/20 08:56:03] D2BS 42912: ÿc7Picked up ÿc3Small Charm ÿc0(ilvl 4) (LateGame.nip #11)
[10/12/20 08:56:24] D2BS 42912: move retry 1
[10/12/20 08:56:36] D2BS 42912: ÿc7Picked up ÿc48 Gold
[10/12/20 08:56:36] D2BS 42912: ÿc7Picked up ÿc426 Gold
[10/12/20 08:56:48] D2BS 42912: ÿc7Picked up ÿc0Eagle Orb ÿc0(ilvl 1)
[10/12/20 08:56:49] D2BS 42912: ÿc7Picked up ÿc420 Gold
[10/12/20 08:56:57] D2BS 42912: ÿc7Picked up ÿc0Superior Short Sword ÿc0(ilvl 4)
[10/12/20 08:57:03] D2BS 42912: ÿc7Picked up ÿc44 Gold
[10/12/20 08:57:17] D2BS 42912: ÿc7Picked up ÿc418 Gold
[10/12/20 08:57:19] D2BS 42912: ÿc7Picked up ÿc1Minor Healing Potion ÿc0(ilvl 1) (EarlyGame.nip #24)
[10/12/20 08:57:30] D2BS 42912: ÿc7Picked up ÿc0Crude Spiked Club ÿc0(ilvl 5)
[10/12/20 08:57:35] D2BS 42912: move retry 1
[10/12/20 08:57:44] D2BS 42912: ÿc7Picked up ÿc0Cracked Scepter ÿc0(ilvl 4)
[10/12/20 08:58:20] D2BS 42912: ÿc1Pausing.
[10/12/20 08:58:21] D2BS 42912: initNPC: heal
[10/12/20 08:58:27] D2BS 42912: initNPC: identify
[10/12/20 08:58:30] D2BS 42912: ÿc4MiniShopBotÿc0: Scanning 50 items.
[10/12/20 08:58:30] D2BS 42912: initNPC: fillTome
[10/12/20 08:58:32] D2BS 42912: LowGold sell Eagle Orb
[10/12/20 08:58:32] D2BS 42912: initNPC: clearInventory
[10/12/20 08:58:32] D2BS 42912: LowGold sell Cracked Scepter
[10/12/20 08:58:32] D2BS 42912: initNPC: clearInventory
[10/12/20 08:58:34] D2BS 42912: LowGold sell Crude Spiked Club
[10/12/20 08:58:34] D2BS 42912: initNPC: clearInventory
[10/12/20 08:58:36] D2BS 42912: LowGold sell Superior Short Sword
[10/12/20 08:58:36] D2BS 42912: initNPC: clearInventory
[10/12/20 08:58:38] D2BS 42912: LowGold sell Throwing Knife
[10/12/20 08:58:38] D2BS 42912: initNPC: clearInventory
[10/12/20 08:58:40] D2BS 42912: initNPC: buyKeys
[10/12/20 08:58:53] D2BS 42912: ÿc2Resuming.
[10/12/20 08:58:55] D2BS 42912: ÿc7Picked up ÿc1Minor Healing Potion ÿc0(ilvl 1) (EarlyGame.nip #24)
[10/12/20 08:58:55] D2BS 42912: ÿc7Picked up ÿc1Minor Healing Potion ÿc0(ilvl 1) (EarlyGame.nip #24)
[10/12/20 08:58:56] D2BS 42912: ÿc7Picked up ÿc0Throwing Knife ÿc0(ilvl 4)
[10/12/20 08:59:11] D2BS 42912: ÿc7Picked up ÿc418 Gold
[10/12/20 08:59:16] D2BS 42912: ÿc7Picked up ÿc3Amulet ÿc0(ilvl 4) (LateGame.nip #29)
[10/12/20 09:00:09] D2BS 42912: ÿc1Skipping Moon Clan 548 16
[10/12/20 09:00:18] D2BS 42912: initNPC: heal
[10/12/20 09:00:23] D2BS 42912: initNPC: identify
[10/12/20 09:00:26] D2BS 42912: ÿc4MiniShopBotÿc0: Scanning 50 items.
[10/12/20 09:00:27] D2BS 42912: initNPC: buyPotions
[10/12/20 09:00:27] D2BS 42912: LowGold sell Throwing Knife
[10/12/20 09:00:27] D2BS 42912: initNPC: clearInventory
[10/12/20 09:00:27] D2BS 42912: initNPC: repair
[10/12/20 09:01:20] D2BS 42912: move retry 1
[10/12/20 09:01:47] D2BS 42912: AutoBuild: Stat points: 5      Skill points: 4
[10/12/20 09:01:47] D2BS 42912: AutoBuild: Level up detected ( 6 --> 7 )
[10/12/20 09:01:47] D2BS 42912: AutoBuild: useSkillPoint(): Shout (138)
[10/12/20 09:01:47] D2BS 42912: AutoBuild: Skill (1/1) Increased Shout (138) by one (level:  1)
[10/12/20 09:01:47] D2BS 42912: AutoBuild: useStatPoint(0): Strength
[10/12/20 09:01:47] D2BS 42912: AutoBuild: Stat (1/5) Increased Strength from 35 to 36
[10/12/20 09:01:47] D2BS 42912: AutoBuild: useStatPoint(3): Vitality
[10/12/20 09:01:48] D2BS 42912: AutoBuild: Stat (2/5) Increased Vitality from 45 to 46
[10/12/20 09:01:48] D2BS 42912: AutoBuild: useStatPoint(3): Vitality
[10/12/20 09:01:48] D2BS 42912: AutoBuild: Stat (3/5) Increased Vitality from 46 to 47
[10/12/20 09:01:48] D2BS 42912: AutoBuild: useStatPoint(3): Vitality
[10/12/20 09:01:48] D2BS 42912: AutoBuild: Stat (4/5) Increased Vitality from 47 to 48
[10/12/20 09:01:48] D2BS 42912: AutoBuild: useStatPoint(3): Vitality
[10/12/20 09:01:48] D2BS 42912: AutoBuild: Stat (5/5) Increased Vitality from 48 to 49
[10/12/20 09:01:48] D2BS 42912: AutoBuild: Updating Config from level 6 to 7
[10/12/20 09:01:48] D2BS 42912: Updating Config from level 6 to 7
[10/12/20 09:01:48] D2BS 42912: Updating Config from level 6 to 7
[10/12/20 09:01:48] D2BS 42912: Updating Config from level 6 to 7
[10/12/20 09:01:48] D2BS 42912: Updating Config from level 6 to 7
[10/12/20 09:01:48] D2BS 42912: AutoBuild: Incrementing cached character level to 7
[10/12/20 09:01:51] D2BS 42912: ÿc7Picked up ÿc0Superior Throwing Knife ÿc0(ilvl 4)
[10/12/20 09:02:05] D2BS 42912: ÿc7Picked up ÿc45 Gold
[10/12/20 09:02:05] D2BS 42912: ÿc7Picked up ÿc410 Gold
[10/12/20 09:03:00] D2BS 42912: move retry 1
[10/12/20 09:04:48] D2BS 42912: ÿc7Picked up ÿc0Cracked Short Staff ÿc0(ilvl 4)
[10/12/20 09:04:48] D2BS 42912: ÿc7Picked up ÿc417 Gold
[10/12/20 09:05:48] D2BS 42912: ÿc7Picked up ÿc47 Gold
[10/12/20 09:05:48] D2BS 42912: ÿc7Picked up ÿc415 Gold
[10/12/20 09:06:24] D2BS 42912: move retry 1
[10/12/20 09:06:34] D2BS 42912: ÿc7Picked up ÿc0Crude Skull Cap ÿc0(ilvl 5)
[10/12/20 09:06:35] D2BS 42912: initNPC: heal
[10/12/20 09:06:41] D2BS 42912: initNPC: identify
[10/12/20 09:06:42] D2BS 42912: ÿc4MiniShopBotÿc0: Scanning 48 items.
[10/12/20 09:06:43] D2BS 42912: LowGold sell Cracked Short Staff
[10/12/20 09:06:43] D2BS 42912: initNPC: clearInventory
[10/12/20 09:06:43] D2BS 42912: LowGold sell Superior Throwing Knife
[10/12/20 09:06:43] D2BS 42912: initNPC: clearInventory
[10/12/20 09:06:45] D2BS 42912: initNPC: repair
[10/12/20 09:06:46] D2BS 42912: move retry 1
[10/12/20 09:07:58] D2BS 42912: 4,10,5
[10/12/20 09:08:00] D2BS 42912: move retry 1
[10/12/20 09:08:46] D2BS 42912: move retry 1
[10/12/20 09:09:54] D2BS 42912: ÿc7Picked up ÿc0Superior Spear ÿc0(ilvl 5)
[10/12/20 09:09:55] D2BS 42912: ÿc7Picked up ÿc0Targe ÿc0(ilvl 5)
[10/12/20 09:09:55] D2BS 42912: ÿc7Picked up ÿc0Damaged Wolf Head ÿc0(ilvl 5)
[10/12/20 09:10:12] D2BS 42912: ÿc7Picked up ÿc414 Gold
[10/12/20 09:11:12] D2BS 42912: ÿc7Picked up ÿc0Large Axe ÿc0(ilvl 5)
[10/12/20 09:11:17] D2BS 42912: ÿc7Picked up ÿc0Scroll of Town Portal ÿc7(15/20)
[10/12/20 09:11:17] D2BS 42912: ÿc7Picked up ÿc0Low Quality Spiked Club ÿc0(ilvl 5)
[10/12/20 09:11:17] D2BS 42912: ÿc7Picked up ÿc0Scroll of Town Portal ÿc7(16/20)
[10/12/20 09:11:22] D2BS 42912: initNPC: heal
[10/12/20 09:11:26] D2BS 42912: initNPC: identify
[10/12/20 09:11:29] D2BS 42912: ÿc4MiniShopBotÿc0: Scanning 52 items.
[10/12/20 09:11:30] D2BS 42912: initNPC: buyPotions
[10/12/20 09:11:30] D2BS 42912: LowGold sell Superior Spear
[10/12/20 09:11:30] D2BS 42912: initNPC: clearInventory
[10/12/20 09:11:30] D2BS 42912: LowGold sell Targe
[10/12/20 09:11:30] D2BS 42912: initNPC: clearInventory
[10/12/20 09:11:32] D2BS 42912: LowGold sell Low Quality Spiked Club
[10/12/20 09:11:32] D2BS 42912: initNPC: clearInventory
[10/12/20 09:11:34] D2BS 42912: LowGold sell Large Axe
[10/12/20 09:11:34] D2BS 42912: initNPC: clearInventory
[10/12/20 09:11:37] D2BS 42912: LowGold sell Damaged Wolf Head
[10/12/20 09:11:37] D2BS 42912: initNPC: clearInventory
[10/12/20 09:11:45] D2BS 42912: 5
[10/12/20 09:11:59] D2BS 42912: ÿc7Picked up ÿc3Ring ÿc0(ilvl 5) (Singer.xpac.nip #99)
[10/12/20 09:12:02] D2BS 42912: ÿc7Picked up ÿc419 Gold
[10/12/20 09:12:04] D2BS 42912: ÿc7Picked up ÿc0Cap ÿc0(ilvl 5) (MidGame.nip #18)
[10/12/20 09:12:14] D2BS 42912: ÿc7Picked up ÿc0ÿc4Scroll of Inifuss ÿc0(ilvl 1)
[10/12/20 09:12:31] D2BS 42912: 4
[10/12/20 09:13:05] D2BS 42912: 38
[10/12/20 09:13:31] D2BS 42912: AutoBuild: Stat points: 5      Skill points: 4
[10/12/20 09:13:31] D2BS 42912: AutoBuild: Level up detected ( 7 --> 8 )
[10/12/20 09:13:31] D2BS 42912: AutoBuild: useSkillPoint(): Taunt (137)
[10/12/20 09:13:32] D2BS 42912: AutoBuild: Skill (1/1) Increased Taunt (137) by one (level:  1)
[10/12/20 09:13:32] D2BS 42912: AutoBuild: useStatPoint(0): Strength
[10/12/20 09:13:32] D2BS 42912: AutoBuild: Stat (1/5) Increased Strength from 36 to 37
[10/12/20 09:13:32] D2BS 42912: AutoBuild: useStatPoint(3): Vitality
[10/12/20 09:13:32] D2BS 42912: AutoBuild: Stat (2/5) Increased Vitality from 49 to 50
[10/12/20 09:13:32] D2BS 42912: AutoBuild: useStatPoint(3): Vitality
[10/12/20 09:13:32] D2BS 42912: AutoBuild: Stat (3/5) Increased Vitality from 50 to 51
[10/12/20 09:13:32] D2BS 42912: AutoBuild: useStatPoint(3): Vitality
[10/12/20 09:13:32] D2BS 42912: AutoBuild: Stat (4/5) Increased Vitality from 51 to 52
[10/12/20 09:13:32] D2BS 42912: AutoBuild: useStatPoint(3): Vitality
[10/12/20 09:13:32] D2BS 42912: AutoBuild: Stat (5/5) Increased Vitality from 52 to 53
[10/12/20 09:13:32] D2BS 42912: AutoBuild: Updating Config from level 7 to 8
[10/12/20 09:13:32] D2BS 42912: Updating Config from level 7 to 8
[10/12/20 09:13:32] D2BS 42912: Updating Config from level 7 to 8
[10/12/20 09:13:32] D2BS 42912: Updating Config from level 7 to 8
[10/12/20 09:13:32] D2BS 42912: Updating Config from level 7 to 8
[10/12/20 09:13:32] D2BS 42912: AutoBuild: Incrementing cached character level to 8
[10/12/20 09:13:34] D2BS 42912: ÿc7Picked up ÿc0Low Quality Scimitar ÿc0(ilvl 6)
[10/12/20 09:13:48] D2BS 42912: ÿc7Picked up ÿc0Javelin ÿc0(ilvl 6)
[10/12/20 09:13:49] D2BS 42912: ÿc7Picked up ÿc425 Gold
[10/12/20 09:13:49] D2BS 42912: ÿc7Picked up ÿc425 Gold
[10/12/20 09:13:49] D2BS 42912: ÿc7Picked up ÿc48 Gold
[10/12/20 09:13:49] D2BS 42912: ÿc7Picked up ÿc417 Gold
[10/12/20 09:13:50] D2BS 42912: ÿc7Picked up ÿc414 Gold
[10/12/20 09:13:50] D2BS 42912: ÿc7Picked up ÿc426 Gold
[10/12/20 09:13:50] D2BS 42912: ÿc7Picked up ÿc413 Gold
[10/12/20 09:13:50] D2BS 42912: ÿc7Picked up ÿc416 Gold
[10/12/20 09:13:51] D2BS 42912: move retry 1
[10/12/20 09:13:57] D2BS 42912: ÿc7Picked up ÿc0Light Crossbow ÿc0(ilvl 8)
[10/12/20 09:14:01] D2BS 42912: ÿc7Picked up ÿc422 Gold
[10/12/20 09:14:03] D2BS 42912: ÿc7Picked up ÿc435 Gold
[10/12/20 09:14:58] D2BS 42912: AutoBuild: Stat points: 5      Skill points: 4
[10/12/20 09:14:58] D2BS 42912: AutoBuild: Level up detected ( 8 --> 9 )
[10/12/20 09:14:58] D2BS 42912: AutoBuild: useSkillPoint(): Shout (138)
[10/12/20 09:14:58] D2BS 42912: AutoBuild: Skill (1/1) Increased Shout (138) by one (level:  2)
[10/12/20 09:14:58] D2BS 42912: AutoBuild: useStatPoint(0): Strength
[10/12/20 09:14:58] D2BS 42912: AutoBuild: Stat (1/5) Increased Strength from 37 to 38
[10/12/20 09:14:58] D2BS 42912: AutoBuild: useStatPoint(3): Vitality
[10/12/20 09:14:58] D2BS 42912: AutoBuild: Stat (2/5) Increased Vitality from 53 to 54
[10/12/20 09:14:58] D2BS 42912: AutoBuild: useStatPoint(3): Vitality
[10/12/20 09:14:58] D2BS 42912: AutoBuild: Stat (3/5) Increased Vitality from 54 to 55
[10/12/20 09:14:58] D2BS 42912: AutoBuild: useStatPoint(3): Vitality
[10/12/20 09:14:58] D2BS 42912: AutoBuild: Stat (4/5) Increased Vitality from 55 to 56
[10/12/20 09:14:58] D2BS 42912: AutoBuild: useStatPoint(3): Vitality
[10/12/20 09:14:59] D2BS 42912: AutoBuild: Stat (5/5) Increased Vitality from 56 to 57
[10/12/20 09:14:59] D2BS 42912: Updating Config from level 8 to 9
[10/12/20 09:14:59] D2BS 42912: Updating Config from level 8 to 9
[10/12/20 09:14:59] D2BS 42912: AutoBuild: Updating Config from level 8 to 9
[10/12/20 09:14:59] D2BS 42912: Updating Config from level 8 to 9
[10/12/20 09:14:59] D2BS 42912: Updating Config from level 8 to 9
[10/12/20 09:14:59] D2BS 42912: AutoBuild: Incrementing cached character level to 9
[10/12/20 09:16:01] D2BS 42912: ÿc7Picked up ÿc419 Gold
[10/12/20 09:16:13] D2BS 42912: ÿc7Picked up ÿc429 Gold
[10/12/20 09:17:02] D2BS 42912: ÿc7Picked up ÿc428 Gold
[10/12/20 09:17:14] D2BS 42912: initNPC: heal
[10/12/20 09:17:25] D2BS 42912: initNPC: identify
[10/12/20 09:17:28] D2BS 42912: initNPC: fillTome
[10/12/20 09:17:29] D2BS 42912: ÿc4MiniShopBotÿc0: Scanning 52 items.
[10/12/20 09:17:30] D2BS 42912: initNPC: buyPotions
[10/12/20 09:17:31] D2BS 42912: LowGold sell Low Quality Scimitar
[10/12/20 09:17:31] D2BS 42912: initNPC: clearInventory
[10/12/20 09:17:31] D2BS 42912: LowGold sell Javelin
[10/12/20 09:17:31] D2BS 42912: initNPC: clearInventory
[10/12/20 09:17:33] D2BS 42912: LowGold sell Light Crossbow
[10/12/20 09:17:33] D2BS 42912: initNPC: clearInventory
[10/12/20 09:17:35] D2BS 42912: LowGold sell  Ring of Dexterity
[10/12/20 09:17:35] D2BS 42912: initNPC: clearInventory
[10/12/20 09:17:43] D2BS 42912: Successfully placed Cap at X: 0 Y: 0
[10/12/20 09:17:55] D2BS 42912: 5
[10/12/20 09:18:00] D2BS 42912: Full Clear
[10/12/20 09:18:04] D2BS 42912: ÿc7Picked up ÿc0Crude Light Crossbow ÿc0(ilvl 5)
[10/12/20 09:18:04] D2BS 42912: ÿc7Picked up ÿc0Javelin ÿc0(ilvl 5)
[10/12/20 09:18:20] D2BS 42912: ÿc7Picked up ÿc46 Gold
[10/12/20 09:18:23] D2BS 42912: ÿc7Picked up ÿc429 Gold
[10/12/20 09:18:34] D2BS 42912: ÿc7Picked up ÿc49 Gold
[10/12/20 09:18:34] D2BS 42912: ÿc7Picked up ÿc424 Gold
[10/12/20 09:18:48] D2BS 42912: ÿc7Picked up ÿc45 Gold
[10/12/20 09:18:48] D2BS 42912: ÿc7Picked up ÿc416 Gold
[10/12/20 09:18:48] D2BS 42912: ÿc7Picked up ÿc421 Gold
[10/12/20 09:18:48] D2BS 42912: ÿc7Picked up ÿc422 Gold
[10/12/20 09:18:55] D2BS 42912: ÿc7Picked up ÿc47 Gold
[10/12/20 09:19:00] D2BS 42912: ÿc7Picked up ÿc413 Gold
[10/12/20 09:19:37] D2BS 42912: ÿc7Picked up ÿc415 Gold
[10/12/20 09:19:37] D2BS 42912: ÿc7Picked up ÿc410 Gold
[10/12/20 09:19:37] D2BS 42912: ÿc7Picked up ÿc3Jawbone Cap ÿc0(ilvl 5) (Singer.xpac.nip #32)
[10/12/20 09:19:37] D2BS 42912: ÿc7Picked up ÿc0Spiked Club ÿc0(ilvl 5)
[10/12/20 09:20:12] D2BS 42912: ÿc7Picked up ÿc0Superior Preserved Head ÿc0(ilvl 5)
[10/12/20 09:20:24] D2BS 42912: ÿc7Picked up ÿc46 Gold
[10/12/20 09:20:24] D2BS 42912: ÿc7Picked up ÿc419 Gold
[10/12/20 09:20:28] D2BS 42912: ÿc7Picked up ÿc428 Gold
[10/12/20 09:20:28] D2BS 42912: ÿc7Picked up ÿc424 Gold
[10/12/20 09:20:28] D2BS 42912: ÿc7Picked up ÿc0Light Crossbow ÿc0(ilvl 5)
[10/12/20 09:20:38] D2BS 42912: ÿc7Picked up ÿc3Light Mana Potion ÿc0(ilvl 1) (EarlyGame.nip #25)
[10/12/20 09:20:38] D2BS 42912: ÿc7Picked up ÿc414 Gold
[10/12/20 09:20:38] D2BS 42912: ÿc7Picked up ÿc0Crude Jawbone Cap ÿc0(ilvl 5)
[10/12/20 09:20:38] D2BS 42912: ÿc7Trying to make room for ÿc0Hand Axe
[10/12/20 09:20:38] D2BS 42912: initNPC: identify
[10/12/20 09:20:47] D2BS 42912: ÿc4MiniShopBotÿc0: Scanning 48 items.
[10/12/20 09:20:48] D2BS 42912: initNPC: buyPotions
[10/12/20 09:20:48] D2BS 42912: LowGold sell Superior Preserved Head
[10/12/20 09:20:48] D2BS 42912: initNPC: clearInventory
[10/12/20 09:20:48] D2BS 42912: LowGold sell Light Crossbow
[10/12/20 09:20:48] D2BS 42912: initNPC: clearInventory
[10/12/20 09:20:50] D2BS 42912: LowGold sell Spiked Club
[10/12/20 09:20:50] D2BS 42912: initNPC: clearInventory
[10/12/20 09:20:52] D2BS 42912: LowGold sell Javelin
[10/12/20 09:20:52] D2BS 42912: initNPC: clearInventory
[10/12/20 09:20:55] D2BS 42912: LowGold sell Crude Light Crossbow
[10/12/20 09:20:55] D2BS 42912: initNPC: clearInventory
[10/12/20 09:20:57] D2BS 42912: LowGold sell Crude Jawbone Cap
[10/12/20 09:20:57] D2BS 42912: initNPC: clearInventory
[10/12/20 09:20:59] D2BS 42912:  Jawbone Cap of the Jackal
[10/12/20 09:21:00] D2BS 42912: Successfully placed Crude Skull Cap at X: 2 Y: 0
[10/12/20 09:21:12] D2BS 42912: ÿc7Picked up ÿc0Hand Axe ÿc0(ilvl 5)
