[10/06/20 15:37:56] D2BS 1104: D2BS Engine startup complete. 1.6.4U
[10/06/20 15:37:56] D2BS 1104: ColdSorc
[10/06/20 15:37:56] D2BS 1104: ÿc2D2BSÿc0 :: Switched to profile ColdSorc
[10/06/20 15:37:56] D2BS 1104: ÿc2D2BSÿc0 :: Engine startup complete!
[10/06/20 15:37:56] D2BS 1104: ÿc2D2BSÿc0 :: Starting D2BotLanFollow.dbj
[10/06/20 15:37:56] D2BS 1104: ÿc2D2BSÿc0 :: D2BotLanFollow.dbj running.
[10/06/20 15:37:56] D2BS 1104: ÿc2D2BSÿc0 :: Started Console Script
[10/06/20 15:37:58] D2BS 1104: Heartbeat loaded
[10/06/20 15:38:16] D2BS 1104: ÿc2D2BSÿc0 :: Starting default.dbj
[10/06/20 15:38:16] D2BS 1104: ÿc2D2BSÿc0 :: default.dbj running.
[10/06/20 15:38:16] D2BS 1104: AutoBuild: Including build template config/builds/sorceress.cold.js into default.dbj
[10/06/20 15:38:16] D2BS 1104: Updating Config from level 0 to 1
[10/06/20 15:38:16] D2BS 1104: ÿc4Loaded NIP: ÿc2LateGame.nipÿc4. Lines: ÿc277ÿc4. Valid entries: ÿc250. ÿc4Time: ÿc20 ms
[10/06/20 15:38:16] D2BS 1104: ÿc4Loaded NIP: ÿc2MidGame.nipÿc4. Lines: ÿc257ÿc4. Valid entries: ÿc234. ÿc4Time: ÿc20 ms
[10/06/20 15:38:16] D2BS 1104: ÿc4Loaded NIP: ÿc2EarlyGame.nipÿc4. Lines: ÿc234ÿc4. Valid entries: ÿc216. ÿc4Time: ÿc20 ms
[10/06/20 15:38:16] D2BS 1104: ÿc4Loaded NIP: ÿc2ColdRunes.nipÿc4. Lines: ÿc223ÿc4. Valid entries: ÿc212. ÿc4Time: ÿc20 ms
[10/06/20 15:38:16] D2BS 1104: ÿc4Loaded NIP: ÿc2Cold.xpac.nipÿc4. Lines: ÿc2129ÿc4. Valid entries: ÿc2112. ÿc4Time: ÿc216 ms
[10/06/20 15:38:16] D2BS 1104: ÿc4Loaded NIP: ÿc2Merc.xpac.nipÿc4. Lines: ÿc267ÿc4. Valid entries: ÿc249. ÿc4Time: ÿc20 ms
[10/06/20 15:38:16] D2BS 1104: AutoBuild: Including build template config/builds/sorceress.cold.js into tools\autobuildthread.js
[10/06/20 15:38:16] D2BS 1104: Updating Config from level 0 to 1
[10/06/20 15:38:16] D2BS 1104: AutoBuild: Loaded helper thread
[10/06/20 15:38:16] D2BS 1104: AutoBuild: Including build template config/builds/sorceress.cold.js into tools\party.js
[10/06/20 15:38:16] D2BS 1104: Updating Config from level 0 to 1
[10/06/20 15:38:16] D2BS 1104: ÿc2Party thread loaded. Mode: Accept
[10/06/20 15:38:17] D2BS 1104: AutoBuild: Including build template config/builds/sorceress.cold.js into tools\townchicken.js
[10/06/20 15:38:17] D2BS 1104: Updating Config from level 0 to 1
[10/06/20 15:38:17] D2BS 1104: ÿc3Start ToolsThread script
[10/06/20 15:38:17] D2BS 1104: AutoBuild: Including build template config/builds/sorceress.cold.js into tools\toolsthread.js
[10/06/20 15:38:17] D2BS 1104: Updating Config from level 0 to 1
[10/06/20 15:38:17] D2BS 1104: ÿc2Starting script: ÿc9LevelFollower
[10/06/20 15:38:27] D2BS 1104: move retry 1
[10/06/20 15:38:28] D2BS 1104: move retry 1
[10/06/20 15:39:04] D2BS 1104: Failed talking to Kashya
[10/06/20 15:39:15] D2BS 1104: initNPC: BuyPotions
[10/06/20 15:39:20] D2BS 1104: move retry 1
[10/06/20 15:39:34] D2BS 1104: 1,2
[10/06/20 15:39:49] D2BS 1104: move retry 1
[10/06/20 15:40:01] D2BS 1104: ÿc7Picked up ÿc45 Gold
[10/06/20 15:40:17] D2BS 1104: 2,8
[10/06/20 15:40:34] D2BS 1104: AutoBuild: Stat points: 5      Skill points: 1
[10/06/20 15:40:34] D2BS 1104: AutoBuild: Level up detected ( 1 --> 2 )
[10/06/20 15:40:34] D2BS 1104: AutoBuild: useSkillPoint(): Warmth (37)
[10/06/20 15:40:34] D2BS 1104: AutoBuild: Skill (1/1) Increased Warmth (37) by one (level:  1)
[10/06/20 15:40:34] D2BS 1104: AutoBuild: useStatPoint(0): Strength
[10/06/20 15:40:34] D2BS 1104: AutoBuild: Stat (1/5) Increased Strength from 10 to 11
[10/06/20 15:40:34] D2BS 1104: AutoBuild: useStatPoint(1): Energy
[10/06/20 15:40:34] D2BS 1104: AutoBuild: Stat (2/5) Increased Energy from 35 to 36
[10/06/20 15:40:34] D2BS 1104: AutoBuild: useStatPoint(1): Energy
[10/06/20 15:40:34] D2BS 1104: AutoBuild: Stat (3/5) Increased Energy from 36 to 37
[10/06/20 15:40:34] D2BS 1104: AutoBuild: useStatPoint(3): Vitality
[10/06/20 15:40:34] D2BS 1104: AutoBuild: Stat (4/5) Increased Vitality from 10 to 11
[10/06/20 15:40:34] D2BS 1104: AutoBuild: useStatPoint(3): Vitality
[10/06/20 15:40:34] D2BS 1104: AutoBuild: Stat (5/5) Increased Vitality from 11 to 12
[10/06/20 15:40:34] D2BS 1104: Updating Config from level 1 to 2
[10/06/20 15:40:34] D2BS 1104: Updating Config from level 1 to 2
[10/06/20 15:40:34] D2BS 1104: AutoBuild: Updating Config from level 1 to 2
[10/06/20 15:40:34] D2BS 1104: Updating Config from level 1 to 2
[10/06/20 15:40:34] D2BS 1104: Updating Config from level 1 to 2
[10/06/20 15:40:34] D2BS 1104: AutoBuild: Incrementing cached character level to 2
[10/06/20 15:40:38] D2BS 1104: ÿc7Picked up ÿc411 Gold
[10/06/20 15:40:43] D2BS 1104: ÿc7Picked up ÿc41 Gold
[10/06/20 15:40:44] D2BS 1104: move retry 1
[10/06/20 15:41:25] D2BS 1104: ÿc7Picked up ÿc43 Gold
[10/06/20 15:41:26] D2BS 1104: ÿc7Picked up ÿc1Minor Healing Potion ÿc0(ilvl 1) (EarlyGame.nip #32)
[10/06/20 15:41:28] D2BS 1104: move retry 1
[10/06/20 15:41:37] D2BS 1104: move retry 1
[10/06/20 15:41:41] D2BS 1104: AutoBuild: Stat points: 5      Skill points: 1
[10/06/20 15:41:41] D2BS 1104: AutoBuild: Level up detected ( 2 --> 3 )
[10/06/20 15:41:41] D2BS 1104: AutoBuild: useSkillPoint(): Frozen Armor (40)
[10/06/20 15:41:41] D2BS 1104: AutoBuild: Skill (1/1) Increased Frozen Armor (40) by one (level:  1)
[10/06/20 15:41:42] D2BS 1104: AutoBuild: useStatPoint(0): Strength
[10/06/20 15:41:42] D2BS 1104: AutoBuild: Stat (1/5) Increased Strength from 11 to 12
[10/06/20 15:41:42] D2BS 1104: AutoBuild: useStatPoint(1): Energy
[10/06/20 15:41:42] D2BS 1104: AutoBuild: Stat (2/5) Increased Energy from 37 to 38
[10/06/20 15:41:42] D2BS 1104: AutoBuild: useStatPoint(1): Energy
[10/06/20 15:41:42] D2BS 1104: AutoBuild: Stat (3/5) Increased Energy from 38 to 39
[10/06/20 15:41:42] D2BS 1104: AutoBuild: useStatPoint(3): Vitality
[10/06/20 15:41:42] D2BS 1104: AutoBuild: Stat (4/5) Increased Vitality from 12 to 13
[10/06/20 15:41:42] D2BS 1104: AutoBuild: useStatPoint(3): Vitality
[10/06/20 15:41:42] D2BS 1104: AutoBuild: Stat (5/5) Increased Vitality from 13 to 14
[10/06/20 15:41:42] D2BS 1104: AutoBuild: Updating Config from level 2 to 3
[10/06/20 15:41:42] D2BS 1104: Updating Config from level 2 to 3
[10/06/20 15:41:42] D2BS 1104: Updating Config from level 2 to 3
[10/06/20 15:41:42] D2BS 1104: Updating Config from level 2 to 3
[10/06/20 15:41:42] D2BS 1104: Updating Config from level 2 to 3
[10/06/20 15:41:42] D2BS 1104: AutoBuild: Incrementing cached character level to 3
[10/06/20 15:41:45] D2BS 1104: move retry 1
[10/06/20 15:42:00] D2BS 1104: ÿc7Picked up ÿc43 Gold
[10/06/20 15:42:00] D2BS 1104: move retry 1
[10/06/20 15:42:11] D2BS 1104: move retry 1
[10/06/20 15:42:14] D2BS 1104: move retry 1
[10/06/20 15:42:20] D2BS 1104: move retry 1
[10/06/20 15:42:23] D2BS 1104: move retry 1
[10/06/20 15:42:31] D2BS 1104: move retry 1
[10/06/20 15:42:34] D2BS 1104: move retry 1
[10/06/20 15:42:44] D2BS 1104: ÿc7Picked up ÿc42 Gold
[10/06/20 15:42:45] D2BS 1104: move retry 1
[10/06/20 15:42:49] D2BS 1104: move retry 1
[10/06/20 15:42:50] D2BS 1104: move retry 1
[10/06/20 15:43:13] D2BS 1104: AutoBuild: Stat points: 5      Skill points: 1
[10/06/20 15:43:13] D2BS 1104: AutoBuild: Level up detected ( 3 --> 4 )
[10/06/20 15:43:13] D2BS 1104: AutoBuild: useSkillPoint(): Ice Bolt (39)
[10/06/20 15:43:13] D2BS 1104: AutoBuild: Skill (1/1) Increased Ice Bolt (39) by one (level:  1)
[10/06/20 15:43:13] D2BS 1104: AutoBuild: useStatPoint(0): Strength
[10/06/20 15:43:13] D2BS 1104: AutoBuild: Stat (1/5) Increased Strength from 12 to 13
[10/06/20 15:43:13] D2BS 1104: AutoBuild: useStatPoint(1): Energy
[10/06/20 15:43:14] D2BS 1104: AutoBuild: Stat (2/5) Increased Energy from 39 to 40
[10/06/20 15:43:14] D2BS 1104: AutoBuild: useStatPoint(1): Energy
[10/06/20 15:43:14] D2BS 1104: AutoBuild: Attempt to spend point 3 in Energy may have failed!
[10/06/20 15:43:14] D2BS 1104: AutoBuild: useStatPoint(3): Vitality
[10/06/20 15:43:14] D2BS 1104: AutoBuild: Stat (4/5) Increased Vitality from 14 to 15
[10/06/20 15:43:14] D2BS 1104: AutoBuild: useStatPoint(3): Vitality
[10/06/20 15:43:14] D2BS 1104: AutoBuild: Stat (5/5) Increased Vitality from 15 to 16
[10/06/20 15:43:14] D2BS 1104: Updating Config from level 3 to 4
[10/06/20 15:43:14] D2BS 1104: AutoBuild: Updating Config from level 3 to 4
[10/06/20 15:43:14] D2BS 1104: Updating Config from level 3 to 4
[10/06/20 15:43:14] D2BS 1104: Updating Config from level 3 to 4
[10/06/20 15:43:14] D2BS 1104: Updating Config from level 3 to 4
[10/06/20 15:43:14] D2BS 1104: AutoBuild: Incrementing cached character level to 4
[10/06/20 15:43:32] D2BS 1104: move retry 1
[10/06/20 15:43:38] D2BS 1104: move retry 1
[10/06/20 15:43:41] D2BS 1104: move retry 1
[10/06/20 15:48:01] D2BS 1104: Script default.dbj ended
[10/06/20 15:48:01] D2BS 1104: Script tools\autobuildthread.js ended
[10/06/20 15:48:01] D2BS 1104: Script tools\party.js ended
[10/06/20 15:48:01] D2BS 1104: Script tools\toolsthread.js ended
[10/06/20 15:48:01] D2BS 1104: Script tools\townchicken.js ended
[10/06/20 15:48:07] D2BS 1104: ÿc2D2BSÿc0 :: Starting default.dbj
[10/06/20 15:48:07] D2BS 1104: ÿc2D2BSÿc0 :: default.dbj running.
[10/06/20 15:48:07] D2BS 1104: AutoBuild: Including build template config/builds/sorceress.cold.js into default.dbj
[10/06/20 15:48:07] D2BS 1104: Updating Config from level 0 to 4
[10/06/20 15:48:07] D2BS 1104: ÿc4Loaded NIP: ÿc2LateGame.nipÿc4. Lines: ÿc277ÿc4. Valid entries: ÿc250. ÿc4Time: ÿc20 ms
[10/06/20 15:48:07] D2BS 1104: ÿc4Loaded NIP: ÿc2MidGame.nipÿc4. Lines: ÿc257ÿc4. Valid entries: ÿc234. ÿc4Time: ÿc216 ms
[10/06/20 15:48:07] D2BS 1104: ÿc4Loaded NIP: ÿc2EarlyGame.nipÿc4. Lines: ÿc234ÿc4. Valid entries: ÿc216. ÿc4Time: ÿc20 ms
[10/06/20 15:48:07] D2BS 1104: ÿc4Loaded NIP: ÿc2ColdRunes.nipÿc4. Lines: ÿc223ÿc4. Valid entries: ÿc212. ÿc4Time: ÿc20 ms
[10/06/20 15:48:07] D2BS 1104: ÿc4Loaded NIP: ÿc2Cold.xpac.nipÿc4. Lines: ÿc2129ÿc4. Valid entries: ÿc2112. ÿc4Time: ÿc20 ms
[10/06/20 15:48:07] D2BS 1104: ÿc4Loaded NIP: ÿc2Merc.xpac.nipÿc4. Lines: ÿc267ÿc4. Valid entries: ÿc249. ÿc4Time: ÿc216 ms
[10/06/20 15:48:07] D2BS 1104: AutoBuild: Including build template config/builds/sorceress.cold.js into tools\autobuildthread.js
[10/06/20 15:48:07] D2BS 1104: Updating Config from level 0 to 4
[10/06/20 15:48:08] D2BS 1104: AutoBuild: Loaded helper thread
[10/06/20 15:48:08] D2BS 1104: ÿc2Starting script: ÿc9LevelFollower
[10/06/20 15:48:08] D2BS 1104: AutoBuild: Including build template config/builds/sorceress.cold.js into tools\party.js
[10/06/20 15:48:08] D2BS 1104: Updating Config from level 0 to 4
[10/06/20 15:48:08] D2BS 1104: ÿc2Party thread loaded. Mode: Accept
[10/06/20 15:48:08] D2BS 1104: AutoBuild: Including build template config/builds/sorceress.cold.js into tools\townchicken.js
[10/06/20 15:48:08] D2BS 1104: Updating Config from level 0 to 4
[10/06/20 15:48:08] D2BS 1104: ÿc3Start ToolsThread script
[10/06/20 15:48:08] D2BS 1104: AutoBuild: Including build template config/builds/sorceress.cold.js into tools\toolsthread.js
[10/06/20 15:48:08] D2BS 1104: Updating Config from level 0 to 4
[10/06/20 15:48:09] D2BS 1104: move retry 1
[10/06/20 15:48:15] D2BS 1104: move retry 1
[10/06/20 15:48:33] D2BS 1104: initNPC: BuyPotions
[10/06/20 15:48:57] D2BS 1104: 1,2
[10/06/20 15:49:35] D2BS 1104: 2,8
[10/06/20 15:49:56] D2BS 1104: move retry 1
[10/06/20 15:50:02] D2BS 1104: ÿc7Picked up ÿc44 Gold
[10/06/20 15:50:02] D2BS 1104: ÿc7Picked up ÿc45 Gold
[10/06/20 15:50:03] D2BS 1104: move retry 1
[10/06/20 15:50:07] D2BS 1104: ÿc7Picked up ÿc410 Gold
[10/06/20 15:50:18] D2BS 1104: move retry 1
[10/06/20 15:50:26] D2BS 1104: ÿc7Picked up ÿc3Light Mana Potion ÿc0(ilvl 1) (EarlyGame.nip #33)
[10/06/20 15:50:42] D2BS 1104: move retry 1
[10/06/20 15:50:45] D2BS 1104: move retry 1
[10/06/20 15:50:48] D2BS 1104: move retry 1
[10/06/20 15:50:53] D2BS 1104: move retry 1
[10/06/20 15:51:16] D2BS 1104: move retry 1
[10/06/20 15:51:17] D2BS 1104: move retry 1
[10/06/20 15:51:36] D2BS 1104: ÿc7Picked up ÿc41 Gold
[10/06/20 15:51:43] D2BS 1104: move retry 1
[10/06/20 15:51:54] D2BS 1104: ÿc7Picked up ÿc41 Gold
[10/06/20 15:51:57] D2BS 1104: move retry 1
[10/06/20 15:52:01] D2BS 1104: ÿc7Picked up ÿc0Superior Leather Gloves ÿc0(ilvl 1) (Cold.xpac.nip #79)
[10/06/20 15:52:01] D2BS 1104: move retry 1
[10/06/20 15:52:05] D2BS 1104: move retry 1
[10/06/20 15:52:09] D2BS 1104: ÿc7Picked up ÿc0Cap ÿc0(ilvl 1) (Merc.xpac.nip #14)
[10/06/20 15:52:12] D2BS 1104: ÿc7Picked up ÿc42 Gold
[10/06/20 15:52:15] D2BS 1104: move retry 1
[10/06/20 15:52:24] D2BS 1104: move retry 1
[10/06/20 15:52:27] D2BS 1104: ÿc7Picked up ÿc0Sash ÿc0(ilvl 2) (Cold.xpac.nip #88)
[10/06/20 15:52:41] D2BS 1104: AutoBuild: Stat points: 5      Skill points: 2
[10/06/20 15:52:41] D2BS 1104: AutoBuild: Level up detected ( 4 --> 5 )
[10/06/20 15:52:41] D2BS 1104: AutoBuild: useSkillPoint(): Charged Bolt (38)
[10/06/20 15:52:41] D2BS 1104: AutoBuild: Skill (1/1) Increased Charged Bolt (38) by one (level:  1)
[10/06/20 15:52:42] D2BS 1104: AutoBuild: useStatPoint(0): Strength
[10/06/20 15:52:42] D2BS 1104: AutoBuild: Stat (1/5) Increased Strength from 13 to 14
[10/06/20 15:52:42] D2BS 1104: AutoBuild: useStatPoint(1): Energy
[10/06/20 15:52:42] D2BS 1104: AutoBuild: Attempt to spend point 2 in Energy may have failed!
[10/06/20 15:52:42] D2BS 1104: AutoBuild: useStatPoint(1): Energy
[10/06/20 15:52:42] D2BS 1104: AutoBuild: Attempt to spend point 3 in Energy may have failed!
[10/06/20 15:52:42] D2BS 1104: AutoBuild: useStatPoint(3): Vitality
[10/06/20 15:52:42] D2BS 1104: AutoBuild: Stat (4/5) Increased Vitality from 16 to 17
[10/06/20 15:52:42] D2BS 1104: AutoBuild: useStatPoint(3): Vitality
[10/06/20 15:52:42] D2BS 1104: AutoBuild: Stat (5/5) Increased Vitality from 17 to 18
[10/06/20 15:52:42] D2BS 1104: AutoBuild: Updating Config from level 4 to 5
[10/06/20 15:52:42] D2BS 1104: Updating Config from level 4 to 5
[10/06/20 15:52:42] D2BS 1104: Updating Config from level 4 to 5
[10/06/20 15:52:42] D2BS 1104: Updating Config from level 4 to 5
[10/06/20 15:52:42] D2BS 1104: Updating Config from level 4 to 5
[10/06/20 15:52:42] D2BS 1104: AutoBuild: Incrementing cached character level to 5
[10/06/20 15:52:44] D2BS 1104: ÿc7Picked up ÿc412 Gold
[10/06/20 15:52:54] D2BS 1104: move retry 1
[10/06/20 15:53:52] D2BS 1104: 8,2
[10/06/20 15:54:19] D2BS 1104: 2,3
[10/06/20 15:54:22] D2BS 1104: move retry 1
[10/06/20 15:55:19] D2BS 1104: ÿc7Picked up ÿc42 Gold
[10/06/20 15:55:46] D2BS 1104: 3
[10/06/20 15:56:34] D2BS 1104: ÿc7Picked up ÿc41 Gold
[10/06/20 15:56:45] D2BS 1104: ÿc1Error in ÿc0LevelFollower ÿc1(pather.js line ÿc11045): ÿc1makePortal: No TP tomes.
[10/06/20 15:56:45] D2BS 1104: ÿc8Run duration ÿc2517.688
[10/06/20 15:56:45] D2BS 1104: Script tools\autobuildthread.js ended
[10/06/20 15:56:45] D2BS 1104: Script tools\party.js ended
[10/06/20 15:56:45] D2BS 1104: Script tools\townchicken.js ended
[10/06/20 15:56:51] D2BS 1104: ÿc2D2BSÿc0 :: Starting default.dbj
[10/06/20 15:56:51] D2BS 1104: ÿc2D2BSÿc0 :: default.dbj running.
[10/06/20 15:56:51] D2BS 1104: AutoBuild: Including build template config/builds/sorceress.cold.js into default.dbj
[10/06/20 15:56:51] D2BS 1104: Updating Config from level 0 to 5
[10/06/20 15:56:51] D2BS 1104: ÿc4Loaded NIP: ÿc2LateGame.nipÿc4. Lines: ÿc277ÿc4. Valid entries: ÿc250. ÿc4Time: ÿc20 ms
[10/06/20 15:56:51] D2BS 1104: ÿc4Loaded NIP: ÿc2MidGame.nipÿc4. Lines: ÿc257ÿc4. Valid entries: ÿc234. ÿc4Time: ÿc20 ms
[10/06/20 15:56:51] D2BS 1104: ÿc4Loaded NIP: ÿc2EarlyGame.nipÿc4. Lines: ÿc234ÿc4. Valid entries: ÿc216. ÿc4Time: ÿc20 ms
[10/06/20 15:56:51] D2BS 1104: ÿc4Loaded NIP: ÿc2ColdRunes.nipÿc4. Lines: ÿc223ÿc4. Valid entries: ÿc212. ÿc4Time: ÿc20 ms
[10/06/20 15:56:51] D2BS 1104: ÿc4Loaded NIP: ÿc2Cold.xpac.nipÿc4. Lines: ÿc2129ÿc4. Valid entries: ÿc2112. ÿc4Time: ÿc20 ms
[10/06/20 15:56:51] D2BS 1104: ÿc4Loaded NIP: ÿc2Merc.xpac.nipÿc4. Lines: ÿc267ÿc4. Valid entries: ÿc249. ÿc4Time: ÿc216 ms
[10/06/20 15:56:51] D2BS 1104: AutoBuild: Including build template config/builds/sorceress.cold.js into tools\autobuildthread.js
[10/06/20 15:56:51] D2BS 1104: Updating Config from level 0 to 5
[10/06/20 15:56:51] D2BS 1104: AutoBuild: Loaded helper thread
[10/06/20 15:56:51] D2BS 1104: ÿc2Starting script: ÿc9LevelFollower
[10/06/20 15:56:51] D2BS 1104: AutoBuild: Including build template config/builds/sorceress.cold.js into tools\party.js
[10/06/20 15:56:51] D2BS 1104: Updating Config from level 0 to 5
[10/06/20 15:56:51] D2BS 1104: ÿc2Party thread loaded. Mode: Accept
[10/06/20 15:56:51] D2BS 1104: AutoBuild: Including build template config/builds/sorceress.cold.js into tools\townchicken.js
[10/06/20 15:56:51] D2BS 1104: ÿc3Start ToolsThread script
[10/06/20 15:56:51] D2BS 1104: Updating Config from level 0 to 5
[10/06/20 15:56:51] D2BS 1104: AutoBuild: Including build template config/builds/sorceress.cold.js into tools\toolsthread.js
[10/06/20 15:56:51] D2BS 1104: Updating Config from level 0 to 5
[10/06/20 15:57:09] D2BS 1104: initNPC: heal
[10/06/20 15:57:16] D2BS 1104: initNPC: BuyPotions
[10/06/20 15:57:48] D2BS 1104: ÿc7Picked up ÿc44 Gold
[10/06/20 15:58:07] D2BS 1104: move retry 1
[10/06/20 15:58:21] D2BS 1104: ÿc7Picked up ÿc410 Gold
[10/06/20 15:58:52] D2BS 1104: ÿc7Picked up ÿc43 Gold
[10/06/20 15:58:53] D2BS 1104: move retry 1
[10/06/20 15:58:59] D2BS 1104: ÿc7Picked up ÿc410 Gold
[10/06/20 15:59:40] D2BS 1104: ÿc7Picked up ÿc45 Gold
[10/06/20 15:59:41] D2BS 1104: ÿc7Picked up ÿc0Cracked Quilted Armor ÿc0(ilvl 1) (Cold.xpac.nip #52)
[10/06/20 15:59:47] D2BS 1104: AutoBuild: Stat points: 5      Skill points: 2
[10/06/20 15:59:47] D2BS 1104: AutoBuild: Level up detected ( 5 --> 6 )
[10/06/20 15:59:47] D2BS 1104: AutoBuild: useSkillPoint(): Static Field (42)
[10/06/20 15:59:47] D2BS 1104: AutoBuild: Skill (1/1) Increased Static Field (42) by one (level:  1)
[10/06/20 15:59:47] D2BS 1104: AutoBuild: useStatPoint(0): Strength
[10/06/20 15:59:47] D2BS 1104: AutoBuild: Stat (1/5) Increased Strength from 14 to 15
[10/06/20 15:59:47] D2BS 1104: AutoBuild: useStatPoint(1): Energy
[10/06/20 15:59:47] D2BS 1104: AutoBuild: Attempt to spend point 2 in Energy may have failed!
[10/06/20 15:59:47] D2BS 1104: AutoBuild: useStatPoint(1): Energy
[10/06/20 15:59:47] D2BS 1104: AutoBuild: Attempt to spend point 3 in Energy may have failed!
[10/06/20 15:59:47] D2BS 1104: AutoBuild: useStatPoint(3): Vitality
[10/06/20 15:59:48] D2BS 1104: AutoBuild: Stat (4/5) Increased Vitality from 18 to 19
[10/06/20 15:59:48] D2BS 1104: AutoBuild: useStatPoint(3): Vitality
[10/06/20 15:59:48] D2BS 1104: AutoBuild: Stat (5/5) Increased Vitality from 19 to 20
[10/06/20 15:59:48] D2BS 1104: AutoBuild: Updating Config from level 5 to 6
[10/06/20 15:59:48] D2BS 1104: Updating Config from level 5 to 6
[10/06/20 15:59:48] D2BS 1104: Updating Config from level 5 to 6
[10/06/20 15:59:48] D2BS 1104: Updating Config from level 5 to 6
[10/06/20 15:59:48] D2BS 1104: Updating Config from level 5 to 6
[10/06/20 15:59:48] D2BS 1104: AutoBuild: Incrementing cached character level to 6
[10/06/20 15:59:50] D2BS 1104: ÿc1Error in ÿc0LevelFollower ÿc1(pather.js line ÿc11045): ÿc1makePortal: No TP tomes.
[10/06/20 15:59:50] D2BS 1104: ÿc8Run duration ÿc2179.454
[10/06/20 15:59:50] D2BS 1104: Script tools\autobuildthread.js ended
[10/06/20 15:59:50] D2BS 1104: Script tools\party.js ended
[10/06/20 15:59:50] D2BS 1104: Script tools\townchicken.js ended
[10/06/20 15:59:56] D2BS 1104: ÿc2D2BSÿc0 :: Starting default.dbj
[10/06/20 15:59:56] D2BS 1104: ÿc2D2BSÿc0 :: default.dbj running.
[10/06/20 15:59:57] D2BS 1104: AutoBuild: Including build template config/builds/sorceress.cold.js into default.dbj
[10/06/20 15:59:57] D2BS 1104: Updating Config from level 0 to 6
[10/06/20 15:59:57] D2BS 1104: ÿc4Loaded NIP: ÿc2LateGame.nipÿc4. Lines: ÿc277ÿc4. Valid entries: ÿc250. ÿc4Time: ÿc20 ms
[10/06/20 15:59:57] D2BS 1104: ÿc4Loaded NIP: ÿc2MidGame.nipÿc4. Lines: ÿc257ÿc4. Valid entries: ÿc234. ÿc4Time: ÿc20 ms
[10/06/20 15:59:57] D2BS 1104: ÿc4Loaded NIP: ÿc2EarlyGame.nipÿc4. Lines: ÿc234ÿc4. Valid entries: ÿc216. ÿc4Time: ÿc20 ms
[10/06/20 15:59:57] D2BS 1104: ÿc4Loaded NIP: ÿc2ColdRunes.nipÿc4. Lines: ÿc223ÿc4. Valid entries: ÿc212. ÿc4Time: ÿc20 ms
[10/06/20 15:59:57] D2BS 1104: ÿc4Loaded NIP: ÿc2Cold.xpac.nipÿc4. Lines: ÿc2129ÿc4. Valid entries: ÿc2112. ÿc4Time: ÿc216 ms
[10/06/20 15:59:57] D2BS 1104: ÿc4Loaded NIP: ÿc2Merc.xpac.nipÿc4. Lines: ÿc267ÿc4. Valid entries: ÿc249. ÿc4Time: ÿc20 ms
[10/06/20 15:59:57] D2BS 1104: AutoBuild: Including build template config/builds/sorceress.cold.js into tools\autobuildthread.js
[10/06/20 15:59:57] D2BS 1104: Updating Config from level 0 to 6
[10/06/20 15:59:57] D2BS 1104: AutoBuild: Loaded helper thread
[10/06/20 15:59:57] D2BS 1104: ÿc2Starting script: ÿc9LevelFollower
[10/06/20 15:59:57] D2BS 1104: AutoBuild: Including build template config/builds/sorceress.cold.js into tools\party.js
[10/06/20 15:59:57] D2BS 1104: Updating Config from level 0 to 6
[10/06/20 15:59:57] D2BS 1104: ÿc2Party thread loaded. Mode: Accept
[10/06/20 15:59:57] D2BS 1104: ÿc3Start ToolsThread script
[10/06/20 15:59:57] D2BS 1104: AutoBuild: Including build template config/builds/sorceress.cold.js into tools\townchicken.js
[10/06/20 15:59:57] D2BS 1104: AutoBuild: Including build template config/builds/sorceress.cold.js into tools\toolsthread.js
[10/06/20 15:59:57] D2BS 1104: Updating Config from level 0 to 6
[10/06/20 15:59:57] D2BS 1104: Updating Config from level 0 to 6
[10/06/20 16:00:21] D2BS 1104: initNPC: BuyPotions
[10/06/20 16:01:08] D2BS 1104: move retry 1
[10/06/20 16:01:19] D2BS 1104: move retry 2
[10/06/20 16:01:55] D2BS 1104: ÿc7Picked up ÿc42 Gold
[10/06/20 16:01:57] D2BS 1104: ÿc7Picked up ÿc1Minor Healing Potion ÿc0(ilvl 1) (EarlyGame.nip #32)
[10/06/20 16:02:00] D2BS 1104: ÿc7Picked up ÿc0Boots ÿc0(ilvl 1) (Cold.xpac.nip #68)
[10/06/20 16:02:06] D2BS 1104: ÿc7Picked up ÿc1Minor Healing Potion ÿc0(ilvl 1) (EarlyGame.nip #32)
[10/06/20 16:02:06] D2BS 1104: ÿc7Picked up ÿc3Light Mana Potion ÿc0(ilvl 1) (EarlyGame.nip #33)
[10/06/20 16:03:01] D2BS 1104: ÿc7Picked up ÿc0Low Quality Cap ÿc0(ilvl 1) (Cold.xpac.nip #35)
[10/06/20 16:03:04] D2BS 1104: move retry 1
[10/06/20 16:03:05] D2BS 1104: ÿc7Picked up ÿc44 Gold
[10/06/20 16:03:55] D2BS 1104: ÿc7Picked up ÿc44 Gold
[10/06/20 16:03:56] D2BS 1104: move retry 1
[10/06/20 16:04:08] D2BS 1104: ÿc7Picked up ÿc419 Gold
[10/06/20 16:04:11] D2BS 1104: move retry 1
[10/06/20 16:04:12] D2BS 1104: ÿc7Picked up ÿc3Minor Mana Potion ÿc0(ilvl 1) (EarlyGame.nip #31)
[10/06/20 16:04:25] D2BS 1104: move retry 1
[10/06/20 16:04:27] D2BS 1104: ÿc7Picked up ÿc3Minor Mana Potion ÿc0(ilvl 1) (EarlyGame.nip #31)
[10/06/20 16:04:32] D2BS 1104: ÿc7Picked up ÿc45 Gold
[10/06/20 16:04:32] D2BS 1104: ÿc7Picked up ÿc3Minor Mana Potion ÿc0(ilvl 1) (EarlyGame.nip #31)
[10/06/20 16:04:33] D2BS 1104: ÿc7Picked up ÿc44 Gold
[10/06/20 16:04:33] D2BS 1104: ÿc7Picked up ÿc41 Gold
[10/06/20 16:04:45] D2BS 1104: ÿc7Picked up ÿc0Eagle Orb ÿc0(ilvl 1)
[10/06/20 16:04:52] D2BS 1104: ÿc7Picked up ÿc41 Gold
[10/06/20 16:04:53] D2BS 1104: ÿc7Picked up ÿc1Minor Healing Potion ÿc0(ilvl 1) (EarlyGame.nip #32)
[10/06/20 16:05:05] D2BS 1104: ÿc7Picked up ÿc1Light Healing Potion ÿc0(ilvl 1) (EarlyGame.nip #34)
[10/06/20 16:05:06] D2BS 1104: ÿc7Picked up ÿc3Leather Armor ÿc0(ilvl 5) (Cold.xpac.nip #53)
[10/06/20 16:05:06] D2BS 1104: ÿc7Picked up ÿc3Minor Mana Potion ÿc0(ilvl 1) (EarlyGame.nip #31)
[10/06/20 16:05:06] D2BS 1104: ÿc7Picked up ÿc9Quilted Armor ÿc0(ilvl 5) (Cold.xpac.nip #54)
[10/06/20 16:05:21] D2BS 1104: ÿc7Picked up ÿc42 Gold
[10/06/20 16:05:52] D2BS 1104: ÿc7Picked up ÿc43 Gold
[10/06/20 16:05:57] D2BS 1104: ÿc7Picked up ÿc44 Gold
[10/06/20 16:06:04] D2BS 1104: ÿc7Picked up ÿc42 Gold
[10/06/20 16:06:18] D2BS 1104: ÿc7Picked up ÿc3Minor Mana Potion ÿc0(ilvl 1) (EarlyGame.nip #31)
[10/06/20 16:06:53] D2BS 1104: move retry 1
[10/06/20 16:07:09] D2BS 1104: ÿc7Picked up ÿc46 Gold
[10/06/20 16:07:14] D2BS 1104: ÿc7Picked up ÿc0Throwing Knife ÿc0(ilvl 1)
[10/06/20 16:07:21] D2BS 1104: move retry 1
[10/06/20 16:07:29] D2BS 1104: move retry 1
[10/06/20 16:07:41] D2BS 1104: move retry 1
[10/06/20 16:07:48] D2BS 1104: move retry 1
[10/06/20 16:09:07] D2BS 1104: move retry 1
[10/06/20 16:09:08] D2BS 1104: move retry 1
[10/06/20 16:09:10] D2BS 1104: move retry 1
[10/06/20 16:09:26] D2BS 1104: move retry 1
