[10/09/20 21:57:43] D2BS 26004: D2BS Engine startup complete. 1.6.4U
[10/09/20 21:57:43] D2BS 26004: Summoner
[10/09/20 21:57:43] D2BS 26004: ÿc2D2BSÿc0 :: Switched to profile Summoner
[10/09/20 21:57:43] D2BS 26004: ÿc2D2BSÿc0 :: Engine startup complete!
[10/09/20 21:57:43] D2BS 26004: ÿc2D2BSÿc0 :: Starting D2BotLanFollow.dbj
[10/09/20 21:57:43] D2BS 26004: ÿc2D2BSÿc0 :: D2BotLanFollow.dbj running.
[10/09/20 21:57:43] D2BS 26004: ÿc2D2BSÿc0 :: Started Console Script
[10/09/20 21:57:46] D2BS 26004: Heartbeat loaded
[10/09/20 21:58:01] D2BS 26004: Stack Walk Thread: 45936
[10/09/20 21:58:01] D2BS 26004: 7780321C (ntdll): (filename not available): ZwWaitForWorkViaWorkerFactory
[10/09/20 21:58:01] D2BS 26004: 7721F989 (KERNEL32): (filename not available): BaseThreadInitThunk
[10/09/20 21:58:01] D2BS 26004: 777F74B4 (ntdll): (filename not available): RtlGetAppContainerNamedObjectPath
[10/09/20 21:58:01] D2BS 26004: 777F7484 (ntdll): (filename not available): RtlGetAppContainerNamedObjectPath
[10/09/20 21:58:01] D2BS 26004: Stack Walk Thread: 42364
[10/09/20 21:58:01] D2BS 26004: 7780321C (ntdll): (filename not available): ZwWaitForWorkViaWorkerFactory
[10/09/20 21:58:01] D2BS 26004: 7721F989 (KERNEL32): (filename not available): BaseThreadInitThunk
[10/09/20 21:58:01] D2BS 26004: 777F74B4 (ntdll): (filename not available): RtlGetAppContainerNamedObjectPath
[10/09/20 21:58:01] D2BS 26004: 777F7484 (ntdll): (filename not available): RtlGetAppContainerNamedObjectPath
[10/09/20 21:58:01] D2BS 26004: Stack Walk Thread: 14772
[10/09/20 21:58:01] D2BS 26004: 7780321C (ntdll): (filename not available): ZwWaitForWorkViaWorkerFactory
[10/09/20 21:58:01] D2BS 26004: 7721F989 (KERNEL32): (filename not available): BaseThreadInitThunk
[10/09/20 21:58:01] D2BS 26004: 777F74B4 (ntdll): (filename not available): RtlGetAppContainerNamedObjectPath
[10/09/20 21:58:01] D2BS 26004: 777F7484 (ntdll): (filename not available): RtlGetAppContainerNamedObjectPath
[10/09/20 21:58:01] D2BS 26004: Stack Walk Thread: 44132
[10/09/20 21:58:01] D2BS 26004: 7780182C (ntdll): (filename not available): NtDelayExecution
[10/09/20 21:58:01] D2BS 26004: 77012DDF (KERNELBASE): (filename not available): Sleep
[10/09/20 21:58:01] D2BS 26004: 03173C94 (D2BS): (filename not available): QueryInterface
[10/09/20 21:58:01] D2BS 26004: 7721F989 (KERNEL32): (filename not available): BaseThreadInitThunk
[10/09/20 21:58:01] D2BS 26004: 777F74B4 (ntdll): (filename not available): RtlGetAppContainerNamedObjectPath
[10/09/20 21:58:01] D2BS 26004: 777F7484 (ntdll): (filename not available): RtlGetAppContainerNamedObjectPath
[10/09/20 21:58:01] D2BS 26004: Stack Walk Thread: 46304
[10/09/20 21:58:01] D2BS 26004: 7780150C (ntdll): (filename not available): NtWaitForSingleObject
[10/09/20 21:58:01] D2BS 26004: 76FFF5F2 (KERNELBASE): (filename not available): WaitForSingleObject
[10/09/20 21:58:01] D2BS 26004: 004027E5 (Game): (filename not available): (function-name not available)
[10/09/20 21:58:01] D2BS 26004: 7721F989 (KERNEL32): (filename not available): BaseThreadInitThunk
[10/09/20 21:58:01] D2BS 26004: 777F74B4 (ntdll): (filename not available): RtlGetAppContainerNamedObjectPath
[10/09/20 21:58:01] D2BS 26004: 777F7484 (ntdll): (filename not available): RtlGetAppContainerNamedObjectPath
[10/09/20 21:58:01] D2BS 26004: Stack Walk Thread: 47528
[10/09/20 21:58:01] D2BS 26004: 7780182C (ntdll): (filename not available): NtDelayExecution
[10/09/20 21:58:01] D2BS 26004: 77012DDF (KERNELBASE): (filename not available): Sleep
[10/09/20 21:58:01] D2BS 26004: 004102FC (Game): (filename not available): (function-name not available)
[10/09/20 21:58:01] D2BS 26004: 7721F989 (KERNEL32): (filename not available): BaseThreadInitThunk
[10/09/20 21:58:01] D2BS 26004: 777F74B4 (ntdll): (filename not available): RtlGetAppContainerNamedObjectPath
[10/09/20 21:58:01] D2BS 26004: 777F7484 (ntdll): (filename not available): RtlGetAppContainerNamedObjectPath
[10/09/20 21:58:01] D2BS 26004: Stack Walk Thread: 46076
[10/09/20 21:58:01] D2BS 26004: 7780150C (ntdll): (filename not available): NtWaitForSingleObject
[10/09/20 21:58:01] D2BS 26004: 76FFF5F2 (KERNELBASE): (filename not available): WaitForSingleObject
[10/09/20 21:58:01] D2BS 26004: 0041A845 (Game): (filename not available): (function-name not available)
[10/09/20 21:58:01] D2BS 26004: 7721F989 (KERNEL32): (filename not available): BaseThreadInitThunk
[10/09/20 21:58:01] D2BS 26004: 777F74B4 (ntdll): (filename not available): RtlGetAppContainerNamedObjectPath
[10/09/20 21:58:01] D2BS 26004: 777F7484 (ntdll): (filename not available): RtlGetAppContainerNamedObjectPath
[10/09/20 21:58:01] D2BS 26004: Stack Walk Thread: 41680
[10/09/20 21:58:01] D2BS 26004: 7780321C (ntdll): (filename not available): ZwWaitForWorkViaWorkerFactory
[10/09/20 21:58:01] D2BS 26004: 7721F989 (KERNEL32): (filename not available): BaseThreadInitThunk
[10/09/20 21:58:01] D2BS 26004: 777F74B4 (ntdll): (filename not available): RtlGetAppContainerNamedObjectPath
[10/09/20 21:58:01] D2BS 26004: 777F7484 (ntdll): (filename not available): RtlGetAppContainerNamedObjectPath
[10/09/20 21:58:01] D2BS 26004: Stack Walk Thread: 20556
[10/09/20 21:58:01] D2BS 26004: 77801A9C (ntdll): (filename not available): ZwWaitForMultipleObjects
[10/09/20 21:58:01] D2BS 26004: 76486676 (CRYPT32): (filename not available): CertDuplicateCRLContext
[10/09/20 21:58:01] D2BS 26004: 7721F989 (KERNEL32): (filename not available): BaseThreadInitThunk
[10/09/20 21:58:01] D2BS 26004: 777F74B4 (ntdll): (filename not available): RtlGetAppContainerNamedObjectPath
[10/09/20 21:58:01] D2BS 26004: 777F7484 (ntdll): (filename not available): RtlGetAppContainerNamedObjectPath
[10/09/20 21:58:01] D2BS 26004: Stack Walk Thread: 27628
[10/09/20 21:58:01] D2BS 26004: 7780321C (ntdll): (filename not available): ZwWaitForWorkViaWorkerFactory
[10/09/20 21:58:01] D2BS 26004: 7721F989 (KERNEL32): (filename not available): BaseThreadInitThunk
[10/09/20 21:58:01] D2BS 26004: 777F74B4 (ntdll): (filename not available): RtlGetAppContainerNamedObjectPath
[10/09/20 21:58:01] D2BS 26004: 777F7484 (ntdll): (filename not available): RtlGetAppContainerNamedObjectPath
[10/09/20 21:58:01] D2BS 26004: Stack Walk Thread: 10296
[10/09/20 21:58:01] D2BS 26004: 7780321C (ntdll): (filename not available): ZwWaitForWorkViaWorkerFactory
[10/09/20 21:58:01] D2BS 26004: 7721F989 (KERNEL32): (filename not available): BaseThreadInitThunk
[10/09/20 21:58:01] D2BS 26004: 777F74B4 (ntdll): (filename not available): RtlGetAppContainerNamedObjectPath
[10/09/20 21:58:01] D2BS 26004: 777F7484 (ntdll): (filename not available): RtlGetAppContainerNamedObjectPath
[10/09/20 21:58:01] D2BS 26004: Stack Walk Thread: 47348
[10/09/20 21:58:01] D2BS 26004: 7780150C (ntdll): (filename not available): NtWaitForSingleObject
[10/09/20 21:58:01] D2BS 26004: 031F7236 (D2BS): (filename not available): JS::CompileOptions::setFileAndLine
[10/09/20 21:58:01] D2BS 26004: 032E2B1F (D2BS): (filename not available): JS_freeop
[10/09/20 21:58:01] D2BS 26004: 032E1A5E (D2BS): (filename not available): JS_freeop
[10/09/20 21:58:01] D2BS 26004: 0320E4A2 (D2BS): (filename not available): JS::CompileOptions::setFileAndLine
[10/09/20 21:58:01] D2BS 26004: 7721F989 (KERNEL32): (filename not available): BaseThreadInitThunk
[10/09/20 21:58:01] D2BS 26004: 777F74B4 (ntdll): (filename not available): RtlGetAppContainerNamedObjectPath
[10/09/20 21:58:01] D2BS 26004: 777F7484 (ntdll): (filename not available): RtlGetAppContainerNamedObjectPath
[10/09/20 21:58:01] D2BS 26004: Stack Walk Thread: 46136
[10/09/20 21:58:01] D2BS 26004: 7780182C (ntdll): (filename not available): NtDelayExecution
[10/09/20 21:58:01] D2BS 26004: 77012DDF (KERNELBASE): (filename not available): Sleep
[10/09/20 21:58:01] D2BS 26004: 0317E2FD (D2BS): (filename not available): JS::CompileOptions::setFileAndLine
[10/09/20 21:58:01] D2BS 26004: 032001B1 (D2BS): (filename not available): JS::CompileOptions::setFileAndLine
[10/09/20 21:58:01] D2BS 26004: 032E2B1F (D2BS): (filename not available): JS_freeop
[10/09/20 21:58:01] D2BS 26004: 032E1A5E (D2BS): (filename not available): JS_freeop
[10/09/20 21:58:01] D2BS 26004: 0320E4A2 (D2BS): (filename not available): JS::CompileOptions::setFileAndLine
[10/09/20 21:58:01] D2BS 26004: 7721F989 (KERNEL32): (filename not available): BaseThreadInitThunk
[10/09/20 21:58:01] D2BS 26004: 777F74B4 (ntdll): (filename not available): RtlGetAppContainerNamedObjectPath
[10/09/20 21:58:01] D2BS 26004: 777F7484 (ntdll): (filename not available): RtlGetAppContainerNamedObjectPath
[10/09/20 21:58:01] D2BS 26004: Stack Walk Thread: 42508
[10/09/20 21:58:01] D2BS 26004: 7780150C (ntdll): (filename not available): NtWaitForSingleObject
[10/09/20 21:58:01] D2BS 26004: 031F7236 (D2BS): (filename not available): JS::CompileOptions::setFileAndLine
[10/09/20 21:58:01] D2BS 26004: 032E2B1F (D2BS): (filename not available): JS_freeop
[10/09/20 21:58:01] D2BS 26004: 032E1A5E (D2BS): (filename not available): JS_freeop
[10/09/20 21:58:01] D2BS 26004: 0320E4A2 (D2BS): (filename not available): JS::CompileOptions::setFileAndLine
[10/09/20 21:58:01] D2BS 26004: 7721F989 (KERNEL32): (filename not available): BaseThreadInitThunk
[10/09/20 21:58:01] D2BS 26004: 777F74B4 (ntdll): (filename not available): RtlGetAppContainerNamedObjectPath
[10/09/20 21:58:01] D2BS 26004: 777F7484 (ntdll): (filename not available): RtlGetAppContainerNamedObjectPath
[10/09/20 21:58:01] D2BS 26004: Stack Walk Thread: 42960
[10/09/20 21:58:01] D2BS 26004: 0317B024 (D2BS): (filename not available): JSAutoStructuredCloneBuffer::JSAutoStructuredCloneBuffer
[10/09/20 21:58:01] D2BS 26004: 031737F8 (D2BS): (filename not available): QueryInterface
[10/09/20 21:58:02] D2BS 26004: 00408A05 (Game): (filename not available): (function-name not available)
[10/09/20 21:58:02] D2BS 26004: 00408A81 (Game): (filename not available): (function-name not available)
[10/09/20 21:58:02] D2BS 26004: 006123A3 (Game): (filename not available): BNGatewayAccess::UpdateGatewaysFromIni
[10/09/20 21:58:02] D2BS 26004: 00612C35 (Game): (filename not available): BNGatewayAccess::UpdateGatewaysFromIni
[10/09/20 21:58:02] D2BS 26004: 0061930D (Game): (filename not available): BNGatewayAccess::UpdateGatewaysFromIni
[10/09/20 21:58:02] D2BS 26004: 0044B93C (Game): (filename not available): BNGatewayAccess::CurGateway
[10/09/20 21:58:02] D2BS 26004: 0044B43C (Game): (filename not available): BNGatewayAccess::CurGateway
[10/09/20 21:58:02] D2BS 26004: 00405E6B (Game): (filename not available): (function-name not available)
[10/09/20 21:58:02] D2BS 26004: 004065C7 (Game): (filename not available): (function-name not available)
[10/09/20 21:58:02] D2BS 26004: 0040671F (Game): (filename not available): (function-name not available)
[10/09/20 21:58:02] D2BS 26004: 0068291C (Game): (filename not available): BNGatewayAccess::UpdateGatewaysFromIni
[10/09/20 21:58:02] D2BS 26004: 7721F989 (KERNEL32): (filename not available): BaseThreadInitThunk
[10/09/20 21:58:02] D2BS 26004: 777F74B4 (ntdll): (filename not available): RtlGetAppContainerNamedObjectPath
[10/09/20 21:58:02] D2BS 26004: 777F7484 (ntdll): (filename not available): RtlGetAppContainerNamedObjectPath
[10/09/20 21:58:02] D2BS 26004: Crash File: BlizzardError/2020-10-09 21.58.01/Crash.txt
[10/09/20 21:58:02] D2BS 26004: D2BS Shutdown complete.
[10/09/20 21:58:03] D2BS 46088: D2BS Engine startup complete. 1.6.4U
[10/09/20 21:58:03] D2BS 46088: ÿc2D2BSÿc0 :: Switched to profile Summoner
[10/09/20 21:58:03] D2BS 46088: ÿc2D2BSÿc0 :: Engine startup complete!
[10/09/20 21:58:03] D2BS 46088: ÿc2D2BSÿc0 :: Starting D2BotLanFollow.dbj
[10/09/20 21:58:03] D2BS 46088: Summoner
[10/09/20 21:58:03] D2BS 46088: ÿc2D2BSÿc0 :: D2BotLanFollow.dbj running.
[10/09/20 21:58:03] D2BS 46088: ÿc2D2BSÿc0 :: Started Console Script
[10/09/20 21:58:05] D2BS 46088: Heartbeat loaded
[10/09/20 21:58:23] D2BS 46088: ÿc2D2BSÿc0 :: Starting default.dbj
[10/09/20 21:58:23] D2BS 46088: ÿc2D2BSÿc0 :: default.dbj running.
[10/09/20 21:58:23] D2BS 46088: AutoBuild: Including build template config/builds/necromancer.summoner.js into default.dbj
[10/09/20 21:58:23] D2BS 46088: Updating Config from level 0 to 1
[10/09/20 21:58:23] D2BS 46088: ÿc4Loaded NIP: ÿc2LateGame.nipÿc4. Lines: ÿc280ÿc4. Valid entries: ÿc253. ÿc4Time: ÿc20 ms
[10/09/20 21:58:23] D2BS 46088: ÿc4Loaded NIP: ÿc2MidGame.nipÿc4. Lines: ÿc268ÿc4. Valid entries: ÿc241. ÿc4Time: ÿc20 ms
[10/09/20 21:58:23] D2BS 46088: ÿc4Loaded NIP: ÿc2EarlyGame.nipÿc4. Lines: ÿc229ÿc4. Valid entries: ÿc213. ÿc4Time: ÿc20 ms
[10/09/20 21:58:23] D2BS 46088: ÿc4Loaded NIP: ÿc2SummonerRunes.nipÿc4. Lines: ÿc214ÿc4. Valid entries: ÿc26. ÿc4Time: ÿc20 ms
[10/09/20 21:58:23] D2BS 46088: ÿc4Loaded NIP: ÿc2Summoner.xpac.nipÿc4. Lines: ÿc2118ÿc4. Valid entries: ÿc2101. ÿc4Time: ÿc20 ms
[10/09/20 21:58:23] D2BS 46088: ÿc4Loaded NIP: ÿc2Merc.xpac.nipÿc4. Lines: ÿc255ÿc4. Valid entries: ÿc239. ÿc4Time: ÿc20 ms
[10/09/20 21:58:23] D2BS 46088: AutoBuild: Including build template config/builds/necromancer.summoner.js into tools\autobuildthread.js
[10/09/20 21:58:23] D2BS 46088: Updating Config from level 0 to 1
[10/09/20 21:58:23] D2BS 46088: AutoBuild: Loaded helper thread
[10/09/20 21:58:23] D2BS 46088: ÿc2Starting script: ÿc9LevelFollower
[10/09/20 21:58:23] D2BS 46088: AutoBuild: Including build template config/builds/necromancer.summoner.js into tools\party.js
[10/09/20 21:58:23] D2BS 46088: Updating Config from level 0 to 1
[10/09/20 21:58:23] D2BS 46088: ÿc2Party thread loaded. Mode: Accept
[10/09/20 21:58:23] D2BS 46088: ÿc3Start ToolsThread script
[10/09/20 21:58:23] D2BS 46088: AutoBuild: Including build template config/builds/necromancer.summoner.js into tools\townchicken.js
[10/09/20 21:58:23] D2BS 46088: AutoBuild: Including build template config/builds/necromancer.summoner.js into tools\toolsthread.js
[10/09/20 21:58:23] D2BS 46088: Updating Config from level 0 to 1
[10/09/20 21:58:23] D2BS 46088: Updating Config from level 0 to 1
[10/09/20 21:58:40] D2BS 46088: initNPC: BuyPotions
[10/09/20 21:59:01] D2BS 46088: 1,2
[10/09/20 21:59:15] D2BS 46088: Found Leader
[10/09/20 21:59:15] D2BS 46088: Found Leader
[10/09/20 21:59:38] D2BS 46088: move retry 1
[10/09/20 21:59:46] D2BS 46088: AutoBuild: Stat points: 5      Skill points: 1
[10/09/20 21:59:46] D2BS 46088: AutoBuild: Level up detected ( 1 --> 2 )
[10/09/20 21:59:46] D2BS 46088: AutoBuild: useSkillPoint(): Raise Skeleton (70)
[10/09/20 21:59:46] D2BS 46088: ÿc7Picked up ÿc43 Gold
[10/09/20 21:59:46] D2BS 46088: AutoBuild: Skill (1/1) Increased Raise Skeleton (70) by one (level:  2)
[10/09/20 21:59:47] D2BS 46088: AutoBuild: useStatPoint(0): Strength
[10/09/20 21:59:47] D2BS 46088: AutoBuild: Attempt to spend point 1 in Strength may have failed!
[10/09/20 21:59:47] D2BS 46088: AutoBuild: useStatPoint(3): Vitality
[10/09/20 21:59:47] D2BS 46088: AutoBuild: Stat (2/5) Increased Vitality from 15 to 16
[10/09/20 21:59:47] D2BS 46088: AutoBuild: useStatPoint(3): Vitality
[10/09/20 21:59:47] D2BS 46088: AutoBuild: Stat (3/5) Increased Vitality from 16 to 17
[10/09/20 21:59:47] D2BS 46088: AutoBuild: useStatPoint(3): Vitality
[10/09/20 21:59:47] D2BS 46088: AutoBuild: Stat (4/5) Increased Vitality from 17 to 18
[10/09/20 21:59:47] D2BS 46088: AutoBuild: useStatPoint(3): Vitality
[10/09/20 21:59:47] D2BS 46088: AutoBuild: Stat (5/5) Increased Vitality from 18 to 19
[10/09/20 21:59:47] D2BS 46088: Updating Config from level 1 to 2
[10/09/20 21:59:47] D2BS 46088: AutoBuild: Updating Config from level 1 to 2
[10/09/20 21:59:47] D2BS 46088: Updating Config from level 1 to 2
[10/09/20 21:59:47] D2BS 46088: Updating Config from level 1 to 2
[10/09/20 21:59:47] D2BS 46088: Updating Config from level 1 to 2
[10/09/20 21:59:47] D2BS 46088: AutoBuild: Incrementing cached character level to 2
[10/09/20 21:59:54] D2BS 46088: move retry 1
[10/09/20 22:00:26] D2BS 46088: 2,3
[10/09/20 22:00:56] D2BS 46088: AutoBuild: Stat points: 5      Skill points: 1
[10/09/20 22:00:56] D2BS 46088: AutoBuild: Level up detected ( 2 --> 3 )
[10/09/20 22:00:56] D2BS 46088: AutoBuild: useSkillPoint(): Amplify Damage (66)
[10/09/20 22:00:56] D2BS 46088: AutoBuild: Skill (1/1) Increased Amplify Damage (66) by one (level:  1)
[10/09/20 22:00:56] D2BS 46088: AutoBuild: useStatPoint(0): Strength
[10/09/20 22:00:56] D2BS 46088: AutoBuild: Stat (1/5) Increased Strength from 16 to 17
[10/09/20 22:00:56] D2BS 46088: AutoBuild: useStatPoint(3): Vitality
[10/09/20 22:00:56] D2BS 46088: AutoBuild: Stat (2/5) Increased Vitality from 19 to 20
[10/09/20 22:00:56] D2BS 46088: AutoBuild: useStatPoint(3): Vitality
[10/09/20 22:00:57] D2BS 46088: AutoBuild: Stat (3/5) Increased Vitality from 20 to 21
[10/09/20 22:00:57] D2BS 46088: AutoBuild: useStatPoint(3): Vitality
[10/09/20 22:00:57] D2BS 46088: AutoBuild: Stat (4/5) Increased Vitality from 21 to 22
[10/09/20 22:00:57] D2BS 46088: AutoBuild: useStatPoint(3): Vitality
[10/09/20 22:00:57] D2BS 46088: AutoBuild: Stat (5/5) Increased Vitality from 22 to 23
[10/09/20 22:00:57] D2BS 46088: Updating Config from level 2 to 3
[10/09/20 22:00:57] D2BS 46088: Updating Config from level 2 to 3
[10/09/20 22:00:57] D2BS 46088: Updating Config from level 2 to 3
[10/09/20 22:00:57] D2BS 46088: AutoBuild: Updating Config from level 2 to 3
[10/09/20 22:00:57] D2BS 46088: Updating Config from level 2 to 3
[10/09/20 22:00:57] D2BS 46088: AutoBuild: Incrementing cached character level to 3
[10/09/20 22:01:09] D2BS 46088: move retry 1
[10/09/20 22:01:24] D2BS 46088: ÿc7Picked up ÿc42 Gold
[10/09/20 22:01:26] D2BS 46088: ÿc1Skipping Dark Hunter 107 16
[10/09/20 22:01:28] D2BS 46088: ÿc1Skipping Dark Hunter 108 16
[10/09/20 22:01:29] D2BS 46088: ÿc7Picked up ÿc45 Gold
[10/09/20 22:01:46] D2BS 46088: move retry 1
[10/09/20 22:02:02] D2BS 46088: move retry 1
[10/09/20 22:02:04] D2BS 46088: ÿc7Picked up ÿc41 Gold
[10/09/20 22:02:07] D2BS 46088: ÿc1Skipping Fallen 124 16
[10/09/20 22:02:08] D2BS 46088: ÿc7Picked up ÿc45 Gold
[10/09/20 22:02:11] D2BS 46088: ÿc1Skipping Dark Hunter 133 16
[10/09/20 22:02:18] D2BS 46088: AutoBuild: Stat points: 5      Skill points: 1
[10/09/20 22:02:18] D2BS 46088: AutoBuild: Level up detected ( 3 --> 4 )
[10/09/20 22:02:18] D2BS 46088: AutoBuild: useSkillPoint(): Bone Armor (68)
[10/09/20 22:02:19] D2BS 46088: AutoBuild: Skill (1/1) Increased Bone Armor (68) by one (level:  1)
[10/09/20 22:02:19] D2BS 46088: AutoBuild: useStatPoint(0): Strength
[10/09/20 22:02:19] D2BS 46088: AutoBuild: Stat (1/5) Increased Strength from 17 to 18
[10/09/20 22:02:19] D2BS 46088: AutoBuild: useStatPoint(3): Vitality
[10/09/20 22:02:19] D2BS 46088: AutoBuild: Stat (2/5) Increased Vitality from 23 to 24
[10/09/20 22:02:19] D2BS 46088: AutoBuild: useStatPoint(3): Vitality
[10/09/20 22:02:19] D2BS 46088: AutoBuild: Stat (3/5) Increased Vitality from 24 to 25
[10/09/20 22:02:19] D2BS 46088: AutoBuild: useStatPoint(3): Vitality
[10/09/20 22:02:19] D2BS 46088: AutoBuild: Stat (4/5) Increased Vitality from 25 to 26
[10/09/20 22:02:19] D2BS 46088: AutoBuild: useStatPoint(3): Vitality
[10/09/20 22:02:19] D2BS 46088: AutoBuild: Stat (5/5) Increased Vitality from 26 to 27
[10/09/20 22:02:19] D2BS 46088: Updating Config from level 3 to 4
[10/09/20 22:02:19] D2BS 46088: Updating Config from level 3 to 4
[10/09/20 22:02:19] D2BS 46088: Updating Config from level 3 to 4
[10/09/20 22:02:19] D2BS 46088: Updating Config from level 3 to 4
[10/09/20 22:02:19] D2BS 46088: AutoBuild: Updating Config from level 3 to 4
[10/09/20 22:02:19] D2BS 46088: AutoBuild: Incrementing cached character level to 4
[10/09/20 22:02:26] D2BS 46088: move retry 1
[10/09/20 22:02:40] D2BS 46088: ÿc7Picked up ÿc44 Gold
[10/09/20 22:02:42] D2BS 46088: ÿc1Skipping Fallen Shaman 138 16
[10/09/20 22:02:45] D2BS 46088: ÿc1Skipping Gargantuan Beast 142 16
[10/09/20 22:02:45] D2BS 46088: ÿc1Skipping Gargantuan Beast 142 16
[10/09/20 22:02:46] D2BS 46088: ÿc1Skipping Gargantuan Beast 142 16
[10/09/20 22:02:47] D2BS 46088: ÿc1Skipping Gargantuan Beast 142 16
[10/09/20 22:02:47] D2BS 46088: ÿc1Skipping Gargantuan Beast 142 16
[10/09/20 22:02:51] D2BS 46088: move retry 1
[10/09/20 22:02:53] D2BS 46088: move retry 1
[10/09/20 22:03:00] D2BS 46088: ÿc7Picked up ÿc44 Gold
[10/09/20 22:03:01] D2BS 46088: ÿc1Skipping Gargantuan Beast 159 16
[10/09/20 22:03:01] D2BS 46088: ÿc1Skipping Gargantuan Beast 159 16
[10/09/20 22:03:02] D2BS 46088: ÿc1Skipping Fallen 112 16
[10/09/20 22:03:03] D2BS 46088: ÿc1Skipping Gargantuan Beast 159 16
[10/09/20 22:03:04] D2BS 46088: ÿc1Skipping Fallen 165 16
[10/09/20 22:03:04] D2BS 46088: ÿc1Skipping Fallen 166 16
[10/09/20 22:03:05] D2BS 46088: ÿc1Skipping Fallen 165 16
[10/09/20 22:03:05] D2BS 46088: ÿc1Skipping Fallen 166 16
[10/09/20 22:03:06] D2BS 46088: ÿc1Skipping Fallen 174 16
[10/09/20 22:03:06] D2BS 46088: ÿc1Skipping Fallen 172 16
[10/09/20 22:03:07] D2BS 46088: ÿc7Picked up ÿc44 Gold
[10/09/20 22:03:09] D2BS 46088: ÿc7Picked up ÿc0Leather Gloves ÿc0(ilvl 1) (Summoner.xpac.nip #70)
[10/09/20 22:03:14] D2BS 46088: move retry 1
[10/09/20 22:03:17] D2BS 46088: ÿc1Skipping Dark Hunter 186 16
[10/09/20 22:03:20] D2BS 46088: ÿc7Picked up ÿc0Throwing Knife ÿc0(ilvl 1)
[10/09/20 22:03:24] D2BS 46088: ÿc1Skipping Fallen 170 16
[10/09/20 22:03:25] D2BS 46088: ÿc1Skipping Fallen 172 16
[10/09/20 22:03:25] D2BS 46088: ÿc1Skipping Fallen 169 16
[10/09/20 22:03:25] D2BS 46088: ÿc1Skipping Dark Hunter 185 16
[10/09/20 22:03:27] D2BS 46088: ÿc7Picked up ÿc41 Gold
[10/09/20 22:03:34] D2BS 46088: ÿc1Skipping Fallen Shaman 171 16
[10/09/20 22:03:35] D2BS 46088: ÿc1Skipping Fallen 155 16
[10/09/20 22:03:35] D2BS 46088: ÿc1Skipping Fallen 145 16
[10/09/20 22:03:35] D2BS 46088: ÿc1Skipping Fallen 172 16
[10/09/20 22:03:36] D2BS 46088: ÿc1Skipping Fallen 176 16
[10/09/20 22:03:37] D2BS 46088: ÿc7Picked up ÿc1Minor Healing Potion ÿc0(ilvl 1) (EarlyGame.nip #27)
[10/09/20 22:03:37] D2BS 46088: ÿc7Picked up ÿc1Light Healing Potion ÿc0(ilvl 1) (EarlyGame.nip #29)
[10/09/20 22:03:38] D2BS 46088: ÿc7Picked up ÿc0Crude Leather Armor ÿc0(ilvl 1) (Summoner.xpac.nip #43)
[10/09/20 22:03:40] D2BS 46088: ÿc7Picked up ÿc42 Gold
[10/09/20 22:03:41] D2BS 46088: ÿc1Skipping Fallen 154 16
[10/09/20 22:03:42] D2BS 46088: ÿc1Skipping Dark Hunter 183 16
[10/09/20 22:03:42] D2BS 46088: ÿc1Skipping Fallen 155 16
[10/09/20 22:03:43] D2BS 46088: ÿc1Skipping Fallen 144 16
[10/09/20 22:03:43] D2BS 46088: ÿc1Skipping Dark Hunter 184 16
[10/09/20 22:03:43] D2BS 46088: ÿc1Skipping Fallen 168 16
[10/09/20 22:03:50] D2BS 46088: ÿc7Picked up ÿc44 Gold
[10/09/20 22:04:02] D2BS 46088: ÿc7Picked up ÿc410 Gold
[10/09/20 22:04:11] D2BS 46088: ÿc1Skipping Fallen Shaman 148 16
[10/09/20 22:04:14] D2BS 46088: ÿc7Picked up ÿc1Light Healing Potion ÿc0(ilvl 1) (EarlyGame.nip #29)
[10/09/20 22:04:18] D2BS 46088: ÿc1Skipping Fallen 149 16
[10/09/20 22:04:21] D2BS 46088: ÿc7Picked up ÿc41 Gold
[10/09/20 22:04:41] D2BS 46088: ÿc1Skipping Fallen 198 16
[10/09/20 22:04:41] D2BS 46088: ÿc1Skipping Fallen Shaman 193 16
[10/09/20 22:04:42] D2BS 46088: ÿc1Skipping Fallen 194 16
[10/09/20 22:04:43] D2BS 46088: ÿc1Skipping Fallen 195 16
[10/09/20 22:04:43] D2BS 46088: ÿc1Skipping Fallen 196 16
[10/09/20 22:04:43] D2BS 46088: ÿc7Picked up ÿc0Crude Sash ÿc0(ilvl 1) (Summoner.xpac.nip #79)
[10/09/20 22:04:45] D2BS 46088: ÿc1Skipping Fallen 196 16
[10/09/20 22:04:45] D2BS 46088: ÿc1Skipping Dark Hunter 190 16
[10/09/20 22:04:46] D2BS 46088: ÿc1Skipping Dark Hunter 192 16
[10/09/20 22:04:46] D2BS 46088: ÿc1Skipping Dark Hunter 191 16
[10/09/20 22:04:48] D2BS 46088: ÿc7Picked up ÿc0Cracked Cap ÿc0(ilvl 1) (Summoner.xpac.nip #28)
[10/09/20 22:04:50] D2BS 46088: ÿc1Skipping Dark Hunter 192 16
[10/09/20 22:04:53] D2BS 46088: move retry 1
[10/09/20 22:04:56] D2BS 46088: ÿc1Skipping Dark Hunter 219 16
[10/09/20 22:04:57] D2BS 46088: ÿc7Picked up ÿc45 Gold
[10/09/20 22:04:59] D2BS 46088: move retry 1
[10/09/20 22:05:05] D2BS 46088: ÿc1Skipping Fallen 216 16
[10/09/20 22:05:06] D2BS 46088: ÿc1Skipping Fallen 214 16
[10/09/20 22:05:06] D2BS 46088: ÿc1Skipping Fallen 215 16
[10/09/20 22:05:07] D2BS 46088: ÿc1Skipping Fallen 216 16
[10/09/20 22:05:07] D2BS 46088: ÿc1Skipping Fallen 213 16
[10/09/20 22:05:07] D2BS 46088: ÿc1Skipping Fallen 218 16
[10/09/20 22:05:08] D2BS 46088: ÿc7Picked up ÿc45 Gold
[10/09/20 22:05:09] D2BS 46088: ÿc1Skipping Fallen Shaman 212 16
[10/09/20 22:05:09] D2BS 46088: ÿc1Skipping Fallen 218 16
[10/09/20 22:05:40] D2BS 46088: move retry 1
[10/09/20 22:05:57] D2BS 46088: AutoBuild: Stat points: 5      Skill points: 1
[10/09/20 22:05:57] D2BS 46088: AutoBuild: Level up detected ( 4 --> 5 )
[10/09/20 22:05:57] D2BS 46088: AutoBuild: useSkillPoint(): Skeleton Mastery (69)
[10/09/20 22:05:57] D2BS 46088: AutoBuild: Skill (1/1) Increased Skeleton Mastery (69) by one (level:  1)
[10/09/20 22:05:57] D2BS 46088: AutoBuild: useStatPoint(0): Strength
[10/09/20 22:05:57] D2BS 46088: AutoBuild: Stat (1/5) Increased Strength from 18 to 19
[10/09/20 22:05:57] D2BS 46088: AutoBuild: useStatPoint(3): Vitality
[10/09/20 22:05:57] D2BS 46088: AutoBuild: Stat (2/5) Increased Vitality from 27 to 28
[10/09/20 22:05:57] D2BS 46088: AutoBuild: useStatPoint(3): Vitality
[10/09/20 22:05:58] D2BS 46088: AutoBuild: Stat (3/5) Increased Vitality from 28 to 29
[10/09/20 22:05:58] D2BS 46088: AutoBuild: useStatPoint(3): Vitality
[10/09/20 22:05:58] D2BS 46088: AutoBuild: Stat (4/5) Increased Vitality from 29 to 30
[10/09/20 22:05:58] D2BS 46088: AutoBuild: useStatPoint(3): Vitality
[10/09/20 22:05:58] D2BS 46088: AutoBuild: Stat (5/5) Increased Vitality from 30 to 31
[10/09/20 22:05:58] D2BS 46088: AutoBuild: Updating Config from level 4 to 5
[10/09/20 22:05:58] D2BS 46088: Updating Config from level 4 to 5
[10/09/20 22:05:58] D2BS 46088: Updating Config from level 4 to 5
[10/09/20 22:05:58] D2BS 46088: Updating Config from level 4 to 5
[10/09/20 22:05:58] D2BS 46088: Updating Config from level 4 to 5
[10/09/20 22:05:58] D2BS 46088: AutoBuild: Incrementing cached character level to 5
[10/09/20 22:06:15] D2BS 46088: move retry 1
[10/09/20 22:06:24] D2BS 46088: move retry 1
[10/09/20 22:06:49] D2BS 46088: move retry 1
[10/09/20 22:06:59] D2BS 46088: move retry 1
[10/09/20 22:07:02] D2BS 46088: ÿc7Picked up ÿc43 Gold
[10/09/20 22:07:03] D2BS 46088: move retry 1
[10/09/20 22:07:07] D2BS 46088: ÿc7Picked up ÿc1Minor Healing Potion ÿc0(ilvl 1) (EarlyGame.nip #27)
[10/09/20 22:07:15] D2BS 46088: move retry 1
[10/09/20 22:07:28] D2BS 46088: ÿc7Picked up ÿc411 Gold
[10/09/20 22:07:29] D2BS 46088: ÿc1Skipping Fallen 204 16
[10/09/20 22:07:30] D2BS 46088: ÿc1Skipping Fallen 204 16
[10/09/20 22:08:01] D2BS 46088: ÿc1Skipping Gargantuan Beast 251 16
[10/09/20 22:08:05] D2BS 46088: move retry 1
[10/09/20 22:08:28] D2BS 46088: move retry 1
[10/09/20 22:08:35] D2BS 46088: ÿc1Skipping Fallen 253 16
[10/09/20 22:08:36] D2BS 46088: ÿc1Skipping Fallen 257 16
[10/09/20 22:08:38] D2BS 46088: ÿc1Skipping Fallen 253 16
[10/09/20 22:08:39] D2BS 46088: ÿc1Skipping Fallen 253 16
[10/09/20 22:08:44] D2BS 46088: move retry 1
[10/09/20 22:09:08] D2BS 46088: ÿc1Skipping Dark Hunter 250 16
[10/09/20 22:09:08] D2BS 46088: ÿc1Skipping Dark Hunter 250 16
[10/09/20 22:09:11] D2BS 46088: ÿc7Picked up ÿc1Light Healing Potion ÿc0(ilvl 1) (EarlyGame.nip #29)
[10/09/20 22:09:17] D2BS 46088: ÿc1Skipping Gargantuan Beast 247 16
[10/09/20 22:09:18] D2BS 46088: ÿc1Skipping Gargantuan Beast 247 16
[10/09/20 22:09:19] D2BS 46088: ÿc1Skipping Gargantuan Beast 247 16
[10/09/20 22:09:20] D2BS 46088: ÿc1Skipping Gargantuan Beast 247 16
[10/09/20 22:09:20] D2BS 46088: ÿc1Skipping Gargantuan Beast 247 16
[10/09/20 22:09:21] D2BS 46088: ÿc1Skipping Gargantuan Beast 247 16
[10/09/20 22:09:22] D2BS 46088: ÿc1Skipping Gargantuan Beast 247 16
[10/09/20 22:10:13] D2BS 46088: move retry 1
[10/09/20 22:10:15] D2BS 46088: move retry 1
[10/09/20 22:10:20] D2BS 46088: ÿc7Picked up ÿc43 Gold
[10/09/20 22:10:22] D2BS 46088: ÿc1Skipping Fallen 281 16
[10/09/20 22:10:24] D2BS 46088: ÿc1Skipping Fallen 276 16
[10/09/20 22:10:26] D2BS 46088: ÿc7Picked up ÿc43 Gold
[10/09/20 22:10:31] D2BS 46088: ÿc1Skipping Fallen 279 16
[10/09/20 22:10:32] D2BS 46088: ÿc7Picked up ÿc45 Gold
[10/09/20 22:10:35] D2BS 46088: ÿc1Skipping Fallen 276 16
[10/09/20 22:10:37] D2BS 46088: ÿc1Skipping Fallen 291 16
[10/09/20 22:10:37] D2BS 46088: ÿc1Skipping Fallen 292 16
[10/09/20 22:10:38] D2BS 46088: ÿc1Skipping Fallen 292 16
[10/09/20 22:10:41] D2BS 46088: ÿc1Skipping Fallen 290 16
[10/09/20 22:10:42] D2BS 46088: ÿc7Picked up ÿc1Light Healing Potion ÿc0(ilvl 1) (EarlyGame.nip #29)
[10/09/20 22:10:43] D2BS 46088: move retry 1
[10/09/20 22:10:47] D2BS 46088: ÿc7Picked up ÿc42 Gold
[10/09/20 22:10:54] D2BS 46088: ÿc1Skipping Fallen 293 16
[10/09/20 22:10:55] D2BS 46088: ÿc1Skipping Fallen 293 16
[10/09/20 22:10:55] D2BS 46088: ÿc1Skipping Fallen 293 16
[10/09/20 22:11:02] D2BS 46088: ÿc1Skipping Fallen Shaman 242 16
[10/09/20 22:11:02] D2BS 46088: ÿc1Skipping Fallen 243 16
[10/09/20 22:11:03] D2BS 46088: ÿc1Skipping Fallen 243 16
[10/09/20 22:11:03] D2BS 46088: ÿc1Skipping Fallen 245 16
[10/09/20 22:11:04] D2BS 46088: ÿc7Picked up ÿc44 Gold
[10/09/20 22:11:05] D2BS 46088: ÿc1Skipping Fallen 244 16
[10/09/20 22:11:07] D2BS 46088: ÿc1Skipping Fallen 244 16
[10/09/20 22:11:10] D2BS 46088: move retry 1
[10/09/20 22:11:10] D2BS 46088: ÿc7Picked up ÿc49 Gold
[10/09/20 22:11:14] D2BS 46088: move retry 1
[10/09/20 22:11:22] D2BS 46088: ÿc1Skipping Gargantuan Beast 274 16
[10/09/20 22:11:23] D2BS 46088: ÿc1Skipping Gargantuan Beast 274 16
[10/09/20 22:11:24] D2BS 46088: ÿc1Skipping Gargantuan Beast 274 16
[10/09/20 22:12:22] D2BS 46088: move retry 1
[10/09/20 22:12:29] D2BS 46088: move retry 1
[10/09/20 22:12:31] D2BS 46088: move retry 1
[10/09/20 22:12:36] D2BS 46088: move retry 1
[10/09/20 22:12:54] D2BS 46088: ÿc1Skipping Fallen 270 16
[10/09/20 22:12:54] D2BS 46088: ÿc1Skipping Gargantuan Beast 273 16
[10/09/20 22:12:55] D2BS 46088: ÿc7Picked up ÿc42 Gold
[10/09/20 22:12:55] D2BS 46088: ÿc7Picked up ÿc0Cracked Boots ÿc0(ilvl 2) (Summoner.xpac.nip #59)
[10/09/20 22:12:57] D2BS 46088: ÿc1Skipping Fallen 270 16
[10/09/20 22:12:58] D2BS 46088: ÿc7Picked up ÿc42 Gold
[10/09/20 22:13:48] D2BS 46088: move retry 1
[10/09/20 22:14:25] D2BS 46088: move retry 1
[10/09/20 22:14:36] D2BS 46088: 3,17
[10/09/20 22:15:07] D2BS 46088: ÿc1Skipping Hungry Dead 313 16
[10/09/20 22:15:08] D2BS 46088: ÿc1Skipping Hungry Dead 299 16
[10/09/20 22:15:08] D2BS 46088: ÿc1Skipping Hungry Dead 313 16
[10/09/20 22:15:08] D2BS 46088: ÿc1Skipping Hungry Dead 300 16
[10/09/20 22:15:09] D2BS 46088: ÿc1Skipping Hungry Dead 314 16
[10/09/20 22:15:09] D2BS 46088: ÿc1Skipping Hungry Dead 299 16
[10/09/20 22:15:10] D2BS 46088: ÿc1Skipping Hungry Dead 300 16
[10/09/20 22:15:10] D2BS 46088: ÿc1Skipping Hungry Dead 304 16
[10/09/20 22:15:11] D2BS 46088: ÿc1Skipping Hungry Dead 298 16
[10/09/20 22:15:11] D2BS 46088: ÿc1Skipping Skeleton 306 16
[10/09/20 22:15:11] D2BS 46088: ÿc1Skipping Hungry Dead 332 16
[10/09/20 22:15:11] D2BS 46088: ÿc1Skipping Hungry Dead 303 16
[10/09/20 22:15:12] D2BS 46088: ÿc7Picked up ÿc0Cracked Scepter ÿc0(ilvl 2)
[10/09/20 22:15:12] D2BS 46088: ÿc7Picked up ÿc0Chipped Skull ÿc0(ilvl 1)
[10/09/20 22:15:15] D2BS 46088: ÿc1Skipping Hungry Dead 298 16
[10/09/20 22:15:15] D2BS 46088: ÿc1Skipping Hungry Dead 332 16
[10/09/20 22:15:15] D2BS 46088: ÿc1Skipping Hungry Dead 304 16
[10/09/20 22:15:16] D2BS 46088: ÿc1Skipping Hungry Dead 303 16
[10/09/20 22:15:16] D2BS 46088: ÿc1Skipping Hungry Dead 300 16
[10/09/20 22:15:16] D2BS 46088: ÿc1Skipping Hungry Dead 305 16
[10/09/20 22:15:17] D2BS 46088: ÿc1Skipping Skeleton 306 16
[10/09/20 22:15:17] D2BS 46088: ÿc1Skipping Hungry Dead 301 16
[10/09/20 22:15:17] D2BS 46088: ÿc1Skipping Hungry Dead 302 16
[10/09/20 22:15:18] D2BS 46088: ÿc1Skipping Skeleton 311 16
[10/09/20 22:15:18] D2BS 46088: ÿc1Skipping Skeleton 312 16
[10/09/20 22:15:18] D2BS 46088: ÿc7Picked up ÿc0Chipped Ruby ÿc0(ilvl 1)
[10/09/20 22:15:19] D2BS 46088: ÿc1Skipping Hungry Dead 304 16
[10/09/20 22:15:19] D2BS 46088: ÿc1Skipping Hungry Dead 300 16
[10/09/20 22:15:19] D2BS 46088: ÿc1Skipping Hungry Dead 305 16
[10/09/20 22:15:20] D2BS 46088: ÿc1Skipping Skeleton 306 16
[10/09/20 22:15:20] D2BS 46088: ÿc1Skipping Hungry Dead 301 16
[10/09/20 22:15:20] D2BS 46088: ÿc1Skipping Hungry Dead 302 16
[10/09/20 22:15:21] D2BS 46088: ÿc1Skipping Skeleton 307 16
[10/09/20 22:15:21] D2BS 46088: ÿc1Skipping Skeleton 311 16
[10/09/20 22:15:22] D2BS 46088: ÿc1Skipping Skeleton 312 16
[10/09/20 22:15:22] D2BS 46088: ÿc1Skipping Hungry Dead 315 16
[10/09/20 22:15:22] D2BS 46088: ÿc7Picked up ÿc47 Gold
[10/09/20 22:15:22] D2BS 46088: ÿc7Picked up ÿc0Superior Throwing Knife ÿc0(ilvl 2)
[10/09/20 22:15:29] D2BS 46088: ÿc7Picked up ÿc410 Gold
[10/09/20 22:15:30] D2BS 46088: ÿc7Picked up ÿc3Jewel ÿc0(ilvl 2)
[10/09/20 22:15:34] D2BS 46088: ÿc1Skipping Hungry Dead 335 16
[10/09/20 22:15:34] D2BS 46088: ÿc1Skipping Hungry Dead 302 16
[10/09/20 22:15:35] D2BS 46088: ÿc1Skipping Skeleton 307 16
[10/09/20 22:15:35] D2BS 46088: ÿc1Skipping Hungry Dead 315 16
[10/09/20 22:15:35] D2BS 46088: ÿc1Skipping Hungry Dead 316 16
[10/09/20 22:15:35] D2BS 46088: ÿc7Picked up ÿc0Cracked Short Staff ÿc0(ilvl 2)
[10/09/20 22:15:36] D2BS 46088: ÿc1Skipping Hungry Dead 335 16
[10/09/20 22:15:36] D2BS 46088: ÿc1Skipping Skeleton 307 16
[10/09/20 22:15:37] D2BS 46088: ÿc1Skipping Hungry Dead 315 16
[10/09/20 22:15:37] D2BS 46088: ÿc1Skipping Hungry Dead 316 16
[10/09/20 22:15:38] D2BS 46088: ÿc1Skipping Hungry Dead 335 16
[10/09/20 22:15:38] D2BS 46088: ÿc1Skipping Hungry Dead 336 16
[10/09/20 22:15:38] D2BS 46088: ÿc1Skipping Skeleton 307 16
[10/09/20 22:15:39] D2BS 46088: ÿc1Skipping Hungry Dead 316 16
[10/09/20 22:15:39] D2BS 46088: ÿc1Skipping Hungry Dead 335 16
[10/09/20 22:15:40] D2BS 46088: ÿc1Skipping Hungry Dead 336 16
[10/09/20 22:15:40] D2BS 46088: ÿc1Skipping Skeleton 307 16
[10/09/20 22:15:40] D2BS 46088: ÿc1Skipping Hungry Dead 316 16
[10/09/20 22:15:41] D2BS 46088: ÿc1Skipping Hungry Dead 335 16
[10/09/20 22:15:41] D2BS 46088: ÿc1Skipping Hungry Dead 336 16
[10/09/20 22:15:42] D2BS 46088: ÿc1Skipping Skeleton 307 16
[10/09/20 22:15:42] D2BS 46088: ÿc1Skipping Hungry Dead 316 16
[10/09/20 22:15:42] D2BS 46088: ÿc1Skipping Hungry Dead 334 16
[10/09/20 22:15:49] D2BS 46088: ÿc1Skipping Hungry Dead 337 16
[10/09/20 22:15:50] D2BS 46088: ÿc1Skipping Hungry Dead 337 16
[10/09/20 22:15:51] D2BS 46088: ÿc1Skipping Hungry Dead 337 16
[10/09/20 22:15:55] D2BS 46088: move retry 1
[10/09/20 22:16:00] D2BS 46088: ÿc1Skipping Skeleton 310 16
[10/09/20 22:16:00] D2BS 46088: ÿc1Skipping Skeleton 309 16
[10/09/20 22:16:00] D2BS 46088: ÿc1Skipping Skeleton 328 16
[10/09/20 22:16:01] D2BS 46088: ÿc1Skipping Skeleton 328 16
[10/09/20 22:16:02] D2BS 46088: ÿc1Skipping Skeleton 327 16
[10/09/20 22:16:02] D2BS 46088: ÿc1Skipping Skeleton 328 16
[10/09/20 22:16:02] D2BS 46088: ÿc1Skipping Skeleton 327 16
[10/09/20 22:16:03] D2BS 46088: ÿc1Skipping Skeleton 327 16
[10/09/20 22:16:13] D2BS 46088: ÿc1Skipping Skeleton 329 16
[10/09/20 22:16:14] D2BS 46088: ÿc1Skipping Skeleton 331 16
[10/09/20 22:16:14] D2BS 46088: ÿc1Skipping Skeleton 330 16
[10/09/20 22:16:16] D2BS 46088: ÿc7Picked up ÿc44 Gold
[10/09/20 22:16:25] D2BS 46088: move retry 1
[10/09/20 22:16:33] D2BS 46088: move retry 1
[10/09/20 22:16:51] D2BS 46088: ÿc1Skipping Hungry Dead 349 16
[10/09/20 22:16:51] D2BS 46088: ÿc1Skipping Hungry Dead 349 16
[10/09/20 22:16:52] D2BS 46088: ÿc1Skipping Hungry Dead 349 16
[10/09/20 22:16:52] D2BS 46088: ÿc1Skipping Hungry Dead 347 16
[10/09/20 22:16:53] D2BS 46088: ÿc1Skipping Hungry Dead 348 16
[10/09/20 22:16:53] D2BS 46088: ÿc1Skipping Hungry Dead 350 16
[10/09/20 22:16:54] D2BS 46088: ÿc1Skipping Hungry Dead 349 16
[10/09/20 22:16:55] D2BS 46088: ÿc1Skipping Hungry Dead 348 16
[10/09/20 22:16:56] D2BS 46088: ÿc7Picked up ÿc49 Gold
[10/09/20 22:16:57] D2BS 46088: move retry 1
[10/09/20 22:16:59] D2BS 46088: ÿc1Skipping Hungry Dead 348 16
[10/09/20 22:16:59] D2BS 46088: ÿc1Skipping Hungry Dead 350 16
[10/09/20 22:17:00] D2BS 46088: ÿc1Skipping Hungry Dead 350 16
[10/09/20 22:17:02] D2BS 46088: ÿc7Picked up ÿc46 Gold
[10/09/20 22:17:08] D2BS 46088: move retry 1
[10/09/20 22:17:17] D2BS 46088: ÿc1Skipping Skeleton 342 16
[10/09/20 22:17:18] D2BS 46088: ÿc1Skipping Skeleton 342 16
[10/09/20 22:17:18] D2BS 46088: ÿc1Skipping Skeleton 341 16
[10/09/20 22:17:19] D2BS 46088: ÿc1Skipping Skeleton 343 16
[10/09/20 22:17:20] D2BS 46088: ÿc1Skipping Hungry Dead 319 16
[10/09/20 22:17:20] D2BS 46088: ÿc1Skipping Hungry Dead 318 16
[10/09/20 22:17:20] D2BS 46088: ÿc1Skipping Hungry Dead 320 16
[10/09/20 22:17:22] D2BS 46088: ÿc7Picked up ÿc49 Gold
[10/09/20 22:17:27] D2BS 46088: move retry 1
[10/09/20 22:17:37] D2BS 46088: ÿc1Skipping Hungry Dead 322 16
[10/09/20 22:17:37] D2BS 46088: ÿc1Skipping Hungry Dead 323 16
[10/09/20 22:17:38] D2BS 46088: ÿc1Skipping Hungry Dead 322 16
[10/09/20 22:17:38] D2BS 46088: ÿc1Skipping Hungry Dead 323 16
[10/09/20 22:17:39] D2BS 46088: ÿc1Skipping Hungry Dead 322 16
[10/09/20 22:17:39] D2BS 46088: ÿc1Skipping Hungry Dead 323 16
[10/09/20 22:17:40] D2BS 46088: ÿc1Skipping Skeleton 326 16
[10/09/20 22:17:40] D2BS 46088: ÿc1Skipping Skeleton 321 16
[10/09/20 22:17:41] D2BS 46088: ÿc1Skipping Skeleton 321 16
[10/09/20 22:17:43] D2BS 46088: AutoBuild: Stat points: 5      Skill points: 1
[10/09/20 22:17:43] D2BS 46088: AutoBuild: Level up detected ( 5 --> 6 )
[10/09/20 22:17:43] D2BS 46088: AutoBuild: useSkillPoint(): Raise Skeleton (70)
[10/09/20 22:17:43] D2BS 46088: AutoBuild: Skill (1/1) Increased Raise Skeleton (70) by one (level:  3)
[10/09/20 22:17:43] D2BS 46088: AutoBuild: useStatPoint(0): Strength
[10/09/20 22:17:43] D2BS 46088: AutoBuild: Stat (1/5) Increased Strength from 19 to 20
[10/09/20 22:17:43] D2BS 46088: AutoBuild: useStatPoint(3): Vitality
[10/09/20 22:17:43] D2BS 46088: AutoBuild: Stat (2/5) Increased Vitality from 31 to 32
[10/09/20 22:17:43] D2BS 46088: AutoBuild: useStatPoint(3): Vitality
[10/09/20 22:17:43] D2BS 46088: AutoBuild: Stat (3/5) Increased Vitality from 32 to 33
[10/09/20 22:17:43] D2BS 46088: AutoBuild: useStatPoint(3): Vitality
[10/09/20 22:17:43] D2BS 46088: AutoBuild: Stat (4/5) Increased Vitality from 33 to 34
[10/09/20 22:17:43] D2BS 46088: AutoBuild: useStatPoint(3): Vitality
[10/09/20 22:17:44] D2BS 46088: AutoBuild: Stat (5/5) Increased Vitality from 34 to 35
[10/09/20 22:17:44] D2BS 46088: Updating Config from level 5 to 6
[10/09/20 22:17:44] D2BS 46088: AutoBuild: Updating Config from level 5 to 6
[10/09/20 22:17:44] D2BS 46088: Updating Config from level 5 to 6
[10/09/20 22:17:44] D2BS 46088: Updating Config from level 5 to 6
[10/09/20 22:17:44] D2BS 46088: Updating Config from level 5 to 6
[10/09/20 22:17:44] D2BS 46088: AutoBuild: Incrementing cached character level to 6
[10/09/20 22:17:47] D2BS 46088: ÿc1Skipping Skeleton 325 16
[10/09/20 22:17:47] D2BS 46088: ÿc7Picked up ÿc49 Gold
[10/09/20 22:18:46] D2BS 46088: move retry 1
[10/09/20 22:19:23] D2BS 46088: Failed going to town
[10/09/20 22:19:23] D2BS 46088: 3,2,1
[10/09/20 22:19:26] D2BS 46088: move retry 1
[10/09/20 22:20:25] D2BS 46088: initNPC: heal
[10/09/20 22:20:30] D2BS 46088: initNPC: identify
[10/09/20 22:20:31] D2BS 46088: ÿc4MiniShopBotÿc0: Scanning 63 items.
[10/09/20 22:20:32] D2BS 46088: initNPC: fillTome
[10/09/20 22:20:34] D2BS 46088: LowGold sell Throwing Knife
[10/09/20 22:20:34] D2BS 46088: initNPC: clearInventory
[10/09/20 22:20:34] D2BS 46088: LowGold sell Cracked Short Staff
[10/09/20 22:20:34] D2BS 46088: initNPC: clearInventory
[10/09/20 22:20:36] D2BS 46088: LowGold sell Cracked Scepter
[10/09/20 22:20:36] D2BS 46088: initNPC: clearInventory
[10/09/20 22:20:38] D2BS 46088: LowGold sell Superior Throwing Knife
[10/09/20 22:20:38] D2BS 46088: initNPC: clearInventory
[10/09/20 22:20:40] D2BS 46088: LowGold sell Chipped Ruby
[10/09/20 22:20:40] D2BS 46088: initNPC: clearInventory
[10/09/20 22:20:43] D2BS 46088: LowGold sell Chipped Skull
[10/09/20 22:20:43] D2BS 46088: initNPC: clearInventory
[10/09/20 22:20:45] D2BS 46088: initNPC: repair
[10/09/20 22:21:29] D2BS 46088: ÿc7Picked up ÿc44 Gold
[10/09/20 22:21:30] D2BS 46088: ÿc1Skipping Fallen Shaman 362 16
[10/09/20 22:21:31] D2BS 46088: ÿc1Skipping Fallen 366 16
[10/09/20 22:21:31] D2BS 46088: ÿc1Skipping Fallen 368 16
[10/09/20 22:21:31] D2BS 46088: ÿc1Skipping Fallen 390 16
[10/09/20 22:21:32] D2BS 46088: ÿc7Picked up ÿc44 Gold
[10/09/20 22:21:32] D2BS 46088: ÿc7Picked up ÿc44 Gold
[10/09/20 22:21:34] D2BS 46088: ÿc1Skipping Fallen 389 16
[10/09/20 22:21:34] D2BS 46088: ÿc7Picked up ÿc44 Gold
[10/09/20 22:21:35] D2BS 46088: ÿc1Skipping Fallen Shaman 387 16
[10/09/20 22:21:36] D2BS 46088: ÿc1Skipping Fallen 389 16
[10/09/20 22:21:37] D2BS 46088: ÿc1Skipping Fallen 389 16
[10/09/20 22:21:38] D2BS 46088: ÿc1Skipping Fallen Shaman 387 16
[10/09/20 22:21:38] D2BS 46088: ÿc7Picked up ÿc41 Gold
[10/09/20 22:21:40] D2BS 46088: ÿc1Skipping Gargantuan Beast 386 16
[10/09/20 22:21:44] D2BS 46088: move retry 1
[10/09/20 22:21:51] D2BS 46088: move retry 1
[10/09/20 22:21:56] D2BS 46088: initNPC: heal
[10/09/20 22:22:01] D2BS 46088: initNPC: fillTome
[10/09/20 22:22:04] D2BS 46088: 1
[10/09/20 22:22:27] D2BS 46088: move retry 1
[10/09/20 22:22:51] D2BS 46088: move retry 1
[10/09/20 22:23:10] D2BS 46088: ÿc7Picked up ÿc45 Gold
[10/09/20 22:23:16] D2BS 46088: ÿc7Picked up ÿc43 Gold
[10/09/20 22:23:28] D2BS 46088: ÿc7Picked up ÿc47 Gold
[10/09/20 22:23:29] D2BS 46088: move retry 1
[10/09/20 22:23:37] D2BS 46088: ÿc7Picked up ÿc43 Gold
[10/09/20 22:23:42] D2BS 46088: move retry 1
[10/09/20 22:23:46] D2BS 46088: ÿc1Skipping Fallen Shaman 405 16
[10/09/20 22:23:46] D2BS 46088: ÿc1Skipping Fallen Shaman 405 16
[10/09/20 22:23:49] D2BS 46088: ÿc1Skipping Gargantuan Beast 415 16
[10/09/20 22:23:53] D2BS 46088: ÿc7Picked up ÿc44 Gold
[10/09/20 22:23:55] D2BS 46088: move retry 1
[10/09/20 22:24:02] D2BS 46088: ÿc1Skipping Zombie 414 16
[10/09/20 22:24:04] D2BS 46088: move retry 1
[10/09/20 22:24:08] D2BS 46088: ÿc7Picked up ÿc49 Gold
[10/09/20 22:24:09] D2BS 46088: ÿc1Skipping Fallen 404 16
[10/09/20 22:24:10] D2BS 46088: ÿc1Skipping Fallen 404 16
[10/09/20 22:24:12] D2BS 46088: ÿc1Skipping Fallen 420 16
[10/09/20 22:24:13] D2BS 46088: ÿc7Picked up ÿc0Cracked Javelin ÿc0(ilvl 2)
[10/09/20 22:24:15] D2BS 46088: ÿc1Skipping Fallen 421 16
[10/09/20 22:24:16] D2BS 46088: ÿc1Skipping Fallen 421 16
[10/09/20 22:24:19] D2BS 46088: ÿc7Picked up ÿc0Low Quality Hand Axe ÿc0(ilvl 1)
[10/09/20 22:24:20] D2BS 46088: ÿc1Skipping Zombie 412 16
[10/09/20 22:24:20] D2BS 46088: ÿc1Skipping Zombie 411 16
[10/09/20 22:24:21] D2BS 46088: ÿc1Skipping Zombie 410 16
[10/09/20 22:24:28] D2BS 46088: ÿc1Skipping Zombie 411 16
[10/09/20 22:24:28] D2BS 46088: ÿc7Picked up ÿc9Leather Armor ÿc0(ilvl 4) (Summoner.xpac.nip #44)
[10/09/20 22:24:29] D2BS 46088: ÿc1Skipping Zombie 411 16
[10/09/20 22:24:29] D2BS 46088: ÿc7Picked up ÿc422 Gold
[10/09/20 22:24:51] D2BS 46088: move retry 1
[10/09/20 22:25:00] D2BS 46088: move retry 1
[10/09/20 22:25:11] D2BS 46088: move retry 1
[10/09/20 22:25:27] D2BS 46088: move retry 1
[10/09/20 22:25:31] D2BS 46088: move retry 1
[10/09/20 22:25:38] D2BS 46088: move retry 1
[10/09/20 22:25:51] D2BS 46088: 8,2,3
[10/09/20 22:27:31] D2BS 46088: ÿc7Picked up ÿc3Scepter ÿc0(ilvl 7)
[10/09/20 22:27:32] D2BS 46088: ÿc1Skipping Hungry Dead 459 16
[10/09/20 22:27:33] D2BS 46088: ÿc1Skipping Hungry Dead 459 16
[10/09/20 22:27:33] D2BS 46088: ÿc1Skipping Hungry Dead 459 16
[10/09/20 22:27:34] D2BS 46088: ÿc1Skipping Dark Ranger 455 16
[10/09/20 22:27:34] D2BS 46088: ÿc1Skipping Dark Ranger 452 16
[10/09/20 22:27:35] D2BS 46088: ÿc1Skipping Hungry Dead 459 16
[10/09/20 22:27:35] D2BS 46088: ÿc1Skipping Dark Ranger 455 16
[10/09/20 22:27:35] D2BS 46088: ÿc1Skipping Dark Ranger 452 16
[10/09/20 22:27:37] D2BS 46088: ÿc1Skipping Dark Ranger 455 16
[10/09/20 22:27:37] D2BS 46088: ÿc1Skipping Dark Ranger 452 16
[10/09/20 22:27:38] D2BS 46088: ÿc1Skipping Dark Ranger 455 16
[10/09/20 22:27:38] D2BS 46088: ÿc1Skipping Dark Ranger 452 16
[10/09/20 22:27:39] D2BS 46088: ÿc1Skipping Dark Ranger 455 16
[10/09/20 22:27:39] D2BS 46088: ÿc1Skipping Dark Ranger 452 16
[10/09/20 22:27:40] D2BS 46088: ÿc1Skipping Dark Ranger 455 16
[10/09/20 22:27:41] D2BS 46088: ÿc1Skipping Dark Ranger 452 16
[10/09/20 22:27:46] D2BS 46088: initNPC: heal
[10/09/20 22:27:51] D2BS 46088: move retry 1
[10/09/20 22:27:52] D2BS 46088: move retry 1
[10/09/20 22:27:59] D2BS 46088: initNPC: identify
[10/09/20 22:28:03] D2BS 46088: ÿc4MiniShopBotÿc0: Scanning 53 items.
[10/09/20 22:28:04] D2BS 46088: LowGold sell Cracked Javelin
[10/09/20 22:28:04] D2BS 46088: initNPC: clearInventory
[10/09/20 22:28:04] D2BS 46088: LowGold sell Low Quality Hand Axe
[10/09/20 22:28:04] D2BS 46088: initNPC: clearInventory
[10/09/20 22:28:06] D2BS 46088:  Cap of Energy
[10/09/20 22:28:07] D2BS 46088: Leather Armor
[10/09/20 22:28:17] D2BS 46088: 1
[10/09/20 22:29:01] D2BS 46088: move retry 1
[10/09/20 22:29:07] D2BS 46088: move retry 1
[10/09/20 22:29:14] D2BS 46088: move retry 1
[10/09/20 22:29:27] D2BS 46088: ÿc1Skipping Carver 506 16
[10/09/20 22:29:29] D2BS 46088: ÿc1Skipping Carver 472 16
[10/09/20 22:29:29] D2BS 46088: AutoBuild: Stat points: 5      Skill points: 2
[10/09/20 22:29:29] D2BS 46088: AutoBuild: Level up detected ( 6 --> 7 )
[10/09/20 22:29:29] D2BS 46088: AutoBuild: useSkillPoint(): Clay Golem (75)
[10/09/20 22:29:29] D2BS 46088: AutoBuild: Skill (1/2) Increased Clay Golem (75) by one (level:  1)
[10/09/20 22:29:30] D2BS 46088: AutoBuild: useSkillPoint(): Skeleton Mastery (69)
[10/09/20 22:29:30] D2BS 46088: AutoBuild: Skill (2/2) Increased Skeleton Mastery (69) by one (level:  2)
[10/09/20 22:29:30] D2BS 46088: ÿc1Skipping Carver 476 16
[10/09/20 22:29:30] D2BS 46088: AutoBuild: useStatPoint(0): Strength
[10/09/20 22:29:30] D2BS 46088: AutoBuild: Stat (1/5) Increased Strength from 20 to 21
[10/09/20 22:29:30] D2BS 46088: AutoBuild: useStatPoint(3): Vitality
[10/09/20 22:29:30] D2BS 46088: AutoBuild: Stat (2/5) Increased Vitality from 35 to 36
[10/09/20 22:29:30] D2BS 46088: AutoBuild: useStatPoint(3): Vitality
[10/09/20 22:29:30] D2BS 46088: AutoBuild: Stat (3/5) Increased Vitality from 36 to 37
[10/09/20 22:29:30] D2BS 46088: AutoBuild: useStatPoint(3): Vitality
[10/09/20 22:29:30] D2BS 46088: AutoBuild: Stat (4/5) Increased Vitality from 37 to 38
[10/09/20 22:29:30] D2BS 46088: AutoBuild: useStatPoint(3): Vitality
[10/09/20 22:29:31] D2BS 46088: AutoBuild: Stat (5/5) Increased Vitality from 38 to 39
[10/09/20 22:29:31] D2BS 46088: AutoBuild: Updating Config from level 6 to 7
[10/09/20 22:29:31] D2BS 46088: Updating Config from level 6 to 7
[10/09/20 22:29:31] D2BS 46088: Updating Config from level 6 to 7
[10/09/20 22:29:31] D2BS 46088: Updating Config from level 6 to 7
[10/09/20 22:29:31] D2BS 46088: Updating Config from level 6 to 7
[10/09/20 22:29:31] D2BS 46088: AutoBuild: Incrementing cached character level to 7
[10/09/20 22:29:36] D2BS 46088: ÿc1Skipping Hungry Dead 516 16
[10/09/20 22:29:36] D2BS 46088: ÿc1Skipping Hungry Dead 517 16
[10/09/20 22:30:27] D2BS 46088: ÿc1Skipping Carver 473 16
[10/09/20 22:30:28] D2BS 46088: ÿc7Picked up ÿc412 Gold
[10/09/20 22:30:34] D2BS 46088: ÿc1Skipping Skeleton 503 16
[10/09/20 22:30:35] D2BS 46088: ÿc7Picked up ÿc3Spear ÿc0(ilvl 8) (Merc.xpac.nip #15)
[10/09/20 22:30:36] D2BS 46088: ÿc1Skipping Carver 521 16
[10/09/20 22:30:36] D2BS 46088: ÿc1Skipping Carver 522 16
[10/09/20 22:30:36] D2BS 46088: ÿc1Skipping Carver 525 16
[10/09/20 22:30:37] D2BS 46088: ÿc1Skipping Carver 520 16
[10/09/20 22:30:37] D2BS 46088: ÿc1Skipping Carver 523 16
[10/09/20 22:30:38] D2BS 46088: ÿc1Skipping Carver 521 16
[10/09/20 22:30:40] D2BS 46088: ÿc1Skipping Carver 522 16
[10/09/20 22:30:40] D2BS 46088: ÿc1Skipping Carver 520 16
[10/09/20 22:30:41] D2BS 46088: ÿc7Picked up ÿc433 Gold
[10/09/20 22:30:43] D2BS 46088: ÿc1Skipping Carver 522 16
[10/09/20 22:30:45] D2BS 46088: ÿc1Skipping Carver 522 16
[10/09/20 22:30:46] D2BS 46088: ÿc1Skipping Carver 522 16
[10/09/20 22:30:47] D2BS 46088: ÿc1Skipping Carver 526 16
[10/09/20 22:30:48] D2BS 46088: ÿc7Picked up ÿc428 Gold
[10/09/20 22:30:49] D2BS 46088: ÿc1Skipping Carver 526 16
[10/09/20 22:31:22] D2BS 46088: ÿc7Picked up ÿc428 Gold
[10/09/20 22:31:24] D2BS 46088: ÿc1Skipping Fallen 551 16
[10/09/20 22:31:25] D2BS 46088: ÿc1Skipping Fallen 549 16
[10/09/20 22:31:25] D2BS 46088: ÿc1Skipping Fallen 552 16
[10/09/20 22:31:25] D2BS 46088: ÿc1Skipping Fallen 550 16
[10/09/20 22:31:26] D2BS 46088: ÿc1Skipping Carver 543 16
[10/09/20 22:31:26] D2BS 46088: ÿc1Skipping Carver 546 16
[10/09/20 22:31:26] D2BS 46088: ÿc1Skipping Carver 564 16
[10/09/20 22:31:27] D2BS 46088: ÿc1Skipping Fallen 549 16
[10/09/20 22:31:27] D2BS 46088: ÿc1Skipping Carver 546 16
[10/09/20 22:31:28] D2BS 46088: ÿc1Skipping Carver 546 16
[10/09/20 22:31:28] D2BS 46088: ÿc1Skipping Carver 543 16
[10/09/20 22:31:28] D2BS 46088: ÿc1Skipping Carver 545 16
[10/09/20 22:31:29] D2BS 46088: ÿc1Skipping Carver 546 16
[10/09/20 22:31:29] D2BS 46088: ÿc1Skipping Carver 545 16
[10/09/20 22:31:30] D2BS 46088: ÿc1Skipping Carver 543 16
[10/09/20 22:31:30] D2BS 46088: ÿc1Skipping Carver 541 16
[10/09/20 22:31:31] D2BS 46088: ÿc1Skipping Carver 564 16
[10/09/20 22:31:31] D2BS 46088: ÿc1Skipping Carver 542 16
[10/09/20 22:31:34] D2BS 46088: move retry 1
[10/09/20 22:31:36] D2BS 46088: ÿc1Skipping Carver 541 16
[10/09/20 22:31:37] D2BS 46088: ÿc1Skipping Carver 543 16
[10/09/20 22:31:37] D2BS 46088: ÿc1Skipping Carver 545 16
[10/09/20 22:31:39] D2BS 46088: ÿc7Picked up ÿc0Scroll of Town Portal ÿc7(20/20)
[10/09/20 22:31:40] D2BS 46088: ÿc7Picked up ÿc42 Gold
[10/09/20 22:31:46] D2BS 46088: ÿc1Skipping Hungry Dead 538 16
[10/09/20 22:31:49] D2BS 46088: move retry 1
[10/09/20 22:32:11] D2BS 46088: ÿc1Skipping Hungry Dead 570 16
[10/09/20 22:32:23] D2BS 46088: ÿc7Picked up ÿc49 Gold
[10/09/20 22:32:41] D2BS 46088: ÿc7Picked up ÿc47 Gold
[10/09/20 22:32:42] D2BS 46088: move retry 1
[10/09/20 22:33:02] D2BS 46088: move retry 1
[10/09/20 22:33:05] D2BS 46088: move retry 1
[10/09/20 22:33:38] D2BS 46088: move retry 1
[10/09/20 22:33:41] D2BS 46088: move retry 1
[10/09/20 22:34:11] D2BS 46088: move retry 1
[10/09/20 22:34:18] D2BS 46088: move retry 1
[10/09/20 22:34:42] D2BS 46088: move retry 1
[10/09/20 22:35:03] D2BS 46088: move retry 1
[10/09/20 22:35:04] D2BS 46088: move retry 2
[10/09/20 22:35:12] D2BS 46088: ÿc7Picked up ÿc0Short Bow ÿc0(ilvl 7) (Merc.xpac.nip #3)
[10/09/20 22:35:15] D2BS 46088: AutoBuild: Stat points: 5      Skill points: 1
[10/09/20 22:35:15] D2BS 46088: AutoBuild: Level up detected ( 7 --> 8 )
[10/09/20 22:35:15] D2BS 46088: AutoBuild: useSkillPoint(): Raise Skeleton (70)
[10/09/20 22:35:15] D2BS 46088: move retry 1
[10/09/20 22:35:15] D2BS 46088: AutoBuild: Skill (1/1) Increased Raise Skeleton (70) by one (level:  4)
[10/09/20 22:35:15] D2BS 46088: AutoBuild: useStatPoint(0): Strength
[10/09/20 22:35:15] D2BS 46088: AutoBuild: Stat (1/5) Increased Strength from 21 to 22
[10/09/20 22:35:15] D2BS 46088: AutoBuild: useStatPoint(3): Vitality
[10/09/20 22:35:15] D2BS 46088: AutoBuild: Stat (2/5) Increased Vitality from 39 to 40
[10/09/20 22:35:15] D2BS 46088: AutoBuild: useStatPoint(3): Vitality
[10/09/20 22:35:16] D2BS 46088: AutoBuild: Stat (3/5) Increased Vitality from 40 to 41
[10/09/20 22:35:16] D2BS 46088: AutoBuild: useStatPoint(3): Vitality
[10/09/20 22:35:16] D2BS 46088: AutoBuild: Stat (4/5) Increased Vitality from 41 to 42
[10/09/20 22:35:16] D2BS 46088: AutoBuild: useStatPoint(3): Vitality
[10/09/20 22:35:16] D2BS 46088: AutoBuild: Stat (5/5) Increased Vitality from 42 to 43
[10/09/20 22:35:16] D2BS 46088: AutoBuild: Updating Config from level 7 to 8
[10/09/20 22:35:16] D2BS 46088: Updating Config from level 7 to 8
[10/09/20 22:35:16] D2BS 46088: Updating Config from level 7 to 8
[10/09/20 22:35:16] D2BS 46088: Updating Config from level 7 to 8
[10/09/20 22:35:16] D2BS 46088: Updating Config from level 7 to 8
[10/09/20 22:35:16] D2BS 46088: AutoBuild: Incrementing cached character level to 8
[10/09/20 22:35:22] D2BS 46088: move retry 1
[10/09/20 22:35:52] D2BS 46088: ÿc1Skipping Dark Ranger 573 16
[10/09/20 22:35:53] D2BS 46088: ÿc1Skipping Dark Ranger 573 16
[10/09/20 22:35:59] D2BS 46088: move retry 1
[10/09/20 22:36:18] D2BS 46088: move retry 1
[10/09/20 22:36:33] D2BS 46088: move retry 1
[10/09/20 22:37:29] D2BS 46088: ÿc1Skipping Skeleton 462 16
[10/09/20 22:37:30] D2BS 46088: ÿc1Skipping Skeleton 462 16
[10/09/20 22:38:23] D2BS 46088: move retry 1
[10/09/20 22:38:29] D2BS 46088: move retry 1
[10/09/20 22:38:35] D2BS 46088: move retry 1
[10/09/20 22:38:45] D2BS 46088: move retry 1
[10/09/20 22:38:47] D2BS 46088: move retry 1
[10/09/20 22:38:54] D2BS 46088: move retry 1
[10/09/20 22:39:06] D2BS 46088: move retry 1
[10/09/20 22:39:34] D2BS 46088: 4,10
[10/09/20 22:39:47] D2BS 46088: ÿc1Skipping Vile Hunter 588 16
[10/09/20 22:39:48] D2BS 46088: ÿc7Picked up ÿc423 Gold
[10/09/20 22:39:50] D2BS 46088: ÿc1Skipping Vile Hunter 589 16
[10/09/20 22:39:56] D2BS 46088: ÿc1Skipping Vile Hunter 594 16
[10/09/20 22:39:58] D2BS 46088: ÿc1Skipping Misshapen 595 16
[10/09/20 22:39:59] D2BS 46088: ÿc1Skipping Misshapen 595 16
[10/09/20 22:39:59] D2BS 46088: ÿc1Skipping Misshapen 596 16
[10/09/20 22:40:00] D2BS 46088: ÿc1Skipping Misshapen 596 16
[10/09/20 22:40:00] D2BS 46088: ÿc1Skipping Vile Hunter 593 16
[10/09/20 22:40:01] D2BS 46088: ÿc1Skipping Carver 612 16
[10/09/20 22:40:02] D2BS 46088: move retry 1
[10/09/20 22:40:02] D2BS 46088: ÿc7Picked up ÿc421 Gold
[10/09/20 22:40:03] D2BS 46088: ÿc1Skipping Vile Hunter 592 16
[10/09/20 22:40:03] D2BS 46088: ÿc1Skipping Vile Hunter 593 16
[10/09/20 22:40:04] D2BS 46088: ÿc1Skipping Vile Hunter 592 16
[10/09/20 22:40:05] D2BS 46088: ÿc1Skipping Carver 612 16
[10/09/20 22:40:05] D2BS 46088: ÿc7Picked up ÿc428 Gold
[10/09/20 22:40:06] D2BS 46088: ÿc1Skipping Carver 612 16
[10/09/20 22:40:06] D2BS 46088: ÿc7Picked up ÿc46 Gold
[10/09/20 22:40:07] D2BS 46088: ÿc1Skipping Carver 612 16
[10/09/20 22:40:08] D2BS 46088: ÿc1Skipping Carver 612 16
[10/09/20 22:40:08] D2BS 46088: ÿc1Skipping Carver 610 16
[10/09/20 22:40:09] D2BS 46088: ÿc1Skipping Carver 612 16
[10/09/20 22:40:10] D2BS 46088: ÿc1Skipping Carver 610 16
[10/09/20 22:40:10] D2BS 46088: ÿc7Picked up ÿc429 Gold
[10/09/20 22:40:10] D2BS 46088: ÿc1Skipping Carver 610 16
[10/09/20 22:40:11] D2BS 46088: ÿc1Skipping Vile Hunter 624 16
[10/09/20 22:40:12] D2BS 46088: ÿc1Skipping Vile Hunter 626 16
[10/09/20 22:40:13] D2BS 46088: ÿc1Skipping Vile Hunter 624 16
[10/09/20 22:40:13] D2BS 46088: ÿc1Skipping Vile Hunter 626 16
[10/09/20 22:40:14] D2BS 46088: ÿc1Skipping Misshapen 617 16
[10/09/20 22:40:14] D2BS 46088: ÿc1Skipping Vile Hunter 625 16
[10/09/20 22:40:15] D2BS 46088: ÿc1Skipping Vile Hunter 624 16
[10/09/20 22:40:15] D2BS 46088: ÿc1Skipping Vile Hunter 626 16
[10/09/20 22:40:15] D2BS 46088: ÿc1Skipping Misshapen 617 16
[10/09/20 22:40:16] D2BS 46088: ÿc1Skipping Vile Hunter 625 16
[10/09/20 22:40:17] D2BS 46088: ÿc1Skipping Vile Hunter 625 16
[10/09/20 22:40:18] D2BS 46088: ÿc1Skipping Misshapen 617 16
[10/09/20 22:40:18] D2BS 46088: ÿc7Picked up ÿc427 Gold
[10/09/20 22:40:19] D2BS 46088: ÿc1Skipping Misshapen 617 16
[10/09/20 22:40:19] D2BS 46088: ÿc7Picked up ÿc49 Gold
[10/09/20 22:40:19] D2BS 46088: ÿc1Skipping Misshapen 617 16
[10/09/20 22:40:20] D2BS 46088: ÿc7Picked up ÿc421 Gold
[10/09/20 22:40:21] D2BS 46088: ÿc1Skipping Carver 619 16
[10/09/20 22:40:21] D2BS 46088: ÿc1Skipping Carver 619 16
[10/09/20 22:40:22] D2BS 46088: ÿc1Skipping Carver 619 16
[10/09/20 22:40:23] D2BS 46088: ÿc1Skipping Carver 619 16
[10/09/20 22:40:24] D2BS 46088: ÿc1Skipping Carver 619 16
[10/09/20 22:40:24] D2BS 46088: ÿc1Skipping Carver 619 16
[10/09/20 22:40:27] D2BS 46088: ÿc1Skipping Vile Hunter 627 16
[10/09/20 22:40:28] D2BS 46088: ÿc1Skipping Carver 618 16
[10/09/20 22:40:28] D2BS 46088: ÿc1Skipping Vile Hunter 615 16
[10/09/20 22:40:28] D2BS 46088: ÿc1Skipping Vile Hunter 636 16
[10/09/20 22:40:29] D2BS 46088: ÿc1Skipping Vile Hunter 613 16
[10/09/20 22:40:29] D2BS 46088: ÿc1Skipping Vile Hunter 616 16
[10/09/20 22:40:30] D2BS 46088: ÿc1Skipping Vile Hunter 628 16
[10/09/20 22:40:30] D2BS 46088: ÿc1Skipping Vile Hunter 627 16
[10/09/20 22:40:31] D2BS 46088: ÿc1Skipping Vile Hunter 636 16
[10/09/20 22:40:31] D2BS 46088: ÿc1Skipping Carver 621 16
[10/09/20 22:40:31] D2BS 46088: ÿc1Skipping Vile Hunter 615 16
[10/09/20 22:40:32] D2BS 46088: ÿc1Skipping Carver 618 16
[10/09/20 22:40:32] D2BS 46088: ÿc1Skipping Vile Hunter 613 16
[10/09/20 22:40:33] D2BS 46088: ÿc1Skipping Vile Hunter 614 16
[10/09/20 22:40:33] D2BS 46088: ÿc1Skipping Vile Hunter 616 16
[10/09/20 22:40:33] D2BS 46088: ÿc1Skipping Vile Hunter 629 16
[10/09/20 22:40:33] D2BS 46088: ÿc1Skipping Vile Hunter 628 16
[10/09/20 22:40:34] D2BS 46088: ÿc1Skipping Carver 622 16
[10/09/20 22:40:34] D2BS 46088: ÿc1Skipping Vile Hunter 630 16
[10/09/20 22:40:34] D2BS 46088: ÿc7Picked up ÿc421 Gold
[10/09/20 22:40:34] D2BS 46088: ÿc7Picked up ÿc410 Gold
[10/09/20 22:40:35] D2BS 46088: ÿc1Skipping Vile Hunter 636 16
[10/09/20 22:40:35] D2BS 46088: ÿc1Skipping Vile Hunter 615 16
[10/09/20 22:40:36] D2BS 46088: ÿc1Skipping Vile Hunter 614 16
[10/09/20 22:40:36] D2BS 46088: ÿc1Skipping Carver 621 16
[10/09/20 22:40:36] D2BS 46088: ÿc1Skipping Vile Hunter 613 16
[10/09/20 22:40:37] D2BS 46088: ÿc1Skipping Vile Hunter 629 16
[10/09/20 22:40:37] D2BS 46088: ÿc1Skipping Carver 618 16
[10/09/20 22:40:37] D2BS 46088: ÿc1Skipping Vile Hunter 630 16
[10/09/20 22:40:38] D2BS 46088: ÿc1Skipping Vile Hunter 628 16
[10/09/20 22:40:39] D2BS 46088: ÿc1Skipping Carver 611 16
[10/09/20 22:40:41] D2BS 46088: ÿc7Picked up ÿc425 Gold
[10/09/20 22:40:43] D2BS 46088: ÿc1Skipping Vile Hunter 613 16
[10/09/20 22:40:43] D2BS 46088: ÿc1Skipping Vile Hunter 636 16
[10/09/20 22:40:43] D2BS 46088: ÿc1Skipping Vile Hunter 614 16
[10/09/20 22:40:44] D2BS 46088: ÿc1Skipping Carver 618 16
[10/09/20 22:40:44] D2BS 46088: ÿc1Skipping Vile Hunter 628 16
[10/09/20 22:40:44] D2BS 46088: ÿc1Skipping Vile Hunter 630 16
[10/09/20 22:40:45] D2BS 46088: ÿc7Picked up ÿc418 Gold
[10/09/20 22:40:46] D2BS 46088: ÿc1Skipping Vile Hunter 613 16
[10/09/20 22:40:46] D2BS 46088: ÿc1Skipping Vile Hunter 636 16
[10/09/20 22:40:46] D2BS 46088: ÿc1Skipping Vile Hunter 614 16
[10/09/20 22:40:47] D2BS 46088: ÿc1Skipping Vile Hunter 628 16
[10/09/20 22:40:48] D2BS 46088: initNPC: heal
[10/09/20 22:40:55] D2BS 46088: initNPC: identify
[10/09/20 22:40:57] D2BS 46088: ÿc4MiniShopBotÿc0: Scanning 62 items.
[10/09/20 22:40:58] D2BS 46088: initNPC: buyPotions
[10/09/20 22:40:59] D2BS 46088: initNPC: clearInventory
[10/09/20 22:41:02] D2BS 46088: 1
[10/09/20 22:41:08] D2BS 46088: initNPC: heal
[10/09/20 22:41:39] D2BS 46088: ÿc1Skipping Vile Lancer 696 16
[10/09/20 22:41:47] D2BS 46088: ÿc7Picked up ÿc418 Gold
[10/09/20 22:41:56] D2BS 46088: ÿc1Skipping Vile Lancer 693 16
[10/09/20 22:41:56] D2BS 46088: ÿc1Skipping Vile Lancer 697 16
[10/09/20 22:41:56] D2BS 46088: ÿc1Skipping Carver 700 16
[10/09/20 22:41:57] D2BS 46088: ÿc1Skipping Vile Lancer 694 16
[10/09/20 22:41:57] D2BS 46088: ÿc1Skipping Vile Lancer 695 16
[10/09/20 22:41:57] D2BS 46088: ÿc1Skipping Vile Lancer 698 16
[10/09/20 22:41:58] D2BS 46088: ÿc1Skipping Spike Fiend 710 16
[10/09/20 22:41:59] D2BS 46088: ÿc7Picked up ÿc424 Gold
[10/09/20 22:42:01] D2BS 46088: ÿc1Skipping Vile Lancer 697 16
[10/09/20 22:42:01] D2BS 46088: ÿc1Skipping Vile Lancer 697 16
[10/09/20 22:42:02] D2BS 46088: ÿc1Skipping Vile Lancer 694 16
[10/09/20 22:42:02] D2BS 46088: ÿc1Skipping Vile Lancer 695 16
[10/09/20 22:42:03] D2BS 46088: ÿc1Skipping Spike Fiend 703 16
[10/09/20 22:42:04] D2BS 46088: ÿc1Skipping Vile Lancer 697 16
[10/09/20 22:42:04] D2BS 46088: ÿc1Skipping Vile Lancer 695 16
[10/09/20 22:42:05] D2BS 46088: ÿc1Skipping Vile Lancer 693 16
[10/09/20 22:42:05] D2BS 46088: ÿc1Skipping Vile Lancer 698 16
[10/09/20 22:42:06] D2BS 46088: ÿc1Skipping Vile Lancer 697 16
[10/09/20 22:42:06] D2BS 46088: ÿc1Skipping Vile Lancer 695 16
[10/09/20 22:42:06] D2BS 46088: ÿc1Skipping Vile Lancer 693 16
[10/09/20 22:42:07] D2BS 46088: ÿc1Skipping Vile Lancer 698 16
[10/09/20 22:42:07] D2BS 46088: ÿc1Skipping Vile Lancer 695 16
[10/09/20 22:42:08] D2BS 46088: ÿc1Skipping Vile Lancer 698 16
[10/09/20 22:42:08] D2BS 46088: ÿc1Skipping Vile Lancer 697 16
[10/09/20 22:42:08] D2BS 46088: ÿc7Picked up ÿc0Spear ÿc0(ilvl 8)
[10/09/20 22:42:09] D2BS 46088: ÿc1Skipping Vile Lancer 697 16
[10/09/20 22:42:09] D2BS 46088: ÿc1Skipping Vile Lancer 698 16
[10/09/20 22:42:10] D2BS 46088: ÿc1Skipping Vile Lancer 697 16
[10/09/20 22:42:11] D2BS 46088: ÿc1Skipping Spike Fiend 707 16
[10/09/20 22:42:11] D2BS 46088: ÿc1Skipping Spike Fiend 710 16
[10/09/20 22:42:12] D2BS 46088: ÿc1Skipping Vile Lancer 697 16
[10/09/20 22:42:12] D2BS 46088: ÿc1Skipping Spike Fiend 707 16
[10/09/20 22:42:12] D2BS 46088: ÿc1Skipping Spike Fiend 710 16
[10/09/20 22:42:13] D2BS 46088: ÿc1Skipping Carver 691 16
[10/09/20 22:42:17] D2BS 46088: ÿc1Skipping Carver 691 16
[10/09/20 22:42:18] D2BS 46088: ÿc7Picked up ÿc428 Gold
[10/09/20 22:42:19] D2BS 46088: ÿc7Picked up ÿc419 Gold
[10/09/20 22:42:20] D2BS 46088: ÿc1Skipping Spike Fiend 709 16
[10/09/20 22:42:23] D2BS 46088: ÿc1Skipping Spike Fiend 709 16
[10/09/20 22:42:27] D2BS 46088: ÿc1Skipping Spike Fiend 758 16
[10/09/20 22:42:28] D2BS 46088: ÿc1Skipping Carver 749 16
[10/09/20 22:42:32] D2BS 46088: ÿc1Skipping Spike Fiend 753 16
[10/09/20 22:42:32] D2BS 46088: AutoBuild: Stat points: 5      Skill points: 1
[10/09/20 22:42:32] D2BS 46088: AutoBuild: Level up detected ( 8 --> 9 )
[10/09/20 22:42:32] D2BS 46088: AutoBuild: useSkillPoint(): Skeleton Mastery (69)
[10/09/20 22:42:32] D2BS 46088: AutoBuild: Skill (1/1) Increased Skeleton Mastery (69) by one (level:  3)
[10/09/20 22:42:32] D2BS 46088: AutoBuild: useStatPoint(0): Strength
[10/09/20 22:42:32] D2BS 46088: AutoBuild: Stat (1/5) Increased Strength from 22 to 23
[10/09/20 22:42:32] D2BS 46088: AutoBuild: useStatPoint(3): Vitality
[10/09/20 22:42:33] D2BS 46088: AutoBuild: Stat (2/5) Increased Vitality from 43 to 44
[10/09/20 22:42:33] D2BS 46088: AutoBuild: useStatPoint(3): Vitality
[10/09/20 22:42:33] D2BS 46088: AutoBuild: Stat (3/5) Increased Vitality from 44 to 45
[10/09/20 22:42:33] D2BS 46088: AutoBuild: useStatPoint(3): Vitality
[10/09/20 22:42:33] D2BS 46088: AutoBuild: Stat (4/5) Increased Vitality from 45 to 46
[10/09/20 22:42:33] D2BS 46088: AutoBuild: useStatPoint(3): Vitality
[10/09/20 22:42:33] D2BS 46088: ÿc1Skipping Spike Fiend 756 16
[10/09/20 22:42:33] D2BS 46088: AutoBuild: Stat (5/5) Increased Vitality from 46 to 47
[10/09/20 22:42:33] D2BS 46088: AutoBuild: Updating Config from level 8 to 9
[10/09/20 22:42:33] D2BS 46088: Updating Config from level 8 to 9
[10/09/20 22:42:33] D2BS 46088: Updating Config from level 8 to 9
[10/09/20 22:42:33] D2BS 46088: Updating Config from level 8 to 9
[10/09/20 22:42:33] D2BS 46088: Updating Config from level 8 to 9
[10/09/20 22:42:33] D2BS 46088: AutoBuild: Incrementing cached character level to 9
[10/09/20 22:42:42] D2BS 46088: ÿc1Skipping Brute 770 16
[10/09/20 22:42:42] D2BS 46088: ÿc1Skipping Brute 769 16
[10/09/20 22:42:43] D2BS 46088: ÿc1Skipping Brute 770 16
[10/09/20 22:42:45] D2BS 46088: ÿc7Picked up ÿc0Scimitar ÿc0(ilvl 8)
[10/09/20 22:42:58] D2BS 46088: ÿc7Picked up ÿc46 Gold
[10/09/20 22:42:59] D2BS 46088: move retry 1
[10/09/20 22:43:04] D2BS 46088: ÿc1Skipping Vile Lancer 775 16
[10/09/20 22:43:04] D2BS 46088: ÿc1Skipping Carver 781 16
[10/09/20 22:43:04] D2BS 46088: ÿc1Skipping Vile Lancer 776 16
[10/09/20 22:43:04] D2BS 46088: ÿc1Skipping Carver 779 16
[10/09/20 22:43:05] D2BS 46088: ÿc1Skipping Carver 777 16
[10/09/20 22:43:05] D2BS 46088: ÿc1Skipping Vile Lancer 775 16
[10/09/20 22:43:06] D2BS 46088: ÿc1Skipping Vile Lancer 776 16
[10/09/20 22:43:07] D2BS 46088: ÿc1Skipping Vile Lancer 774 16
[10/09/20 22:43:07] D2BS 46088: ÿc1Skipping Spike Fiend 771 16
[10/09/20 22:43:08] D2BS 46088: ÿc7Picked up ÿc46 Gold
[10/09/20 22:43:11] D2BS 46088: ÿc1Skipping Vile Lancer 774 16
[10/09/20 22:43:13] D2BS 46088: ÿc1Skipping Spike Fiend 772 16
[10/09/20 22:43:17] D2BS 46088: ÿc1Skipping Spike Fiend 804 16
[10/09/20 22:43:17] D2BS 46088: ÿc7Picked up ÿc414 Gold
[10/09/20 22:43:19] D2BS 46088: initNPC: heal
[10/09/20 22:43:25] D2BS 46088: initNPC: identify
[10/09/20 22:43:26] D2BS 46088: ÿc4MiniShopBotÿc0: Scanning 51 items.
[10/09/20 22:43:27] D2BS 46088: initNPC: buyPotions
[10/09/20 22:43:27] D2BS 46088: LowGold sell Spear
[10/09/20 22:43:27] D2BS 46088: initNPC: clearInventory
[10/09/20 22:43:27] D2BS 46088: LowGold sell Scimitar
[10/09/20 22:43:27] D2BS 46088: initNPC: clearInventory
[10/09/20 22:43:39] D2BS 46088: 1
[10/09/20 23:27:55] D2BS 46088: Script default.dbj ended
[10/09/20 23:27:55] D2BS 46088: Script tools\autobuildthread.js ended
[10/09/20 23:27:55] D2BS 46088: Script tools\party.js ended
[10/09/20 23:27:55] D2BS 46088: Script tools\toolsthread.js ended
[10/09/20 23:27:55] D2BS 46088: Script tools\townchicken.js ended
[10/09/20 23:28:02] D2BS 46088: ÿc2D2BSÿc0 :: Starting default.dbj
[10/09/20 23:28:02] D2BS 46088: ÿc2D2BSÿc0 :: default.dbj running.
[10/09/20 23:28:02] D2BS 46088: AutoBuild: Including build template config/builds/necromancer.summoner.js into default.dbj
[10/09/20 23:28:02] D2BS 46088: Updating Config from level 0 to 9
[10/09/20 23:28:02] D2BS 46088: ÿc4Loaded NIP: ÿc2LateGame.nipÿc4. Lines: ÿc280ÿc4. Valid entries: ÿc253. ÿc4Time: ÿc20 ms
[10/09/20 23:28:02] D2BS 46088: ÿc4Loaded NIP: ÿc2MidGame.nipÿc4. Lines: ÿc268ÿc4. Valid entries: ÿc241. ÿc4Time: ÿc216 ms
[10/09/20 23:28:02] D2BS 46088: ÿc4Loaded NIP: ÿc2EarlyGame.nipÿc4. Lines: ÿc229ÿc4. Valid entries: ÿc213. ÿc4Time: ÿc20 ms
[10/09/20 23:28:02] D2BS 46088: ÿc4Loaded NIP: ÿc2SummonerRunes.nipÿc4. Lines: ÿc214ÿc4. Valid entries: ÿc26. ÿc4Time: ÿc20 ms
[10/09/20 23:28:02] D2BS 46088: ÿc4Loaded NIP: ÿc2Summoner.xpac.nipÿc4. Lines: ÿc2118ÿc4. Valid entries: ÿc2101. ÿc4Time: ÿc20 ms
[10/09/20 23:28:02] D2BS 46088: AutoBuild: Including build template config/builds/necromancer.summoner.js into tools\autobuildthread.js
[10/09/20 23:28:02] D2BS 46088: Updating Config from level 0 to 9
[10/09/20 23:28:02] D2BS 46088: AutoBuild: Loaded helper thread
[10/09/20 23:28:02] D2BS 46088: ÿc4Loaded NIP: ÿc2Merc.xpac.nipÿc4. Lines: ÿc257ÿc4. Valid entries: ÿc241. ÿc4Time: ÿc20 ms
[10/09/20 23:28:02] D2BS 46088: ÿc2Starting script: ÿc9LevelFollower
[10/09/20 23:28:02] D2BS 46088: AutoBuild: Including build template config/builds/necromancer.summoner.js into tools\party.js
[10/09/20 23:28:02] D2BS 46088: Updating Config from level 0 to 9
[10/09/20 23:28:02] D2BS 46088: ÿc2Party thread loaded. Mode: Accept
[10/09/20 23:28:02] D2BS 46088: ÿc3Start ToolsThread script
[10/09/20 23:28:02] D2BS 46088: AutoBuild: Including build template config/builds/necromancer.summoner.js into tools\townchicken.js
[10/09/20 23:28:02] D2BS 46088: AutoBuild: Including build template config/builds/necromancer.summoner.js into tools\toolsthread.js
[10/09/20 23:28:02] D2BS 46088: Updating Config from level 0 to 9
[10/09/20 23:28:02] D2BS 46088: Updating Config from level 0 to 9
[10/09/20 23:28:03] D2BS 46088: move retry 1
[10/09/20 23:28:20] D2BS 46088: initNPC: BuyPotions
[10/09/20 23:28:34] D2BS 46088: Found Leader
[10/09/20 23:28:34] D2BS 46088: Found Leader
[10/09/20 23:28:44] D2BS 46088: move retry 1
[10/09/20 23:28:52] D2BS 46088: initNPC: heal
[10/09/20 23:29:07] D2BS 46088: 1
[10/09/20 23:29:13] D2BS 46088: move retry 1
[10/09/20 23:29:35] D2BS 46088: ÿc7Picked up ÿc411 Gold
[10/09/20 23:29:39] D2BS 46088: ÿc7Picked up ÿc416 Gold
[10/09/20 23:29:42] D2BS 46088: ÿc7Picked up ÿc416 Gold
[10/09/20 23:29:43] D2BS 46088: move retry 1
[10/09/20 23:29:48] D2BS 46088: ÿc7Picked up ÿc45 Gold
[10/09/20 23:29:55] D2BS 46088: ÿc4Attackÿc0: No valid positions for: Dark Ranger
[10/09/20 23:29:56] D2BS 46088: ÿc4Attackÿc0: No valid positions for: Dark Ranger
[10/09/20 23:29:56] D2BS 46088: ÿc4Attackÿc0: No valid positions for: Dark Ranger
[10/09/20 23:29:57] D2BS 46088: ÿc4Attackÿc0: No valid positions for: Dark Ranger
[10/09/20 23:29:57] D2BS 46088: ÿc4Attackÿc0: No valid positions for: Dark Ranger
[10/09/20 23:29:59] D2BS 46088: ÿc7Picked up ÿc44 Gold
[10/09/20 23:30:03] D2BS 46088: ÿc7Picked up ÿc42 Gold
[10/09/20 23:30:10] D2BS 46088: move retry 1
[10/09/20 23:30:13] D2BS 46088: move retry 1
[10/09/20 23:30:21] D2BS 46088: ÿc7Picked up ÿc421 Gold
[10/09/20 23:30:23] D2BS 46088: ÿc7Picked up ÿc423 Gold
[10/09/20 23:30:39] D2BS 46088: ÿc7Picked up ÿc47 Gold
[10/09/20 23:30:43] D2BS 46088: ÿc1Skipping Carver 147 16
[10/09/20 23:30:45] D2BS 46088: ÿc1Skipping Carver 145 16
[10/09/20 23:30:47] D2BS 46088: ÿc1Skipping Carver 140 16
[10/09/20 23:30:49] D2BS 46088: ÿc1Skipping Carver 144 16
[10/09/20 23:31:26] D2BS 46088: 4,38
[10/09/20 23:31:51] D2BS 46088: ÿc7Picked up ÿc427 Gold
[10/09/20 23:32:11] D2BS 46088: ÿc1Skipping Carver 210 16
[10/09/20 23:32:11] D2BS 46088: ÿc1Skipping Carver 209 16
[10/09/20 23:32:13] D2BS 46088: AutoBuild: Stat points: 5      Skill points: 1
[10/09/20 23:32:13] D2BS 46088: AutoBuild: Level up detected ( 9 --> 10 )
[10/09/20 23:32:13] D2BS 46088: AutoBuild: useSkillPoint(): Skeleton Mastery (69)
[10/09/20 23:32:13] D2BS 46088: AutoBuild: Skill (1/1) Increased Skeleton Mastery (69) by one (level:  4)
[10/09/20 23:32:13] D2BS 46088: move retry 1
[10/09/20 23:32:13] D2BS 46088: AutoBuild: useStatPoint(0): Strength
[10/09/20 23:32:14] D2BS 46088: AutoBuild: Stat (1/5) Increased Strength from 23 to 24
[10/09/20 23:32:14] D2BS 46088: AutoBuild: useStatPoint(3): Vitality
[10/09/20 23:32:14] D2BS 46088: AutoBuild: Stat (2/5) Increased Vitality from 47 to 48
[10/09/20 23:32:14] D2BS 46088: AutoBuild: useStatPoint(3): Vitality
[10/09/20 23:32:14] D2BS 46088: AutoBuild: Stat (3/5) Increased Vitality from 48 to 49
[10/09/20 23:32:14] D2BS 46088: AutoBuild: useStatPoint(3): Vitality
[10/09/20 23:32:14] D2BS 46088: AutoBuild: Stat (4/5) Increased Vitality from 49 to 50
[10/09/20 23:32:14] D2BS 46088: AutoBuild: useStatPoint(3): Vitality
[10/09/20 23:32:14] D2BS 46088: AutoBuild: Stat (5/5) Increased Vitality from 50 to 51
[10/09/20 23:32:14] D2BS 46088: Updating Config from level 9 to 10
[10/09/20 23:32:14] D2BS 46088: Updating Config from level 9 to 10
[10/09/20 23:32:14] D2BS 46088: AutoBuild: Updating Config from level 9 to 10
[10/09/20 23:32:14] D2BS 46088: Updating Config from level 9 to 10
[10/09/20 23:32:14] D2BS 46088: Updating Config from level 9 to 10
[10/09/20 23:32:14] D2BS 46088: AutoBuild: Incrementing cached character level to 10
[10/09/20 23:32:20] D2BS 46088: ÿc7Picked up ÿc422 Gold
[10/09/20 23:32:36] D2BS 46088: ÿc1Skipping Returned 192 16
[10/09/20 23:32:36] D2BS 46088: move retry 1
[10/09/20 23:32:37] D2BS 46088: ÿc7Picked up ÿc0Hand Axe ÿc0(ilvl 6)
[10/09/20 23:32:44] D2BS 46088: move retry 1
[10/09/20 23:32:59] D2BS 46088: move retry 1
[10/09/20 23:33:00] D2BS 46088: ÿc7Picked up ÿc422 Gold
[10/09/20 23:33:03] D2BS 46088: ÿc1Skipping Carver 213 16
[10/09/20 23:33:06] D2BS 46088: ÿc7Picked up ÿc412 Gold
[10/09/20 23:34:23] D2BS 46088: move retry 1
[10/09/20 23:34:29] D2BS 46088: move retry 1
[10/09/20 23:34:30] D2BS 46088: move retry 1
[10/09/20 23:34:39] D2BS 46088: ÿc1Skipping Carver 220 16
[10/09/20 23:34:40] D2BS 46088: ÿc7Picked up ÿc1Minor Healing Potion ÿc0(ilvl 1) (EarlyGame.nip #27)
[10/09/20 23:34:41] D2BS 46088: ÿc1Skipping Carver 220 16
[10/09/20 23:34:42] D2BS 46088: ÿc1Skipping Carver 220 16
[10/09/20 23:35:18] D2BS 46088: initNPC: heal
[10/09/20 23:35:30] D2BS 46088: initNPC: identify
[10/09/20 23:35:31] D2BS 46088: ÿc4MiniShopBotÿc0: Scanning 64 items.
[10/09/20 23:35:31] D2BS 46088: LowGold sell Hand Axe
[10/09/20 23:35:31] D2BS 46088: initNPC: clearInventory
[10/09/20 23:35:32] D2BS 46088: LowGold sell Rugged Ring of Greed
[10/09/20 23:35:32] D2BS 46088: initNPC: clearInventory
[10/09/20 23:35:42] D2BS 46088: 1
[10/09/20 23:35:58] D2BS 46088: 5
[10/09/20 23:36:11] D2BS 46088: 1
[10/09/20 23:36:30] D2BS 46088: move retry 1
[10/09/20 23:36:36] D2BS 46088: move retry 1
[10/09/20 23:36:55] D2BS 46088: ÿc7Picked up ÿc412 Gold
[10/09/20 23:36:57] D2BS 46088: ÿc1Skipping Carver 52 16
[10/09/20 23:37:00] D2BS 46088: ÿc7Picked up ÿc1Light Healing Potion ÿc0(ilvl 1) (EarlyGame.nip #29)
[10/09/20 23:37:03] D2BS 46088: ÿc7Picked up ÿc423 Gold
[10/09/20 23:37:15] D2BS 46088: ÿc1Skipping Carver 32 16
[10/09/20 23:37:15] D2BS 46088: ÿc1Skipping Vile Lancer 268 16
[10/09/20 23:37:16] D2BS 46088: ÿc1Skipping Vile Lancer 269 16
[10/09/20 23:37:22] D2BS 46088: ÿc1Skipping Carver 267 16
[10/09/20 23:37:23] D2BS 46088: ÿc7Picked up ÿc421 Gold
[10/09/20 23:37:24] D2BS 46088: ÿc7Picked up ÿc427 Gold
[10/09/20 23:38:12] D2BS 46088: ÿc1Skipping Skeleton Archer 315 16
[10/09/20 23:38:15] D2BS 46088: ÿc7Picked up ÿc415 Gold
[10/09/20 23:38:31] D2BS 46088: AutoBuild: Stat points: 5      Skill points: 1
[10/09/20 23:38:31] D2BS 46088: AutoBuild: Level up detected ( 10 --> 11 )
[10/09/20 23:38:31] D2BS 46088: AutoBuild: useSkillPoint(): Skeleton Mastery (69)
[10/09/20 23:38:31] D2BS 46088: AutoBuild: Skill (1/1) Increased Skeleton Mastery (69) by one (level:  5)
[10/09/20 23:38:31] D2BS 46088: AutoBuild: useStatPoint(0): Strength
[10/09/20 23:38:31] D2BS 46088: AutoBuild: Attempt to spend point 1 in Strength may have failed!
[10/09/20 23:38:31] D2BS 46088: AutoBuild: useStatPoint(3): Vitality
[10/09/20 23:38:31] D2BS 46088: AutoBuild: Stat (2/5) Increased Vitality from 51 to 52
[10/09/20 23:38:31] D2BS 46088: AutoBuild: useStatPoint(3): Vitality
[10/09/20 23:38:31] D2BS 46088: AutoBuild: Stat (3/5) Increased Vitality from 52 to 53
[10/09/20 23:38:31] D2BS 46088: AutoBuild: useStatPoint(3): Vitality
[10/09/20 23:38:31] D2BS 46088: ÿc7Picked up ÿc0Eagle Orb ÿc0(ilvl 8)
[10/09/20 23:38:31] D2BS 46088: ÿc7Picked up ÿc3Throwing Knife ÿc0(ilvl 8)
[10/09/20 23:38:31] D2BS 46088: AutoBuild: Stat (4/5) Increased Vitality from 53 to 54
[10/09/20 23:38:31] D2BS 46088: AutoBuild: useStatPoint(3): Vitality
[10/09/20 23:38:32] D2BS 46088: AutoBuild: Stat (5/5) Increased Vitality from 54 to 55
[10/09/20 23:38:32] D2BS 46088: Updating Config from level 10 to 11
[10/09/20 23:38:32] D2BS 46088: Updating Config from level 10 to 11
[10/09/20 23:38:32] D2BS 46088: AutoBuild: Updating Config from level 10 to 11
[10/09/20 23:38:32] D2BS 46088: Updating Config from level 10 to 11
[10/09/20 23:38:32] D2BS 46088: Updating Config from level 10 to 11
[10/09/20 23:38:32] D2BS 46088: AutoBuild: Incrementing cached character level to 11
[10/09/20 23:38:34] D2BS 46088: ÿc7Picked up ÿc412 Gold
[10/09/20 23:39:07] D2BS 46088: initNPC: identify
[10/09/20 23:39:19] D2BS 46088: ÿc4MiniShopBotÿc0: Scanning 54 items.
[10/09/20 23:39:20] D2BS 46088: LowGold sell Eagle Orb
[10/09/20 23:39:20] D2BS 46088: initNPC: clearInventory
[10/09/20 23:39:23] D2BS 46088: move retry 1
[10/09/20 23:39:32] D2BS 46088: 1
[10/09/20 23:39:39] D2BS 46088: move retry 1
[10/09/20 23:40:00] D2BS 46088: ÿc7Picked up ÿc425 Gold
[10/09/20 23:40:02] D2BS 46088: ÿc7Picked up ÿc46 Gold
[10/09/20 23:40:05] D2BS 46088: ÿc7Picked up ÿc418 Gold
[10/09/20 23:42:09] D2BS 46088: ÿc7Picked up ÿc421 Gold
[10/09/20 23:42:44] D2BS 46088: ÿc7Picked up ÿc1Minor Healing Potion ÿc0(ilvl 1) (EarlyGame.nip #27)
[10/09/20 23:42:51] D2BS 46088: ÿc1Skipping Carver 252 16
[10/09/20 23:42:53] D2BS 46088: ÿc7Picked up ÿc0Crude Small Shield ÿc0(ilvl 5)
[10/09/20 23:42:56] D2BS 46088: ÿc7Picked up ÿc0Hand Axe ÿc0(ilvl 5)
[10/09/20 23:42:57] D2BS 46088: ÿc7Picked up ÿc47 Gold
[10/09/20 23:43:34] D2BS 46088: initNPC: heal
[10/09/20 23:43:41] D2BS 46088: initNPC: identify
[10/09/20 23:43:42] D2BS 46088: ÿc4MiniShopBotÿc0: Scanning 55 items.
[10/09/20 23:43:43] D2BS 46088: LowGold sell Hand Axe
[10/09/20 23:43:43] D2BS 46088: initNPC: clearInventory
[10/09/20 23:43:43] D2BS 46088: initNPC: repair
[10/09/20 23:43:56] D2BS 46088: initNPC: clearInventory
[10/09/20 23:44:10] D2BS 46088: 1
[10/09/20 23:45:25] D2BS 46088: move retry 1
[10/09/20 23:46:30] D2BS 46088: move retry 1
[10/09/20 23:47:12] D2BS 46088: move retry 1
[10/09/20 23:47:31] D2BS 46088: move retry 1
[10/09/20 23:47:50] D2BS 46088: move retry 1
[10/09/20 23:48:27] D2BS 46088: ÿc7Picked up ÿc417 Gold
[10/09/20 23:48:34] D2BS 46088: ÿc7Picked up ÿc423 Gold
[10/09/20 23:48:36] D2BS 46088: initNPC: heal
[10/09/20 23:48:42] D2BS 46088: initNPC: fillTome
[10/09/20 23:48:44] D2BS 46088: 1
[10/09/20 23:49:27] D2BS 46088: move retry 1
[10/09/20 23:49:33] D2BS 46088: move retry 1
[10/09/20 23:49:36] D2BS 46088: move retry 2
[10/09/20 23:49:58] D2BS 46088: ÿc7Picked up ÿc412 Gold
[10/09/20 23:50:36] D2BS 46088: move retry 1
[10/09/20 23:51:20] D2BS 46088: move retry 1
[10/09/20 23:51:39] D2BS 46088: move retry 1
[10/09/20 23:52:03] D2BS 46088: move retry 1
[10/09/20 23:53:10] D2BS 46088: 5,6
[10/09/20 23:53:43] D2BS 46088: ÿc7Picked up ÿc422 Gold
[10/09/20 23:54:03] D2BS 46088: ÿc7Picked up ÿc1Minor Healing Potion ÿc0(ilvl 1) (EarlyGame.nip #27)
[10/09/20 23:54:39] D2BS 46088: 6,20
[10/09/20 23:54:46] D2BS 46088: 20,21
[10/09/20 23:54:51] D2BS 46088: AutoBuild: Stat points: 5      Skill points: 1
[10/09/20 23:54:51] D2BS 46088: AutoBuild: Level up detected ( 11 --> 12 )
[10/09/20 23:54:51] D2BS 46088: AutoBuild: useSkillPoint(): Raise Skeletal Mage (80)
[10/09/20 23:54:52] D2BS 46088: AutoBuild: Skill (1/1) Increased Raise Skeletal Mage (80) by one (level:  1)
[10/09/20 23:54:52] D2BS 46088: AutoBuild: useStatPoint(0): Strength
[10/09/20 23:54:52] D2BS 46088: AutoBuild: Stat (1/5) Increased Strength from 25 to 26
[10/09/20 23:54:52] D2BS 46088: AutoBuild: useStatPoint(3): Vitality
[10/09/20 23:54:52] D2BS 46088: AutoBuild: Stat (2/5) Increased Vitality from 55 to 56
[10/09/20 23:54:52] D2BS 46088: AutoBuild: useStatPoint(3): Vitality
[10/09/20 23:54:52] D2BS 46088: AutoBuild: Stat (3/5) Increased Vitality from 56 to 57
[10/09/20 23:54:52] D2BS 46088: AutoBuild: useStatPoint(3): Vitality
[10/09/20 23:54:52] D2BS 46088: AutoBuild: Stat (4/5) Increased Vitality from 57 to 58
[10/09/20 23:54:52] D2BS 46088: AutoBuild: useStatPoint(3): Vitality
[10/09/20 23:54:52] D2BS 46088: AutoBuild: Stat (5/5) Increased Vitality from 58 to 59
[10/09/20 23:54:52] D2BS 46088: Updating Config from level 11 to 12
[10/09/20 23:54:52] D2BS 46088: Updating Config from level 11 to 12
[10/09/20 23:54:52] D2BS 46088: Updating Config from level 11 to 12
[10/09/20 23:54:52] D2BS 46088: Updating Config from level 11 to 12
[10/09/20 23:54:52] D2BS 46088: AutoBuild: Updating Config from level 11 to 12
[10/09/20 23:54:52] D2BS 46088: AutoBuild: Incrementing cached character level to 12
[10/09/20 23:55:14] D2BS 46088: move retry 1
[10/09/20 23:55:20] D2BS 46088: move retry 1
[10/09/20 23:55:34] D2BS 46088: move retry 1
[10/09/20 23:55:34] D2BS 46088: ÿc7Picked up ÿc429 Gold
[10/09/20 23:55:44] D2BS 46088: Script default.dbj ended
[10/09/20 23:55:44] D2BS 46088: Script tools\autobuildthread.js ended
[10/09/20 23:55:44] D2BS 46088: Script tools\party.js ended
[10/09/20 23:55:44] D2BS 46088: Script tools\toolsthread.js ended
[10/09/20 23:55:44] D2BS 46088: Script tools\townchicken.js ended
[10/09/20 23:55:49] D2BS 46088: Stack Walk Thread: 48048
[10/09/20 23:55:49] D2BS 46088: 7780182C (ntdll): (filename not available): NtDelayExecution
[10/09/20 23:55:49] D2BS 46088: 77012DDF (KERNELBASE): (filename not available): Sleep
[10/09/20 23:55:49] D2BS 46088: 02F43C94 (D2BS): (filename not available): QueryInterface
[10/09/20 23:55:49] D2BS 46088: 7721F989 (KERNEL32): (filename not available): BaseThreadInitThunk
[10/09/20 23:55:49] D2BS 46088: 777F74B4 (ntdll): (filename not available): RtlGetAppContainerNamedObjectPath
[10/09/20 23:55:49] D2BS 46088: 777F7484 (ntdll): (filename not available): RtlGetAppContainerNamedObjectPath
[10/09/20 23:55:49] D2BS 46088: Stack Walk Thread: 45824
[10/09/20 23:55:49] D2BS 46088: 7780150C (ntdll): (filename not available): NtWaitForSingleObject
[10/09/20 23:55:49] D2BS 46088: 76FFF5F2 (KERNELBASE): (filename not available): WaitForSingleObject
[10/09/20 23:55:49] D2BS 46088: 004027E5 (Game): (filename not available): (function-name not available)
[10/09/20 23:55:49] D2BS 46088: 7721F989 (KERNEL32): (filename not available): BaseThreadInitThunk
[10/09/20 23:55:49] D2BS 46088: 777F74B4 (ntdll): (filename not available): RtlGetAppContainerNamedObjectPath
[10/09/20 23:55:49] D2BS 46088: 777F7484 (ntdll): (filename not available): RtlGetAppContainerNamedObjectPath
[10/09/20 23:55:49] D2BS 46088: Stack Walk Thread: 43520
[10/09/20 23:55:49] D2BS 46088: 7780182C (ntdll): (filename not available): NtDelayExecution
[10/09/20 23:55:49] D2BS 46088: 77012DDF (KERNELBASE): (filename not available): Sleep
[10/09/20 23:55:49] D2BS 46088: 004102FC (Game): (filename not available): (function-name not available)
[10/09/20 23:55:49] D2BS 46088: 7721F989 (KERNEL32): (filename not available): BaseThreadInitThunk
[10/09/20 23:55:49] D2BS 46088: 777F74B4 (ntdll): (filename not available): RtlGetAppContainerNamedObjectPath
[10/09/20 23:55:49] D2BS 46088: 777F7484 (ntdll): (filename not available): RtlGetAppContainerNamedObjectPath
[10/09/20 23:55:49] D2BS 46088: Stack Walk Thread: 48016
[10/09/20 23:55:49] D2BS 46088: 7780150C (ntdll): (filename not available): NtWaitForSingleObject
[10/09/20 23:55:49] D2BS 46088: 76FFF5F2 (KERNELBASE): (filename not available): WaitForSingleObject
[10/09/20 23:55:49] D2BS 46088: 0041A845 (Game): (filename not available): (function-name not available)
[10/09/20 23:55:49] D2BS 46088: 7721F989 (KERNEL32): (filename not available): BaseThreadInitThunk
[10/09/20 23:55:49] D2BS 46088: 777F74B4 (ntdll): (filename not available): RtlGetAppContainerNamedObjectPath
[10/09/20 23:55:49] D2BS 46088: 777F7484 (ntdll): (filename not available): RtlGetAppContainerNamedObjectPath
[10/09/20 23:55:49] D2BS 46088: Stack Walk Thread: 46616
[10/09/20 23:55:49] D2BS 46088: 7780321C (ntdll): (filename not available): ZwWaitForWorkViaWorkerFactory
[10/09/20 23:55:49] D2BS 46088: 7721F989 (KERNEL32): (filename not available): BaseThreadInitThunk
[10/09/20 23:55:49] D2BS 46088: 777F74B4 (ntdll): (filename not available): RtlGetAppContainerNamedObjectPath
[10/09/20 23:55:49] D2BS 46088: 777F7484 (ntdll): (filename not available): RtlGetAppContainerNamedObjectPath
[10/09/20 23:55:49] D2BS 46088: Stack Walk Thread: 13284
[10/09/20 23:55:49] D2BS 46088: 7780150C (ntdll): (filename not available): NtWaitForSingleObject
[10/09/20 23:55:49] D2BS 46088: 02FC7236 (D2BS): (filename not available): JS::CompileOptions::setFileAndLine
[10/09/20 23:55:49] D2BS 46088: 030B2B1F (D2BS): (filename not available): JS_freeop
[10/09/20 23:55:49] D2BS 46088: 030B1A5E (D2BS): (filename not available): JS_freeop
[10/09/20 23:55:49] D2BS 46088: 02FDE4A2 (D2BS): (filename not available): JS::CompileOptions::setFileAndLine
[10/09/20 23:55:49] D2BS 46088: 7721F989 (KERNEL32): (filename not available): BaseThreadInitThunk
[10/09/20 23:55:49] D2BS 46088: 777F74B4 (ntdll): (filename not available): RtlGetAppContainerNamedObjectPath
[10/09/20 23:55:49] D2BS 46088: 777F7484 (ntdll): (filename not available): RtlGetAppContainerNamedObjectPath
[10/09/20 23:55:49] D2BS 46088: Stack Walk Thread: 48008
[10/09/20 23:55:49] D2BS 46088: 7780182C (ntdll): (filename not available): NtDelayExecution
[10/09/20 23:55:49] D2BS 46088: 77012DDF (KERNELBASE): (filename not available): Sleep
[10/09/20 23:55:49] D2BS 46088: 02F4E2FD (D2BS): (filename not available): JS::CompileOptions::setFileAndLine
[10/09/20 23:55:49] D2BS 46088: 02FD01B1 (D2BS): (filename not available): JS::CompileOptions::setFileAndLine
[10/09/20 23:55:49] D2BS 46088: 030B2B1F (D2BS): (filename not available): JS_freeop
[10/09/20 23:55:49] D2BS 46088: 030B1A5E (D2BS): (filename not available): JS_freeop
[10/09/20 23:55:49] D2BS 46088: 02FDE4A2 (D2BS): (filename not available): JS::CompileOptions::setFileAndLine
[10/09/20 23:55:49] D2BS 46088: 7721F989 (KERNEL32): (filename not available): BaseThreadInitThunk
[10/09/20 23:55:49] D2BS 46088: 777F74B4 (ntdll): (filename not available): RtlGetAppContainerNamedObjectPath
[10/09/20 23:55:49] D2BS 46088: 777F7484 (ntdll): (filename not available): RtlGetAppContainerNamedObjectPath
[10/09/20 23:55:49] D2BS 46088: Stack Walk Thread: 32096
[10/09/20 23:55:49] D2BS 46088: 7780150C (ntdll): (filename not available): NtWaitForSingleObject
[10/09/20 23:55:49] D2BS 46088: 02FC7236 (D2BS): (filename not available): JS::CompileOptions::setFileAndLine
[10/09/20 23:55:49] D2BS 46088: 030B2B1F (D2BS): (filename not available): JS_freeop
[10/09/20 23:55:49] D2BS 46088: 030B1A5E (D2BS): (filename not available): JS_freeop
[10/09/20 23:55:49] D2BS 46088: 02FDE4A2 (D2BS): (filename not available): JS::CompileOptions::setFileAndLine
[10/09/20 23:55:49] D2BS 46088: 7721F989 (KERNEL32): (filename not available): BaseThreadInitThunk
[10/09/20 23:55:49] D2BS 46088: 777F74B4 (ntdll): (filename not available): RtlGetAppContainerNamedObjectPath
[10/09/20 23:55:49] D2BS 46088: 777F7484 (ntdll): (filename not available): RtlGetAppContainerNamedObjectPath
[10/09/20 23:55:49] D2BS 46088: Stack Walk Thread: 42100
[10/09/20 23:55:49] D2BS 46088: 02F4B024 (D2BS): (filename not available): JSAutoStructuredCloneBuffer::JSAutoStructuredCloneBuffer
[10/09/20 23:55:49] D2BS 46088: 02F437F8 (D2BS): (filename not available): QueryInterface
[10/09/20 23:55:49] D2BS 46088: 00408A05 (Game): (filename not available): (function-name not available)
[10/09/20 23:55:49] D2BS 46088: 00408A81 (Game): (filename not available): (function-name not available)
[10/09/20 23:55:49] D2BS 46088: 006123A3 (Game): (filename not available): BNGatewayAccess::UpdateGatewaysFromIni
[10/09/20 23:55:49] D2BS 46088: 006127D4 (Game): (filename not available): BNGatewayAccess::UpdateGatewaysFromIni
[10/09/20 23:55:49] D2BS 46088: 0061930D (Game): (filename not available): BNGatewayAccess::UpdateGatewaysFromIni
[10/09/20 23:55:49] D2BS 46088: 0044B93C (Game): (filename not available): BNGatewayAccess::CurGateway
[10/09/20 23:55:49] D2BS 46088: 0044B43C (Game): (filename not available): BNGatewayAccess::CurGateway
[10/09/20 23:55:49] D2BS 46088: 00405E6B (Game): (filename not available): (function-name not available)
[10/09/20 23:55:49] D2BS 46088: 004065C7 (Game): (filename not available): (function-name not available)
[10/09/20 23:55:49] D2BS 46088: 0040671F (Game): (filename not available): (function-name not available)
[10/09/20 23:55:49] D2BS 46088: 0068291C (Game): (filename not available): BNGatewayAccess::UpdateGatewaysFromIni
[10/09/20 23:55:49] D2BS 46088: 7721F989 (KERNEL32): (filename not available): BaseThreadInitThunk
[10/09/20 23:55:49] D2BS 46088: 777F74B4 (ntdll): (filename not available): RtlGetAppContainerNamedObjectPath
[10/09/20 23:55:49] D2BS 46088: 777F7484 (ntdll): (filename not available): RtlGetAppContainerNamedObjectPath
[10/09/20 23:55:49] D2BS 46088: Crash File: BlizzardError/2020-10-09 23.55.49/Crash.txt
[10/09/20 23:55:49] D2BS 46088: D2BS Shutdown complete.
[10/09/20 23:55:50] D2BS 21716: D2BS Engine startup complete. 1.6.4U
[10/09/20 23:55:50] D2BS 21716: Summoner
[10/09/20 23:55:50] D2BS 21716: ÿc2D2BSÿc0 :: Switched to profile Summoner
[10/09/20 23:55:50] D2BS 21716: ÿc2D2BSÿc0 :: Engine startup complete!
[10/09/20 23:55:50] D2BS 21716: ÿc2D2BSÿc0 :: Starting D2BotLanFollow.dbj
[10/09/20 23:55:50] D2BS 21716: ÿc2D2BSÿc0 :: D2BotLanFollow.dbj running.
[10/09/20 23:55:50] D2BS 21716: ÿc2D2BSÿc0 :: Started Console Script
[10/09/20 23:55:52] D2BS 21716: Heartbeat loaded
[10/09/20 23:56:10] D2BS 21716: ÿc2D2BSÿc0 :: Starting default.dbj
[10/09/20 23:56:10] D2BS 21716: ÿc2D2BSÿc0 :: default.dbj running.
[10/09/20 23:56:10] D2BS 21716: AutoBuild: Including build template config/builds/necromancer.summoner.js into default.dbj
[10/09/20 23:56:10] D2BS 21716: Updating Config from level 0 to 12
[10/09/20 23:56:10] D2BS 21716: ÿc4Loaded NIP: ÿc2LateGame.nipÿc4. Lines: ÿc280ÿc4. Valid entries: ÿc253. ÿc4Time: ÿc20 ms
[10/09/20 23:56:10] D2BS 21716: ÿc4Loaded NIP: ÿc2MidGame.nipÿc4. Lines: ÿc268ÿc4. Valid entries: ÿc241. ÿc4Time: ÿc20 ms
[10/09/20 23:56:10] D2BS 21716: ÿc4Loaded NIP: ÿc2EarlyGame.nipÿc4. Lines: ÿc229ÿc4. Valid entries: ÿc213. ÿc4Time: ÿc20 ms
[10/09/20 23:56:10] D2BS 21716: ÿc4Loaded NIP: ÿc2SummonerRunes.nipÿc4. Lines: ÿc214ÿc4. Valid entries: ÿc26. ÿc4Time: ÿc20 ms
[10/09/20 23:56:10] D2BS 21716: ÿc4Loaded NIP: ÿc2Summoner.xpac.nipÿc4. Lines: ÿc2118ÿc4. Valid entries: ÿc2101. ÿc4Time: ÿc216 ms
[10/09/20 23:56:10] D2BS 21716: ÿc4Loaded NIP: ÿc2Merc.xpac.nipÿc4. Lines: ÿc257ÿc4. Valid entries: ÿc241. ÿc4Time: ÿc20 ms
[10/09/20 23:56:10] D2BS 21716: AutoBuild: Including build template config/builds/necromancer.summoner.js into tools\autobuildthread.js
[10/09/20 23:56:10] D2BS 21716: Updating Config from level 0 to 12
[10/09/20 23:56:10] D2BS 21716: ÿc2Starting script: ÿc9LevelFollower
[10/09/20 23:56:10] D2BS 21716: AutoBuild: Loaded helper thread
[10/09/20 23:56:10] D2BS 21716: AutoBuild: Including build template config/builds/necromancer.summoner.js into tools\party.js
[10/09/20 23:56:10] D2BS 21716: Updating Config from level 0 to 12
[10/09/20 23:56:10] D2BS 21716: ÿc2Party thread loaded. Mode: Accept
[10/09/20 23:56:10] D2BS 21716: AutoBuild: Including build template config/builds/necromancer.summoner.js into tools\townchicken.js
[10/09/20 23:56:10] D2BS 21716: Updating Config from level 0 to 12
[10/09/20 23:56:10] D2BS 21716: ÿc3Start ToolsThread script
[10/09/20 23:56:10] D2BS 21716: AutoBuild: Including build template config/builds/necromancer.summoner.js into tools\toolsthread.js
[10/09/20 23:56:10] D2BS 21716: Updating Config from level 0 to 12
[10/09/20 23:56:14] D2BS 21716: move retry 1
[10/09/20 23:56:19] D2BS 21716: move retry 1
[10/09/20 23:56:20] D2BS 21716: initNPC: heal
[10/09/20 23:56:24] D2BS 21716: initNPC: BuyPotions
[10/09/20 23:56:36] D2BS 21716: 6
[10/09/20 23:56:50] D2BS 21716: Found Leader
[10/09/20 23:56:50] D2BS 21716: Found Leader
[10/09/20 23:56:53] D2BS 21716: ÿc1Skipping Brute 61 16
[10/09/20 23:56:54] D2BS 21716: ÿc7Picked up ÿc429 Gold
[10/09/20 23:57:01] D2BS 21716: ÿc1Skipping Brute 62 16
[10/09/20 23:57:01] D2BS 21716: ÿc7Picked up ÿc3Small Shield ÿc0(ilvl 8)
[10/09/20 23:57:02] D2BS 21716: ÿc7Picked up ÿc1Light Healing Potion ÿc0(ilvl 1) (EarlyGame.nip #29)
[10/09/20 23:57:03] D2BS 21716: ÿc1Skipping Vile Archer 66 16
[10/09/20 23:57:03] D2BS 21716: ÿc1Skipping Brute 59 16
[10/09/20 23:57:04] D2BS 21716: ÿc7Picked up ÿc438 Gold
[10/09/20 23:57:06] D2BS 21716: ÿc7Picked up ÿc423 Gold
[10/09/20 23:57:08] D2BS 21716: ÿc7Picked up ÿc426 Gold
[10/09/20 23:57:08] D2BS 21716: move retry 1
[10/09/20 23:57:44] D2BS 21716: move retry 1
[10/09/20 23:57:46] D2BS 21716: 6,20,21
[10/09/20 23:57:55] D2BS 21716: ÿc7Picked up ÿc0Short Bow ÿc0(ilvl 7) (Merc.xpac.nip #3)
[10/09/20 23:57:58] D2BS 21716: ÿc1Skipping Dark Archer 110 16
[10/09/20 23:57:59] D2BS 21716: ÿc1Skipping Dark Archer 110 16
[10/09/20 23:57:59] D2BS 21716: ÿc1Skipping Dark Archer 110 16
[10/09/20 23:58:03] D2BS 21716: move retry 1
[10/09/20 23:58:15] D2BS 21716: ÿc1Skipping Blood Clan 116 16
[10/09/20 23:58:16] D2BS 21716: move retry 1
[10/09/20 23:58:22] D2BS 21716: ÿc7Picked up ÿc422 Gold
[10/09/20 23:58:25] D2BS 21716: move retry 1
[10/09/20 23:58:29] D2BS 21716: move retry 1
[10/09/20 23:58:41] D2BS 21716: ÿc7Picked up ÿc431 Gold
[10/09/20 23:58:43] D2BS 21716: move retry 1
[10/09/20 23:58:45] D2BS 21716: move retry 1
[10/09/20 23:58:50] D2BS 21716: move retry 1
[10/09/20 23:58:55] D2BS 21716: move retry 1
[10/09/20 23:59:01] D2BS 21716: move retry 1
[10/09/20 23:59:05] D2BS 21716: move retry 1
[10/09/20 23:59:19] D2BS 21716: 21,22
[10/09/20 23:59:26] D2BS 21716: move retry 1
[10/09/20 23:59:31] D2BS 21716: move retry 1
[10/09/20 23:59:40] D2BS 21716: 22,23
[10/09/20 23:59:46] D2BS 21716: ÿc7Picked up ÿc4170 Gold
[10/09/20 23:59:48] D2BS 21716: ÿc1Skipping Devilkin 137 16
[10/09/20 23:59:50] D2BS 21716: AutoBuild: Stat points: 5      Skill points: 1
[10/09/20 23:59:50] D2BS 21716: AutoBuild: Level up detected ( 12 --> 13 )
[10/09/20 23:59:50] D2BS 21716: AutoBuild: useSkillPoint(): Raise Skeletal Mage (80)
[10/09/20 23:59:50] D2BS 21716: AutoBuild: Skill (1/1) Increased Raise Skeletal Mage (80) by one (level:  2)
[10/09/20 23:59:50] D2BS 21716: AutoBuild: useStatPoint(0): Strength
[10/09/20 23:59:50] D2BS 21716: AutoBuild: Stat (1/5) Increased Strength from 26 to 27
[10/09/20 23:59:50] D2BS 21716: AutoBuild: useStatPoint(3): Vitality
[10/09/20 23:59:50] D2BS 21716: AutoBuild: Stat (2/5) Increased Vitality from 59 to 60
[10/09/20 23:59:50] D2BS 21716: AutoBuild: useStatPoint(3): Vitality
[10/09/20 23:59:51] D2BS 21716: AutoBuild: Stat (3/5) Increased Vitality from 60 to 61
[10/09/20 23:59:51] D2BS 21716: AutoBuild: useStatPoint(3): Vitality
[10/09/20 23:59:51] D2BS 21716: AutoBuild: Stat (4/5) Increased Vitality from 61 to 62
[10/09/20 23:59:51] D2BS 21716: AutoBuild: useStatPoint(3): Vitality
[10/09/20 23:59:51] D2BS 21716: AutoBuild: Stat (5/5) Increased Vitality from 62 to 63
[10/09/20 23:59:51] D2BS 21716: Updating Config from level 12 to 13
[10/09/20 23:59:51] D2BS 21716: Updating Config from level 12 to 13
[10/09/20 23:59:51] D2BS 21716: Updating Config from level 12 to 13
[10/09/20 23:59:51] D2BS 21716: AutoBuild: Updating Config from level 12 to 13
[10/09/20 23:59:51] D2BS 21716: Updating Config from level 12 to 13
[10/09/20 23:59:51] D2BS 21716: AutoBuild: Incrementing cached character level to 13
