[10/05/20 21:56:43] D2BS 5996: D2BS Engine startup complete. 1.6.4U
[10/05/20 21:56:43] D2BS 5996: ColdSorc
[10/05/20 21:56:43] D2BS 5996: ÿc2D2BSÿc0 :: Switched to profile ColdSorc
[10/05/20 21:56:43] D2BS 5996: ÿc2D2BSÿc0 :: Engine startup complete!
[10/05/20 21:56:43] D2BS 5996: ÿc2D2BSÿc0 :: Starting D2BotLanFollow.dbj
[10/05/20 21:56:43] D2BS 5996: ÿc2D2BSÿc0 :: D2BotLanFollow.dbj running.
[10/05/20 21:56:43] D2BS 5996: ÿc2D2BSÿc0 :: Started Console Script
[10/05/20 21:56:45] D2BS 5996: Heartbeat loaded
[10/05/20 21:57:01] D2BS 5996: Stack Walk Thread: 14568
[10/05/20 21:57:01] D2BS 5996: 7726321C (ntdll): (filename not available): ZwWaitForWorkViaWorkerFactory
[10/05/20 21:57:01] D2BS 5996: 7556F989 (KERNEL32): (filename not available): BaseThreadInitThunk
[10/05/20 21:57:01] D2BS 5996: 772574B4 (ntdll): (filename not available): RtlGetAppContainerNamedObjectPath
[10/05/20 21:57:01] D2BS 5996: 77257484 (ntdll): (filename not available): RtlGetAppContainerNamedObjectPath
[10/05/20 21:57:01] D2BS 5996: Stack Walk Thread: 16064
[10/05/20 21:57:01] D2BS 5996: 7726321C (ntdll): (filename not available): ZwWaitForWorkViaWorkerFactory
[10/05/20 21:57:01] D2BS 5996: 7556F989 (KERNEL32): (filename not available): BaseThreadInitThunk
[10/05/20 21:57:01] D2BS 5996: 772574B4 (ntdll): (filename not available): RtlGetAppContainerNamedObjectPath
[10/05/20 21:57:01] D2BS 5996: 77257484 (ntdll): (filename not available): RtlGetAppContainerNamedObjectPath
[10/05/20 21:57:01] D2BS 5996: Stack Walk Thread: 25060
[10/05/20 21:57:01] D2BS 5996: 7726321C (ntdll): (filename not available): ZwWaitForWorkViaWorkerFactory
[10/05/20 21:57:01] D2BS 5996: 7556F989 (KERNEL32): (filename not available): BaseThreadInitThunk
[10/05/20 21:57:01] D2BS 5996: 772574B4 (ntdll): (filename not available): RtlGetAppContainerNamedObjectPath
[10/05/20 21:57:01] D2BS 5996: 77257484 (ntdll): (filename not available): RtlGetAppContainerNamedObjectPath
[10/05/20 21:57:01] D2BS 5996: Stack Walk Thread: 11808
[10/05/20 21:57:01] D2BS 5996: 7726182C (ntdll): (filename not available): NtDelayExecution
[10/05/20 21:57:01] D2BS 5996: 76232DDF (KERNELBASE): (filename not available): Sleep
[10/05/20 21:57:01] D2BS 5996: 031F3C94 (D2BS): (filename not available): QueryInterface
[10/05/20 21:57:01] D2BS 5996: 7556F989 (KERNEL32): (filename not available): BaseThreadInitThunk
[10/05/20 21:57:01] D2BS 5996: 772574B4 (ntdll): (filename not available): RtlGetAppContainerNamedObjectPath
[10/05/20 21:57:01] D2BS 5996: 77257484 (ntdll): (filename not available): RtlGetAppContainerNamedObjectPath
[10/05/20 21:57:01] D2BS 5996: Stack Walk Thread: 23484
[10/05/20 21:57:01] D2BS 5996: 7726150C (ntdll): (filename not available): NtWaitForSingleObject
[10/05/20 21:57:01] D2BS 5996: 7621F5F2 (KERNELBASE): (filename not available): WaitForSingleObject
[10/05/20 21:57:01] D2BS 5996: 004027E5 (Game): (filename not available): (function-name not available)
[10/05/20 21:57:01] D2BS 5996: 7556F989 (KERNEL32): (filename not available): BaseThreadInitThunk
[10/05/20 21:57:01] D2BS 5996: 772574B4 (ntdll): (filename not available): RtlGetAppContainerNamedObjectPath
[10/05/20 21:57:01] D2BS 5996: 77257484 (ntdll): (filename not available): RtlGetAppContainerNamedObjectPath
[10/05/20 21:57:01] D2BS 5996: Stack Walk Thread: 31448
[10/05/20 21:57:01] D2BS 5996: 7726182C (ntdll): (filename not available): NtDelayExecution
[10/05/20 21:57:01] D2BS 5996: 76232DDF (KERNELBASE): (filename not available): Sleep
[10/05/20 21:57:01] D2BS 5996: 004102FC (Game): (filename not available): (function-name not available)
[10/05/20 21:57:01] D2BS 5996: 7556F989 (KERNEL32): (filename not available): BaseThreadInitThunk
[10/05/20 21:57:01] D2BS 5996: 772574B4 (ntdll): (filename not available): RtlGetAppContainerNamedObjectPath
[10/05/20 21:57:01] D2BS 5996: 77257484 (ntdll): (filename not available): RtlGetAppContainerNamedObjectPath
[10/05/20 21:57:01] D2BS 5996: Stack Walk Thread: 1924
[10/05/20 21:57:01] D2BS 5996: 7726150C (ntdll): (filename not available): NtWaitForSingleObject
[10/05/20 21:57:01] D2BS 5996: 7621F5F2 (KERNELBASE): (filename not available): WaitForSingleObject
[10/05/20 21:57:01] D2BS 5996: 0041A845 (Game): (filename not available): (function-name not available)
[10/05/20 21:57:01] D2BS 5996: 7556F989 (KERNEL32): (filename not available): BaseThreadInitThunk
[10/05/20 21:57:01] D2BS 5996: 772574B4 (ntdll): (filename not available): RtlGetAppContainerNamedObjectPath
[10/05/20 21:57:01] D2BS 5996: 77257484 (ntdll): (filename not available): RtlGetAppContainerNamedObjectPath
[10/05/20 21:57:01] D2BS 5996: Stack Walk Thread: 24204
[10/05/20 21:57:01] D2BS 5996: 7726321C (ntdll): (filename not available): ZwWaitForWorkViaWorkerFactory
[10/05/20 21:57:01] D2BS 5996: 7556F989 (KERNEL32): (filename not available): BaseThreadInitThunk
[10/05/20 21:57:01] D2BS 5996: 772574B4 (ntdll): (filename not available): RtlGetAppContainerNamedObjectPath
[10/05/20 21:57:01] D2BS 5996: 77257484 (ntdll): (filename not available): RtlGetAppContainerNamedObjectPath
[10/05/20 21:57:01] D2BS 5996: Stack Walk Thread: 30460
[10/05/20 21:57:01] D2BS 5996: 77261A9C (ntdll): (filename not available): ZwWaitForMultipleObjects
[10/05/20 21:57:01] D2BS 5996: 76E06676 (CRYPT32): (filename not available): CertDuplicateCRLContext
[10/05/20 21:57:01] D2BS 5996: 7556F989 (KERNEL32): (filename not available): BaseThreadInitThunk
[10/05/20 21:57:01] D2BS 5996: 772574B4 (ntdll): (filename not available): RtlGetAppContainerNamedObjectPath
[10/05/20 21:57:01] D2BS 5996: 77257484 (ntdll): (filename not available): RtlGetAppContainerNamedObjectPath
[10/05/20 21:57:01] D2BS 5996: Stack Walk Thread: 18852
[10/05/20 21:57:01] D2BS 5996: 7726321C (ntdll): (filename not available): ZwWaitForWorkViaWorkerFactory
[10/05/20 21:57:01] D2BS 5996: 7556F989 (KERNEL32): (filename not available): BaseThreadInitThunk
[10/05/20 21:57:01] D2BS 5996: 772574B4 (ntdll): (filename not available): RtlGetAppContainerNamedObjectPath
[10/05/20 21:57:01] D2BS 5996: 77257484 (ntdll): (filename not available): RtlGetAppContainerNamedObjectPath
[10/05/20 21:57:01] D2BS 5996: Stack Walk Thread: 12516
[10/05/20 21:57:01] D2BS 5996: 7726321C (ntdll): (filename not available): ZwWaitForWorkViaWorkerFactory
[10/05/20 21:57:01] D2BS 5996: 7556F989 (KERNEL32): (filename not available): BaseThreadInitThunk
[10/05/20 21:57:01] D2BS 5996: 772574B4 (ntdll): (filename not available): RtlGetAppContainerNamedObjectPath
[10/05/20 21:57:01] D2BS 5996: 77257484 (ntdll): (filename not available): RtlGetAppContainerNamedObjectPath
[10/05/20 21:57:01] D2BS 5996: Stack Walk Thread: 7276
[10/05/20 21:57:01] D2BS 5996: 7726150C (ntdll): (filename not available): NtWaitForSingleObject
[10/05/20 21:57:01] D2BS 5996: 03277236 (D2BS): (filename not available): JS::CompileOptions::setFileAndLine
[10/05/20 21:57:01] D2BS 5996: 03362B1F (D2BS): (filename not available): JS_freeop
[10/05/20 21:57:01] D2BS 5996: 03361A5E (D2BS): (filename not available): JS_freeop
[10/05/20 21:57:01] D2BS 5996: 0328E4A2 (D2BS): (filename not available): JS::CompileOptions::setFileAndLine
[10/05/20 21:57:01] D2BS 5996: 7556F989 (KERNEL32): (filename not available): BaseThreadInitThunk
[10/05/20 21:57:01] D2BS 5996: 772574B4 (ntdll): (filename not available): RtlGetAppContainerNamedObjectPath
[10/05/20 21:57:01] D2BS 5996: 77257484 (ntdll): (filename not available): RtlGetAppContainerNamedObjectPath
[10/05/20 21:57:01] D2BS 5996: Stack Walk Thread: 27008
[10/05/20 21:57:01] D2BS 5996: 7726182C (ntdll): (filename not available): NtDelayExecution
[10/05/20 21:57:01] D2BS 5996: 76232DDF (KERNELBASE): (filename not available): Sleep
[10/05/20 21:57:01] D2BS 5996: 031FE2FD (D2BS): (filename not available): JS::CompileOptions::setFileAndLine
[10/05/20 21:57:01] D2BS 5996: 032801B1 (D2BS): (filename not available): JS::CompileOptions::setFileAndLine
[10/05/20 21:57:01] D2BS 5996: 03362B1F (D2BS): (filename not available): JS_freeop
[10/05/20 21:57:01] D2BS 5996: 03361A5E (D2BS): (filename not available): JS_freeop
[10/05/20 21:57:01] D2BS 5996: 0328E4A2 (D2BS): (filename not available): JS::CompileOptions::setFileAndLine
[10/05/20 21:57:01] D2BS 5996: 7556F989 (KERNEL32): (filename not available): BaseThreadInitThunk
[10/05/20 21:57:01] D2BS 5996: 772574B4 (ntdll): (filename not available): RtlGetAppContainerNamedObjectPath
[10/05/20 21:57:01] D2BS 5996: 77257484 (ntdll): (filename not available): RtlGetAppContainerNamedObjectPath
[10/05/20 21:57:01] D2BS 5996: Stack Walk Thread: 2268
[10/05/20 21:57:01] D2BS 5996: 7726150C (ntdll): (filename not available): NtWaitForSingleObject
[10/05/20 21:57:01] D2BS 5996: 03277236 (D2BS): (filename not available): JS::CompileOptions::setFileAndLine
[10/05/20 21:57:01] D2BS 5996: 03362B1F (D2BS): (filename not available): JS_freeop
[10/05/20 21:57:01] D2BS 5996: 03361A5E (D2BS): (filename not available): JS_freeop
[10/05/20 21:57:01] D2BS 5996: 0328E4A2 (D2BS): (filename not available): JS::CompileOptions::setFileAndLine
[10/05/20 21:57:01] D2BS 5996: 7556F989 (KERNEL32): (filename not available): BaseThreadInitThunk
[10/05/20 21:57:01] D2BS 5996: 772574B4 (ntdll): (filename not available): RtlGetAppContainerNamedObjectPath
[10/05/20 21:57:01] D2BS 5996: 77257484 (ntdll): (filename not available): RtlGetAppContainerNamedObjectPath
[10/05/20 21:57:01] D2BS 5996: Stack Walk Thread: 30704
[10/05/20 21:57:01] D2BS 5996: 031FB024 (D2BS): (filename not available): JSAutoStructuredCloneBuffer::JSAutoStructuredCloneBuffer
[10/05/20 21:57:01] D2BS 5996: 031F37F8 (D2BS): (filename not available): QueryInterface
[10/05/20 21:57:01] D2BS 5996: 00408A05 (Game): (filename not available): (function-name not available)
[10/05/20 21:57:01] D2BS 5996: 00408A81 (Game): (filename not available): (function-name not available)
[10/05/20 21:57:01] D2BS 5996: 006123A3 (Game): (filename not available): BNGatewayAccess::UpdateGatewaysFromIni
[10/05/20 21:57:01] D2BS 5996: 00617847 (Game): (filename not available): BNGatewayAccess::UpdateGatewaysFromIni
[10/05/20 21:57:01] D2BS 5996: 00619352 (Game): (filename not available): BNGatewayAccess::UpdateGatewaysFromIni
[10/05/20 21:57:01] D2BS 5996: 0044B93C (Game): (filename not available): BNGatewayAccess::CurGateway
[10/05/20 21:57:01] D2BS 5996: 0044B43C (Game): (filename not available): BNGatewayAccess::CurGateway
[10/05/20 21:57:01] D2BS 5996: 00405E6B (Game): (filename not available): (function-name not available)
[10/05/20 21:57:01] D2BS 5996: 004065C7 (Game): (filename not available): (function-name not available)
[10/05/20 21:57:01] D2BS 5996: 0040671F (Game): (filename not available): (function-name not available)
[10/05/20 21:57:01] D2BS 5996: 0068291C (Game): (filename not available): BNGatewayAccess::UpdateGatewaysFromIni
[10/05/20 21:57:01] D2BS 5996: 7556F989 (KERNEL32): (filename not available): BaseThreadInitThunk
[10/05/20 21:57:01] D2BS 5996: 772574B4 (ntdll): (filename not available): RtlGetAppContainerNamedObjectPath
[10/05/20 21:57:01] D2BS 5996: 77257484 (ntdll): (filename not available): RtlGetAppContainerNamedObjectPath
[10/05/20 21:57:01] D2BS 5996: Crash File: BlizzardError/2020-10-05 21.57.00/Crash.txt
[10/05/20 21:57:01] D2BS 5996: D2BS Shutdown complete.
[10/05/20 21:57:02] D2BS 34620: D2BS Engine startup complete. 1.6.4U
[10/05/20 21:57:02] D2BS 34620: ColdSorc
[10/05/20 21:57:02] D2BS 34620: ÿc2D2BSÿc0 :: Switched to profile ColdSorc
[10/05/20 21:57:02] D2BS 34620: ÿc2D2BSÿc0 :: Engine startup complete!
[10/05/20 21:57:02] D2BS 34620: ÿc2D2BSÿc0 :: Starting D2BotLanFollow.dbj
[10/05/20 21:57:02] D2BS 34620: ÿc2D2BSÿc0 :: D2BotLanFollow.dbj running.
[10/05/20 21:57:02] D2BS 34620: ÿc2D2BSÿc0 :: Started Console Script
[10/05/20 21:57:05] D2BS 34620: Heartbeat loaded
[10/05/20 21:57:22] D2BS 34620: ÿc2D2BSÿc0 :: Starting default.dbj
[10/05/20 21:57:22] D2BS 34620: ÿc2D2BSÿc0 :: default.dbj running.
[10/05/20 21:57:22] D2BS 34620: AutoBuild: Including build template config/builds/sorceress.blizzard.js into default.dbj
[10/05/20 21:57:22] D2BS 34620: Updating Config from level 0 to 1
[10/05/20 21:57:22] D2BS 34620: ÿc4Loaded NIP: ÿc2LateGame.nipÿc4. Lines: ÿc277ÿc4. Valid entries: ÿc250. ÿc4Time: ÿc215 ms
[10/05/20 21:57:22] D2BS 34620: ÿc4Loaded NIP: ÿc2MidGame.nipÿc4. Lines: ÿc257ÿc4. Valid entries: ÿc234. ÿc4Time: ÿc20 ms
[10/05/20 21:57:22] D2BS 34620: ÿc4Loaded NIP: ÿc2EarlyGame.nipÿc4. Lines: ÿc234ÿc4. Valid entries: ÿc216. ÿc4Time: ÿc20 ms
[10/05/20 21:57:22] D2BS 34620: ÿc4Loaded NIP: ÿc2BlizzardRunes.nipÿc4. Lines: ÿc223ÿc4. Valid entries: ÿc212. ÿc4Time: ÿc20 ms
[10/05/20 21:57:22] D2BS 34620: ÿc4Loaded NIP: ÿc2Blizzard.xpac.nipÿc4. Lines: ÿc2129ÿc4. Valid entries: ÿc2112. ÿc4Time: ÿc20 ms
[10/05/20 21:57:22] D2BS 34620: ÿc4Loaded NIP: ÿc2Merc.xpac.nipÿc4. Lines: ÿc267ÿc4. Valid entries: ÿc249. ÿc4Time: ÿc20 ms
[10/05/20 21:57:22] D2BS 34620: AutoBuild: Including build template config/builds/sorceress.blizzard.js into tools\autobuildthread.js
[10/05/20 21:57:22] D2BS 34620: Updating Config from level 0 to 1
[10/05/20 21:57:22] D2BS 34620: AutoBuild: Loaded helper thread
[10/05/20 21:57:22] D2BS 34620: AutoBuild: Including build template config/builds/sorceress.blizzard.js into tools\party.js
[10/05/20 21:57:22] D2BS 34620: Updating Config from level 0 to 1
[10/05/20 21:57:22] D2BS 34620: ÿc2Party thread loaded. Mode: Accept
[10/05/20 21:57:23] D2BS 34620: ÿc3Start ToolsThread script
[10/05/20 21:57:23] D2BS 34620: AutoBuild: Including build template config/builds/sorceress.blizzard.js into tools\toolsthread.js
[10/05/20 21:57:23] D2BS 34620: Updating Config from level 0 to 1
[10/05/20 21:57:23] D2BS 34620: AutoBuild: Including build template config/builds/sorceress.blizzard.js into tools\townchicken.js
[10/05/20 21:57:23] D2BS 34620: Updating Config from level 0 to 1
[10/05/20 21:57:23] D2BS 34620: ÿc2Starting script: ÿc9LevelFollower
[10/05/20 21:57:26] D2BS 34620: move retry 1
[10/05/20 21:57:28] D2BS 34620: move retry 2
