[09/09/20 14:39:10] D2BS 11576: D2BS Engine startup complete. 1.6.4U
[09/09/20 14:39:10] D2BS 11576: LightSorc
[09/09/20 14:39:10] D2BS 11576: ÿc2D2BSÿc0 :: Switched to profile LightSorc
[09/09/20 14:39:10] D2BS 11576: ÿc2D2BSÿc0 :: Engine startup complete!
[09/09/20 14:39:10] D2BS 11576: ÿc2D2BSÿc0 :: Starting D2BotLanFollow.dbj
[09/09/20 14:39:10] D2BS 11576: ÿc2D2BSÿc0 :: D2BotLanFollow.dbj running.
[09/09/20 14:39:10] D2BS 11576: ÿc2D2BSÿc0 :: Started Console Script
[09/09/20 14:39:12] D2BS 11576: Heartbeat loaded
[09/09/20 14:39:48] D2BS 11576: ÿc1Pausing ÿc0d2botlanfollow.dbj
[09/09/20 14:40:16] D2BS 11576: ÿc2Resuming ÿc0d2botlanfollow.dbj
[09/09/20 14:40:18] D2BS 11576: ÿc2D2BSÿc0 :: Starting default.dbj
[09/09/20 14:40:18] D2BS 11576: ÿc2D2BSÿc0 :: default.dbj running.
[09/09/20 14:40:18] D2BS 11576: AutoBuild: Including build template config/builds/sorceress.lightning.js into default.dbj
[09/09/20 14:40:18] D2BS 11576: Updating Config from level 0 to 1
[09/09/20 14:40:18] D2BS 11576: ÿc4Loaded NIP: ÿc2LateGame.nipÿc4. Lines: ÿc277ÿc4. Valid entries: ÿc250. ÿc4Time: ÿc20 ms
[09/09/20 14:40:18] D2BS 11576: ÿc4Loaded NIP: ÿc2MidGame.nipÿc4. Lines: ÿc254ÿc4. Valid entries: ÿc233. ÿc4Time: ÿc215 ms
[09/09/20 14:40:18] D2BS 11576: ÿc4Loaded NIP: ÿc2EarlyGame.nipÿc4. Lines: ÿc227ÿc4. Valid entries: ÿc213. ÿc4Time: ÿc20 ms
[09/09/20 14:40:18] D2BS 11576: ÿc4Loaded NIP: ÿc2LightningRunes.nipÿc4. Lines: ÿc223ÿc4. Valid entries: ÿc212. ÿc4Time: ÿc20 ms
[09/09/20 14:40:19] D2BS 11576: ÿc4Loaded NIP: ÿc2Lightning.xpac.nipÿc4. Lines: ÿc2126ÿc4. Valid entries: ÿc2109. ÿc4Time: ÿc20 ms
[09/09/20 14:40:19] D2BS 11576: ÿc4Loaded NIP: ÿc2PreMerc.xpac.nipÿc4. Lines: ÿc25ÿc4. Valid entries: ÿc23. ÿc4Time: ÿc20 ms
[09/09/20 14:40:19] D2BS 11576: ÿc4Loaded NIP: ÿc2Merc.xpac.nipÿc4. Lines: ÿc230ÿc4. Valid entries: ÿc220. ÿc4Time: ÿc20 ms
[09/09/20 14:40:19] D2BS 11576: AutoBuild: Including build template config/builds/sorceress.lightning.js into tools\autobuildthread.js
[09/09/20 14:40:19] D2BS 11576: Updating Config from level 0 to 1
[09/09/20 14:40:19] D2BS 11576: AutoBuild: Loaded helper thread
[09/09/20 14:40:19] D2BS 11576: AutoBuild: Including build template config/builds/sorceress.lightning.js into tools\party.js
[09/09/20 14:40:19] D2BS 11576: Updating Config from level 0 to 1
[09/09/20 14:40:19] D2BS 11576: ÿc2Party thread loaded. Mode: Accept
[09/09/20 14:40:19] D2BS 11576: ÿc3Start ToolsThread script
[09/09/20 14:40:19] D2BS 11576: AutoBuild: Including build template config/builds/sorceress.lightning.js into tools\toolsthread.js
[09/09/20 14:40:19] D2BS 11576: Updating Config from level 0 to 1
[09/09/20 14:40:19] D2BS 11576: ÿc2Starting script: ÿc9LevelFollower
[09/09/20 14:41:04] D2BS 11576: move retry 1
[09/09/20 14:41:16] D2BS 11576: 1,2
[09/09/20 14:41:41] D2BS 11576: ÿc7Picked up ÿc45 Gold
[09/09/20 14:41:50] D2BS 11576: move retry 1
[09/09/20 14:42:00] D2BS 11576: move retry 1
[09/09/20 14:42:27] D2BS 11576: ÿc7Picked up ÿc45 Gold
[09/09/20 14:42:35] D2BS 11576: ÿc7Picked up ÿc43 Gold
[09/09/20 14:42:52] D2BS 11576: move retry 1
[09/09/20 14:42:55] D2BS 11576: AutoBuild: Stat points: 5      Skill points: 1
[09/09/20 14:42:55] D2BS 11576: AutoBuild: Level up detected ( 1 --> 2 )
[09/09/20 14:42:55] D2BS 11576: AutoBuild: useSkillPoint(): Warmth (37)
[09/09/20 14:42:56] D2BS 11576: AutoBuild: Skill (1/1) Increased Warmth (37) by one (level:  1)
[09/09/20 14:42:56] D2BS 11576: AutoBuild: useStatPoint(0): Strength
[09/09/20 14:42:56] D2BS 11576: AutoBuild: Stat (1/5) Increased Strength from 10 to 11
[09/09/20 14:42:56] D2BS 11576: AutoBuild: useStatPoint(1): Energy
[09/09/20 14:42:56] D2BS 11576: AutoBuild: Stat (2/5) Increased Energy from 35 to 36
[09/09/20 14:42:56] D2BS 11576: AutoBuild: useStatPoint(1): Energy
[09/09/20 14:42:56] D2BS 11576: AutoBuild: Stat (3/5) Increased Energy from 36 to 37
[09/09/20 14:42:56] D2BS 11576: AutoBuild: useStatPoint(3): Vitality
[09/09/20 14:42:56] D2BS 11576: AutoBuild: Stat (4/5) Increased Vitality from 10 to 11
[09/09/20 14:42:56] D2BS 11576: AutoBuild: useStatPoint(3): Vitality
[09/09/20 14:42:56] D2BS 11576: AutoBuild: Stat (5/5) Increased Vitality from 11 to 12
[09/09/20 14:42:56] D2BS 11576: Updating Config from level 1 to 2
[09/09/20 14:42:56] D2BS 11576: Updating Config from level 1 to 2
[09/09/20 14:42:56] D2BS 11576: AutoBuild: Updating Config from level 1 to 2
[09/09/20 14:42:56] D2BS 11576: Updating Config from level 1 to 2
[09/09/20 14:42:56] D2BS 11576: AutoBuild: Incrementing cached character level to 2
[09/09/20 14:42:58] D2BS 11576: move retry 1
[09/09/20 14:43:43] D2BS 11576: ÿc7Picked up ÿc42 Gold
[09/09/20 14:44:30] D2BS 11576: ÿc7Picked up ÿc41 Gold
[09/09/20 14:44:33] D2BS 11576: ÿc7Picked up ÿc44 Gold
[09/09/20 14:44:36] D2BS 11576: ÿc7Picked up ÿc45 Gold
[09/09/20 14:45:41] D2BS 11576: AutoBuild: Stat points: 5      Skill points: 1
[09/09/20 14:45:41] D2BS 11576: AutoBuild: Level up detected ( 2 --> 3 )
[09/09/20 14:45:41] D2BS 11576: AutoBuild: useSkillPoint(): Frozen Armor (40)
[09/09/20 14:45:41] D2BS 11576: AutoBuild: Skill (1/1) Increased Frozen Armor (40) by one (level:  1)
[09/09/20 14:45:41] D2BS 11576: AutoBuild: useStatPoint(0): Strength
[09/09/20 14:45:42] D2BS 11576: AutoBuild: Stat (1/5) Increased Strength from 11 to 12
[09/09/20 14:45:42] D2BS 11576: AutoBuild: useStatPoint(1): Energy
[09/09/20 14:45:42] D2BS 11576: AutoBuild: Stat (2/5) Increased Energy from 37 to 38
[09/09/20 14:45:42] D2BS 11576: AutoBuild: useStatPoint(1): Energy
[09/09/20 14:45:42] D2BS 11576: AutoBuild: Stat (3/5) Increased Energy from 38 to 39
[09/09/20 14:45:42] D2BS 11576: AutoBuild: useStatPoint(3): Vitality
[09/09/20 14:45:42] D2BS 11576: AutoBuild: Stat (4/5) Increased Vitality from 12 to 13
[09/09/20 14:45:42] D2BS 11576: AutoBuild: useStatPoint(3): Vitality
[09/09/20 14:45:42] D2BS 11576: AutoBuild: Stat (5/5) Increased Vitality from 13 to 14
[09/09/20 14:45:42] D2BS 11576: AutoBuild: Updating Config from level 2 to 3
[09/09/20 14:45:42] D2BS 11576: Updating Config from level 2 to 3
[09/09/20 14:45:42] D2BS 11576: Updating Config from level 2 to 3
[09/09/20 14:45:42] D2BS 11576: Updating Config from level 2 to 3
[09/09/20 14:45:42] D2BS 11576: AutoBuild: Incrementing cached character level to 3
[09/09/20 14:45:58] D2BS 11576: ÿc7Picked up ÿc42 Gold
[09/09/20 14:46:24] D2BS 11576: ÿc7Picked up ÿc42 Gold
[09/09/20 14:46:44] D2BS 11576: ÿc7Picked up ÿc41 Gold
[09/09/20 14:47:13] D2BS 11576: ÿc7Picked up ÿc44 Gold
[09/09/20 14:47:14] D2BS 11576: ÿc4Attackÿc0: No valid positions for: Fallen
[09/09/20 14:47:22] D2BS 11576: ÿc7Picked up ÿc45 Gold
[09/09/20 14:47:25] D2BS 11576: move retry 1
[09/09/20 14:47:36] D2BS 11576: move retry 1
[09/09/20 14:48:40] D2BS 11576: move retry 1
[09/09/20 14:48:52] D2BS 11576: ÿc7Picked up ÿc45 Gold
[09/09/20 14:50:33] D2BS 11576: 2,8
[09/09/20 14:51:16] D2BS 11576: ÿc7Picked up ÿc44 Gold
[09/09/20 14:51:19] D2BS 11576: ÿc7Picked up ÿc43 Gold
[09/09/20 14:51:21] D2BS 11576: move retry 1
[09/09/20 14:51:26] D2BS 11576: move retry 1
[09/09/20 14:51:36] D2BS 11576: ÿc7Picked up ÿc411 Gold
[09/09/20 14:51:40] D2BS 11576: AutoBuild: Stat points: 5      Skill points: 1
[09/09/20 14:51:40] D2BS 11576: AutoBuild: Level up detected ( 3 --> 4 )
[09/09/20 14:51:40] D2BS 11576: AutoBuild: useSkillPoint(): Charged Bolt (38)
[09/09/20 14:51:40] D2BS 11576: AutoBuild: Skill (1/1) Increased Charged Bolt (38) by one (level:  1)
[09/09/20 14:51:41] D2BS 11576: AutoBuild: useStatPoint(0): Strength
[09/09/20 14:51:41] D2BS 11576: AutoBuild: Stat (1/5) Increased Strength from 12 to 13
[09/09/20 14:51:41] D2BS 11576: AutoBuild: useStatPoint(1): Energy
[09/09/20 14:51:41] D2BS 11576: AutoBuild: Stat (2/5) Increased Energy from 39 to 40
[09/09/20 14:51:41] D2BS 11576: AutoBuild: useStatPoint(1): Energy
[09/09/20 14:51:41] D2BS 11576: AutoBuild: Stat (3/5) Increased Energy from 40 to 41
[09/09/20 14:51:41] D2BS 11576: AutoBuild: useStatPoint(3): Vitality
[09/09/20 14:51:41] D2BS 11576: AutoBuild: Stat (4/5) Increased Vitality from 14 to 15
[09/09/20 14:51:41] D2BS 11576: AutoBuild: useStatPoint(3): Vitality
[09/09/20 14:51:41] D2BS 11576: AutoBuild: Stat (5/5) Increased Vitality from 15 to 16
[09/09/20 14:51:41] D2BS 11576: AutoBuild: Updating Config from level 3 to 4
[09/09/20 14:51:41] D2BS 11576: Updating Config from level 3 to 4
[09/09/20 14:51:41] D2BS 11576: Updating Config from level 3 to 4
[09/09/20 14:51:41] D2BS 11576: Updating Config from level 3 to 4
[09/09/20 14:51:41] D2BS 11576: AutoBuild: Incrementing cached character level to 4
[09/09/20 14:51:46] D2BS 11576: ÿc7Picked up ÿc43 Gold
[09/09/20 14:51:47] D2BS 11576: move retry 1
[09/09/20 14:51:51] D2BS 11576: move retry 1
[09/09/20 14:52:22] D2BS 11576: ÿc7Picked up ÿc1Light Healing Potion ÿc0(ilvl 1) (EarlyGame.nip #27)
[09/09/20 14:52:31] D2BS 11576: ÿc7Picked up ÿc46 Gold
[09/09/20 14:52:36] D2BS 11576: ÿc7Picked up ÿc43 Gold
[09/09/20 14:53:01] D2BS 11576: move retry 1
[09/09/20 14:53:40] D2BS 11576: ÿc7Picked up ÿc1Minor Healing Potion ÿc0(ilvl 1) (EarlyGame.nip #25)
[09/09/20 14:53:51] D2BS 11576: move retry 1
[09/09/20 14:54:33] D2BS 11576: 8,2
[09/09/20 14:55:05] D2BS 11576: 2,3
[09/09/20 14:55:49] D2BS 11576: 2,1
[09/09/20 14:56:01] D2BS 11576: initNPC: heal
[09/09/20 14:56:29] D2BS 11576: 3
[09/09/20 14:56:40] D2BS 11576: move retry 1
[09/09/20 14:57:05] D2BS 11576: AutoBuild: Stat points: 5      Skill points: 2
[09/09/20 14:57:05] D2BS 11576: AutoBuild: Level up detected ( 4 --> 5 )
[09/09/20 14:57:05] D2BS 11576: AutoBuild: useSkillPoint(): Charged Bolt (38)
[09/09/20 14:57:05] D2BS 11576: AutoBuild: Skill (1/1) Increased Charged Bolt (38) by one (level:  2)
[09/09/20 14:57:06] D2BS 11576: AutoBuild: useStatPoint(0): Strength
[09/09/20 14:57:06] D2BS 11576: AutoBuild: Stat (1/5) Increased Strength from 13 to 14
[09/09/20 14:57:06] D2BS 11576: AutoBuild: useStatPoint(1): Energy
[09/09/20 14:57:06] D2BS 11576: AutoBuild: Stat (2/5) Increased Energy from 41 to 42
[09/09/20 14:57:06] D2BS 11576: AutoBuild: useStatPoint(1): Energy
[09/09/20 14:57:06] D2BS 11576: AutoBuild: Stat (3/5) Increased Energy from 42 to 43
[09/09/20 14:57:06] D2BS 11576: AutoBuild: useStatPoint(3): Vitality
[09/09/20 14:57:06] D2BS 11576: AutoBuild: Stat (4/5) Increased Vitality from 16 to 17
[09/09/20 14:57:06] D2BS 11576: AutoBuild: useStatPoint(3): Vitality
[09/09/20 14:57:06] D2BS 11576: AutoBuild: Stat (5/5) Increased Vitality from 17 to 18
[09/09/20 14:57:06] D2BS 11576: AutoBuild: Updating Config from level 4 to 5
[09/09/20 14:57:06] D2BS 11576: Updating Config from level 4 to 5
[09/09/20 14:57:06] D2BS 11576: Updating Config from level 4 to 5
[09/09/20 14:57:06] D2BS 11576: Updating Config from level 4 to 5
[09/09/20 14:57:06] D2BS 11576: AutoBuild: Incrementing cached character level to 5
[09/09/20 14:57:11] D2BS 11576: ÿc7Picked up ÿc475 Gold
[09/09/20 14:57:11] D2BS 11576: ÿc7Picked up ÿc3Light Mana Potion ÿc0(ilvl 1) (EarlyGame.nip #26)
[09/09/20 14:57:12] D2BS 11576: move retry 1
[09/09/20 14:57:14] D2BS 11576: ÿc7Picked up ÿc495 Gold
[09/09/20 14:57:14] D2BS 11576: ÿc7Picked up ÿc3Light Mana Potion ÿc0(ilvl 1) (EarlyGame.nip #26)
[09/09/20 14:57:27] D2BS 11576: ÿc7Picked up ÿc47 Gold
[09/09/20 14:57:48] D2BS 11576: ÿc7Picked up ÿc45 Gold
[09/09/20 14:58:06] D2BS 11576: move retry 1
[09/09/20 14:58:08] D2BS 11576: move retry 1
[09/09/20 14:58:11] D2BS 11576: ÿc7Picked up ÿc43 Gold
[09/09/20 14:58:11] D2BS 11576: move retry 2
[09/09/20 14:58:15] D2BS 11576: ÿc7Picked up ÿc45 Gold
[09/09/20 14:58:19] D2BS 11576: move retry 1
[09/09/20 14:58:51] D2BS 11576: ÿc7Picked up ÿc411 Gold
[09/09/20 14:59:03] D2BS 11576: ÿc7Picked up ÿc410 Gold
[09/09/20 14:59:03] D2BS 11576: ÿc7Picked up ÿc411 Gold
[09/09/20 14:59:24] D2BS 11576: ÿc7Picked up ÿc47 Gold
[09/09/20 14:59:32] D2BS 11576: move retry 1
[09/09/20 14:59:43] D2BS 11576: move retry 1
[09/09/20 14:59:53] D2BS 11576: ÿc7Picked up ÿc43 Gold
[09/09/20 15:00:46] D2BS 11576: move retry 1
[09/09/20 15:01:03] D2BS 11576: ÿc7Picked up ÿc45 Gold
[09/09/20 15:01:21] D2BS 11576: move retry 1
[09/09/20 15:01:37] D2BS 11576: move retry 1
[09/09/20 15:01:43] D2BS 11576: move retry 1
[09/09/20 15:01:45] D2BS 11576: move retry 1
[09/09/20 15:01:53] D2BS 11576: ÿc7Picked up ÿc3Light Mana Potion ÿc0(ilvl 1) (EarlyGame.nip #26)
[09/09/20 15:02:01] D2BS 11576: ÿc7Picked up ÿc45 Gold
[09/09/20 15:02:04] D2BS 11576: ÿc7Picked up ÿc43 Gold
[09/09/20 15:02:11] D2BS 11576: AutoBuild: Stat points: 5      Skill points: 2
[09/09/20 15:02:11] D2BS 11576: AutoBuild: Level up detected ( 5 --> 6 )
[09/09/20 15:02:11] D2BS 11576: AutoBuild: useSkillPoint(): Static Field (42)
[09/09/20 15:02:11] D2BS 11576: AutoBuild: Skill (1/1) Increased Static Field (42) by one (level:  1)
[09/09/20 15:02:12] D2BS 11576: AutoBuild: useStatPoint(0): Strength
[09/09/20 15:02:12] D2BS 11576: AutoBuild: Stat (1/5) Increased Strength from 14 to 15
[09/09/20 15:02:12] D2BS 11576: AutoBuild: useStatPoint(1): Energy
[09/09/20 15:02:12] D2BS 11576: AutoBuild: Stat (2/5) Increased Energy from 43 to 44
[09/09/20 15:02:12] D2BS 11576: AutoBuild: useStatPoint(1): Energy
[09/09/20 15:02:12] D2BS 11576: AutoBuild: Stat (3/5) Increased Energy from 44 to 45
[09/09/20 15:02:12] D2BS 11576: AutoBuild: useStatPoint(3): Vitality
[09/09/20 15:02:12] D2BS 11576: AutoBuild: Stat (4/5) Increased Vitality from 18 to 19
[09/09/20 15:02:12] D2BS 11576: AutoBuild: useStatPoint(3): Vitality
[09/09/20 15:02:12] D2BS 11576: AutoBuild: Stat (5/5) Increased Vitality from 19 to 20
[09/09/20 15:02:12] D2BS 11576: AutoBuild: Updating Config from level 5 to 6
[09/09/20 15:02:12] D2BS 11576: Updating Config from level 5 to 6
[09/09/20 15:02:12] D2BS 11576: Updating Config from level 5 to 6
[09/09/20 15:02:12] D2BS 11576: Updating Config from level 5 to 6
[09/09/20 15:02:12] D2BS 11576: AutoBuild: Incrementing cached character level to 6
[09/09/20 15:02:17] D2BS 11576: ÿc7Picked up ÿc1Minor Healing Potion ÿc0(ilvl 1) (EarlyGame.nip #25)
[09/09/20 15:02:27] D2BS 11576: ÿc7Picked up ÿc3Light Mana Potion ÿc0(ilvl 1) (EarlyGame.nip #26)
[09/09/20 15:02:46] D2BS 11576: move retry 1
[09/09/20 15:03:01] D2BS 11576: move retry 1
[09/09/20 15:03:02] D2BS 11576: ÿc7Picked up ÿc48 Gold
[09/09/20 15:03:27] D2BS 11576: ÿc7Picked up ÿc42 Gold
[09/09/20 15:03:45] D2BS 11576: ÿc7Picked up ÿc410 Gold
[09/09/20 15:03:46] D2BS 11576: move retry 1
[09/09/20 15:03:46] D2BS 11576: move retry 2
[09/09/20 15:03:50] D2BS 11576: ÿc7Picked up ÿc47 Gold
[09/09/20 15:03:56] D2BS 11576: move retry 1
[09/09/20 15:04:13] D2BS 11576: ÿc7Picked up ÿc411 Gold
[09/09/20 15:04:13] D2BS 11576: ÿc7Picked up ÿc3Minor Mana Potion ÿc0(ilvl 1) (EarlyGame.nip #24)
[09/09/20 15:04:22] D2BS 11576: ÿc7Picked up ÿc48 Gold
[09/09/20 15:04:31] D2BS 11576: ÿc7Picked up ÿc411 Gold
[09/09/20 15:04:47] D2BS 11576: move retry 1
[09/09/20 15:05:12] D2BS 11576: ÿc7Picked up ÿc45 Gold
[09/09/20 15:05:20] D2BS 11576: move retry 1
[09/09/20 15:05:29] D2BS 11576: move retry 1
[09/09/20 15:07:17] D2BS 11576: move retry 1
[09/09/20 15:08:15] D2BS 11576: move retry 1
[09/09/20 15:08:29] D2BS 11576: ÿc7Picked up ÿc48 Gold
[09/09/20 15:08:30] D2BS 11576: move retry 1
[09/09/20 15:10:32] D2BS 11576: 3,2
[09/09/20 15:11:07] D2BS 11576: 2,1
[09/09/20 15:11:39] D2BS 11576: 3
[09/09/20 15:13:25] D2BS 11576: ÿc7Picked up ÿc0Quilted Armor ÿc0(ilvl 5) (Lightning.xpac.nip #52)
[09/09/20 15:13:55] D2BS 11576: ÿc7Picked up ÿc419 Gold
[09/09/20 15:14:19] D2BS 11576: AutoBuild: Stat points: 5      Skill points: 2
[09/09/20 15:14:19] D2BS 11576: AutoBuild: Level up detected ( 6 --> 7 )
[09/09/20 15:14:19] D2BS 11576: AutoBuild: useSkillPoint(): Telekinesis (43)
[09/09/20 15:14:19] D2BS 11576: AutoBuild: Skill (1/1) Increased Telekinesis (43) by one (level:  1)
[09/09/20 15:14:19] D2BS 11576: AutoBuild: useStatPoint(0): Strength
[09/09/20 15:14:19] D2BS 11576: AutoBuild: Stat (1/5) Increased Strength from 15 to 16
[09/09/20 15:14:19] D2BS 11576: AutoBuild: useStatPoint(1): Energy
[09/09/20 15:14:19] D2BS 11576: AutoBuild: Stat (2/5) Increased Energy from 45 to 46
[09/09/20 15:14:19] D2BS 11576: AutoBuild: useStatPoint(1): Energy
[09/09/20 15:14:20] D2BS 11576: AutoBuild: Stat (3/5) Increased Energy from 46 to 47
[09/09/20 15:14:20] D2BS 11576: AutoBuild: useStatPoint(3): Vitality
[09/09/20 15:14:20] D2BS 11576: AutoBuild: Stat (4/5) Increased Vitality from 20 to 21
[09/09/20 15:14:20] D2BS 11576: AutoBuild: useStatPoint(3): Vitality
[09/09/20 15:14:20] D2BS 11576: AutoBuild: Stat (5/5) Increased Vitality from 21 to 22
[09/09/20 15:14:20] D2BS 11576: AutoBuild: Updating Config from level 6 to 7
[09/09/20 15:14:20] D2BS 11576: Updating Config from level 6 to 7
[09/09/20 15:14:20] D2BS 11576: Updating Config from level 6 to 7
[09/09/20 15:14:20] D2BS 11576: Updating Config from level 6 to 7
[09/09/20 15:14:20] D2BS 11576: AutoBuild: Incrementing cached character level to 7
[09/09/20 15:15:02] D2BS 11576: move retry 1
[09/09/20 15:15:09] D2BS 11576: move retry 1
[09/09/20 15:15:13] D2BS 11576: move retry 1
[09/09/20 15:15:22] D2BS 11576: move retry 1
[09/09/20 15:15:43] D2BS 11576: ÿc7Picked up ÿc1Light Healing Potion ÿc0(ilvl 1) (EarlyGame.nip #27)
[09/09/20 15:16:46] D2BS 11576: ÿc7Picked up ÿc414 Gold
[09/09/20 15:16:51] D2BS 11576: ÿc7Picked up ÿc424 Gold
[09/09/20 15:16:52] D2BS 11576: ÿc7Picked up ÿc417 Gold
[09/09/20 15:17:04] D2BS 11576: ÿc7Picked up ÿc429 Gold
[09/09/20 15:17:26] D2BS 11576: ÿc7Picked up ÿc422 Gold
[09/09/20 15:17:44] D2BS 11576: move retry 1
[09/09/20 15:18:00] D2BS 11576: ÿc7Picked up ÿc3Minor Mana Potion ÿc0(ilvl 1) (EarlyGame.nip #24)
[09/09/20 15:18:08] D2BS 11576: ÿc7Picked up ÿc1Light Healing Potion ÿc0(ilvl 1) (EarlyGame.nip #27)
[09/09/20 15:18:08] D2BS 11576: ÿc7Picked up ÿc3Light Mana Potion ÿc0(ilvl 1) (EarlyGame.nip #26)
[09/09/20 15:18:24] D2BS 11576: move retry 1
[09/09/20 15:18:25] D2BS 11576: ÿc7Picked up ÿc422 Gold
[09/09/20 15:18:54] D2BS 11576: AutoBuild: Stat points: 5      Skill points: 2
[09/09/20 15:18:54] D2BS 11576: AutoBuild: Level up detected ( 7 --> 8 )
[09/09/20 15:18:54] D2BS 11576: AutoBuild: useSkillPoint(): Charged Bolt (38)
[09/09/20 15:18:54] D2BS 11576: AutoBuild: Skill (1/1) Increased Charged Bolt (38) by one (level:  3)
[09/09/20 15:18:54] D2BS 11576: AutoBuild: useStatPoint(0): Strength
[09/09/20 15:18:54] D2BS 11576: AutoBuild: Stat (1/5) Increased Strength from 16 to 17
[09/09/20 15:18:54] D2BS 11576: AutoBuild: useStatPoint(1): Energy
[09/09/20 15:18:54] D2BS 11576: AutoBuild: Stat (2/5) Increased Energy from 47 to 48
[09/09/20 15:18:54] D2BS 11576: AutoBuild: useStatPoint(1): Energy
[09/09/20 15:18:54] D2BS 11576: AutoBuild: Stat (3/5) Increased Energy from 48 to 49
[09/09/20 15:18:54] D2BS 11576: AutoBuild: useStatPoint(3): Vitality
[09/09/20 15:18:55] D2BS 11576: AutoBuild: Stat (4/5) Increased Vitality from 22 to 23
[09/09/20 15:18:55] D2BS 11576: AutoBuild: useStatPoint(3): Vitality
[09/09/20 15:18:55] D2BS 11576: AutoBuild: Stat (5/5) Increased Vitality from 23 to 24
[09/09/20 15:18:55] D2BS 11576: AutoBuild: Updating Config from level 7 to 8
[09/09/20 15:18:55] D2BS 11576: Updating Config from level 7 to 8
[09/09/20 15:18:55] D2BS 11576: Updating Config from level 7 to 8
[09/09/20 15:18:55] D2BS 11576: Updating Config from level 7 to 8
[09/09/20 15:18:55] D2BS 11576: AutoBuild: Incrementing cached character level to 8
[09/09/20 15:19:04] D2BS 11576: move retry 1
[09/09/20 15:19:09] D2BS 11576: ÿc7Picked up ÿc420 Gold
[09/09/20 15:20:08] D2BS 11576: ÿc7Picked up ÿc46 Gold
[09/09/20 15:20:38] D2BS 11576: move retry 1
[09/09/20 15:20:45] D2BS 11576: move retry 1
[09/09/20 15:21:03] D2BS 11576: ÿc7Picked up ÿc3Minor Mana Potion ÿc0(ilvl 1) (EarlyGame.nip #24)
[09/09/20 15:21:26] D2BS 11576: ÿc7Picked up ÿc44 Gold
[09/09/20 15:21:28] D2BS 11576: move retry 1
[09/09/20 15:21:38] D2BS 11576: ÿc1Skipping Hungry Dead 515 16
[09/09/20 15:21:45] D2BS 11576: move retry 1
[09/09/20 15:22:06] D2BS 11576: move retry 1
[09/09/20 15:22:30] D2BS 11576: move retry 1
[09/09/20 15:22:47] D2BS 11576: move retry 1
[09/09/20 15:22:47] D2BS 11576: ÿc7Picked up ÿc46 Gold
[09/09/20 15:22:58] D2BS 11576: move retry 1
[09/09/20 15:23:42] D2BS 11576: move retry 1
[09/09/20 15:24:53] D2BS 11576: move retry 1
[09/09/20 15:26:35] D2BS 11576: 4,10
[09/09/20 15:27:17] D2BS 11576: Script default.dbj ended
[09/09/20 15:27:17] D2BS 11576: Script tools\autobuildthread.js ended
[09/09/20 15:27:17] D2BS 11576: Script tools\party.js ended
[09/09/20 15:27:17] D2BS 11576: Script tools\toolsthread.js ended
[09/09/20 15:27:23] D2BS 11576: ÿc2D2BSÿc0 :: Starting default.dbj
[09/09/20 15:27:23] D2BS 11576: ÿc2D2BSÿc0 :: default.dbj running.
[09/09/20 15:27:23] D2BS 11576: AutoBuild: Including build template config/builds/sorceress.lightning.js into default.dbj
[09/09/20 15:27:23] D2BS 11576: Updating Config from level 0 to 8
[09/09/20 15:27:23] D2BS 11576: ÿc4Loaded NIP: ÿc2LateGame.nipÿc4. Lines: ÿc277ÿc4. Valid entries: ÿc250. ÿc4Time: ÿc216 ms
[09/09/20 15:27:23] D2BS 11576: ÿc4Loaded NIP: ÿc2MidGame.nipÿc4. Lines: ÿc254ÿc4. Valid entries: ÿc233. ÿc4Time: ÿc20 ms
[09/09/20 15:27:23] D2BS 11576: ÿc4Loaded NIP: ÿc2EarlyGame.nipÿc4. Lines: ÿc227ÿc4. Valid entries: ÿc213. ÿc4Time: ÿc20 ms
[09/09/20 15:27:23] D2BS 11576: ÿc4Loaded NIP: ÿc2LightningRunes.nipÿc4. Lines: ÿc223ÿc4. Valid entries: ÿc212. ÿc4Time: ÿc20 ms
[09/09/20 15:27:23] D2BS 11576: ÿc4Loaded NIP: ÿc2Lightning.xpac.nipÿc4. Lines: ÿc2126ÿc4. Valid entries: ÿc2109. ÿc4Time: ÿc216 ms
[09/09/20 15:27:23] D2BS 11576: ÿc4Loaded NIP: ÿc2PreMerc.xpac.nipÿc4. Lines: ÿc25ÿc4. Valid entries: ÿc23. ÿc4Time: ÿc20 ms
[09/09/20 15:27:23] D2BS 11576: ÿc4Loaded NIP: ÿc2Merc.xpac.nipÿc4. Lines: ÿc230ÿc4. Valid entries: ÿc220. ÿc4Time: ÿc20 ms
[09/09/20 15:27:24] D2BS 11576: AutoBuild: Including build template config/builds/sorceress.lightning.js into tools\autobuildthread.js
[09/09/20 15:27:24] D2BS 11576: Updating Config from level 0 to 8
[09/09/20 15:27:24] D2BS 11576: AutoBuild: Loaded helper thread
[09/09/20 15:27:24] D2BS 11576: ÿc2Starting script: ÿc9LevelFollower
[09/09/20 15:27:24] D2BS 11576: initNPC: heal
[09/09/20 15:27:24] D2BS 11576: AutoBuild: Including build template config/builds/sorceress.lightning.js into tools\party.js
[09/09/20 15:27:24] D2BS 11576: Updating Config from level 0 to 8
[09/09/20 15:27:24] D2BS 11576: ÿc2Party thread loaded. Mode: Accept
[09/09/20 15:27:24] D2BS 11576: ÿc3Start ToolsThread script
[09/09/20 15:27:24] D2BS 11576: AutoBuild: Including build template config/builds/sorceress.lightning.js into tools\toolsthread.js
[09/09/20 15:27:24] D2BS 11576: Updating Config from level 0 to 8
[09/09/20 15:27:30] D2BS 11576: move retry 1
[09/09/20 15:27:52] D2BS 11576: move retry 1
[09/09/20 15:27:53] D2BS 11576: move retry 1
[09/09/20 15:27:57] D2BS 11576: move retry 1
[09/09/20 15:28:55] D2BS 11576: ÿc7Picked up ÿc46 Gold
[09/09/20 15:29:10] D2BS 11576: move retry 1
[09/09/20 15:29:11] D2BS 11576: ÿc7Picked up ÿc3Minor Mana Potion ÿc0(ilvl 1) (EarlyGame.nip #24)
[09/09/20 15:29:29] D2BS 11576: ÿc7Picked up ÿc43 Gold
[09/09/20 15:29:29] D2BS 11576: ÿc7Picked up ÿc410 Gold
[09/09/20 15:29:30] D2BS 11576: move retry 1
[09/09/20 15:29:52] D2BS 11576: move retry 1
[09/09/20 15:30:27] D2BS 11576: ÿc7Picked up ÿc3Light Mana Potion ÿc0(ilvl 1) (EarlyGame.nip #26)
[09/09/20 15:30:33] D2BS 11576: move retry 1
[09/09/20 15:30:55] D2BS 11576: ÿc7Picked up ÿc3Ring ÿc0(ilvl 2) (Lightning.xpac.nip #101)
[09/09/20 15:30:57] D2BS 11576: move retry 1
[09/09/20 15:31:03] D2BS 11576: AutoBuild: Stat points: 5      Skill points: 2
[09/09/20 15:31:03] D2BS 11576: AutoBuild: Level up detected ( 8 --> 9 )
[09/09/20 15:31:03] D2BS 11576: AutoBuild: useSkillPoint(): Charged Bolt (38)
[09/09/20 15:31:03] D2BS 11576: AutoBuild: Skill (1/1) Increased Charged Bolt (38) by one (level:  4)
[09/09/20 15:31:03] D2BS 11576: AutoBuild: useStatPoint(0): Strength
[09/09/20 15:31:03] D2BS 11576: AutoBuild: Stat (1/5) Increased Strength from 17 to 18
[09/09/20 15:31:03] D2BS 11576: AutoBuild: useStatPoint(1): Energy
[09/09/20 15:31:03] D2BS 11576: AutoBuild: Stat (2/5) Increased Energy from 49 to 50
[09/09/20 15:31:03] D2BS 11576: AutoBuild: useStatPoint(1): Energy
[09/09/20 15:31:04] D2BS 11576: AutoBuild: Stat (3/5) Increased Energy from 50 to 51
[09/09/20 15:31:04] D2BS 11576: AutoBuild: useStatPoint(3): Vitality
[09/09/20 15:31:04] D2BS 11576: AutoBuild: Stat (4/5) Increased Vitality from 24 to 25
[09/09/20 15:31:04] D2BS 11576: AutoBuild: useStatPoint(3): Vitality
[09/09/20 15:31:04] D2BS 11576: AutoBuild: Stat (5/5) Increased Vitality from 25 to 26
[09/09/20 15:31:04] D2BS 11576: AutoBuild: Updating Config from level 8 to 9
[09/09/20 15:31:04] D2BS 11576: Updating Config from level 8 to 9
[09/09/20 15:31:04] D2BS 11576: Updating Config from level 8 to 9
[09/09/20 15:31:04] D2BS 11576: Updating Config from level 8 to 9
[09/09/20 15:31:04] D2BS 11576: AutoBuild: Incrementing cached character level to 9
[09/09/20 15:31:13] D2BS 11576: ÿc7Picked up ÿc44 Gold
[09/09/20 15:31:19] D2BS 11576: ÿc7Picked up ÿc3Light Mana Potion ÿc0(ilvl 1) (EarlyGame.nip #26)
[09/09/20 15:31:20] D2BS 11576: move retry 1
[09/09/20 15:31:27] D2BS 11576: ÿc7Picked up ÿc41 Gold
[09/09/20 15:31:32] D2BS 11576: ÿc7Picked up ÿc414 Gold
[09/09/20 15:32:00] D2BS 11576: ÿc7Picked up ÿc415 Gold
[09/09/20 15:32:03] D2BS 11576: move retry 1
[09/09/20 15:32:08] D2BS 11576: ÿc7Picked up ÿc0Superior Cap ÿc0(ilvl 4) (Lightning.xpac.nip #35)
[09/09/20 15:32:11] D2BS 11576: ÿc7Picked up ÿc3Minor Mana Potion ÿc0(ilvl 1) (EarlyGame.nip #24)
[09/09/20 15:32:14] D2BS 11576: ÿc7Picked up ÿc43 Gold
[09/09/20 15:32:25] D2BS 11576: move retry 1
