[10/12/20 08:32:53] D2BS 24760: D2BS Engine startup complete. 1.6.4U
[10/12/20 08:32:53] D2BS 24760: Wind
[10/12/20 08:32:53] D2BS 24760: ÿc2D2BSÿc0 :: Switched to profile Wind
[10/12/20 08:32:53] D2BS 24760: ÿc2D2BSÿc0 :: Engine startup complete!
[10/12/20 08:32:53] D2BS 24760: ÿc2D2BSÿc0 :: Starting D2BotLanFollow.dbj
[10/12/20 08:32:53] D2BS 24760: ÿc2D2BSÿc0 :: D2BotLanFollow.dbj running.
[10/12/20 08:32:53] D2BS 24760: ÿc2D2BSÿc0 :: Started Console Script
[10/12/20 08:32:55] D2BS 24760: Heartbeat loaded
[10/12/20 08:33:13] D2BS 24760: ÿc2D2BSÿc0 :: Starting default.dbj
[10/12/20 08:33:13] D2BS 24760: ÿc2D2BSÿc0 :: default.dbj running.
[10/12/20 08:33:13] D2BS 24760: AutoBuild: Including build template config/builds/druid.tornado.js into default.dbj
[10/12/20 08:33:13] D2BS 24760: Updating Config from level 0 to 1
[10/12/20 08:33:13] D2BS 24760: ÿc4Loaded NIP: ÿc2LateGame.nipÿc4. Lines: ÿc280ÿc4. Valid entries: ÿc253. ÿc4Time: ÿc20 ms
[10/12/20 08:33:13] D2BS 24760: ÿc4Loaded NIP: ÿc2MidGame.nipÿc4. Lines: ÿc268ÿc4. Valid entries: ÿc241. ÿc4Time: ÿc20 ms
[10/12/20 08:33:13] D2BS 24760: ÿc4Loaded NIP: ÿc2EarlyGame.nipÿc4. Lines: ÿc226ÿc4. Valid entries: ÿc212. ÿc4Time: ÿc20 ms
[10/12/20 08:33:13] D2BS 24760: ÿc4Loaded NIP: ÿc2TornadoRunes.nipÿc4. Lines: ÿc223ÿc4. Valid entries: ÿc211. ÿc4Time: ÿc20 ms
[10/12/20 08:33:13] D2BS 24760: ÿc4Loaded NIP: ÿc2Tornado.xpac.nipÿc4. Lines: ÿc2120ÿc4. Valid entries: ÿc2103. ÿc4Time: ÿc20 ms
[10/12/20 08:33:13] D2BS 24760: ÿc4Loaded NIP: ÿc2PreMerc.xpac.nipÿc4. Lines: ÿc222ÿc4. Valid entries: ÿc216. ÿc4Time: ÿc216 ms
[10/12/20 08:33:13] D2BS 24760: ÿc4Loaded NIP: ÿc2Merc.xpac.nipÿc4. Lines: ÿc232ÿc4. Valid entries: ÿc222. ÿc4Time: ÿc20 ms
[10/12/20 08:33:13] D2BS 24760: AutoBuild: Including build template config/builds/druid.tornado.js into tools\autobuildthread.js
[10/12/20 08:33:13] D2BS 24760: Updating Config from level 0 to 1
[10/12/20 08:33:13] D2BS 24760: AutoBuild: Loaded helper thread
[10/12/20 08:33:13] D2BS 24760: ÿc2Starting script: ÿc9LevelFollower
[10/12/20 08:33:13] D2BS 24760: AutoBuild: Including build template config/builds/druid.tornado.js into tools\party.js
[10/12/20 08:33:13] D2BS 24760: Updating Config from level 0 to 1
[10/12/20 08:33:13] D2BS 24760: ÿc2Party thread loaded. Mode: Accept
[10/12/20 08:33:13] D2BS 24760: ÿc3Start ToolsThread script
[10/12/20 08:33:13] D2BS 24760: AutoBuild: Including build template config/builds/druid.tornado.js into tools\townchicken.js
[10/12/20 08:33:13] D2BS 24760: AutoBuild: Including build template config/builds/druid.tornado.js into tools\toolsthread.js
[10/12/20 08:33:13] D2BS 24760: Updating Config from level 0 to 1
[10/12/20 08:33:13] D2BS 24760: Updating Config from level 0 to 1
[10/12/20 08:33:59] D2BS 24760: Failed talking to Kashya
[10/12/20 08:34:05] D2BS 24760: initNPC: BuyPotions
[10/12/20 08:34:09] D2BS 24760: move retry 1
[10/12/20 08:34:11] D2BS 24760: move retry 1
[10/12/20 08:34:37] D2BS 24760: 1,2
[10/12/20 08:34:47] D2BS 24760: move retry 1
[10/12/20 08:35:11] D2BS 24760: move retry 1
[10/12/20 08:35:22] D2BS 24760: move retry 1
[10/12/20 08:35:23] D2BS 24760: move retry 2
[10/12/20 08:35:26] D2BS 24760: move retry 1
[10/12/20 08:35:29] D2BS 24760: ÿc7Picked up ÿc0Low Quality Leather Armor ÿc0(ilvl 1) (Tornado.xpac.nip #46)
[10/12/20 08:35:43] D2BS 24760: move retry 1
[10/12/20 08:35:44] D2BS 24760: move retry 2
[10/12/20 08:35:47] D2BS 24760: ÿc7Picked up ÿc43 Gold
[10/12/20 08:35:52] D2BS 24760: ÿc7Picked up ÿc0Leather Gloves ÿc0(ilvl 1) (Tornado.xpac.nip #72)
[10/12/20 08:35:52] D2BS 24760: AutoBuild: Stat points: 5      Skill points: 1
[10/12/20 08:35:52] D2BS 24760: AutoBuild: Level up detected ( 1 --> 2 )
[10/12/20 08:35:52] D2BS 24760: AutoBuild: useSkillPoint(): Raven (221)
[10/12/20 08:35:52] D2BS 24760: AutoBuild: Skill (1/1) Increased Raven (221) by one (level:  1)
[10/12/20 08:35:52] D2BS 24760: AutoBuild: useStatPoint(0): Strength
[10/12/20 08:35:53] D2BS 24760: AutoBuild: Stat (1/5) Increased Strength from 15 to 16
[10/12/20 08:35:53] D2BS 24760: AutoBuild: useStatPoint(3): Vitality
[10/12/20 08:35:53] D2BS 24760: AutoBuild: Stat (2/5) Increased Vitality from 25 to 26
[10/12/20 08:35:53] D2BS 24760: AutoBuild: useStatPoint(3): Vitality
[10/12/20 08:35:53] D2BS 24760: AutoBuild: Stat (3/5) Increased Vitality from 26 to 27
[10/12/20 08:35:53] D2BS 24760: AutoBuild: useStatPoint(3): Vitality
[10/12/20 08:35:53] D2BS 24760: AutoBuild: Stat (4/5) Increased Vitality from 27 to 28
[10/12/20 08:35:53] D2BS 24760: AutoBuild: useStatPoint(3): Vitality
[10/12/20 08:35:53] D2BS 24760: AutoBuild: Stat (5/5) Increased Vitality from 28 to 29
[10/12/20 08:35:53] D2BS 24760: Updating Config from level 1 to 2
[10/12/20 08:35:53] D2BS 24760: Updating Config from level 1 to 2
[10/12/20 08:35:53] D2BS 24760: AutoBuild: Updating Config from level 1 to 2
[10/12/20 08:35:53] D2BS 24760: Updating Config from level 1 to 2
[10/12/20 08:35:53] D2BS 24760: Updating Config from level 1 to 2
[10/12/20 08:35:53] D2BS 24760: AutoBuild: Incrementing cached character level to 2
[10/12/20 08:35:55] D2BS 24760: move retry 1
[10/12/20 08:36:18] D2BS 24760: 2,3
[10/12/20 08:36:56] D2BS 24760: move retry 1
[10/12/20 08:37:10] D2BS 24760: ÿc7Picked up ÿc43 Gold
[10/12/20 08:37:17] D2BS 24760: AutoBuild: Stat points: 5      Skill points: 1
[10/12/20 08:37:17] D2BS 24760: AutoBuild: Level up detected ( 2 --> 3 )
[10/12/20 08:37:17] D2BS 24760: AutoBuild: useSkillPoint(): Poison Creeper (222)
[10/12/20 08:37:17] D2BS 24760: AutoBuild: Skill (1/1) Increased Poison Creeper (222) by one (level:  1)
[10/12/20 08:37:18] D2BS 24760: AutoBuild: useStatPoint(0): Strength
[10/12/20 08:37:18] D2BS 24760: AutoBuild: Attempt to spend point 1 in Strength may have failed!
[10/12/20 08:37:18] D2BS 24760: AutoBuild: useStatPoint(3): Vitality
[10/12/20 08:37:18] D2BS 24760: AutoBuild: Stat (2/5) Increased Vitality from 29 to 30
[10/12/20 08:37:18] D2BS 24760: AutoBuild: useStatPoint(3): Vitality
[10/12/20 08:37:18] D2BS 24760: AutoBuild: Stat (3/5) Increased Vitality from 30 to 31
[10/12/20 08:37:18] D2BS 24760: AutoBuild: useStatPoint(3): Vitality
[10/12/20 08:37:18] D2BS 24760: AutoBuild: Stat (4/5) Increased Vitality from 31 to 32
[10/12/20 08:37:18] D2BS 24760: AutoBuild: useStatPoint(3): Vitality
[10/12/20 08:37:18] D2BS 24760: AutoBuild: Stat (5/5) Increased Vitality from 32 to 33
[10/12/20 08:37:18] D2BS 24760: AutoBuild: Updating Config from level 2 to 3
[10/12/20 08:37:18] D2BS 24760: Updating Config from level 2 to 3
[10/12/20 08:37:18] D2BS 24760: Updating Config from level 2 to 3
[10/12/20 08:37:18] D2BS 24760: Updating Config from level 2 to 3
[10/12/20 08:37:18] D2BS 24760: Updating Config from level 2 to 3
[10/12/20 08:37:18] D2BS 24760: AutoBuild: Incrementing cached character level to 3
[10/12/20 08:37:22] D2BS 24760: move retry 1
[10/12/20 08:37:59] D2BS 24760: move retry 1
[10/12/20 08:38:27] D2BS 24760: ÿc7Picked up ÿc47 Gold
[10/12/20 08:39:04] D2BS 24760: move retry 1
[10/12/20 08:39:08] D2BS 24760: move retry 1
[10/12/20 08:39:42] D2BS 24760: move retry 1
[10/12/20 08:40:04] D2BS 24760: AutoBuild: Stat points: 5      Skill points: 1
[10/12/20 08:40:04] D2BS 24760: AutoBuild: Level up detected ( 3 --> 4 )
[10/12/20 08:40:04] D2BS 24760: AutoBuild: useStatPoint(0): Strength
[10/12/20 08:40:04] D2BS 24760: AutoBuild: Stat (1/5) Increased Strength from 17 to 18
[10/12/20 08:40:04] D2BS 24760: AutoBuild: useStatPoint(3): Vitality
[10/12/20 08:40:04] D2BS 24760: AutoBuild: Stat (2/5) Increased Vitality from 33 to 34
[10/12/20 08:40:04] D2BS 24760: AutoBuild: useStatPoint(3): Vitality
[10/12/20 08:40:04] D2BS 24760: AutoBuild: Stat (3/5) Increased Vitality from 34 to 35
[10/12/20 08:40:04] D2BS 24760: AutoBuild: useStatPoint(3): Vitality
[10/12/20 08:40:04] D2BS 24760: AutoBuild: Stat (4/5) Increased Vitality from 35 to 36
[10/12/20 08:40:04] D2BS 24760: AutoBuild: useStatPoint(3): Vitality
[10/12/20 08:40:04] D2BS 24760: AutoBuild: Stat (5/5) Increased Vitality from 36 to 37
[10/12/20 08:40:04] D2BS 24760: Updating Config from level 3 to 4
[10/12/20 08:40:04] D2BS 24760: Updating Config from level 3 to 4
[10/12/20 08:40:04] D2BS 24760: AutoBuild: Updating Config from level 3 to 4
[10/12/20 08:40:04] D2BS 24760: Updating Config from level 3 to 4
[10/12/20 08:40:04] D2BS 24760: Updating Config from level 3 to 4
[10/12/20 08:40:04] D2BS 24760: AutoBuild: Incrementing cached character level to 4
[10/12/20 08:40:07] D2BS 24760: ÿc7Picked up ÿc43 Gold
[10/12/20 08:40:22] D2BS 24760: move retry 1
[10/12/20 08:40:27] D2BS 24760: move retry 1
[10/12/20 08:40:30] D2BS 24760: move retry 1
[10/12/20 08:40:34] D2BS 24760: move retry 2
[10/12/20 08:40:35] D2BS 24760: move retry 3
[10/12/20 08:41:27] D2BS 24760: move retry 1
[10/12/20 08:42:04] D2BS 24760: move retry 1
[10/12/20 08:42:07] D2BS 24760: move retry 1
[10/12/20 08:43:13] D2BS 24760: Failed going to town
[10/12/20 08:43:14] D2BS 24760: 3,2,1
[10/12/20 08:44:16] D2BS 24760: initNPC: identify
[10/12/20 08:44:21] D2BS 24760: ÿc4MiniShopBotÿc0: Scanning 46 items.
[10/12/20 08:44:40] D2BS 24760: move retry 1
[10/12/20 08:44:50] D2BS 24760: move retry 1
[10/12/20 08:44:51] D2BS 24760: ÿc7Picked up ÿc41 Gold
[10/12/20 08:45:01] D2BS 24760: ÿc7Picked up ÿc48 Gold
[10/12/20 08:45:08] D2BS 24760: move retry 1
[10/12/20 08:45:13] D2BS 24760: ÿc7Picked up ÿc44 Gold
[10/12/20 08:45:37] D2BS 24760: move retry 1
[10/12/20 08:45:40] D2BS 24760: move retry 1
[10/12/20 08:45:50] D2BS 24760: ÿc7Picked up ÿc43 Gold
[10/12/20 08:45:51] D2BS 24760: move retry 1
[10/12/20 08:46:04] D2BS 24760: move retry 1
[10/12/20 08:46:06] D2BS 24760: move retry 2
[10/12/20 08:46:28] D2BS 24760: move retry 1
[10/12/20 08:46:30] D2BS 24760: move retry 1
[10/12/20 08:48:05] D2BS 24760: move retry 1
[10/12/20 08:48:09] D2BS 24760: ÿc7Picked up ÿc43 Gold
[10/12/20 08:48:09] D2BS 24760: ÿc7Picked up ÿc0Boots ÿc0(ilvl 1) (Tornado.xpac.nip #61)
[10/12/20 08:48:10] D2BS 24760: ÿc7Picked up ÿc1Minor Healing Potion ÿc0(ilvl 1) (EarlyGame.nip #24)
[10/12/20 08:48:10] D2BS 24760: ÿc7Picked up ÿc45 Gold
[10/12/20 08:48:13] D2BS 24760: ÿc7Picked up ÿc44 Gold
[10/12/20 08:48:24] D2BS 24760: move retry 1
[10/12/20 08:48:26] D2BS 24760: ÿc7Picked up ÿc47 Gold
[10/12/20 08:48:41] D2BS 24760: move retry 1
[10/12/20 08:48:45] D2BS 24760: move retry 1
[10/12/20 08:48:57] D2BS 24760: move retry 1
[10/12/20 08:49:08] D2BS 24760: AutoBuild: Stat points: 5      Skill points: 2
[10/12/20 08:49:08] D2BS 24760: AutoBuild: Level up detected ( 4 --> 5 )
[10/12/20 08:49:08] D2BS 24760: AutoBuild: useStatPoint(0): Strength
[10/12/20 08:49:08] D2BS 24760: AutoBuild: Stat (1/5) Increased Strength from 18 to 19
[10/12/20 08:49:08] D2BS 24760: AutoBuild: useStatPoint(3): Vitality
[10/12/20 08:49:09] D2BS 24760: AutoBuild: Stat (2/5) Increased Vitality from 37 to 38
[10/12/20 08:49:09] D2BS 24760: AutoBuild: useStatPoint(3): Vitality
[10/12/20 08:49:09] D2BS 24760: AutoBuild: Stat (3/5) Increased Vitality from 38 to 39
[10/12/20 08:49:09] D2BS 24760: AutoBuild: useStatPoint(3): Vitality
[10/12/20 08:49:09] D2BS 24760: AutoBuild: Stat (4/5) Increased Vitality from 39 to 40
[10/12/20 08:49:09] D2BS 24760: AutoBuild: useStatPoint(3): Vitality
[10/12/20 08:49:09] D2BS 24760: AutoBuild: Stat (5/5) Increased Vitality from 40 to 41
[10/12/20 08:49:09] D2BS 24760: Updating Config from level 4 to 5
[10/12/20 08:49:09] D2BS 24760: Updating Config from level 4 to 5
[10/12/20 08:49:09] D2BS 24760: Updating Config from level 4 to 5
[10/12/20 08:49:09] D2BS 24760: AutoBuild: Updating Config from level 4 to 5
[10/12/20 08:49:09] D2BS 24760: Updating Config from level 4 to 5
[10/12/20 08:49:09] D2BS 24760: AutoBuild: Incrementing cached character level to 5
[10/12/20 08:49:21] D2BS 24760: ÿc7Picked up ÿc423 Gold
[10/12/20 08:49:21] D2BS 24760: ÿc7Picked up ÿc1Minor Healing Potion ÿc0(ilvl 1) (EarlyGame.nip #24)
[10/12/20 08:50:27] D2BS 24760: Failed going to town
[10/12/20 08:50:38] D2BS 24760: move retry 1
[10/12/20 08:50:41] D2BS 24760: initNPC: identify
[10/12/20 08:50:52] D2BS 24760: ÿc4MiniShopBotÿc0: Scanning 56 items.
[10/12/20 08:51:02] D2BS 24760: 3
[10/12/20 08:51:38] D2BS 24760: ÿc7Picked up ÿc45 Gold
[10/12/20 08:51:39] D2BS 24760: move retry 1
[10/12/20 08:51:55] D2BS 24760: ÿc7Picked up ÿc44 Gold
[10/12/20 08:51:55] D2BS 24760: ÿc7Picked up ÿc0Crude Wand ÿc0(ilvl 2)
[10/12/20 08:52:04] D2BS 24760: ÿc7Picked up ÿc42 Gold
[10/12/20 08:52:16] D2BS 24760: ÿc7Picked up ÿc0Chipped Diamond ÿc0(ilvl 1)
[10/12/20 08:52:17] D2BS 24760: ÿc7Picked up ÿc3Amulet ÿc0(ilvl 2) (LateGame.nip #29)
[10/12/20 08:52:22] D2BS 24760: 3,4
[10/12/20 08:52:55] D2BS 24760: ÿc7Picked up ÿc419 Gold
[10/12/20 08:53:36] D2BS 24760: ÿc1Skipping Moon Clan 420 16
[10/12/20 08:53:38] D2BS 24760: AutoBuild: Stat points: 5      Skill points: 4
[10/12/20 08:53:38] D2BS 24760: AutoBuild: Level up detected ( 5 --> 6 )
[10/12/20 08:53:38] D2BS 24760: AutoBuild: useSkillPoint(): Oak Sage (226)
[10/12/20 08:53:38] D2BS 24760: AutoBuild: Skill (1/1) Increased Oak Sage (226) by one (level:  1)
[10/12/20 08:53:38] D2BS 24760: AutoBuild: useStatPoint(0): Strength
[10/12/20 08:53:38] D2BS 24760: AutoBuild: Stat (1/5) Increased Strength from 19 to 20
[10/12/20 08:53:38] D2BS 24760: AutoBuild: useStatPoint(3): Vitality
[10/12/20 08:53:39] D2BS 24760: AutoBuild: Stat (2/5) Increased Vitality from 41 to 42
[10/12/20 08:53:39] D2BS 24760: AutoBuild: useStatPoint(3): Vitality
[10/12/20 08:53:39] D2BS 24760: AutoBuild: Stat (3/5) Increased Vitality from 42 to 43
[10/12/20 08:53:39] D2BS 24760: AutoBuild: useStatPoint(3): Vitality
[10/12/20 08:53:39] D2BS 24760: AutoBuild: Attempt to spend point 4 in Vitality may have failed!
[10/12/20 08:53:39] D2BS 24760: AutoBuild: useStatPoint(3): Vitality
[10/12/20 08:53:39] D2BS 24760: AutoBuild: Stat (5/5) Increased Vitality from 44 to 45
[10/12/20 08:53:39] D2BS 24760: Updating Config from level 5 to 6
[10/12/20 08:53:39] D2BS 24760: Updating Config from level 5 to 6
[10/12/20 08:53:39] D2BS 24760: Updating Config from level 5 to 6
[10/12/20 08:53:39] D2BS 24760: AutoBuild: Updating Config from level 5 to 6
[10/12/20 08:53:39] D2BS 24760: Updating Config from level 5 to 6
[10/12/20 08:53:39] D2BS 24760: AutoBuild: Incrementing cached character level to 6
[10/12/20 08:53:40] D2BS 24760: ÿc7Picked up ÿc414 Gold
[10/12/20 08:53:47] D2BS 24760: move retry 1
[10/12/20 08:54:02] D2BS 24760: move retry 1
[10/12/20 08:54:05] D2BS 24760: ÿc7Picked up ÿc423 Gold
[10/12/20 08:54:06] D2BS 24760: ÿc7Picked up ÿc47 Gold
[10/12/20 08:54:58] D2BS 24760: ÿc7Picked up ÿc1Minor Healing Potion ÿc0(ilvl 1) (EarlyGame.nip #24)
[10/12/20 08:55:04] D2BS 24760: ÿc7Picked up ÿc48 Gold
