[10/09/20 21:57:43] D2BS 45644: D2BS Engine startup complete. 1.6.4U
[10/09/20 21:57:43] D2BS 45644: ColdSorc
[10/09/20 21:57:43] D2BS 45644: ÿc2D2BSÿc0 :: Switched to profile ColdSorc
[10/09/20 21:57:43] D2BS 45644: ÿc2D2BSÿc0 :: Engine startup complete!
[10/09/20 21:57:43] D2BS 45644: ÿc2D2BSÿc0 :: Starting D2BotLanFollow.dbj
[10/09/20 21:57:43] D2BS 45644: ÿc2D2BSÿc0 :: D2BotLanFollow.dbj running.
[10/09/20 21:57:43] D2BS 45644: ÿc2D2BSÿc0 :: Started Console Script
[10/09/20 21:57:46] D2BS 45644: Heartbeat loaded
[10/09/20 21:58:03] D2BS 45644: ÿc2D2BSÿc0 :: Starting default.dbj
[10/09/20 21:58:03] D2BS 45644: ÿc2D2BSÿc0 :: default.dbj running.
[10/09/20 21:58:03] D2BS 45644: AutoBuild: Including build template config/builds/sorceress.cold.js into default.dbj
[10/09/20 21:58:03] D2BS 45644: Updating Config from level 0 to 1
[10/09/20 21:58:03] D2BS 45644: ÿc4Loaded NIP: ÿc2LateGame.nipÿc4. Lines: ÿc280ÿc4. Valid entries: ÿc253. ÿc4Time: ÿc20 ms
[10/09/20 21:58:03] D2BS 45644: ÿc4Loaded NIP: ÿc2MidGame.nipÿc4. Lines: ÿc268ÿc4. Valid entries: ÿc241. ÿc4Time: ÿc216 ms
[10/09/20 21:58:03] D2BS 45644: ÿc4Loaded NIP: ÿc2EarlyGame.nipÿc4. Lines: ÿc229ÿc4. Valid entries: ÿc213. ÿc4Time: ÿc20 ms
[10/09/20 21:58:03] D2BS 45644: ÿc4Loaded NIP: ÿc2ColdRunes.nipÿc4. Lines: ÿc223ÿc4. Valid entries: ÿc212. ÿc4Time: ÿc20 ms
[10/09/20 21:58:03] D2BS 45644: ÿc4Loaded NIP: ÿc2Cold.xpac.nipÿc4. Lines: ÿc2129ÿc4. Valid entries: ÿc2112. ÿc4Time: ÿc215 ms
[10/09/20 21:58:03] D2BS 45644: ÿc4Loaded NIP: ÿc2Merc.xpac.nipÿc4. Lines: ÿc252ÿc4. Valid entries: ÿc238. ÿc4Time: ÿc20 ms
[10/09/20 21:58:03] D2BS 45644: AutoBuild: Including build template config/builds/sorceress.cold.js into tools\autobuildthread.js
[10/09/20 21:58:03] D2BS 45644: Updating Config from level 0 to 1
[10/09/20 21:58:03] D2BS 45644: AutoBuild: Loaded helper thread
[10/09/20 21:58:03] D2BS 45644: ÿc3Start ToolsThread script
[10/09/20 21:58:03] D2BS 45644: AutoBuild: Including build template config/builds/sorceress.cold.js into tools\toolsthread.js
[10/09/20 21:58:03] D2BS 45644: AutoBuild: Including build template config/builds/sorceress.cold.js into tools\party.js
[10/09/20 21:58:03] D2BS 45644: Updating Config from level 0 to 1
[10/09/20 21:58:03] D2BS 45644: AutoBuild: Including build template config/builds/sorceress.cold.js into tools\townchicken.js
[10/09/20 21:58:03] D2BS 45644: Updating Config from level 0 to 1
[10/09/20 21:58:03] D2BS 45644: ÿc2Party thread loaded. Mode: Accept
[10/09/20 21:58:03] D2BS 45644: Updating Config from level 0 to 1
[10/09/20 21:58:04] D2BS 45644: ÿc2Starting script: ÿc9LevelFollower
[10/09/20 21:58:18] D2BS 45644: move retry 1
[10/09/20 21:58:22] D2BS 45644: move retry 2
[10/09/20 21:58:24] D2BS 45644: initNPC: BuyPotions
[10/09/20 21:58:28] D2BS 45644: move retry 1
[10/09/20 21:58:47] D2BS 45644: 1,2
[10/09/20 21:58:57] D2BS 45644: Found Leader
[10/09/20 21:58:57] D2BS 45644: Found Leader
[10/09/20 21:59:06] D2BS 45644: move retry 1
[10/09/20 21:59:09] D2BS 45644: move retry 1
[10/09/20 21:59:28] D2BS 45644: AutoBuild: Stat points: 5      Skill points: 1
[10/09/20 21:59:28] D2BS 45644: AutoBuild: Level up detected ( 1 --> 2 )
[10/09/20 21:59:28] D2BS 45644: AutoBuild: useSkillPoint(): Warmth (37)
[10/09/20 21:59:28] D2BS 45644: AutoBuild: Skill (1/1) Increased Warmth (37) by one (level:  1)
[10/09/20 21:59:28] D2BS 45644: AutoBuild: useStatPoint(0): Strength
[10/09/20 21:59:28] D2BS 45644: AutoBuild: Stat (1/5) Increased Strength from 10 to 11
[10/09/20 21:59:28] D2BS 45644: AutoBuild: useStatPoint(1): Energy
[10/09/20 21:59:28] D2BS 45644: AutoBuild: Stat (2/5) Increased Energy from 35 to 36
[10/09/20 21:59:28] D2BS 45644: AutoBuild: useStatPoint(1): Energy
[10/09/20 21:59:28] D2BS 45644: AutoBuild: Stat (3/5) Increased Energy from 36 to 37
[10/09/20 21:59:28] D2BS 45644: AutoBuild: useStatPoint(3): Vitality
[10/09/20 21:59:29] D2BS 45644: AutoBuild: Stat (4/5) Increased Vitality from 10 to 11
[10/09/20 21:59:29] D2BS 45644: AutoBuild: useStatPoint(3): Vitality
[10/09/20 21:59:29] D2BS 45644: AutoBuild: Attempt to spend point 5 in Vitality may have failed!
[10/09/20 21:59:29] D2BS 45644: Updating Config from level 1 to 2
[10/09/20 21:59:29] D2BS 45644: Updating Config from level 1 to 2
[10/09/20 21:59:29] D2BS 45644: Updating Config from level 1 to 2
[10/09/20 21:59:29] D2BS 45644: AutoBuild: Updating Config from level 1 to 2
[10/09/20 21:59:29] D2BS 45644: Updating Config from level 1 to 2
[10/09/20 21:59:29] D2BS 45644: AutoBuild: Incrementing cached character level to 2
[10/09/20 21:59:47] D2BS 45644: ÿc7Picked up ÿc43 Gold
[10/09/20 22:00:45] D2BS 45644: AutoBuild: Stat points: 5      Skill points: 1
[10/09/20 22:00:45] D2BS 45644: AutoBuild: Level up detected ( 2 --> 3 )
[10/09/20 22:00:45] D2BS 45644: AutoBuild: useSkillPoint(): Frozen Armor (40)
[10/09/20 22:00:45] D2BS 45644: AutoBuild: Skill (1/1) Increased Frozen Armor (40) by one (level:  1)
[10/09/20 22:00:46] D2BS 45644: AutoBuild: useStatPoint(0): Strength
[10/09/20 22:00:46] D2BS 45644: AutoBuild: Stat (1/5) Increased Strength from 11 to 12
[10/09/20 22:00:46] D2BS 45644: AutoBuild: useStatPoint(1): Energy
[10/09/20 22:00:46] D2BS 45644: AutoBuild: Stat (2/5) Increased Energy from 37 to 38
[10/09/20 22:00:46] D2BS 45644: AutoBuild: useStatPoint(1): Energy
[10/09/20 22:00:46] D2BS 45644: AutoBuild: Stat (3/5) Increased Energy from 38 to 39
[10/09/20 22:00:46] D2BS 45644: AutoBuild: useStatPoint(3): Vitality
[10/09/20 22:00:46] D2BS 45644: AutoBuild: Stat (4/5) Increased Vitality from 12 to 13
[10/09/20 22:00:46] D2BS 45644: AutoBuild: useStatPoint(3): Vitality
[10/09/20 22:00:46] D2BS 45644: AutoBuild: Attempt to spend point 5 in Vitality may have failed!
[10/09/20 22:00:46] D2BS 45644: Updating Config from level 2 to 3
[10/09/20 22:00:46] D2BS 45644: Updating Config from level 2 to 3
[10/09/20 22:00:46] D2BS 45644: AutoBuild: Updating Config from level 2 to 3
[10/09/20 22:00:46] D2BS 45644: Updating Config from level 2 to 3
[10/09/20 22:00:46] D2BS 45644: Updating Config from level 2 to 3
[10/09/20 22:00:46] D2BS 45644: AutoBuild: Incrementing cached character level to 3
[10/09/20 22:01:10] D2BS 45644: move retry 1
[10/09/20 22:01:18] D2BS 45644: ÿc7Picked up ÿc46 Gold
[10/09/20 22:01:21] D2BS 45644: ÿc7Picked up ÿc0Sash ÿc0(ilvl 2) (Cold.xpac.nip #88)
[10/09/20 22:01:26] D2BS 45644: ÿc7Picked up ÿc411 Gold
[10/09/20 22:01:30] D2BS 45644: ÿc7Picked up ÿc44 Gold
[10/09/20 22:02:04] D2BS 45644: AutoBuild: Stat points: 5      Skill points: 1
[10/09/20 22:02:04] D2BS 45644: AutoBuild: Level up detected ( 3 --> 4 )
[10/09/20 22:02:04] D2BS 45644: AutoBuild: useSkillPoint(): Ice Bolt (39)
[10/09/20 22:02:04] D2BS 45644: AutoBuild: Skill (1/1) Increased Ice Bolt (39) by one (level:  1)
[10/09/20 22:02:04] D2BS 45644: AutoBuild: useStatPoint(0): Strength
[10/09/20 22:02:04] D2BS 45644: AutoBuild: Attempt to spend point 1 in Strength may have failed!
[10/09/20 22:02:04] D2BS 45644: AutoBuild: useStatPoint(1): Energy
[10/09/20 22:02:05] D2BS 45644: AutoBuild: Stat (2/5) Increased Energy from 39 to 40
[10/09/20 22:02:05] D2BS 45644: AutoBuild: useStatPoint(1): Energy
[10/09/20 22:02:05] D2BS 45644: AutoBuild: Stat (3/5) Increased Energy from 40 to 41
[10/09/20 22:02:05] D2BS 45644: AutoBuild: useStatPoint(3): Vitality
[10/09/20 22:02:05] D2BS 45644: AutoBuild: Stat (4/5) Increased Vitality from 14 to 15
[10/09/20 22:02:05] D2BS 45644: AutoBuild: useStatPoint(3): Vitality
[10/09/20 22:02:05] D2BS 45644: AutoBuild: Stat (5/5) Increased Vitality from 15 to 16
[10/09/20 22:02:05] D2BS 45644: AutoBuild: Updating Config from level 3 to 4
[10/09/20 22:02:05] D2BS 45644: Updating Config from level 3 to 4
[10/09/20 22:02:05] D2BS 45644: Updating Config from level 3 to 4
[10/09/20 22:02:05] D2BS 45644: Updating Config from level 3 to 4
[10/09/20 22:02:05] D2BS 45644: Updating Config from level 3 to 4
[10/09/20 22:02:05] D2BS 45644: AutoBuild: Incrementing cached character level to 4
[10/09/20 22:02:06] D2BS 45644: ÿc7Picked up ÿc3Light Mana Potion ÿc0(ilvl 1) (EarlyGame.nip #28)
[10/09/20 22:02:14] D2BS 45644: ÿc7Picked up ÿc45 Gold
[10/09/20 22:02:18] D2BS 45644: ÿc7Picked up ÿc43 Gold
[10/09/20 22:03:20] D2BS 45644: ÿc7Picked up ÿc1Light Healing Potion ÿc0(ilvl 1) (EarlyGame.nip #29)
[10/09/20 22:03:22] D2BS 45644: move retry 1
[10/09/20 22:03:32] D2BS 45644: ÿc7Picked up ÿc43 Gold
[10/09/20 22:04:14] D2BS 45644: ÿc7Picked up ÿc47 Gold
[10/09/20 22:04:26] D2BS 45644: ÿc7Picked up ÿc45 Gold
[10/09/20 22:04:39] D2BS 45644: move retry 1
[10/09/20 22:04:43] D2BS 45644: ÿc7Picked up ÿc43 Gold
[10/09/20 22:04:43] D2BS 45644: ÿc7Picked up ÿc0Cracked Hand Axe ÿc0(ilvl 1)
[10/09/20 22:04:50] D2BS 45644: AutoBuild: Stat points: 5      Skill points: 1
[10/09/20 22:04:50] D2BS 45644: AutoBuild: Level up detected ( 4 --> 5 )
[10/09/20 22:04:50] D2BS 45644: AutoBuild: useSkillPoint(): Charged Bolt (38)
[10/09/20 22:04:50] D2BS 45644: AutoBuild: Skill (1/1) Increased Charged Bolt (38) by one (level:  1)
[10/09/20 22:04:50] D2BS 45644: AutoBuild: useStatPoint(0): Strength
[10/09/20 22:04:51] D2BS 45644: AutoBuild: Stat (1/5) Increased Strength from 13 to 14
[10/09/20 22:04:51] D2BS 45644: AutoBuild: useStatPoint(1): Energy
[10/09/20 22:04:51] D2BS 45644: AutoBuild: Stat (2/5) Increased Energy from 41 to 42
[10/09/20 22:04:51] D2BS 45644: AutoBuild: useStatPoint(1): Energy
[10/09/20 22:04:51] D2BS 45644: AutoBuild: Stat (3/5) Increased Energy from 42 to 43
[10/09/20 22:04:51] D2BS 45644: AutoBuild: useStatPoint(3): Vitality
[10/09/20 22:04:51] D2BS 45644: AutoBuild: Stat (4/5) Increased Vitality from 16 to 17
[10/09/20 22:04:51] D2BS 45644: AutoBuild: useStatPoint(3): Vitality
[10/09/20 22:04:51] D2BS 45644: AutoBuild: Stat (5/5) Increased Vitality from 17 to 18
[10/09/20 22:04:51] D2BS 45644: Updating Config from level 4 to 5
[10/09/20 22:04:51] D2BS 45644: Updating Config from level 4 to 5
[10/09/20 22:04:51] D2BS 45644: Updating Config from level 4 to 5
[10/09/20 22:04:51] D2BS 45644: AutoBuild: Updating Config from level 4 to 5
[10/09/20 22:04:51] D2BS 45644: Updating Config from level 4 to 5
[10/09/20 22:04:51] D2BS 45644: AutoBuild: Incrementing cached character level to 5
[10/09/20 22:04:51] D2BS 45644: move retry 1
[10/09/20 22:04:54] D2BS 45644: move retry 1
[10/09/20 22:05:11] D2BS 45644: ÿc7Picked up ÿc48 Gold
[10/09/20 22:06:16] D2BS 45644: ÿc7Picked up ÿc43 Gold
[10/09/20 22:07:25] D2BS 45644: ÿc7Picked up ÿc45 Gold
[10/09/20 22:07:43] D2BS 45644: move retry 1
[10/09/20 22:07:46] D2BS 45644: move retry 1
[10/09/20 22:08:33] D2BS 45644: ÿc7Picked up ÿc0Crude Boots ÿc0(ilvl 2) (Cold.xpac.nip #68)
[10/09/20 22:08:34] D2BS 45644: move retry 1
[10/09/20 22:08:41] D2BS 45644: move retry 1
[10/09/20 22:08:45] D2BS 45644: move retry 1
[10/09/20 22:08:48] D2BS 45644: move retry 1
[10/09/20 22:08:49] D2BS 45644: move retry 1
[10/09/20 22:08:53] D2BS 45644: move retry 1
[10/09/20 22:09:16] D2BS 45644: ÿc7Picked up ÿc43 Gold
[10/09/20 22:09:22] D2BS 45644: move retry 1
[10/09/20 22:09:23] D2BS 45644: ÿc7Picked up ÿc45 Gold
[10/09/20 22:09:28] D2BS 45644: move retry 1
[10/09/20 22:09:59] D2BS 45644: move retry 1
[10/09/20 22:10:12] D2BS 45644: ÿc7Picked up ÿc410 Gold
[10/09/20 22:10:12] D2BS 45644: ÿc7Picked up ÿc45 Gold
[10/09/20 22:10:26] D2BS 45644: ÿc7Picked up ÿc0Leather Gloves ÿc0(ilvl 1) (Cold.xpac.nip #79)
[10/09/20 22:10:26] D2BS 45644: ÿc7Picked up ÿc43 Gold
[10/09/20 22:10:46] D2BS 45644: ÿc7Picked up ÿc42 Gold
[10/09/20 22:11:07] D2BS 45644: ÿc7Picked up ÿc0Cracked Throwing Knife ÿc0(ilvl 1)
[10/09/20 22:11:09] D2BS 45644: ÿc7Picked up ÿc49 Gold
[10/09/20 22:11:25] D2BS 45644: ÿc7Picked up ÿc3Minor Mana Potion ÿc0(ilvl 1) (EarlyGame.nip #26)
[10/09/20 22:12:04] D2BS 45644: move retry 1
[10/09/20 22:12:33] D2BS 45644: move retry 1
[10/09/20 22:13:43] D2BS 45644: move retry 1
[10/09/20 22:14:35] D2BS 45644: 3,17
[10/09/20 22:16:16] D2BS 45644: ÿc7Picked up ÿc44 Gold
[10/09/20 22:16:32] D2BS 45644: move retry 1
[10/09/20 22:16:56] D2BS 45644: ÿc7Picked up ÿc49 Gold
[10/09/20 22:17:42] D2BS 45644: AutoBuild: Stat points: 5      Skill points: 1
[10/09/20 22:17:42] D2BS 45644: AutoBuild: Level up detected ( 5 --> 6 )
[10/09/20 22:17:42] D2BS 45644: AutoBuild: useSkillPoint(): Static Field (42)
[10/09/20 22:17:42] D2BS 45644: AutoBuild: Skill (1/1) Increased Static Field (42) by one (level:  1)
[10/09/20 22:17:43] D2BS 45644: AutoBuild: useStatPoint(0): Strength
[10/09/20 22:17:43] D2BS 45644: AutoBuild: Stat (1/5) Increased Strength from 14 to 15
[10/09/20 22:17:43] D2BS 45644: AutoBuild: useStatPoint(1): Energy
[10/09/20 22:17:43] D2BS 45644: AutoBuild: Stat (2/5) Increased Energy from 43 to 44
[10/09/20 22:17:43] D2BS 45644: AutoBuild: useStatPoint(1): Energy
[10/09/20 22:17:43] D2BS 45644: AutoBuild: Stat (3/5) Increased Energy from 44 to 45
[10/09/20 22:17:43] D2BS 45644: AutoBuild: useStatPoint(3): Vitality
[10/09/20 22:17:43] D2BS 45644: AutoBuild: Stat (4/5) Increased Vitality from 18 to 19
[10/09/20 22:17:43] D2BS 45644: AutoBuild: useStatPoint(3): Vitality
[10/09/20 22:17:43] D2BS 45644: AutoBuild: Stat (5/5) Increased Vitality from 19 to 20
[10/09/20 22:17:43] D2BS 45644: Updating Config from level 5 to 6
[10/09/20 22:17:43] D2BS 45644: Updating Config from level 5 to 6
[10/09/20 22:17:43] D2BS 45644: Updating Config from level 5 to 6
[10/09/20 22:17:43] D2BS 45644: AutoBuild: Updating Config from level 5 to 6
[10/09/20 22:17:43] D2BS 45644: Updating Config from level 5 to 6
[10/09/20 22:17:43] D2BS 45644: AutoBuild: Incrementing cached character level to 6
[10/09/20 22:19:20] D2BS 45644: Failed going to town
[10/09/20 22:19:21] D2BS 45644: 3,2,1
[10/09/20 22:20:15] D2BS 45644: move retry 1
[10/09/20 22:20:28] D2BS 45644: initNPC: heal
[10/09/20 22:20:34] D2BS 45644: initNPC: identify
[10/09/20 22:20:35] D2BS 45644: ÿc4MiniShopBotÿc0: Scanning 65 items.
[10/09/20 22:20:36] D2BS 45644: LowGold sell Cracked Hand Axe
[10/09/20 22:20:36] D2BS 45644: initNPC: clearInventory
[10/09/20 22:20:36] D2BS 45644: LowGold sell Cracked Throwing Knife
[10/09/20 22:20:36] D2BS 45644: initNPC: clearInventory
[10/09/20 22:20:38] D2BS 45644: initNPC: repair
[10/09/20 22:21:08] D2BS 45644: ÿc7Picked up ÿc3Light Mana Potion ÿc0(ilvl 1) (EarlyGame.nip #28)
[10/09/20 22:21:32] D2BS 45644: ÿc7Picked up ÿc44 Gold
[10/09/20 22:21:35] D2BS 45644: ÿc7Picked up ÿc0Quilted Armor ÿc0(ilvl 1) (Cold.xpac.nip #52)
[10/09/20 22:21:48] D2BS 45644: move retry 1
[10/09/20 22:21:50] D2BS 45644: move retry 1
[10/09/20 22:21:54] D2BS 45644: ÿc7Picked up ÿc45 Gold
[10/09/20 22:21:56] D2BS 45644: Failed going to town
[10/09/20 22:22:03] D2BS 45644: initNPC: heal
[10/09/20 22:22:09] D2BS 45644: initNPC: fillTome
[10/09/20 22:22:30] D2BS 45644: move retry 1
[10/09/20 22:23:02] D2BS 45644: move retry 1
[10/09/20 22:23:10] D2BS 45644: ÿc7Picked up ÿc45 Gold
[10/09/20 22:23:17] D2BS 45644: ÿc7Picked up ÿc43 Gold
[10/09/20 22:23:29] D2BS 45644: ÿc7Picked up ÿc44 Gold
[10/09/20 22:23:30] D2BS 45644: move retry 1
[10/09/20 22:23:32] D2BS 45644: move retry 1
[10/09/20 22:23:40] D2BS 45644: move retry 1
[10/09/20 22:23:43] D2BS 45644: move retry 1
[10/09/20 22:23:55] D2BS 45644: ÿc7Picked up ÿc43 Gold
[10/09/20 22:24:17] D2BS 45644: move retry 1
[10/09/20 22:24:29] D2BS 45644: ÿc7Picked up ÿc3Minor Mana Potion ÿc0(ilvl 1) (EarlyGame.nip #26)
[10/09/20 22:24:30] D2BS 45644: move retry 1
[10/09/20 22:25:31] D2BS 45644: move retry 1
[10/09/20 22:25:45] D2BS 45644: initNPC: heal
[10/09/20 22:25:46] D2BS 45644: move retry 1
[10/09/20 22:25:58] D2BS 45644: 1
[10/09/20 22:26:07] D2BS 45644: 3
[10/09/20 22:26:37] D2BS 45644: 3,4
[10/09/20 22:26:49] D2BS 45644: ÿc7Picked up ÿc422 Gold
[10/09/20 22:26:50] D2BS 45644: ÿc7Picked up ÿc3Light Mana Potion ÿc0(ilvl 1) (EarlyGame.nip #28)
[10/09/20 22:27:12] D2BS 45644: ÿc7Picked up ÿc3Minor Mana Potion ÿc0(ilvl 1) (EarlyGame.nip #26)
[10/09/20 22:27:15] D2BS 45644: ÿc7Picked up ÿc3Light Mana Potion ÿc0(ilvl 1) (EarlyGame.nip #28)
[10/09/20 22:27:30] D2BS 45644: ÿc7Picked up ÿc47 Gold
[10/09/20 22:27:46] D2BS 45644: AutoBuild: Stat points: 5      Skill points: 2
[10/09/20 22:27:46] D2BS 45644: AutoBuild: Level up detected ( 6 --> 7 )
[10/09/20 22:27:46] D2BS 45644: AutoBuild: useSkillPoint(): Telekinesis (43)
[10/09/20 22:27:46] D2BS 45644: AutoBuild: Skill (1/1) Increased Telekinesis (43) by one (level:  1)
[10/09/20 22:27:46] D2BS 45644: AutoBuild: useStatPoint(0): Strength
[10/09/20 22:27:47] D2BS 45644: AutoBuild: Stat (1/5) Increased Strength from 15 to 16
[10/09/20 22:27:47] D2BS 45644: AutoBuild: useStatPoint(1): Energy
[10/09/20 22:27:47] D2BS 45644: AutoBuild: Stat (2/5) Increased Energy from 45 to 46
[10/09/20 22:27:47] D2BS 45644: AutoBuild: useStatPoint(1): Energy
[10/09/20 22:27:47] D2BS 45644: AutoBuild: Stat (3/5) Increased Energy from 46 to 47
[10/09/20 22:27:47] D2BS 45644: AutoBuild: useStatPoint(3): Vitality
[10/09/20 22:27:47] D2BS 45644: AutoBuild: Stat (4/5) Increased Vitality from 20 to 21
[10/09/20 22:27:47] D2BS 45644: AutoBuild: useStatPoint(3): Vitality
[10/09/20 22:27:47] D2BS 45644: AutoBuild: Stat (5/5) Increased Vitality from 21 to 22
[10/09/20 22:27:47] D2BS 45644: Updating Config from level 6 to 7
[10/09/20 22:27:47] D2BS 45644: Updating Config from level 6 to 7
[10/09/20 22:27:47] D2BS 45644: AutoBuild: Updating Config from level 6 to 7
[10/09/20 22:27:47] D2BS 45644: Updating Config from level 6 to 7
[10/09/20 22:27:47] D2BS 45644: Updating Config from level 6 to 7
[10/09/20 22:27:47] D2BS 45644: AutoBuild: Incrementing cached character level to 7
[10/09/20 22:27:56] D2BS 45644: 1
[10/09/20 22:28:14] D2BS 45644: ÿc7Picked up ÿc423 Gold
[10/09/20 22:28:24] D2BS 45644: ÿc1Skipping Hungry Dead 458 16
[10/09/20 22:28:31] D2BS 45644: ÿc7Picked up ÿc47 Gold
[10/09/20 22:29:00] D2BS 45644: move retry 1
[10/09/20 22:29:12] D2BS 45644: ÿc7Picked up ÿc425 Gold
[10/09/20 22:29:16] D2BS 45644: move retry 1
[10/09/20 22:29:19] D2BS 45644: move retry 1
[10/09/20 22:29:31] D2BS 45644: ÿc1Skipping Hungry Dead 517 16
[10/09/20 22:29:37] D2BS 45644: ÿc7Picked up ÿc421 Gold
[10/09/20 22:29:37] D2BS 45644: ÿc7Picked up ÿc46 Gold
[10/09/20 22:29:37] D2BS 45644: move retry 2
[10/09/20 22:29:45] D2BS 45644: ÿc7Picked up ÿc411 Gold
[10/09/20 22:29:50] D2BS 45644: move retry 1
[10/09/20 22:29:56] D2BS 45644: move retry 1
[10/09/20 22:29:58] D2BS 45644: move retry 1
[10/09/20 22:29:59] D2BS 45644: ÿc7Picked up ÿc0Short Sword ÿc0(ilvl 5)
[10/09/20 22:30:09] D2BS 45644: ÿc7Picked up ÿc0Skull Cap ÿc0(ilvl 5) (Cold.xpac.nip #35)
[10/09/20 22:30:39] D2BS 45644: ÿc1Skipping Carver 525 16
[10/09/20 22:30:54] D2BS 45644: move retry 1
[10/09/20 22:31:17] D2BS 45644: ÿc7Picked up ÿc3Minor Mana Potion ÿc0(ilvl 1) (EarlyGame.nip #26)
[10/09/20 22:31:23] D2BS 45644: move retry 1
[10/09/20 22:31:23] D2BS 45644: ÿc7Picked up ÿc428 Gold
[10/09/20 22:31:24] D2BS 45644: move retry 1
[10/09/20 22:31:36] D2BS 45644: ÿc7Picked up ÿc410 Gold
[10/09/20 22:31:42] D2BS 45644: ÿc7Picked up ÿc1Light Healing Potion ÿc0(ilvl 1) (EarlyGame.nip #29)
[10/09/20 22:31:46] D2BS 45644: move retry 1
[10/09/20 22:32:24] D2BS 45644: ÿc7Picked up ÿc49 Gold
[10/09/20 22:32:37] D2BS 45644: AutoBuild: Stat points: 5      Skill points: 2
[10/09/20 22:32:37] D2BS 45644: AutoBuild: Level up detected ( 7 --> 8 )
[10/09/20 22:32:37] D2BS 45644: AutoBuild: useSkillPoint(): Ice Blast (45)
[10/09/20 22:32:37] D2BS 45644: AutoBuild: Skill (1/1) Increased Ice Blast (45) by one (level:  1)
[10/09/20 22:32:37] D2BS 45644: AutoBuild: useStatPoint(0): Strength
[10/09/20 22:32:37] D2BS 45644: AutoBuild: Stat (1/5) Increased Strength from 16 to 17
[10/09/20 22:32:37] D2BS 45644: AutoBuild: useStatPoint(1): Energy
[10/09/20 22:32:37] D2BS 45644: AutoBuild: Stat (2/5) Increased Energy from 47 to 48
[10/09/20 22:32:37] D2BS 45644: AutoBuild: useStatPoint(1): Energy
[10/09/20 22:32:38] D2BS 45644: AutoBuild: Stat (3/5) Increased Energy from 48 to 49
[10/09/20 22:32:38] D2BS 45644: AutoBuild: useStatPoint(3): Vitality
[10/09/20 22:32:38] D2BS 45644: AutoBuild: Stat (4/5) Increased Vitality from 22 to 23
[10/09/20 22:32:38] D2BS 45644: AutoBuild: useStatPoint(3): Vitality
[10/09/20 22:32:38] D2BS 45644: AutoBuild: Stat (5/5) Increased Vitality from 23 to 24
[10/09/20 22:32:38] D2BS 45644: AutoBuild: Updating Config from level 7 to 8
[10/09/20 22:32:38] D2BS 45644: Updating Config from level 7 to 8
[10/09/20 22:32:38] D2BS 45644: Updating Config from level 7 to 8
[10/09/20 22:32:38] D2BS 45644: Updating Config from level 7 to 8
[10/09/20 22:32:38] D2BS 45644: Updating Config from level 7 to 8
[10/09/20 22:32:38] D2BS 45644: AutoBuild: Incrementing cached character level to 8
[10/09/20 22:32:41] D2BS 45644: ÿc7Picked up ÿc47 Gold
[10/09/20 22:33:51] D2BS 45644: move retry 1
[10/09/20 22:34:12] D2BS 45644: move retry 1
[10/09/20 22:34:15] D2BS 45644: move retry 1
[10/09/20 22:35:15] D2BS 45644: ÿc7Picked up ÿc3Light Mana Potion ÿc0(ilvl 1) (EarlyGame.nip #28)
[10/09/20 22:35:29] D2BS 45644: ÿc7Picked up ÿc3Leather Armor ÿc0(ilvl 7) (Cold.xpac.nip #53)
[10/09/20 22:36:04] D2BS 45644: move retry 1
[10/09/20 22:36:23] D2BS 45644: move retry 1
[10/09/20 22:36:32] D2BS 45644: move retry 1
[10/09/20 22:37:49] D2BS 45644: move retry 1
[10/09/20 22:38:02] D2BS 45644: move retry 1
[10/09/20 22:38:31] D2BS 45644: move retry 1
[10/09/20 22:38:53] D2BS 45644: move retry 1
[10/09/20 22:39:33] D2BS 45644: 4,10
[10/09/20 22:39:34] D2BS 45644: move retry 1
[10/09/20 22:39:44] D2BS 45644: move retry 1
[10/09/20 22:39:46] D2BS 45644: ÿc7Picked up ÿc3Light Mana Potion ÿc0(ilvl 1) (EarlyGame.nip #28)
[10/09/20 22:39:56] D2BS 45644: ÿc7Picked up ÿc49 Gold
[10/09/20 22:39:57] D2BS 45644: move retry 1
[10/09/20 22:40:02] D2BS 45644: ÿc7Picked up ÿc421 Gold
[10/09/20 22:40:08] D2BS 45644: move retry 1
[10/09/20 22:40:18] D2BS 45644: 10,5
[10/09/20 22:40:44] D2BS 45644: initNPC: heal
[10/09/20 22:40:50] D2BS 45644: initNPC: identify
[10/09/20 22:40:53] D2BS 45644: ÿc4MiniShopBotÿc0: Scanning 59 items.
[10/09/20 22:40:53] D2BS 45644: LowGold sell Short Sword
[10/09/20 22:40:53] D2BS 45644: initNPC: clearInventory
[10/09/20 22:40:53] D2BS 45644:  Leather Armor of Balance
[10/09/20 22:40:55] D2BS 45644: 1
[10/09/20 22:41:37] D2BS 45644: ÿc7Picked up ÿc429 Gold
[10/09/20 22:42:13] D2BS 45644: AutoBuild: Stat points: 5      Skill points: 2
[10/09/20 22:42:13] D2BS 45644: AutoBuild: Level up detected ( 8 --> 9 )
[10/09/20 22:42:13] D2BS 45644: AutoBuild: useSkillPoint(): Ice Blast (45)
[10/09/20 22:42:13] D2BS 45644: AutoBuild: Skill (1/1) Increased Ice Blast (45) by one (level:  2)
[10/09/20 22:42:13] D2BS 45644: AutoBuild: useStatPoint(0): Strength
[10/09/20 22:42:13] D2BS 45644: AutoBuild: Stat (1/5) Increased Strength from 17 to 18
[10/09/20 22:42:13] D2BS 45644: AutoBuild: useStatPoint(1): Energy
[10/09/20 22:42:13] D2BS 45644: AutoBuild: Stat (2/5) Increased Energy from 49 to 50
[10/09/20 22:42:13] D2BS 45644: AutoBuild: useStatPoint(1): Energy
[10/09/20 22:42:14] D2BS 45644: AutoBuild: Stat (3/5) Increased Energy from 50 to 51
[10/09/20 22:42:14] D2BS 45644: AutoBuild: useStatPoint(3): Vitality
[10/09/20 22:42:14] D2BS 45644: move retry 1
[10/09/20 22:42:14] D2BS 45644: AutoBuild: Stat (4/5) Increased Vitality from 24 to 25
[10/09/20 22:42:14] D2BS 45644: AutoBuild: useStatPoint(3): Vitality
[10/09/20 22:42:14] D2BS 45644: AutoBuild: Stat (5/5) Increased Vitality from 25 to 26
[10/09/20 22:42:14] D2BS 45644: Updating Config from level 8 to 9
[10/09/20 22:42:14] D2BS 45644: Updating Config from level 8 to 9
[10/09/20 22:42:14] D2BS 45644: Updating Config from level 8 to 9
[10/09/20 22:42:14] D2BS 45644: AutoBuild: Updating Config from level 8 to 9
[10/09/20 22:42:14] D2BS 45644: Updating Config from level 8 to 9
[10/09/20 22:42:14] D2BS 45644: AutoBuild: Incrementing cached character level to 9
[10/09/20 22:42:15] D2BS 45644: move retry 2
[10/09/20 22:42:20] D2BS 45644: ÿc7Picked up ÿc422 Gold
[10/09/20 22:42:25] D2BS 45644: ÿc7Picked up ÿc422 Gold
[10/09/20 22:42:32] D2BS 45644: ÿc7Picked up ÿc47 Gold
[10/09/20 22:42:46] D2BS 45644: ÿc7Picked up ÿc417 Gold
[10/09/20 22:42:47] D2BS 45644: ÿc7Picked up ÿc3Light Mana Potion ÿc0(ilvl 1) (EarlyGame.nip #28)
[10/09/20 22:43:00] D2BS 45644: move retry 1
[10/09/20 22:43:07] D2BS 45644: ÿc7Picked up ÿc46 Gold
[10/09/20 22:43:27] D2BS 45644: initNPC: heal
[10/09/20 22:43:32] D2BS 45644: move retry 1
[10/09/20 22:43:35] D2BS 45644: 1
[10/09/20 23:27:55] D2BS 45644: Script default.dbj ended
[10/09/20 23:27:55] D2BS 45644: Script tools\autobuildthread.js ended
[10/09/20 23:27:55] D2BS 45644: Script tools\party.js ended
[10/09/20 23:27:55] D2BS 45644: Script tools\toolsthread.js ended
[10/09/20 23:27:55] D2BS 45644: Script tools\townchicken.js ended
[10/09/20 23:28:00] D2BS 45644: Stack Walk Thread: 47540
[10/09/20 23:28:00] D2BS 45644: 7780182C (ntdll): (filename not available): NtDelayExecution
[10/09/20 23:28:00] D2BS 45644: 77012DDF (KERNELBASE): (filename not available): Sleep
[10/09/20 23:28:00] D2BS 45644: 03013C94 (D2BS): (filename not available): QueryInterface
[10/09/20 23:28:00] D2BS 45644: 7721F989 (KERNEL32): (filename not available): BaseThreadInitThunk
[10/09/20 23:28:00] D2BS 45644: 777F74B4 (ntdll): (filename not available): RtlGetAppContainerNamedObjectPath
[10/09/20 23:28:00] D2BS 45644: 777F7484 (ntdll): (filename not available): RtlGetAppContainerNamedObjectPath
[10/09/20 23:28:00] D2BS 45644: Stack Walk Thread: 42480
[10/09/20 23:28:00] D2BS 45644: 7780150C (ntdll): (filename not available): NtWaitForSingleObject
[10/09/20 23:28:00] D2BS 45644: 76FFF5F2 (KERNELBASE): (filename not available): WaitForSingleObject
[10/09/20 23:28:00] D2BS 45644: 004027E5 (Game): (filename not available): (function-name not available)
[10/09/20 23:28:00] D2BS 45644: 7721F989 (KERNEL32): (filename not available): BaseThreadInitThunk
[10/09/20 23:28:00] D2BS 45644: 777F74B4 (ntdll): (filename not available): RtlGetAppContainerNamedObjectPath
[10/09/20 23:28:00] D2BS 45644: 777F7484 (ntdll): (filename not available): RtlGetAppContainerNamedObjectPath
[10/09/20 23:28:00] D2BS 45644: Stack Walk Thread: 47640
[10/09/20 23:28:00] D2BS 45644: 7780182C (ntdll): (filename not available): NtDelayExecution
[10/09/20 23:28:00] D2BS 45644: 77012DDF (KERNELBASE): (filename not available): Sleep
[10/09/20 23:28:00] D2BS 45644: 004102FC (Game): (filename not available): (function-name not available)
[10/09/20 23:28:00] D2BS 45644: 7721F989 (KERNEL32): (filename not available): BaseThreadInitThunk
[10/09/20 23:28:00] D2BS 45644: 777F74B4 (ntdll): (filename not available): RtlGetAppContainerNamedObjectPath
[10/09/20 23:28:00] D2BS 45644: 777F7484 (ntdll): (filename not available): RtlGetAppContainerNamedObjectPath
[10/09/20 23:28:00] D2BS 45644: Stack Walk Thread: 2400
[10/09/20 23:28:00] D2BS 45644: 7780150C (ntdll): (filename not available): NtWaitForSingleObject
[10/09/20 23:28:00] D2BS 45644: 76FFF5F2 (KERNELBASE): (filename not available): WaitForSingleObject
[10/09/20 23:28:00] D2BS 45644: 0041A845 (Game): (filename not available): (function-name not available)
[10/09/20 23:28:00] D2BS 45644: 7721F989 (KERNEL32): (filename not available): BaseThreadInitThunk
[10/09/20 23:28:00] D2BS 45644: 777F74B4 (ntdll): (filename not available): RtlGetAppContainerNamedObjectPath
[10/09/20 23:28:00] D2BS 45644: 777F7484 (ntdll): (filename not available): RtlGetAppContainerNamedObjectPath
[10/09/20 23:28:00] D2BS 45644: Stack Walk Thread: 43832
[10/09/20 23:28:00] D2BS 45644: 7780321C (ntdll): (filename not available): ZwWaitForWorkViaWorkerFactory
[10/09/20 23:28:00] D2BS 45644: 7721F989 (KERNEL32): (filename not available): BaseThreadInitThunk
[10/09/20 23:28:00] D2BS 45644: 777F74B4 (ntdll): (filename not available): RtlGetAppContainerNamedObjectPath
[10/09/20 23:28:00] D2BS 45644: 777F7484 (ntdll): (filename not available): RtlGetAppContainerNamedObjectPath
[10/09/20 23:28:00] D2BS 45644: Stack Walk Thread: 42584
[10/09/20 23:28:00] D2BS 45644: 7780150C (ntdll): (filename not available): NtWaitForSingleObject
[10/09/20 23:28:00] D2BS 45644: 03097236 (D2BS): (filename not available): JS::CompileOptions::setFileAndLine
[10/09/20 23:28:00] D2BS 45644: 03182B1F (D2BS): (filename not available): JS_freeop
[10/09/20 23:28:00] D2BS 45644: 03181A5E (D2BS): (filename not available): JS_freeop
[10/09/20 23:28:00] D2BS 45644: 030AE4A2 (D2BS): (filename not available): JS::CompileOptions::setFileAndLine
[10/09/20 23:28:00] D2BS 45644: 7721F989 (KERNEL32): (filename not available): BaseThreadInitThunk
[10/09/20 23:28:00] D2BS 45644: 777F74B4 (ntdll): (filename not available): RtlGetAppContainerNamedObjectPath
[10/09/20 23:28:00] D2BS 45644: 777F7484 (ntdll): (filename not available): RtlGetAppContainerNamedObjectPath
[10/09/20 23:28:00] D2BS 45644: 0113C0F8 ((module-name not available)): (filename not available): (function-name not available)
[10/09/20 23:28:00] D2BS 45644: Stack Walk Thread: 14672
[10/09/20 23:28:00] D2BS 45644: 7780182C (ntdll): (filename not available): NtDelayExecution
[10/09/20 23:28:00] D2BS 45644: 77012DDF (KERNELBASE): (filename not available): Sleep
[10/09/20 23:28:00] D2BS 45644: 0301E2FD (D2BS): (filename not available): JS::CompileOptions::setFileAndLine
[10/09/20 23:28:00] D2BS 45644: 030A01B1 (D2BS): (filename not available): JS::CompileOptions::setFileAndLine
[10/09/20 23:28:00] D2BS 45644: 03182B1F (D2BS): (filename not available): JS_freeop
[10/09/20 23:28:00] D2BS 45644: 03181A5E (D2BS): (filename not available): JS_freeop
[10/09/20 23:28:00] D2BS 45644: 030AE4A2 (D2BS): (filename not available): JS::CompileOptions::setFileAndLine
[10/09/20 23:28:00] D2BS 45644: 7721F989 (KERNEL32): (filename not available): BaseThreadInitThunk
[10/09/20 23:28:00] D2BS 45644: 777F74B4 (ntdll): (filename not available): RtlGetAppContainerNamedObjectPath
[10/09/20 23:28:00] D2BS 45644: 777F7484 (ntdll): (filename not available): RtlGetAppContainerNamedObjectPath
[10/09/20 23:28:00] D2BS 45644: 0113ECD0 ((module-name not available)): (filename not available): (function-name not available)
[10/09/20 23:28:00] D2BS 45644: Stack Walk Thread: 31304
[10/09/20 23:28:00] D2BS 45644: 7780150C (ntdll): (filename not available): NtWaitForSingleObject
[10/09/20 23:28:00] D2BS 45644: 03097236 (D2BS): (filename not available): JS::CompileOptions::setFileAndLine
[10/09/20 23:28:00] D2BS 45644: 03182B1F (D2BS): (filename not available): JS_freeop
[10/09/20 23:28:00] D2BS 45644: 03181A5E (D2BS): (filename not available): JS_freeop
[10/09/20 23:28:00] D2BS 45644: 030AE4A2 (D2BS): (filename not available): JS::CompileOptions::setFileAndLine
[10/09/20 23:28:00] D2BS 45644: 7721F989 (KERNEL32): (filename not available): BaseThreadInitThunk
[10/09/20 23:28:00] D2BS 45644: 777F74B4 (ntdll): (filename not available): RtlGetAppContainerNamedObjectPath
[10/09/20 23:28:00] D2BS 45644: 777F7484 (ntdll): (filename not available): RtlGetAppContainerNamedObjectPath
[10/09/20 23:28:00] D2BS 45644: 0113EAC8 ((module-name not available)): (filename not available): (function-name not available)
[10/09/20 23:28:00] D2BS 45644: Stack Walk Thread: 21064
[10/09/20 23:28:00] D2BS 45644: 7780321C (ntdll): (filename not available): ZwWaitForWorkViaWorkerFactory
[10/09/20 23:28:00] D2BS 45644: 7721F989 (KERNEL32): (filename not available): BaseThreadInitThunk
[10/09/20 23:28:00] D2BS 45644: 777F74B4 (ntdll): (filename not available): RtlGetAppContainerNamedObjectPath
[10/09/20 23:28:00] D2BS 45644: 777F7484 (ntdll): (filename not available): RtlGetAppContainerNamedObjectPath
[10/09/20 23:28:00] D2BS 45644: Stack Walk Thread: 42680
[10/09/20 23:28:00] D2BS 45644: 0301B024 (D2BS): (filename not available): JSAutoStructuredCloneBuffer::JSAutoStructuredCloneBuffer
[10/09/20 23:28:00] D2BS 45644: 030137F8 (D2BS): (filename not available): QueryInterface
[10/09/20 23:28:00] D2BS 45644: 00408A05 (Game): (filename not available): (function-name not available)
[10/09/20 23:28:00] D2BS 45644: 00408A81 (Game): (filename not available): (function-name not available)
[10/09/20 23:28:00] D2BS 45644: 006123A3 (Game): (filename not available): BNGatewayAccess::UpdateGatewaysFromIni
[10/09/20 23:28:00] D2BS 45644: 00617880 (Game): (filename not available): BNGatewayAccess::UpdateGatewaysFromIni
[10/09/20 23:28:00] D2BS 45644: 00619352 (Game): (filename not available): BNGatewayAccess::UpdateGatewaysFromIni
[10/09/20 23:28:00] D2BS 45644: 0044B93C (Game): (filename not available): BNGatewayAccess::CurGateway
[10/09/20 23:28:00] D2BS 45644: 0044B43C (Game): (filename not available): BNGatewayAccess::CurGateway
[10/09/20 23:28:00] D2BS 45644: 00405E6B (Game): (filename not available): (function-name not available)
[10/09/20 23:28:00] D2BS 45644: 004065C7 (Game): (filename not available): (function-name not available)
[10/09/20 23:28:00] D2BS 45644: 0040671F (Game): (filename not available): (function-name not available)
[10/09/20 23:28:00] D2BS 45644: 0068291C (Game): (filename not available): BNGatewayAccess::UpdateGatewaysFromIni
[10/09/20 23:28:00] D2BS 45644: 7721F989 (KERNEL32): (filename not available): BaseThreadInitThunk
[10/09/20 23:28:00] D2BS 45644: 777F74B4 (ntdll): (filename not available): RtlGetAppContainerNamedObjectPath
[10/09/20 23:28:00] D2BS 45644: 777F7484 (ntdll): (filename not available): RtlGetAppContainerNamedObjectPath
[10/09/20 23:28:00] D2BS 45644: Crash File: BlizzardError/2020-10-09 23.28.00/Crash.txt
[10/09/20 23:28:00] D2BS 45644: D2BS Shutdown complete.
[10/09/20 23:28:01] D2BS 42596: D2BS Engine startup complete. 1.6.4U
[10/09/20 23:28:01] D2BS 42596: ColdSorc
[10/09/20 23:28:01] D2BS 42596: ÿc2D2BSÿc0 :: Switched to profile ColdSorc
[10/09/20 23:28:01] D2BS 42596: ÿc2D2BSÿc0 :: Engine startup complete!
[10/09/20 23:28:01] D2BS 42596: ÿc2D2BSÿc0 :: Starting D2BotLanFollow.dbj
[10/09/20 23:28:01] D2BS 42596: ÿc2D2BSÿc0 :: D2BotLanFollow.dbj running.
[10/09/20 23:28:01] D2BS 42596: ÿc2D2BSÿc0 :: Started Console Script
[10/09/20 23:28:04] D2BS 42596: Heartbeat loaded
[10/09/20 23:28:20] D2BS 42596: ÿc2D2BSÿc0 :: Starting default.dbj
[10/09/20 23:28:20] D2BS 42596: ÿc2D2BSÿc0 :: default.dbj running.
[10/09/20 23:28:20] D2BS 42596: AutoBuild: Including build template config/builds/sorceress.cold.js into default.dbj
[10/09/20 23:28:20] D2BS 42596: Updating Config from level 0 to 9
[10/09/20 23:28:20] D2BS 42596: ÿc4Loaded NIP: ÿc2LateGame.nipÿc4. Lines: ÿc280ÿc4. Valid entries: ÿc253. ÿc4Time: ÿc20 ms
[10/09/20 23:28:20] D2BS 42596: ÿc4Loaded NIP: ÿc2MidGame.nipÿc4. Lines: ÿc268ÿc4. Valid entries: ÿc241. ÿc4Time: ÿc20 ms
[10/09/20 23:28:20] D2BS 42596: ÿc4Loaded NIP: ÿc2EarlyGame.nipÿc4. Lines: ÿc229ÿc4. Valid entries: ÿc213. ÿc4Time: ÿc20 ms
[10/09/20 23:28:20] D2BS 42596: ÿc4Loaded NIP: ÿc2ColdRunes.nipÿc4. Lines: ÿc223ÿc4. Valid entries: ÿc212. ÿc4Time: ÿc20 ms
[10/09/20 23:28:20] D2BS 42596: ÿc4Loaded NIP: ÿc2Cold.xpac.nipÿc4. Lines: ÿc2129ÿc4. Valid entries: ÿc2112. ÿc4Time: ÿc215 ms
[10/09/20 23:28:20] D2BS 42596: ÿc4Loaded NIP: ÿc2Merc.xpac.nipÿc4. Lines: ÿc257ÿc4. Valid entries: ÿc241. ÿc4Time: ÿc20 ms
[10/09/20 23:28:20] D2BS 42596: AutoBuild: Including build template config/builds/sorceress.cold.js into tools\autobuildthread.js
[10/09/20 23:28:20] D2BS 42596: Updating Config from level 0 to 9
[10/09/20 23:28:20] D2BS 42596: AutoBuild: Loaded helper thread
[10/09/20 23:28:21] D2BS 42596: ÿc2Starting script: ÿc9LevelFollower
[10/09/20 23:28:21] D2BS 42596: AutoBuild: Including build template config/builds/sorceress.cold.js into tools\party.js
[10/09/20 23:28:21] D2BS 42596: Updating Config from level 0 to 9
[10/09/20 23:28:21] D2BS 42596: ÿc2Party thread loaded. Mode: Accept
[10/09/20 23:28:21] D2BS 42596: AutoBuild: Including build template config/builds/sorceress.cold.js into tools\townchicken.js
[10/09/20 23:28:21] D2BS 42596: Updating Config from level 0 to 9
[10/09/20 23:28:21] D2BS 42596: ÿc3Start ToolsThread script
[10/09/20 23:28:21] D2BS 42596: AutoBuild: Including build template config/builds/sorceress.cold.js into tools\toolsthread.js
[10/09/20 23:28:21] D2BS 42596: Updating Config from level 0 to 9
[10/09/20 23:28:35] D2BS 42596: move retry 1
[10/09/20 23:28:41] D2BS 42596: initNPC: BuyPotions
[10/09/20 23:28:54] D2BS 42596: Found Leader
[10/09/20 23:28:54] D2BS 42596: Found Leader
[10/09/20 23:29:14] D2BS 42596: move retry 1
[10/09/20 23:29:17] D2BS 42596: 5
[10/09/20 23:29:31] D2BS 42596: 4
[10/09/20 23:29:31] D2BS 42596: ÿc1Error in ÿc0LevelFollower ÿc1(pather.js line ÿc11049): ÿc1makePortal: No scrolls.
[10/09/20 23:29:31] D2BS 42596: ÿc8Run duration ÿc263.969
[10/09/20 23:29:31] D2BS 42596: Script tools\autobuildthread.js ended
[10/09/20 23:29:31] D2BS 42596: Script tools\party.js ended
[10/09/20 23:29:31] D2BS 42596: Script tools\townchicken.js ended
[10/09/20 23:29:37] D2BS 42596: ÿc2D2BSÿc0 :: Starting default.dbj
[10/09/20 23:29:37] D2BS 42596: ÿc2D2BSÿc0 :: default.dbj running.
[10/09/20 23:29:37] D2BS 42596: AutoBuild: Including build template config/builds/sorceress.cold.js into default.dbj
[10/09/20 23:29:37] D2BS 42596: Updating Config from level 0 to 9
[10/09/20 23:29:37] D2BS 42596: ÿc4Loaded NIP: ÿc2LateGame.nipÿc4. Lines: ÿc280ÿc4. Valid entries: ÿc253. ÿc4Time: ÿc216 ms
[10/09/20 23:29:37] D2BS 42596: ÿc4Loaded NIP: ÿc2MidGame.nipÿc4. Lines: ÿc268ÿc4. Valid entries: ÿc241. ÿc4Time: ÿc20 ms
[10/09/20 23:29:37] D2BS 42596: ÿc4Loaded NIP: ÿc2EarlyGame.nipÿc4. Lines: ÿc229ÿc4. Valid entries: ÿc213. ÿc4Time: ÿc20 ms
[10/09/20 23:29:37] D2BS 42596: ÿc4Loaded NIP: ÿc2ColdRunes.nipÿc4. Lines: ÿc223ÿc4. Valid entries: ÿc212. ÿc4Time: ÿc20 ms
[10/09/20 23:29:37] D2BS 42596: ÿc4Loaded NIP: ÿc2Cold.xpac.nipÿc4. Lines: ÿc2129ÿc4. Valid entries: ÿc2112. ÿc4Time: ÿc20 ms
[10/09/20 23:29:37] D2BS 42596: ÿc4Loaded NIP: ÿc2Merc.xpac.nipÿc4. Lines: ÿc257ÿc4. Valid entries: ÿc241. ÿc4Time: ÿc215 ms
[10/09/20 23:29:37] D2BS 42596: AutoBuild: Including build template config/builds/sorceress.cold.js into tools\autobuildthread.js
[10/09/20 23:29:37] D2BS 42596: Updating Config from level 0 to 9
[10/09/20 23:29:37] D2BS 42596: AutoBuild: Loaded helper thread
[10/09/20 23:29:37] D2BS 42596: ÿc2Starting script: ÿc9LevelFollower
[10/09/20 23:29:37] D2BS 42596: AutoBuild: Including build template config/builds/sorceress.cold.js into tools\party.js
[10/09/20 23:29:37] D2BS 42596: Updating Config from level 0 to 9
[10/09/20 23:29:37] D2BS 42596: ÿc2Party thread loaded. Mode: Accept
[10/09/20 23:29:37] D2BS 42596: AutoBuild: Including build template config/builds/sorceress.cold.js into tools\townchicken.js
[10/09/20 23:29:37] D2BS 42596: Updating Config from level 0 to 9
[10/09/20 23:29:37] D2BS 42596: ÿc3Start ToolsThread script
[10/09/20 23:29:37] D2BS 42596: AutoBuild: Including build template config/builds/sorceress.cold.js into tools\toolsthread.js
[10/09/20 23:29:37] D2BS 42596: Updating Config from level 0 to 9
[10/09/20 23:29:46] D2BS 42596: initNPC: BuyPotions
[10/09/20 23:30:13] D2BS 42596: move retry 1
[10/09/20 23:30:18] D2BS 42596: move retry 2
[10/09/20 23:30:18] D2BS 42596: Found Leader
[10/09/20 23:30:18] D2BS 42596: Found Leader
[10/09/20 23:30:38] D2BS 42596: ÿc7Picked up ÿc0Dagger ÿc0(ilvl 8)
[10/09/20 23:30:40] D2BS 42596: ÿc7Picked up ÿc47 Gold
[10/09/20 23:31:15] D2BS 42596: 4,38
[10/09/20 23:31:48] D2BS 42596: ÿc7Picked up ÿc1Light Healing Potion ÿc0(ilvl 1) (EarlyGame.nip #29)
[10/09/20 23:31:50] D2BS 42596: ÿc7Picked up ÿc412 Gold
[10/09/20 23:31:51] D2BS 42596: ÿc7Picked up ÿc48 Gold
[10/09/20 23:31:52] D2BS 42596: ÿc7Picked up ÿc46 Gold
[10/09/20 23:31:52] D2BS 42596: ÿc7Picked up ÿc428 Gold
[10/09/20 23:32:07] D2BS 42596: AutoBuild: Stat points: 5      Skill points: 2
[10/09/20 23:32:07] D2BS 42596: AutoBuild: Level up detected ( 9 --> 10 )
[10/09/20 23:32:07] D2BS 42596: AutoBuild: useSkillPoint(): Ice Blast (45)
[10/09/20 23:32:07] D2BS 42596: AutoBuild: Skill (1/1) Increased Ice Blast (45) by one (level:  3)
[10/09/20 23:32:07] D2BS 42596: ÿc7Picked up ÿc3Minor Mana Potion ÿc0(ilvl 1) (EarlyGame.nip #26)
[10/09/20 23:32:08] D2BS 42596: AutoBuild: useStatPoint(0): Strength
[10/09/20 23:32:08] D2BS 42596: AutoBuild: Stat (1/5) Increased Strength from 18 to 19
[10/09/20 23:32:08] D2BS 42596: AutoBuild: useStatPoint(1): Energy
[10/09/20 23:32:08] D2BS 42596: ÿc7Picked up ÿc3Minor Mana Potion ÿc0(ilvl 1) (EarlyGame.nip #26)
[10/09/20 23:32:08] D2BS 42596: AutoBuild: Stat (2/5) Increased Energy from 51 to 52
[10/09/20 23:32:08] D2BS 42596: AutoBuild: useStatPoint(1): Energy
[10/09/20 23:32:08] D2BS 42596: ÿc7Picked up ÿc3Scimitar ÿc0(ilvl 8)
[10/09/20 23:32:08] D2BS 42596: AutoBuild: Stat (3/5) Increased Energy from 52 to 53
[10/09/20 23:32:08] D2BS 42596: AutoBuild: useStatPoint(3): Vitality
[10/09/20 23:32:08] D2BS 42596: AutoBuild: Stat (4/5) Increased Vitality from 26 to 27
[10/09/20 23:32:08] D2BS 42596: AutoBuild: useStatPoint(3): Vitality
[10/09/20 23:32:08] D2BS 42596: AutoBuild: Stat (5/5) Increased Vitality from 27 to 28
[10/09/20 23:32:08] D2BS 42596: Updating Config from level 9 to 10
[10/09/20 23:32:08] D2BS 42596: Updating Config from level 9 to 10
[10/09/20 23:32:08] D2BS 42596: Updating Config from level 9 to 10
[10/09/20 23:32:08] D2BS 42596: AutoBuild: Updating Config from level 9 to 10
[10/09/20 23:32:08] D2BS 42596: Updating Config from level 9 to 10
[10/09/20 23:32:08] D2BS 42596: AutoBuild: Incrementing cached character level to 10
[10/09/20 23:32:14] D2BS 42596: move retry 1
[10/09/20 23:32:14] D2BS 42596: ÿc7Picked up ÿc48 Gold
[10/09/20 23:32:33] D2BS 42596: ÿc7Picked up ÿc0Hand Axe ÿc0(ilvl 8)
[10/09/20 23:32:34] D2BS 42596: ÿc7Picked up ÿc435 Gold
[10/09/20 23:32:43] D2BS 42596: move retry 1
[10/09/20 23:32:58] D2BS 42596: ÿc7Picked up ÿc0Damaged Hunter's Bow ÿc0(ilvl 5)
[10/09/20 23:33:04] D2BS 42596: ÿc7Picked up ÿc411 Gold
[10/09/20 23:33:24] D2BS 42596: ÿc7Picked up ÿc0Spear ÿc0(ilvl 5) (Merc.xpac.nip #14)
[10/09/20 23:33:39] D2BS 42596: move retry 1
[10/09/20 23:33:58] D2BS 42596: ÿc7Picked up ÿc0Superior Small Shield ÿc0(ilvl 6)
[10/09/20 23:34:14] D2BS 42596: ÿc7Picked up ÿc3Minor Mana Potion ÿc0(ilvl 1) (EarlyGame.nip #26)
[10/09/20 23:34:18] D2BS 42596: ÿc7Picked up ÿc413 Gold
[10/09/20 23:34:19] D2BS 42596: ÿc7Trying to make room for ÿc0Short Bow
[10/09/20 23:34:19] D2BS 42596: ÿc7Not enough room for ÿc0Short Bow
[10/09/20 23:34:30] D2BS 42596: move retry 1
[10/09/20 23:34:32] D2BS 42596: move retry 1
[10/09/20 23:34:37] D2BS 42596: ÿc7Trying to make room for ÿc0Damaged Large Axe
[10/09/20 23:34:37] D2BS 42596: ÿc7Not enough room for ÿc0Damaged Large Axe
[10/09/20 23:34:43] D2BS 42596: ÿc7Picked up ÿc0Scroll of Town Portal ÿc7(1/20)
[10/09/20 23:34:44] D2BS 42596: move retry 1
[10/09/20 23:35:00] D2BS 42596: move retry 1
[10/09/20 23:35:13] D2BS 42596: initNPC: heal
[10/09/20 23:35:24] D2BS 42596: initNPC: identify
[10/09/20 23:35:25] D2BS 42596: ÿc4MiniShopBotÿc0: Scanning 54 items.
[10/09/20 23:35:26] D2BS 42596: LowGold sell Hand Axe
[10/09/20 23:35:26] D2BS 42596: initNPC: clearInventory
[10/09/20 23:35:26] D2BS 42596: LowGold sell Damaged Hunter's Bow
[10/09/20 23:35:26] D2BS 42596: initNPC: clearInventory
[10/09/20 23:35:28] D2BS 42596: LowGold sell Superior Small Shield
[10/09/20 23:35:28] D2BS 42596: initNPC: clearInventory
[10/09/20 23:35:30] D2BS 42596: LowGold sell Rugged Ring of Dexterity
[10/09/20 23:35:30] D2BS 42596: initNPC: clearInventory
[10/09/20 23:35:32] D2BS 42596: LowGold sell Dagger
[10/09/20 23:35:32] D2BS 42596: initNPC: clearInventory
[10/09/20 23:35:47] D2BS 42596: 1
[10/09/20 23:35:48] D2BS 42596: initNPC: fillTome
[10/09/20 23:36:03] D2BS 42596: 5
[10/09/20 23:36:15] D2BS 42596: 1
[10/09/20 23:36:47] D2BS 42596: ÿc7Picked up ÿc422 Gold
[10/09/20 23:36:53] D2BS 42596: ÿc7Picked up ÿc45 Gold
[10/09/20 23:36:58] D2BS 42596: move retry 1
[10/09/20 23:37:01] D2BS 42596: move retry 1
[10/09/20 23:37:16] D2BS 42596: ÿc7Picked up ÿc418 Gold
[10/09/20 23:37:16] D2BS 42596: ÿc7Picked up ÿc417 Gold
[10/09/20 23:37:17] D2BS 42596: ÿc7Picked up ÿc48 Gold
[10/09/20 23:37:17] D2BS 42596: ÿc7Picked up ÿc49 Gold
[10/09/20 23:37:21] D2BS 42596: ÿc7Picked up ÿc48 Gold
[10/09/20 23:37:21] D2BS 42596: ÿc7Picked up ÿc414 Gold
[10/09/20 23:37:23] D2BS 42596: ÿc7Picked up ÿc414 Gold
[10/09/20 23:37:28] D2BS 42596: ÿc7Picked up ÿc49 Gold
[10/09/20 23:37:31] D2BS 42596: ÿc7Picked up ÿc424 Gold
[10/09/20 23:37:31] D2BS 42596: ÿc7Picked up ÿc0Crude Wolf Head ÿc0(ilvl 5)
[10/09/20 23:37:33] D2BS 42596: ÿc7Picked up ÿc3Minor Mana Potion ÿc0(ilvl 1) (EarlyGame.nip #26)
[10/09/20 23:37:38] D2BS 42596: ÿc7Picked up ÿc0Scroll of Town Portal ÿc7(20/20)
[10/09/20 23:37:46] D2BS 42596: move retry 1
[10/09/20 23:37:48] D2BS 42596: move retry 1
[10/09/20 23:37:58] D2BS 42596: ÿc7Picked up ÿc425 Gold
[10/09/20 23:38:13] D2BS 42596: AutoBuild: Stat points: 5      Skill points: 2
[10/09/20 23:38:13] D2BS 42596: AutoBuild: Level up detected ( 10 --> 11 )
[10/09/20 23:38:13] D2BS 42596: AutoBuild: useSkillPoint(): Ice Blast (45)
[10/09/20 23:38:13] D2BS 42596: AutoBuild: Skill (1/1) Increased Ice Blast (45) by one (level:  4)
[10/09/20 23:38:13] D2BS 42596: AutoBuild: useStatPoint(0): Strength
[10/09/20 23:38:13] D2BS 42596: AutoBuild: Stat (1/5) Increased Strength from 19 to 20
[10/09/20 23:38:13] D2BS 42596: AutoBuild: useStatPoint(1): Energy
[10/09/20 23:38:13] D2BS 42596: AutoBuild: Stat (2/5) Increased Energy from 53 to 54
[10/09/20 23:38:13] D2BS 42596: AutoBuild: useStatPoint(1): Energy
[10/09/20 23:38:13] D2BS 42596: AutoBuild: Stat (3/5) Increased Energy from 54 to 55
[10/09/20 23:38:13] D2BS 42596: AutoBuild: useStatPoint(3): Vitality
[10/09/20 23:38:14] D2BS 42596: AutoBuild: Stat (4/5) Increased Vitality from 28 to 29
[10/09/20 23:38:14] D2BS 42596: AutoBuild: useStatPoint(3): Vitality
[10/09/20 23:38:14] D2BS 42596: AutoBuild: Stat (5/5) Increased Vitality from 29 to 30
[10/09/20 23:38:14] D2BS 42596: Updating Config from level 10 to 11
[10/09/20 23:38:14] D2BS 42596: Updating Config from level 10 to 11
[10/09/20 23:38:14] D2BS 42596: AutoBuild: Updating Config from level 10 to 11
[10/09/20 23:38:14] D2BS 42596: Updating Config from level 10 to 11
[10/09/20 23:38:14] D2BS 42596: Updating Config from level 10 to 11
[10/09/20 23:38:14] D2BS 42596: AutoBuild: Incrementing cached character level to 11
[10/09/20 23:38:16] D2BS 42596: ÿc7Picked up ÿc48 Gold
[10/09/20 23:38:25] D2BS 42596: ÿc7Picked up ÿc417 Gold
[10/09/20 23:38:45] D2BS 42596: ÿc7Picked up ÿc46 Gold
[10/09/20 23:39:07] D2BS 42596: ÿc7Picked up ÿc415 Gold
[10/09/20 23:39:10] D2BS 42596: ÿc7Picked up ÿc3Minor Mana Potion ÿc0(ilvl 1) (EarlyGame.nip #26)
[10/09/20 23:39:13] D2BS 42596: initNPC: heal
[10/09/20 23:39:17] D2BS 42596: move retry 1
[10/09/20 23:39:18] D2BS 42596: move retry 1
[10/09/20 23:39:19] D2BS 42596: initNPC: identify
[10/09/20 23:39:20] D2BS 42596: ÿc4MiniShopBotÿc0: Scanning 54 items.
[10/09/20 23:39:21] D2BS 42596: LowGold sell Crude Wolf Head
[10/09/20 23:39:21] D2BS 42596: initNPC: clearInventory
[10/09/20 23:39:21] D2BS 42596: 1
[10/09/20 23:39:46] D2BS 42596: ÿc7Picked up ÿc415 Gold
[10/09/20 23:39:50] D2BS 42596: ÿc7Picked up ÿc419 Gold
[10/09/20 23:40:00] D2BS 42596: ÿc7Picked up ÿc3Light Mana Potion ÿc0(ilvl 1) (EarlyGame.nip #28)
[10/09/20 23:40:00] D2BS 42596: ÿc7Picked up ÿc3Minor Mana Potion ÿc0(ilvl 1) (EarlyGame.nip #26)
[10/09/20 23:40:01] D2BS 42596: ÿc7Picked up ÿc436 Gold
[10/09/20 23:40:05] D2BS 42596: ÿc7Picked up ÿc46 Gold
[10/09/20 23:40:14] D2BS 42596: ÿc7Picked up ÿc419 Gold
[10/09/20 23:40:19] D2BS 42596: ÿc7Picked up ÿc421 Gold
[10/09/20 23:41:01] D2BS 42596: ÿc7Picked up ÿc418 Gold
[10/09/20 23:41:03] D2BS 42596: move retry 1
[10/09/20 23:41:33] D2BS 42596: move retry 1
[10/09/20 23:42:06] D2BS 42596: ÿc7Picked up ÿc3Minor Mana Potion ÿc0(ilvl 1) (EarlyGame.nip #26)
[10/09/20 23:42:34] D2BS 42596: ÿc7Picked up ÿc48 Gold
[10/09/20 23:42:40] D2BS 42596: ÿc7Picked up ÿc0Scroll of Town Portal ÿc7(19/20)
[10/09/20 23:42:55] D2BS 42596: ÿc7Picked up ÿc423 Gold
[10/09/20 23:42:58] D2BS 42596: ÿc7Picked up ÿc47 Gold
[10/09/20 23:43:26] D2BS 42596: ÿc7Picked up ÿc422 Gold
[10/09/20 23:43:28] D2BS 42596: ÿc7Picked up ÿc421 Gold
[10/09/20 23:43:32] D2BS 42596: initNPC: heal
[10/09/20 23:43:43] D2BS 42596: 1
[10/09/20 23:43:52] D2BS 42596: move retry 1
[10/09/20 23:44:25] D2BS 42596: ÿc7Picked up ÿc420 Gold
[10/09/20 23:44:28] D2BS 42596: ÿc7Picked up ÿc3Minor Mana Potion ÿc0(ilvl 1) (EarlyGame.nip #26)
[10/09/20 23:44:47] D2BS 42596: ÿc7Picked up ÿc414 Gold
[10/09/20 23:45:15] D2BS 42596: ÿc7Picked up ÿc3Light Mana Potion ÿc0(ilvl 1) (EarlyGame.nip #28)
[10/09/20 23:45:16] D2BS 42596: ÿc7Picked up ÿc0Scroll of Town Portal ÿc7(18/20)
[10/09/20 23:45:25] D2BS 42596: move retry 1
[10/09/20 23:45:45] D2BS 42596: move retry 1
[10/09/20 23:45:49] D2BS 42596: move retry 1
[10/09/20 23:45:57] D2BS 42596: ÿc7Picked up ÿc412 Gold
[10/09/20 23:46:01] D2BS 42596: ÿc7Picked up ÿc422 Gold
[10/09/20 23:46:45] D2BS 42596: move retry 1
[10/09/20 23:47:20] D2BS 42596: move retry 1
[10/09/20 23:47:35] D2BS 42596: move retry 1
[10/09/20 23:47:39] D2BS 42596: move retry 1
[10/09/20 23:47:41] D2BS 42596: ÿc7Picked up ÿc3Minor Mana Potion ÿc0(ilvl 1) (EarlyGame.nip #26)
[10/09/20 23:47:48] D2BS 42596: move retry 1
[10/09/20 23:48:23] D2BS 42596: initNPC: heal
[10/09/20 23:48:29] D2BS 42596: 1
[10/09/20 23:48:31] D2BS 42596: move retry 1
[10/09/20 23:49:24] D2BS 42596: ÿc7Picked up ÿc3Minor Mana Potion ÿc0(ilvl 1) (EarlyGame.nip #26)
[10/09/20 23:49:28] D2BS 42596: ÿc7Picked up ÿc417 Gold
[10/09/20 23:49:31] D2BS 42596: move retry 1
[10/09/20 23:49:57] D2BS 42596: ÿc7Picked up ÿc426 Gold
[10/09/20 23:50:18] D2BS 42596: move retry 1
[10/09/20 23:50:28] D2BS 42596: move retry 1
[10/09/20 23:50:54] D2BS 42596: move retry 1
[10/09/20 23:51:00] D2BS 42596: move retry 1
[10/09/20 23:51:11] D2BS 42596: move retry 1
[10/09/20 23:51:16] D2BS 42596: ÿc7Picked up ÿc413 Gold
[10/09/20 23:51:26] D2BS 42596: ÿc7Picked up ÿc412 Gold
[10/09/20 23:52:42] D2BS 42596: move retry 1
[10/09/20 23:53:08] D2BS 42596: 5,6
[10/09/20 23:53:32] D2BS 42596: AutoBuild: Stat points: 5      Skill points: 2
[10/09/20 23:53:32] D2BS 42596: AutoBuild: Level up detected ( 11 --> 12 )
[10/09/20 23:53:32] D2BS 42596: AutoBuild: useSkillPoint(): Lightning (49)
[10/09/20 23:53:33] D2BS 42596: AutoBuild: Skill (1/1) Increased Lightning (49) by one (level:  1)
[10/09/20 23:53:33] D2BS 42596: AutoBuild: useStatPoint(0): Strength
[10/09/20 23:53:33] D2BS 42596: AutoBuild: Stat (1/5) Increased Strength from 20 to 21
[10/09/20 23:53:33] D2BS 42596: AutoBuild: useStatPoint(1): Energy
[10/09/20 23:53:33] D2BS 42596: AutoBuild: Stat (2/5) Increased Energy from 55 to 56
[10/09/20 23:53:33] D2BS 42596: AutoBuild: useStatPoint(1): Energy
[10/09/20 23:53:33] D2BS 42596: AutoBuild: Stat (3/5) Increased Energy from 56 to 57
[10/09/20 23:53:33] D2BS 42596: AutoBuild: useStatPoint(3): Vitality
[10/09/20 23:53:33] D2BS 42596: AutoBuild: Stat (4/5) Increased Vitality from 30 to 31
[10/09/20 23:53:33] D2BS 42596: AutoBuild: useStatPoint(3): Vitality
[10/09/20 23:53:33] D2BS 42596: ÿc7Picked up ÿc434 Gold
[10/09/20 23:53:33] D2BS 42596: AutoBuild: Stat (5/5) Increased Vitality from 31 to 32
[10/09/20 23:53:33] D2BS 42596: Updating Config from level 11 to 12
[10/09/20 23:53:33] D2BS 42596: AutoBuild: Updating Config from level 11 to 12
[10/09/20 23:53:33] D2BS 42596: Updating Config from level 11 to 12
[10/09/20 23:53:33] D2BS 42596: Updating Config from level 11 to 12
[10/09/20 23:53:33] D2BS 42596: Updating Config from level 11 to 12
[10/09/20 23:53:33] D2BS 42596: AutoBuild: Incrementing cached character level to 12
[10/09/20 23:53:35] D2BS 42596: ÿc7Picked up ÿc426 Gold
[10/09/20 23:53:38] D2BS 42596: move retry 1
[10/09/20 23:53:42] D2BS 42596: ÿc7Picked up ÿc422 Gold
[10/09/20 23:53:48] D2BS 42596: ÿc7Picked up ÿc3Minor Mana Potion ÿc0(ilvl 1) (EarlyGame.nip #26)
[10/09/20 23:54:02] D2BS 42596: ÿc7Picked up ÿc49 Gold
[10/09/20 23:54:28] D2BS 42596: ÿc7Picked up ÿc3Light Mana Potion ÿc0(ilvl 1) (EarlyGame.nip #28)
[10/09/20 23:54:41] D2BS 42596: 6,20,21
[10/09/20 23:54:57] D2BS 42596: move retry 1
[10/09/20 23:54:59] D2BS 42596: ÿc7Picked up ÿc3Minor Mana Potion ÿc0(ilvl 1) (EarlyGame.nip #26)
[10/09/20 23:55:08] D2BS 42596: move retry 1
[10/09/20 23:55:09] D2BS 42596: ÿc7Picked up ÿc3Minor Mana Potion ÿc0(ilvl 1) (EarlyGame.nip #26)
[10/09/20 23:55:13] D2BS 42596: move retry 1
[10/09/20 23:55:15] D2BS 42596: move retry 1
[10/09/20 23:55:16] D2BS 42596: move retry 2
[10/09/20 23:55:33] D2BS 42596: ÿc7Picked up ÿc429 Gold
[10/09/20 23:55:44] D2BS 42596: Script default.dbj ended
[10/09/20 23:55:44] D2BS 42596: Script tools\autobuildthread.js ended
[10/09/20 23:55:44] D2BS 42596: Script tools\party.js ended
[10/09/20 23:55:44] D2BS 42596: Script tools\toolsthread.js ended
[10/09/20 23:55:44] D2BS 42596: Script tools\townchicken.js ended
[10/09/20 23:55:51] D2BS 42596: ÿc2D2BSÿc0 :: Starting default.dbj
[10/09/20 23:55:51] D2BS 42596: ÿc2D2BSÿc0 :: default.dbj running.
[10/09/20 23:55:51] D2BS 42596: AutoBuild: Including build template config/builds/sorceress.cold.js into default.dbj
[10/09/20 23:55:51] D2BS 42596: Updating Config from level 0 to 12
[10/09/20 23:55:51] D2BS 42596: ÿc4Loaded NIP: ÿc2LateGame.nipÿc4. Lines: ÿc280ÿc4. Valid entries: ÿc253. ÿc4Time: ÿc20 ms
[10/09/20 23:55:51] D2BS 42596: ÿc4Loaded NIP: ÿc2MidGame.nipÿc4. Lines: ÿc268ÿc4. Valid entries: ÿc241. ÿc4Time: ÿc20 ms
[10/09/20 23:55:51] D2BS 42596: ÿc4Loaded NIP: ÿc2EarlyGame.nipÿc4. Lines: ÿc229ÿc4. Valid entries: ÿc213. ÿc4Time: ÿc20 ms
[10/09/20 23:55:51] D2BS 42596: ÿc4Loaded NIP: ÿc2ColdRunes.nipÿc4. Lines: ÿc223ÿc4. Valid entries: ÿc212. ÿc4Time: ÿc20 ms
[10/09/20 23:55:51] D2BS 42596: ÿc4Loaded NIP: ÿc2Cold.xpac.nipÿc4. Lines: ÿc2129ÿc4. Valid entries: ÿc2112. ÿc4Time: ÿc215 ms
[10/09/20 23:55:51] D2BS 42596: ÿc4Loaded NIP: ÿc2Merc.xpac.nipÿc4. Lines: ÿc257ÿc4. Valid entries: ÿc241. ÿc4Time: ÿc20 ms
[10/09/20 23:55:51] D2BS 42596: AutoBuild: Including build template config/builds/sorceress.cold.js into tools\autobuildthread.js
[10/09/20 23:55:51] D2BS 42596: Updating Config from level 0 to 12
[10/09/20 23:55:51] D2BS 42596: AutoBuild: Loaded helper thread
[10/09/20 23:55:51] D2BS 42596: ÿc2Starting script: ÿc9LevelFollower
[10/09/20 23:55:51] D2BS 42596: AutoBuild: Including build template config/builds/sorceress.cold.js into tools\party.js
[10/09/20 23:55:51] D2BS 42596: Updating Config from level 0 to 12
[10/09/20 23:55:51] D2BS 42596: ÿc2Party thread loaded. Mode: Accept
[10/09/20 23:55:51] D2BS 42596: AutoBuild: Including build template config/builds/sorceress.cold.js into tools\townchicken.js
[10/09/20 23:55:51] D2BS 42596: Updating Config from level 0 to 12
[10/09/20 23:55:51] D2BS 42596: ÿc3Start ToolsThread script
[10/09/20 23:55:51] D2BS 42596: AutoBuild: Including build template config/builds/sorceress.cold.js into tools\toolsthread.js
[10/09/20 23:55:51] D2BS 42596: Updating Config from level 0 to 12
[10/09/20 23:55:59] D2BS 42596: initNPC: heal
[10/09/20 23:55:59] D2BS 42596: move retry 1
[10/09/20 23:56:03] D2BS 42596: initNPC: BuyPotions
[10/09/20 23:56:10] D2BS 42596: Found Leader
[10/09/20 23:56:10] D2BS 42596: Found Leader
[10/09/20 23:56:59] D2BS 42596: ÿc7Picked up ÿc47 Gold
[10/09/20 23:57:06] D2BS 42596: ÿc7Picked up ÿc423 Gold
[10/09/20 23:57:21] D2BS 42596: ÿc7Picked up ÿc431 Gold
[10/09/20 23:57:28] D2BS 42596: ÿc7Picked up ÿc3Ring ÿc0(ilvl 8) (Cold.xpac.nip #103)
[10/09/20 23:57:29] D2BS 42596: move retry 1
[10/09/20 23:57:45] D2BS 42596: 6,20
[10/09/20 23:57:48] D2BS 42596: 20,21
[10/09/20 23:58:02] D2BS 42596: move retry 1
[10/09/20 23:58:08] D2BS 42596: move retry 1
[10/09/20 23:58:20] D2BS 42596: move retry 1
[10/09/20 23:58:22] D2BS 42596: ÿc7Picked up ÿc422 Gold
[10/09/20 23:58:48] D2BS 42596: move retry 1
[10/09/20 23:58:53] D2BS 42596: ÿc7Picked up ÿc434 Gold
[10/09/20 23:59:19] D2BS 42596: 21,22
[10/09/20 23:59:30] D2BS 42596: 22,23
[10/09/20 23:59:36] D2BS 42596: ÿc7Picked up ÿc425 Gold
[10/09/20 23:59:38] D2BS 42596: AutoBuild: Stat points: 5      Skill points: 2
[10/09/20 23:59:38] D2BS 42596: AutoBuild: Level up detected ( 12 --> 13 )
[10/09/20 23:59:38] D2BS 42596: AutoBuild: useSkillPoint(): Ice Blast (45)
[10/09/20 23:59:38] D2BS 42596: AutoBuild: Skill (1/1) Increased Ice Blast (45) by one (level:  5)
[10/09/20 23:59:39] D2BS 42596: AutoBuild: useStatPoint(0): Strength
[10/09/20 23:59:39] D2BS 42596: AutoBuild: Attempt to spend point 1 in Strength may have failed!
[10/09/20 23:59:39] D2BS 42596: AutoBuild: useStatPoint(1): Energy
[10/09/20 23:59:39] D2BS 42596: AutoBuild: Stat (2/5) Increased Energy from 57 to 58
[10/09/20 23:59:39] D2BS 42596: AutoBuild: useStatPoint(1): Energy
[10/09/20 23:59:39] D2BS 42596: AutoBuild: Stat (3/5) Increased Energy from 58 to 59
[10/09/20 23:59:39] D2BS 42596: AutoBuild: useStatPoint(3): Vitality
[10/09/20 23:59:39] D2BS 42596: AutoBuild: Stat (4/5) Increased Vitality from 32 to 33
[10/09/20 23:59:39] D2BS 42596: AutoBuild: useStatPoint(3): Vitality
[10/09/20 23:59:39] D2BS 42596: AutoBuild: Stat (5/5) Increased Vitality from 33 to 34
[10/09/20 23:59:39] D2BS 42596: Updating Config from level 12 to 13
[10/09/20 23:59:39] D2BS 42596: Updating Config from level 12 to 13
[10/09/20 23:59:39] D2BS 42596: Updating Config from level 12 to 13
[10/09/20 23:59:39] D2BS 42596: Updating Config from level 12 to 13
[10/09/20 23:59:39] D2BS 42596: AutoBuild: Updating Config from level 12 to 13
[10/09/20 23:59:39] D2BS 42596: AutoBuild: Incrementing cached character level to 13
[10/09/20 23:59:40] D2BS 42596: ÿc7Picked up ÿc433 Gold
[10/09/20 23:59:41] D2BS 42596: ÿc7Picked up ÿc0Small Shield ÿc0(ilvl 10)
[10/09/20 23:59:47] D2BS 42596: ÿc7Picked up ÿc4165 Gold
[10/09/20 23:59:48] D2BS 42596: ÿc7Picked up ÿc0Chipped Emerald ÿc0(ilvl 1)
[10/09/20 23:59:48] D2BS 42596: ÿc7Picked up ÿc0Chipped Sapphire ÿc0(ilvl 1)
[10/09/20 23:59:50] D2BS 42596: move retry 1
[10/09/20 23:59:53] D2BS 42596: ÿc7Picked up ÿc413 Gold
