AutoBuild: Including build template config/builds/sorceress.blizzard.js into default.dbj
AutoBuild: Including build template config/builds/sorceress.blizzard.js into tools\autobuildthread.js
AutoBuild: Loaded helper thread
AutoBuild: Including build template config/builds/sorceress.blizzard.js into tools\party.js
AutoBuild: Including build template config/builds/sorceress.blizzard.js into tools\toolsthread.js
AutoBuild: Including build template config/builds/sorceress.blizzard.js into default.dbj
AutoBuild: Including build template config/builds/sorceress.blizzard.js into tools\autobuildthread.js
AutoBuild: Loaded helper thread
AutoBuild: Including build template config/builds/sorceress.blizzard.js into tools\party.js
AutoBuild: Including build template config/builds/sorceress.blizzard.js into tools\toolsthread.js
AutoBuild: Including build template config/builds/sorceress.blizzard.js into default.dbj
AutoBuild: Including build template config/builds/sorceress.blizzard.js into tools\autobuildthread.js
AutoBuild: Loaded helper thread
AutoBuild: Including build template config/builds/sorceress.blizzard.js into tools\party.js
AutoBuild: Including build template config/builds/sorceress.blizzard.js into tools\toolsthread.js
AutoBuild: Including build template config/builds/sorceress.blizzard.js into default.dbj
AutoBuild: Including build template config/builds/sorceress.blizzard.js into tools\autobuildthread.js
AutoBuild: Loaded helper thread
AutoBuild: Including build template config/builds/sorceress.blizzard.js into tools\party.js
AutoBuild: Including build template config/builds/sorceress.blizzard.js into tools\toolsthread.js
AutoBuild: Including build template config/builds/sorceress.blizzard.js into default.dbj
AutoBuild: Including build template config/builds/sorceress.blizzard.js into tools\autobuildthread.js
AutoBuild: Loaded helper thread
AutoBuild: Including build template config/builds/sorceress.blizzard.js into tools\party.js
AutoBuild: Including build template config/builds/sorceress.blizzard.js into tools\toolsthread.js
AutoBuild: Including build template config/builds/sorceress.blizzard.js into default.dbj
AutoBuild: Including build template config/builds/sorceress.blizzard.js into tools\autobuildthread.js
AutoBuild: Loaded helper thread
AutoBuild: Including build template config/builds/sorceress.blizzard.js into tools\party.js
AutoBuild: Including build template config/builds/sorceress.blizzard.js into tools\toolsthread.js
AutoBuild: Stat points: 5      Skill points: 3
AutoBuild: Level up detected ( 22 --> 23 )
AutoBuild: useSkillPoint(): Frost Nova (44)
AutoBuild: Skill (1/1) Increased Frost Nova (44) by one (level:  1)
AutoBuild: useStatPoint(0): Strength
AutoBuild: Stat (1/5) Increased Strength from 31 to 32
AutoBuild: useStatPoint(1): Energy
AutoBuild: Stat (2/5) Increased Energy from 77 to 78
AutoBuild: useStatPoint(1): Energy
AutoBuild: Stat (3/5) Increased Energy from 78 to 79
AutoBuild: useStatPoint(3): Vitality
AutoBuild: Stat (4/5) Increased Vitality from 52 to 53
AutoBuild: useStatPoint(3): Vitality
AutoBuild: Stat (5/5) Increased Vitality from 53 to 54
AutoBuild: Updating Config from level 22 to 23
AutoBuild: Incrementing cached character level to 23
AutoBuild: Including build template config/builds/sorceress.blizzard.js into default.dbj
AutoBuild: Including build template config/builds/sorceress.blizzard.js into tools\autobuildthread.js
AutoBuild: Loaded helper thread
AutoBuild: Including build template config/builds/sorceress.blizzard.js into tools\party.js
AutoBuild: Including build template config/builds/sorceress.blizzard.js into tools\toolsthread.js
AutoBuild: Including build template config/builds/sorceress.blizzard.js into default.dbj
AutoBuild: Including build template config/builds/sorceress.blizzard.js into tools\autobuildthread.js
AutoBuild: Loaded helper thread
AutoBuild: Including build template config/builds/sorceress.blizzard.js into tools\party.js
AutoBuild: Including build template config/builds/sorceress.blizzard.js into tools\toolsthread.js
AutoBuild: Including build template config/builds/sorceress.blizzard.js into default.dbj
AutoBuild: Including build template config/builds/sorceress.blizzard.js into tools\autobuildthread.js
AutoBuild: Loaded helper thread
AutoBuild: Including build template config/builds/sorceress.blizzard.js into tools\party.js
AutoBuild: Including build template config/builds/sorceress.blizzard.js into tools\toolsthread.js
AutoBuild: Including build template config/builds/sorceress.blizzard.js into default.dbj
AutoBuild: Including build template config/builds/sorceress.blizzard.js into tools\autobuildthread.js
AutoBuild: Loaded helper thread
AutoBuild: Including build template config/builds/sorceress.blizzard.js into tools\party.js
AutoBuild: Including build template config/builds/sorceress.blizzard.js into tools\toolsthread.js
AutoBuild: Including build template config/builds/sorceress.blizzard.js into default.dbj
AutoBuild: Including build template config/builds/sorceress.blizzard.js into tools\autobuildthread.js
AutoBuild: Loaded helper thread
AutoBuild: Including build template config/builds/sorceress.blizzard.js into tools\party.js
AutoBuild: Including build template config/builds/sorceress.blizzard.js into tools\toolsthread.js
AutoBuild: Including build template config/builds/sorceress.blizzard.js into default.dbj
AutoBuild: Including build template config/builds/sorceress.blizzard.js into tools\autobuildthread.js
AutoBuild: Loaded helper thread
AutoBuild: Including build template config/builds/sorceress.blizzard.js into tools\party.js
AutoBuild: Including build template config/builds/sorceress.blizzard.js into tools\toolsthread.js
AutoBuild: Including build template config/builds/sorceress.blizzard.js into default.dbj
AutoBuild: Including build template config/builds/sorceress.blizzard.js into tools\autobuildthread.js
AutoBuild: Loaded helper thread
AutoBuild: Including build template config/builds/sorceress.blizzard.js into tools\party.js
AutoBuild: Including build template config/builds/sorceress.blizzard.js into tools\toolsthread.js
AutoBuild: Stat points: 5      Skill points: 3
AutoBuild: Level up detected ( 23 --> 24 )
AutoBuild: useSkillPoint(): Blizzard (59)
AutoBuild: Skill (1/1) Increased Blizzard (59) by one (level:  1)
AutoBuild: useStatPoint(0): Strength
AutoBuild: Stat (1/5) Increased Strength from 32 to 33
AutoBuild: useStatPoint(1): Energy
AutoBuild: Stat (2/5) Increased Energy from 79 to 80
AutoBuild: useStatPoint(1): Energy
AutoBuild: Stat (3/5) Increased Energy from 80 to 81
AutoBuild: useStatPoint(3): Vitality
AutoBuild: Stat (4/5) Increased Vitality from 54 to 55
AutoBuild: useStatPoint(3): Vitality
AutoBuild: Stat (5/5) Increased Vitality from 55 to 56
AutoBuild: Updating Config from level 23 to 24
AutoBuild: Incrementing cached character level to 24
AutoBuild: Including build template config/builds/sorceress.blizzard.js into default.dbj
AutoBuild: Including build template config/builds/sorceress.blizzard.js into tools\autobuildthread.js
AutoBuild: Loaded helper thread
AutoBuild: Including build template config/builds/sorceress.blizzard.js into tools\party.js
AutoBuild: Including build template config/builds/sorceress.blizzard.js into tools\toolsthread.js
AutoBuild: Including build template config/builds/sorceress.blizzard.js into default.dbj
AutoBuild: Including build template config/builds/sorceress.blizzard.js into tools\autobuildthread.js
AutoBuild: Loaded helper thread
AutoBuild: Including build template config/builds/sorceress.blizzard.js into tools\party.js
AutoBuild: Including build template config/builds/sorceress.blizzard.js into tools\toolsthread.js
AutoBuild: Including build template config/builds/sorceress.blizzard.js into default.dbj
AutoBuild: Including build template config/builds/sorceress.blizzard.js into tools\autobuildthread.js
AutoBuild: Loaded helper thread
AutoBuild: Including build template config/builds/sorceress.blizzard.js into tools\party.js
AutoBuild: Including build template config/builds/sorceress.blizzard.js into tools\toolsthread.js
AutoBuild: Including build template config/builds/sorceress.blizzard.js into default.dbj
AutoBuild: Including build template config/builds/sorceress.blizzard.js into tools\autobuildthread.js
AutoBuild: Loaded helper thread
AutoBuild: Including build template config/builds/sorceress.blizzard.js into tools\party.js
AutoBuild: Including build template config/builds/sorceress.blizzard.js into tools\toolsthread.js
AutoBuild: Including build template config/builds/sorceress.blizzard.js into default.dbj
AutoBuild: Including build template config/builds/sorceress.blizzard.js into tools\autobuildthread.js
AutoBuild: Loaded helper thread
AutoBuild: Including build template config/builds/sorceress.blizzard.js into tools\party.js
AutoBuild: Including build template config/builds/sorceress.blizzard.js into tools\toolsthread.js
