AutoBuild: Including build template config/builds/sorceress.lightning.js into default.dbj
AutoBuild: Including build template config/builds/sorceress.lightning.js into tools\autobuildthread.js
AutoBuild: Loaded helper thread
AutoBuild: Including build template config/builds/sorceress.lightning.js into tools\party.js
AutoBuild: Including build template config/builds/sorceress.lightning.js into tools\townchicken.js
AutoBuild: Including build template config/builds/sorceress.lightning.js into tools\toolsthread.js
AutoBuild: Stat points: 15      Skill points: 8
AutoBuild: Level up detected ( 59 --> 60 )
AutoBuild: useSkillPoint(): Charged Bolt (38)
AutoBuild: Skill (1/1) Increased Charged Bolt (38) by one (level:  11)
AutoBuild: useStatPoint(0): Strength
AutoBuild: Stat (1/5) Increased Strength from 71 to 72
AutoBuild: useStatPoint(1): Energy
AutoBuild: Stat (2/5) Increased Energy from 151 to 152
AutoBuild: useStatPoint(1): Energy
AutoBuild: Stat (3/5) Increased Energy from 152 to 153
AutoBuild: useStatPoint(3): Vitality
AutoBuild: Stat (4/5) Increased Vitality from 148 to 149
AutoBuild: useStatPoint(3): Vitality
AutoBuild: Stat (5/5) Increased Vitality from 149 to 150
AutoBuild: Updating Config from level 59 to 60
AutoBuild: Incrementing cached character level to 60
AutoBuild: Including build template config/builds/sorceress.lightning.js into default.dbj
AutoBuild: Including build template config/builds/sorceress.lightning.js into tools\autobuildthread.js
AutoBuild: Loaded helper thread
AutoBuild: Including build template config/builds/sorceress.lightning.js into tools\party.js
AutoBuild: Including build template config/builds/sorceress.lightning.js into tools\townchicken.js
AutoBuild: Including build template config/builds/sorceress.lightning.js into tools\toolsthread.js
AutoBuild: Including build template config/builds/sorceress.lightning.js into default.dbj
AutoBuild: Including build template config/builds/sorceress.lightning.js into tools\autobuildthread.js
AutoBuild: Loaded helper thread
AutoBuild: Including build template config/builds/sorceress.lightning.js into tools\party.js
AutoBuild: Including build template config/builds/sorceress.lightning.js into tools\toolsthread.js
AutoBuild: Including build template config/builds/sorceress.lightning.js into tools\townchicken.js
AutoBuild: Including build template config/builds/sorceress.lightning.js into default.dbj
AutoBuild: Including build template config/builds/sorceress.lightning.js into tools\autobuildthread.js
AutoBuild: Loaded helper thread
AutoBuild: Including build template config/builds/sorceress.lightning.js into tools\party.js
AutoBuild: Including build template config/builds/sorceress.lightning.js into tools\townchicken.js
AutoBuild: Including build template config/builds/sorceress.lightning.js into tools\toolsthread.js
AutoBuild: Stat points: 15      Skill points: 8
AutoBuild: Level up detected ( 60 --> 61 )
AutoBuild: useSkillPoint(): Charged Bolt (38)
AutoBuild: Skill (1/1) Increased Charged Bolt (38) by one (level:  13)
AutoBuild: useStatPoint(0): Strength
AutoBuild: Stat (1/5) Increased Strength from 72 to 73
AutoBuild: useStatPoint(1): Energy
AutoBuild: Stat (2/5) Increased Energy from 153 to 154
AutoBuild: useStatPoint(1): Energy
AutoBuild: Stat (3/5) Increased Energy from 154 to 155
AutoBuild: useStatPoint(3): Vitality
AutoBuild: Stat (4/5) Increased Vitality from 150 to 151
AutoBuild: useStatPoint(3): Vitality
AutoBuild: Stat (5/5) Increased Vitality from 151 to 152
AutoBuild: Updating Config from level 60 to 61
AutoBuild: Incrementing cached character level to 61
AutoBuild: Including build template config/builds/sorceress.lightning.js into default.dbj
AutoBuild: Including build template config/builds/sorceress.lightning.js into tools\autobuildthread.js
AutoBuild: Loaded helper thread
AutoBuild: Including build template config/builds/sorceress.lightning.js into tools\party.js
AutoBuild: Including build template config/builds/sorceress.lightning.js into tools\townchicken.js
AutoBuild: Including build template config/builds/sorceress.lightning.js into tools\toolsthread.js
AutoBuild: Including build template config/builds/sorceress.lightning.js into default.dbj
AutoBuild: Including build template config/builds/sorceress.lightning.js into tools\autobuildthread.js
AutoBuild: Loaded helper thread
AutoBuild: Including build template config/builds/sorceress.lightning.js into tools\party.js
AutoBuild: Including build template config/builds/sorceress.lightning.js into tools\townchicken.js
AutoBuild: Including build template config/builds/sorceress.lightning.js into tools\toolsthread.js
