AutoBuild: Including build template config/builds/paladin.auradin.js into default.dbj
AutoBuild: Including build template config/builds/paladin.auradin.js into tools\autobuildthread.js
AutoBuild: Loaded helper thread
AutoBuild: Including build template config/builds/paladin.auradin.js into tools\party.js
AutoBuild: Including build template config/builds/paladin.auradin.js into tools\toolsthread.js
AutoBuild: Including build template config/builds/paladin.auradin.js into default.dbj
AutoBuild: Including build template config/builds/paladin.auradin.js into tools\autobuildthread.js
AutoBuild: Loaded helper thread
AutoBuild: Including build template config/builds/paladin.auradin.js into tools\party.js
AutoBuild: Including build template config/builds/paladin.auradin.js into tools\toolsthread.js
AutoBuild: Stat points: 10      Skill points: 4
AutoBuild: Level up detected ( 22 --> 23 )
AutoBuild: useSkillPoint(): Blessed Hammer (112)
AutoBuild: Skill (1/1) Increased Blessed Hammer (112) by one (level:  1)
AutoBuild: useStatPoint(0): Strength
AutoBuild: Stat (1/5) Increased Strength from 45 to 46
AutoBuild: useStatPoint(2): Dexterity
AutoBuild: Stat (2/5) Increased Dexterity from 40 to 41
AutoBuild: useStatPoint(3): Vitality
AutoBuild: Stat (3/5) Increased Vitality from 85 to 86
AutoBuild: useStatPoint(3): Vitality
AutoBuild: Stat (4/5) Increased Vitality from 86 to 87
AutoBuild: useStatPoint(3): Vitality
AutoBuild: Stat (5/5) Increased Vitality from 87 to 88
AutoBuild: Updating Config from level 22 to 23
AutoBuild: Incrementing cached character level to 23
