AutoBuild: Including build template config/builds/sorceress.lightning.js into default.dbj
AutoBuild: Including build template config/builds/sorceress.lightning.js into tools\autobuildthread.js
AutoBuild: Loaded helper thread
AutoBuild: Including build template config/builds/sorceress.lightning.js into tools\party.js
AutoBuild: Including build template config/builds/sorceress.lightning.js into tools\toolsthread.js
AutoBuild: Including build template config/builds/sorceress.lightning.js into default.dbj
AutoBuild: Including build template config/builds/sorceress.lightning.js into tools\autobuildthread.js
AutoBuild: Loaded helper thread
AutoBuild: Including build template config/builds/sorceress.lightning.js into tools\party.js
AutoBuild: Including build template config/builds/sorceress.lightning.js into tools\toolsthread.js
AutoBuild: Stat points: 15      Skill points: 1
AutoBuild: Level up detected ( 67 --> 68 )
AutoBuild: useSkillPoint(): Charged Bolt (38)
AutoBuild: Skill (1/1) Increased Charged Bolt (38) by one (level:  23)
AutoBuild: useStatPoint(0): Strength
AutoBuild: Stat (1/5) Increased Strength from 76 to 77
AutoBuild: useStatPoint(1): Energy
AutoBuild: Stat (2/5) Increased Energy from 177 to 178
AutoBuild: useStatPoint(1): Energy
AutoBuild: Stat (3/5) Increased Energy from 178 to 179
AutoBuild: useStatPoint(3): Vitality
AutoBuild: Stat (4/5) Increased Vitality from 164 to 165
AutoBuild: useStatPoint(3): Vitality
AutoBuild: Stat (5/5) Increased Vitality from 165 to 166
AutoBuild: Updating Config from level 67 to 68
AutoBuild: Incrementing cached character level to 68
AutoBuild: Including build template config/builds/sorceress.lightning.js into default.dbj
AutoBuild: Including build template config/builds/sorceress.lightning.js into tools\autobuildthread.js
AutoBuild: Loaded helper thread
AutoBuild: Including build template config/builds/sorceress.lightning.js into tools\party.js
AutoBuild: Including build template config/builds/sorceress.lightning.js into tools\toolsthread.js
AutoBuild: Including build template config/builds/sorceress.lightning.js into default.dbj
AutoBuild: Including build template config/builds/sorceress.lightning.js into tools\autobuildthread.js
AutoBuild: Loaded helper thread
AutoBuild: Including build template config/builds/sorceress.lightning.js into tools\party.js
AutoBuild: Including build template config/builds/sorceress.lightning.js into tools\toolsthread.js
AutoBuild: Including build template config/builds/sorceress.lightning.js into default.dbj
AutoBuild: Including build template config/builds/sorceress.lightning.js into tools\autobuildthread.js
AutoBuild: Loaded helper thread
AutoBuild: Including build template config/builds/sorceress.lightning.js into tools\party.js
AutoBuild: Including build template config/builds/sorceress.lightning.js into tools\toolsthread.js
AutoBuild: Including build template config/builds/sorceress.lightning.js into default.dbj
AutoBuild: Including build template config/builds/sorceress.lightning.js into tools\autobuildthread.js
AutoBuild: Loaded helper thread
AutoBuild: Including build template config/builds/sorceress.lightning.js into tools\party.js
AutoBuild: Including build template config/builds/sorceress.lightning.js into tools\toolsthread.js
AutoBuild: Including build template config/builds/sorceress.lightning.js into default.dbj
AutoBuild: Including build template config/builds/sorceress.lightning.js into tools\autobuildthread.js
AutoBuild: Loaded helper thread
AutoBuild: Including build template config/builds/sorceress.lightning.js into tools\party.js
AutoBuild: Including build template config/builds/sorceress.lightning.js into tools\toolsthread.js
AutoBuild: Including build template config/builds/sorceress.lightning.js into default.dbj
AutoBuild: Including build template config/builds/sorceress.lightning.js into tools\autobuildthread.js
AutoBuild: Loaded helper thread
AutoBuild: Including build template config/builds/sorceress.lightning.js into tools\party.js
AutoBuild: Including build template config/builds/sorceress.lightning.js into tools\toolsthread.js
AutoBuild: Including build template config/builds/sorceress.lightning.js into default.dbj
AutoBuild: Including build template config/builds/sorceress.lightning.js into tools\autobuildthread.js
AutoBuild: Loaded helper thread
AutoBuild: Including build template config/builds/sorceress.lightning.js into tools\party.js
AutoBuild: Including build template config/builds/sorceress.lightning.js into tools\toolsthread.js
AutoBuild: Including build template config/builds/sorceress.lightning.js into default.dbj
AutoBuild: Including build template config/builds/sorceress.lightning.js into tools\autobuildthread.js
AutoBuild: Loaded helper thread
AutoBuild: Including build template config/builds/sorceress.lightning.js into tools\party.js
AutoBuild: Including build template config/builds/sorceress.lightning.js into tools\toolsthread.js
AutoBuild: Including build template config/builds/sorceress.lightning.js into default.dbj
AutoBuild: Including build template config/builds/sorceress.lightning.js into tools\autobuildthread.js
AutoBuild: Loaded helper thread
AutoBuild: Including build template config/builds/sorceress.lightning.js into tools\party.js
AutoBuild: Including build template config/builds/sorceress.lightning.js into tools\toolsthread.js
AutoBuild: Including build template config/builds/sorceress.lightning.js into default.dbj
AutoBuild: Including build template config/builds/sorceress.lightning.js into tools\autobuildthread.js
AutoBuild: Loaded helper thread
AutoBuild: Including build template config/builds/sorceress.lightning.js into tools\party.js
AutoBuild: Including build template config/builds/sorceress.lightning.js into tools\toolsthread.js
AutoBuild: Including build template config/builds/sorceress.lightning.js into default.dbj
AutoBuild: Including build template config/builds/sorceress.lightning.js into tools\autobuildthread.js
AutoBuild: Loaded helper thread
AutoBuild: Including build template config/builds/sorceress.lightning.js into tools\party.js
AutoBuild: Including build template config/builds/sorceress.lightning.js into tools\toolsthread.js
AutoBuild: Including build template config/builds/sorceress.lightning.js into default.dbj
AutoBuild: Including build template config/builds/sorceress.lightning.js into tools\autobuildthread.js
AutoBuild: Loaded helper thread
AutoBuild: Including build template config/builds/sorceress.lightning.js into tools\party.js
AutoBuild: Including build template config/builds/sorceress.lightning.js into tools\toolsthread.js
AutoBuild: Stat points: 15      Skill points: 1
AutoBuild: Level up detected ( 68 --> 69 )
AutoBuild: useSkillPoint(): Charged Bolt (38)
AutoBuild: Skill (1/1) Increased Charged Bolt (38) by one (level:  23)
AutoBuild: useStatPoint(0): Strength
AutoBuild: Stat (1/5) Increased Strength from 77 to 78
AutoBuild: useStatPoint(1): Energy
AutoBuild: Stat (2/5) Increased Energy from 179 to 180
AutoBuild: useStatPoint(1): Energy
AutoBuild: Stat (3/5) Increased Energy from 180 to 181
AutoBuild: useStatPoint(3): Vitality
AutoBuild: Attempt to spend point 4 in Vitality may have failed!
AutoBuild: useStatPoint(3): Vitality
AutoBuild: Attempt to spend point 5 in Vitality may have failed!
AutoBuild: Updating Config from level 68 to 69
AutoBuild: Incrementing cached character level to 69
AutoBuild: Including build template config/builds/sorceress.lightning.js into default.dbj
AutoBuild: Including build template config/builds/sorceress.lightning.js into tools\autobuildthread.js
AutoBuild: Loaded helper thread
AutoBuild: Including build template config/builds/sorceress.lightning.js into tools\party.js
AutoBuild: Including build template config/builds/sorceress.lightning.js into tools\toolsthread.js
AutoBuild: Including build template config/builds/sorceress.lightning.js into default.dbj
AutoBuild: Including build template config/builds/sorceress.lightning.js into tools\autobuildthread.js
AutoBuild: Loaded helper thread
AutoBuild: Including build template config/builds/sorceress.lightning.js into tools\party.js
AutoBuild: Including build template config/builds/sorceress.lightning.js into tools\toolsthread.js
AutoBuild: Including build template config/builds/sorceress.lightning.js into default.dbj
AutoBuild: Including build template config/builds/sorceress.lightning.js into tools\autobuildthread.js
AutoBuild: Loaded helper thread
AutoBuild: Including build template config/builds/sorceress.lightning.js into tools\party.js
AutoBuild: Including build template config/builds/sorceress.lightning.js into tools\toolsthread.js
AutoBuild: Including build template config/builds/sorceress.lightning.js into default.dbj
AutoBuild: Including build template config/builds/sorceress.lightning.js into tools\autobuildthread.js
AutoBuild: Loaded helper thread
AutoBuild: Including build template config/builds/sorceress.lightning.js into tools\party.js
AutoBuild: Including build template config/builds/sorceress.lightning.js into tools\toolsthread.js
AutoBuild: Including build template config/builds/sorceress.lightning.js into default.dbj
AutoBuild: Including build template config/builds/sorceress.lightning.js into tools\autobuildthread.js
AutoBuild: Loaded helper thread
AutoBuild: Including build template config/builds/sorceress.lightning.js into tools\party.js
AutoBuild: Including build template config/builds/sorceress.lightning.js into tools\toolsthread.js
AutoBuild: Including build template config/builds/sorceress.lightning.js into default.dbj
AutoBuild: Including build template config/builds/sorceress.lightning.js into tools\autobuildthread.js
AutoBuild: Loaded helper thread
AutoBuild: Including build template config/builds/sorceress.lightning.js into tools\party.js
AutoBuild: Including build template config/builds/sorceress.lightning.js into tools\toolsthread.js
AutoBuild: Including build template config/builds/sorceress.lightning.js into default.dbj
AutoBuild: Including build template config/builds/sorceress.lightning.js into tools\autobuildthread.js
AutoBuild: Loaded helper thread
AutoBuild: Including build template config/builds/sorceress.lightning.js into tools\party.js
AutoBuild: Including build template config/builds/sorceress.lightning.js into tools\toolsthread.js
AutoBuild: Including build template config/builds/sorceress.lightning.js into default.dbj
AutoBuild: Including build template config/builds/sorceress.lightning.js into tools\autobuildthread.js
AutoBuild: Loaded helper thread
AutoBuild: Including build template config/builds/sorceress.lightning.js into tools\party.js
AutoBuild: Including build template config/builds/sorceress.lightning.js into tools\toolsthread.js
AutoBuild: Including build template config/builds/sorceress.lightning.js into default.dbj
AutoBuild: Including build template config/builds/sorceress.lightning.js into tools\autobuildthread.js
AutoBuild: Loaded helper thread
AutoBuild: Including build template config/builds/sorceress.lightning.js into tools\party.js
AutoBuild: Including build template config/builds/sorceress.lightning.js into tools\toolsthread.js
AutoBuild: Including build template config/builds/sorceress.lightning.js into default.dbj
AutoBuild: Including build template config/builds/sorceress.lightning.js into tools\autobuildthread.js
AutoBuild: Loaded helper thread
AutoBuild: Including build template config/builds/sorceress.lightning.js into tools\party.js
AutoBuild: Including build template config/builds/sorceress.lightning.js into tools\toolsthread.js
AutoBuild: Including build template config/builds/sorceress.lightning.js into default.dbj
AutoBuild: Including build template config/builds/sorceress.lightning.js into tools\autobuildthread.js
AutoBuild: Loaded helper thread
AutoBuild: Including build template config/builds/sorceress.lightning.js into tools\party.js
AutoBuild: Including build template config/builds/sorceress.lightning.js into tools\toolsthread.js
AutoBuild: Including build template config/builds/sorceress.lightning.js into default.dbj
AutoBuild: Including build template config/builds/sorceress.lightning.js into tools\autobuildthread.js
AutoBuild: Loaded helper thread
AutoBuild: Including build template config/builds/sorceress.lightning.js into tools\party.js
AutoBuild: Including build template config/builds/sorceress.lightning.js into tools\toolsthread.js
AutoBuild: Including build template config/builds/sorceress.lightning.js into default.dbj
AutoBuild: Including build template config/builds/sorceress.lightning.js into tools\autobuildthread.js
AutoBuild: Loaded helper thread
AutoBuild: Including build template config/builds/sorceress.lightning.js into tools\party.js
AutoBuild: Including build template config/builds/sorceress.lightning.js into tools\toolsthread.js
AutoBuild: Including build template config/builds/sorceress.lightning.js into default.dbj
AutoBuild: Including build template config/builds/sorceress.lightning.js into tools\autobuildthread.js
AutoBuild: Loaded helper thread
AutoBuild: Including build template config/builds/sorceress.lightning.js into tools\party.js
AutoBuild: Including build template config/builds/sorceress.lightning.js into tools\toolsthread.js
AutoBuild: Including build template config/builds/sorceress.lightning.js into default.dbj
AutoBuild: Including build template config/builds/sorceress.lightning.js into tools\autobuildthread.js
AutoBuild: Loaded helper thread
AutoBuild: Including build template config/builds/sorceress.lightning.js into tools\party.js
AutoBuild: Including build template config/builds/sorceress.lightning.js into tools\toolsthread.js
AutoBuild: Including build template config/builds/sorceress.lightning.js into default.dbj
AutoBuild: Including build template config/builds/sorceress.lightning.js into tools\autobuildthread.js
AutoBuild: Loaded helper thread
AutoBuild: Including build template config/builds/sorceress.lightning.js into tools\party.js
AutoBuild: Including build template config/builds/sorceress.lightning.js into tools\toolsthread.js
AutoBuild: Stat points: 15      Skill points: 1
AutoBuild: Level up detected ( 69 --> 70 )
AutoBuild: useSkillPoint(): Charged Bolt (38)
AutoBuild: Skill (1/1) Increased Charged Bolt (38) by one (level:  25)
AutoBuild: useStatPoint(0): Strength
AutoBuild: Attempt to spend point 1 in Strength may have failed!
AutoBuild: useStatPoint(1): Energy
AutoBuild: Stat (2/5) Increased Energy from 181 to 182
AutoBuild: useStatPoint(1): Energy
AutoBuild: Stat (3/5) Increased Energy from 182 to 183
AutoBuild: useStatPoint(3): Vitality
AutoBuild: Stat (4/5) Increased Vitality from 168 to 169
AutoBuild: useStatPoint(3): Vitality
AutoBuild: Attempt to spend point 5 in Vitality may have failed!
AutoBuild: Updating Config from level 69 to 70
AutoBuild: Incrementing cached character level to 70
AutoBuild: Including build template config/builds/sorceress.lightning.js into default.dbj
AutoBuild: Including build template config/builds/sorceress.lightning.js into tools\autobuildthread.js
AutoBuild: Loaded helper thread
AutoBuild: Including build template config/builds/sorceress.lightning.js into tools\party.js
AutoBuild: Including build template config/builds/sorceress.lightning.js into tools\toolsthread.js
AutoBuild: Including build template config/builds/sorceress.lightning.js into default.dbj
AutoBuild: Including build template config/builds/sorceress.lightning.js into tools\autobuildthread.js
AutoBuild: Loaded helper thread
AutoBuild: Including build template config/builds/sorceress.lightning.js into tools\party.js
AutoBuild: Including build template config/builds/sorceress.lightning.js into tools\toolsthread.js
AutoBuild: Including build template config/builds/sorceress.lightning.js into default.dbj
AutoBuild: Including build template config/builds/sorceress.lightning.js into tools\autobuildthread.js
AutoBuild: Loaded helper thread
AutoBuild: Including build template config/builds/sorceress.lightning.js into tools\party.js
AutoBuild: Including build template config/builds/sorceress.lightning.js into tools\toolsthread.js
AutoBuild: Including build template config/builds/sorceress.lightning.js into default.dbj
AutoBuild: Including build template config/builds/sorceress.lightning.js into tools\autobuildthread.js
AutoBuild: Loaded helper thread
AutoBuild: Including build template config/builds/sorceress.lightning.js into tools\party.js
AutoBuild: Including build template config/builds/sorceress.lightning.js into tools\toolsthread.js
AutoBuild: Including build template config/builds/sorceress.lightning.js into default.dbj
AutoBuild: Including build template config/builds/sorceress.lightning.js into tools\autobuildthread.js
AutoBuild: Loaded helper thread
AutoBuild: Including build template config/builds/sorceress.lightning.js into tools\party.js
AutoBuild: Including build template config/builds/sorceress.lightning.js into tools\toolsthread.js
AutoBuild: Including build template config/builds/sorceress.lightning.js into default.dbj
AutoBuild: Including build template config/builds/sorceress.lightning.js into tools\autobuildthread.js
AutoBuild: Loaded helper thread
AutoBuild: Including build template config/builds/sorceress.lightning.js into tools\party.js
AutoBuild: Including build template config/builds/sorceress.lightning.js into tools\toolsthread.js
AutoBuild: Including build template config/builds/sorceress.lightning.js into default.dbj
AutoBuild: Including build template config/builds/sorceress.lightning.js into tools\autobuildthread.js
AutoBuild: Loaded helper thread
AutoBuild: Including build template config/builds/sorceress.lightning.js into tools\party.js
AutoBuild: Including build template config/builds/sorceress.lightning.js into tools\toolsthread.js
AutoBuild: Including build template config/builds/sorceress.lightning.js into default.dbj
AutoBuild: Including build template config/builds/sorceress.lightning.js into tools\autobuildthread.js
AutoBuild: Loaded helper thread
AutoBuild: Including build template config/builds/sorceress.lightning.js into tools\party.js
AutoBuild: Including build template config/builds/sorceress.lightning.js into tools\toolsthread.js
AutoBuild: Including build template config/builds/sorceress.lightning.js into default.dbj
AutoBuild: Including build template config/builds/sorceress.lightning.js into tools\autobuildthread.js
AutoBuild: Loaded helper thread
AutoBuild: Including build template config/builds/sorceress.lightning.js into tools\party.js
AutoBuild: Including build template config/builds/sorceress.lightning.js into tools\toolsthread.js
AutoBuild: Including build template config/builds/sorceress.lightning.js into default.dbj
AutoBuild: Including build template config/builds/sorceress.lightning.js into tools\autobuildthread.js
AutoBuild: Loaded helper thread
AutoBuild: Including build template config/builds/sorceress.lightning.js into tools\party.js
AutoBuild: Including build template config/builds/sorceress.lightning.js into tools\toolsthread.js
AutoBuild: Including build template config/builds/sorceress.lightning.js into default.dbj
AutoBuild: Including build template config/builds/sorceress.lightning.js into tools\autobuildthread.js
AutoBuild: Loaded helper thread
AutoBuild: Including build template config/builds/sorceress.lightning.js into tools\party.js
AutoBuild: Including build template config/builds/sorceress.lightning.js into tools\toolsthread.js
AutoBuild: Including build template config/builds/sorceress.lightning.js into default.dbj
AutoBuild: Including build template config/builds/sorceress.lightning.js into tools\autobuildthread.js
AutoBuild: Loaded helper thread
AutoBuild: Including build template config/builds/sorceress.lightning.js into tools\party.js
AutoBuild: Including build template config/builds/sorceress.lightning.js into tools\toolsthread.js
AutoBuild: Including build template config/builds/sorceress.lightning.js into default.dbj
AutoBuild: Including build template config/builds/sorceress.lightning.js into tools\autobuildthread.js
AutoBuild: Loaded helper thread
AutoBuild: Including build template config/builds/sorceress.lightning.js into tools\party.js
AutoBuild: Including build template config/builds/sorceress.lightning.js into tools\toolsthread.js
