AutoBuild: Including build template config/builds/sorceress.meteor.js into default.dbj
AutoBuild: Including build template config/builds/sorceress.meteor.js into tools\autobuildthread.js
AutoBuild: Loaded helper thread
AutoBuild: Including build template config/builds/sorceress.meteor.js into tools\party.js
AutoBuild: Including build template config/builds/sorceress.meteor.js into tools\townchicken.js
AutoBuild: Including build template config/builds/sorceress.meteor.js into tools\toolsthread.js
AutoBuild: Stat points: 5      Skill points: 2
AutoBuild: Level up detected ( 33 --> 34 )
AutoBuild: useSkillPoint(): Meteor (56)
AutoBuild: Skill (1/1) Increased Meteor (56) by one (level:  11)
AutoBuild: useStatPoint(0): Strength
AutoBuild: Stat (1/5) Increased Strength from 43 to 44
AutoBuild: useStatPoint(1): Energy
AutoBuild: Stat (2/5) Increased Energy from 99 to 100
AutoBuild: useStatPoint(1): Energy
AutoBuild: Stat (3/5) Increased Energy from 100 to 101
AutoBuild: useStatPoint(3): Vitality
AutoBuild: Stat (4/5) Increased Vitality from 74 to 75
AutoBuild: useStatPoint(3): Vitality
AutoBuild: Stat (5/5) Increased Vitality from 75 to 76
AutoBuild: Updating Config from level 33 to 34
AutoBuild: Incrementing cached character level to 34
AutoBuild: Stat points: 5      Skill points: 2
AutoBuild: Level up detected ( 34 --> 35 )
AutoBuild: useSkillPoint(): Meteor (56)
AutoBuild: Skill (1/1) Increased Meteor (56) by one (level:  12)
AutoBuild: useStatPoint(0): Strength
AutoBuild: Stat (1/5) Increased Strength from 44 to 45
AutoBuild: useStatPoint(1): Energy
AutoBuild: Stat (2/5) Increased Energy from 101 to 102
AutoBuild: useStatPoint(1): Energy
AutoBuild: Stat (3/5) Increased Energy from 102 to 103
AutoBuild: useStatPoint(3): Vitality
AutoBuild: Stat (4/5) Increased Vitality from 76 to 77
AutoBuild: useStatPoint(3): Vitality
AutoBuild: Stat (5/5) Increased Vitality from 77 to 78
AutoBuild: Updating Config from level 34 to 35
AutoBuild: Incrementing cached character level to 35
AutoBuild: Stat points: 5      Skill points: 2
AutoBuild: Level up detected ( 35 --> 36 )
AutoBuild: useSkillPoint(): Meteor (56)
AutoBuild: Skill (1/1) Increased Meteor (56) by one (level:  14)
AutoBuild: useStatPoint(0): Strength
AutoBuild: Stat (1/5) Increased Strength from 45 to 46
AutoBuild: useStatPoint(1): Energy
AutoBuild: Stat (2/5) Increased Energy from 103 to 104
AutoBuild: useStatPoint(1): Energy
AutoBuild: Stat (3/5) Increased Energy from 104 to 105
AutoBuild: useStatPoint(3): Vitality
AutoBuild: Stat (4/5) Increased Vitality from 78 to 79
AutoBuild: useStatPoint(3): Vitality
AutoBuild: Stat (5/5) Increased Vitality from 79 to 80
AutoBuild: Updating Config from level 35 to 36
AutoBuild: Incrementing cached character level to 36
AutoBuild: Stat points: 5      Skill points: 2
AutoBuild: Level up detected ( 36 --> 37 )
AutoBuild: useSkillPoint(): Meteor (56)
AutoBuild: Skill (1/1) Increased Meteor (56) by one (level:  14)
AutoBuild: useStatPoint(0): Strength
AutoBuild: Stat (1/5) Increased Strength from 46 to 47
AutoBuild: useStatPoint(1): Energy
AutoBuild: Stat (2/5) Increased Energy from 105 to 106
AutoBuild: useStatPoint(1): Energy
AutoBuild: Stat (3/5) Increased Energy from 106 to 107
AutoBuild: useStatPoint(3): Vitality
AutoBuild: Stat (4/5) Increased Vitality from 80 to 81
AutoBuild: useStatPoint(3): Vitality
AutoBuild: Stat (5/5) Increased Vitality from 81 to 82
AutoBuild: Updating Config from level 36 to 37
AutoBuild: Incrementing cached character level to 37
AutoBuild: Including build template config/builds/sorceress.meteor.js into default.dbj
AutoBuild: Including build template config/builds/sorceress.meteor.js into tools\autobuildthread.js
AutoBuild: Loaded helper thread
AutoBuild: Including build template config/builds/sorceress.meteor.js into tools\party.js
AutoBuild: Including build template config/builds/sorceress.meteor.js into tools\townchicken.js
AutoBuild: Including build template config/builds/sorceress.meteor.js into tools\toolsthread.js
AutoBuild: Including build template config/builds/sorceress.meteor.js into default.dbj
AutoBuild: Including build template config/builds/sorceress.meteor.js into tools\autobuildthread.js
AutoBuild: Loaded helper thread
AutoBuild: Including build template config/builds/sorceress.meteor.js into tools\party.js
AutoBuild: Including build template config/builds/sorceress.meteor.js into tools\townchicken.js
AutoBuild: Including build template config/builds/sorceress.meteor.js into tools\toolsthread.js
AutoBuild: Stat points: 5      Skill points: 2
AutoBuild: Level up detected ( 37 --> 38 )
AutoBuild: useSkillPoint(): Meteor (56)
AutoBuild: Skill (1/1) Increased Meteor (56) by one (level:  15)
AutoBuild: useStatPoint(0): Strength
AutoBuild: Stat (1/5) Increased Strength from 47 to 48
AutoBuild: useStatPoint(1): Energy
AutoBuild: Stat (2/5) Increased Energy from 107 to 108
AutoBuild: useStatPoint(1): Energy
AutoBuild: Stat (3/5) Increased Energy from 108 to 109
AutoBuild: useStatPoint(3): Vitality
AutoBuild: Stat (4/5) Increased Vitality from 82 to 83
AutoBuild: useStatPoint(3): Vitality
AutoBuild: Stat (5/5) Increased Vitality from 83 to 84
AutoBuild: Updating Config from level 37 to 38
AutoBuild: Incrementing cached character level to 38
AutoBuild: Including build template config/builds/sorceress.meteor.js into default.dbj
AutoBuild: Including build template config/builds/sorceress.meteor.js into tools\autobuildthread.js
AutoBuild: Loaded helper thread
AutoBuild: Including build template config/builds/sorceress.meteor.js into tools\party.js
AutoBuild: Including build template config/builds/sorceress.meteor.js into tools\townchicken.js
AutoBuild: Including build template config/builds/sorceress.meteor.js into tools\toolsthread.js
AutoBuild: Stat points: 5      Skill points: 2
AutoBuild: Level up detected ( 38 --> 39 )
AutoBuild: useSkillPoint(): Meteor (56)
AutoBuild: Skill (1/1) Increased Meteor (56) by one (level:  16)
AutoBuild: useStatPoint(0): Strength
AutoBuild: Stat (1/5) Increased Strength from 48 to 49
AutoBuild: useStatPoint(1): Energy
AutoBuild: Stat (2/5) Increased Energy from 109 to 110
AutoBuild: useStatPoint(1): Energy
AutoBuild: Stat (3/5) Increased Energy from 110 to 111
AutoBuild: useStatPoint(3): Vitality
AutoBuild: Stat (4/5) Increased Vitality from 84 to 85
AutoBuild: useStatPoint(3): Vitality
AutoBuild: Stat (5/5) Increased Vitality from 85 to 86
AutoBuild: Updating Config from level 38 to 39
AutoBuild: Incrementing cached character level to 39
AutoBuild: Stat points: 5      Skill points: 2
AutoBuild: Level up detected ( 39 --> 40 )
AutoBuild: useSkillPoint(): Meteor (56)
AutoBuild: Skill (1/1) Increased Meteor (56) by one (level:  17)
AutoBuild: useStatPoint(0): Strength
AutoBuild: Stat (1/5) Increased Strength from 49 to 50
AutoBuild: useStatPoint(1): Energy
AutoBuild: Stat (2/5) Increased Energy from 111 to 112
AutoBuild: useStatPoint(1): Energy
AutoBuild: Stat (3/5) Increased Energy from 112 to 113
AutoBuild: useStatPoint(3): Vitality
AutoBuild: Stat (4/5) Increased Vitality from 86 to 87
AutoBuild: useStatPoint(3): Vitality
AutoBuild: Attempt to spend point 5 in Vitality may have failed!
AutoBuild: Updating Config from level 39 to 40
AutoBuild: Incrementing cached character level to 40
AutoBuild: Including build template config/builds/sorceress.meteor.js into default.dbj
AutoBuild: Including build template config/builds/sorceress.meteor.js into tools\autobuildthread.js
AutoBuild: Loaded helper thread
AutoBuild: Including build template config/builds/sorceress.meteor.js into tools\party.js
AutoBuild: Including build template config/builds/sorceress.meteor.js into tools\toolsthread.js
AutoBuild: Including build template config/builds/sorceress.meteor.js into tools\townchicken.js
AutoBuild: Stat points: 5      Skill points: 2
AutoBuild: Level up detected ( 40 --> 41 )
AutoBuild: useSkillPoint(): Meteor (56)
AutoBuild: Skill (1/1) Increased Meteor (56) by one (level:  18)
AutoBuild: useStatPoint(0): Strength
AutoBuild: Stat (1/5) Increased Strength from 50 to 51
AutoBuild: useStatPoint(1): Energy
AutoBuild: Stat (2/5) Increased Energy from 113 to 114
AutoBuild: useStatPoint(1): Energy
AutoBuild: Attempt to spend point 3 in Energy may have failed!
AutoBuild: useStatPoint(3): Vitality
AutoBuild: Attempt to spend point 4 in Vitality may have failed!
AutoBuild: useStatPoint(3): Vitality
AutoBuild: Stat (5/5) Increased Vitality from 89 to 90
AutoBuild: Updating Config from level 40 to 41
AutoBuild: Incrementing cached character level to 41
AutoBuild: Including build template config/builds/sorceress.meteor.js into default.dbj
AutoBuild: Including build template config/builds/sorceress.meteor.js into tools\autobuildthread.js
AutoBuild: Loaded helper thread
AutoBuild: Including build template config/builds/sorceress.meteor.js into tools\party.js
AutoBuild: Including build template config/builds/sorceress.meteor.js into tools\toolsthread.js
AutoBuild: Including build template config/builds/sorceress.meteor.js into tools\townchicken.js
AutoBuild: Stat points: 5      Skill points: 2
AutoBuild: Level up detected ( 41 --> 42 )
AutoBuild: useSkillPoint(): Meteor (56)
AutoBuild: Skill (1/1) Increased Meteor (56) by one (level:  20)
AutoBuild: useStatPoint(0): Strength
AutoBuild: Stat (1/5) Increased Strength from 50 to 51
AutoBuild: useStatPoint(1): Energy
AutoBuild: Stat (2/5) Increased Energy from 115 to 116
AutoBuild: useStatPoint(1): Energy
AutoBuild: Stat (3/5) Increased Energy from 116 to 117
AutoBuild: useStatPoint(3): Vitality
AutoBuild: Attempt to spend point 4 in Vitality may have failed!
AutoBuild: useStatPoint(3): Vitality
AutoBuild: Stat (5/5) Increased Vitality from 91 to 92
AutoBuild: Updating Config from level 41 to 42
AutoBuild: Incrementing cached character level to 42
AutoBuild: Stat points: 5      Skill points: 3
AutoBuild: Level up detected ( 42 --> 43 )
AutoBuild: useSkillPoint(): Meteor (56)
AutoBuild: Skill (1/1) Increased Meteor (56) by one (level:  21)
AutoBuild: useStatPoint(0): Strength
AutoBuild: Stat (1/5) Increased Strength from 51 to 52
AutoBuild: useStatPoint(1): Energy
AutoBuild: Stat (2/5) Increased Energy from 117 to 118
AutoBuild: useStatPoint(1): Energy
AutoBuild: Stat (3/5) Increased Energy from 118 to 119
AutoBuild: useStatPoint(3): Vitality
AutoBuild: Stat (4/5) Increased Vitality from 92 to 93
AutoBuild: useStatPoint(3): Vitality
AutoBuild: Stat (5/5) Increased Vitality from 93 to 94
AutoBuild: Updating Config from level 42 to 43
AutoBuild: Incrementing cached character level to 43
AutoBuild: Stat points: 5      Skill points: 3
AutoBuild: Level up detected ( 43 --> 44 )
AutoBuild: useSkillPoint(): Meteor (56)
AutoBuild: Attempt to spend skill point 1 in Meteor (56) may have failed!
AutoBuild: useStatPoint(0): Strength
AutoBuild: Stat (1/5) Increased Strength from 52 to 53
AutoBuild: useStatPoint(1): Energy
AutoBuild: Stat (2/5) Increased Energy from 119 to 120
AutoBuild: useStatPoint(1): Energy
AutoBuild: Stat (3/5) Increased Energy from 120 to 121
AutoBuild: useStatPoint(3): Vitality
AutoBuild: Stat (4/5) Increased Vitality from 94 to 95
AutoBuild: useStatPoint(3): Vitality
AutoBuild: Stat (5/5) Increased Vitality from 95 to 96
AutoBuild: Updating Config from level 43 to 44
AutoBuild: Incrementing cached character level to 44
AutoBuild: Including build template config/builds/sorceress.meteor.js into default.dbj
AutoBuild: Including build template config/builds/sorceress.meteor.js into tools\autobuildthread.js
AutoBuild: Loaded helper thread
AutoBuild: Including build template config/builds/sorceress.meteor.js into tools\party.js
AutoBuild: Including build template config/builds/sorceress.meteor.js into tools\townchicken.js
AutoBuild: Including build template config/builds/sorceress.meteor.js into tools\toolsthread.js
AutoBuild: Including build template config/builds/sorceress.meteor.js into default.dbj
AutoBuild: Including build template config/builds/sorceress.meteor.js into tools\autobuildthread.js
AutoBuild: Loaded helper thread
AutoBuild: Including build template config/builds/sorceress.meteor.js into tools\party.js
AutoBuild: Including build template config/builds/sorceress.meteor.js into tools\townchicken.js
AutoBuild: Including build template config/builds/sorceress.meteor.js into tools\toolsthread.js
