AutoBuild: Stat points: 5      Skill points: 3
AutoBuild: Level up detected ( 23 --> 24 )
AutoBuild: useSkillPoint(): Meditation (120)
AutoBuild: Skill (1/2) Increased Meditation (120) by one (level:  1)
AutoBuild: useSkillPoint(): Holy Shield (117)
AutoBuild: Skill (2/2) Increased Holy Shield (117) by one (level:  1)
AutoBuild: useStatPoint(0): Strength
AutoBuild: Stat (1/5) Increased Strength from 47 to 48
AutoBuild: useStatPoint(2): Dexterity
AutoBuild: Stat (2/5) Increased Dexterity from 42 to 43
AutoBuild: useStatPoint(3): Vitality
AutoBuild: Stat (3/5) Increased Vitality from 91 to 92
AutoBuild: useStatPoint(3): Vitality
AutoBuild: Stat (4/5) Increased Vitality from 92 to 93
AutoBuild: useStatPoint(3): Vitality
AutoBuild: Stat (5/5) Increased Vitality from 93 to 94
AutoBuild: Updating Config from level 23 to 24
AutoBuild: Incrementing cached character level to 24
AutoBuild: Including build template config/builds/paladin.auradin.js into default.dbj
AutoBuild: Including build template config/builds/paladin.auradin.js into tools\autobuildthread.js
AutoBuild: Loaded helper thread
AutoBuild: Including build template config/builds/paladin.auradin.js into tools\party.js
AutoBuild: Including build template config/builds/paladin.auradin.js into tools\toolsthread.js
AutoBuild: Including build template config/builds/paladin.auradin.js into default.dbj
AutoBuild: Including build template config/builds/paladin.auradin.js into tools\autobuildthread.js
AutoBuild: Loaded helper thread
AutoBuild: Including build template config/builds/paladin.auradin.js into tools\party.js
AutoBuild: Including build template config/builds/paladin.auradin.js into tools\toolsthread.js
AutoBuild: Including build template config/builds/paladin.auradin.js into default.dbj
AutoBuild: Including build template config/builds/paladin.auradin.js into tools\autobuildthread.js
AutoBuild: Loaded helper thread
AutoBuild: Including build template config/builds/paladin.auradin.js into tools\party.js
AutoBuild: Including build template config/builds/paladin.auradin.js into tools\toolsthread.js
AutoBuild: Including build template config/builds/paladin.auradin.js into default.dbj
AutoBuild: Including build template config/builds/paladin.auradin.js into tools\autobuildthread.js
AutoBuild: Loaded helper thread
AutoBuild: Including build template config/builds/paladin.auradin.js into tools\party.js
AutoBuild: Including build template config/builds/paladin.auradin.js into tools\toolsthread.js
AutoBuild: Including build template config/builds/paladin.auradin.js into default.dbj
AutoBuild: Including build template config/builds/paladin.auradin.js into tools\autobuildthread.js
AutoBuild: Loaded helper thread
AutoBuild: Including build template config/builds/paladin.auradin.js into tools\party.js
AutoBuild: Including build template config/builds/paladin.auradin.js into tools\toolsthread.js
AutoBuild: Including build template config/builds/paladin.auradin.js into default.dbj
AutoBuild: Including build template config/builds/paladin.auradin.js into tools\autobuildthread.js
AutoBuild: Loaded helper thread
AutoBuild: Including build template config/builds/paladin.auradin.js into tools\party.js
AutoBuild: Including build template config/builds/paladin.auradin.js into tools\toolsthread.js
AutoBuild: Including build template config/builds/paladin.auradin.js into default.dbj
AutoBuild: Including build template config/builds/paladin.auradin.js into tools\autobuildthread.js
AutoBuild: Loaded helper thread
AutoBuild: Including build template config/builds/paladin.auradin.js into tools\party.js
AutoBuild: Including build template config/builds/paladin.auradin.js into tools\toolsthread.js
AutoBuild: Including build template config/builds/paladin.auradin.js into default.dbj
AutoBuild: Including build template config/builds/paladin.auradin.js into tools\autobuildthread.js
AutoBuild: Loaded helper thread
AutoBuild: Including build template config/builds/paladin.auradin.js into tools\party.js
AutoBuild: Including build template config/builds/paladin.auradin.js into tools\toolsthread.js
AutoBuild: Including build template config/builds/paladin.auradin.js into default.dbj
AutoBuild: Including build template config/builds/paladin.auradin.js into tools\autobuildthread.js
AutoBuild: Loaded helper thread
AutoBuild: Including build template config/builds/paladin.auradin.js into tools\party.js
AutoBuild: Including build template config/builds/paladin.auradin.js into tools\toolsthread.js
AutoBuild: Including build template config/builds/paladin.auradin.js into default.dbj
AutoBuild: Including build template config/builds/paladin.auradin.js into tools\autobuildthread.js
AutoBuild: Loaded helper thread
AutoBuild: Including build template config/builds/paladin.auradin.js into tools\party.js
AutoBuild: Including build template config/builds/paladin.auradin.js into tools\toolsthread.js
AutoBuild: Stat points: 5      Skill points: 2
AutoBuild: Level up detected ( 24 --> 25 )
AutoBuild: useSkillPoint(): Meditation (120)
AutoBuild: Skill (1/1) Increased Meditation (120) by one (level:  2)
AutoBuild: useStatPoint(0): Strength
AutoBuild: Stat (1/5) Increased Strength from 48 to 49
AutoBuild: useStatPoint(2): Dexterity
AutoBuild: Stat (2/5) Increased Dexterity from 43 to 44
AutoBuild: useStatPoint(3): Vitality
AutoBuild: Stat (3/5) Increased Vitality from 94 to 95
AutoBuild: useStatPoint(3): Vitality
AutoBuild: Stat (4/5) Increased Vitality from 95 to 96
AutoBuild: useStatPoint(3): Vitality
AutoBuild: Stat (5/5) Increased Vitality from 96 to 97
AutoBuild: Updating Config from level 24 to 25
AutoBuild: Incrementing cached character level to 25
AutoBuild: Including build template config/builds/paladin.auradin.js into default.dbj
AutoBuild: Including build template config/builds/paladin.auradin.js into tools\autobuildthread.js
AutoBuild: Loaded helper thread
AutoBuild: Including build template config/builds/paladin.auradin.js into tools\party.js
AutoBuild: Including build template config/builds/paladin.auradin.js into tools\toolsthread.js
AutoBuild: Including build template config/builds/paladin.auradin.js into default.dbj
AutoBuild: Including build template config/builds/paladin.auradin.js into tools\autobuildthread.js
AutoBuild: Loaded helper thread
AutoBuild: Including build template config/builds/paladin.auradin.js into tools\party.js
AutoBuild: Including build template config/builds/paladin.auradin.js into tools\toolsthread.js
AutoBuild: Including build template config/builds/paladin.auradin.js into default.dbj
AutoBuild: Including build template config/builds/paladin.auradin.js into tools\autobuildthread.js
AutoBuild: Loaded helper thread
AutoBuild: Including build template config/builds/paladin.auradin.js into tools\party.js
AutoBuild: Including build template config/builds/paladin.auradin.js into tools\toolsthread.js
AutoBuild: Including build template config/builds/paladin.auradin.js into default.dbj
AutoBuild: Including build template config/builds/paladin.auradin.js into tools\autobuildthread.js
AutoBuild: Loaded helper thread
AutoBuild: Including build template config/builds/paladin.auradin.js into tools\party.js
AutoBuild: Including build template config/builds/paladin.auradin.js into tools\toolsthread.js
AutoBuild: Including build template config/builds/paladin.auradin.js into default.dbj
AutoBuild: Including build template config/builds/paladin.auradin.js into tools\autobuildthread.js
AutoBuild: Loaded helper thread
AutoBuild: Including build template config/builds/paladin.auradin.js into tools\party.js
AutoBuild: Including build template config/builds/paladin.auradin.js into tools\toolsthread.js
AutoBuild: Including build template config/builds/paladin.auradin.js into default.dbj
AutoBuild: Including build template config/builds/paladin.auradin.js into tools\autobuildthread.js
AutoBuild: Loaded helper thread
AutoBuild: Including build template config/builds/paladin.auradin.js into tools\party.js
AutoBuild: Including build template config/builds/paladin.auradin.js into tools\toolsthread.js
AutoBuild: Including build template config/builds/paladin.auradin.js into default.dbj
AutoBuild: Including build template config/builds/paladin.auradin.js into tools\autobuildthread.js
AutoBuild: Loaded helper thread
AutoBuild: Including build template config/builds/paladin.auradin.js into tools\party.js
AutoBuild: Including build template config/builds/paladin.auradin.js into tools\toolsthread.js
AutoBuild: Including build template config/builds/paladin.auradin.js into default.dbj
AutoBuild: Including build template config/builds/paladin.auradin.js into tools\autobuildthread.js
AutoBuild: Loaded helper thread
AutoBuild: Including build template config/builds/paladin.auradin.js into tools\party.js
AutoBuild: Including build template config/builds/paladin.auradin.js into tools\toolsthread.js
AutoBuild: Including build template config/builds/paladin.auradin.js into default.dbj
AutoBuild: Including build template config/builds/paladin.auradin.js into tools\autobuildthread.js
AutoBuild: Loaded helper thread
AutoBuild: Including build template config/builds/paladin.auradin.js into tools\party.js
AutoBuild: Including build template config/builds/paladin.auradin.js into tools\toolsthread.js
AutoBuild: Including build template config/builds/paladin.auradin.js into default.dbj
AutoBuild: Including build template config/builds/paladin.auradin.js into tools\autobuildthread.js
AutoBuild: Loaded helper thread
AutoBuild: Including build template config/builds/paladin.auradin.js into tools\party.js
AutoBuild: Including build template config/builds/paladin.auradin.js into tools\toolsthread.js
AutoBuild: Including build template config/builds/paladin.auradin.js into default.dbj
AutoBuild: Including build template config/builds/paladin.auradin.js into tools\autobuildthread.js
AutoBuild: Loaded helper thread
AutoBuild: Including build template config/builds/paladin.auradin.js into tools\party.js
AutoBuild: Including build template config/builds/paladin.auradin.js into tools\toolsthread.js
AutoBuild: Including build template config/builds/paladin.auradin.js into default.dbj
AutoBuild: Including build template config/builds/paladin.auradin.js into tools\autobuildthread.js
AutoBuild: Loaded helper thread
AutoBuild: Including build template config/builds/paladin.auradin.js into tools\party.js
AutoBuild: Including build template config/builds/paladin.auradin.js into tools\toolsthread.js
AutoBuild: Including build template config/builds/paladin.auradin.js into default.dbj
AutoBuild: Including build template config/builds/paladin.auradin.js into tools\autobuildthread.js
AutoBuild: Loaded helper thread
AutoBuild: Including build template config/builds/paladin.auradin.js into tools\party.js
AutoBuild: Including build template config/builds/paladin.auradin.js into tools\toolsthread.js
AutoBuild: Including build template config/builds/paladin.auradin.js into default.dbj
AutoBuild: Including build template config/builds/paladin.auradin.js into tools\autobuildthread.js
AutoBuild: Loaded helper thread
AutoBuild: Including build template config/builds/paladin.auradin.js into tools\party.js
AutoBuild: Including build template config/builds/paladin.auradin.js into tools\toolsthread.js
AutoBuild: Including build template config/builds/paladin.auradin.js into default.dbj
AutoBuild: Including build template config/builds/paladin.auradin.js into tools\autobuildthread.js
AutoBuild: Loaded helper thread
AutoBuild: Including build template config/builds/paladin.auradin.js into tools\party.js
AutoBuild: Including build template config/builds/paladin.auradin.js into tools\toolsthread.js
AutoBuild: Stat points: 5      Skill points: 2
AutoBuild: Level up detected ( 25 --> 26 )
AutoBuild: useSkillPoint(): Meditation (120)
AutoBuild: Skill (1/1) Increased Meditation (120) by one (level:  3)
AutoBuild: useStatPoint(0): Strength
AutoBuild: Stat (1/5) Increased Strength from 49 to 50
AutoBuild: useStatPoint(2): Dexterity
AutoBuild: Stat (2/5) Increased Dexterity from 44 to 45
AutoBuild: useStatPoint(3): Vitality
AutoBuild: Stat (3/5) Increased Vitality from 97 to 98
AutoBuild: useStatPoint(3): Vitality
AutoBuild: Stat (4/5) Increased Vitality from 98 to 99
AutoBuild: useStatPoint(3): Vitality
AutoBuild: Stat (5/5) Increased Vitality from 99 to 100
AutoBuild: Updating Config from level 25 to 26
AutoBuild: Incrementing cached character level to 26
AutoBuild: Including build template config/builds/paladin.auradin.js into default.dbj
AutoBuild: Including build template config/builds/paladin.auradin.js into tools\autobuildthread.js
AutoBuild: Loaded helper thread
AutoBuild: Including build template config/builds/paladin.auradin.js into tools\party.js
AutoBuild: Including build template config/builds/paladin.auradin.js into tools\toolsthread.js
