AutoBuild: Stat points: 5      Skill points: 7
AutoBuild: Level up detected ( 14 --> 15 )
AutoBuild: useStatPoint(0): Strength
AutoBuild: Stat (1/5) Increased Strength from 38 to 39
AutoBuild: useStatPoint(2): Dexterity
AutoBuild: Stat (2/5) Increased Dexterity from 34 to 35
AutoBuild: useStatPoint(3): Vitality
AutoBuild: Stat (3/5) Increased Vitality from 64 to 65
AutoBuild: useStatPoint(3): Vitality
AutoBuild: Stat (4/5) Increased Vitality from 65 to 66
AutoBuild: useStatPoint(3): Vitality
AutoBuild: Stat (5/5) Increased Vitality from 66 to 67
AutoBuild: Updating Config from level 14 to 15
AutoBuild: Incrementing cached character level to 15
AutoBuild: Including build template config/builds/paladin.hammerdin.js into default.dbj
AutoBuild: Including build template config/builds/paladin.hammerdin.js into tools\autobuildthread.js
AutoBuild: Loaded helper thread
AutoBuild: Including build template config/builds/paladin.hammerdin.js into tools\party.js
AutoBuild: Including build template config/builds/paladin.hammerdin.js into tools\townchicken.js
AutoBuild: Including build template config/builds/paladin.hammerdin.js into tools\toolsthread.js
AutoBuild: Including build template config/builds/paladin.hammerdin.js into default.dbj
AutoBuild: Including build template config/builds/paladin.hammerdin.js into tools\autobuildthread.js
AutoBuild: Loaded helper thread
AutoBuild: Including build template config/builds/paladin.hammerdin.js into tools\party.js
AutoBuild: Including build template config/builds/paladin.hammerdin.js into tools\townchicken.js
AutoBuild: Including build template config/builds/paladin.hammerdin.js into tools\toolsthread.js
AutoBuild: Including build template config/builds/paladin.hammerdin.js into default.dbj
AutoBuild: Including build template config/builds/paladin.hammerdin.js into tools\autobuildthread.js
AutoBuild: Loaded helper thread
AutoBuild: Including build template config/builds/paladin.hammerdin.js into tools\party.js
AutoBuild: Including build template config/builds/paladin.hammerdin.js into tools\townchicken.js
AutoBuild: Including build template config/builds/paladin.hammerdin.js into tools\toolsthread.js
AutoBuild: Stat points: 5      Skill points: 8
AutoBuild: Level up detected ( 15 --> 16 )
AutoBuild: useStatPoint(0): Strength
AutoBuild: Stat (1/5) Increased Strength from 39 to 40
AutoBuild: useStatPoint(2): Dexterity
AutoBuild: Stat (2/5) Increased Dexterity from 35 to 36
AutoBuild: useStatPoint(3): Vitality
AutoBuild: Stat (3/5) Increased Vitality from 67 to 68
AutoBuild: useStatPoint(3): Vitality
AutoBuild: Attempt to spend point 4 in Vitality may have failed!
AutoBuild: useStatPoint(3): Vitality
AutoBuild: Attempt to spend point 5 in Vitality may have failed!
AutoBuild: Updating Config from level 15 to 16
AutoBuild: Incrementing cached character level to 16
AutoBuild: Stat points: 5      Skill points: 9
AutoBuild: Level up detected ( 16 --> 17 )
AutoBuild: useStatPoint(0): Strength
AutoBuild: Stat (1/5) Increased Strength from 40 to 41
AutoBuild: useStatPoint(2): Dexterity
AutoBuild: Stat (2/5) Increased Dexterity from 36 to 37
AutoBuild: useStatPoint(3): Vitality
AutoBuild: Stat (3/5) Increased Vitality from 70 to 71
AutoBuild: useStatPoint(3): Vitality
AutoBuild: Stat (4/5) Increased Vitality from 71 to 72
AutoBuild: useStatPoint(3): Vitality
AutoBuild: Stat (5/5) Increased Vitality from 72 to 73
AutoBuild: Updating Config from level 16 to 17
AutoBuild: Incrementing cached character level to 17
AutoBuild: Including build template config/builds/paladin.hammerdin.js into default.dbj
AutoBuild: Including build template config/builds/paladin.hammerdin.js into tools\autobuildthread.js
AutoBuild: Loaded helper thread
AutoBuild: Including build template config/builds/paladin.hammerdin.js into tools\party.js
AutoBuild: Including build template config/builds/paladin.hammerdin.js into tools\townchicken.js
AutoBuild: Including build template config/builds/paladin.hammerdin.js into tools\toolsthread.js
AutoBuild: Stat points: 5      Skill points: 10
AutoBuild: Level up detected ( 17 --> 18 )
AutoBuild: useSkillPoint(): Vigor (115)
AutoBuild: Skill (1/3) Increased Vigor (115) by one (level:  1)
AutoBuild: useSkillPoint(): Blessed Hammer (112)
AutoBuild: Skill (2/3) Increased Blessed Hammer (112) by one (level:  1)
AutoBuild: useSkillPoint(): Concentration (113)
AutoBuild: Skill (3/3) Increased Concentration (113) by one (level:  1)
AutoBuild: useStatPoint(0): Strength
AutoBuild: Stat (1/5) Increased Strength from 41 to 42
AutoBuild: useStatPoint(2): Dexterity
AutoBuild: Stat (2/5) Increased Dexterity from 37 to 38
AutoBuild: useStatPoint(3): Vitality
AutoBuild: Stat (3/5) Increased Vitality from 73 to 74
AutoBuild: useStatPoint(3): Vitality
AutoBuild: Stat (4/5) Increased Vitality from 74 to 75
AutoBuild: useStatPoint(3): Vitality
AutoBuild: Stat (5/5) Increased Vitality from 75 to 76
AutoBuild: Updating Config from level 17 to 18
AutoBuild: Incrementing cached character level to 18
AutoBuild: Stat points: 5      Skill points: 9
AutoBuild: Level up detected ( 18 --> 19 )
AutoBuild: useSkillPoint(): Blessed Hammer (112)
AutoBuild: Skill (1/2) Increased Blessed Hammer (112) by one (level:  2)
AutoBuild: useSkillPoint(): Concentration (113)
AutoBuild: Skill (2/2) Increased Concentration (113) by one (level:  2)
AutoBuild: useStatPoint(0): Strength
AutoBuild: Stat (1/5) Increased Strength from 42 to 43
AutoBuild: useStatPoint(2): Dexterity
AutoBuild: Stat (2/5) Increased Dexterity from 38 to 39
AutoBuild: useStatPoint(3): Vitality
AutoBuild: Stat (3/5) Increased Vitality from 76 to 77
AutoBuild: useStatPoint(3): Vitality
AutoBuild: Stat (4/5) Increased Vitality from 77 to 78
AutoBuild: useStatPoint(3): Vitality
AutoBuild: Stat (5/5) Increased Vitality from 78 to 79
AutoBuild: Updating Config from level 18 to 19
AutoBuild: Incrementing cached character level to 19
