AutoBuild: Including build template config/builds/sorceress.blizzard.js into default.dbj
AutoBuild: Including build template config/builds/sorceress.blizzard.js into tools\autobuildthread.js
AutoBuild: Loaded helper thread
AutoBuild: Including build template config/builds/sorceress.blizzard.js into tools\party.js
AutoBuild: Including build template config/builds/sorceress.blizzard.js into tools\toolsthread.js
AutoBuild: Including build template config/builds/sorceress.blizzard.js into default.dbj
AutoBuild: Including build template config/builds/sorceress.blizzard.js into tools\autobuildthread.js
AutoBuild: Loaded helper thread
AutoBuild: Including build template config/builds/sorceress.blizzard.js into tools\party.js
AutoBuild: Including build template config/builds/sorceress.blizzard.js into tools\toolsthread.js
AutoBuild: Including build template config/builds/sorceress.blizzard.js into default.dbj
AutoBuild: Including build template config/builds/sorceress.blizzard.js into tools\autobuildthread.js
AutoBuild: Loaded helper thread
AutoBuild: Including build template config/builds/sorceress.blizzard.js into tools\party.js
AutoBuild: Including build template config/builds/sorceress.blizzard.js into tools\toolsthread.js
AutoBuild: Including build template config/builds/sorceress.blizzard.js into default.dbj
AutoBuild: Including build template config/builds/sorceress.blizzard.js into tools\autobuildthread.js
AutoBuild: Loaded helper thread
AutoBuild: Including build template config/builds/sorceress.blizzard.js into tools\party.js
AutoBuild: Including build template config/builds/sorceress.blizzard.js into tools\toolsthread.js
AutoBuild: Including build template config/builds/sorceress.blizzard.js into default.dbj
AutoBuild: Including build template config/builds/sorceress.blizzard.js into tools\autobuildthread.js
AutoBuild: Loaded helper thread
AutoBuild: Including build template config/builds/sorceress.blizzard.js into tools\party.js
AutoBuild: Including build template config/builds/sorceress.blizzard.js into tools\toolsthread.js
AutoBuild: Including build template config/builds/sorceress.blizzard.js into default.dbj
AutoBuild: Including build template config/builds/sorceress.blizzard.js into tools\autobuildthread.js
AutoBuild: Loaded helper thread
AutoBuild: Including build template config/builds/sorceress.blizzard.js into tools\party.js
AutoBuild: Including build template config/builds/sorceress.blizzard.js into tools\toolsthread.js
AutoBuild: Including build template config/builds/sorceress.blizzard.js into default.dbj
AutoBuild: Including build template config/builds/sorceress.blizzard.js into tools\autobuildthread.js
AutoBuild: Loaded helper thread
AutoBuild: Including build template config/builds/sorceress.blizzard.js into tools\party.js
AutoBuild: Including build template config/builds/sorceress.blizzard.js into tools\toolsthread.js
AutoBuild: Including build template config/builds/sorceress.blizzard.js into default.dbj
AutoBuild: Including build template config/builds/sorceress.blizzard.js into tools\autobuildthread.js
AutoBuild: Loaded helper thread
AutoBuild: Including build template config/builds/sorceress.blizzard.js into tools\party.js
AutoBuild: Including build template config/builds/sorceress.blizzard.js into tools\toolsthread.js
AutoBuild: Including build template config/builds/sorceress.blizzard.js into default.dbj
AutoBuild: Including build template config/builds/sorceress.blizzard.js into tools\autobuildthread.js
AutoBuild: Loaded helper thread
AutoBuild: Including build template config/builds/sorceress.blizzard.js into tools\party.js
AutoBuild: Including build template config/builds/sorceress.blizzard.js into tools\toolsthread.js
AutoBuild: Including build template config/builds/sorceress.blizzard.js into default.dbj
AutoBuild: Including build template config/builds/sorceress.blizzard.js into tools\autobuildthread.js
AutoBuild: Loaded helper thread
AutoBuild: Including build template config/builds/sorceress.blizzard.js into tools\party.js
AutoBuild: Including build template config/builds/sorceress.blizzard.js into tools\toolsthread.js
AutoBuild: Including build template config/builds/sorceress.blizzard.js into default.dbj
AutoBuild: Including build template config/builds/sorceress.blizzard.js into tools\autobuildthread.js
AutoBuild: Loaded helper thread
AutoBuild: Including build template config/builds/sorceress.blizzard.js into tools\party.js
AutoBuild: Including build template config/builds/sorceress.blizzard.js into tools\toolsthread.js
AutoBuild: Including build template config/builds/sorceress.blizzard.js into default.dbj
AutoBuild: Including build template config/builds/sorceress.blizzard.js into tools\autobuildthread.js
AutoBuild: Loaded helper thread
AutoBuild: Including build template config/builds/sorceress.blizzard.js into tools\party.js
AutoBuild: Including build template config/builds/sorceress.blizzard.js into tools\toolsthread.js
AutoBuild: Including build template config/builds/sorceress.blizzard.js into default.dbj
AutoBuild: Including build template config/builds/sorceress.blizzard.js into tools\autobuildthread.js
AutoBuild: Loaded helper thread
AutoBuild: Including build template config/builds/sorceress.blizzard.js into tools\party.js
AutoBuild: Including build template config/builds/sorceress.blizzard.js into tools\toolsthread.js
AutoBuild: Including build template config/builds/sorceress.blizzard.js into default.dbj
AutoBuild: Including build template config/builds/sorceress.blizzard.js into tools\autobuildthread.js
AutoBuild: Loaded helper thread
AutoBuild: Including build template config/builds/sorceress.blizzard.js into tools\party.js
AutoBuild: Including build template config/builds/sorceress.blizzard.js into tools\toolsthread.js
AutoBuild: Including build template config/builds/sorceress.blizzard.js into default.dbj
AutoBuild: Including build template config/builds/sorceress.blizzard.js into tools\autobuildthread.js
AutoBuild: Loaded helper thread
AutoBuild: Including build template config/builds/sorceress.blizzard.js into tools\party.js
AutoBuild: Including build template config/builds/sorceress.blizzard.js into tools\toolsthread.js
AutoBuild: Including build template config/builds/sorceress.blizzard.js into default.dbj
AutoBuild: Including build template config/builds/sorceress.blizzard.js into tools\autobuildthread.js
AutoBuild: Loaded helper thread
AutoBuild: Including build template config/builds/sorceress.blizzard.js into tools\party.js
AutoBuild: Including build template config/builds/sorceress.blizzard.js into tools\toolsthread.js
AutoBuild: Including build template config/builds/sorceress.blizzard.js into default.dbj
AutoBuild: Including build template config/builds/sorceress.blizzard.js into tools\autobuildthread.js
AutoBuild: Loaded helper thread
AutoBuild: Including build template config/builds/sorceress.blizzard.js into tools\party.js
AutoBuild: Including build template config/builds/sorceress.blizzard.js into tools\toolsthread.js
AutoBuild: Including build template config/builds/sorceress.blizzard.js into default.dbj
AutoBuild: Including build template config/builds/sorceress.blizzard.js into tools\autobuildthread.js
AutoBuild: Loaded helper thread
AutoBuild: Including build template config/builds/sorceress.blizzard.js into tools\party.js
AutoBuild: Including build template config/builds/sorceress.blizzard.js into tools\toolsthread.js
AutoBuild: Including build template config/builds/sorceress.blizzard.js into default.dbj
AutoBuild: Including build template config/builds/sorceress.blizzard.js into tools\autobuildthread.js
AutoBuild: Loaded helper thread
AutoBuild: Including build template config/builds/sorceress.blizzard.js into tools\party.js
AutoBuild: Including build template config/builds/sorceress.blizzard.js into tools\toolsthread.js
AutoBuild: Stat points: 15      Skill points: 1
AutoBuild: Level up detected ( 86 --> 87 )
AutoBuild: useSkillPoint(): Ice Blast (45)
AutoBuild: Attempt to spend skill point 1 in Ice Blast (45) may have failed!
AutoBuild: useStatPoint(0): Strength
AutoBuild: Stat (1/5) Increased Strength from 95 to 96
AutoBuild: useStatPoint(1): Energy
AutoBuild: Attempt to spend point 2 in Energy may have failed!
AutoBuild: useStatPoint(1): Energy
AutoBuild: Stat (3/5) Increased Energy from 216 to 217
AutoBuild: useStatPoint(3): Vitality
AutoBuild: Stat (4/5) Increased Vitality from 202 to 203
AutoBuild: useStatPoint(3): Vitality
AutoBuild: Stat (5/5) Increased Vitality from 203 to 204
AutoBuild: Updating Config from level 86 to 87
AutoBuild: Incrementing cached character level to 87
AutoBuild: Including build template config/builds/sorceress.blizzard.js into default.dbj
AutoBuild: Including build template config/builds/sorceress.blizzard.js into tools\autobuildthread.js
AutoBuild: Loaded helper thread
AutoBuild: Including build template config/builds/sorceress.blizzard.js into tools\party.js
AutoBuild: Including build template config/builds/sorceress.blizzard.js into tools\toolsthread.js
AutoBuild: Including build template config/builds/sorceress.blizzard.js into default.dbj
AutoBuild: Including build template config/builds/sorceress.blizzard.js into tools\autobuildthread.js
AutoBuild: Loaded helper thread
AutoBuild: Including build template config/builds/sorceress.blizzard.js into tools\party.js
AutoBuild: Including build template config/builds/sorceress.blizzard.js into tools\toolsthread.js
AutoBuild: Including build template config/builds/sorceress.blizzard.js into default.dbj
AutoBuild: Including build template config/builds/sorceress.blizzard.js into tools\autobuildthread.js
AutoBuild: Loaded helper thread
AutoBuild: Including build template config/builds/sorceress.blizzard.js into tools\party.js
AutoBuild: Including build template config/builds/sorceress.blizzard.js into tools\toolsthread.js
AutoBuild: Including build template config/builds/sorceress.blizzard.js into default.dbj
AutoBuild: Including build template config/builds/sorceress.blizzard.js into tools\autobuildthread.js
AutoBuild: Loaded helper thread
AutoBuild: Including build template config/builds/sorceress.blizzard.js into tools\party.js
AutoBuild: Including build template config/builds/sorceress.blizzard.js into tools\toolsthread.js
AutoBuild: Including build template config/builds/sorceress.blizzard.js into default.dbj
AutoBuild: Including build template config/builds/sorceress.blizzard.js into tools\autobuildthread.js
AutoBuild: Loaded helper thread
AutoBuild: Including build template config/builds/sorceress.blizzard.js into tools\party.js
AutoBuild: Including build template config/builds/sorceress.blizzard.js into tools\toolsthread.js
AutoBuild: Including build template config/builds/sorceress.blizzard.js into default.dbj
AutoBuild: Including build template config/builds/sorceress.blizzard.js into tools\autobuildthread.js
AutoBuild: Loaded helper thread
AutoBuild: Including build template config/builds/sorceress.blizzard.js into tools\party.js
AutoBuild: Including build template config/builds/sorceress.blizzard.js into tools\toolsthread.js
AutoBuild: Including build template config/builds/sorceress.blizzard.js into default.dbj
AutoBuild: Including build template config/builds/sorceress.blizzard.js into tools\autobuildthread.js
AutoBuild: Loaded helper thread
AutoBuild: Including build template config/builds/sorceress.blizzard.js into tools\party.js
AutoBuild: Including build template config/builds/sorceress.blizzard.js into tools\toolsthread.js
AutoBuild: Including build template config/builds/sorceress.blizzard.js into default.dbj
AutoBuild: Including build template config/builds/sorceress.blizzard.js into tools\autobuildthread.js
AutoBuild: Loaded helper thread
AutoBuild: Including build template config/builds/sorceress.blizzard.js into tools\party.js
AutoBuild: Including build template config/builds/sorceress.blizzard.js into tools\toolsthread.js
AutoBuild: Including build template config/builds/sorceress.blizzard.js into default.dbj
AutoBuild: Including build template config/builds/sorceress.blizzard.js into tools\autobuildthread.js
AutoBuild: Loaded helper thread
AutoBuild: Including build template config/builds/sorceress.blizzard.js into tools\party.js
AutoBuild: Including build template config/builds/sorceress.blizzard.js into tools\toolsthread.js
AutoBuild: Including build template config/builds/sorceress.blizzard.js into default.dbj
AutoBuild: Including build template config/builds/sorceress.blizzard.js into tools\autobuildthread.js
AutoBuild: Loaded helper thread
AutoBuild: Including build template config/builds/sorceress.blizzard.js into tools\party.js
AutoBuild: Including build template config/builds/sorceress.blizzard.js into tools\toolsthread.js
AutoBuild: Including build template config/builds/sorceress.blizzard.js into default.dbj
AutoBuild: Including build template config/builds/sorceress.blizzard.js into tools\autobuildthread.js
AutoBuild: Loaded helper thread
AutoBuild: Including build template config/builds/sorceress.blizzard.js into tools\party.js
AutoBuild: Including build template config/builds/sorceress.blizzard.js into tools\toolsthread.js
AutoBuild: Including build template config/builds/sorceress.blizzard.js into default.dbj
AutoBuild: Including build template config/builds/sorceress.blizzard.js into tools\autobuildthread.js
AutoBuild: Loaded helper thread
AutoBuild: Including build template config/builds/sorceress.blizzard.js into tools\party.js
AutoBuild: Including build template config/builds/sorceress.blizzard.js into tools\toolsthread.js
AutoBuild: Including build template config/builds/sorceress.blizzard.js into default.dbj
AutoBuild: Including build template config/builds/sorceress.blizzard.js into tools\autobuildthread.js
AutoBuild: Loaded helper thread
AutoBuild: Including build template config/builds/sorceress.blizzard.js into tools\party.js
AutoBuild: Including build template config/builds/sorceress.blizzard.js into tools\toolsthread.js
AutoBuild: Including build template config/builds/sorceress.blizzard.js into default.dbj
AutoBuild: Including build template config/builds/sorceress.blizzard.js into tools\autobuildthread.js
AutoBuild: Loaded helper thread
AutoBuild: Including build template config/builds/sorceress.blizzard.js into tools\party.js
AutoBuild: Including build template config/builds/sorceress.blizzard.js into tools\toolsthread.js
AutoBuild: Including build template config/builds/sorceress.blizzard.js into default.dbj
AutoBuild: Including build template config/builds/sorceress.blizzard.js into tools\autobuildthread.js
AutoBuild: Loaded helper thread
AutoBuild: Including build template config/builds/sorceress.blizzard.js into tools\party.js
AutoBuild: Including build template config/builds/sorceress.blizzard.js into tools\toolsthread.js
AutoBuild: Including build template config/builds/sorceress.blizzard.js into default.dbj
AutoBuild: Including build template config/builds/sorceress.blizzard.js into tools\autobuildthread.js
AutoBuild: Loaded helper thread
AutoBuild: Including build template config/builds/sorceress.blizzard.js into tools\party.js
AutoBuild: Including build template config/builds/sorceress.blizzard.js into tools\toolsthread.js
AutoBuild: Including build template config/builds/sorceress.blizzard.js into default.dbj
AutoBuild: Including build template config/builds/sorceress.blizzard.js into tools\autobuildthread.js
AutoBuild: Loaded helper thread
AutoBuild: Including build template config/builds/sorceress.blizzard.js into tools\party.js
AutoBuild: Including build template config/builds/sorceress.blizzard.js into tools\toolsthread.js
AutoBuild: Including build template config/builds/sorceress.blizzard.js into default.dbj
AutoBuild: Including build template config/builds/sorceress.blizzard.js into tools\autobuildthread.js
AutoBuild: Loaded helper thread
AutoBuild: Including build template config/builds/sorceress.blizzard.js into tools\party.js
AutoBuild: Including build template config/builds/sorceress.blizzard.js into tools\toolsthread.js
AutoBuild: Including build template config/builds/sorceress.blizzard.js into default.dbj
AutoBuild: Including build template config/builds/sorceress.blizzard.js into tools\autobuildthread.js
AutoBuild: Loaded helper thread
AutoBuild: Including build template config/builds/sorceress.blizzard.js into tools\party.js
AutoBuild: Including build template config/builds/sorceress.blizzard.js into tools\toolsthread.js
AutoBuild: Including build template config/builds/sorceress.blizzard.js into default.dbj
AutoBuild: Including build template config/builds/sorceress.blizzard.js into tools\autobuildthread.js
AutoBuild: Loaded helper thread
AutoBuild: Including build template config/builds/sorceress.blizzard.js into tools\party.js
AutoBuild: Including build template config/builds/sorceress.blizzard.js into tools\toolsthread.js
AutoBuild: Including build template config/builds/sorceress.blizzard.js into default.dbj
AutoBuild: Including build template config/builds/sorceress.blizzard.js into tools\autobuildthread.js
AutoBuild: Loaded helper thread
AutoBuild: Including build template config/builds/sorceress.blizzard.js into tools\party.js
AutoBuild: Including build template config/builds/sorceress.blizzard.js into tools\toolsthread.js
AutoBuild: Including build template config/builds/sorceress.blizzard.js into default.dbj
AutoBuild: Including build template config/builds/sorceress.blizzard.js into tools\autobuildthread.js
AutoBuild: Loaded helper thread
AutoBuild: Including build template config/builds/sorceress.blizzard.js into tools\party.js
AutoBuild: Including build template config/builds/sorceress.blizzard.js into tools\toolsthread.js
AutoBuild: Including build template config/builds/sorceress.blizzard.js into default.dbj
AutoBuild: Including build template config/builds/sorceress.blizzard.js into tools\autobuildthread.js
AutoBuild: Loaded helper thread
AutoBuild: Including build template config/builds/sorceress.blizzard.js into tools\party.js
AutoBuild: Including build template config/builds/sorceress.blizzard.js into tools\toolsthread.js
AutoBuild: Including build template config/builds/sorceress.blizzard.js into default.dbj
AutoBuild: Including build template config/builds/sorceress.blizzard.js into tools\autobuildthread.js
AutoBuild: Loaded helper thread
AutoBuild: Including build template config/builds/sorceress.blizzard.js into tools\party.js
AutoBuild: Including build template config/builds/sorceress.blizzard.js into tools\toolsthread.js
AutoBuild: Including build template config/builds/sorceress.blizzard.js into default.dbj
AutoBuild: Including build template config/builds/sorceress.blizzard.js into tools\autobuildthread.js
AutoBuild: Loaded helper thread
AutoBuild: Including build template config/builds/sorceress.blizzard.js into tools\party.js
AutoBuild: Including build template config/builds/sorceress.blizzard.js into tools\toolsthread.js
AutoBuild: Including build template config/builds/sorceress.blizzard.js into default.dbj
AutoBuild: Including build template config/builds/sorceress.blizzard.js into tools\autobuildthread.js
AutoBuild: Loaded helper thread
AutoBuild: Including build template config/builds/sorceress.blizzard.js into tools\party.js
AutoBuild: Including build template config/builds/sorceress.blizzard.js into tools\toolsthread.js
AutoBuild: Including build template config/builds/sorceress.blizzard.js into default.dbj
AutoBuild: Including build template config/builds/sorceress.blizzard.js into tools\autobuildthread.js
AutoBuild: Loaded helper thread
AutoBuild: Including build template config/builds/sorceress.blizzard.js into tools\party.js
AutoBuild: Including build template config/builds/sorceress.blizzard.js into tools\toolsthread.js
AutoBuild: Including build template config/builds/sorceress.blizzard.js into default.dbj
AutoBuild: Including build template config/builds/sorceress.blizzard.js into tools\autobuildthread.js
AutoBuild: Loaded helper thread
AutoBuild: Including build template config/builds/sorceress.blizzard.js into tools\party.js
AutoBuild: Including build template config/builds/sorceress.blizzard.js into tools\toolsthread.js
AutoBuild: Including build template config/builds/sorceress.blizzard.js into default.dbj
AutoBuild: Including build template config/builds/sorceress.blizzard.js into tools\autobuildthread.js
AutoBuild: Loaded helper thread
AutoBuild: Including build template config/builds/sorceress.blizzard.js into tools\party.js
AutoBuild: Including build template config/builds/sorceress.blizzard.js into tools\toolsthread.js
AutoBuild: Including build template config/builds/sorceress.blizzard.js into default.dbj
AutoBuild: Including build template config/builds/sorceress.blizzard.js into tools\autobuildthread.js
AutoBuild: Loaded helper thread
AutoBuild: Including build template config/builds/sorceress.blizzard.js into tools\party.js
AutoBuild: Including build template config/builds/sorceress.blizzard.js into tools\toolsthread.js
AutoBuild: Including build template config/builds/sorceress.blizzard.js into default.dbj
AutoBuild: Including build template config/builds/sorceress.blizzard.js into tools\autobuildthread.js
AutoBuild: Loaded helper thread
AutoBuild: Including build template config/builds/sorceress.blizzard.js into tools\party.js
AutoBuild: Including build template config/builds/sorceress.blizzard.js into tools\toolsthread.js
AutoBuild: Including build template config/builds/sorceress.blizzard.js into default.dbj
AutoBuild: Including build template config/builds/sorceress.blizzard.js into tools\autobuildthread.js
AutoBuild: Loaded helper thread
AutoBuild: Including build template config/builds/sorceress.blizzard.js into tools\party.js
AutoBuild: Including build template config/builds/sorceress.blizzard.js into tools\toolsthread.js
AutoBuild: Including build template config/builds/sorceress.blizzard.js into default.dbj
AutoBuild: Including build template config/builds/sorceress.blizzard.js into tools\autobuildthread.js
AutoBuild: Loaded helper thread
AutoBuild: Including build template config/builds/sorceress.blizzard.js into tools\party.js
AutoBuild: Including build template config/builds/sorceress.blizzard.js into tools\toolsthread.js
AutoBuild: Including build template config/builds/sorceress.blizzard.js into default.dbj
AutoBuild: Including build template config/builds/sorceress.blizzard.js into tools\party.js
AutoBuild: Including build template config/builds/sorceress.blizzard.js into tools\toolsthread.js
