AutoBuild: Including build template config/builds/paladin.auradin.js into default.dbj
AutoBuild: Including build template config/builds/paladin.auradin.js into tools\autobuildthread.js
AutoBuild: Loaded helper thread
AutoBuild: Including build template config/builds/paladin.auradin.js into tools\party.js
AutoBuild: Including build template config/builds/paladin.auradin.js into tools\townchicken.js
AutoBuild: Including build template config/builds/paladin.auradin.js into tools\toolsthread.js
AutoBuild: Including build template config/builds/paladin.auradin.js into default.dbj
AutoBuild: Including build template config/builds/paladin.auradin.js into tools\autobuildthread.js
AutoBuild: Loaded helper thread
AutoBuild: Including build template config/builds/paladin.auradin.js into tools\party.js
AutoBuild: Including build template config/builds/paladin.auradin.js into tools\townchicken.js
AutoBuild: Including build template config/builds/paladin.auradin.js into tools\toolsthread.js
AutoBuild: Including build template config/builds/paladin.auradin.js into default.dbj
AutoBuild: Including build template config/builds/paladin.auradin.js into tools\autobuildthread.js
AutoBuild: Loaded helper thread
AutoBuild: Including build template config/builds/paladin.auradin.js into tools\party.js
AutoBuild: Including build template config/builds/paladin.auradin.js into tools\toolsthread.js
AutoBuild: Including build template config/builds/paladin.auradin.js into tools\townchicken.js
AutoBuild: Including build template config/builds/paladin.auradin.js into default.dbj
AutoBuild: Including build template config/builds/paladin.auradin.js into tools\autobuildthread.js
AutoBuild: Loaded helper thread
AutoBuild: Including build template config/builds/paladin.auradin.js into tools\party.js
AutoBuild: Including build template config/builds/paladin.auradin.js into tools\townchicken.js
AutoBuild: Including build template config/builds/paladin.auradin.js into tools\toolsthread.js
AutoBuild: Including build template config/builds/paladin.auradin.js into default.dbj
AutoBuild: Including build template config/builds/paladin.auradin.js into tools\autobuildthread.js
AutoBuild: Loaded helper thread
AutoBuild: Including build template config/builds/paladin.auradin.js into tools\party.js
AutoBuild: Including build template config/builds/paladin.auradin.js into tools\townchicken.js
AutoBuild: Including build template config/builds/paladin.auradin.js into tools\toolsthread.js
AutoBuild: Including build template config/builds/paladin.auradin.js into default.dbj
AutoBuild: Including build template config/builds/paladin.auradin.js into tools\autobuildthread.js
AutoBuild: Loaded helper thread
AutoBuild: Including build template config/builds/paladin.auradin.js into tools\party.js
AutoBuild: Including build template config/builds/paladin.auradin.js into tools\toolsthread.js
AutoBuild: Including build template config/builds/paladin.auradin.js into tools\townchicken.js
AutoBuild: Including build template config/builds/paladin.auradin.js into default.dbj
AutoBuild: Including build template config/builds/paladin.auradin.js into tools\autobuildthread.js
AutoBuild: Loaded helper thread
AutoBuild: Including build template config/builds/paladin.auradin.js into tools\party.js
AutoBuild: Including build template config/builds/paladin.auradin.js into tools\toolsthread.js
AutoBuild: Including build template config/builds/paladin.auradin.js into tools\townchicken.js
AutoBuild: Including build template config/builds/paladin.auradin.js into default.dbj
AutoBuild: Including build template config/builds/paladin.auradin.js into tools\autobuildthread.js
AutoBuild: Loaded helper thread
AutoBuild: Including build template config/builds/paladin.auradin.js into tools\party.js
AutoBuild: Including build template config/builds/paladin.auradin.js into tools\townchicken.js
AutoBuild: Including build template config/builds/paladin.auradin.js into tools\toolsthread.js
AutoBuild: Including build template config/builds/paladin.auradin.js into default.dbj
AutoBuild: Including build template config/builds/paladin.auradin.js into tools\autobuildthread.js
AutoBuild: Loaded helper thread
AutoBuild: Including build template config/builds/paladin.auradin.js into tools\party.js
AutoBuild: Including build template config/builds/paladin.auradin.js into tools\townchicken.js
AutoBuild: Including build template config/builds/paladin.auradin.js into tools\toolsthread.js
AutoBuild: Including build template config/builds/paladin.auradin.js into default.dbj
AutoBuild: Including build template config/builds/paladin.auradin.js into tools\autobuildthread.js
AutoBuild: Loaded helper thread
AutoBuild: Including build template config/builds/paladin.auradin.js into tools\party.js
AutoBuild: Including build template config/builds/paladin.auradin.js into tools\townchicken.js
AutoBuild: Including build template config/builds/paladin.auradin.js into tools\toolsthread.js
AutoBuild: Including build template config/builds/paladin.auradin.js into default.dbj
AutoBuild: Including build template config/builds/paladin.auradin.js into tools\autobuildthread.js
AutoBuild: Loaded helper thread
AutoBuild: Including build template config/builds/paladin.auradin.js into tools\party.js
AutoBuild: Including build template config/builds/paladin.auradin.js into tools\townchicken.js
AutoBuild: Including build template config/builds/paladin.auradin.js into tools\toolsthread.js
AutoBuild: Including build template config/builds/paladin.auradin.js into default.dbj
AutoBuild: Including build template config/builds/paladin.auradin.js into tools\autobuildthread.js
AutoBuild: Loaded helper thread
AutoBuild: Including build template config/builds/paladin.auradin.js into tools\party.js
AutoBuild: Including build template config/builds/paladin.auradin.js into tools\townchicken.js
AutoBuild: Including build template config/builds/paladin.auradin.js into tools\toolsthread.js
AutoBuild: Including build template config/builds/paladin.auradin.js into default.dbj
AutoBuild: Including build template config/builds/paladin.auradin.js into tools\autobuildthread.js
AutoBuild: Loaded helper thread
AutoBuild: Including build template config/builds/paladin.auradin.js into tools\party.js
AutoBuild: Including build template config/builds/paladin.auradin.js into tools\toolsthread.js
AutoBuild: Including build template config/builds/paladin.auradin.js into tools\townchicken.js
AutoBuild: Including build template config/builds/paladin.auradin.js into default.dbj
AutoBuild: Including build template config/builds/paladin.auradin.js into tools\autobuildthread.js
AutoBuild: Loaded helper thread
AutoBuild: Including build template config/builds/paladin.auradin.js into tools\party.js
AutoBuild: Including build template config/builds/paladin.auradin.js into tools\townchicken.js
AutoBuild: Including build template config/builds/paladin.auradin.js into tools\toolsthread.js
AutoBuild: Including build template config/builds/paladin.auradin.js into default.dbj
AutoBuild: Including build template config/builds/paladin.auradin.js into tools\autobuildthread.js
AutoBuild: Loaded helper thread
AutoBuild: Including build template config/builds/paladin.auradin.js into tools\toolsthread.js
AutoBuild: Including build template config/builds/paladin.auradin.js into tools\townchicken.js
AutoBuild: Including build template config/builds/paladin.auradin.js into tools\party.js
AutoBuild: Including build template config/builds/paladin.auradin.js into default.dbj
AutoBuild: Including build template config/builds/paladin.auradin.js into tools\autobuildthread.js
AutoBuild: Loaded helper thread
AutoBuild: Including build template config/builds/paladin.auradin.js into tools\party.js
AutoBuild: Including build template config/builds/paladin.auradin.js into tools\townchicken.js
AutoBuild: Including build template config/builds/paladin.auradin.js into tools\toolsthread.js
AutoBuild: Including build template config/builds/paladin.auradin.js into default.dbj
AutoBuild: Including build template config/builds/paladin.auradin.js into tools\autobuildthread.js
AutoBuild: Loaded helper thread
AutoBuild: Including build template config/builds/paladin.auradin.js into tools\party.js
AutoBuild: Including build template config/builds/paladin.auradin.js into tools\toolsthread.js
AutoBuild: Including build template config/builds/paladin.auradin.js into tools\townchicken.js
AutoBuild: Including build template config/builds/paladin.auradin.js into default.dbj
AutoBuild: Including build template config/builds/paladin.auradin.js into tools\autobuildthread.js
AutoBuild: Loaded helper thread
AutoBuild: Including build template config/builds/paladin.auradin.js into tools\party.js
AutoBuild: Including build template config/builds/paladin.auradin.js into tools\townchicken.js
AutoBuild: Including build template config/builds/paladin.auradin.js into tools\toolsthread.js
AutoBuild: Including build template config/builds/paladin.auradin.js into default.dbj
AutoBuild: Including build template config/builds/paladin.auradin.js into tools\autobuildthread.js
AutoBuild: Loaded helper thread
AutoBuild: Including build template config/builds/paladin.auradin.js into tools\party.js
AutoBuild: Including build template config/builds/paladin.auradin.js into tools\townchicken.js
AutoBuild: Including build template config/builds/paladin.auradin.js into tools\toolsthread.js
AutoBuild: Including build template config/builds/paladin.auradin.js into default.dbj
AutoBuild: Including build template config/builds/paladin.auradin.js into tools\autobuildthread.js
AutoBuild: Loaded helper thread
AutoBuild: Including build template config/builds/paladin.auradin.js into tools\party.js
AutoBuild: Including build template config/builds/paladin.auradin.js into tools\townchicken.js
AutoBuild: Including build template config/builds/paladin.auradin.js into tools\toolsthread.js
AutoBuild: Including build template config/builds/paladin.auradin.js into default.dbj
AutoBuild: Including build template config/builds/paladin.auradin.js into tools\autobuildthread.js
AutoBuild: Loaded helper thread
AutoBuild: Including build template config/builds/paladin.auradin.js into tools\party.js
AutoBuild: Including build template config/builds/paladin.auradin.js into tools\townchicken.js
AutoBuild: Including build template config/builds/paladin.auradin.js into tools\toolsthread.js
AutoBuild: Including build template config/builds/paladin.auradin.js into default.dbj
AutoBuild: Including build template config/builds/paladin.auradin.js into tools\autobuildthread.js
AutoBuild: Loaded helper thread
AutoBuild: Including build template config/builds/paladin.auradin.js into tools\party.js
AutoBuild: Including build template config/builds/paladin.auradin.js into tools\townchicken.js
AutoBuild: Including build template config/builds/paladin.auradin.js into tools\toolsthread.js
AutoBuild: Including build template config/builds/paladin.auradin.js into default.dbj
AutoBuild: Including build template config/builds/paladin.auradin.js into tools\autobuildthread.js
AutoBuild: Loaded helper thread
AutoBuild: Including build template config/builds/paladin.auradin.js into tools\party.js
AutoBuild: Including build template config/builds/paladin.auradin.js into tools\townchicken.js
AutoBuild: Including build template config/builds/paladin.auradin.js into tools\toolsthread.js
AutoBuild: Including build template config/builds/paladin.auradin.js into default.dbj
AutoBuild: Including build template config/builds/paladin.auradin.js into tools\autobuildthread.js
AutoBuild: Loaded helper thread
AutoBuild: Including build template config/builds/paladin.auradin.js into tools\party.js
AutoBuild: Including build template config/builds/paladin.auradin.js into tools\townchicken.js
AutoBuild: Including build template config/builds/paladin.auradin.js into tools\toolsthread.js
AutoBuild: Including build template config/builds/paladin.auradin.js into default.dbj
AutoBuild: Including build template config/builds/paladin.auradin.js into tools\autobuildthread.js
AutoBuild: Loaded helper thread
AutoBuild: Including build template config/builds/paladin.auradin.js into tools\party.js
AutoBuild: Including build template config/builds/paladin.auradin.js into tools\townchicken.js
AutoBuild: Including build template config/builds/paladin.auradin.js into tools\toolsthread.js
AutoBuild: Including build template config/builds/paladin.auradin.js into default.dbj
AutoBuild: Including build template config/builds/paladin.auradin.js into tools\autobuildthread.js
AutoBuild: Loaded helper thread
AutoBuild: Including build template config/builds/paladin.auradin.js into tools\party.js
AutoBuild: Including build template config/builds/paladin.auradin.js into tools\townchicken.js
AutoBuild: Including build template config/builds/paladin.auradin.js into tools\toolsthread.js
AutoBuild: Including build template config/builds/paladin.auradin.js into default.dbj
AutoBuild: Including build template config/builds/paladin.auradin.js into tools\autobuildthread.js
AutoBuild: Loaded helper thread
AutoBuild: Including build template config/builds/paladin.auradin.js into tools\party.js
AutoBuild: Including build template config/builds/paladin.auradin.js into tools\townchicken.js
AutoBuild: Including build template config/builds/paladin.auradin.js into tools\toolsthread.js
AutoBuild: Including build template config/builds/paladin.auradin.js into default.dbj
AutoBuild: Including build template config/builds/paladin.auradin.js into tools\autobuildthread.js
AutoBuild: Loaded helper thread
AutoBuild: Including build template config/builds/paladin.auradin.js into tools\party.js
AutoBuild: Including build template config/builds/paladin.auradin.js into tools\townchicken.js
AutoBuild: Including build template config/builds/paladin.auradin.js into tools\toolsthread.js
AutoBuild: Including build template config/builds/paladin.auradin.js into default.dbj
AutoBuild: Including build template config/builds/paladin.auradin.js into tools\autobuildthread.js
AutoBuild: Loaded helper thread
AutoBuild: Including build template config/builds/paladin.auradin.js into tools\party.js
AutoBuild: Including build template config/builds/paladin.auradin.js into tools\townchicken.js
AutoBuild: Including build template config/builds/paladin.auradin.js into tools\toolsthread.js
AutoBuild: Including build template config/builds/paladin.auradin.js into default.dbj
AutoBuild: Including build template config/builds/paladin.auradin.js into tools\autobuildthread.js
AutoBuild: Loaded helper thread
AutoBuild: Including build template config/builds/paladin.auradin.js into tools\party.js
AutoBuild: Including build template config/builds/paladin.auradin.js into tools\townchicken.js
AutoBuild: Including build template config/builds/paladin.auradin.js into tools\toolsthread.js
AutoBuild: Including build template config/builds/paladin.auradin.js into default.dbj
AutoBuild: Including build template config/builds/paladin.auradin.js into tools\autobuildthread.js
AutoBuild: Loaded helper thread
AutoBuild: Including build template config/builds/paladin.auradin.js into tools\party.js
AutoBuild: Including build template config/builds/paladin.auradin.js into tools\townchicken.js
AutoBuild: Including build template config/builds/paladin.auradin.js into tools\toolsthread.js
AutoBuild: Including build template config/builds/paladin.auradin.js into default.dbj
AutoBuild: Including build template config/builds/paladin.auradin.js into tools\autobuildthread.js
AutoBuild: Loaded helper thread
AutoBuild: Including build template config/builds/paladin.auradin.js into tools\party.js
AutoBuild: Including build template config/builds/paladin.auradin.js into tools\townchicken.js
AutoBuild: Including build template config/builds/paladin.auradin.js into tools\toolsthread.js
AutoBuild: Including build template config/builds/paladin.auradin.js into default.dbj
AutoBuild: Including build template config/builds/paladin.auradin.js into tools\autobuildthread.js
AutoBuild: Loaded helper thread
AutoBuild: Including build template config/builds/paladin.auradin.js into tools\party.js
AutoBuild: Including build template config/builds/paladin.auradin.js into tools\townchicken.js
AutoBuild: Including build template config/builds/paladin.auradin.js into tools\toolsthread.js
AutoBuild: Including build template config/builds/paladin.auradin.js into default.dbj
AutoBuild: Including build template config/builds/paladin.auradin.js into tools\autobuildthread.js
AutoBuild: Loaded helper thread
AutoBuild: Including build template config/builds/paladin.auradin.js into tools\party.js
AutoBuild: Including build template config/builds/paladin.auradin.js into tools\townchicken.js
AutoBuild: Including build template config/builds/paladin.auradin.js into tools\toolsthread.js
AutoBuild: Including build template config/builds/paladin.auradin.js into default.dbj
AutoBuild: Including build template config/builds/paladin.auradin.js into tools\autobuildthread.js
AutoBuild: Loaded helper thread
AutoBuild: Including build template config/builds/paladin.auradin.js into tools\party.js
AutoBuild: Including build template config/builds/paladin.auradin.js into tools\toolsthread.js
AutoBuild: Including build template config/builds/paladin.auradin.js into tools\townchicken.js
AutoBuild: Including build template config/builds/paladin.auradin.js into default.dbj
AutoBuild: Including build template config/builds/paladin.auradin.js into tools\autobuildthread.js
AutoBuild: Loaded helper thread
AutoBuild: Including build template config/builds/paladin.auradin.js into tools\party.js
AutoBuild: Including build template config/builds/paladin.auradin.js into tools\townchicken.js
AutoBuild: Including build template config/builds/paladin.auradin.js into tools\toolsthread.js
AutoBuild: Including build template config/builds/paladin.auradin.js into default.dbj
AutoBuild: Including build template config/builds/paladin.auradin.js into tools\autobuildthread.js
AutoBuild: Loaded helper thread
AutoBuild: Including build template config/builds/paladin.auradin.js into tools\party.js
AutoBuild: Including build template config/builds/paladin.auradin.js into tools\toolsthread.js
AutoBuild: Including build template config/builds/paladin.auradin.js into tools\townchicken.js
AutoBuild: Including build template config/builds/paladin.auradin.js into default.dbj
AutoBuild: Including build template config/builds/paladin.auradin.js into tools\autobuildthread.js
AutoBuild: Loaded helper thread
AutoBuild: Including build template config/builds/paladin.auradin.js into tools\party.js
AutoBuild: Including build template config/builds/paladin.auradin.js into tools\townchicken.js
AutoBuild: Including build template config/builds/paladin.auradin.js into tools\toolsthread.js
AutoBuild: Including build template config/builds/paladin.auradin.js into default.dbj
AutoBuild: Including build template config/builds/paladin.auradin.js into tools\autobuildthread.js
AutoBuild: Loaded helper thread
AutoBuild: Including build template config/builds/paladin.auradin.js into tools\party.js
AutoBuild: Including build template config/builds/paladin.auradin.js into tools\toolsthread.js
AutoBuild: Including build template config/builds/paladin.auradin.js into tools\townchicken.js
AutoBuild: Including build template config/builds/paladin.auradin.js into default.dbj
AutoBuild: Including build template config/builds/paladin.auradin.js into tools\autobuildthread.js
AutoBuild: Loaded helper thread
AutoBuild: Including build template config/builds/paladin.auradin.js into tools\party.js
AutoBuild: Including build template config/builds/paladin.auradin.js into tools\townchicken.js
AutoBuild: Including build template config/builds/paladin.auradin.js into tools\toolsthread.js
AutoBuild: Including build template config/builds/paladin.auradin.js into default.dbj
AutoBuild: Including build template config/builds/paladin.auradin.js into tools\autobuildthread.js
AutoBuild: Loaded helper thread
AutoBuild: Including build template config/builds/paladin.auradin.js into tools\party.js
AutoBuild: Including build template config/builds/paladin.auradin.js into tools\townchicken.js
AutoBuild: Including build template config/builds/paladin.auradin.js into tools\toolsthread.js
AutoBuild: Including build template config/builds/paladin.auradin.js into default.dbj
AutoBuild: Including build template config/builds/paladin.auradin.js into tools\autobuildthread.js
AutoBuild: Loaded helper thread
AutoBuild: Including build template config/builds/paladin.auradin.js into tools\party.js
AutoBuild: Including build template config/builds/paladin.auradin.js into tools\townchicken.js
AutoBuild: Including build template config/builds/paladin.auradin.js into tools\toolsthread.js
AutoBuild: Including build template config/builds/paladin.auradin.js into default.dbj
AutoBuild: Including build template config/builds/paladin.auradin.js into tools\autobuildthread.js
AutoBuild: Loaded helper thread
AutoBuild: Including build template config/builds/paladin.auradin.js into tools\party.js
AutoBuild: Including build template config/builds/paladin.auradin.js into tools\townchicken.js
AutoBuild: Including build template config/builds/paladin.auradin.js into tools\toolsthread.js
AutoBuild: Including build template config/builds/paladin.auradin.js into default.dbj
AutoBuild: Including build template config/builds/paladin.auradin.js into tools\autobuildthread.js
AutoBuild: Loaded helper thread
AutoBuild: Including build template config/builds/paladin.auradin.js into tools\party.js
AutoBuild: Including build template config/builds/paladin.auradin.js into tools\toolsthread.js
AutoBuild: Including build template config/builds/paladin.auradin.js into tools\townchicken.js
AutoBuild: Including build template config/builds/paladin.auradin.js into default.dbj
AutoBuild: Including build template config/builds/paladin.auradin.js into tools\autobuildthread.js
AutoBuild: Loaded helper thread
AutoBuild: Including build template config/builds/paladin.auradin.js into tools\party.js
AutoBuild: Including build template config/builds/paladin.auradin.js into tools\toolsthread.js
AutoBuild: Including build template config/builds/paladin.auradin.js into tools\townchicken.js
AutoBuild: Including build template config/builds/paladin.auradin.js into default.dbj
AutoBuild: Including build template config/builds/paladin.auradin.js into tools\autobuildthread.js
AutoBuild: Loaded helper thread
AutoBuild: Including build template config/builds/paladin.auradin.js into tools\party.js
AutoBuild: Including build template config/builds/paladin.auradin.js into tools\townchicken.js
AutoBuild: Including build template config/builds/paladin.auradin.js into tools\toolsthread.js
AutoBuild: Including build template config/builds/paladin.auradin.js into default.dbj
AutoBuild: Including build template config/builds/paladin.auradin.js into tools\autobuildthread.js
AutoBuild: Loaded helper thread
AutoBuild: Including build template config/builds/paladin.auradin.js into tools\party.js
AutoBuild: Including build template config/builds/paladin.auradin.js into tools\townchicken.js
AutoBuild: Including build template config/builds/paladin.auradin.js into tools\toolsthread.js
AutoBuild: Stat points: 20      Skill points: 8
AutoBuild: Level up detected ( 86 --> 87 )
AutoBuild: useSkillPoint(): Smite (97)
AutoBuild: Skill (1/1) Increased Smite (97) by one (level:  14)
AutoBuild: useStatPoint(0): Strength
AutoBuild: Stat (1/5) Increased Strength from 110 to 111
AutoBuild: useStatPoint(2): Dexterity
AutoBuild: Attempt to spend point 2 in Dexterity may have failed!
AutoBuild: useStatPoint(3): Vitality
AutoBuild: Stat (3/5) Increased Vitality from 280 to 281
AutoBuild: useStatPoint(3): Vitality
AutoBuild: Stat (4/5) Increased Vitality from 281 to 282
AutoBuild: useStatPoint(3): Vitality
AutoBuild: Stat (5/5) Increased Vitality from 282 to 283
AutoBuild: Updating Config from level 86 to 87
AutoBuild: Incrementing cached character level to 87
AutoBuild: Including build template config/builds/paladin.auradin.js into default.dbj
AutoBuild: Including build template config/builds/paladin.auradin.js into tools\autobuildthread.js
AutoBuild: Loaded helper thread
AutoBuild: Including build template config/builds/paladin.auradin.js into tools\party.js
AutoBuild: Including build template config/builds/paladin.auradin.js into tools\townchicken.js
AutoBuild: Including build template config/builds/paladin.auradin.js into tools\toolsthread.js
AutoBuild: Including build template config/builds/paladin.auradin.js into default.dbj
AutoBuild: Including build template config/builds/paladin.auradin.js into tools\autobuildthread.js
AutoBuild: Loaded helper thread
AutoBuild: Including build template config/builds/paladin.auradin.js into tools\party.js
AutoBuild: Including build template config/builds/paladin.auradin.js into tools\townchicken.js
AutoBuild: Including build template config/builds/paladin.auradin.js into tools\toolsthread.js
AutoBuild: Including build template config/builds/paladin.auradin.js into default.dbj
AutoBuild: Including build template config/builds/paladin.auradin.js into tools\autobuildthread.js
AutoBuild: Loaded helper thread
AutoBuild: Including build template config/builds/paladin.auradin.js into tools\party.js
AutoBuild: Including build template config/builds/paladin.auradin.js into tools\townchicken.js
AutoBuild: Including build template config/builds/paladin.auradin.js into tools\toolsthread.js
AutoBuild: Including build template config/builds/paladin.auradin.js into default.dbj
AutoBuild: Including build template config/builds/paladin.auradin.js into tools\autobuildthread.js
AutoBuild: Loaded helper thread
AutoBuild: Including build template config/builds/paladin.auradin.js into tools\party.js
AutoBuild: Including build template config/builds/paladin.auradin.js into tools\toolsthread.js
AutoBuild: Including build template config/builds/paladin.auradin.js into tools\townchicken.js
AutoBuild: Including build template config/builds/paladin.auradin.js into default.dbj
AutoBuild: Including build template config/builds/paladin.auradin.js into tools\autobuildthread.js
AutoBuild: Loaded helper thread
AutoBuild: Including build template config/builds/paladin.auradin.js into tools\party.js
AutoBuild: Including build template config/builds/paladin.auradin.js into tools\townchicken.js
AutoBuild: Including build template config/builds/paladin.auradin.js into tools\toolsthread.js
AutoBuild: Including build template config/builds/paladin.auradin.js into default.dbj
AutoBuild: Including build template config/builds/paladin.auradin.js into tools\autobuildthread.js
AutoBuild: Loaded helper thread
AutoBuild: Including build template config/builds/paladin.auradin.js into tools\party.js
AutoBuild: Including build template config/builds/paladin.auradin.js into tools\townchicken.js
AutoBuild: Including build template config/builds/paladin.auradin.js into tools\toolsthread.js
AutoBuild: Including build template config/builds/paladin.auradin.js into default.dbj
AutoBuild: Including build template config/builds/paladin.auradin.js into tools\autobuildthread.js
AutoBuild: Loaded helper thread
AutoBuild: Including build template config/builds/paladin.auradin.js into tools\party.js
AutoBuild: Including build template config/builds/paladin.auradin.js into tools\townchicken.js
AutoBuild: Including build template config/builds/paladin.auradin.js into tools\toolsthread.js
AutoBuild: Including build template config/builds/paladin.auradin.js into default.dbj
AutoBuild: Including build template config/builds/paladin.auradin.js into tools\autobuildthread.js
AutoBuild: Loaded helper thread
AutoBuild: Including build template config/builds/paladin.auradin.js into tools\party.js
AutoBuild: Including build template config/builds/paladin.auradin.js into tools\townchicken.js
AutoBuild: Including build template config/builds/paladin.auradin.js into tools\toolsthread.js
AutoBuild: Including build template config/builds/paladin.auradin.js into default.dbj
AutoBuild: Including build template config/builds/paladin.auradin.js into tools\autobuildthread.js
AutoBuild: Loaded helper thread
AutoBuild: Including build template config/builds/paladin.auradin.js into tools\party.js
AutoBuild: Including build template config/builds/paladin.auradin.js into tools\townchicken.js
AutoBuild: Including build template config/builds/paladin.auradin.js into tools\toolsthread.js
AutoBuild: Including build template config/builds/paladin.auradin.js into default.dbj
AutoBuild: Including build template config/builds/paladin.auradin.js into tools\autobuildthread.js
AutoBuild: Loaded helper thread
AutoBuild: Including build template config/builds/paladin.auradin.js into tools\party.js
AutoBuild: Including build template config/builds/paladin.auradin.js into tools\townchicken.js
AutoBuild: Including build template config/builds/paladin.auradin.js into tools\toolsthread.js
AutoBuild: Including build template config/builds/paladin.auradin.js into default.dbj
AutoBuild: Including build template config/builds/paladin.auradin.js into tools\autobuildthread.js
AutoBuild: Loaded helper thread
AutoBuild: Including build template config/builds/paladin.auradin.js into tools\party.js
AutoBuild: Including build template config/builds/paladin.auradin.js into tools\townchicken.js
AutoBuild: Including build template config/builds/paladin.auradin.js into tools\toolsthread.js
AutoBuild: Including build template config/builds/paladin.auradin.js into default.dbj
AutoBuild: Including build template config/builds/paladin.auradin.js into tools\autobuildthread.js
AutoBuild: Loaded helper thread
AutoBuild: Including build template config/builds/paladin.auradin.js into tools\party.js
AutoBuild: Including build template config/builds/paladin.auradin.js into tools\townchicken.js
AutoBuild: Including build template config/builds/paladin.auradin.js into tools\toolsthread.js
AutoBuild: Including build template config/builds/paladin.auradin.js into default.dbj
AutoBuild: Including build template config/builds/paladin.auradin.js into tools\autobuildthread.js
AutoBuild: Loaded helper thread
AutoBuild: Including build template config/builds/paladin.auradin.js into tools\party.js
AutoBuild: Including build template config/builds/paladin.auradin.js into tools\townchicken.js
AutoBuild: Including build template config/builds/paladin.auradin.js into tools\toolsthread.js
AutoBuild: Including build template config/builds/paladin.auradin.js into default.dbj
AutoBuild: Including build template config/builds/paladin.auradin.js into tools\autobuildthread.js
AutoBuild: Loaded helper thread
AutoBuild: Including build template config/builds/paladin.auradin.js into tools\party.js
AutoBuild: Including build template config/builds/paladin.auradin.js into tools\townchicken.js
AutoBuild: Including build template config/builds/paladin.auradin.js into tools\toolsthread.js
AutoBuild: Including build template config/builds/paladin.auradin.js into default.dbj
AutoBuild: Including build template config/builds/paladin.auradin.js into tools\autobuildthread.js
AutoBuild: Loaded helper thread
AutoBuild: Including build template config/builds/paladin.auradin.js into tools\party.js
AutoBuild: Including build template config/builds/paladin.auradin.js into tools\townchicken.js
AutoBuild: Including build template config/builds/paladin.auradin.js into tools\toolsthread.js
AutoBuild: Including build template config/builds/paladin.auradin.js into default.dbj
AutoBuild: Including build template config/builds/paladin.auradin.js into tools\autobuildthread.js
AutoBuild: Loaded helper thread
AutoBuild: Including build template config/builds/paladin.auradin.js into tools\party.js
AutoBuild: Including build template config/builds/paladin.auradin.js into tools\toolsthread.js
AutoBuild: Including build template config/builds/paladin.auradin.js into tools\townchicken.js
AutoBuild: Including build template config/builds/paladin.auradin.js into default.dbj
AutoBuild: Including build template config/builds/paladin.auradin.js into tools\autobuildthread.js
AutoBuild: Loaded helper thread
AutoBuild: Including build template config/builds/paladin.auradin.js into tools\party.js
AutoBuild: Including build template config/builds/paladin.auradin.js into tools\townchicken.js
AutoBuild: Including build template config/builds/paladin.auradin.js into tools\toolsthread.js
AutoBuild: Including build template config/builds/paladin.auradin.js into default.dbj
AutoBuild: Including build template config/builds/paladin.auradin.js into tools\autobuildthread.js
AutoBuild: Loaded helper thread
AutoBuild: Including build template config/builds/paladin.auradin.js into tools\party.js
AutoBuild: Including build template config/builds/paladin.auradin.js into tools\townchicken.js
AutoBuild: Including build template config/builds/paladin.auradin.js into tools\toolsthread.js
AutoBuild: Including build template config/builds/paladin.auradin.js into default.dbj
AutoBuild: Including build template config/builds/paladin.auradin.js into tools\autobuildthread.js
AutoBuild: Loaded helper thread
AutoBuild: Including build template config/builds/paladin.auradin.js into tools\party.js
AutoBuild: Including build template config/builds/paladin.auradin.js into tools\townchicken.js
AutoBuild: Including build template config/builds/paladin.auradin.js into tools\toolsthread.js
AutoBuild: Including build template config/builds/paladin.auradin.js into default.dbj
AutoBuild: Including build template config/builds/paladin.auradin.js into tools\autobuildthread.js
AutoBuild: Loaded helper thread
AutoBuild: Including build template config/builds/paladin.auradin.js into tools\party.js
AutoBuild: Including build template config/builds/paladin.auradin.js into tools\townchicken.js
AutoBuild: Including build template config/builds/paladin.auradin.js into tools\toolsthread.js
AutoBuild: Including build template config/builds/paladin.auradin.js into default.dbj
AutoBuild: Including build template config/builds/paladin.auradin.js into tools\autobuildthread.js
AutoBuild: Loaded helper thread
AutoBuild: Including build template config/builds/paladin.auradin.js into tools\party.js
AutoBuild: Including build template config/builds/paladin.auradin.js into tools\townchicken.js
AutoBuild: Including build template config/builds/paladin.auradin.js into tools\toolsthread.js
AutoBuild: Including build template config/builds/paladin.auradin.js into default.dbj
AutoBuild: Including build template config/builds/paladin.auradin.js into tools\autobuildthread.js
AutoBuild: Loaded helper thread
AutoBuild: Including build template config/builds/paladin.auradin.js into tools\party.js
AutoBuild: Including build template config/builds/paladin.auradin.js into tools\townchicken.js
AutoBuild: Including build template config/builds/paladin.auradin.js into tools\toolsthread.js
AutoBuild: Including build template config/builds/paladin.auradin.js into default.dbj
AutoBuild: Including build template config/builds/paladin.auradin.js into tools\autobuildthread.js
AutoBuild: Loaded helper thread
AutoBuild: Including build template config/builds/paladin.auradin.js into tools\party.js
AutoBuild: Including build template config/builds/paladin.auradin.js into tools\toolsthread.js
AutoBuild: Including build template config/builds/paladin.auradin.js into tools\townchicken.js
AutoBuild: Including build template config/builds/paladin.auradin.js into default.dbj
AutoBuild: Including build template config/builds/paladin.auradin.js into tools\autobuildthread.js
AutoBuild: Loaded helper thread
AutoBuild: Including build template config/builds/paladin.auradin.js into tools\party.js
AutoBuild: Including build template config/builds/paladin.auradin.js into tools\townchicken.js
AutoBuild: Including build template config/builds/paladin.auradin.js into tools\toolsthread.js
AutoBuild: Including build template config/builds/paladin.auradin.js into default.dbj
AutoBuild: Including build template config/builds/paladin.auradin.js into tools\autobuildthread.js
AutoBuild: Loaded helper thread
AutoBuild: Including build template config/builds/paladin.auradin.js into tools\party.js
AutoBuild: Including build template config/builds/paladin.auradin.js into tools\toolsthread.js
AutoBuild: Including build template config/builds/paladin.auradin.js into tools\townchicken.js
AutoBuild: Including build template config/builds/paladin.auradin.js into default.dbj
AutoBuild: Including build template config/builds/paladin.auradin.js into tools\autobuildthread.js
AutoBuild: Loaded helper thread
AutoBuild: Including build template config/builds/paladin.auradin.js into tools\party.js
AutoBuild: Including build template config/builds/paladin.auradin.js into tools\townchicken.js
AutoBuild: Including build template config/builds/paladin.auradin.js into tools\toolsthread.js
AutoBuild: Including build template config/builds/paladin.auradin.js into default.dbj
AutoBuild: Including build template config/builds/paladin.auradin.js into tools\autobuildthread.js
AutoBuild: Loaded helper thread
AutoBuild: Including build template config/builds/paladin.auradin.js into tools\party.js
AutoBuild: Including build template config/builds/paladin.auradin.js into tools\toolsthread.js
AutoBuild: Including build template config/builds/paladin.auradin.js into tools\townchicken.js
AutoBuild: Including build template config/builds/paladin.auradin.js into default.dbj
AutoBuild: Including build template config/builds/paladin.auradin.js into tools\autobuildthread.js
AutoBuild: Loaded helper thread
AutoBuild: Including build template config/builds/paladin.auradin.js into tools\party.js
AutoBuild: Including build template config/builds/paladin.auradin.js into tools\toolsthread.js
AutoBuild: Including build template config/builds/paladin.auradin.js into tools\townchicken.js
AutoBuild: Including build template config/builds/paladin.auradin.js into default.dbj
AutoBuild: Including build template config/builds/paladin.auradin.js into tools\autobuildthread.js
AutoBuild: Loaded helper thread
AutoBuild: Including build template config/builds/paladin.auradin.js into tools\party.js
AutoBuild: Including build template config/builds/paladin.auradin.js into tools\townchicken.js
AutoBuild: Including build template config/builds/paladin.auradin.js into tools\toolsthread.js
