AutoBuild: Including build template config/builds/paladin.hammerdin.js into default.dbj
AutoBuild: Including build template config/builds/paladin.hammerdin.js into tools\autobuildthread.js
AutoBuild: Loaded helper thread
AutoBuild: Including build template config/builds/paladin.hammerdin.js into tools\party.js
AutoBuild: Including build template config/builds/paladin.hammerdin.js into tools\toolsthread.js
AutoBuild: Including build template config/builds/paladin.hammerdin.js into default.dbj
AutoBuild: Including build template config/builds/paladin.hammerdin.js into tools\autobuildthread.js
AutoBuild: Loaded helper thread
AutoBuild: Including build template config/builds/paladin.hammerdin.js into tools\party.js
AutoBuild: Including build template config/builds/paladin.hammerdin.js into tools\toolsthread.js
AutoBuild: Including build template config/builds/paladin.hammerdin.js into default.dbj
AutoBuild: Including build template config/builds/paladin.hammerdin.js into tools\autobuildthread.js
AutoBuild: Loaded helper thread
AutoBuild: Including build template config/builds/paladin.hammerdin.js into tools\party.js
AutoBuild: Including build template config/builds/paladin.hammerdin.js into tools\toolsthread.js
AutoBuild: Including build template config/builds/paladin.hammerdin.js into default.dbj
AutoBuild: Including build template config/builds/paladin.hammerdin.js into tools\autobuildthread.js
AutoBuild: Loaded helper thread
AutoBuild: Including build template config/builds/paladin.hammerdin.js into tools\party.js
AutoBuild: Including build template config/builds/paladin.hammerdin.js into tools\toolsthread.js
AutoBuild: Including build template config/builds/paladin.hammerdin.js into default.dbj
AutoBuild: Including build template config/builds/paladin.hammerdin.js into tools\autobuildthread.js
AutoBuild: Loaded helper thread
AutoBuild: Including build template config/builds/paladin.hammerdin.js into tools\party.js
AutoBuild: Including build template config/builds/paladin.hammerdin.js into tools\toolsthread.js
AutoBuild: Including build template config/builds/paladin.hammerdin.js into default.dbj
AutoBuild: Including build template config/builds/paladin.hammerdin.js into tools\autobuildthread.js
AutoBuild: Loaded helper thread
AutoBuild: Including build template config/builds/paladin.hammerdin.js into tools\party.js
AutoBuild: Including build template config/builds/paladin.hammerdin.js into tools\toolsthread.js
AutoBuild: Stat points: 10      Skill points: 4
AutoBuild: Level up detected ( 38 --> 39 )
AutoBuild: useSkillPoint(): Concentration (113)
AutoBuild: Skill (1/1) Increased Concentration (113) by one (level:  10)
AutoBuild: useStatPoint(0): Strength
AutoBuild: Stat (1/5) Increased Strength from 73 to 74
AutoBuild: useStatPoint(2): Dexterity
AutoBuild: Stat (2/5) Increased Dexterity from 67 to 68
AutoBuild: useStatPoint(3): Vitality
AutoBuild: Stat (3/5) Increased Vitality from 136 to 137
AutoBuild: useStatPoint(3): Vitality
AutoBuild: Stat (4/5) Increased Vitality from 137 to 138
AutoBuild: useStatPoint(3): Vitality
AutoBuild: Stat (5/5) Increased Vitality from 138 to 139
AutoBuild: Updating Config from level 38 to 39
AutoBuild: Incrementing cached character level to 39
AutoBuild: Including build template config/builds/paladin.hammerdin.js into default.dbj
AutoBuild: Including build template config/builds/paladin.hammerdin.js into tools\autobuildthread.js
AutoBuild: Loaded helper thread
AutoBuild: Including build template config/builds/paladin.hammerdin.js into tools\party.js
AutoBuild: Including build template config/builds/paladin.hammerdin.js into tools\toolsthread.js
AutoBuild: Including build template config/builds/paladin.hammerdin.js into default.dbj
AutoBuild: Including build template config/builds/paladin.hammerdin.js into tools\autobuildthread.js
AutoBuild: Loaded helper thread
AutoBuild: Including build template config/builds/paladin.hammerdin.js into tools\party.js
AutoBuild: Including build template config/builds/paladin.hammerdin.js into tools\toolsthread.js
AutoBuild: Stat points: 10      Skill points: 4
AutoBuild: Level up detected ( 39 --> 40 )
AutoBuild: useSkillPoint(): Concentration (113)
AutoBuild: Skill (1/1) Increased Concentration (113) by one (level:  11)
AutoBuild: useStatPoint(0): Strength
AutoBuild: Stat (1/5) Increased Strength from 74 to 75
AutoBuild: useStatPoint(2): Dexterity
AutoBuild: Stat (2/5) Increased Dexterity from 68 to 69
AutoBuild: useStatPoint(3): Vitality
AutoBuild: Stat (3/5) Increased Vitality from 139 to 140
AutoBuild: useStatPoint(3): Vitality
AutoBuild: Stat (4/5) Increased Vitality from 140 to 141
AutoBuild: useStatPoint(3): Vitality
AutoBuild: Stat (5/5) Increased Vitality from 141 to 142
AutoBuild: Updating Config from level 39 to 40
AutoBuild: Incrementing cached character level to 40
AutoBuild: Including build template config/builds/paladin.hammerdin.js into default.dbj
AutoBuild: Including build template config/builds/paladin.hammerdin.js into tools\autobuildthread.js
AutoBuild: Loaded helper thread
AutoBuild: Including build template config/builds/paladin.hammerdin.js into tools\party.js
AutoBuild: Including build template config/builds/paladin.hammerdin.js into tools\toolsthread.js
AutoBuild: Stat points: 10      Skill points: 4
AutoBuild: Level up detected ( 40 --> 41 )
AutoBuild: useSkillPoint(): Concentration (113)
AutoBuild: Skill (1/1) Increased Concentration (113) by one (level:  13)
AutoBuild: useStatPoint(0): Strength
AutoBuild: Stat (1/5) Increased Strength from 74 to 75
AutoBuild: useStatPoint(2): Dexterity
AutoBuild: Stat (2/5) Increased Dexterity from 69 to 70
AutoBuild: useStatPoint(3): Vitality
AutoBuild: Stat (3/5) Increased Vitality from 142 to 143
AutoBuild: useStatPoint(3): Vitality
AutoBuild: Stat (4/5) Increased Vitality from 143 to 144
AutoBuild: useStatPoint(3): Vitality
AutoBuild: Stat (5/5) Increased Vitality from 144 to 145
AutoBuild: Updating Config from level 40 to 41
AutoBuild: Incrementing cached character level to 41
