AutoBuild: Including build template config/builds/sorceress.lightning.js into default.dbj
AutoBuild: Including build template config/builds/sorceress.lightning.js into tools\autobuildthread.js
AutoBuild: Loaded helper thread
AutoBuild: Including build template config/builds/sorceress.lightning.js into tools\party.js
AutoBuild: Including build template config/builds/sorceress.lightning.js into tools\toolsthread.js
AutoBuild: Including build template config/builds/sorceress.lightning.js into default.dbj
AutoBuild: Including build template config/builds/sorceress.lightning.js into tools\autobuildthread.js
AutoBuild: Loaded helper thread
AutoBuild: Including build template config/builds/sorceress.lightning.js into tools\party.js
AutoBuild: Including build template config/builds/sorceress.lightning.js into tools\toolsthread.js
AutoBuild: Including build template config/builds/sorceress.lightning.js into default.dbj
AutoBuild: Including build template config/builds/sorceress.lightning.js into tools\autobuildthread.js
AutoBuild: Loaded helper thread
AutoBuild: Including build template config/builds/sorceress.lightning.js into tools\party.js
AutoBuild: Including build template config/builds/sorceress.lightning.js into tools\toolsthread.js
AutoBuild: Including build template config/builds/sorceress.lightning.js into default.dbj
AutoBuild: Including build template config/builds/sorceress.lightning.js into tools\autobuildthread.js
AutoBuild: Loaded helper thread
AutoBuild: Including build template config/builds/sorceress.lightning.js into tools\party.js
AutoBuild: Including build template config/builds/sorceress.lightning.js into tools\toolsthread.js
AutoBuild: Including build template config/builds/sorceress.lightning.js into default.dbj
AutoBuild: Including build template config/builds/sorceress.lightning.js into tools\autobuildthread.js
AutoBuild: Loaded helper thread
AutoBuild: Including build template config/builds/sorceress.lightning.js into tools\party.js
AutoBuild: Including build template config/builds/sorceress.lightning.js into tools\toolsthread.js
AutoBuild: Including build template config/builds/sorceress.lightning.js into default.dbj
AutoBuild: Including build template config/builds/sorceress.lightning.js into tools\autobuildthread.js
AutoBuild: Loaded helper thread
AutoBuild: Including build template config/builds/sorceress.lightning.js into tools\party.js
AutoBuild: Including build template config/builds/sorceress.lightning.js into tools\toolsthread.js
AutoBuild: Including build template config/builds/sorceress.lightning.js into default.dbj
AutoBuild: Including build template config/builds/sorceress.lightning.js into tools\autobuildthread.js
AutoBuild: Loaded helper thread
AutoBuild: Including build template config/builds/sorceress.lightning.js into tools\party.js
AutoBuild: Including build template config/builds/sorceress.lightning.js into tools\toolsthread.js
AutoBuild: Including build template config/builds/sorceress.lightning.js into default.dbj
AutoBuild: Including build template config/builds/sorceress.lightning.js into tools\autobuildthread.js
AutoBuild: Loaded helper thread
AutoBuild: Including build template config/builds/sorceress.lightning.js into tools\party.js
AutoBuild: Including build template config/builds/sorceress.lightning.js into tools\toolsthread.js
AutoBuild: Including build template config/builds/sorceress.lightning.js into default.dbj
AutoBuild: Including build template config/builds/sorceress.lightning.js into tools\autobuildthread.js
AutoBuild: Loaded helper thread
AutoBuild: Including build template config/builds/sorceress.lightning.js into tools\party.js
AutoBuild: Including build template config/builds/sorceress.lightning.js into tools\toolsthread.js
AutoBuild: Including build template config/builds/sorceress.lightning.js into default.dbj
AutoBuild: Including build template config/builds/sorceress.lightning.js into tools\autobuildthread.js
AutoBuild: Loaded helper thread
AutoBuild: Including build template config/builds/sorceress.lightning.js into tools\party.js
AutoBuild: Including build template config/builds/sorceress.lightning.js into tools\toolsthread.js
AutoBuild: Including build template config/builds/sorceress.lightning.js into default.dbj
AutoBuild: Including build template config/builds/sorceress.lightning.js into tools\autobuildthread.js
AutoBuild: Loaded helper thread
AutoBuild: Including build template config/builds/sorceress.lightning.js into tools\party.js
AutoBuild: Including build template config/builds/sorceress.lightning.js into tools\toolsthread.js
AutoBuild: Including build template config/builds/sorceress.lightning.js into default.dbj
AutoBuild: Including build template config/builds/sorceress.lightning.js into tools\autobuildthread.js
AutoBuild: Loaded helper thread
AutoBuild: Including build template config/builds/sorceress.lightning.js into tools\party.js
AutoBuild: Including build template config/builds/sorceress.lightning.js into tools\toolsthread.js
AutoBuild: Including build template config/builds/sorceress.lightning.js into default.dbj
AutoBuild: Including build template config/builds/sorceress.lightning.js into tools\autobuildthread.js
AutoBuild: Loaded helper thread
AutoBuild: Including build template config/builds/sorceress.lightning.js into tools\party.js
AutoBuild: Including build template config/builds/sorceress.lightning.js into tools\toolsthread.js
AutoBuild: Including build template config/builds/sorceress.lightning.js into default.dbj
AutoBuild: Including build template config/builds/sorceress.lightning.js into tools\autobuildthread.js
AutoBuild: Loaded helper thread
AutoBuild: Including build template config/builds/sorceress.lightning.js into tools\party.js
AutoBuild: Including build template config/builds/sorceress.lightning.js into tools\toolsthread.js
AutoBuild: Including build template config/builds/sorceress.lightning.js into default.dbj
AutoBuild: Including build template config/builds/sorceress.lightning.js into tools\autobuildthread.js
AutoBuild: Loaded helper thread
AutoBuild: Including build template config/builds/sorceress.lightning.js into tools\party.js
AutoBuild: Including build template config/builds/sorceress.lightning.js into tools\toolsthread.js
AutoBuild: Including build template config/builds/sorceress.lightning.js into default.dbj
AutoBuild: Including build template config/builds/sorceress.lightning.js into tools\autobuildthread.js
AutoBuild: Loaded helper thread
AutoBuild: Including build template config/builds/sorceress.lightning.js into tools\party.js
AutoBuild: Including build template config/builds/sorceress.lightning.js into tools\toolsthread.js
AutoBuild: Including build template config/builds/sorceress.lightning.js into default.dbj
AutoBuild: Including build template config/builds/sorceress.lightning.js into tools\autobuildthread.js
AutoBuild: Loaded helper thread
AutoBuild: Including build template config/builds/sorceress.lightning.js into tools\party.js
AutoBuild: Including build template config/builds/sorceress.lightning.js into tools\toolsthread.js
AutoBuild: Including build template config/builds/sorceress.lightning.js into default.dbj
AutoBuild: Including build template config/builds/sorceress.lightning.js into tools\autobuildthread.js
AutoBuild: Loaded helper thread
AutoBuild: Including build template config/builds/sorceress.lightning.js into tools\party.js
AutoBuild: Including build template config/builds/sorceress.lightning.js into tools\toolsthread.js
AutoBuild: Including build template config/builds/sorceress.lightning.js into default.dbj
AutoBuild: Including build template config/builds/sorceress.lightning.js into tools\autobuildthread.js
AutoBuild: Loaded helper thread
AutoBuild: Including build template config/builds/sorceress.lightning.js into tools\party.js
AutoBuild: Including build template config/builds/sorceress.lightning.js into tools\toolsthread.js
AutoBuild: Including build template config/builds/sorceress.lightning.js into default.dbj
AutoBuild: Including build template config/builds/sorceress.lightning.js into tools\autobuildthread.js
AutoBuild: Loaded helper thread
AutoBuild: Including build template config/builds/sorceress.lightning.js into tools\party.js
AutoBuild: Including build template config/builds/sorceress.lightning.js into tools\toolsthread.js
AutoBuild: Including build template config/builds/sorceress.lightning.js into default.dbj
AutoBuild: Including build template config/builds/sorceress.lightning.js into tools\autobuildthread.js
AutoBuild: Loaded helper thread
AutoBuild: Including build template config/builds/sorceress.lightning.js into tools\party.js
AutoBuild: Including build template config/builds/sorceress.lightning.js into tools\toolsthread.js
AutoBuild: Including build template config/builds/sorceress.lightning.js into default.dbj
AutoBuild: Including build template config/builds/sorceress.lightning.js into tools\autobuildthread.js
AutoBuild: Loaded helper thread
AutoBuild: Including build template config/builds/sorceress.lightning.js into tools\party.js
AutoBuild: Including build template config/builds/sorceress.lightning.js into tools\toolsthread.js
AutoBuild: Including build template config/builds/sorceress.lightning.js into default.dbj
AutoBuild: Including build template config/builds/sorceress.lightning.js into tools\autobuildthread.js
AutoBuild: Loaded helper thread
AutoBuild: Including build template config/builds/sorceress.lightning.js into tools\party.js
AutoBuild: Including build template config/builds/sorceress.lightning.js into tools\toolsthread.js
AutoBuild: Including build template config/builds/sorceress.lightning.js into default.dbj
AutoBuild: Including build template config/builds/sorceress.lightning.js into tools\autobuildthread.js
AutoBuild: Loaded helper thread
AutoBuild: Including build template config/builds/sorceress.lightning.js into tools\party.js
AutoBuild: Including build template config/builds/sorceress.lightning.js into tools\toolsthread.js
AutoBuild: Including build template config/builds/sorceress.lightning.js into default.dbj
AutoBuild: Including build template config/builds/sorceress.lightning.js into tools\autobuildthread.js
AutoBuild: Loaded helper thread
AutoBuild: Including build template config/builds/sorceress.lightning.js into tools\party.js
AutoBuild: Including build template config/builds/sorceress.lightning.js into tools\toolsthread.js
AutoBuild: Including build template config/builds/sorceress.lightning.js into default.dbj
AutoBuild: Including build template config/builds/sorceress.lightning.js into tools\autobuildthread.js
AutoBuild: Loaded helper thread
AutoBuild: Including build template config/builds/sorceress.lightning.js into default.dbj
AutoBuild: Including build template config/builds/sorceress.lightning.js into tools\autobuildthread.js
AutoBuild: Loaded helper thread
AutoBuild: Including build template config/builds/sorceress.lightning.js into tools\party.js
AutoBuild: Including build template config/builds/sorceress.lightning.js into tools\toolsthread.js
AutoBuild: Including build template config/builds/sorceress.lightning.js into default.dbj
AutoBuild: Including build template config/builds/sorceress.lightning.js into tools\autobuildthread.js
AutoBuild: Loaded helper thread
AutoBuild: Including build template config/builds/sorceress.lightning.js into tools\party.js
AutoBuild: Including build template config/builds/sorceress.lightning.js into tools\toolsthread.js
AutoBuild: Including build template config/builds/sorceress.lightning.js into default.dbj
AutoBuild: Including build template config/builds/sorceress.lightning.js into tools\autobuildthread.js
AutoBuild: Loaded helper thread
AutoBuild: Including build template config/builds/sorceress.lightning.js into tools\party.js
AutoBuild: Including build template config/builds/sorceress.lightning.js into tools\toolsthread.js
AutoBuild: Including build template config/builds/sorceress.lightning.js into default.dbj
AutoBuild: Including build template config/builds/sorceress.lightning.js into tools\autobuildthread.js
AutoBuild: Loaded helper thread
AutoBuild: Including build template config/builds/sorceress.lightning.js into tools\party.js
AutoBuild: Including build template config/builds/sorceress.lightning.js into tools\toolsthread.js
AutoBuild: Including build template config/builds/sorceress.lightning.js into default.dbj
AutoBuild: Including build template config/builds/sorceress.lightning.js into tools\autobuildthread.js
AutoBuild: Loaded helper thread
AutoBuild: Including build template config/builds/sorceress.lightning.js into tools\party.js
AutoBuild: Including build template config/builds/sorceress.lightning.js into tools\toolsthread.js
AutoBuild: Including build template config/builds/sorceress.lightning.js into default.dbj
AutoBuild: Including build template config/builds/sorceress.lightning.js into tools\autobuildthread.js
AutoBuild: Loaded helper thread
AutoBuild: Including build template config/builds/sorceress.lightning.js into tools\party.js
AutoBuild: Including build template config/builds/sorceress.lightning.js into tools\toolsthread.js
AutoBuild: Including build template config/builds/sorceress.lightning.js into default.dbj
AutoBuild: Including build template config/builds/sorceress.lightning.js into tools\autobuildthread.js
AutoBuild: Loaded helper thread
AutoBuild: Including build template config/builds/sorceress.lightning.js into tools\party.js
AutoBuild: Including build template config/builds/sorceress.lightning.js into tools\toolsthread.js
AutoBuild: Including build template config/builds/sorceress.lightning.js into default.dbj
AutoBuild: Including build template config/builds/sorceress.lightning.js into tools\autobuildthread.js
AutoBuild: Loaded helper thread
AutoBuild: Including build template config/builds/sorceress.lightning.js into tools\party.js
AutoBuild: Including build template config/builds/sorceress.lightning.js into tools\toolsthread.js
AutoBuild: Including build template config/builds/sorceress.lightning.js into default.dbj
AutoBuild: Including build template config/builds/sorceress.lightning.js into tools\autobuildthread.js
AutoBuild: Loaded helper thread
AutoBuild: Including build template config/builds/sorceress.lightning.js into tools\party.js
AutoBuild: Including build template config/builds/sorceress.lightning.js into tools\toolsthread.js
AutoBuild: Including build template config/builds/sorceress.lightning.js into default.dbj
AutoBuild: Including build template config/builds/sorceress.lightning.js into tools\autobuildthread.js
AutoBuild: Loaded helper thread
AutoBuild: Including build template config/builds/sorceress.lightning.js into tools\party.js
AutoBuild: Including build template config/builds/sorceress.lightning.js into tools\toolsthread.js
AutoBuild: Including build template config/builds/sorceress.lightning.js into default.dbj
AutoBuild: Including build template config/builds/sorceress.lightning.js into tools\autobuildthread.js
AutoBuild: Loaded helper thread
AutoBuild: Including build template config/builds/sorceress.lightning.js into tools\party.js
AutoBuild: Including build template config/builds/sorceress.lightning.js into tools\toolsthread.js
AutoBuild: Including build template config/builds/sorceress.lightning.js into default.dbj
AutoBuild: Including build template config/builds/sorceress.lightning.js into tools\autobuildthread.js
AutoBuild: Loaded helper thread
AutoBuild: Including build template config/builds/sorceress.lightning.js into tools\party.js
AutoBuild: Including build template config/builds/sorceress.lightning.js into tools\toolsthread.js
AutoBuild: Including build template config/builds/sorceress.lightning.js into default.dbj
AutoBuild: Including build template config/builds/sorceress.lightning.js into tools\autobuildthread.js
AutoBuild: Loaded helper thread
AutoBuild: Including build template config/builds/sorceress.lightning.js into tools\party.js
AutoBuild: Including build template config/builds/sorceress.lightning.js into tools\toolsthread.js
AutoBuild: Including build template config/builds/sorceress.lightning.js into default.dbj
AutoBuild: Including build template config/builds/sorceress.lightning.js into tools\autobuildthread.js
AutoBuild: Loaded helper thread
AutoBuild: Including build template config/builds/sorceress.lightning.js into tools\party.js
AutoBuild: Including build template config/builds/sorceress.lightning.js into tools\toolsthread.js
AutoBuild: Including build template config/builds/sorceress.lightning.js into default.dbj
AutoBuild: Including build template config/builds/sorceress.lightning.js into tools\autobuildthread.js
AutoBuild: Loaded helper thread
AutoBuild: Including build template config/builds/sorceress.lightning.js into tools\party.js
AutoBuild: Including build template config/builds/sorceress.lightning.js into tools\toolsthread.js
AutoBuild: Including build template config/builds/sorceress.lightning.js into default.dbj
AutoBuild: Including build template config/builds/sorceress.lightning.js into tools\autobuildthread.js
AutoBuild: Loaded helper thread
AutoBuild: Including build template config/builds/sorceress.lightning.js into tools\party.js
AutoBuild: Including build template config/builds/sorceress.lightning.js into tools\toolsthread.js
AutoBuild: Including build template config/builds/sorceress.lightning.js into default.dbj
AutoBuild: Including build template config/builds/sorceress.lightning.js into tools\autobuildthread.js
AutoBuild: Loaded helper thread
AutoBuild: Including build template config/builds/sorceress.lightning.js into tools\party.js
AutoBuild: Including build template config/builds/sorceress.lightning.js into tools\toolsthread.js
AutoBuild: Including build template config/builds/sorceress.lightning.js into default.dbj
AutoBuild: Including build template config/builds/sorceress.lightning.js into tools\autobuildthread.js
AutoBuild: Loaded helper thread
AutoBuild: Including build template config/builds/sorceress.lightning.js into tools\party.js
AutoBuild: Including build template config/builds/sorceress.lightning.js into tools\toolsthread.js
AutoBuild: Including build template config/builds/sorceress.lightning.js into default.dbj
AutoBuild: Including build template config/builds/sorceress.lightning.js into tools\autobuildthread.js
AutoBuild: Loaded helper thread
AutoBuild: Including build template config/builds/sorceress.lightning.js into tools\toolsthread.js
AutoBuild: Including build template config/builds/sorceress.lightning.js into default.dbj
AutoBuild: Including build template config/builds/sorceress.lightning.js into tools\autobuildthread.js
AutoBuild: Loaded helper thread
AutoBuild: Including build template config/builds/sorceress.lightning.js into tools\party.js
AutoBuild: Including build template config/builds/sorceress.lightning.js into tools\toolsthread.js
AutoBuild: Including build template config/builds/sorceress.lightning.js into default.dbj
AutoBuild: Including build template config/builds/sorceress.lightning.js into tools\autobuildthread.js
AutoBuild: Loaded helper thread
AutoBuild: Including build template config/builds/sorceress.lightning.js into tools\party.js
AutoBuild: Including build template config/builds/sorceress.lightning.js into tools\toolsthread.js
AutoBuild: Including build template config/builds/sorceress.lightning.js into default.dbj
AutoBuild: Including build template config/builds/sorceress.lightning.js into tools\autobuildthread.js
AutoBuild: Loaded helper thread
AutoBuild: Including build template config/builds/sorceress.lightning.js into tools\toolsthread.js
AutoBuild: Including build template config/builds/sorceress.lightning.js into tools\party.js
AutoBuild: Including build template config/builds/sorceress.lightning.js into default.dbj
AutoBuild: Including build template config/builds/sorceress.lightning.js into tools\autobuildthread.js
AutoBuild: Loaded helper thread
AutoBuild: Including build template config/builds/sorceress.lightning.js into tools\party.js
AutoBuild: Including build template config/builds/sorceress.lightning.js into tools\toolsthread.js
AutoBuild: Including build template config/builds/sorceress.lightning.js into default.dbj
AutoBuild: Including build template config/builds/sorceress.lightning.js into tools\autobuildthread.js
AutoBuild: Loaded helper thread
AutoBuild: Including build template config/builds/sorceress.lightning.js into tools\party.js
AutoBuild: Including build template config/builds/sorceress.lightning.js into tools\toolsthread.js
AutoBuild: Including build template config/builds/sorceress.lightning.js into default.dbj
AutoBuild: Including build template config/builds/sorceress.lightning.js into tools\autobuildthread.js
AutoBuild: Loaded helper thread
AutoBuild: Including build template config/builds/sorceress.lightning.js into tools\party.js
AutoBuild: Including build template config/builds/sorceress.lightning.js into tools\toolsthread.js
AutoBuild: Including build template config/builds/sorceress.lightning.js into default.dbj
AutoBuild: Including build template config/builds/sorceress.lightning.js into tools\autobuildthread.js
AutoBuild: Loaded helper thread
AutoBuild: Including build template config/builds/sorceress.lightning.js into tools\party.js
AutoBuild: Including build template config/builds/sorceress.lightning.js into tools\toolsthread.js
AutoBuild: Including build template config/builds/sorceress.lightning.js into default.dbj
AutoBuild: Including build template config/builds/sorceress.lightning.js into tools\autobuildthread.js
AutoBuild: Loaded helper thread
AutoBuild: Including build template config/builds/sorceress.lightning.js into tools\party.js
AutoBuild: Including build template config/builds/sorceress.lightning.js into tools\toolsthread.js
AutoBuild: Including build template config/builds/sorceress.lightning.js into default.dbj
AutoBuild: Including build template config/builds/sorceress.lightning.js into tools\autobuildthread.js
AutoBuild: Loaded helper thread
AutoBuild: Including build template config/builds/sorceress.lightning.js into tools\party.js
AutoBuild: Including build template config/builds/sorceress.lightning.js into tools\toolsthread.js
AutoBuild: Including build template config/builds/sorceress.lightning.js into default.dbj
AutoBuild: Including build template config/builds/sorceress.lightning.js into tools\autobuildthread.js
AutoBuild: Loaded helper thread
AutoBuild: Including build template config/builds/sorceress.lightning.js into tools\party.js
AutoBuild: Including build template config/builds/sorceress.lightning.js into tools\toolsthread.js
AutoBuild: Including build template config/builds/sorceress.lightning.js into default.dbj
AutoBuild: Including build template config/builds/sorceress.lightning.js into tools\autobuildthread.js
AutoBuild: Loaded helper thread
AutoBuild: Including build template config/builds/sorceress.lightning.js into tools\party.js
AutoBuild: Including build template config/builds/sorceress.lightning.js into tools\toolsthread.js
AutoBuild: Including build template config/builds/sorceress.lightning.js into default.dbj
AutoBuild: Including build template config/builds/sorceress.lightning.js into tools\autobuildthread.js
AutoBuild: Loaded helper thread
AutoBuild: Including build template config/builds/sorceress.lightning.js into tools\party.js
AutoBuild: Including build template config/builds/sorceress.lightning.js into tools\toolsthread.js
AutoBuild: Including build template config/builds/sorceress.lightning.js into default.dbj
AutoBuild: Including build template config/builds/sorceress.lightning.js into tools\autobuildthread.js
AutoBuild: Loaded helper thread
AutoBuild: Including build template config/builds/sorceress.lightning.js into tools\party.js
AutoBuild: Including build template config/builds/sorceress.lightning.js into tools\toolsthread.js
AutoBuild: Including build template config/builds/sorceress.lightning.js into default.dbj
AutoBuild: Including build template config/builds/sorceress.lightning.js into tools\autobuildthread.js
AutoBuild: Loaded helper thread
AutoBuild: Including build template config/builds/sorceress.lightning.js into tools\party.js
AutoBuild: Including build template config/builds/sorceress.lightning.js into tools\toolsthread.js
AutoBuild: Including build template config/builds/sorceress.lightning.js into default.dbj
AutoBuild: Including build template config/builds/sorceress.lightning.js into tools\autobuildthread.js
AutoBuild: Loaded helper thread
AutoBuild: Including build template config/builds/sorceress.lightning.js into tools\party.js
AutoBuild: Including build template config/builds/sorceress.lightning.js into tools\toolsthread.js
AutoBuild: Including build template config/builds/sorceress.lightning.js into default.dbj
AutoBuild: Including build template config/builds/sorceress.lightning.js into tools\autobuildthread.js
AutoBuild: Loaded helper thread
AutoBuild: Including build template config/builds/sorceress.lightning.js into tools\party.js
AutoBuild: Including build template config/builds/sorceress.lightning.js into tools\toolsthread.js
AutoBuild: Including build template config/builds/sorceress.lightning.js into default.dbj
AutoBuild: Including build template config/builds/sorceress.lightning.js into tools\autobuildthread.js
AutoBuild: Loaded helper thread
AutoBuild: Including build template config/builds/sorceress.lightning.js into tools\party.js
AutoBuild: Including build template config/builds/sorceress.lightning.js into tools\toolsthread.js
AutoBuild: Including build template config/builds/sorceress.lightning.js into default.dbj
AutoBuild: Including build template config/builds/sorceress.lightning.js into tools\autobuildthread.js
AutoBuild: Loaded helper thread
AutoBuild: Including build template config/builds/sorceress.lightning.js into tools\party.js
AutoBuild: Including build template config/builds/sorceress.lightning.js into tools\toolsthread.js
AutoBuild: Including build template config/builds/sorceress.lightning.js into default.dbj
AutoBuild: Including build template config/builds/sorceress.lightning.js into tools\autobuildthread.js
AutoBuild: Loaded helper thread
AutoBuild: Including build template config/builds/sorceress.lightning.js into tools\party.js
AutoBuild: Including build template config/builds/sorceress.lightning.js into tools\toolsthread.js
AutoBuild: Including build template config/builds/sorceress.lightning.js into default.dbj
AutoBuild: Including build template config/builds/sorceress.lightning.js into tools\autobuildthread.js
AutoBuild: Loaded helper thread
AutoBuild: Including build template config/builds/sorceress.lightning.js into tools\party.js
AutoBuild: Including build template config/builds/sorceress.lightning.js into tools\toolsthread.js
AutoBuild: Including build template config/builds/sorceress.lightning.js into default.dbj
AutoBuild: Including build template config/builds/sorceress.lightning.js into tools\autobuildthread.js
AutoBuild: Loaded helper thread
AutoBuild: Including build template config/builds/sorceress.lightning.js into tools\party.js
AutoBuild: Including build template config/builds/sorceress.lightning.js into tools\toolsthread.js
AutoBuild: Including build template config/builds/sorceress.lightning.js into default.dbj
AutoBuild: Including build template config/builds/sorceress.lightning.js into tools\autobuildthread.js
AutoBuild: Loaded helper thread
AutoBuild: Including build template config/builds/sorceress.lightning.js into tools\party.js
AutoBuild: Including build template config/builds/sorceress.lightning.js into tools\toolsthread.js
AutoBuild: Including build template config/builds/sorceress.lightning.js into default.dbj
AutoBuild: Including build template config/builds/sorceress.lightning.js into tools\autobuildthread.js
AutoBuild: Loaded helper thread
AutoBuild: Including build template config/builds/sorceress.lightning.js into tools\party.js
AutoBuild: Including build template config/builds/sorceress.lightning.js into tools\toolsthread.js
AutoBuild: Including build template config/builds/sorceress.lightning.js into default.dbj
AutoBuild: Including build template config/builds/sorceress.lightning.js into tools\autobuildthread.js
AutoBuild: Loaded helper thread
AutoBuild: Including build template config/builds/sorceress.lightning.js into tools\party.js
AutoBuild: Including build template config/builds/sorceress.lightning.js into tools\toolsthread.js
AutoBuild: Including build template config/builds/sorceress.lightning.js into default.dbj
AutoBuild: Including build template config/builds/sorceress.lightning.js into tools\autobuildthread.js
AutoBuild: Loaded helper thread
AutoBuild: Including build template config/builds/sorceress.lightning.js into tools\party.js
AutoBuild: Including build template config/builds/sorceress.lightning.js into tools\toolsthread.js
AutoBuild: Including build template config/builds/sorceress.lightning.js into default.dbj
AutoBuild: Including build template config/builds/sorceress.lightning.js into tools\autobuildthread.js
AutoBuild: Loaded helper thread
AutoBuild: Including build template config/builds/sorceress.lightning.js into tools\party.js
AutoBuild: Including build template config/builds/sorceress.lightning.js into tools\toolsthread.js
AutoBuild: Including build template config/builds/sorceress.lightning.js into default.dbj
AutoBuild: Including build template config/builds/sorceress.lightning.js into tools\autobuildthread.js
AutoBuild: Loaded helper thread
AutoBuild: Including build template config/builds/sorceress.lightning.js into tools\party.js
AutoBuild: Including build template config/builds/sorceress.lightning.js into tools\toolsthread.js
AutoBuild: Including build template config/builds/sorceress.lightning.js into default.dbj
AutoBuild: Including build template config/builds/sorceress.lightning.js into tools\autobuildthread.js
AutoBuild: Loaded helper thread
AutoBuild: Including build template config/builds/sorceress.lightning.js into tools\party.js
AutoBuild: Including build template config/builds/sorceress.lightning.js into tools\toolsthread.js
AutoBuild: Including build template config/builds/sorceress.lightning.js into default.dbj
AutoBuild: Including build template config/builds/sorceress.lightning.js into tools\autobuildthread.js
AutoBuild: Loaded helper thread
AutoBuild: Including build template config/builds/sorceress.lightning.js into tools\party.js
AutoBuild: Including build template config/builds/sorceress.lightning.js into tools\toolsthread.js
AutoBuild: Including build template config/builds/sorceress.lightning.js into default.dbj
AutoBuild: Including build template config/builds/sorceress.lightning.js into tools\autobuildthread.js
AutoBuild: Loaded helper thread
AutoBuild: Including build template config/builds/sorceress.lightning.js into tools\party.js
AutoBuild: Including build template config/builds/sorceress.lightning.js into tools\toolsthread.js
AutoBuild: Including build template config/builds/sorceress.lightning.js into default.dbj
AutoBuild: Including build template config/builds/sorceress.lightning.js into tools\autobuildthread.js
AutoBuild: Loaded helper thread
AutoBuild: Including build template config/builds/sorceress.lightning.js into tools\party.js
AutoBuild: Including build template config/builds/sorceress.lightning.js into tools\toolsthread.js
AutoBuild: Including build template config/builds/sorceress.lightning.js into default.dbj
AutoBuild: Including build template config/builds/sorceress.lightning.js into tools\autobuildthread.js
AutoBuild: Loaded helper thread
AutoBuild: Including build template config/builds/sorceress.lightning.js into tools\party.js
AutoBuild: Including build template config/builds/sorceress.lightning.js into tools\toolsthread.js
AutoBuild: Including build template config/builds/sorceress.lightning.js into default.dbj
AutoBuild: Including build template config/builds/sorceress.lightning.js into tools\autobuildthread.js
AutoBuild: Loaded helper thread
AutoBuild: Including build template config/builds/sorceress.lightning.js into tools\party.js
AutoBuild: Including build template config/builds/sorceress.lightning.js into tools\toolsthread.js
AutoBuild: Including build template config/builds/sorceress.lightning.js into default.dbj
AutoBuild: Including build template config/builds/sorceress.lightning.js into tools\autobuildthread.js
AutoBuild: Loaded helper thread
AutoBuild: Including build template config/builds/sorceress.lightning.js into tools\party.js
AutoBuild: Including build template config/builds/sorceress.lightning.js into tools\toolsthread.js
AutoBuild: Including build template config/builds/sorceress.lightning.js into default.dbj
AutoBuild: Including build template config/builds/sorceress.lightning.js into tools\autobuildthread.js
AutoBuild: Loaded helper thread
AutoBuild: Including build template config/builds/sorceress.lightning.js into tools\party.js
AutoBuild: Including build template config/builds/sorceress.lightning.js into tools\toolsthread.js
AutoBuild: Including build template config/builds/sorceress.lightning.js into default.dbj
AutoBuild: Including build template config/builds/sorceress.lightning.js into tools\autobuildthread.js
AutoBuild: Loaded helper thread
AutoBuild: Including build template config/builds/sorceress.lightning.js into tools\party.js
AutoBuild: Including build template config/builds/sorceress.lightning.js into tools\toolsthread.js
AutoBuild: Including build template config/builds/sorceress.lightning.js into default.dbj
AutoBuild: Including build template config/builds/sorceress.lightning.js into tools\autobuildthread.js
AutoBuild: Loaded helper thread
AutoBuild: Including build template config/builds/sorceress.lightning.js into tools\party.js
AutoBuild: Including build template config/builds/sorceress.lightning.js into tools\toolsthread.js
AutoBuild: Including build template config/builds/sorceress.lightning.js into default.dbj
AutoBuild: Including build template config/builds/sorceress.lightning.js into tools\autobuildthread.js
AutoBuild: Loaded helper thread
AutoBuild: Including build template config/builds/sorceress.lightning.js into tools\party.js
AutoBuild: Including build template config/builds/sorceress.lightning.js into tools\toolsthread.js
AutoBuild: Including build template config/builds/sorceress.lightning.js into default.dbj
AutoBuild: Including build template config/builds/sorceress.lightning.js into tools\autobuildthread.js
AutoBuild: Loaded helper thread
AutoBuild: Including build template config/builds/sorceress.lightning.js into tools\party.js
AutoBuild: Including build template config/builds/sorceress.lightning.js into tools\toolsthread.js
AutoBuild: Including build template config/builds/sorceress.lightning.js into default.dbj
AutoBuild: Including build template config/builds/sorceress.lightning.js into tools\autobuildthread.js
AutoBuild: Loaded helper thread
AutoBuild: Including build template config/builds/sorceress.lightning.js into tools\party.js
AutoBuild: Including build template config/builds/sorceress.lightning.js into tools\toolsthread.js
AutoBuild: Including build template config/builds/sorceress.lightning.js into default.dbj
AutoBuild: Including build template config/builds/sorceress.lightning.js into tools\party.js
AutoBuild: Including build template config/builds/sorceress.lightning.js into tools\autobuildthread.js
AutoBuild: Loaded helper thread
AutoBuild: Including build template config/builds/sorceress.lightning.js into tools\toolsthread.js
AutoBuild: Including build template config/builds/sorceress.lightning.js into default.dbj
AutoBuild: Including build template config/builds/sorceress.lightning.js into tools\autobuildthread.js
AutoBuild: Loaded helper thread
AutoBuild: Including build template config/builds/sorceress.lightning.js into tools\party.js
AutoBuild: Including build template config/builds/sorceress.lightning.js into tools\toolsthread.js
AutoBuild: Including build template config/builds/sorceress.lightning.js into default.dbj
AutoBuild: Including build template config/builds/sorceress.lightning.js into tools\autobuildthread.js
AutoBuild: Loaded helper thread
AutoBuild: Including build template config/builds/sorceress.lightning.js into tools\party.js
AutoBuild: Including build template config/builds/sorceress.lightning.js into tools\toolsthread.js
AutoBuild: Including build template config/builds/sorceress.lightning.js into default.dbj
AutoBuild: Including build template config/builds/sorceress.lightning.js into tools\autobuildthread.js
AutoBuild: Loaded helper thread
AutoBuild: Including build template config/builds/sorceress.lightning.js into tools\party.js
AutoBuild: Including build template config/builds/sorceress.lightning.js into tools\toolsthread.js
AutoBuild: Including build template config/builds/sorceress.lightning.js into default.dbj
AutoBuild: Including build template config/builds/sorceress.lightning.js into tools\party.js
AutoBuild: Including build template config/builds/sorceress.lightning.js into tools\autobuildthread.js
AutoBuild: Loaded helper thread
AutoBuild: Including build template config/builds/sorceress.lightning.js into tools\toolsthread.js
AutoBuild: Including build template config/builds/sorceress.lightning.js into default.dbj
AutoBuild: Including build template config/builds/sorceress.lightning.js into tools\autobuildthread.js
AutoBuild: Loaded helper thread
AutoBuild: Including build template config/builds/sorceress.lightning.js into tools\party.js
AutoBuild: Including build template config/builds/sorceress.lightning.js into tools\toolsthread.js
AutoBuild: Including build template config/builds/sorceress.lightning.js into default.dbj
AutoBuild: Including build template config/builds/sorceress.lightning.js into tools\party.js
AutoBuild: Including build template config/builds/sorceress.lightning.js into tools\autobuildthread.js
AutoBuild: Loaded helper thread
AutoBuild: Including build template config/builds/sorceress.lightning.js into tools\toolsthread.js
AutoBuild: Including build template config/builds/sorceress.lightning.js into default.dbj
AutoBuild: Including build template config/builds/sorceress.lightning.js into tools\autobuildthread.js
AutoBuild: Loaded helper thread
AutoBuild: Including build template config/builds/sorceress.lightning.js into tools\party.js
AutoBuild: Including build template config/builds/sorceress.lightning.js into tools\toolsthread.js
AutoBuild: Including build template config/builds/sorceress.lightning.js into default.dbj
AutoBuild: Including build template config/builds/sorceress.lightning.js into tools\party.js
AutoBuild: Including build template config/builds/sorceress.lightning.js into tools\autobuildthread.js
AutoBuild: Loaded helper thread
AutoBuild: Including build template config/builds/sorceress.lightning.js into tools\toolsthread.js
AutoBuild: Including build template config/builds/sorceress.lightning.js into default.dbj
AutoBuild: Including build template config/builds/sorceress.lightning.js into tools\autobuildthread.js
AutoBuild: Loaded helper thread
AutoBuild: Including build template config/builds/sorceress.lightning.js into tools\party.js
AutoBuild: Including build template config/builds/sorceress.lightning.js into tools\toolsthread.js
AutoBuild: Including build template config/builds/sorceress.lightning.js into default.dbj
AutoBuild: Including build template config/builds/sorceress.lightning.js into tools\autobuildthread.js
AutoBuild: Loaded helper thread
AutoBuild: Including build template config/builds/sorceress.lightning.js into tools\party.js
AutoBuild: Including build template config/builds/sorceress.lightning.js into tools\toolsthread.js
AutoBuild: Including build template config/builds/sorceress.lightning.js into default.dbj
AutoBuild: Including build template config/builds/sorceress.lightning.js into tools\autobuildthread.js
AutoBuild: Loaded helper thread
AutoBuild: Including build template config/builds/sorceress.lightning.js into tools\party.js
AutoBuild: Including build template config/builds/sorceress.lightning.js into tools\toolsthread.js
AutoBuild: Including build template config/builds/sorceress.lightning.js into default.dbj
AutoBuild: Including build template config/builds/sorceress.lightning.js into tools\autobuildthread.js
AutoBuild: Loaded helper thread
AutoBuild: Including build template config/builds/sorceress.lightning.js into tools\party.js
AutoBuild: Including build template config/builds/sorceress.lightning.js into tools\toolsthread.js
AutoBuild: Including build template config/builds/sorceress.lightning.js into default.dbj
AutoBuild: Including build template config/builds/sorceress.lightning.js into tools\party.js
AutoBuild: Including build template config/builds/sorceress.lightning.js into tools\autobuildthread.js
AutoBuild: Loaded helper thread
AutoBuild: Including build template config/builds/sorceress.lightning.js into tools\toolsthread.js
AutoBuild: Including build template config/builds/sorceress.lightning.js into default.dbj
AutoBuild: Including build template config/builds/sorceress.lightning.js into tools\autobuildthread.js
AutoBuild: Loaded helper thread
AutoBuild: Including build template config/builds/sorceress.lightning.js into tools\party.js
AutoBuild: Including build template config/builds/sorceress.lightning.js into tools\toolsthread.js
AutoBuild: Including build template config/builds/sorceress.lightning.js into default.dbj
AutoBuild: Including build template config/builds/sorceress.lightning.js into tools\autobuildthread.js
AutoBuild: Loaded helper thread
AutoBuild: Including build template config/builds/sorceress.lightning.js into tools\party.js
AutoBuild: Including build template config/builds/sorceress.lightning.js into tools\toolsthread.js
AutoBuild: Including build template config/builds/sorceress.lightning.js into default.dbj
AutoBuild: Including build template config/builds/sorceress.lightning.js into tools\autobuildthread.js
AutoBuild: Loaded helper thread
AutoBuild: Including build template config/builds/sorceress.lightning.js into tools\party.js
AutoBuild: Including build template config/builds/sorceress.lightning.js into tools\toolsthread.js
AutoBuild: Including build template config/builds/sorceress.lightning.js into default.dbj
AutoBuild: Including build template config/builds/sorceress.lightning.js into tools\autobuildthread.js
AutoBuild: Loaded helper thread
AutoBuild: Including build template config/builds/sorceress.lightning.js into tools\party.js
AutoBuild: Including build template config/builds/sorceress.lightning.js into tools\toolsthread.js
AutoBuild: Including build template config/builds/sorceress.lightning.js into default.dbj
AutoBuild: Including build template config/builds/sorceress.lightning.js into tools\autobuildthread.js
AutoBuild: Loaded helper thread
AutoBuild: Including build template config/builds/sorceress.lightning.js into tools\party.js
AutoBuild: Including build template config/builds/sorceress.lightning.js into tools\toolsthread.js
AutoBuild: Including build template config/builds/sorceress.lightning.js into default.dbj
AutoBuild: Including build template config/builds/sorceress.lightning.js into tools\party.js
AutoBuild: Including build template config/builds/sorceress.lightning.js into tools\autobuildthread.js
AutoBuild: Loaded helper thread
AutoBuild: Including build template config/builds/sorceress.lightning.js into tools\toolsthread.js
AutoBuild: Including build template config/builds/sorceress.lightning.js into default.dbj
AutoBuild: Including build template config/builds/sorceress.lightning.js into tools\autobuildthread.js
AutoBuild: Loaded helper thread
AutoBuild: Including build template config/builds/sorceress.lightning.js into tools\party.js
AutoBuild: Including build template config/builds/sorceress.lightning.js into tools\toolsthread.js
AutoBuild: Including build template config/builds/sorceress.lightning.js into default.dbj
AutoBuild: Including build template config/builds/sorceress.lightning.js into tools\autobuildthread.js
AutoBuild: Loaded helper thread
AutoBuild: Including build template config/builds/sorceress.lightning.js into tools\party.js
AutoBuild: Including build template config/builds/sorceress.lightning.js into tools\toolsthread.js
AutoBuild: Including build template config/builds/sorceress.lightning.js into default.dbj
AutoBuild: Including build template config/builds/sorceress.lightning.js into tools\autobuildthread.js
AutoBuild: Loaded helper thread
AutoBuild: Including build template config/builds/sorceress.lightning.js into tools\party.js
AutoBuild: Including build template config/builds/sorceress.lightning.js into tools\toolsthread.js
AutoBuild: Including build template config/builds/sorceress.lightning.js into default.dbj
AutoBuild: Including build template config/builds/sorceress.lightning.js into tools\autobuildthread.js
AutoBuild: Loaded helper thread
AutoBuild: Including build template config/builds/sorceress.lightning.js into tools\party.js
AutoBuild: Including build template config/builds/sorceress.lightning.js into tools\toolsthread.js
AutoBuild: Including build template config/builds/sorceress.lightning.js into default.dbj
AutoBuild: Including build template config/builds/sorceress.lightning.js into tools\autobuildthread.js
AutoBuild: Loaded helper thread
AutoBuild: Including build template config/builds/sorceress.lightning.js into tools\party.js
AutoBuild: Including build template config/builds/sorceress.lightning.js into tools\toolsthread.js
AutoBuild: Including build template config/builds/sorceress.lightning.js into default.dbj
AutoBuild: Including build template config/builds/sorceress.lightning.js into tools\autobuildthread.js
AutoBuild: Loaded helper thread
AutoBuild: Including build template config/builds/sorceress.lightning.js into tools\party.js
AutoBuild: Including build template config/builds/sorceress.lightning.js into tools\toolsthread.js
AutoBuild: Including build template config/builds/sorceress.lightning.js into default.dbj
AutoBuild: Including build template config/builds/sorceress.lightning.js into tools\autobuildthread.js
AutoBuild: Loaded helper thread
AutoBuild: Including build template config/builds/sorceress.lightning.js into tools\party.js
AutoBuild: Including build template config/builds/sorceress.lightning.js into tools\toolsthread.js
AutoBuild: Including build template config/builds/sorceress.lightning.js into default.dbj
AutoBuild: Including build template config/builds/sorceress.lightning.js into tools\autobuildthread.js
AutoBuild: Loaded helper thread
AutoBuild: Including build template config/builds/sorceress.lightning.js into tools\party.js
AutoBuild: Including build template config/builds/sorceress.lightning.js into tools\toolsthread.js
AutoBuild: Stat points: 5      Skill points: 1
AutoBuild: Level up detected ( 85 --> 86 )
AutoBuild: useSkillPoint(): Chain Lightning (53)
AutoBuild: Attempt to spend skill point 1 in Chain Lightning (53) may have failed!
AutoBuild: useStatPoint(0): Strength
AutoBuild: Stat (1/5) Increased Strength from 105 to 106
AutoBuild: useStatPoint(1): Energy
AutoBuild: Stat (2/5) Increased Energy from 242 to 243
AutoBuild: useStatPoint(1): Energy
AutoBuild: Stat (3/5) Increased Energy from 243 to 244
AutoBuild: useStatPoint(3): Vitality
AutoBuild: Stat (4/5) Increased Vitality from 204 to 205
AutoBuild: useStatPoint(3): Vitality
AutoBuild: Stat (5/5) Increased Vitality from 205 to 206
AutoBuild: Updating Config from level 85 to 86
AutoBuild: Incrementing cached character level to 86
AutoBuild: Including build template config/builds/sorceress.lightning.js into default.dbj
AutoBuild: Including build template config/builds/sorceress.lightning.js into tools\autobuildthread.js
AutoBuild: Loaded helper thread
AutoBuild: Including build template config/builds/sorceress.lightning.js into tools\party.js
AutoBuild: Including build template config/builds/sorceress.lightning.js into tools\toolsthread.js
AutoBuild: Including build template config/builds/sorceress.lightning.js into default.dbj
AutoBuild: Including build template config/builds/sorceress.lightning.js into tools\autobuildthread.js
AutoBuild: Loaded helper thread
AutoBuild: Including build template config/builds/sorceress.lightning.js into tools\party.js
AutoBuild: Including build template config/builds/sorceress.lightning.js into tools\toolsthread.js
AutoBuild: Including build template config/builds/sorceress.lightning.js into default.dbj
AutoBuild: Including build template config/builds/sorceress.lightning.js into tools\autobuildthread.js
AutoBuild: Loaded helper thread
AutoBuild: Including build template config/builds/sorceress.lightning.js into tools\party.js
AutoBuild: Including build template config/builds/sorceress.lightning.js into tools\toolsthread.js
AutoBuild: Including build template config/builds/sorceress.lightning.js into default.dbj
AutoBuild: Including build template config/builds/sorceress.lightning.js into tools\autobuildthread.js
AutoBuild: Loaded helper thread
AutoBuild: Including build template config/builds/sorceress.lightning.js into tools\party.js
AutoBuild: Including build template config/builds/sorceress.lightning.js into tools\toolsthread.js
AutoBuild: Including build template config/builds/sorceress.lightning.js into default.dbj
AutoBuild: Including build template config/builds/sorceress.lightning.js into tools\autobuildthread.js
AutoBuild: Loaded helper thread
AutoBuild: Including build template config/builds/sorceress.lightning.js into tools\party.js
AutoBuild: Including build template config/builds/sorceress.lightning.js into tools\toolsthread.js
AutoBuild: Including build template config/builds/sorceress.lightning.js into default.dbj
AutoBuild: Including build template config/builds/sorceress.lightning.js into tools\autobuildthread.js
AutoBuild: Loaded helper thread
AutoBuild: Including build template config/builds/sorceress.lightning.js into tools\party.js
AutoBuild: Including build template config/builds/sorceress.lightning.js into tools\toolsthread.js
AutoBuild: Including build template config/builds/sorceress.lightning.js into default.dbj
AutoBuild: Including build template config/builds/sorceress.lightning.js into tools\autobuildthread.js
AutoBuild: Loaded helper thread
AutoBuild: Including build template config/builds/sorceress.lightning.js into tools\party.js
AutoBuild: Including build template config/builds/sorceress.lightning.js into tools\toolsthread.js
AutoBuild: Including build template config/builds/sorceress.lightning.js into default.dbj
AutoBuild: Including build template config/builds/sorceress.lightning.js into tools\autobuildthread.js
AutoBuild: Loaded helper thread
AutoBuild: Including build template config/builds/sorceress.lightning.js into tools\party.js
AutoBuild: Including build template config/builds/sorceress.lightning.js into tools\toolsthread.js
AutoBuild: Including build template config/builds/sorceress.lightning.js into default.dbj
AutoBuild: Including build template config/builds/sorceress.lightning.js into tools\autobuildthread.js
AutoBuild: Loaded helper thread
AutoBuild: Including build template config/builds/sorceress.lightning.js into tools\party.js
AutoBuild: Including build template config/builds/sorceress.lightning.js into tools\toolsthread.js
AutoBuild: Including build template config/builds/sorceress.lightning.js into default.dbj
AutoBuild: Including build template config/builds/sorceress.lightning.js into tools\autobuildthread.js
AutoBuild: Loaded helper thread
AutoBuild: Including build template config/builds/sorceress.lightning.js into tools\party.js
AutoBuild: Including build template config/builds/sorceress.lightning.js into tools\toolsthread.js
AutoBuild: Including build template config/builds/sorceress.lightning.js into default.dbj
AutoBuild: Including build template config/builds/sorceress.lightning.js into tools\autobuildthread.js
AutoBuild: Loaded helper thread
AutoBuild: Including build template config/builds/sorceress.lightning.js into tools\party.js
AutoBuild: Including build template config/builds/sorceress.lightning.js into tools\toolsthread.js
AutoBuild: Including build template config/builds/sorceress.lightning.js into default.dbj
AutoBuild: Including build template config/builds/sorceress.lightning.js into tools\autobuildthread.js
AutoBuild: Loaded helper thread
AutoBuild: Including build template config/builds/sorceress.lightning.js into tools\party.js
AutoBuild: Including build template config/builds/sorceress.lightning.js into tools\toolsthread.js
AutoBuild: Including build template config/builds/sorceress.lightning.js into default.dbj
AutoBuild: Including build template config/builds/sorceress.lightning.js into tools\autobuildthread.js
AutoBuild: Loaded helper thread
AutoBuild: Including build template config/builds/sorceress.lightning.js into tools\party.js
AutoBuild: Including build template config/builds/sorceress.lightning.js into tools\toolsthread.js
AutoBuild: Including build template config/builds/sorceress.lightning.js into default.dbj
AutoBuild: Including build template config/builds/sorceress.lightning.js into tools\autobuildthread.js
AutoBuild: Loaded helper thread
AutoBuild: Including build template config/builds/sorceress.lightning.js into tools\party.js
AutoBuild: Including build template config/builds/sorceress.lightning.js into tools\toolsthread.js
AutoBuild: Including build template config/builds/sorceress.lightning.js into default.dbj
AutoBuild: Including build template config/builds/sorceress.lightning.js into tools\autobuildthread.js
AutoBuild: Loaded helper thread
AutoBuild: Including build template config/builds/sorceress.lightning.js into tools\party.js
AutoBuild: Including build template config/builds/sorceress.lightning.js into tools\toolsthread.js
AutoBuild: Including build template config/builds/sorceress.lightning.js into default.dbj
AutoBuild: Including build template config/builds/sorceress.lightning.js into tools\autobuildthread.js
AutoBuild: Loaded helper thread
AutoBuild: Including build template config/builds/sorceress.lightning.js into tools\party.js
AutoBuild: Including build template config/builds/sorceress.lightning.js into tools\toolsthread.js
AutoBuild: Including build template config/builds/sorceress.lightning.js into default.dbj
AutoBuild: Including build template config/builds/sorceress.lightning.js into tools\autobuildthread.js
AutoBuild: Loaded helper thread
AutoBuild: Including build template config/builds/sorceress.lightning.js into tools\party.js
AutoBuild: Including build template config/builds/sorceress.lightning.js into tools\toolsthread.js
AutoBuild: Including build template config/builds/sorceress.lightning.js into default.dbj
AutoBuild: Including build template config/builds/sorceress.lightning.js into tools\autobuildthread.js
AutoBuild: Loaded helper thread
AutoBuild: Including build template config/builds/sorceress.lightning.js into tools\party.js
AutoBuild: Including build template config/builds/sorceress.lightning.js into tools\toolsthread.js
AutoBuild: Including build template config/builds/sorceress.lightning.js into default.dbj
AutoBuild: Including build template config/builds/sorceress.lightning.js into tools\autobuildthread.js
AutoBuild: Loaded helper thread
AutoBuild: Including build template config/builds/sorceress.lightning.js into tools\party.js
AutoBuild: Including build template config/builds/sorceress.lightning.js into tools\toolsthread.js
AutoBuild: Including build template config/builds/sorceress.lightning.js into default.dbj
AutoBuild: Including build template config/builds/sorceress.lightning.js into tools\autobuildthread.js
AutoBuild: Loaded helper thread
AutoBuild: Including build template config/builds/sorceress.lightning.js into tools\party.js
AutoBuild: Including build template config/builds/sorceress.lightning.js into tools\toolsthread.js
AutoBuild: Including build template config/builds/sorceress.lightning.js into default.dbj
AutoBuild: Including build template config/builds/sorceress.lightning.js into tools\autobuildthread.js
AutoBuild: Loaded helper thread
AutoBuild: Including build template config/builds/sorceress.lightning.js into tools\party.js
AutoBuild: Including build template config/builds/sorceress.lightning.js into tools\toolsthread.js
AutoBuild: Including build template config/builds/sorceress.lightning.js into default.dbj
AutoBuild: Including build template config/builds/sorceress.lightning.js into tools\autobuildthread.js
AutoBuild: Loaded helper thread
AutoBuild: Including build template config/builds/sorceress.lightning.js into tools\party.js
AutoBuild: Including build template config/builds/sorceress.lightning.js into tools\toolsthread.js
AutoBuild: Including build template config/builds/sorceress.lightning.js into default.dbj
AutoBuild: Including build template config/builds/sorceress.lightning.js into tools\autobuildthread.js
AutoBuild: Loaded helper thread
AutoBuild: Including build template config/builds/sorceress.lightning.js into tools\party.js
AutoBuild: Including build template config/builds/sorceress.lightning.js into tools\toolsthread.js
AutoBuild: Including build template config/builds/sorceress.lightning.js into default.dbj
AutoBuild: Including build template config/builds/sorceress.lightning.js into tools\autobuildthread.js
AutoBuild: Loaded helper thread
AutoBuild: Including build template config/builds/sorceress.lightning.js into tools\party.js
AutoBuild: Including build template config/builds/sorceress.lightning.js into tools\toolsthread.js
AutoBuild: Including build template config/builds/sorceress.lightning.js into default.dbj
AutoBuild: Including build template config/builds/sorceress.lightning.js into tools\autobuildthread.js
AutoBuild: Loaded helper thread
AutoBuild: Including build template config/builds/sorceress.lightning.js into tools\party.js
AutoBuild: Including build template config/builds/sorceress.lightning.js into tools\toolsthread.js
AutoBuild: Including build template config/builds/sorceress.lightning.js into default.dbj
AutoBuild: Including build template config/builds/sorceress.lightning.js into tools\autobuildthread.js
AutoBuild: Loaded helper thread
AutoBuild: Including build template config/builds/sorceress.lightning.js into tools\party.js
AutoBuild: Including build template config/builds/sorceress.lightning.js into tools\toolsthread.js
AutoBuild: Including build template config/builds/sorceress.lightning.js into default.dbj
AutoBuild: Including build template config/builds/sorceress.lightning.js into tools\autobuildthread.js
AutoBuild: Loaded helper thread
AutoBuild: Including build template config/builds/sorceress.lightning.js into tools\party.js
AutoBuild: Including build template config/builds/sorceress.lightning.js into tools\toolsthread.js
AutoBuild: Including build template config/builds/sorceress.lightning.js into default.dbj
AutoBuild: Including build template config/builds/sorceress.lightning.js into tools\autobuildthread.js
AutoBuild: Loaded helper thread
AutoBuild: Including build template config/builds/sorceress.lightning.js into tools\party.js
AutoBuild: Including build template config/builds/sorceress.lightning.js into tools\toolsthread.js
AutoBuild: Including build template config/builds/sorceress.lightning.js into default.dbj
AutoBuild: Including build template config/builds/sorceress.lightning.js into tools\autobuildthread.js
AutoBuild: Loaded helper thread
AutoBuild: Including build template config/builds/sorceress.lightning.js into tools\party.js
AutoBuild: Including build template config/builds/sorceress.lightning.js into tools\toolsthread.js
AutoBuild: Including build template config/builds/sorceress.lightning.js into default.dbj
AutoBuild: Including build template config/builds/sorceress.lightning.js into tools\autobuildthread.js
AutoBuild: Loaded helper thread
AutoBuild: Including build template config/builds/sorceress.lightning.js into tools\party.js
AutoBuild: Including build template config/builds/sorceress.lightning.js into tools\toolsthread.js
AutoBuild: Including build template config/builds/sorceress.lightning.js into default.dbj
AutoBuild: Including build template config/builds/sorceress.lightning.js into tools\autobuildthread.js
AutoBuild: Loaded helper thread
AutoBuild: Including build template config/builds/sorceress.lightning.js into tools\party.js
AutoBuild: Including build template config/builds/sorceress.lightning.js into tools\toolsthread.js
AutoBuild: Including build template config/builds/sorceress.lightning.js into default.dbj
AutoBuild: Including build template config/builds/sorceress.lightning.js into tools\autobuildthread.js
AutoBuild: Loaded helper thread
AutoBuild: Including build template config/builds/sorceress.lightning.js into tools\party.js
AutoBuild: Including build template config/builds/sorceress.lightning.js into tools\toolsthread.js
AutoBuild: Including build template config/builds/sorceress.lightning.js into default.dbj
AutoBuild: Including build template config/builds/sorceress.lightning.js into tools\autobuildthread.js
AutoBuild: Loaded helper thread
AutoBuild: Including build template config/builds/sorceress.lightning.js into tools\party.js
AutoBuild: Including build template config/builds/sorceress.lightning.js into tools\toolsthread.js
AutoBuild: Including build template config/builds/sorceress.lightning.js into default.dbj
AutoBuild: Including build template config/builds/sorceress.lightning.js into tools\autobuildthread.js
AutoBuild: Loaded helper thread
AutoBuild: Including build template config/builds/sorceress.lightning.js into tools\party.js
AutoBuild: Including build template config/builds/sorceress.lightning.js into tools\toolsthread.js
AutoBuild: Including build template config/builds/sorceress.lightning.js into default.dbj
AutoBuild: Including build template config/builds/sorceress.lightning.js into tools\autobuildthread.js
AutoBuild: Loaded helper thread
AutoBuild: Including build template config/builds/sorceress.lightning.js into tools\party.js
AutoBuild: Including build template config/builds/sorceress.lightning.js into tools\toolsthread.js
AutoBuild: Including build template config/builds/sorceress.lightning.js into default.dbj
AutoBuild: Including build template config/builds/sorceress.lightning.js into tools\autobuildthread.js
AutoBuild: Loaded helper thread
AutoBuild: Including build template config/builds/sorceress.lightning.js into tools\party.js
AutoBuild: Including build template config/builds/sorceress.lightning.js into tools\toolsthread.js
AutoBuild: Including build template config/builds/sorceress.lightning.js into default.dbj
AutoBuild: Including build template config/builds/sorceress.lightning.js into tools\autobuildthread.js
AutoBuild: Loaded helper thread
AutoBuild: Including build template config/builds/sorceress.lightning.js into tools\party.js
AutoBuild: Including build template config/builds/sorceress.lightning.js into tools\toolsthread.js
AutoBuild: Including build template config/builds/sorceress.lightning.js into default.dbj
AutoBuild: Including build template config/builds/sorceress.lightning.js into tools\autobuildthread.js
AutoBuild: Loaded helper thread
AutoBuild: Including build template config/builds/sorceress.lightning.js into tools\party.js
AutoBuild: Including build template config/builds/sorceress.lightning.js into tools\toolsthread.js
AutoBuild: Including build template config/builds/sorceress.lightning.js into default.dbj
AutoBuild: Including build template config/builds/sorceress.lightning.js into tools\autobuildthread.js
AutoBuild: Loaded helper thread
AutoBuild: Including build template config/builds/sorceress.lightning.js into tools\party.js
AutoBuild: Including build template config/builds/sorceress.lightning.js into tools\toolsthread.js
AutoBuild: Including build template config/builds/sorceress.lightning.js into default.dbj
AutoBuild: Including build template config/builds/sorceress.lightning.js into tools\autobuildthread.js
AutoBuild: Loaded helper thread
AutoBuild: Including build template config/builds/sorceress.lightning.js into tools\party.js
AutoBuild: Including build template config/builds/sorceress.lightning.js into tools\toolsthread.js
AutoBuild: Including build template config/builds/sorceress.lightning.js into default.dbj
AutoBuild: Including build template config/builds/sorceress.lightning.js into tools\autobuildthread.js
AutoBuild: Loaded helper thread
AutoBuild: Including build template config/builds/sorceress.lightning.js into tools\party.js
AutoBuild: Including build template config/builds/sorceress.lightning.js into tools\toolsthread.js
AutoBuild: Including build template config/builds/sorceress.lightning.js into default.dbj
AutoBuild: Including build template config/builds/sorceress.lightning.js into tools\autobuildthread.js
AutoBuild: Loaded helper thread
AutoBuild: Including build template config/builds/sorceress.lightning.js into tools\party.js
AutoBuild: Including build template config/builds/sorceress.lightning.js into tools\toolsthread.js
AutoBuild: Including build template config/builds/sorceress.lightning.js into default.dbj
AutoBuild: Including build template config/builds/sorceress.lightning.js into tools\autobuildthread.js
AutoBuild: Loaded helper thread
AutoBuild: Including build template config/builds/sorceress.lightning.js into tools\party.js
AutoBuild: Including build template config/builds/sorceress.lightning.js into tools\toolsthread.js
AutoBuild: Including build template config/builds/sorceress.lightning.js into default.dbj
AutoBuild: Including build template config/builds/sorceress.lightning.js into tools\autobuildthread.js
AutoBuild: Loaded helper thread
AutoBuild: Including build template config/builds/sorceress.lightning.js into tools\party.js
AutoBuild: Including build template config/builds/sorceress.lightning.js into tools\toolsthread.js
AutoBuild: Including build template config/builds/sorceress.lightning.js into default.dbj
AutoBuild: Including build template config/builds/sorceress.lightning.js into tools\autobuildthread.js
AutoBuild: Loaded helper thread
AutoBuild: Including build template config/builds/sorceress.lightning.js into tools\party.js
AutoBuild: Including build template config/builds/sorceress.lightning.js into tools\toolsthread.js
AutoBuild: Including build template config/builds/sorceress.lightning.js into default.dbj
AutoBuild: Including build template config/builds/sorceress.lightning.js into tools\autobuildthread.js
AutoBuild: Loaded helper thread
AutoBuild: Including build template config/builds/sorceress.lightning.js into tools\party.js
AutoBuild: Including build template config/builds/sorceress.lightning.js into tools\toolsthread.js
AutoBuild: Including build template config/builds/sorceress.lightning.js into default.dbj
AutoBuild: Including build template config/builds/sorceress.lightning.js into tools\autobuildthread.js
AutoBuild: Loaded helper thread
AutoBuild: Including build template config/builds/sorceress.lightning.js into tools\party.js
AutoBuild: Including build template config/builds/sorceress.lightning.js into tools\toolsthread.js
AutoBuild: Including build template config/builds/sorceress.lightning.js into default.dbj
AutoBuild: Including build template config/builds/sorceress.lightning.js into tools\autobuildthread.js
AutoBuild: Loaded helper thread
AutoBuild: Including build template config/builds/sorceress.lightning.js into tools\party.js
AutoBuild: Including build template config/builds/sorceress.lightning.js into tools\toolsthread.js
AutoBuild: Including build template config/builds/sorceress.lightning.js into default.dbj
AutoBuild: Including build template config/builds/sorceress.lightning.js into tools\autobuildthread.js
AutoBuild: Loaded helper thread
AutoBuild: Including build template config/builds/sorceress.lightning.js into tools\party.js
AutoBuild: Including build template config/builds/sorceress.lightning.js into tools\toolsthread.js
AutoBuild: Including build template config/builds/sorceress.lightning.js into default.dbj
AutoBuild: Including build template config/builds/sorceress.lightning.js into tools\autobuildthread.js
AutoBuild: Loaded helper thread
AutoBuild: Including build template config/builds/sorceress.lightning.js into tools\party.js
AutoBuild: Including build template config/builds/sorceress.lightning.js into tools\toolsthread.js
AutoBuild: Including build template config/builds/sorceress.lightning.js into default.dbj
AutoBuild: Including build template config/builds/sorceress.lightning.js into tools\autobuildthread.js
AutoBuild: Loaded helper thread
AutoBuild: Including build template config/builds/sorceress.lightning.js into tools\party.js
AutoBuild: Including build template config/builds/sorceress.lightning.js into tools\toolsthread.js
AutoBuild: Including build template config/builds/sorceress.lightning.js into default.dbj
AutoBuild: Including build template config/builds/sorceress.lightning.js into tools\autobuildthread.js
AutoBuild: Loaded helper thread
AutoBuild: Including build template config/builds/sorceress.lightning.js into tools\party.js
AutoBuild: Including build template config/builds/sorceress.lightning.js into tools\toolsthread.js
AutoBuild: Including build template config/builds/sorceress.lightning.js into default.dbj
AutoBuild: Including build template config/builds/sorceress.lightning.js into tools\autobuildthread.js
AutoBuild: Loaded helper thread
AutoBuild: Including build template config/builds/sorceress.lightning.js into tools\party.js
AutoBuild: Including build template config/builds/sorceress.lightning.js into tools\toolsthread.js
AutoBuild: Including build template config/builds/sorceress.lightning.js into default.dbj
AutoBuild: Including build template config/builds/sorceress.lightning.js into tools\autobuildthread.js
AutoBuild: Loaded helper thread
AutoBuild: Including build template config/builds/sorceress.lightning.js into tools\party.js
AutoBuild: Including build template config/builds/sorceress.lightning.js into tools\toolsthread.js
AutoBuild: Including build template config/builds/sorceress.lightning.js into default.dbj
AutoBuild: Including build template config/builds/sorceress.lightning.js into tools\autobuildthread.js
AutoBuild: Loaded helper thread
AutoBuild: Including build template config/builds/sorceress.lightning.js into tools\party.js
AutoBuild: Including build template config/builds/sorceress.lightning.js into tools\toolsthread.js
AutoBuild: Including build template config/builds/sorceress.lightning.js into default.dbj
AutoBuild: Including build template config/builds/sorceress.lightning.js into tools\autobuildthread.js
AutoBuild: Loaded helper thread
AutoBuild: Including build template config/builds/sorceress.lightning.js into tools\party.js
AutoBuild: Including build template config/builds/sorceress.lightning.js into tools\toolsthread.js
AutoBuild: Including build template config/builds/sorceress.lightning.js into default.dbj
AutoBuild: Including build template config/builds/sorceress.lightning.js into tools\autobuildthread.js
AutoBuild: Loaded helper thread
AutoBuild: Including build template config/builds/sorceress.lightning.js into tools\party.js
AutoBuild: Including build template config/builds/sorceress.lightning.js into tools\toolsthread.js
AutoBuild: Including build template config/builds/sorceress.lightning.js into default.dbj
AutoBuild: Including build template config/builds/sorceress.lightning.js into tools\autobuildthread.js
AutoBuild: Loaded helper thread
AutoBuild: Including build template config/builds/sorceress.lightning.js into tools\party.js
AutoBuild: Including build template config/builds/sorceress.lightning.js into tools\toolsthread.js
AutoBuild: Including build template config/builds/sorceress.lightning.js into default.dbj
AutoBuild: Including build template config/builds/sorceress.lightning.js into tools\autobuildthread.js
AutoBuild: Loaded helper thread
AutoBuild: Including build template config/builds/sorceress.lightning.js into tools\party.js
AutoBuild: Including build template config/builds/sorceress.lightning.js into tools\toolsthread.js
AutoBuild: Including build template config/builds/sorceress.lightning.js into default.dbj
AutoBuild: Including build template config/builds/sorceress.lightning.js into tools\autobuildthread.js
AutoBuild: Loaded helper thread
AutoBuild: Including build template config/builds/sorceress.lightning.js into tools\party.js
AutoBuild: Including build template config/builds/sorceress.lightning.js into tools\toolsthread.js
AutoBuild: Including build template config/builds/sorceress.lightning.js into default.dbj
AutoBuild: Including build template config/builds/sorceress.lightning.js into tools\autobuildthread.js
AutoBuild: Loaded helper thread
AutoBuild: Including build template config/builds/sorceress.lightning.js into tools\party.js
AutoBuild: Including build template config/builds/sorceress.lightning.js into tools\toolsthread.js
AutoBuild: Including build template config/builds/sorceress.lightning.js into default.dbj
AutoBuild: Including build template config/builds/sorceress.lightning.js into tools\autobuildthread.js
AutoBuild: Loaded helper thread
AutoBuild: Including build template config/builds/sorceress.lightning.js into tools\party.js
AutoBuild: Including build template config/builds/sorceress.lightning.js into tools\toolsthread.js
AutoBuild: Including build template config/builds/sorceress.lightning.js into default.dbj
AutoBuild: Including build template config/builds/sorceress.lightning.js into tools\autobuildthread.js
AutoBuild: Loaded helper thread
AutoBuild: Including build template config/builds/sorceress.lightning.js into tools\party.js
AutoBuild: Including build template config/builds/sorceress.lightning.js into tools\toolsthread.js
AutoBuild: Including build template config/builds/sorceress.lightning.js into default.dbj
AutoBuild: Including build template config/builds/sorceress.lightning.js into tools\autobuildthread.js
AutoBuild: Loaded helper thread
AutoBuild: Including build template config/builds/sorceress.lightning.js into tools\party.js
AutoBuild: Including build template config/builds/sorceress.lightning.js into tools\toolsthread.js
AutoBuild: Including build template config/builds/sorceress.lightning.js into default.dbj
AutoBuild: Including build template config/builds/sorceress.lightning.js into tools\autobuildthread.js
AutoBuild: Loaded helper thread
AutoBuild: Including build template config/builds/sorceress.lightning.js into tools\party.js
AutoBuild: Including build template config/builds/sorceress.lightning.js into tools\toolsthread.js
AutoBuild: Including build template config/builds/sorceress.lightning.js into default.dbj
AutoBuild: Including build template config/builds/sorceress.lightning.js into tools\autobuildthread.js
AutoBuild: Loaded helper thread
AutoBuild: Including build template config/builds/sorceress.lightning.js into tools\party.js
AutoBuild: Including build template config/builds/sorceress.lightning.js into tools\toolsthread.js
AutoBuild: Including build template config/builds/sorceress.lightning.js into default.dbj
AutoBuild: Including build template config/builds/sorceress.lightning.js into tools\autobuildthread.js
AutoBuild: Loaded helper thread
AutoBuild: Including build template config/builds/sorceress.lightning.js into tools\party.js
AutoBuild: Including build template config/builds/sorceress.lightning.js into tools\toolsthread.js
