AutoBuild: Stat points: 5      Skill points: 2
AutoBuild: Level up detected ( 14 --> 15 )
AutoBuild: useSkillPoint(): Ice Blast (45)
AutoBuild: Skill (1/1) Increased Ice Blast (45) by one (level:  7)
AutoBuild: useStatPoint(0): Strength
AutoBuild: Stat (1/5) Increased Strength from 24 to 25
AutoBuild: useStatPoint(1): Energy
AutoBuild: Stat (2/5) Increased Energy from 61 to 62
AutoBuild: useStatPoint(1): Energy
AutoBuild: Stat (3/5) Increased Energy from 62 to 63
AutoBuild: useStatPoint(3): Vitality
AutoBuild: Stat (4/5) Increased Vitality from 36 to 37
AutoBuild: useStatPoint(3): Vitality
AutoBuild: Stat (5/5) Increased Vitality from 37 to 38
AutoBuild: Updating Config from level 14 to 15
AutoBuild: Incrementing cached character level to 15
AutoBuild: Including build template config/builds/sorceress.blizzard.js into default.dbj
AutoBuild: Including build template config/builds/sorceress.blizzard.js into tools\autobuildthread.js
AutoBuild: Loaded helper thread
AutoBuild: Including build template config/builds/sorceress.blizzard.js into tools\party.js
AutoBuild: Including build template config/builds/sorceress.blizzard.js into tools\townchicken.js
AutoBuild: Including build template config/builds/sorceress.blizzard.js into tools\toolsthread.js
AutoBuild: Including build template config/builds/sorceress.blizzard.js into default.dbj
AutoBuild: Including build template config/builds/sorceress.blizzard.js into tools\autobuildthread.js
AutoBuild: Loaded helper thread
AutoBuild: Including build template config/builds/sorceress.blizzard.js into tools\party.js
AutoBuild: Including build template config/builds/sorceress.blizzard.js into tools\townchicken.js
AutoBuild: Including build template config/builds/sorceress.blizzard.js into tools\toolsthread.js
AutoBuild: Stat points: 5      Skill points: 2
AutoBuild: Level up detected ( 15 --> 16 )
AutoBuild: useSkillPoint(): Ice Blast (45)
AutoBuild: Skill (1/1) Increased Ice Blast (45) by one (level:  8)
AutoBuild: useStatPoint(0): Strength
AutoBuild: Stat (1/5) Increased Strength from 25 to 26
AutoBuild: useStatPoint(1): Energy
AutoBuild: Stat (2/5) Increased Energy from 63 to 64
AutoBuild: useStatPoint(1): Energy
AutoBuild: Stat (3/5) Increased Energy from 64 to 65
AutoBuild: useStatPoint(3): Vitality
AutoBuild: Stat (4/5) Increased Vitality from 38 to 39
AutoBuild: useStatPoint(3): Vitality
AutoBuild: Stat (5/5) Increased Vitality from 39 to 40
AutoBuild: Updating Config from level 15 to 16
AutoBuild: Incrementing cached character level to 16
AutoBuild: Stat points: 5      Skill points: 2
AutoBuild: Level up detected ( 16 --> 17 )
AutoBuild: useSkillPoint(): Ice Blast (45)
AutoBuild: Skill (1/1) Increased Ice Blast (45) by one (level:  9)
AutoBuild: useStatPoint(0): Strength
AutoBuild: Stat (1/5) Increased Strength from 26 to 27
AutoBuild: useStatPoint(1): Energy
AutoBuild: Stat (2/5) Increased Energy from 65 to 66
AutoBuild: useStatPoint(1): Energy
AutoBuild: Stat (3/5) Increased Energy from 66 to 67
AutoBuild: useStatPoint(3): Vitality
AutoBuild: Stat (4/5) Increased Vitality from 40 to 41
AutoBuild: useStatPoint(3): Vitality
AutoBuild: Stat (5/5) Increased Vitality from 41 to 42
AutoBuild: Updating Config from level 16 to 17
AutoBuild: Incrementing cached character level to 17
AutoBuild: Stat points: 5      Skill points: 2
AutoBuild: Level up detected ( 17 --> 18 )
AutoBuild: useSkillPoint(): Teleport (54)
AutoBuild: Skill (1/1) Increased Teleport (54) by one (level:  1)
AutoBuild: useStatPoint(0): Strength
AutoBuild: Stat (1/5) Increased Strength from 27 to 28
AutoBuild: useStatPoint(1): Energy
AutoBuild: Stat (2/5) Increased Energy from 67 to 68
AutoBuild: useStatPoint(1): Energy
AutoBuild: Stat (3/5) Increased Energy from 68 to 69
AutoBuild: useStatPoint(3): Vitality
AutoBuild: Stat (4/5) Increased Vitality from 42 to 43
AutoBuild: useStatPoint(3): Vitality
AutoBuild: Stat (5/5) Increased Vitality from 43 to 44
AutoBuild: Updating Config from level 17 to 18
AutoBuild: Incrementing cached character level to 18
AutoBuild: Stat points: 5      Skill points: 3
AutoBuild: Level up detected ( 18 --> 19 )
AutoBuild: useSkillPoint(): Glacial Spike (55)
AutoBuild: Skill (1/1) Increased Glacial Spike (55) by one (level:  1)
AutoBuild: useStatPoint(0): Strength
AutoBuild: Stat (1/5) Increased Strength from 28 to 29
AutoBuild: useStatPoint(1): Energy
AutoBuild: Stat (2/5) Increased Energy from 69 to 70
AutoBuild: useStatPoint(1): Energy
AutoBuild: Stat (3/5) Increased Energy from 70 to 71
AutoBuild: useStatPoint(3): Vitality
AutoBuild: Stat (4/5) Increased Vitality from 44 to 45
AutoBuild: useStatPoint(3): Vitality
AutoBuild: Stat (5/5) Increased Vitality from 45 to 46
AutoBuild: Updating Config from level 18 to 19
AutoBuild: Incrementing cached character level to 19
AutoBuild: Stat points: 5      Skill points: 3
AutoBuild: Level up detected ( 19 --> 20 )
AutoBuild: useSkillPoint(): Chain Lightning (53)
AutoBuild: Skill (1/1) Increased Chain Lightning (53) by one (level:  1)
AutoBuild: useStatPoint(0): Strength
AutoBuild: Stat (1/5) Increased Strength from 29 to 30
AutoBuild: useStatPoint(1): Energy
AutoBuild: Stat (2/5) Increased Energy from 71 to 72
AutoBuild: useStatPoint(1): Energy
AutoBuild: Stat (3/5) Increased Energy from 72 to 73
AutoBuild: useStatPoint(3): Vitality
AutoBuild: Stat (4/5) Increased Vitality from 46 to 47
AutoBuild: useStatPoint(3): Vitality
AutoBuild: Attempt to spend point 5 in Vitality may have failed!
AutoBuild: Updating Config from level 19 to 20
AutoBuild: Incrementing cached character level to 20
AutoBuild: Including build template config/builds/sorceress.blizzard.js into default.dbj
AutoBuild: Including build template config/builds/sorceress.blizzard.js into tools\autobuildthread.js
AutoBuild: Loaded helper thread
AutoBuild: Including build template config/builds/sorceress.blizzard.js into tools\party.js
AutoBuild: Including build template config/builds/sorceress.blizzard.js into tools\townchicken.js
AutoBuild: Including build template config/builds/sorceress.blizzard.js into tools\toolsthread.js
AutoBuild: Including build template config/builds/sorceress.blizzard.js into default.dbj
AutoBuild: Including build template config/builds/sorceress.blizzard.js into tools\autobuildthread.js
AutoBuild: Loaded helper thread
AutoBuild: Including build template config/builds/sorceress.blizzard.js into tools\party.js
AutoBuild: Including build template config/builds/sorceress.blizzard.js into tools\townchicken.js
AutoBuild: Including build template config/builds/sorceress.blizzard.js into tools\toolsthread.js
AutoBuild: Including build template config/builds/sorceress.blizzard.js into default.dbj
AutoBuild: Including build template config/builds/sorceress.blizzard.js into tools\autobuildthread.js
AutoBuild: Loaded helper thread
AutoBuild: Including build template config/builds/sorceress.blizzard.js into tools\party.js
AutoBuild: Including build template config/builds/sorceress.blizzard.js into tools\townchicken.js
AutoBuild: Including build template config/builds/sorceress.blizzard.js into tools\toolsthread.js
AutoBuild: Including build template config/builds/sorceress.blizzard.js into default.dbj
AutoBuild: Including build template config/builds/sorceress.blizzard.js into tools\autobuildthread.js
AutoBuild: Loaded helper thread
AutoBuild: Including build template config/builds/sorceress.blizzard.js into tools\party.js
AutoBuild: Including build template config/builds/sorceress.blizzard.js into tools\townchicken.js
AutoBuild: Including build template config/builds/sorceress.blizzard.js into tools\toolsthread.js
AutoBuild: Including build template config/builds/sorceress.blizzard.js into default.dbj
AutoBuild: Including build template config/builds/sorceress.blizzard.js into tools\autobuildthread.js
AutoBuild: Loaded helper thread
AutoBuild: Including build template config/builds/sorceress.blizzard.js into tools\party.js
AutoBuild: Including build template config/builds/sorceress.blizzard.js into tools\townchicken.js
AutoBuild: Including build template config/builds/sorceress.blizzard.js into tools\toolsthread.js
AutoBuild: Including build template config/builds/sorceress.blizzard.js into default.dbj
AutoBuild: Including build template config/builds/sorceress.blizzard.js into tools\autobuildthread.js
AutoBuild: Loaded helper thread
AutoBuild: Including build template config/builds/sorceress.blizzard.js into tools\party.js
AutoBuild: Including build template config/builds/sorceress.blizzard.js into tools\townchicken.js
AutoBuild: Including build template config/builds/sorceress.blizzard.js into tools\toolsthread.js
AutoBuild: Including build template config/builds/sorceress.blizzard.js into default.dbj
AutoBuild: Including build template config/builds/sorceress.blizzard.js into tools\autobuildthread.js
AutoBuild: Loaded helper thread
AutoBuild: Including build template config/builds/sorceress.blizzard.js into tools\party.js
AutoBuild: Including build template config/builds/sorceress.blizzard.js into tools\townchicken.js
AutoBuild: Including build template config/builds/sorceress.blizzard.js into tools\toolsthread.js
AutoBuild: Including build template config/builds/sorceress.blizzard.js into default.dbj
AutoBuild: Including build template config/builds/sorceress.blizzard.js into tools\autobuildthread.js
AutoBuild: Loaded helper thread
AutoBuild: Including build template config/builds/sorceress.blizzard.js into tools\party.js
AutoBuild: Including build template config/builds/sorceress.blizzard.js into tools\townchicken.js
AutoBuild: Including build template config/builds/sorceress.blizzard.js into tools\toolsthread.js
