AutoBuild: Including build template config/builds/sorceress.light.js into default.dbj
AutoBuild: Including build template config/builds/sorceress.light.js into tools\autobuildthread.js
AutoBuild: Loaded helper thread
AutoBuild: Including build template config/builds/sorceress.light.js into tools\party.js
AutoBuild: Including build template config/builds/sorceress.light.js into tools\townchicken.js
AutoBuild: Including build template config/builds/sorceress.light.js into tools\toolsthread.js
AutoBuild: Including build template config/builds/sorceress.light.js into default.dbj
AutoBuild: Including build template config/builds/sorceress.light.js into tools\autobuildthread.js
AutoBuild: Loaded helper thread
AutoBuild: Including build template config/builds/sorceress.light.js into tools\party.js
AutoBuild: Including build template config/builds/sorceress.light.js into tools\townchicken.js
AutoBuild: Including build template config/builds/sorceress.light.js into tools\toolsthread.js
AutoBuild: Stat points: 15      Skill points: 7
AutoBuild: Level up detected ( 56 --> 57 )
AutoBuild: useSkillPoint(): Chain Lightning (53)
AutoBuild: Skill (1/1) Increased Chain Lightning (53) by one (level:  3)
AutoBuild: useStatPoint(0): Strength
AutoBuild: Stat (1/5) Increased Strength from 65 to 66
AutoBuild: useStatPoint(1): Energy
AutoBuild: Attempt to spend point 2 in Energy may have failed!
AutoBuild: useStatPoint(1): Energy
AutoBuild: Stat (3/5) Increased Energy from 159 to 160
AutoBuild: useStatPoint(3): Vitality
AutoBuild: Stat (4/5) Increased Vitality from 120 to 121
AutoBuild: useStatPoint(3): Vitality
AutoBuild: Stat (5/5) Increased Vitality from 121 to 122
AutoBuild: Updating Config from level 56 to 57
AutoBuild: Incrementing cached character level to 57
AutoBuild: Including build template config/builds/sorceress.light.js into default.dbj
AutoBuild: Including build template config/builds/sorceress.light.js into tools\autobuildthread.js
AutoBuild: Loaded helper thread
AutoBuild: Including build template config/builds/sorceress.light.js into tools\party.js
AutoBuild: Including build template config/builds/sorceress.light.js into tools\townchicken.js
AutoBuild: Including build template config/builds/sorceress.light.js into tools\toolsthread.js
AutoBuild: Including build template config/builds/sorceress.light.js into default.dbj
AutoBuild: Including build template config/builds/sorceress.light.js into tools\autobuildthread.js
AutoBuild: Loaded helper thread
AutoBuild: Including build template config/builds/sorceress.light.js into tools\party.js
AutoBuild: Including build template config/builds/sorceress.light.js into tools\townchicken.js
AutoBuild: Including build template config/builds/sorceress.light.js into tools\toolsthread.js
AutoBuild: Including build template config/builds/sorceress.light.js into default.dbj
AutoBuild: Including build template config/builds/sorceress.light.js into tools\autobuildthread.js
AutoBuild: Loaded helper thread
AutoBuild: Including build template config/builds/sorceress.light.js into tools\party.js
AutoBuild: Including build template config/builds/sorceress.light.js into tools\townchicken.js
AutoBuild: Including build template config/builds/sorceress.light.js into tools\toolsthread.js
AutoBuild: Including build template config/builds/sorceress.light.js into default.dbj
AutoBuild: Including build template config/builds/sorceress.light.js into tools\autobuildthread.js
AutoBuild: Loaded helper thread
AutoBuild: Including build template config/builds/sorceress.light.js into tools\party.js
AutoBuild: Including build template config/builds/sorceress.light.js into tools\townchicken.js
AutoBuild: Including build template config/builds/sorceress.light.js into tools\toolsthread.js
AutoBuild: Including build template config/builds/sorceress.light.js into default.dbj
AutoBuild: Including build template config/builds/sorceress.light.js into tools\autobuildthread.js
AutoBuild: Loaded helper thread
AutoBuild: Including build template config/builds/sorceress.light.js into tools\party.js
AutoBuild: Including build template config/builds/sorceress.light.js into tools\townchicken.js
AutoBuild: Including build template config/builds/sorceress.light.js into tools\toolsthread.js
AutoBuild: Including build template config/builds/sorceress.light.js into default.dbj
AutoBuild: Including build template config/builds/sorceress.light.js into tools\autobuildthread.js
AutoBuild: Loaded helper thread
AutoBuild: Including build template config/builds/sorceress.light.js into tools\party.js
AutoBuild: Including build template config/builds/sorceress.light.js into tools\townchicken.js
AutoBuild: Including build template config/builds/sorceress.light.js into tools\toolsthread.js
AutoBuild: Stat points: 15      Skill points: 7
AutoBuild: Level up detected ( 57 --> 58 )
AutoBuild: useSkillPoint(): Chain Lightning (53)
AutoBuild: Skill (1/1) Increased Chain Lightning (53) by one (level:  4)
AutoBuild: useStatPoint(0): Strength
AutoBuild: Stat (1/5) Increased Strength from 74 to 75
AutoBuild: useStatPoint(1): Energy
AutoBuild: Stat (2/5) Increased Energy from 160 to 161
AutoBuild: useStatPoint(1): Energy
AutoBuild: Stat (3/5) Increased Energy from 161 to 162
AutoBuild: useStatPoint(3): Vitality
AutoBuild: Stat (4/5) Increased Vitality from 122 to 123
AutoBuild: useStatPoint(3): Vitality
AutoBuild: Stat (5/5) Increased Vitality from 123 to 124
AutoBuild: Updating Config from level 57 to 58
AutoBuild: Incrementing cached character level to 58
AutoBuild: Stat points: 15      Skill points: 7
AutoBuild: Level up detected ( 58 --> 59 )
AutoBuild: useSkillPoint(): Chain Lightning (53)
AutoBuild: Skill (1/1) Increased Chain Lightning (53) by one (level:  5)
AutoBuild: useStatPoint(0): Strength
AutoBuild: Stat (1/5) Increased Strength from 75 to 76
AutoBuild: useStatPoint(1): Energy
AutoBuild: Stat (2/5) Increased Energy from 162 to 163
AutoBuild: useStatPoint(1): Energy
AutoBuild: Attempt to spend point 3 in Energy may have failed!
AutoBuild: useStatPoint(3): Vitality
AutoBuild: Stat (4/5) Increased Vitality from 124 to 125
AutoBuild: useStatPoint(3): Vitality
AutoBuild: Stat (5/5) Increased Vitality from 125 to 126
AutoBuild: Updating Config from level 58 to 59
AutoBuild: Incrementing cached character level to 59
AutoBuild: Including build template config/builds/sorceress.light.js into default.dbj
AutoBuild: Including build template config/builds/sorceress.light.js into tools\autobuildthread.js
AutoBuild: Loaded helper thread
AutoBuild: Including build template config/builds/sorceress.light.js into tools\party.js
AutoBuild: Including build template config/builds/sorceress.light.js into tools\townchicken.js
AutoBuild: Including build template config/builds/sorceress.light.js into tools\toolsthread.js
AutoBuild: Stat points: 15      Skill points: 7
AutoBuild: Level up detected ( 59 --> 60 )
AutoBuild: useSkillPoint(): Chain Lightning (53)
AutoBuild: Skill (1/1) Increased Chain Lightning (53) by one (level:  6)
AutoBuild: useStatPoint(0): Strength
AutoBuild: Stat (1/5) Increased Strength from 76 to 77
AutoBuild: useStatPoint(1): Energy
AutoBuild: Stat (2/5) Increased Energy from 164 to 165
AutoBuild: useStatPoint(1): Energy
AutoBuild: Stat (3/5) Increased Energy from 165 to 166
AutoBuild: useStatPoint(3): Vitality
AutoBuild: Stat (4/5) Increased Vitality from 126 to 127
AutoBuild: useStatPoint(3): Vitality
AutoBuild: Stat (5/5) Increased Vitality from 127 to 128
AutoBuild: Updating Config from level 59 to 60
AutoBuild: Incrementing cached character level to 60
AutoBuild: Stat points: 15      Skill points: 9
AutoBuild: Level up detected ( 60 --> 61 )
AutoBuild: useSkillPoint(): Lightning (49)
AutoBuild: Attempt to spend skill point 1 in Lightning (49) may have failed!
AutoBuild: useSkillPoint(): Lightning Mastery (63)
AutoBuild: Attempt to spend skill point 2 in Lightning Mastery (63) may have failed!
AutoBuild: useSkillPoint(): Chain Lightning (53)
AutoBuild: Skill (3/4) Increased Chain Lightning (53) by one (level:  6)
AutoBuild: useSkillPoint(): Charged Bolt (38)
AutoBuild: Skill (4/4) Increased Charged Bolt (38) by one (level:  7)
AutoBuild: useStatPoint(0): Strength
AutoBuild: Stat (1/5) Increased Strength from 77 to 78
AutoBuild: useStatPoint(1): Energy
AutoBuild: Stat (2/5) Increased Energy from 166 to 167
AutoBuild: useStatPoint(1): Energy
AutoBuild: Stat (3/5) Increased Energy from 167 to 168
AutoBuild: useStatPoint(3): Vitality
AutoBuild: Stat (4/5) Increased Vitality from 128 to 129
AutoBuild: useStatPoint(3): Vitality
AutoBuild: Stat (5/5) Increased Vitality from 129 to 130
AutoBuild: Updating Config from level 60 to 61
AutoBuild: Incrementing cached character level to 61
AutoBuild: Including build template config/builds/sorceress.light.js into default.dbj
AutoBuild: Including build template config/builds/sorceress.light.js into tools\autobuildthread.js
AutoBuild: Loaded helper thread
AutoBuild: Including build template config/builds/sorceress.light.js into tools\party.js
AutoBuild: Including build template config/builds/sorceress.light.js into tools\townchicken.js
AutoBuild: Including build template config/builds/sorceress.light.js into tools\toolsthread.js
AutoBuild: Including build template config/builds/sorceress.light.js into default.dbj
AutoBuild: Including build template config/builds/sorceress.light.js into tools\autobuildthread.js
AutoBuild: Loaded helper thread
AutoBuild: Including build template config/builds/sorceress.light.js into tools\party.js
AutoBuild: Including build template config/builds/sorceress.light.js into tools\toolsthread.js
AutoBuild: Including build template config/builds/sorceress.light.js into tools\townchicken.js
AutoBuild: Including build template config/builds/sorceress.light.js into default.dbj
AutoBuild: Including build template config/builds/sorceress.light.js into tools\autobuildthread.js
AutoBuild: Loaded helper thread
AutoBuild: Including build template config/builds/sorceress.light.js into tools\party.js
AutoBuild: Including build template config/builds/sorceress.light.js into tools\townchicken.js
AutoBuild: Including build template config/builds/sorceress.light.js into tools\toolsthread.js
AutoBuild: Including build template config/builds/sorceress.light.js into default.dbj
AutoBuild: Including build template config/builds/sorceress.light.js into tools\autobuildthread.js
AutoBuild: Loaded helper thread
AutoBuild: Including build template config/builds/sorceress.light.js into tools\party.js
AutoBuild: Including build template config/builds/sorceress.light.js into tools\townchicken.js
AutoBuild: Including build template config/builds/sorceress.light.js into tools\toolsthread.js
AutoBuild: Including build template config/builds/sorceress.light.js into default.dbj
AutoBuild: Including build template config/builds/sorceress.light.js into tools\autobuildthread.js
AutoBuild: Loaded helper thread
AutoBuild: Including build template config/builds/sorceress.light.js into tools\party.js
AutoBuild: Including build template config/builds/sorceress.light.js into tools\townchicken.js
AutoBuild: Including build template config/builds/sorceress.light.js into tools\toolsthread.js
AutoBuild: Including build template config/builds/sorceress.light.js into default.dbj
AutoBuild: Including build template config/builds/sorceress.light.js into tools\autobuildthread.js
AutoBuild: Loaded helper thread
AutoBuild: Including build template config/builds/sorceress.light.js into tools\party.js
AutoBuild: Including build template config/builds/sorceress.light.js into tools\toolsthread.js
AutoBuild: Including build template config/builds/sorceress.light.js into tools\townchicken.js
AutoBuild: Including build template config/builds/sorceress.light.js into default.dbj
AutoBuild: Including build template config/builds/sorceress.light.js into tools\autobuildthread.js
AutoBuild: Loaded helper thread
AutoBuild: Including build template config/builds/sorceress.light.js into tools\party.js
AutoBuild: Including build template config/builds/sorceress.light.js into tools\townchicken.js
AutoBuild: Including build template config/builds/sorceress.light.js into tools\toolsthread.js
AutoBuild: Including build template config/builds/sorceress.light.js into default.dbj
AutoBuild: Including build template config/builds/sorceress.light.js into tools\autobuildthread.js
AutoBuild: Loaded helper thread
AutoBuild: Including build template config/builds/sorceress.light.js into tools\party.js
AutoBuild: Including build template config/builds/sorceress.light.js into tools\townchicken.js
AutoBuild: Including build template config/builds/sorceress.light.js into tools\toolsthread.js
AutoBuild: Including build template config/builds/sorceress.light.js into default.dbj
AutoBuild: Including build template config/builds/sorceress.light.js into tools\autobuildthread.js
AutoBuild: Loaded helper thread
AutoBuild: Including build template config/builds/sorceress.light.js into tools\party.js
AutoBuild: Including build template config/builds/sorceress.light.js into tools\townchicken.js
AutoBuild: Including build template config/builds/sorceress.light.js into tools\toolsthread.js
AutoBuild: Including build template config/builds/sorceress.light.js into default.dbj
AutoBuild: Including build template config/builds/sorceress.light.js into tools\autobuildthread.js
AutoBuild: Loaded helper thread
AutoBuild: Including build template config/builds/sorceress.light.js into tools\party.js
AutoBuild: Including build template config/builds/sorceress.light.js into tools\townchicken.js
AutoBuild: Including build template config/builds/sorceress.light.js into tools\toolsthread.js
AutoBuild: Including build template config/builds/sorceress.light.js into default.dbj
AutoBuild: Including build template config/builds/sorceress.light.js into tools\autobuildthread.js
AutoBuild: Loaded helper thread
AutoBuild: Including build template config/builds/sorceress.light.js into tools\party.js
AutoBuild: Including build template config/builds/sorceress.light.js into tools\townchicken.js
AutoBuild: Including build template config/builds/sorceress.light.js into tools\toolsthread.js
AutoBuild: Including build template config/builds/sorceress.light.js into default.dbj
AutoBuild: Including build template config/builds/sorceress.light.js into tools\autobuildthread.js
AutoBuild: Loaded helper thread
AutoBuild: Including build template config/builds/sorceress.light.js into tools\party.js
AutoBuild: Including build template config/builds/sorceress.light.js into tools\townchicken.js
AutoBuild: Including build template config/builds/sorceress.light.js into tools\toolsthread.js
AutoBuild: Stat points: 15      Skill points: 8
AutoBuild: Level up detected ( 61 --> 62 )
AutoBuild: useSkillPoint(): Lightning (49)
AutoBuild: Attempt to spend skill point 1 in Lightning (49) may have failed!
AutoBuild: useSkillPoint(): Lightning Mastery (63)
AutoBuild: Attempt to spend skill point 2 in Lightning Mastery (63) may have failed!
AutoBuild: useSkillPoint(): Chain Lightning (53)
AutoBuild: Skill (3/4) Increased Chain Lightning (53) by one (level:  7)
AutoBuild: useSkillPoint(): Charged Bolt (38)
AutoBuild: Skill (4/4) Increased Charged Bolt (38) by one (level:  8)
AutoBuild: useStatPoint(0): Strength
AutoBuild: Stat (1/5) Increased Strength from 78 to 79
AutoBuild: useStatPoint(1): Energy
AutoBuild: Stat (2/5) Increased Energy from 168 to 169
AutoBuild: useStatPoint(1): Energy
AutoBuild: Stat (3/5) Increased Energy from 169 to 170
AutoBuild: useStatPoint(3): Vitality
AutoBuild: Stat (4/5) Increased Vitality from 130 to 131
AutoBuild: useStatPoint(3): Vitality
AutoBuild: Stat (5/5) Increased Vitality from 131 to 132
AutoBuild: Updating Config from level 61 to 62
AutoBuild: Incrementing cached character level to 62
AutoBuild: Including build template config/builds/sorceress.light.js into default.dbj
AutoBuild: Including build template config/builds/sorceress.light.js into tools\autobuildthread.js
AutoBuild: Loaded helper thread
AutoBuild: Including build template config/builds/sorceress.light.js into tools\party.js
AutoBuild: Including build template config/builds/sorceress.light.js into tools\townchicken.js
AutoBuild: Including build template config/builds/sorceress.light.js into tools\toolsthread.js
AutoBuild: Including build template config/builds/sorceress.light.js into default.dbj
AutoBuild: Including build template config/builds/sorceress.light.js into tools\autobuildthread.js
AutoBuild: Loaded helper thread
AutoBuild: Including build template config/builds/sorceress.light.js into tools\party.js
AutoBuild: Including build template config/builds/sorceress.light.js into tools\townchicken.js
AutoBuild: Including build template config/builds/sorceress.light.js into tools\toolsthread.js
AutoBuild: Stat points: 15      Skill points: 7
AutoBuild: Level up detected ( 62 --> 63 )
AutoBuild: useSkillPoint(): Lightning (49)
AutoBuild: Attempt to spend skill point 1 in Lightning (49) may have failed!
AutoBuild: useSkillPoint(): Lightning Mastery (63)
AutoBuild: Attempt to spend skill point 2 in Lightning Mastery (63) may have failed!
AutoBuild: useSkillPoint(): Chain Lightning (53)
AutoBuild: Skill (3/4) Increased Chain Lightning (53) by one (level:  9)
AutoBuild: useSkillPoint(): Charged Bolt (38)
AutoBuild: Skill (4/4) Increased Charged Bolt (38) by one (level:  10)
AutoBuild: useStatPoint(0): Strength
AutoBuild: Stat (1/5) Increased Strength from 79 to 80
AutoBuild: useStatPoint(1): Energy
AutoBuild: Stat (2/5) Increased Energy from 170 to 171
AutoBuild: useStatPoint(1): Energy
AutoBuild: Stat (3/5) Increased Energy from 171 to 172
AutoBuild: useStatPoint(3): Vitality
AutoBuild: Stat (4/5) Increased Vitality from 132 to 133
AutoBuild: useStatPoint(3): Vitality
AutoBuild: Stat (5/5) Increased Vitality from 133 to 134
AutoBuild: Updating Config from level 62 to 63
AutoBuild: Incrementing cached character level to 63
AutoBuild: Including build template config/builds/sorceress.light.js into default.dbj
AutoBuild: Including build template config/builds/sorceress.light.js into tools\autobuildthread.js
AutoBuild: Loaded helper thread
AutoBuild: Including build template config/builds/sorceress.light.js into tools\party.js
AutoBuild: Including build template config/builds/sorceress.light.js into tools\townchicken.js
AutoBuild: Including build template config/builds/sorceress.light.js into tools\toolsthread.js
AutoBuild: Stat points: 15      Skill points: 6
AutoBuild: Level up detected ( 63 --> 64 )
AutoBuild: useSkillPoint(): Lightning (49)
AutoBuild: Attempt to spend skill point 1 in Lightning (49) may have failed!
AutoBuild: useSkillPoint(): Lightning Mastery (63)
AutoBuild: Attempt to spend skill point 2 in Lightning Mastery (63) may have failed!
AutoBuild: useSkillPoint(): Chain Lightning (53)
AutoBuild: Skill (3/4) Increased Chain Lightning (53) by one (level:  9)
AutoBuild: useSkillPoint(): Charged Bolt (38)
AutoBuild: Skill (4/4) Increased Charged Bolt (38) by one (level:  10)
AutoBuild: useStatPoint(0): Strength
AutoBuild: Stat (1/5) Increased Strength from 80 to 81
AutoBuild: useStatPoint(1): Energy
AutoBuild: Stat (2/5) Increased Energy from 172 to 173
AutoBuild: useStatPoint(1): Energy
AutoBuild: Stat (3/5) Increased Energy from 173 to 174
AutoBuild: useStatPoint(3): Vitality
AutoBuild: Stat (4/5) Increased Vitality from 134 to 135
AutoBuild: useStatPoint(3): Vitality
AutoBuild: Stat (5/5) Increased Vitality from 135 to 136
AutoBuild: Updating Config from level 63 to 64
AutoBuild: Incrementing cached character level to 64
AutoBuild: Stat points: 15      Skill points: 5
AutoBuild: Level up detected ( 64 --> 65 )
AutoBuild: useSkillPoint(): Lightning (49)
AutoBuild: Attempt to spend skill point 1 in Lightning (49) may have failed!
AutoBuild: useSkillPoint(): Lightning Mastery (63)
AutoBuild: Attempt to spend skill point 2 in Lightning Mastery (63) may have failed!
AutoBuild: useSkillPoint(): Chain Lightning (53)
AutoBuild: Skill (3/4) Increased Chain Lightning (53) by one (level:  11)
AutoBuild: useSkillPoint(): Charged Bolt (38)
AutoBuild: Skill (4/4) Increased Charged Bolt (38) by one (level:  12)
AutoBuild: useStatPoint(0): Strength
AutoBuild: Stat (1/5) Increased Strength from 81 to 82
AutoBuild: useStatPoint(1): Energy
AutoBuild: Stat (2/5) Increased Energy from 174 to 175
AutoBuild: useStatPoint(1): Energy
AutoBuild: Stat (3/5) Increased Energy from 175 to 176
AutoBuild: useStatPoint(3): Vitality
AutoBuild: Stat (4/5) Increased Vitality from 136 to 137
AutoBuild: useStatPoint(3): Vitality
AutoBuild: Stat (5/5) Increased Vitality from 137 to 138
AutoBuild: Updating Config from level 64 to 65
AutoBuild: Incrementing cached character level to 65
AutoBuild: Stat points: 15      Skill points: 4
AutoBuild: Level up detected ( 65 --> 66 )
AutoBuild: useSkillPoint(): Lightning (49)
AutoBuild: Attempt to spend skill point 1 in Lightning (49) may have failed!
AutoBuild: useSkillPoint(): Lightning Mastery (63)
AutoBuild: Attempt to spend skill point 2 in Lightning Mastery (63) may have failed!
AutoBuild: useSkillPoint(): Chain Lightning (53)
AutoBuild: Skill (3/4) Increased Chain Lightning (53) by one (level:  11)
AutoBuild: useSkillPoint(): Charged Bolt (38)
AutoBuild: Skill (4/4) Increased Charged Bolt (38) by one (level:  12)
AutoBuild: useStatPoint(0): Strength
AutoBuild: Stat (1/5) Increased Strength from 82 to 83
AutoBuild: useStatPoint(1): Energy
AutoBuild: Stat (2/5) Increased Energy from 176 to 177
AutoBuild: useStatPoint(1): Energy
AutoBuild: Stat (3/5) Increased Energy from 177 to 178
AutoBuild: useStatPoint(3): Vitality
AutoBuild: Stat (4/5) Increased Vitality from 138 to 139
AutoBuild: useStatPoint(3): Vitality
AutoBuild: Stat (5/5) Increased Vitality from 139 to 140
AutoBuild: Updating Config from level 65 to 66
AutoBuild: Incrementing cached character level to 66
AutoBuild: Stat points: 15      Skill points: 3
AutoBuild: Level up detected ( 66 --> 67 )
AutoBuild: Warning: Number of skills specified in your build template at level 67 exceeds the available unused skill points
Only the first 3 skills 49, 63, 53 will be added
AutoBuild: useSkillPoint(): Lightning (49)
AutoBuild: Attempt to spend skill point 1 in Lightning (49) may have failed!
AutoBuild: useSkillPoint(): Lightning Mastery (63)
AutoBuild: Attempt to spend skill point 2 in Lightning Mastery (63) may have failed!
AutoBuild: useSkillPoint(): Chain Lightning (53)
AutoBuild: Skill (3/3) Increased Chain Lightning (53) by one (level:  13)
AutoBuild: useStatPoint(0): Strength
AutoBuild: Stat (1/5) Increased Strength from 83 to 84
AutoBuild: useStatPoint(1): Energy
AutoBuild: Stat (2/5) Increased Energy from 178 to 179
AutoBuild: useStatPoint(1): Energy
AutoBuild: Stat (3/5) Increased Energy from 179 to 180
AutoBuild: useStatPoint(3): Vitality
AutoBuild: Stat (4/5) Increased Vitality from 140 to 141
AutoBuild: useStatPoint(3): Vitality
AutoBuild: Stat (5/5) Increased Vitality from 141 to 142
AutoBuild: Updating Config from level 66 to 67
AutoBuild: Incrementing cached character level to 67
AutoBuild: Including build template config/builds/sorceress.light.js into default.dbj
AutoBuild: Including build template config/builds/sorceress.light.js into tools\autobuildthread.js
AutoBuild: Loaded helper thread
AutoBuild: Including build template config/builds/sorceress.light.js into tools\party.js
AutoBuild: Including build template config/builds/sorceress.light.js into tools\townchicken.js
AutoBuild: Including build template config/builds/sorceress.light.js into tools\toolsthread.js
AutoBuild: Stat points: 15      Skill points: 3
AutoBuild: Level up detected ( 67 --> 68 )
AutoBuild: Warning: Number of skills specified in your build template at level 68 exceeds the available unused skill points
Only the first 3 skills 49, 63, 53 will be added
AutoBuild: useSkillPoint(): Lightning (49)
AutoBuild: Attempt to spend skill point 1 in Lightning (49) may have failed!
AutoBuild: useSkillPoint(): Lightning Mastery (63)
AutoBuild: Attempt to spend skill point 2 in Lightning Mastery (63) may have failed!
AutoBuild: useSkillPoint(): Chain Lightning (53)
AutoBuild: Skill (3/3) Increased Chain Lightning (53) by one (level:  14)
AutoBuild: useStatPoint(0): Strength
AutoBuild: Stat (1/5) Increased Strength from 84 to 85
AutoBuild: useStatPoint(1): Energy
AutoBuild: Stat (2/5) Increased Energy from 180 to 181
AutoBuild: useStatPoint(1): Energy
AutoBuild: Stat (3/5) Increased Energy from 181 to 182
AutoBuild: useStatPoint(3): Vitality
AutoBuild: Stat (4/5) Increased Vitality from 142 to 143
AutoBuild: useStatPoint(3): Vitality
AutoBuild: Stat (5/5) Increased Vitality from 143 to 144
AutoBuild: Updating Config from level 67 to 68
AutoBuild: Incrementing cached character level to 68
AutoBuild: Including build template config/builds/sorceress.light.js into default.dbj
AutoBuild: Including build template config/builds/sorceress.light.js into tools\autobuildthread.js
AutoBuild: Loaded helper thread
AutoBuild: Including build template config/builds/sorceress.light.js into tools\party.js
AutoBuild: Including build template config/builds/sorceress.light.js into tools\townchicken.js
AutoBuild: Including build template config/builds/sorceress.light.js into tools\toolsthread.js
AutoBuild: Stat points: 15      Skill points: 3
AutoBuild: Level up detected ( 68 --> 69 )
AutoBuild: Warning: Number of skills specified in your build template at level 69 exceeds the available unused skill points
Only the first 3 skills 49, 63, 53 will be added
AutoBuild: useSkillPoint(): Lightning (49)
AutoBuild: Attempt to spend skill point 1 in Lightning (49) may have failed!
AutoBuild: useSkillPoint(): Lightning Mastery (63)
AutoBuild: Attempt to spend skill point 2 in Lightning Mastery (63) may have failed!
AutoBuild: useSkillPoint(): Chain Lightning (53)
AutoBuild: Skill (3/3) Increased Chain Lightning (53) by one (level:  15)
AutoBuild: useStatPoint(0): Strength
AutoBuild: Stat (1/5) Increased Strength from 85 to 86
AutoBuild: useStatPoint(1): Energy
AutoBuild: Stat (2/5) Increased Energy from 182 to 183
AutoBuild: useStatPoint(1): Energy
AutoBuild: Stat (3/5) Increased Energy from 183 to 184
AutoBuild: useStatPoint(3): Vitality
AutoBuild: Stat (4/5) Increased Vitality from 144 to 145
AutoBuild: useStatPoint(3): Vitality
AutoBuild: Stat (5/5) Increased Vitality from 145 to 146
AutoBuild: Updating Config from level 68 to 69
AutoBuild: Incrementing cached character level to 69
AutoBuild: Including build template config/builds/sorceress.light.js into default.dbj
AutoBuild: Including build template config/builds/sorceress.light.js into tools\autobuildthread.js
AutoBuild: Loaded helper thread
AutoBuild: Including build template config/builds/sorceress.light.js into tools\party.js
AutoBuild: Including build template config/builds/sorceress.light.js into tools\townchicken.js
AutoBuild: Including build template config/builds/sorceress.light.js into tools\toolsthread.js
AutoBuild: Stat points: 15      Skill points: 3
AutoBuild: Level up detected ( 69 --> 70 )
AutoBuild: Warning: Number of skills specified in your build template at level 70 exceeds the available unused skill points
Only the first 3 skills 49, 63, 53 will be added
AutoBuild: useSkillPoint(): Lightning (49)
AutoBuild: Attempt to spend skill point 1 in Lightning (49) may have failed!
AutoBuild: useSkillPoint(): Lightning Mastery (63)
AutoBuild: Attempt to spend skill point 2 in Lightning Mastery (63) may have failed!
AutoBuild: useSkillPoint(): Chain Lightning (53)
AutoBuild: Skill (3/3) Increased Chain Lightning (53) by one (level:  15)
AutoBuild: useStatPoint(0): Strength
AutoBuild: Stat (1/5) Increased Strength from 86 to 87
AutoBuild: useStatPoint(1): Energy
AutoBuild: Stat (2/5) Increased Energy from 184 to 185
AutoBuild: useStatPoint(1): Energy
AutoBuild: Stat (3/5) Increased Energy from 185 to 186
AutoBuild: useStatPoint(3): Vitality
AutoBuild: Stat (4/5) Increased Vitality from 146 to 147
AutoBuild: useStatPoint(3): Vitality
AutoBuild: Stat (5/5) Increased Vitality from 147 to 148
AutoBuild: Updating Config from level 69 to 70
AutoBuild: Incrementing cached character level to 70
AutoBuild: Including build template config/builds/sorceress.light.js into default.dbj
AutoBuild: Including build template config/builds/sorceress.light.js into tools\autobuildthread.js
AutoBuild: Loaded helper thread
AutoBuild: Including build template config/builds/sorceress.light.js into tools\party.js
AutoBuild: Including build template config/builds/sorceress.light.js into tools\townchicken.js
AutoBuild: Including build template config/builds/sorceress.light.js into tools\toolsthread.js
AutoBuild: Stat points: 15      Skill points: 3
AutoBuild: Level up detected ( 70 --> 71 )
AutoBuild: useSkillPoint(): Chain Lightning (53)
AutoBuild: Skill (1/1) Increased Chain Lightning (53) by one (level:  16)
AutoBuild: useStatPoint(0): Strength
AutoBuild: Stat (1/5) Increased Strength from 87 to 88
AutoBuild: useStatPoint(1): Energy
AutoBuild: Stat (2/5) Increased Energy from 186 to 187
AutoBuild: useStatPoint(1): Energy
AutoBuild: Stat (3/5) Increased Energy from 187 to 188
AutoBuild: useStatPoint(3): Vitality
AutoBuild: Stat (4/5) Increased Vitality from 148 to 149
AutoBuild: useStatPoint(3): Vitality
AutoBuild: Stat (5/5) Increased Vitality from 149 to 150
AutoBuild: Updating Config from level 70 to 71
AutoBuild: Incrementing cached character level to 71
AutoBuild: Including build template config/builds/sorceress.light.js into default.dbj
AutoBuild: Including build template config/builds/sorceress.light.js into tools\autobuildthread.js
AutoBuild: Loaded helper thread
AutoBuild: Including build template config/builds/sorceress.light.js into tools\party.js
AutoBuild: Including build template config/builds/sorceress.light.js into tools\toolsthread.js
AutoBuild: Including build template config/builds/sorceress.light.js into tools\townchicken.js
AutoBuild: Stat points: 15      Skill points: 3
AutoBuild: Level up detected ( 71 --> 72 )
AutoBuild: useSkillPoint(): Chain Lightning (53)
AutoBuild: Skill (1/1) Increased Chain Lightning (53) by one (level:  17)
AutoBuild: useStatPoint(0): Strength
AutoBuild: Stat (1/5) Increased Strength from 88 to 89
AutoBuild: useStatPoint(1): Energy
AutoBuild: Stat (2/5) Increased Energy from 188 to 189
AutoBuild: useStatPoint(1): Energy
AutoBuild: Stat (3/5) Increased Energy from 189 to 190
AutoBuild: useStatPoint(3): Vitality
AutoBuild: Stat (4/5) Increased Vitality from 150 to 151
AutoBuild: useStatPoint(3): Vitality
AutoBuild: Stat (5/5) Increased Vitality from 151 to 152
AutoBuild: Updating Config from level 71 to 72
AutoBuild: Incrementing cached character level to 72
AutoBuild: Including build template config/builds/sorceress.light.js into default.dbj
AutoBuild: Including build template config/builds/sorceress.light.js into tools\autobuildthread.js
AutoBuild: Loaded helper thread
AutoBuild: Including build template config/builds/sorceress.light.js into tools\party.js
AutoBuild: Including build template config/builds/sorceress.light.js into tools\toolsthread.js
AutoBuild: Including build template config/builds/sorceress.light.js into tools\townchicken.js
AutoBuild: Including build template config/builds/sorceress.light.js into default.dbj
AutoBuild: Including build template config/builds/sorceress.light.js into tools\autobuildthread.js
AutoBuild: Loaded helper thread
AutoBuild: Including build template config/builds/sorceress.light.js into tools\party.js
AutoBuild: Including build template config/builds/sorceress.light.js into tools\townchicken.js
AutoBuild: Including build template config/builds/sorceress.light.js into tools\toolsthread.js
AutoBuild: Including build template config/builds/sorceress.light.js into default.dbj
AutoBuild: Including build template config/builds/sorceress.light.js into tools\autobuildthread.js
AutoBuild: Loaded helper thread
AutoBuild: Including build template config/builds/sorceress.light.js into tools\party.js
AutoBuild: Including build template config/builds/sorceress.light.js into tools\toolsthread.js
AutoBuild: Including build template config/builds/sorceress.light.js into tools\townchicken.js
AutoBuild: Stat points: 15      Skill points: 3
AutoBuild: Level up detected ( 72 --> 73 )
AutoBuild: useSkillPoint(): Chain Lightning (53)
AutoBuild: Skill (1/1) Increased Chain Lightning (53) by one (level:  18)
AutoBuild: useStatPoint(0): Strength
AutoBuild: Stat (1/5) Increased Strength from 89 to 90
AutoBuild: useStatPoint(1): Energy
AutoBuild: Stat (2/5) Increased Energy from 177 to 178
AutoBuild: useStatPoint(1): Energy
AutoBuild: Stat (3/5) Increased Energy from 178 to 179
AutoBuild: useStatPoint(3): Vitality
AutoBuild: Stat (4/5) Increased Vitality from 152 to 153
AutoBuild: useStatPoint(3): Vitality
AutoBuild: Stat (5/5) Increased Vitality from 153 to 154
AutoBuild: Updating Config from level 72 to 73
AutoBuild: Incrementing cached character level to 73
AutoBuild: Including build template config/builds/sorceress.light.js into default.dbj
AutoBuild: Including build template config/builds/sorceress.light.js into tools\autobuildthread.js
AutoBuild: Loaded helper thread
AutoBuild: Including build template config/builds/sorceress.light.js into tools\party.js
AutoBuild: Including build template config/builds/sorceress.light.js into tools\townchicken.js
AutoBuild: Including build template config/builds/sorceress.light.js into tools\toolsthread.js
AutoBuild: Including build template config/builds/sorceress.light.js into default.dbj
AutoBuild: Including build template config/builds/sorceress.light.js into tools\autobuildthread.js
AutoBuild: Loaded helper thread
AutoBuild: Including build template config/builds/sorceress.light.js into tools\party.js
AutoBuild: Including build template config/builds/sorceress.light.js into tools\townchicken.js
AutoBuild: Including build template config/builds/sorceress.light.js into tools\toolsthread.js
AutoBuild: Stat points: 15      Skill points: 3
AutoBuild: Level up detected ( 73 --> 74 )
AutoBuild: useSkillPoint(): Chain Lightning (53)
AutoBuild: Skill (1/1) Increased Chain Lightning (53) by one (level:  19)
AutoBuild: useStatPoint(0): Strength
AutoBuild: Stat (1/5) Increased Strength from 90 to 91
AutoBuild: useStatPoint(1): Energy
AutoBuild: Stat (2/5) Increased Energy from 179 to 180
AutoBuild: useStatPoint(1): Energy
AutoBuild: Stat (3/5) Increased Energy from 180 to 181
AutoBuild: useStatPoint(3): Vitality
AutoBuild: Stat (4/5) Increased Vitality from 154 to 155
AutoBuild: useStatPoint(3): Vitality
AutoBuild: Stat (5/5) Increased Vitality from 155 to 156
AutoBuild: Updating Config from level 73 to 74
AutoBuild: Incrementing cached character level to 74
AutoBuild: Including build template config/builds/sorceress.light.js into default.dbj
AutoBuild: Including build template config/builds/sorceress.light.js into tools\autobuildthread.js
AutoBuild: Loaded helper thread
AutoBuild: Including build template config/builds/sorceress.light.js into tools\party.js
AutoBuild: Including build template config/builds/sorceress.light.js into tools\toolsthread.js
AutoBuild: Including build template config/builds/sorceress.light.js into tools\townchicken.js
AutoBuild: Including build template config/builds/sorceress.light.js into default.dbj
AutoBuild: Including build template config/builds/sorceress.light.js into tools\autobuildthread.js
AutoBuild: Loaded helper thread
AutoBuild: Including build template config/builds/sorceress.light.js into tools\party.js
AutoBuild: Including build template config/builds/sorceress.light.js into tools\townchicken.js
AutoBuild: Including build template config/builds/sorceress.light.js into tools\toolsthread.js
AutoBuild: Including build template config/builds/sorceress.light.js into default.dbj
AutoBuild: Including build template config/builds/sorceress.light.js into tools\autobuildthread.js
AutoBuild: Loaded helper thread
AutoBuild: Including build template config/builds/sorceress.light.js into tools\party.js
AutoBuild: Including build template config/builds/sorceress.light.js into tools\townchicken.js
AutoBuild: Including build template config/builds/sorceress.light.js into tools\toolsthread.js
