AutoBuild: Including build template config/builds/necromancer.summoner.js into default.dbj
AutoBuild: Including build template config/builds/necromancer.summoner.js into tools\autobuildthread.js
AutoBuild: Loaded helper thread
AutoBuild: Including build template config/builds/necromancer.summoner.js into tools\party.js
AutoBuild: Including build template config/builds/necromancer.summoner.js into tools\toolsthread.js
AutoBuild: Including build template config/builds/necromancer.summoner.js into default.dbj
AutoBuild: Including build template config/builds/necromancer.summoner.js into tools\autobuildthread.js
AutoBuild: Loaded helper thread
AutoBuild: Including build template config/builds/necromancer.summoner.js into tools\party.js
AutoBuild: Including build template config/builds/necromancer.summoner.js into tools\toolsthread.js
AutoBuild: Including build template config/builds/necromancer.summoner.js into default.dbj
AutoBuild: Including build template config/builds/necromancer.summoner.js into tools\autobuildthread.js
AutoBuild: Loaded helper thread
AutoBuild: Including build template config/builds/necromancer.summoner.js into tools\party.js
AutoBuild: Including build template config/builds/necromancer.summoner.js into tools\toolsthread.js
AutoBuild: Including build template config/builds/necromancer.summoner.js into default.dbj
AutoBuild: Including build template config/builds/necromancer.summoner.js into tools\autobuildthread.js
AutoBuild: Loaded helper thread
AutoBuild: Including build template config/builds/necromancer.summoner.js into tools\party.js
AutoBuild: Including build template config/builds/necromancer.summoner.js into tools\toolsthread.js
AutoBuild: Including build template config/builds/necromancer.summoner.js into default.dbj
AutoBuild: Including build template config/builds/necromancer.summoner.js into tools\autobuildthread.js
AutoBuild: Loaded helper thread
AutoBuild: Including build template config/builds/necromancer.summoner.js into tools\party.js
AutoBuild: Including build template config/builds/necromancer.summoner.js into tools\toolsthread.js
AutoBuild: Including build template config/builds/necromancer.summoner.js into default.dbj
AutoBuild: Including build template config/builds/necromancer.summoner.js into tools\autobuildthread.js
AutoBuild: Loaded helper thread
AutoBuild: Including build template config/builds/necromancer.summoner.js into tools\party.js
AutoBuild: Including build template config/builds/necromancer.summoner.js into tools\toolsthread.js
AutoBuild: Including build template config/builds/necromancer.summoner.js into default.dbj
AutoBuild: Including build template config/builds/necromancer.summoner.js into tools\autobuildthread.js
AutoBuild: Loaded helper thread
AutoBuild: Including build template config/builds/necromancer.summoner.js into tools\party.js
AutoBuild: Including build template config/builds/necromancer.summoner.js into tools\toolsthread.js
AutoBuild: Stat points: 5      Skill points: 2
AutoBuild: Level up detected ( 79 --> 80 )
AutoBuild: useSkillPoint(): Revive (95)
AutoBuild: Skill (1/1) Increased Revive (95) by one (level:  17)
AutoBuild: useStatPoint(0): Strength
AutoBuild: Stat (1/5) Increased Strength from 95 to 96
AutoBuild: useStatPoint(3): Vitality
AutoBuild: Stat (2/5) Increased Vitality from 335 to 336
AutoBuild: useStatPoint(3): Vitality
AutoBuild: Stat (3/5) Increased Vitality from 336 to 337
AutoBuild: useStatPoint(3): Vitality
AutoBuild: Stat (4/5) Increased Vitality from 337 to 338
AutoBuild: useStatPoint(3): Vitality
AutoBuild: Stat (5/5) Increased Vitality from 338 to 339
AutoBuild: Updating Config from level 79 to 80
AutoBuild: Incrementing cached character level to 80
AutoBuild: Including build template config/builds/necromancer.summoner.js into default.dbj
AutoBuild: Including build template config/builds/necromancer.summoner.js into tools\autobuildthread.js
AutoBuild: Loaded helper thread
AutoBuild: Including build template config/builds/necromancer.summoner.js into tools\party.js
AutoBuild: Including build template config/builds/necromancer.summoner.js into tools\toolsthread.js
AutoBuild: Including build template config/builds/necromancer.summoner.js into default.dbj
AutoBuild: Including build template config/builds/necromancer.summoner.js into tools\autobuildthread.js
AutoBuild: Loaded helper thread
AutoBuild: Including build template config/builds/necromancer.summoner.js into tools\party.js
AutoBuild: Including build template config/builds/necromancer.summoner.js into tools\toolsthread.js
AutoBuild: Including build template config/builds/necromancer.summoner.js into default.dbj
AutoBuild: Including build template config/builds/necromancer.summoner.js into tools\autobuildthread.js
AutoBuild: Loaded helper thread
AutoBuild: Including build template config/builds/necromancer.summoner.js into tools\party.js
AutoBuild: Including build template config/builds/necromancer.summoner.js into tools\toolsthread.js
AutoBuild: Including build template config/builds/necromancer.summoner.js into default.dbj
AutoBuild: Including build template config/builds/necromancer.summoner.js into tools\autobuildthread.js
AutoBuild: Loaded helper thread
AutoBuild: Including build template config/builds/necromancer.summoner.js into tools\party.js
AutoBuild: Including build template config/builds/necromancer.summoner.js into tools\toolsthread.js
AutoBuild: Including build template config/builds/necromancer.summoner.js into default.dbj
AutoBuild: Including build template config/builds/necromancer.summoner.js into tools\autobuildthread.js
AutoBuild: Loaded helper thread
AutoBuild: Including build template config/builds/necromancer.summoner.js into tools\party.js
AutoBuild: Including build template config/builds/necromancer.summoner.js into tools\toolsthread.js
AutoBuild: Including build template config/builds/necromancer.summoner.js into default.dbj
AutoBuild: Including build template config/builds/necromancer.summoner.js into tools\autobuildthread.js
AutoBuild: Loaded helper thread
AutoBuild: Including build template config/builds/necromancer.summoner.js into tools\party.js
AutoBuild: Including build template config/builds/necromancer.summoner.js into tools\toolsthread.js
AutoBuild: Including build template config/builds/necromancer.summoner.js into default.dbj
AutoBuild: Including build template config/builds/necromancer.summoner.js into tools\autobuildthread.js
AutoBuild: Loaded helper thread
AutoBuild: Including build template config/builds/necromancer.summoner.js into tools\party.js
AutoBuild: Including build template config/builds/necromancer.summoner.js into tools\toolsthread.js
AutoBuild: Including build template config/builds/necromancer.summoner.js into default.dbj
AutoBuild: Including build template config/builds/necromancer.summoner.js into tools\autobuildthread.js
AutoBuild: Loaded helper thread
AutoBuild: Including build template config/builds/necromancer.summoner.js into tools\party.js
AutoBuild: Including build template config/builds/necromancer.summoner.js into tools\toolsthread.js
AutoBuild: Including build template config/builds/necromancer.summoner.js into default.dbj
AutoBuild: Including build template config/builds/necromancer.summoner.js into tools\autobuildthread.js
AutoBuild: Loaded helper thread
AutoBuild: Including build template config/builds/necromancer.summoner.js into tools\party.js
AutoBuild: Including build template config/builds/necromancer.summoner.js into tools\toolsthread.js
AutoBuild: Including build template config/builds/necromancer.summoner.js into default.dbj
AutoBuild: Including build template config/builds/necromancer.summoner.js into tools\autobuildthread.js
AutoBuild: Loaded helper thread
AutoBuild: Including build template config/builds/necromancer.summoner.js into tools\party.js
AutoBuild: Including build template config/builds/necromancer.summoner.js into tools\toolsthread.js
AutoBuild: Stat points: 5      Skill points: 2
AutoBuild: Level up detected ( 80 --> 81 )
AutoBuild: useSkillPoint(): Revive (95)
AutoBuild: Skill (1/1) Increased Revive (95) by one (level:  18)
AutoBuild: useStatPoint(0): Strength
AutoBuild: Stat (1/5) Increased Strength from 96 to 97
AutoBuild: useStatPoint(3): Vitality
AutoBuild: Stat (2/5) Increased Vitality from 339 to 340
AutoBuild: useStatPoint(3): Vitality
AutoBuild: Stat (3/5) Increased Vitality from 340 to 341
AutoBuild: useStatPoint(3): Vitality
AutoBuild: Stat (4/5) Increased Vitality from 341 to 342
AutoBuild: useStatPoint(3): Vitality
AutoBuild: Stat (5/5) Increased Vitality from 342 to 343
AutoBuild: Updating Config from level 80 to 81
AutoBuild: Incrementing cached character level to 81
AutoBuild: Including build template config/builds/necromancer.summoner.js into default.dbj
AutoBuild: Including build template config/builds/necromancer.summoner.js into tools\autobuildthread.js
AutoBuild: Including build template config/builds/necromancer.summoner.js into tools\party.js
AutoBuild: Loaded helper thread
AutoBuild: Including build template config/builds/necromancer.summoner.js into tools\toolsthread.js
AutoBuild: Including build template config/builds/necromancer.summoner.js into default.dbj
AutoBuild: Including build template config/builds/necromancer.summoner.js into tools\autobuildthread.js
AutoBuild: Loaded helper thread
AutoBuild: Including build template config/builds/necromancer.summoner.js into tools\party.js
AutoBuild: Including build template config/builds/necromancer.summoner.js into tools\toolsthread.js
AutoBuild: Including build template config/builds/necromancer.summoner.js into default.dbj
AutoBuild: Including build template config/builds/necromancer.summoner.js into tools\autobuildthread.js
AutoBuild: Loaded helper thread
AutoBuild: Including build template config/builds/necromancer.summoner.js into tools\party.js
AutoBuild: Including build template config/builds/necromancer.summoner.js into tools\toolsthread.js
AutoBuild: Including build template config/builds/necromancer.summoner.js into default.dbj
AutoBuild: Including build template config/builds/necromancer.summoner.js into tools\autobuildthread.js
AutoBuild: Loaded helper thread
AutoBuild: Including build template config/builds/necromancer.summoner.js into tools\party.js
AutoBuild: Including build template config/builds/necromancer.summoner.js into tools\toolsthread.js
AutoBuild: Including build template config/builds/necromancer.summoner.js into default.dbj
AutoBuild: Including build template config/builds/necromancer.summoner.js into tools\autobuildthread.js
AutoBuild: Loaded helper thread
AutoBuild: Including build template config/builds/necromancer.summoner.js into tools\party.js
AutoBuild: Including build template config/builds/necromancer.summoner.js into tools\toolsthread.js
AutoBuild: Including build template config/builds/necromancer.summoner.js into default.dbj
AutoBuild: Including build template config/builds/necromancer.summoner.js into tools\autobuildthread.js
AutoBuild: Loaded helper thread
AutoBuild: Including build template config/builds/necromancer.summoner.js into tools\party.js
AutoBuild: Including build template config/builds/necromancer.summoner.js into tools\toolsthread.js
AutoBuild: Including build template config/builds/necromancer.summoner.js into default.dbj
AutoBuild: Including build template config/builds/necromancer.summoner.js into tools\autobuildthread.js
AutoBuild: Loaded helper thread
AutoBuild: Including build template config/builds/necromancer.summoner.js into tools\party.js
AutoBuild: Including build template config/builds/necromancer.summoner.js into tools\toolsthread.js
AutoBuild: Including build template config/builds/necromancer.summoner.js into default.dbj
AutoBuild: Including build template config/builds/necromancer.summoner.js into tools\autobuildthread.js
AutoBuild: Loaded helper thread
AutoBuild: Including build template config/builds/necromancer.summoner.js into tools\party.js
AutoBuild: Including build template config/builds/necromancer.summoner.js into tools\toolsthread.js
AutoBuild: Including build template config/builds/necromancer.summoner.js into default.dbj
AutoBuild: Including build template config/builds/necromancer.summoner.js into tools\autobuildthread.js
AutoBuild: Loaded helper thread
AutoBuild: Including build template config/builds/necromancer.summoner.js into tools\party.js
AutoBuild: Including build template config/builds/necromancer.summoner.js into tools\toolsthread.js
AutoBuild: Including build template config/builds/necromancer.summoner.js into default.dbj
AutoBuild: Including build template config/builds/necromancer.summoner.js into tools\autobuildthread.js
AutoBuild: Loaded helper thread
AutoBuild: Including build template config/builds/necromancer.summoner.js into tools\party.js
AutoBuild: Including build template config/builds/necromancer.summoner.js into tools\toolsthread.js
AutoBuild: Including build template config/builds/necromancer.summoner.js into default.dbj
AutoBuild: Including build template config/builds/necromancer.summoner.js into tools\autobuildthread.js
AutoBuild: Loaded helper thread
AutoBuild: Including build template config/builds/necromancer.summoner.js into tools\party.js
AutoBuild: Including build template config/builds/necromancer.summoner.js into tools\toolsthread.js
AutoBuild: Stat points: 5      Skill points: 2
AutoBuild: Level up detected ( 81 --> 82 )
AutoBuild: useSkillPoint(): Revive (95)
AutoBuild: Skill (1/1) Increased Revive (95) by one (level:  18)
AutoBuild: useStatPoint(0): Strength
AutoBuild: Stat (1/5) Increased Strength from 97 to 98
AutoBuild: useStatPoint(3): Vitality
AutoBuild: Stat (2/5) Increased Vitality from 343 to 344
AutoBuild: useStatPoint(3): Vitality
AutoBuild: Stat (3/5) Increased Vitality from 344 to 345
AutoBuild: useStatPoint(3): Vitality
AutoBuild: Stat (4/5) Increased Vitality from 345 to 346
AutoBuild: useStatPoint(3): Vitality
AutoBuild: Stat (5/5) Increased Vitality from 346 to 347
AutoBuild: Updating Config from level 81 to 82
AutoBuild: Incrementing cached character level to 82
AutoBuild: Including build template config/builds/necromancer.summoner.js into default.dbj
AutoBuild: Including build template config/builds/necromancer.summoner.js into tools\autobuildthread.js
AutoBuild: Loaded helper thread
AutoBuild: Including build template config/builds/necromancer.summoner.js into tools\party.js
AutoBuild: Including build template config/builds/necromancer.summoner.js into tools\toolsthread.js
AutoBuild: Including build template config/builds/necromancer.summoner.js into default.dbj
AutoBuild: Including build template config/builds/necromancer.summoner.js into tools\autobuildthread.js
AutoBuild: Loaded helper thread
AutoBuild: Including build template config/builds/necromancer.summoner.js into tools\party.js
AutoBuild: Including build template config/builds/necromancer.summoner.js into tools\toolsthread.js
AutoBuild: Including build template config/builds/necromancer.summoner.js into default.dbj
AutoBuild: Including build template config/builds/necromancer.summoner.js into tools\autobuildthread.js
AutoBuild: Loaded helper thread
AutoBuild: Including build template config/builds/necromancer.summoner.js into tools\party.js
AutoBuild: Including build template config/builds/necromancer.summoner.js into tools\toolsthread.js
AutoBuild: Including build template config/builds/necromancer.summoner.js into default.dbj
AutoBuild: Including build template config/builds/necromancer.summoner.js into tools\autobuildthread.js
AutoBuild: Loaded helper thread
AutoBuild: Including build template config/builds/necromancer.summoner.js into tools\party.js
AutoBuild: Including build template config/builds/necromancer.summoner.js into tools\toolsthread.js
AutoBuild: Including build template config/builds/necromancer.summoner.js into default.dbj
AutoBuild: Including build template config/builds/necromancer.summoner.js into tools\autobuildthread.js
AutoBuild: Loaded helper thread
AutoBuild: Including build template config/builds/necromancer.summoner.js into tools\party.js
AutoBuild: Including build template config/builds/necromancer.summoner.js into tools\toolsthread.js
AutoBuild: Including build template config/builds/necromancer.summoner.js into default.dbj
AutoBuild: Including build template config/builds/necromancer.summoner.js into tools\autobuildthread.js
AutoBuild: Loaded helper thread
AutoBuild: Including build template config/builds/necromancer.summoner.js into tools\party.js
AutoBuild: Including build template config/builds/necromancer.summoner.js into tools\toolsthread.js
AutoBuild: Including build template config/builds/necromancer.summoner.js into default.dbj
AutoBuild: Including build template config/builds/necromancer.summoner.js into tools\autobuildthread.js
AutoBuild: Loaded helper thread
AutoBuild: Including build template config/builds/necromancer.summoner.js into tools\party.js
AutoBuild: Including build template config/builds/necromancer.summoner.js into tools\toolsthread.js
AutoBuild: Including build template config/builds/necromancer.summoner.js into default.dbj
AutoBuild: Including build template config/builds/necromancer.summoner.js into tools\autobuildthread.js
AutoBuild: Loaded helper thread
AutoBuild: Including build template config/builds/necromancer.summoner.js into tools\party.js
AutoBuild: Including build template config/builds/necromancer.summoner.js into tools\toolsthread.js
AutoBuild: Including build template config/builds/necromancer.summoner.js into default.dbj
AutoBuild: Including build template config/builds/necromancer.summoner.js into tools\autobuildthread.js
AutoBuild: Loaded helper thread
AutoBuild: Including build template config/builds/necromancer.summoner.js into tools\party.js
AutoBuild: Including build template config/builds/necromancer.summoner.js into tools\toolsthread.js
AutoBuild: Including build template config/builds/necromancer.summoner.js into default.dbj
AutoBuild: Including build template config/builds/necromancer.summoner.js into tools\autobuildthread.js
AutoBuild: Loaded helper thread
AutoBuild: Including build template config/builds/necromancer.summoner.js into tools\party.js
AutoBuild: Including build template config/builds/necromancer.summoner.js into tools\toolsthread.js
AutoBuild: Including build template config/builds/necromancer.summoner.js into default.dbj
AutoBuild: Including build template config/builds/necromancer.summoner.js into tools\autobuildthread.js
AutoBuild: Loaded helper thread
AutoBuild: Including build template config/builds/necromancer.summoner.js into tools\party.js
AutoBuild: Including build template config/builds/necromancer.summoner.js into tools\toolsthread.js
AutoBuild: Including build template config/builds/necromancer.summoner.js into default.dbj
AutoBuild: Including build template config/builds/necromancer.summoner.js into tools\autobuildthread.js
AutoBuild: Loaded helper thread
AutoBuild: Including build template config/builds/necromancer.summoner.js into tools\party.js
AutoBuild: Including build template config/builds/necromancer.summoner.js into tools\toolsthread.js
AutoBuild: Including build template config/builds/necromancer.summoner.js into default.dbj
AutoBuild: Including build template config/builds/necromancer.summoner.js into tools\autobuildthread.js
AutoBuild: Loaded helper thread
AutoBuild: Including build template config/builds/necromancer.summoner.js into tools\party.js
AutoBuild: Including build template config/builds/necromancer.summoner.js into tools\toolsthread.js
AutoBuild: Including build template config/builds/necromancer.summoner.js into default.dbj
AutoBuild: Including build template config/builds/necromancer.summoner.js into tools\autobuildthread.js
AutoBuild: Loaded helper thread
AutoBuild: Including build template config/builds/necromancer.summoner.js into tools\party.js
AutoBuild: Including build template config/builds/necromancer.summoner.js into tools\toolsthread.js
AutoBuild: Including build template config/builds/necromancer.summoner.js into default.dbj
AutoBuild: Including build template config/builds/necromancer.summoner.js into tools\autobuildthread.js
AutoBuild: Loaded helper thread
AutoBuild: Including build template config/builds/necromancer.summoner.js into tools\party.js
AutoBuild: Including build template config/builds/necromancer.summoner.js into tools\toolsthread.js
AutoBuild: Including build template config/builds/necromancer.summoner.js into default.dbj
AutoBuild: Including build template config/builds/necromancer.summoner.js into tools\autobuildthread.js
AutoBuild: Loaded helper thread
AutoBuild: Including build template config/builds/necromancer.summoner.js into tools\party.js
AutoBuild: Including build template config/builds/necromancer.summoner.js into tools\toolsthread.js
