AutoBuild: Including build template config/builds/barbarian.singer.js into default.dbj
AutoBuild: Including build template config/builds/barbarian.singer.js into tools\autobuildthread.js
AutoBuild: Loaded helper thread
AutoBuild: Including build template config/builds/barbarian.singer.js into tools\party.js
AutoBuild: Including build template config/builds/barbarian.singer.js into tools\townchicken.js
AutoBuild: Including build template config/builds/barbarian.singer.js into tools\toolsthread.js
AutoBuild: Stat points: 5      Skill points: 4
AutoBuild: Level up detected ( 33 --> 34 )
AutoBuild: useSkillPoint(): Battle Orders (149)
AutoBuild: Skill (1/1) Increased Battle Orders (149) by one (level:  12)
AutoBuild: useStatPoint(0): Strength
AutoBuild: Stat (1/5) Increased Strength from 65 to 66
AutoBuild: useStatPoint(3): Vitality
AutoBuild: Stat (2/5) Increased Vitality from 157 to 158
AutoBuild: useStatPoint(3): Vitality
AutoBuild: Stat (3/5) Increased Vitality from 158 to 159
AutoBuild: useStatPoint(3): Vitality
AutoBuild: Stat (4/5) Increased Vitality from 159 to 160
AutoBuild: useStatPoint(3): Vitality
AutoBuild: Stat (5/5) Increased Vitality from 160 to 161
AutoBuild: Updating Config from level 33 to 34
AutoBuild: Incrementing cached character level to 34
AutoBuild: Stat points: 5      Skill points: 4
AutoBuild: Level up detected ( 34 --> 35 )
AutoBuild: useSkillPoint(): Battle Orders (149)
AutoBuild: Skill (1/1) Increased Battle Orders (149) by one (level:  12)
AutoBuild: useStatPoint(0): Strength
AutoBuild: Stat (1/5) Increased Strength from 66 to 67
AutoBuild: useStatPoint(3): Vitality
AutoBuild: Stat (2/5) Increased Vitality from 161 to 162
AutoBuild: useStatPoint(3): Vitality
AutoBuild: Stat (3/5) Increased Vitality from 162 to 163
AutoBuild: useStatPoint(3): Vitality
AutoBuild: Stat (4/5) Increased Vitality from 163 to 164
AutoBuild: useStatPoint(3): Vitality
AutoBuild: Stat (5/5) Increased Vitality from 164 to 165
AutoBuild: Updating Config from level 34 to 35
AutoBuild: Incrementing cached character level to 35
AutoBuild: Stat points: 5      Skill points: 4
AutoBuild: Level up detected ( 35 --> 36 )
AutoBuild: useSkillPoint(): Battle Orders (149)
AutoBuild: Skill (1/1) Increased Battle Orders (149) by one (level:  14)
AutoBuild: useStatPoint(0): Strength
AutoBuild: Stat (1/5) Increased Strength from 67 to 68
AutoBuild: useStatPoint(3): Vitality
AutoBuild: Stat (2/5) Increased Vitality from 165 to 166
AutoBuild: useStatPoint(3): Vitality
AutoBuild: Stat (3/5) Increased Vitality from 166 to 167
AutoBuild: useStatPoint(3): Vitality
AutoBuild: Stat (4/5) Increased Vitality from 167 to 168
AutoBuild: useStatPoint(3): Vitality
AutoBuild: Stat (5/5) Increased Vitality from 168 to 169
AutoBuild: Updating Config from level 35 to 36
AutoBuild: Incrementing cached character level to 36
AutoBuild: Stat points: 5      Skill points: 4
AutoBuild: Level up detected ( 36 --> 37 )
AutoBuild: useSkillPoint(): Battle Orders (149)
AutoBuild: Skill (1/1) Increased Battle Orders (149) by one (level:  15)
AutoBuild: useStatPoint(0): Strength
AutoBuild: Stat (1/5) Increased Strength from 68 to 69
AutoBuild: useStatPoint(3): Vitality
AutoBuild: Stat (2/5) Increased Vitality from 169 to 170
AutoBuild: useStatPoint(3): Vitality
AutoBuild: Stat (3/5) Increased Vitality from 170 to 171
AutoBuild: useStatPoint(3): Vitality
AutoBuild: Stat (4/5) Increased Vitality from 171 to 172
AutoBuild: useStatPoint(3): Vitality
AutoBuild: Stat (5/5) Increased Vitality from 172 to 173
AutoBuild: Updating Config from level 36 to 37
AutoBuild: Incrementing cached character level to 37
AutoBuild: Including build template config/builds/barbarian.singer.js into default.dbj
AutoBuild: Including build template config/builds/barbarian.singer.js into tools\autobuildthread.js
AutoBuild: Loaded helper thread
AutoBuild: Including build template config/builds/barbarian.singer.js into tools\party.js
AutoBuild: Including build template config/builds/barbarian.singer.js into tools\toolsthread.js
AutoBuild: Including build template config/builds/barbarian.singer.js into tools\townchicken.js
AutoBuild: Stat points: 5      Skill points: 4
AutoBuild: Level up detected ( 37 --> 38 )
AutoBuild: useSkillPoint(): Battle Orders (149)
AutoBuild: Skill (1/1) Increased Battle Orders (149) by one (level:  15)
AutoBuild: useStatPoint(0): Strength
AutoBuild: Stat (1/5) Increased Strength from 69 to 70
AutoBuild: useStatPoint(3): Vitality
AutoBuild: Stat (2/5) Increased Vitality from 173 to 174
AutoBuild: useStatPoint(3): Vitality
AutoBuild: Stat (3/5) Increased Vitality from 174 to 175
AutoBuild: useStatPoint(3): Vitality
AutoBuild: Stat (4/5) Increased Vitality from 175 to 176
AutoBuild: useStatPoint(3): Vitality
AutoBuild: Stat (5/5) Increased Vitality from 176 to 177
AutoBuild: Updating Config from level 37 to 38
AutoBuild: Incrementing cached character level to 38
AutoBuild: Stat points: 5      Skill points: 4
AutoBuild: Level up detected ( 38 --> 39 )
AutoBuild: useSkillPoint(): Battle Orders (149)
AutoBuild: Skill (1/1) Increased Battle Orders (149) by one (level:  17)
AutoBuild: useStatPoint(0): Strength
AutoBuild: Stat (1/5) Increased Strength from 70 to 71
AutoBuild: useStatPoint(3): Vitality
AutoBuild: Stat (2/5) Increased Vitality from 177 to 178
AutoBuild: useStatPoint(3): Vitality
AutoBuild: Stat (3/5) Increased Vitality from 178 to 179
AutoBuild: useStatPoint(3): Vitality
AutoBuild: Stat (4/5) Increased Vitality from 179 to 180
AutoBuild: useStatPoint(3): Vitality
AutoBuild: Stat (5/5) Increased Vitality from 180 to 181
AutoBuild: Updating Config from level 38 to 39
AutoBuild: Incrementing cached character level to 39
AutoBuild: Including build template config/builds/barbarian.singer.js into default.dbj
AutoBuild: Including build template config/builds/barbarian.singer.js into tools\autobuildthread.js
AutoBuild: Loaded helper thread
AutoBuild: Including build template config/builds/barbarian.singer.js into tools\party.js
AutoBuild: Including build template config/builds/barbarian.singer.js into tools\townchicken.js
AutoBuild: Including build template config/builds/barbarian.singer.js into tools\toolsthread.js
AutoBuild: Stat points: 5      Skill points: 4
AutoBuild: Level up detected ( 39 --> 40 )
AutoBuild: useSkillPoint(): Battle Orders (149)
AutoBuild: Skill (1/1) Increased Battle Orders (149) by one (level:  18)
AutoBuild: useStatPoint(0): Strength
AutoBuild: Stat (1/5) Increased Strength from 71 to 72
AutoBuild: useStatPoint(3): Vitality
AutoBuild: Stat (2/5) Increased Vitality from 181 to 182
AutoBuild: useStatPoint(3): Vitality
AutoBuild: Stat (3/5) Increased Vitality from 182 to 183
AutoBuild: useStatPoint(3): Vitality
AutoBuild: Stat (4/5) Increased Vitality from 183 to 184
AutoBuild: useStatPoint(3): Vitality
AutoBuild: Stat (5/5) Increased Vitality from 184 to 185
AutoBuild: Updating Config from level 39 to 40
AutoBuild: Incrementing cached character level to 40
AutoBuild: Including build template config/builds/barbarian.singer.js into default.dbj
AutoBuild: Including build template config/builds/barbarian.singer.js into tools\autobuildthread.js
AutoBuild: Loaded helper thread
AutoBuild: Including build template config/builds/barbarian.singer.js into tools\party.js
AutoBuild: Including build template config/builds/barbarian.singer.js into tools\townchicken.js
AutoBuild: Including build template config/builds/barbarian.singer.js into tools\toolsthread.js
AutoBuild: Stat points: 5      Skill points: 4
AutoBuild: Level up detected ( 40 --> 41 )
AutoBuild: useSkillPoint(): Battle Orders (149)
AutoBuild: Skill (1/1) Increased Battle Orders (149) by one (level:  19)
AutoBuild: useStatPoint(0): Strength
AutoBuild: Stat (1/5) Increased Strength from 72 to 73
AutoBuild: useStatPoint(3): Vitality
AutoBuild: Stat (2/5) Increased Vitality from 185 to 186
AutoBuild: useStatPoint(3): Vitality
AutoBuild: Stat (3/5) Increased Vitality from 186 to 187
AutoBuild: useStatPoint(3): Vitality
AutoBuild: Stat (4/5) Increased Vitality from 187 to 188
AutoBuild: useStatPoint(3): Vitality
AutoBuild: Stat (5/5) Increased Vitality from 188 to 189
AutoBuild: Updating Config from level 40 to 41
AutoBuild: Incrementing cached character level to 41
AutoBuild: Including build template config/builds/barbarian.singer.js into default.dbj
AutoBuild: Including build template config/builds/barbarian.singer.js into tools\autobuildthread.js
AutoBuild: Loaded helper thread
AutoBuild: Including build template config/builds/barbarian.singer.js into tools\party.js
AutoBuild: Including build template config/builds/barbarian.singer.js into tools\townchicken.js
AutoBuild: Including build template config/builds/barbarian.singer.js into tools\toolsthread.js
AutoBuild: Stat points: 5      Skill points: 5
AutoBuild: Level up detected ( 41 --> 42 )
AutoBuild: useSkillPoint(): Battle Orders (149)
AutoBuild: Attempt to spend skill point 1 in Battle Orders (149) may have failed!
AutoBuild: useStatPoint(0): Strength
AutoBuild: Attempt to spend point 1 in Strength may have failed!
AutoBuild: useStatPoint(3): Vitality
AutoBuild: Attempt to spend point 2 in Vitality may have failed!
AutoBuild: useStatPoint(3): Vitality
AutoBuild: Attempt to spend point 3 in Vitality may have failed!
AutoBuild: useStatPoint(3): Vitality
AutoBuild: Attempt to spend point 4 in Vitality may have failed!
AutoBuild: useStatPoint(3): Vitality
AutoBuild: Attempt to spend point 5 in Vitality may have failed!
AutoBuild: Updating Config from level 41 to 42
AutoBuild: Incrementing cached character level to 42
AutoBuild: Stat points: 10      Skill points: 6
AutoBuild: Level up detected ( 42 --> 43 )
AutoBuild: useSkillPoint(): Battle Orders (149)
AutoBuild: Skill (1/1) Increased Battle Orders (149) by one (level:  20)
AutoBuild: useStatPoint(0): Strength
AutoBuild: Stat (1/5) Increased Strength from 73 to 74
AutoBuild: useStatPoint(3): Vitality
AutoBuild: Stat (2/5) Increased Vitality from 189 to 190
AutoBuild: useStatPoint(3): Vitality
AutoBuild: Stat (3/5) Increased Vitality from 190 to 191
AutoBuild: useStatPoint(3): Vitality
AutoBuild: Stat (4/5) Increased Vitality from 191 to 192
AutoBuild: useStatPoint(3): Vitality
AutoBuild: Stat (5/5) Increased Vitality from 192 to 193
AutoBuild: Updating Config from level 42 to 43
AutoBuild: Incrementing cached character level to 43
AutoBuild: Stat points: 10      Skill points: 6
AutoBuild: Level up detected ( 43 --> 44 )
AutoBuild: useSkillPoint(): Battle Orders (149)
AutoBuild: Skill (1/1) Increased Battle Orders (149) by one (level:  21)
AutoBuild: useStatPoint(0): Strength
AutoBuild: Stat (1/5) Increased Strength from 74 to 75
AutoBuild: useStatPoint(3): Vitality
AutoBuild: Stat (2/5) Increased Vitality from 193 to 194
AutoBuild: useStatPoint(3): Vitality
AutoBuild: Stat (3/5) Increased Vitality from 194 to 195
AutoBuild: useStatPoint(3): Vitality
AutoBuild: Stat (4/5) Increased Vitality from 195 to 196
AutoBuild: useStatPoint(3): Vitality
AutoBuild: Stat (5/5) Increased Vitality from 196 to 197
AutoBuild: Updating Config from level 43 to 44
AutoBuild: Incrementing cached character level to 44
AutoBuild: Stat points: 10      Skill points: 6
AutoBuild: Level up detected ( 44 --> 45 )
AutoBuild: useSkillPoint(): Shout (138)
AutoBuild: Skill (1/1) Increased Shout (138) by one (level:  17)
AutoBuild: useStatPoint(0): Strength
AutoBuild: Stat (1/5) Increased Strength from 75 to 76
AutoBuild: useStatPoint(3): Vitality
AutoBuild: Stat (2/5) Increased Vitality from 197 to 198
AutoBuild: useStatPoint(3): Vitality
AutoBuild: Stat (3/5) Increased Vitality from 198 to 199
AutoBuild: useStatPoint(3): Vitality
AutoBuild: Stat (4/5) Increased Vitality from 199 to 200
AutoBuild: useStatPoint(3): Vitality
AutoBuild: Stat (5/5) Increased Vitality from 200 to 201
AutoBuild: Updating Config from level 44 to 45
AutoBuild: Incrementing cached character level to 45
AutoBuild: Including build template config/builds/barbarian.singer.js into default.dbj
AutoBuild: Including build template config/builds/barbarian.singer.js into tools\autobuildthread.js
AutoBuild: Loaded helper thread
AutoBuild: Including build template config/builds/barbarian.singer.js into tools\party.js
AutoBuild: Including build template config/builds/barbarian.singer.js into tools\townchicken.js
AutoBuild: Including build template config/builds/barbarian.singer.js into tools\toolsthread.js
AutoBuild: Including build template config/builds/barbarian.singer.js into default.dbj
AutoBuild: Including build template config/builds/barbarian.singer.js into tools\autobuildthread.js
AutoBuild: Loaded helper thread
AutoBuild: Including build template config/builds/barbarian.singer.js into tools\party.js
AutoBuild: Including build template config/builds/barbarian.singer.js into tools\townchicken.js
AutoBuild: Including build template config/builds/barbarian.singer.js into tools\toolsthread.js
AutoBuild: Including build template config/builds/barbarian.singer.js into default.dbj
AutoBuild: Including build template config/builds/barbarian.singer.js into tools\autobuildthread.js
AutoBuild: Loaded helper thread
AutoBuild: Including build template config/builds/barbarian.singer.js into tools\party.js
AutoBuild: Including build template config/builds/barbarian.singer.js into tools\townchicken.js
AutoBuild: Including build template config/builds/barbarian.singer.js into tools\toolsthread.js
AutoBuild: Including build template config/builds/barbarian.singer.js into default.dbj
AutoBuild: Including build template config/builds/barbarian.singer.js into tools\autobuildthread.js
AutoBuild: Loaded helper thread
AutoBuild: Including build template config/builds/barbarian.singer.js into tools\party.js
AutoBuild: Including build template config/builds/barbarian.singer.js into tools\toolsthread.js
AutoBuild: Including build template config/builds/barbarian.singer.js into tools\townchicken.js
AutoBuild: Including build template config/builds/barbarian.singer.js into default.dbj
AutoBuild: Including build template config/builds/barbarian.singer.js into tools\autobuildthread.js
AutoBuild: Loaded helper thread
AutoBuild: Including build template config/builds/barbarian.singer.js into tools\party.js
AutoBuild: Including build template config/builds/barbarian.singer.js into tools\townchicken.js
AutoBuild: Including build template config/builds/barbarian.singer.js into tools\toolsthread.js
AutoBuild: Including build template config/builds/barbarian.singer.js into default.dbj
AutoBuild: Including build template config/builds/barbarian.singer.js into tools\autobuildthread.js
AutoBuild: Loaded helper thread
AutoBuild: Including build template config/builds/barbarian.singer.js into tools\party.js
AutoBuild: Including build template config/builds/barbarian.singer.js into tools\townchicken.js
AutoBuild: Including build template config/builds/barbarian.singer.js into tools\toolsthread.js
AutoBuild: Including build template config/builds/barbarian.singer.js into default.dbj
AutoBuild: Including build template config/builds/barbarian.singer.js into tools\autobuildthread.js
AutoBuild: Loaded helper thread
AutoBuild: Including build template config/builds/barbarian.singer.js into tools\party.js
AutoBuild: Including build template config/builds/barbarian.singer.js into tools\townchicken.js
AutoBuild: Including build template config/builds/barbarian.singer.js into tools\toolsthread.js
AutoBuild: Including build template config/builds/barbarian.singer.js into default.dbj
AutoBuild: Including build template config/builds/barbarian.singer.js into tools\autobuildthread.js
AutoBuild: Loaded helper thread
AutoBuild: Including build template config/builds/barbarian.singer.js into tools\party.js
AutoBuild: Including build template config/builds/barbarian.singer.js into tools\townchicken.js
AutoBuild: Including build template config/builds/barbarian.singer.js into tools\toolsthread.js
AutoBuild: Including build template config/builds/barbarian.singer.js into default.dbj
AutoBuild: Including build template config/builds/barbarian.singer.js into tools\autobuildthread.js
AutoBuild: Loaded helper thread
AutoBuild: Including build template config/builds/barbarian.singer.js into tools\party.js
AutoBuild: Including build template config/builds/barbarian.singer.js into tools\toolsthread.js
AutoBuild: Including build template config/builds/barbarian.singer.js into tools\townchicken.js
AutoBuild: Including build template config/builds/barbarian.singer.js into default.dbj
AutoBuild: Including build template config/builds/barbarian.singer.js into tools\autobuildthread.js
AutoBuild: Loaded helper thread
AutoBuild: Including build template config/builds/barbarian.singer.js into tools\party.js
AutoBuild: Including build template config/builds/barbarian.singer.js into tools\townchicken.js
AutoBuild: Including build template config/builds/barbarian.singer.js into tools\toolsthread.js
AutoBuild: Including build template config/builds/barbarian.singer.js into default.dbj
AutoBuild: Including build template config/builds/barbarian.singer.js into tools\autobuildthread.js
AutoBuild: Loaded helper thread
AutoBuild: Including build template config/builds/barbarian.singer.js into tools\party.js
AutoBuild: Including build template config/builds/barbarian.singer.js into tools\townchicken.js
AutoBuild: Including build template config/builds/barbarian.singer.js into tools\toolsthread.js
AutoBuild: Including build template config/builds/barbarian.singer.js into default.dbj
AutoBuild: Including build template config/builds/barbarian.singer.js into tools\autobuildthread.js
AutoBuild: Loaded helper thread
AutoBuild: Including build template config/builds/barbarian.singer.js into tools\party.js
AutoBuild: Including build template config/builds/barbarian.singer.js into tools\townchicken.js
AutoBuild: Including build template config/builds/barbarian.singer.js into tools\toolsthread.js
AutoBuild: Including build template config/builds/barbarian.singer.js into default.dbj
AutoBuild: Including build template config/builds/barbarian.singer.js into tools\autobuildthread.js
AutoBuild: Loaded helper thread
AutoBuild: Including build template config/builds/barbarian.singer.js into tools\party.js
AutoBuild: Including build template config/builds/barbarian.singer.js into tools\townchicken.js
AutoBuild: Including build template config/builds/barbarian.singer.js into tools\toolsthread.js
AutoBuild: Including build template config/builds/barbarian.singer.js into default.dbj
AutoBuild: Including build template config/builds/barbarian.singer.js into tools\autobuildthread.js
AutoBuild: Loaded helper thread
AutoBuild: Including build template config/builds/barbarian.singer.js into tools\party.js
AutoBuild: Including build template config/builds/barbarian.singer.js into tools\townchicken.js
AutoBuild: Including build template config/builds/barbarian.singer.js into tools\toolsthread.js
AutoBuild: Including build template config/builds/barbarian.singer.js into default.dbj
AutoBuild: Including build template config/builds/barbarian.singer.js into tools\autobuildthread.js
AutoBuild: Loaded helper thread
AutoBuild: Including build template config/builds/barbarian.singer.js into tools\party.js
AutoBuild: Including build template config/builds/barbarian.singer.js into tools\toolsthread.js
AutoBuild: Including build template config/builds/barbarian.singer.js into tools\townchicken.js
AutoBuild: Including build template config/builds/barbarian.singer.js into default.dbj
AutoBuild: Including build template config/builds/barbarian.singer.js into tools\autobuildthread.js
AutoBuild: Loaded helper thread
AutoBuild: Including build template config/builds/barbarian.singer.js into tools\party.js
AutoBuild: Including build template config/builds/barbarian.singer.js into tools\townchicken.js
AutoBuild: Including build template config/builds/barbarian.singer.js into tools\toolsthread.js
AutoBuild: Including build template config/builds/barbarian.singer.js into default.dbj
AutoBuild: Including build template config/builds/barbarian.singer.js into tools\autobuildthread.js
AutoBuild: Loaded helper thread
AutoBuild: Including build template config/builds/barbarian.singer.js into tools\party.js
AutoBuild: Including build template config/builds/barbarian.singer.js into tools\townchicken.js
AutoBuild: Including build template config/builds/barbarian.singer.js into tools\toolsthread.js
AutoBuild: Including build template config/builds/barbarian.singer.js into default.dbj
AutoBuild: Including build template config/builds/barbarian.singer.js into tools\autobuildthread.js
AutoBuild: Loaded helper thread
AutoBuild: Including build template config/builds/barbarian.singer.js into tools\party.js
AutoBuild: Including build template config/builds/barbarian.singer.js into tools\townchicken.js
AutoBuild: Including build template config/builds/barbarian.singer.js into tools\toolsthread.js
AutoBuild: Including build template config/builds/barbarian.singer.js into default.dbj
AutoBuild: Including build template config/builds/barbarian.singer.js into tools\autobuildthread.js
AutoBuild: Loaded helper thread
AutoBuild: Including build template config/builds/barbarian.singer.js into tools\party.js
AutoBuild: Including build template config/builds/barbarian.singer.js into tools\townchicken.js
AutoBuild: Including build template config/builds/barbarian.singer.js into tools\toolsthread.js
AutoBuild: Including build template config/builds/barbarian.singer.js into default.dbj
AutoBuild: Including build template config/builds/barbarian.singer.js into tools\autobuildthread.js
AutoBuild: Loaded helper thread
AutoBuild: Including build template config/builds/barbarian.singer.js into tools\party.js
AutoBuild: Including build template config/builds/barbarian.singer.js into tools\townchicken.js
AutoBuild: Including build template config/builds/barbarian.singer.js into tools\toolsthread.js
AutoBuild: Including build template config/builds/barbarian.singer.js into default.dbj
AutoBuild: Including build template config/builds/barbarian.singer.js into tools\autobuildthread.js
AutoBuild: Loaded helper thread
AutoBuild: Including build template config/builds/barbarian.singer.js into tools\party.js
AutoBuild: Including build template config/builds/barbarian.singer.js into tools\townchicken.js
AutoBuild: Including build template config/builds/barbarian.singer.js into tools\toolsthread.js
AutoBuild: Including build template config/builds/barbarian.singer.js into default.dbj
AutoBuild: Including build template config/builds/barbarian.singer.js into tools\autobuildthread.js
AutoBuild: Loaded helper thread
AutoBuild: Including build template config/builds/barbarian.singer.js into tools\party.js
AutoBuild: Including build template config/builds/barbarian.singer.js into tools\townchicken.js
AutoBuild: Including build template config/builds/barbarian.singer.js into tools\toolsthread.js
