AutoBuild: Including build template config/builds/druid.tornado.js into default.dbj
AutoBuild: Including build template config/builds/druid.tornado.js into tools\autobuildthread.js
AutoBuild: Loaded helper thread
AutoBuild: Including build template config/builds/druid.tornado.js into tools\party.js
AutoBuild: Including build template config/builds/druid.tornado.js into tools\townchicken.js
AutoBuild: Including build template config/builds/druid.tornado.js into tools\toolsthread.js
AutoBuild: Including build template config/builds/druid.tornado.js into default.dbj
AutoBuild: Including build template config/builds/druid.tornado.js into tools\autobuildthread.js
AutoBuild: Loaded helper thread
AutoBuild: Including build template config/builds/druid.tornado.js into tools\party.js
AutoBuild: Including build template config/builds/druid.tornado.js into tools\townchicken.js
AutoBuild: Including build template config/builds/druid.tornado.js into tools\toolsthread.js
AutoBuild: Including build template config/builds/druid.tornado.js into default.dbj
AutoBuild: Including build template config/builds/druid.tornado.js into tools\autobuildthread.js
AutoBuild: Loaded helper thread
AutoBuild: Including build template config/builds/druid.tornado.js into tools\party.js
AutoBuild: Including build template config/builds/druid.tornado.js into tools\townchicken.js
AutoBuild: Including build template config/builds/druid.tornado.js into tools\toolsthread.js
AutoBuild: Including build template config/builds/druid.tornado.js into default.dbj
AutoBuild: Including build template config/builds/druid.tornado.js into tools\autobuildthread.js
AutoBuild: Loaded helper thread
AutoBuild: Including build template config/builds/druid.tornado.js into tools\party.js
AutoBuild: Including build template config/builds/druid.tornado.js into tools\townchicken.js
AutoBuild: Including build template config/builds/druid.tornado.js into tools\toolsthread.js
AutoBuild: Stat points: 15      Skill points: 10
AutoBuild: Level up detected ( 77 --> 78 )
AutoBuild: useSkillPoint(): Cyclone Armor (235)
AutoBuild: Skill (1/1) Increased Cyclone Armor (235) by one (level:  15)
AutoBuild: useStatPoint(0): Strength
AutoBuild: Stat (1/5) Increased Strength from 167 to 168
AutoBuild: useStatPoint(0): Strength
AutoBuild: Stat (2/5) Increased Strength from 168 to 169
AutoBuild: useStatPoint(1): Energy
AutoBuild: Stat (3/5) Increased Energy from 116 to 117
AutoBuild: useStatPoint(3): Vitality
AutoBuild: Stat (4/5) Increased Vitality from 177 to 178
AutoBuild: useStatPoint(3): Vitality
AutoBuild: Stat (5/5) Increased Vitality from 178 to 179
AutoBuild: Updating Config from level 77 to 78
AutoBuild: Incrementing cached character level to 78
AutoBuild: Including build template config/builds/druid.tornado.js into default.dbj
AutoBuild: Including build template config/builds/druid.tornado.js into tools\autobuildthread.js
AutoBuild: Loaded helper thread
AutoBuild: Including build template config/builds/druid.tornado.js into tools\party.js
AutoBuild: Including build template config/builds/druid.tornado.js into tools\townchicken.js
AutoBuild: Including build template config/builds/druid.tornado.js into tools\toolsthread.js
AutoBuild: Including build template config/builds/druid.tornado.js into default.dbj
AutoBuild: Including build template config/builds/druid.tornado.js into tools\autobuildthread.js
AutoBuild: Loaded helper thread
AutoBuild: Including build template config/builds/druid.tornado.js into tools\party.js
AutoBuild: Including build template config/builds/druid.tornado.js into tools\townchicken.js
AutoBuild: Including build template config/builds/druid.tornado.js into tools\toolsthread.js
AutoBuild: Including build template config/builds/druid.tornado.js into default.dbj
AutoBuild: Including build template config/builds/druid.tornado.js into tools\autobuildthread.js
AutoBuild: Loaded helper thread
AutoBuild: Including build template config/builds/druid.tornado.js into tools\party.js
AutoBuild: Including build template config/builds/druid.tornado.js into tools\toolsthread.js
AutoBuild: Including build template config/builds/druid.tornado.js into tools\townchicken.js
AutoBuild: Including build template config/builds/druid.tornado.js into default.dbj
AutoBuild: Including build template config/builds/druid.tornado.js into tools\autobuildthread.js
AutoBuild: Loaded helper thread
AutoBuild: Including build template config/builds/druid.tornado.js into tools\party.js
AutoBuild: Including build template config/builds/druid.tornado.js into tools\townchicken.js
AutoBuild: Including build template config/builds/druid.tornado.js into tools\toolsthread.js
AutoBuild: Including build template config/builds/druid.tornado.js into default.dbj
AutoBuild: Including build template config/builds/druid.tornado.js into tools\autobuildthread.js
AutoBuild: Loaded helper thread
AutoBuild: Including build template config/builds/druid.tornado.js into tools\party.js
AutoBuild: Including build template config/builds/druid.tornado.js into tools\townchicken.js
AutoBuild: Including build template config/builds/druid.tornado.js into tools\toolsthread.js
AutoBuild: Including build template config/builds/druid.tornado.js into default.dbj
AutoBuild: Including build template config/builds/druid.tornado.js into tools\autobuildthread.js
AutoBuild: Loaded helper thread
AutoBuild: Including build template config/builds/druid.tornado.js into tools\party.js
AutoBuild: Including build template config/builds/druid.tornado.js into tools\townchicken.js
AutoBuild: Including build template config/builds/druid.tornado.js into tools\toolsthread.js
AutoBuild: Including build template config/builds/druid.tornado.js into default.dbj
AutoBuild: Including build template config/builds/druid.tornado.js into tools\autobuildthread.js
AutoBuild: Loaded helper thread
AutoBuild: Including build template config/builds/druid.tornado.js into tools\party.js
AutoBuild: Including build template config/builds/druid.tornado.js into tools\townchicken.js
AutoBuild: Including build template config/builds/druid.tornado.js into tools\toolsthread.js
AutoBuild: Including build template config/builds/druid.tornado.js into default.dbj
AutoBuild: Including build template config/builds/druid.tornado.js into tools\autobuildthread.js
AutoBuild: Loaded helper thread
AutoBuild: Including build template config/builds/druid.tornado.js into tools\party.js
AutoBuild: Including build template config/builds/druid.tornado.js into tools\townchicken.js
AutoBuild: Including build template config/builds/druid.tornado.js into tools\toolsthread.js
AutoBuild: Stat points: 15      Skill points: 10
AutoBuild: Level up detected ( 78 --> 79 )
AutoBuild: useSkillPoint(): Cyclone Armor (235)
AutoBuild: Skill (1/1) Increased Cyclone Armor (235) by one (level:  16)
AutoBuild: useStatPoint(0): Strength
AutoBuild: Stat (1/5) Increased Strength from 169 to 170
AutoBuild: useStatPoint(0): Strength
AutoBuild: Stat (2/5) Increased Strength from 170 to 171
AutoBuild: useStatPoint(1): Energy
AutoBuild: Attempt to spend point 3 in Energy may have failed!
AutoBuild: useStatPoint(3): Vitality
AutoBuild: Stat (4/5) Increased Vitality from 179 to 180
AutoBuild: useStatPoint(3): Vitality
AutoBuild: Stat (5/5) Increased Vitality from 180 to 181
AutoBuild: Updating Config from level 78 to 79
AutoBuild: Incrementing cached character level to 79
AutoBuild: Including build template config/builds/druid.tornado.js into default.dbj
AutoBuild: Including build template config/builds/druid.tornado.js into tools\autobuildthread.js
AutoBuild: Loaded helper thread
AutoBuild: Including build template config/builds/druid.tornado.js into tools\party.js
AutoBuild: Including build template config/builds/druid.tornado.js into tools\townchicken.js
AutoBuild: Including build template config/builds/druid.tornado.js into tools\toolsthread.js
AutoBuild: Including build template config/builds/druid.tornado.js into default.dbj
AutoBuild: Including build template config/builds/druid.tornado.js into tools\autobuildthread.js
AutoBuild: Loaded helper thread
AutoBuild: Including build template config/builds/druid.tornado.js into tools\party.js
AutoBuild: Including build template config/builds/druid.tornado.js into tools\townchicken.js
AutoBuild: Including build template config/builds/druid.tornado.js into tools\toolsthread.js
AutoBuild: Including build template config/builds/druid.tornado.js into default.dbj
AutoBuild: Including build template config/builds/druid.tornado.js into tools\autobuildthread.js
AutoBuild: Loaded helper thread
AutoBuild: Including build template config/builds/druid.tornado.js into tools\party.js
AutoBuild: Including build template config/builds/druid.tornado.js into tools\townchicken.js
AutoBuild: Including build template config/builds/druid.tornado.js into tools\toolsthread.js
AutoBuild: Including build template config/builds/druid.tornado.js into default.dbj
AutoBuild: Including build template config/builds/druid.tornado.js into tools\autobuildthread.js
AutoBuild: Loaded helper thread
AutoBuild: Including build template config/builds/druid.tornado.js into tools\party.js
AutoBuild: Including build template config/builds/druid.tornado.js into tools\townchicken.js
AutoBuild: Including build template config/builds/druid.tornado.js into tools\toolsthread.js
AutoBuild: Including build template config/builds/druid.tornado.js into default.dbj
AutoBuild: Including build template config/builds/druid.tornado.js into tools\autobuildthread.js
AutoBuild: Loaded helper thread
AutoBuild: Including build template config/builds/druid.tornado.js into tools\party.js
AutoBuild: Including build template config/builds/druid.tornado.js into tools\toolsthread.js
AutoBuild: Including build template config/builds/druid.tornado.js into tools\townchicken.js
AutoBuild: Including build template config/builds/druid.tornado.js into default.dbj
AutoBuild: Including build template config/builds/druid.tornado.js into tools\autobuildthread.js
AutoBuild: Loaded helper thread
AutoBuild: Including build template config/builds/druid.tornado.js into tools\party.js
AutoBuild: Including build template config/builds/druid.tornado.js into tools\townchicken.js
AutoBuild: Including build template config/builds/druid.tornado.js into tools\toolsthread.js
AutoBuild: Including build template config/builds/druid.tornado.js into default.dbj
AutoBuild: Including build template config/builds/druid.tornado.js into tools\autobuildthread.js
AutoBuild: Loaded helper thread
AutoBuild: Including build template config/builds/druid.tornado.js into tools\party.js
AutoBuild: Including build template config/builds/druid.tornado.js into tools\townchicken.js
AutoBuild: Including build template config/builds/druid.tornado.js into tools\toolsthread.js
AutoBuild: Including build template config/builds/druid.tornado.js into default.dbj
AutoBuild: Including build template config/builds/druid.tornado.js into tools\autobuildthread.js
AutoBuild: Loaded helper thread
AutoBuild: Including build template config/builds/druid.tornado.js into tools\party.js
AutoBuild: Including build template config/builds/druid.tornado.js into tools\townchicken.js
AutoBuild: Including build template config/builds/druid.tornado.js into tools\toolsthread.js
AutoBuild: Including build template config/builds/druid.tornado.js into default.dbj
AutoBuild: Including build template config/builds/druid.tornado.js into tools\autobuildthread.js
AutoBuild: Loaded helper thread
AutoBuild: Including build template config/builds/druid.tornado.js into tools\party.js
AutoBuild: Including build template config/builds/druid.tornado.js into tools\townchicken.js
AutoBuild: Including build template config/builds/druid.tornado.js into tools\toolsthread.js
AutoBuild: Including build template config/builds/druid.tornado.js into default.dbj
AutoBuild: Including build template config/builds/druid.tornado.js into tools\autobuildthread.js
AutoBuild: Loaded helper thread
AutoBuild: Including build template config/builds/druid.tornado.js into tools\party.js
AutoBuild: Including build template config/builds/druid.tornado.js into tools\townchicken.js
AutoBuild: Including build template config/builds/druid.tornado.js into tools\toolsthread.js
AutoBuild: Including build template config/builds/druid.tornado.js into default.dbj
AutoBuild: Including build template config/builds/druid.tornado.js into tools\autobuildthread.js
AutoBuild: Loaded helper thread
AutoBuild: Including build template config/builds/druid.tornado.js into tools\party.js
AutoBuild: Including build template config/builds/druid.tornado.js into tools\toolsthread.js
AutoBuild: Including build template config/builds/druid.tornado.js into tools\townchicken.js
AutoBuild: Including build template config/builds/druid.tornado.js into default.dbj
AutoBuild: Including build template config/builds/druid.tornado.js into tools\autobuildthread.js
AutoBuild: Loaded helper thread
AutoBuild: Including build template config/builds/druid.tornado.js into tools\party.js
AutoBuild: Including build template config/builds/druid.tornado.js into tools\townchicken.js
AutoBuild: Including build template config/builds/druid.tornado.js into tools\toolsthread.js
AutoBuild: Including build template config/builds/druid.tornado.js into default.dbj
AutoBuild: Including build template config/builds/druid.tornado.js into tools\autobuildthread.js
AutoBuild: Loaded helper thread
AutoBuild: Including build template config/builds/druid.tornado.js into tools\party.js
AutoBuild: Including build template config/builds/druid.tornado.js into tools\townchicken.js
AutoBuild: Including build template config/builds/druid.tornado.js into tools\toolsthread.js
AutoBuild: Including build template config/builds/druid.tornado.js into default.dbj
AutoBuild: Including build template config/builds/druid.tornado.js into tools\autobuildthread.js
AutoBuild: Loaded helper thread
AutoBuild: Including build template config/builds/druid.tornado.js into tools\party.js
AutoBuild: Including build template config/builds/druid.tornado.js into tools\townchicken.js
AutoBuild: Including build template config/builds/druid.tornado.js into tools\toolsthread.js
AutoBuild: Stat points: 15      Skill points: 10
AutoBuild: Level up detected ( 79 --> 80 )
AutoBuild: useSkillPoint(): Cyclone Armor (235)
AutoBuild: Skill (1/1) Increased Cyclone Armor (235) by one (level:  16)
AutoBuild: useStatPoint(0): Strength
AutoBuild: Stat (1/5) Increased Strength from 171 to 172
AutoBuild: useStatPoint(0): Strength
AutoBuild: Stat (2/5) Increased Strength from 172 to 173
AutoBuild: useStatPoint(1): Energy
AutoBuild: Stat (3/5) Increased Energy from 118 to 119
AutoBuild: useStatPoint(3): Vitality
AutoBuild: Stat (4/5) Increased Vitality from 181 to 182
AutoBuild: useStatPoint(3): Vitality
AutoBuild: Stat (5/5) Increased Vitality from 182 to 183
AutoBuild: Updating Config from level 79 to 80
AutoBuild: Incrementing cached character level to 80
AutoBuild: Including build template config/builds/druid.tornado.js into default.dbj
AutoBuild: Including build template config/builds/druid.tornado.js into tools\autobuildthread.js
AutoBuild: Loaded helper thread
AutoBuild: Including build template config/builds/druid.tornado.js into tools\party.js
AutoBuild: Including build template config/builds/druid.tornado.js into tools\townchicken.js
AutoBuild: Including build template config/builds/druid.tornado.js into tools\toolsthread.js
AutoBuild: Including build template config/builds/druid.tornado.js into default.dbj
AutoBuild: Including build template config/builds/druid.tornado.js into tools\autobuildthread.js
AutoBuild: Loaded helper thread
AutoBuild: Including build template config/builds/druid.tornado.js into tools\party.js
AutoBuild: Including build template config/builds/druid.tornado.js into tools\townchicken.js
AutoBuild: Including build template config/builds/druid.tornado.js into tools\toolsthread.js
AutoBuild: Including build template config/builds/druid.tornado.js into default.dbj
AutoBuild: Including build template config/builds/druid.tornado.js into tools\autobuildthread.js
AutoBuild: Loaded helper thread
AutoBuild: Including build template config/builds/druid.tornado.js into tools\party.js
AutoBuild: Including build template config/builds/druid.tornado.js into tools\toolsthread.js
AutoBuild: Including build template config/builds/druid.tornado.js into tools\townchicken.js
AutoBuild: Including build template config/builds/druid.tornado.js into default.dbj
AutoBuild: Including build template config/builds/druid.tornado.js into tools\autobuildthread.js
AutoBuild: Loaded helper thread
AutoBuild: Including build template config/builds/druid.tornado.js into tools\party.js
AutoBuild: Including build template config/builds/druid.tornado.js into tools\townchicken.js
AutoBuild: Including build template config/builds/druid.tornado.js into tools\toolsthread.js
AutoBuild: Including build template config/builds/druid.tornado.js into default.dbj
AutoBuild: Including build template config/builds/druid.tornado.js into tools\autobuildthread.js
AutoBuild: Loaded helper thread
AutoBuild: Including build template config/builds/druid.tornado.js into tools\party.js
AutoBuild: Including build template config/builds/druid.tornado.js into tools\townchicken.js
AutoBuild: Including build template config/builds/druid.tornado.js into tools\toolsthread.js
AutoBuild: Including build template config/builds/druid.tornado.js into default.dbj
AutoBuild: Including build template config/builds/druid.tornado.js into tools\autobuildthread.js
AutoBuild: Loaded helper thread
AutoBuild: Including build template config/builds/druid.tornado.js into tools\party.js
AutoBuild: Including build template config/builds/druid.tornado.js into tools\townchicken.js
AutoBuild: Including build template config/builds/druid.tornado.js into tools\toolsthread.js
AutoBuild: Including build template config/builds/druid.tornado.js into default.dbj
AutoBuild: Including build template config/builds/druid.tornado.js into tools\autobuildthread.js
AutoBuild: Loaded helper thread
AutoBuild: Including build template config/builds/druid.tornado.js into tools\party.js
AutoBuild: Including build template config/builds/druid.tornado.js into tools\toolsthread.js
AutoBuild: Including build template config/builds/druid.tornado.js into tools\townchicken.js
AutoBuild: Including build template config/builds/druid.tornado.js into default.dbj
AutoBuild: Including build template config/builds/druid.tornado.js into tools\autobuildthread.js
AutoBuild: Loaded helper thread
AutoBuild: Including build template config/builds/druid.tornado.js into tools\party.js
AutoBuild: Including build template config/builds/druid.tornado.js into tools\toolsthread.js
AutoBuild: Including build template config/builds/druid.tornado.js into tools\townchicken.js
AutoBuild: Including build template config/builds/druid.tornado.js into default.dbj
AutoBuild: Including build template config/builds/druid.tornado.js into tools\autobuildthread.js
AutoBuild: Loaded helper thread
AutoBuild: Including build template config/builds/druid.tornado.js into tools\party.js
AutoBuild: Including build template config/builds/druid.tornado.js into tools\townchicken.js
AutoBuild: Including build template config/builds/druid.tornado.js into tools\toolsthread.js
AutoBuild: Including build template config/builds/druid.tornado.js into default.dbj
AutoBuild: Including build template config/builds/druid.tornado.js into tools\autobuildthread.js
AutoBuild: Loaded helper thread
AutoBuild: Including build template config/builds/druid.tornado.js into tools\party.js
AutoBuild: Including build template config/builds/druid.tornado.js into tools\toolsthread.js
AutoBuild: Including build template config/builds/druid.tornado.js into tools\townchicken.js
AutoBuild: Including build template config/builds/druid.tornado.js into default.dbj
AutoBuild: Including build template config/builds/druid.tornado.js into tools\autobuildthread.js
AutoBuild: Loaded helper thread
AutoBuild: Including build template config/builds/druid.tornado.js into tools\party.js
AutoBuild: Including build template config/builds/druid.tornado.js into tools\townchicken.js
AutoBuild: Including build template config/builds/druid.tornado.js into tools\toolsthread.js
AutoBuild: Including build template config/builds/druid.tornado.js into default.dbj
AutoBuild: Including build template config/builds/druid.tornado.js into tools\autobuildthread.js
AutoBuild: Loaded helper thread
AutoBuild: Including build template config/builds/druid.tornado.js into tools\party.js
AutoBuild: Including build template config/builds/druid.tornado.js into tools\toolsthread.js
AutoBuild: Including build template config/builds/druid.tornado.js into tools\townchicken.js
AutoBuild: Including build template config/builds/druid.tornado.js into default.dbj
AutoBuild: Including build template config/builds/druid.tornado.js into tools\autobuildthread.js
AutoBuild: Loaded helper thread
AutoBuild: Including build template config/builds/druid.tornado.js into tools\party.js
AutoBuild: Including build template config/builds/druid.tornado.js into tools\townchicken.js
AutoBuild: Including build template config/builds/druid.tornado.js into tools\toolsthread.js
AutoBuild: Including build template config/builds/druid.tornado.js into default.dbj
AutoBuild: Including build template config/builds/druid.tornado.js into tools\autobuildthread.js
AutoBuild: Loaded helper thread
AutoBuild: Including build template config/builds/druid.tornado.js into tools\party.js
AutoBuild: Including build template config/builds/druid.tornado.js into tools\toolsthread.js
AutoBuild: Including build template config/builds/druid.tornado.js into tools\townchicken.js
AutoBuild: Including build template config/builds/druid.tornado.js into default.dbj
AutoBuild: Including build template config/builds/druid.tornado.js into tools\autobuildthread.js
AutoBuild: Loaded helper thread
AutoBuild: Including build template config/builds/druid.tornado.js into tools\party.js
AutoBuild: Including build template config/builds/druid.tornado.js into tools\townchicken.js
AutoBuild: Including build template config/builds/druid.tornado.js into tools\toolsthread.js
AutoBuild: Including build template config/builds/druid.tornado.js into default.dbj
AutoBuild: Including build template config/builds/druid.tornado.js into tools\autobuildthread.js
AutoBuild: Loaded helper thread
AutoBuild: Including build template config/builds/druid.tornado.js into tools\party.js
AutoBuild: Including build template config/builds/druid.tornado.js into tools\townchicken.js
AutoBuild: Including build template config/builds/druid.tornado.js into tools\toolsthread.js
AutoBuild: Including build template config/builds/druid.tornado.js into default.dbj
AutoBuild: Including build template config/builds/druid.tornado.js into tools\autobuildthread.js
AutoBuild: Loaded helper thread
AutoBuild: Including build template config/builds/druid.tornado.js into tools\party.js
AutoBuild: Including build template config/builds/druid.tornado.js into tools\townchicken.js
AutoBuild: Including build template config/builds/druid.tornado.js into tools\toolsthread.js
AutoBuild: Including build template config/builds/druid.tornado.js into default.dbj
AutoBuild: Including build template config/builds/druid.tornado.js into tools\autobuildthread.js
AutoBuild: Loaded helper thread
AutoBuild: Including build template config/builds/druid.tornado.js into tools\party.js
AutoBuild: Including build template config/builds/druid.tornado.js into tools\townchicken.js
AutoBuild: Including build template config/builds/druid.tornado.js into tools\toolsthread.js
AutoBuild: Including build template config/builds/druid.tornado.js into default.dbj
AutoBuild: Including build template config/builds/druid.tornado.js into tools\autobuildthread.js
AutoBuild: Loaded helper thread
AutoBuild: Including build template config/builds/druid.tornado.js into tools\party.js
AutoBuild: Including build template config/builds/druid.tornado.js into tools\townchicken.js
AutoBuild: Including build template config/builds/druid.tornado.js into tools\toolsthread.js
AutoBuild: Including build template config/builds/druid.tornado.js into default.dbj
AutoBuild: Including build template config/builds/druid.tornado.js into tools\autobuildthread.js
AutoBuild: Loaded helper thread
AutoBuild: Including build template config/builds/druid.tornado.js into tools\party.js
AutoBuild: Including build template config/builds/druid.tornado.js into tools\townchicken.js
AutoBuild: Including build template config/builds/druid.tornado.js into tools\toolsthread.js
AutoBuild: Including build template config/builds/druid.tornado.js into default.dbj
AutoBuild: Including build template config/builds/druid.tornado.js into tools\autobuildthread.js
AutoBuild: Loaded helper thread
AutoBuild: Including build template config/builds/druid.tornado.js into tools\party.js
AutoBuild: Including build template config/builds/druid.tornado.js into tools\townchicken.js
AutoBuild: Including build template config/builds/druid.tornado.js into tools\toolsthread.js
AutoBuild: Including build template config/builds/druid.tornado.js into default.dbj
AutoBuild: Including build template config/builds/druid.tornado.js into tools\autobuildthread.js
AutoBuild: Loaded helper thread
AutoBuild: Including build template config/builds/druid.tornado.js into tools\party.js
AutoBuild: Including build template config/builds/druid.tornado.js into tools\townchicken.js
AutoBuild: Including build template config/builds/druid.tornado.js into tools\toolsthread.js
AutoBuild: Including build template config/builds/druid.tornado.js into default.dbj
AutoBuild: Including build template config/builds/druid.tornado.js into tools\autobuildthread.js
AutoBuild: Loaded helper thread
AutoBuild: Including build template config/builds/druid.tornado.js into tools\party.js
AutoBuild: Including build template config/builds/druid.tornado.js into tools\townchicken.js
AutoBuild: Including build template config/builds/druid.tornado.js into tools\toolsthread.js
AutoBuild: Including build template config/builds/druid.tornado.js into default.dbj
AutoBuild: Including build template config/builds/druid.tornado.js into tools\autobuildthread.js
AutoBuild: Loaded helper thread
AutoBuild: Including build template config/builds/druid.tornado.js into tools\party.js
AutoBuild: Including build template config/builds/druid.tornado.js into tools\townchicken.js
AutoBuild: Including build template config/builds/druid.tornado.js into tools\toolsthread.js
AutoBuild: Including build template config/builds/druid.tornado.js into default.dbj
AutoBuild: Including build template config/builds/druid.tornado.js into tools\autobuildthread.js
AutoBuild: Loaded helper thread
AutoBuild: Including build template config/builds/druid.tornado.js into tools\party.js
AutoBuild: Including build template config/builds/druid.tornado.js into tools\townchicken.js
AutoBuild: Including build template config/builds/druid.tornado.js into tools\toolsthread.js
AutoBuild: Including build template config/builds/druid.tornado.js into default.dbj
AutoBuild: Including build template config/builds/druid.tornado.js into tools\autobuildthread.js
AutoBuild: Loaded helper thread
AutoBuild: Including build template config/builds/druid.tornado.js into tools\party.js
AutoBuild: Including build template config/builds/druid.tornado.js into tools\townchicken.js
AutoBuild: Including build template config/builds/druid.tornado.js into tools\toolsthread.js
AutoBuild: Including build template config/builds/druid.tornado.js into default.dbj
AutoBuild: Including build template config/builds/druid.tornado.js into tools\autobuildthread.js
AutoBuild: Loaded helper thread
AutoBuild: Including build template config/builds/druid.tornado.js into tools\party.js
AutoBuild: Including build template config/builds/druid.tornado.js into tools\toolsthread.js
AutoBuild: Including build template config/builds/druid.tornado.js into tools\townchicken.js
AutoBuild: Including build template config/builds/druid.tornado.js into default.dbj
AutoBuild: Including build template config/builds/druid.tornado.js into tools\autobuildthread.js
AutoBuild: Loaded helper thread
AutoBuild: Including build template config/builds/druid.tornado.js into tools\party.js
AutoBuild: Including build template config/builds/druid.tornado.js into tools\townchicken.js
AutoBuild: Including build template config/builds/druid.tornado.js into tools\toolsthread.js
AutoBuild: Including build template config/builds/druid.tornado.js into default.dbj
AutoBuild: Including build template config/builds/druid.tornado.js into tools\autobuildthread.js
AutoBuild: Loaded helper thread
AutoBuild: Including build template config/builds/druid.tornado.js into tools\party.js
AutoBuild: Including build template config/builds/druid.tornado.js into tools\townchicken.js
AutoBuild: Including build template config/builds/druid.tornado.js into tools\toolsthread.js
AutoBuild: Including build template config/builds/druid.tornado.js into default.dbj
AutoBuild: Including build template config/builds/druid.tornado.js into tools\autobuildthread.js
AutoBuild: Loaded helper thread
AutoBuild: Including build template config/builds/druid.tornado.js into tools\party.js
AutoBuild: Including build template config/builds/druid.tornado.js into tools\townchicken.js
AutoBuild: Including build template config/builds/druid.tornado.js into tools\toolsthread.js
AutoBuild: Including build template config/builds/druid.tornado.js into default.dbj
AutoBuild: Including build template config/builds/druid.tornado.js into tools\autobuildthread.js
AutoBuild: Loaded helper thread
AutoBuild: Including build template config/builds/druid.tornado.js into tools\party.js
AutoBuild: Including build template config/builds/druid.tornado.js into tools\townchicken.js
AutoBuild: Including build template config/builds/druid.tornado.js into tools\toolsthread.js
AutoBuild: Including build template config/builds/druid.tornado.js into default.dbj
AutoBuild: Including build template config/builds/druid.tornado.js into tools\autobuildthread.js
AutoBuild: Loaded helper thread
AutoBuild: Including build template config/builds/druid.tornado.js into tools\party.js
AutoBuild: Including build template config/builds/druid.tornado.js into tools\townchicken.js
AutoBuild: Including build template config/builds/druid.tornado.js into tools\toolsthread.js
AutoBuild: Including build template config/builds/druid.tornado.js into default.dbj
AutoBuild: Including build template config/builds/druid.tornado.js into tools\autobuildthread.js
AutoBuild: Loaded helper thread
AutoBuild: Including build template config/builds/druid.tornado.js into tools\party.js
AutoBuild: Including build template config/builds/druid.tornado.js into tools\townchicken.js
AutoBuild: Including build template config/builds/druid.tornado.js into tools\toolsthread.js
AutoBuild: Including build template config/builds/druid.tornado.js into default.dbj
AutoBuild: Including build template config/builds/druid.tornado.js into tools\autobuildthread.js
AutoBuild: Loaded helper thread
AutoBuild: Including build template config/builds/druid.tornado.js into tools\party.js
AutoBuild: Including build template config/builds/druid.tornado.js into tools\townchicken.js
AutoBuild: Including build template config/builds/druid.tornado.js into tools\toolsthread.js
AutoBuild: Including build template config/builds/druid.tornado.js into default.dbj
AutoBuild: Including build template config/builds/druid.tornado.js into tools\autobuildthread.js
AutoBuild: Loaded helper thread
AutoBuild: Including build template config/builds/druid.tornado.js into tools\party.js
AutoBuild: Including build template config/builds/druid.tornado.js into tools\toolsthread.js
AutoBuild: Including build template config/builds/druid.tornado.js into tools\townchicken.js
AutoBuild: Including build template config/builds/druid.tornado.js into default.dbj
AutoBuild: Including build template config/builds/druid.tornado.js into tools\autobuildthread.js
AutoBuild: Loaded helper thread
AutoBuild: Including build template config/builds/druid.tornado.js into tools\party.js
AutoBuild: Including build template config/builds/druid.tornado.js into tools\toolsthread.js
AutoBuild: Including build template config/builds/druid.tornado.js into tools\townchicken.js
AutoBuild: Including build template config/builds/druid.tornado.js into default.dbj
AutoBuild: Including build template config/builds/druid.tornado.js into tools\autobuildthread.js
AutoBuild: Loaded helper thread
AutoBuild: Including build template config/builds/druid.tornado.js into tools\party.js
AutoBuild: Including build template config/builds/druid.tornado.js into tools\townchicken.js
AutoBuild: Including build template config/builds/druid.tornado.js into tools\toolsthread.js
AutoBuild: Including build template config/builds/druid.tornado.js into default.dbj
AutoBuild: Including build template config/builds/druid.tornado.js into tools\autobuildthread.js
AutoBuild: Loaded helper thread
AutoBuild: Including build template config/builds/druid.tornado.js into tools\party.js
AutoBuild: Including build template config/builds/druid.tornado.js into tools\toolsthread.js
AutoBuild: Including build template config/builds/druid.tornado.js into tools\townchicken.js
AutoBuild: Including build template config/builds/druid.tornado.js into default.dbj
AutoBuild: Including build template config/builds/druid.tornado.js into tools\autobuildthread.js
AutoBuild: Loaded helper thread
AutoBuild: Including build template config/builds/druid.tornado.js into tools\party.js
AutoBuild: Including build template config/builds/druid.tornado.js into tools\townchicken.js
AutoBuild: Including build template config/builds/druid.tornado.js into tools\toolsthread.js
AutoBuild: Including build template config/builds/druid.tornado.js into default.dbj
AutoBuild: Including build template config/builds/druid.tornado.js into tools\autobuildthread.js
AutoBuild: Loaded helper thread
AutoBuild: Including build template config/builds/druid.tornado.js into tools\party.js
AutoBuild: Including build template config/builds/druid.tornado.js into tools\townchicken.js
AutoBuild: Including build template config/builds/druid.tornado.js into tools\toolsthread.js
AutoBuild: Including build template config/builds/druid.tornado.js into default.dbj
AutoBuild: Including build template config/builds/druid.tornado.js into tools\autobuildthread.js
AutoBuild: Loaded helper thread
AutoBuild: Including build template config/builds/druid.tornado.js into tools\party.js
AutoBuild: Including build template config/builds/druid.tornado.js into tools\townchicken.js
AutoBuild: Including build template config/builds/druid.tornado.js into tools\toolsthread.js
AutoBuild: Including build template config/builds/druid.tornado.js into default.dbj
AutoBuild: Including build template config/builds/druid.tornado.js into tools\autobuildthread.js
AutoBuild: Loaded helper thread
AutoBuild: Including build template config/builds/druid.tornado.js into tools\party.js
AutoBuild: Including build template config/builds/druid.tornado.js into tools\townchicken.js
AutoBuild: Including build template config/builds/druid.tornado.js into tools\toolsthread.js
AutoBuild: Including build template config/builds/druid.tornado.js into default.dbj
AutoBuild: Including build template config/builds/druid.tornado.js into tools\autobuildthread.js
AutoBuild: Loaded helper thread
AutoBuild: Including build template config/builds/druid.tornado.js into tools\party.js
AutoBuild: Including build template config/builds/druid.tornado.js into tools\townchicken.js
AutoBuild: Including build template config/builds/druid.tornado.js into tools\toolsthread.js
AutoBuild: Including build template config/builds/druid.tornado.js into default.dbj
AutoBuild: Including build template config/builds/druid.tornado.js into tools\autobuildthread.js
AutoBuild: Loaded helper thread
AutoBuild: Including build template config/builds/druid.tornado.js into tools\party.js
AutoBuild: Including build template config/builds/druid.tornado.js into tools\toolsthread.js
AutoBuild: Including build template config/builds/druid.tornado.js into tools\townchicken.js
AutoBuild: Including build template config/builds/druid.tornado.js into default.dbj
AutoBuild: Including build template config/builds/druid.tornado.js into tools\autobuildthread.js
AutoBuild: Loaded helper thread
AutoBuild: Including build template config/builds/druid.tornado.js into tools\party.js
AutoBuild: Including build template config/builds/druid.tornado.js into tools\toolsthread.js
AutoBuild: Including build template config/builds/druid.tornado.js into tools\townchicken.js
AutoBuild: Including build template config/builds/druid.tornado.js into default.dbj
AutoBuild: Including build template config/builds/druid.tornado.js into tools\autobuildthread.js
AutoBuild: Loaded helper thread
AutoBuild: Including build template config/builds/druid.tornado.js into tools\party.js
AutoBuild: Including build template config/builds/druid.tornado.js into tools\townchicken.js
AutoBuild: Including build template config/builds/druid.tornado.js into tools\toolsthread.js
AutoBuild: Including build template config/builds/druid.tornado.js into default.dbj
AutoBuild: Including build template config/builds/druid.tornado.js into tools\autobuildthread.js
AutoBuild: Loaded helper thread
AutoBuild: Including build template config/builds/druid.tornado.js into tools\party.js
AutoBuild: Including build template config/builds/druid.tornado.js into tools\townchicken.js
AutoBuild: Including build template config/builds/druid.tornado.js into tools\toolsthread.js
AutoBuild: Including build template config/builds/druid.tornado.js into default.dbj
AutoBuild: Including build template config/builds/druid.tornado.js into tools\autobuildthread.js
AutoBuild: Loaded helper thread
AutoBuild: Including build template config/builds/druid.tornado.js into tools\party.js
AutoBuild: Including build template config/builds/druid.tornado.js into tools\townchicken.js
AutoBuild: Including build template config/builds/druid.tornado.js into tools\toolsthread.js
AutoBuild: Including build template config/builds/druid.tornado.js into default.dbj
AutoBuild: Including build template config/builds/druid.tornado.js into tools\autobuildthread.js
AutoBuild: Loaded helper thread
AutoBuild: Including build template config/builds/druid.tornado.js into tools\party.js
AutoBuild: Including build template config/builds/druid.tornado.js into tools\townchicken.js
AutoBuild: Including build template config/builds/druid.tornado.js into tools\toolsthread.js
AutoBuild: Including build template config/builds/druid.tornado.js into default.dbj
AutoBuild: Including build template config/builds/druid.tornado.js into tools\autobuildthread.js
AutoBuild: Loaded helper thread
AutoBuild: Including build template config/builds/druid.tornado.js into tools\party.js
AutoBuild: Including build template config/builds/druid.tornado.js into tools\townchicken.js
AutoBuild: Including build template config/builds/druid.tornado.js into tools\toolsthread.js
AutoBuild: Including build template config/builds/druid.tornado.js into default.dbj
AutoBuild: Including build template config/builds/druid.tornado.js into tools\autobuildthread.js
AutoBuild: Loaded helper thread
AutoBuild: Including build template config/builds/druid.tornado.js into tools\party.js
AutoBuild: Including build template config/builds/druid.tornado.js into tools\townchicken.js
AutoBuild: Including build template config/builds/druid.tornado.js into tools\toolsthread.js
AutoBuild: Including build template config/builds/druid.tornado.js into default.dbj
AutoBuild: Including build template config/builds/druid.tornado.js into tools\autobuildthread.js
AutoBuild: Loaded helper thread
AutoBuild: Including build template config/builds/druid.tornado.js into tools\party.js
AutoBuild: Including build template config/builds/druid.tornado.js into tools\townchicken.js
AutoBuild: Including build template config/builds/druid.tornado.js into tools\toolsthread.js
AutoBuild: Including build template config/builds/druid.tornado.js into default.dbj
AutoBuild: Including build template config/builds/druid.tornado.js into tools\autobuildthread.js
AutoBuild: Loaded helper thread
AutoBuild: Including build template config/builds/druid.tornado.js into tools\party.js
AutoBuild: Including build template config/builds/druid.tornado.js into tools\townchicken.js
AutoBuild: Including build template config/builds/druid.tornado.js into tools\toolsthread.js
AutoBuild: Including build template config/builds/druid.tornado.js into default.dbj
AutoBuild: Including build template config/builds/druid.tornado.js into tools\autobuildthread.js
AutoBuild: Loaded helper thread
AutoBuild: Including build template config/builds/druid.tornado.js into tools\party.js
AutoBuild: Including build template config/builds/druid.tornado.js into tools\toolsthread.js
AutoBuild: Including build template config/builds/druid.tornado.js into tools\townchicken.js
AutoBuild: Including build template config/builds/druid.tornado.js into default.dbj
AutoBuild: Including build template config/builds/druid.tornado.js into tools\autobuildthread.js
AutoBuild: Loaded helper thread
AutoBuild: Including build template config/builds/druid.tornado.js into tools\party.js
AutoBuild: Including build template config/builds/druid.tornado.js into tools\townchicken.js
AutoBuild: Including build template config/builds/druid.tornado.js into tools\toolsthread.js
AutoBuild: Including build template config/builds/druid.tornado.js into default.dbj
AutoBuild: Including build template config/builds/druid.tornado.js into tools\autobuildthread.js
AutoBuild: Loaded helper thread
AutoBuild: Including build template config/builds/druid.tornado.js into tools\party.js
AutoBuild: Including build template config/builds/druid.tornado.js into tools\townchicken.js
AutoBuild: Including build template config/builds/druid.tornado.js into tools\toolsthread.js
AutoBuild: Including build template config/builds/druid.tornado.js into default.dbj
AutoBuild: Including build template config/builds/druid.tornado.js into tools\autobuildthread.js
AutoBuild: Loaded helper thread
AutoBuild: Including build template config/builds/druid.tornado.js into tools\party.js
AutoBuild: Including build template config/builds/druid.tornado.js into tools\townchicken.js
AutoBuild: Including build template config/builds/druid.tornado.js into tools\toolsthread.js
AutoBuild: Including build template config/builds/druid.tornado.js into default.dbj
AutoBuild: Including build template config/builds/druid.tornado.js into tools\autobuildthread.js
AutoBuild: Loaded helper thread
AutoBuild: Including build template config/builds/druid.tornado.js into tools\party.js
AutoBuild: Including build template config/builds/druid.tornado.js into tools\toolsthread.js
AutoBuild: Including build template config/builds/druid.tornado.js into tools\townchicken.js
AutoBuild: Including build template config/builds/druid.tornado.js into default.dbj
AutoBuild: Including build template config/builds/druid.tornado.js into tools\autobuildthread.js
AutoBuild: Loaded helper thread
AutoBuild: Including build template config/builds/druid.tornado.js into tools\party.js
AutoBuild: Including build template config/builds/druid.tornado.js into tools\toolsthread.js
AutoBuild: Including build template config/builds/druid.tornado.js into tools\townchicken.js
AutoBuild: Including build template config/builds/druid.tornado.js into default.dbj
AutoBuild: Including build template config/builds/druid.tornado.js into tools\autobuildthread.js
AutoBuild: Loaded helper thread
AutoBuild: Including build template config/builds/druid.tornado.js into tools\party.js
AutoBuild: Including build template config/builds/druid.tornado.js into tools\townchicken.js
AutoBuild: Including build template config/builds/druid.tornado.js into tools\toolsthread.js
AutoBuild: Including build template config/builds/druid.tornado.js into default.dbj
AutoBuild: Including build template config/builds/druid.tornado.js into tools\autobuildthread.js
AutoBuild: Loaded helper thread
AutoBuild: Including build template config/builds/druid.tornado.js into tools\party.js
AutoBuild: Including build template config/builds/druid.tornado.js into tools\toolsthread.js
AutoBuild: Including build template config/builds/druid.tornado.js into tools\townchicken.js
AutoBuild: Including build template config/builds/druid.tornado.js into default.dbj
AutoBuild: Including build template config/builds/druid.tornado.js into tools\autobuildthread.js
AutoBuild: Loaded helper thread
AutoBuild: Including build template config/builds/druid.tornado.js into tools\party.js
AutoBuild: Including build template config/builds/druid.tornado.js into tools\townchicken.js
AutoBuild: Including build template config/builds/druid.tornado.js into tools\toolsthread.js
AutoBuild: Including build template config/builds/druid.tornado.js into default.dbj
AutoBuild: Including build template config/builds/druid.tornado.js into tools\autobuildthread.js
AutoBuild: Loaded helper thread
AutoBuild: Including build template config/builds/druid.tornado.js into tools\party.js
AutoBuild: Including build template config/builds/druid.tornado.js into tools\townchicken.js
AutoBuild: Including build template config/builds/druid.tornado.js into tools\toolsthread.js
AutoBuild: Including build template config/builds/druid.tornado.js into default.dbj
AutoBuild: Including build template config/builds/druid.tornado.js into tools\autobuildthread.js
AutoBuild: Loaded helper thread
AutoBuild: Including build template config/builds/druid.tornado.js into tools\party.js
AutoBuild: Including build template config/builds/druid.tornado.js into tools\toolsthread.js
AutoBuild: Including build template config/builds/druid.tornado.js into tools\townchicken.js
AutoBuild: Including build template config/builds/druid.tornado.js into default.dbj
AutoBuild: Including build template config/builds/druid.tornado.js into tools\autobuildthread.js
AutoBuild: Loaded helper thread
AutoBuild: Including build template config/builds/druid.tornado.js into tools\party.js
AutoBuild: Including build template config/builds/druid.tornado.js into tools\townchicken.js
AutoBuild: Including build template config/builds/druid.tornado.js into tools\toolsthread.js
AutoBuild: Including build template config/builds/druid.tornado.js into default.dbj
AutoBuild: Including build template config/builds/druid.tornado.js into tools\autobuildthread.js
AutoBuild: Loaded helper thread
AutoBuild: Including build template config/builds/druid.tornado.js into tools\party.js
AutoBuild: Including build template config/builds/druid.tornado.js into tools\townchicken.js
AutoBuild: Including build template config/builds/druid.tornado.js into tools\toolsthread.js
AutoBuild: Including build template config/builds/druid.tornado.js into default.dbj
AutoBuild: Including build template config/builds/druid.tornado.js into tools\autobuildthread.js
AutoBuild: Loaded helper thread
AutoBuild: Including build template config/builds/druid.tornado.js into tools\party.js
AutoBuild: Including build template config/builds/druid.tornado.js into tools\townchicken.js
AutoBuild: Including build template config/builds/druid.tornado.js into tools\toolsthread.js
AutoBuild: Including build template config/builds/druid.tornado.js into default.dbj
AutoBuild: Including build template config/builds/druid.tornado.js into tools\autobuildthread.js
AutoBuild: Loaded helper thread
AutoBuild: Including build template config/builds/druid.tornado.js into tools\party.js
AutoBuild: Including build template config/builds/druid.tornado.js into tools\townchicken.js
AutoBuild: Including build template config/builds/druid.tornado.js into tools\toolsthread.js
AutoBuild: Including build template config/builds/druid.tornado.js into default.dbj
AutoBuild: Including build template config/builds/druid.tornado.js into tools\autobuildthread.js
AutoBuild: Loaded helper thread
AutoBuild: Including build template config/builds/druid.tornado.js into tools\party.js
AutoBuild: Including build template config/builds/druid.tornado.js into tools\townchicken.js
AutoBuild: Including build template config/builds/druid.tornado.js into tools\toolsthread.js
AutoBuild: Including build template config/builds/druid.tornado.js into default.dbj
AutoBuild: Including build template config/builds/druid.tornado.js into tools\autobuildthread.js
AutoBuild: Loaded helper thread
AutoBuild: Including build template config/builds/druid.tornado.js into tools\party.js
AutoBuild: Including build template config/builds/druid.tornado.js into tools\townchicken.js
AutoBuild: Including build template config/builds/druid.tornado.js into tools\toolsthread.js
AutoBuild: Including build template config/builds/druid.tornado.js into default.dbj
AutoBuild: Including build template config/builds/druid.tornado.js into tools\autobuildthread.js
AutoBuild: Loaded helper thread
AutoBuild: Including build template config/builds/druid.tornado.js into tools\party.js
AutoBuild: Including build template config/builds/druid.tornado.js into tools\townchicken.js
AutoBuild: Including build template config/builds/druid.tornado.js into tools\toolsthread.js
AutoBuild: Including build template config/builds/druid.tornado.js into default.dbj
AutoBuild: Including build template config/builds/druid.tornado.js into tools\autobuildthread.js
AutoBuild: Loaded helper thread
AutoBuild: Including build template config/builds/druid.tornado.js into tools\party.js
AutoBuild: Including build template config/builds/druid.tornado.js into tools\townchicken.js
AutoBuild: Including build template config/builds/druid.tornado.js into tools\toolsthread.js
AutoBuild: Including build template config/builds/druid.tornado.js into default.dbj
AutoBuild: Including build template config/builds/druid.tornado.js into tools\autobuildthread.js
AutoBuild: Loaded helper thread
AutoBuild: Including build template config/builds/druid.tornado.js into tools\party.js
AutoBuild: Including build template config/builds/druid.tornado.js into tools\toolsthread.js
AutoBuild: Including build template config/builds/druid.tornado.js into tools\townchicken.js
AutoBuild: Including build template config/builds/druid.tornado.js into default.dbj
AutoBuild: Including build template config/builds/druid.tornado.js into tools\autobuildthread.js
AutoBuild: Loaded helper thread
AutoBuild: Including build template config/builds/druid.tornado.js into tools\party.js
AutoBuild: Including build template config/builds/druid.tornado.js into tools\toolsthread.js
AutoBuild: Including build template config/builds/druid.tornado.js into tools\townchicken.js
AutoBuild: Including build template config/builds/druid.tornado.js into default.dbj
AutoBuild: Including build template config/builds/druid.tornado.js into tools\autobuildthread.js
AutoBuild: Loaded helper thread
AutoBuild: Including build template config/builds/druid.tornado.js into tools\party.js
AutoBuild: Including build template config/builds/druid.tornado.js into tools\townchicken.js
AutoBuild: Including build template config/builds/druid.tornado.js into tools\toolsthread.js
AutoBuild: Including build template config/builds/druid.tornado.js into default.dbj
AutoBuild: Including build template config/builds/druid.tornado.js into tools\autobuildthread.js
AutoBuild: Loaded helper thread
AutoBuild: Including build template config/builds/druid.tornado.js into tools\party.js
AutoBuild: Including build template config/builds/druid.tornado.js into tools\townchicken.js
AutoBuild: Including build template config/builds/druid.tornado.js into tools\toolsthread.js
AutoBuild: Including build template config/builds/druid.tornado.js into default.dbj
AutoBuild: Including build template config/builds/druid.tornado.js into tools\autobuildthread.js
AutoBuild: Loaded helper thread
AutoBuild: Including build template config/builds/druid.tornado.js into tools\party.js
AutoBuild: Including build template config/builds/druid.tornado.js into tools\townchicken.js
AutoBuild: Including build template config/builds/druid.tornado.js into tools\toolsthread.js
AutoBuild: Including build template config/builds/druid.tornado.js into default.dbj
AutoBuild: Including build template config/builds/druid.tornado.js into tools\autobuildthread.js
AutoBuild: Loaded helper thread
AutoBuild: Including build template config/builds/druid.tornado.js into tools\party.js
AutoBuild: Including build template config/builds/druid.tornado.js into tools\toolsthread.js
AutoBuild: Including build template config/builds/druid.tornado.js into tools\townchicken.js
AutoBuild: Including build template config/builds/druid.tornado.js into default.dbj
AutoBuild: Including build template config/builds/druid.tornado.js into tools\autobuildthread.js
AutoBuild: Loaded helper thread
AutoBuild: Including build template config/builds/druid.tornado.js into tools\party.js
AutoBuild: Including build template config/builds/druid.tornado.js into tools\townchicken.js
AutoBuild: Including build template config/builds/druid.tornado.js into tools\toolsthread.js
AutoBuild: Including build template config/builds/druid.tornado.js into default.dbj
AutoBuild: Including build template config/builds/druid.tornado.js into tools\autobuildthread.js
AutoBuild: Loaded helper thread
AutoBuild: Including build template config/builds/druid.tornado.js into tools\party.js
AutoBuild: Including build template config/builds/druid.tornado.js into tools\townchicken.js
AutoBuild: Including build template config/builds/druid.tornado.js into tools\toolsthread.js
AutoBuild: Including build template config/builds/druid.tornado.js into default.dbj
AutoBuild: Including build template config/builds/druid.tornado.js into tools\autobuildthread.js
AutoBuild: Loaded helper thread
AutoBuild: Including build template config/builds/druid.tornado.js into tools\party.js
AutoBuild: Including build template config/builds/druid.tornado.js into tools\townchicken.js
AutoBuild: Including build template config/builds/druid.tornado.js into tools\toolsthread.js
AutoBuild: Including build template config/builds/druid.tornado.js into default.dbj
AutoBuild: Including build template config/builds/druid.tornado.js into tools\autobuildthread.js
AutoBuild: Loaded helper thread
AutoBuild: Including build template config/builds/druid.tornado.js into tools\party.js
AutoBuild: Including build template config/builds/druid.tornado.js into tools\townchicken.js
AutoBuild: Including build template config/builds/druid.tornado.js into tools\toolsthread.js
AutoBuild: Including build template config/builds/druid.tornado.js into default.dbj
AutoBuild: Including build template config/builds/druid.tornado.js into tools\autobuildthread.js
AutoBuild: Loaded helper thread
AutoBuild: Including build template config/builds/druid.tornado.js into tools\party.js
AutoBuild: Including build template config/builds/druid.tornado.js into tools\townchicken.js
AutoBuild: Including build template config/builds/druid.tornado.js into tools\toolsthread.js
AutoBuild: Including build template config/builds/druid.tornado.js into default.dbj
AutoBuild: Including build template config/builds/druid.tornado.js into tools\autobuildthread.js
AutoBuild: Loaded helper thread
AutoBuild: Including build template config/builds/druid.tornado.js into tools\party.js
AutoBuild: Including build template config/builds/druid.tornado.js into tools\townchicken.js
AutoBuild: Including build template config/builds/druid.tornado.js into tools\toolsthread.js
AutoBuild: Including build template config/builds/druid.tornado.js into default.dbj
AutoBuild: Including build template config/builds/druid.tornado.js into tools\autobuildthread.js
AutoBuild: Loaded helper thread
AutoBuild: Including build template config/builds/druid.tornado.js into tools\party.js
AutoBuild: Including build template config/builds/druid.tornado.js into tools\townchicken.js
AutoBuild: Including build template config/builds/druid.tornado.js into tools\toolsthread.js
AutoBuild: Including build template config/builds/druid.tornado.js into default.dbj
AutoBuild: Including build template config/builds/druid.tornado.js into tools\autobuildthread.js
AutoBuild: Loaded helper thread
AutoBuild: Including build template config/builds/druid.tornado.js into tools\party.js
AutoBuild: Including build template config/builds/druid.tornado.js into tools\toolsthread.js
AutoBuild: Including build template config/builds/druid.tornado.js into tools\townchicken.js
AutoBuild: Including build template config/builds/druid.tornado.js into default.dbj
AutoBuild: Including build template config/builds/druid.tornado.js into tools\autobuildthread.js
AutoBuild: Loaded helper thread
AutoBuild: Including build template config/builds/druid.tornado.js into tools\party.js
AutoBuild: Including build template config/builds/druid.tornado.js into tools\townchicken.js
AutoBuild: Including build template config/builds/druid.tornado.js into tools\toolsthread.js
AutoBuild: Including build template config/builds/druid.tornado.js into default.dbj
AutoBuild: Including build template config/builds/druid.tornado.js into tools\autobuildthread.js
AutoBuild: Loaded helper thread
AutoBuild: Including build template config/builds/druid.tornado.js into tools\party.js
AutoBuild: Including build template config/builds/druid.tornado.js into tools\townchicken.js
AutoBuild: Including build template config/builds/druid.tornado.js into tools\toolsthread.js
AutoBuild: Including build template config/builds/druid.tornado.js into default.dbj
AutoBuild: Including build template config/builds/druid.tornado.js into tools\autobuildthread.js
AutoBuild: Loaded helper thread
AutoBuild: Including build template config/builds/druid.tornado.js into tools\party.js
AutoBuild: Including build template config/builds/druid.tornado.js into tools\townchicken.js
AutoBuild: Including build template config/builds/druid.tornado.js into tools\toolsthread.js
AutoBuild: Including build template config/builds/druid.tornado.js into default.dbj
AutoBuild: Including build template config/builds/druid.tornado.js into tools\autobuildthread.js
AutoBuild: Loaded helper thread
AutoBuild: Including build template config/builds/druid.tornado.js into tools\party.js
AutoBuild: Including build template config/builds/druid.tornado.js into tools\townchicken.js
AutoBuild: Including build template config/builds/druid.tornado.js into tools\toolsthread.js
AutoBuild: Including build template config/builds/druid.tornado.js into default.dbj
AutoBuild: Including build template config/builds/druid.tornado.js into tools\autobuildthread.js
AutoBuild: Loaded helper thread
AutoBuild: Including build template config/builds/druid.tornado.js into tools\party.js
AutoBuild: Including build template config/builds/druid.tornado.js into tools\toolsthread.js
AutoBuild: Including build template config/builds/druid.tornado.js into tools\townchicken.js
AutoBuild: Including build template config/builds/druid.tornado.js into default.dbj
AutoBuild: Including build template config/builds/druid.tornado.js into tools\autobuildthread.js
AutoBuild: Loaded helper thread
AutoBuild: Including build template config/builds/druid.tornado.js into tools\party.js
AutoBuild: Including build template config/builds/druid.tornado.js into tools\townchicken.js
AutoBuild: Including build template config/builds/druid.tornado.js into tools\toolsthread.js
AutoBuild: Including build template config/builds/druid.tornado.js into default.dbj
AutoBuild: Including build template config/builds/druid.tornado.js into tools\autobuildthread.js
AutoBuild: Loaded helper thread
AutoBuild: Including build template config/builds/druid.tornado.js into tools\party.js
AutoBuild: Including build template config/builds/druid.tornado.js into tools\toolsthread.js
AutoBuild: Including build template config/builds/druid.tornado.js into tools\townchicken.js
AutoBuild: Including build template config/builds/druid.tornado.js into default.dbj
AutoBuild: Including build template config/builds/druid.tornado.js into tools\autobuildthread.js
AutoBuild: Loaded helper thread
AutoBuild: Including build template config/builds/druid.tornado.js into tools\party.js
AutoBuild: Including build template config/builds/druid.tornado.js into tools\townchicken.js
AutoBuild: Including build template config/builds/druid.tornado.js into tools\toolsthread.js
AutoBuild: Including build template config/builds/druid.tornado.js into default.dbj
AutoBuild: Including build template config/builds/druid.tornado.js into tools\autobuildthread.js
AutoBuild: Loaded helper thread
AutoBuild: Including build template config/builds/druid.tornado.js into tools\party.js
AutoBuild: Including build template config/builds/druid.tornado.js into tools\townchicken.js
AutoBuild: Including build template config/builds/druid.tornado.js into tools\toolsthread.js
AutoBuild: Including build template config/builds/druid.tornado.js into default.dbj
AutoBuild: Including build template config/builds/druid.tornado.js into tools\autobuildthread.js
AutoBuild: Loaded helper thread
AutoBuild: Including build template config/builds/druid.tornado.js into tools\party.js
AutoBuild: Including build template config/builds/druid.tornado.js into tools\townchicken.js
AutoBuild: Including build template config/builds/druid.tornado.js into tools\toolsthread.js
AutoBuild: Including build template config/builds/druid.tornado.js into default.dbj
AutoBuild: Including build template config/builds/druid.tornado.js into tools\autobuildthread.js
AutoBuild: Loaded helper thread
AutoBuild: Including build template config/builds/druid.tornado.js into tools\party.js
AutoBuild: Including build template config/builds/druid.tornado.js into tools\toolsthread.js
AutoBuild: Including build template config/builds/druid.tornado.js into tools\townchicken.js
AutoBuild: Including build template config/builds/druid.tornado.js into default.dbj
AutoBuild: Including build template config/builds/druid.tornado.js into tools\autobuildthread.js
AutoBuild: Loaded helper thread
AutoBuild: Including build template config/builds/druid.tornado.js into tools\party.js
AutoBuild: Including build template config/builds/druid.tornado.js into tools\townchicken.js
AutoBuild: Including build template config/builds/druid.tornado.js into tools\toolsthread.js
AutoBuild: Including build template config/builds/druid.tornado.js into default.dbj
AutoBuild: Including build template config/builds/druid.tornado.js into tools\autobuildthread.js
AutoBuild: Loaded helper thread
AutoBuild: Including build template config/builds/druid.tornado.js into tools\party.js
AutoBuild: Including build template config/builds/druid.tornado.js into tools\townchicken.js
AutoBuild: Including build template config/builds/druid.tornado.js into tools\toolsthread.js
AutoBuild: Including build template config/builds/druid.tornado.js into default.dbj
AutoBuild: Including build template config/builds/druid.tornado.js into tools\autobuildthread.js
AutoBuild: Loaded helper thread
AutoBuild: Including build template config/builds/druid.tornado.js into tools\party.js
AutoBuild: Including build template config/builds/druid.tornado.js into tools\townchicken.js
AutoBuild: Including build template config/builds/druid.tornado.js into tools\toolsthread.js
AutoBuild: Including build template config/builds/druid.tornado.js into default.dbj
AutoBuild: Including build template config/builds/druid.tornado.js into tools\autobuildthread.js
AutoBuild: Loaded helper thread
AutoBuild: Including build template config/builds/druid.tornado.js into tools\party.js
AutoBuild: Including build template config/builds/druid.tornado.js into tools\townchicken.js
AutoBuild: Including build template config/builds/druid.tornado.js into tools\toolsthread.js
AutoBuild: Including build template config/builds/druid.tornado.js into default.dbj
AutoBuild: Including build template config/builds/druid.tornado.js into tools\autobuildthread.js
AutoBuild: Loaded helper thread
AutoBuild: Including build template config/builds/druid.tornado.js into tools\party.js
AutoBuild: Including build template config/builds/druid.tornado.js into tools\townchicken.js
AutoBuild: Including build template config/builds/druid.tornado.js into tools\toolsthread.js
AutoBuild: Including build template config/builds/druid.tornado.js into default.dbj
AutoBuild: Including build template config/builds/druid.tornado.js into tools\autobuildthread.js
AutoBuild: Loaded helper thread
AutoBuild: Including build template config/builds/druid.tornado.js into tools\party.js
AutoBuild: Including build template config/builds/druid.tornado.js into tools\townchicken.js
AutoBuild: Including build template config/builds/druid.tornado.js into tools\toolsthread.js
AutoBuild: Including build template config/builds/druid.tornado.js into default.dbj
AutoBuild: Including build template config/builds/druid.tornado.js into tools\autobuildthread.js
AutoBuild: Loaded helper thread
AutoBuild: Including build template config/builds/druid.tornado.js into tools\party.js
AutoBuild: Including build template config/builds/druid.tornado.js into tools\townchicken.js
AutoBuild: Including build template config/builds/druid.tornado.js into tools\toolsthread.js
AutoBuild: Including build template config/builds/druid.tornado.js into default.dbj
AutoBuild: Including build template config/builds/druid.tornado.js into tools\autobuildthread.js
AutoBuild: Loaded helper thread
AutoBuild: Including build template config/builds/druid.tornado.js into tools\party.js
AutoBuild: Including build template config/builds/druid.tornado.js into tools\townchicken.js
AutoBuild: Including build template config/builds/druid.tornado.js into tools\toolsthread.js
AutoBuild: Including build template config/builds/druid.tornado.js into default.dbj
AutoBuild: Including build template config/builds/druid.tornado.js into tools\autobuildthread.js
AutoBuild: Loaded helper thread
AutoBuild: Including build template config/builds/druid.tornado.js into tools\party.js
AutoBuild: Including build template config/builds/druid.tornado.js into tools\toolsthread.js
AutoBuild: Including build template config/builds/druid.tornado.js into tools\townchicken.js
AutoBuild: Including build template config/builds/druid.tornado.js into default.dbj
AutoBuild: Including build template config/builds/druid.tornado.js into tools\autobuildthread.js
AutoBuild: Loaded helper thread
AutoBuild: Including build template config/builds/druid.tornado.js into tools\party.js
AutoBuild: Including build template config/builds/druid.tornado.js into tools\townchicken.js
AutoBuild: Including build template config/builds/druid.tornado.js into tools\toolsthread.js
AutoBuild: Including build template config/builds/druid.tornado.js into default.dbj
AutoBuild: Including build template config/builds/druid.tornado.js into tools\autobuildthread.js
AutoBuild: Loaded helper thread
AutoBuild: Including build template config/builds/druid.tornado.js into tools\party.js
AutoBuild: Including build template config/builds/druid.tornado.js into tools\toolsthread.js
AutoBuild: Including build template config/builds/druid.tornado.js into tools\townchicken.js
AutoBuild: Including build template config/builds/druid.tornado.js into default.dbj
AutoBuild: Including build template config/builds/druid.tornado.js into tools\autobuildthread.js
AutoBuild: Loaded helper thread
AutoBuild: Including build template config/builds/druid.tornado.js into tools\party.js
AutoBuild: Including build template config/builds/druid.tornado.js into tools\townchicken.js
AutoBuild: Including build template config/builds/druid.tornado.js into tools\toolsthread.js
AutoBuild: Including build template config/builds/druid.tornado.js into default.dbj
AutoBuild: Including build template config/builds/druid.tornado.js into tools\autobuildthread.js
AutoBuild: Loaded helper thread
AutoBuild: Including build template config/builds/druid.tornado.js into tools\party.js
AutoBuild: Including build template config/builds/druid.tornado.js into tools\townchicken.js
AutoBuild: Including build template config/builds/druid.tornado.js into tools\toolsthread.js
AutoBuild: Including build template config/builds/druid.tornado.js into default.dbj
AutoBuild: Including build template config/builds/druid.tornado.js into tools\autobuildthread.js
AutoBuild: Loaded helper thread
AutoBuild: Including build template config/builds/druid.tornado.js into tools\party.js
AutoBuild: Including build template config/builds/druid.tornado.js into tools\townchicken.js
AutoBuild: Including build template config/builds/druid.tornado.js into tools\toolsthread.js
