AutoBuild: Including build template config/builds/sorceress.meteor.js into default.dbj
AutoBuild: Including build template config/builds/sorceress.meteor.js into tools\autobuildthread.js
AutoBuild: Loaded helper thread
AutoBuild: Including build template config/builds/sorceress.meteor.js into tools\party.js
AutoBuild: Including build template config/builds/sorceress.meteor.js into tools\toolsthread.js
AutoBuild: Including build template config/builds/sorceress.meteor.js into default.dbj
AutoBuild: Including build template config/builds/sorceress.meteor.js into tools\autobuildthread.js
AutoBuild: Loaded helper thread
AutoBuild: Including build template config/builds/sorceress.meteor.js into tools\party.js
AutoBuild: Including build template config/builds/sorceress.meteor.js into tools\toolsthread.js
AutoBuild: Stat points: 5      Skill points: 5
AutoBuild: Level up detected ( 27 --> 28 )
AutoBuild: useSkillPoint(): Meteor (56)
AutoBuild: Skill (1/1) Increased Meteor (56) by one (level:  4)
AutoBuild: useStatPoint(0): Strength
AutoBuild: Stat (1/5) Increased Strength from 36 to 37
AutoBuild: useStatPoint(1): Energy
AutoBuild: Stat (2/5) Increased Energy from 87 to 88
AutoBuild: useStatPoint(1): Energy
AutoBuild: Stat (3/5) Increased Energy from 88 to 89
AutoBuild: useStatPoint(3): Vitality
AutoBuild: Stat (4/5) Increased Vitality from 62 to 63
AutoBuild: useStatPoint(3): Vitality
AutoBuild: Stat (5/5) Increased Vitality from 63 to 64
AutoBuild: Updating Config from level 27 to 28
AutoBuild: Incrementing cached character level to 28
AutoBuild: Including build template config/builds/sorceress.meteor.js into default.dbj
AutoBuild: Including build template config/builds/sorceress.meteor.js into tools\autobuildthread.js
AutoBuild: Loaded helper thread
AutoBuild: Including build template config/builds/sorceress.meteor.js into tools\party.js
AutoBuild: Including build template config/builds/sorceress.meteor.js into tools\toolsthread.js
AutoBuild: Including build template config/builds/sorceress.meteor.js into default.dbj
AutoBuild: Including build template config/builds/sorceress.meteor.js into tools\autobuildthread.js
AutoBuild: Loaded helper thread
AutoBuild: Including build template config/builds/sorceress.meteor.js into tools\party.js
AutoBuild: Including build template config/builds/sorceress.meteor.js into tools\toolsthread.js
AutoBuild: Including build template config/builds/sorceress.meteor.js into default.dbj
AutoBuild: Including build template config/builds/sorceress.meteor.js into tools\autobuildthread.js
AutoBuild: Loaded helper thread
AutoBuild: Including build template config/builds/sorceress.meteor.js into tools\party.js
AutoBuild: Including build template config/builds/sorceress.meteor.js into tools\toolsthread.js
AutoBuild: Including build template config/builds/sorceress.meteor.js into default.dbj
AutoBuild: Including build template config/builds/sorceress.meteor.js into tools\autobuildthread.js
AutoBuild: Loaded helper thread
AutoBuild: Including build template config/builds/sorceress.meteor.js into tools\party.js
AutoBuild: Including build template config/builds/sorceress.meteor.js into tools\toolsthread.js
AutoBuild: Including build template config/builds/sorceress.meteor.js into default.dbj
AutoBuild: Including build template config/builds/sorceress.meteor.js into tools\autobuildthread.js
AutoBuild: Loaded helper thread
AutoBuild: Including build template config/builds/sorceress.meteor.js into tools\party.js
AutoBuild: Including build template config/builds/sorceress.meteor.js into tools\toolsthread.js
AutoBuild: Stat points: 5      Skill points: 5
AutoBuild: Level up detected ( 28 --> 29 )
AutoBuild: useSkillPoint(): Meteor (56)
AutoBuild: Skill (1/1) Increased Meteor (56) by one (level:  5)
AutoBuild: useStatPoint(0): Strength
AutoBuild: Stat (1/5) Increased Strength from 37 to 38
AutoBuild: useStatPoint(1): Energy
AutoBuild: Stat (2/5) Increased Energy from 89 to 90
AutoBuild: useStatPoint(1): Energy
AutoBuild: Stat (3/5) Increased Energy from 90 to 91
AutoBuild: useStatPoint(3): Vitality
AutoBuild: Stat (4/5) Increased Vitality from 64 to 65
AutoBuild: useStatPoint(3): Vitality
AutoBuild: Stat (5/5) Increased Vitality from 65 to 66
AutoBuild: Updating Config from level 28 to 29
AutoBuild: Incrementing cached character level to 29
AutoBuild: Including build template config/builds/sorceress.meteor.js into default.dbj
AutoBuild: Including build template config/builds/sorceress.meteor.js into tools\autobuildthread.js
AutoBuild: Loaded helper thread
AutoBuild: Including build template config/builds/sorceress.meteor.js into tools\party.js
AutoBuild: Including build template config/builds/sorceress.meteor.js into tools\toolsthread.js
AutoBuild: Including build template config/builds/sorceress.meteor.js into default.dbj
AutoBuild: Including build template config/builds/sorceress.meteor.js into tools\autobuildthread.js
AutoBuild: Loaded helper thread
AutoBuild: Including build template config/builds/sorceress.meteor.js into tools\party.js
AutoBuild: Including build template config/builds/sorceress.meteor.js into tools\toolsthread.js
AutoBuild: Including build template config/builds/sorceress.meteor.js into default.dbj
AutoBuild: Including build template config/builds/sorceress.meteor.js into tools\autobuildthread.js
AutoBuild: Loaded helper thread
AutoBuild: Including build template config/builds/sorceress.meteor.js into tools\party.js
AutoBuild: Including build template config/builds/sorceress.meteor.js into tools\toolsthread.js
AutoBuild: Including build template config/builds/sorceress.meteor.js into default.dbj
AutoBuild: Including build template config/builds/sorceress.meteor.js into tools\autobuildthread.js
AutoBuild: Loaded helper thread
AutoBuild: Including build template config/builds/sorceress.meteor.js into tools\party.js
AutoBuild: Including build template config/builds/sorceress.meteor.js into tools\toolsthread.js
AutoBuild: Including build template config/builds/sorceress.meteor.js into default.dbj
AutoBuild: Including build template config/builds/sorceress.meteor.js into tools\autobuildthread.js
AutoBuild: Loaded helper thread
AutoBuild: Including build template config/builds/sorceress.meteor.js into tools\party.js
AutoBuild: Including build template config/builds/sorceress.meteor.js into tools\toolsthread.js
AutoBuild: Including build template config/builds/sorceress.meteor.js into default.dbj
AutoBuild: Including build template config/builds/sorceress.meteor.js into tools\autobuildthread.js
AutoBuild: Loaded helper thread
AutoBuild: Including build template config/builds/sorceress.meteor.js into tools\party.js
AutoBuild: Including build template config/builds/sorceress.meteor.js into tools\toolsthread.js
AutoBuild: Including build template config/builds/sorceress.meteor.js into default.dbj
AutoBuild: Including build template config/builds/sorceress.meteor.js into tools\autobuildthread.js
AutoBuild: Loaded helper thread
AutoBuild: Including build template config/builds/sorceress.meteor.js into tools\party.js
AutoBuild: Including build template config/builds/sorceress.meteor.js into tools\toolsthread.js
AutoBuild: Including build template config/builds/sorceress.meteor.js into default.dbj
AutoBuild: Including build template config/builds/sorceress.meteor.js into tools\autobuildthread.js
AutoBuild: Loaded helper thread
AutoBuild: Including build template config/builds/sorceress.meteor.js into tools\party.js
AutoBuild: Including build template config/builds/sorceress.meteor.js into tools\toolsthread.js
AutoBuild: Including build template config/builds/sorceress.meteor.js into default.dbj
AutoBuild: Including build template config/builds/sorceress.meteor.js into tools\autobuildthread.js
AutoBuild: Loaded helper thread
AutoBuild: Including build template config/builds/sorceress.meteor.js into tools\party.js
AutoBuild: Including build template config/builds/sorceress.meteor.js into tools\toolsthread.js
AutoBuild: Stat points: 10      Skill points: 5
AutoBuild: Level up detected ( 29 --> 30 )
AutoBuild: useSkillPoint(): Fire Mastery (61)
AutoBuild: Skill (1/1) Increased Fire Mastery (61) by one (level:  1)
AutoBuild: useStatPoint(0): Strength
AutoBuild: Stat (1/5) Increased Strength from 38 to 39
AutoBuild: useStatPoint(1): Energy
AutoBuild: Stat (2/5) Increased Energy from 91 to 92
AutoBuild: useStatPoint(1): Energy
AutoBuild: Stat (3/5) Increased Energy from 92 to 93
AutoBuild: useStatPoint(3): Vitality
AutoBuild: Stat (4/5) Increased Vitality from 66 to 67
AutoBuild: useStatPoint(3): Vitality
AutoBuild: Stat (5/5) Increased Vitality from 67 to 68
AutoBuild: Updating Config from level 29 to 30
AutoBuild: Incrementing cached character level to 30
AutoBuild: Including build template config/builds/sorceress.meteor.js into default.dbj
AutoBuild: Including build template config/builds/sorceress.meteor.js into tools\autobuildthread.js
AutoBuild: Loaded helper thread
AutoBuild: Including build template config/builds/sorceress.meteor.js into tools\party.js
AutoBuild: Including build template config/builds/sorceress.meteor.js into tools\toolsthread.js
AutoBuild: Including build template config/builds/sorceress.meteor.js into default.dbj
AutoBuild: Including build template config/builds/sorceress.meteor.js into tools\autobuildthread.js
AutoBuild: Loaded helper thread
AutoBuild: Including build template config/builds/sorceress.meteor.js into tools\party.js
AutoBuild: Including build template config/builds/sorceress.meteor.js into tools\toolsthread.js
