AutoBuild: Including build template config/builds/barbarian.singer.js into default.dbj
AutoBuild: Including build template config/builds/barbarian.singer.js into tools\autobuildthread.js
AutoBuild: Loaded helper thread
AutoBuild: Including build template config/builds/barbarian.singer.js into tools\party.js
AutoBuild: Including build template config/builds/barbarian.singer.js into tools\toolsthread.js
AutoBuild: Including build template config/builds/barbarian.singer.js into default.dbj
AutoBuild: Including build template config/builds/barbarian.singer.js into tools\autobuildthread.js
AutoBuild: Loaded helper thread
AutoBuild: Including build template config/builds/barbarian.singer.js into tools\party.js
AutoBuild: Including build template config/builds/barbarian.singer.js into tools\toolsthread.js
AutoBuild: Stat points: 8      Skill points: 3
AutoBuild: Level up detected ( 14 --> 15 )
AutoBuild: useSkillPoint(): Shout (138)
AutoBuild: Skill (1/1) Increased Shout (138) by one (level:  7)
AutoBuild: useStatPoint(0): Strength
AutoBuild: Stat (1/5) Increased Strength from 42 to 43
AutoBuild: useStatPoint(3): Vitality
AutoBuild: Stat (2/5) Increased Vitality from 75 to 76
AutoBuild: useStatPoint(3): Vitality
AutoBuild: Stat (3/5) Increased Vitality from 76 to 77
AutoBuild: useStatPoint(3): Vitality
AutoBuild: Stat (4/5) Increased Vitality from 77 to 78
AutoBuild: useStatPoint(3): Vitality
AutoBuild: Stat (5/5) Increased Vitality from 78 to 79
AutoBuild: Updating Config from level 14 to 15
AutoBuild: Incrementing cached character level to 15
AutoBuild: Including build template config/builds/barbarian.singer.js into default.dbj
AutoBuild: Including build template config/builds/barbarian.singer.js into tools\autobuildthread.js
AutoBuild: Loaded helper thread
AutoBuild: Including build template config/builds/barbarian.singer.js into tools\party.js
AutoBuild: Including build template config/builds/barbarian.singer.js into tools\toolsthread.js
AutoBuild: Stat points: 5      Skill points: 3
AutoBuild: Level up detected ( 15 --> 16 )
AutoBuild: useSkillPoint(): Shout (138)
AutoBuild: Skill (1/1) Increased Shout (138) by one (level:  8)
AutoBuild: useStatPoint(0): Strength
AutoBuild: Attempt to spend point 1 in Strength may have failed!
AutoBuild: useStatPoint(3): Vitality
AutoBuild: Attempt to spend point 2 in Vitality may have failed!
AutoBuild: useStatPoint(3): Vitality
AutoBuild: Stat (3/5) Increased Vitality from 82 to 83
AutoBuild: useStatPoint(3): Vitality
AutoBuild: Attempt to spend point 4 in Vitality may have failed!
AutoBuild: useStatPoint(3): Vitality
AutoBuild: Attempt to spend point 5 in Vitality may have failed!
AutoBuild: Updating Config from level 15 to 16
AutoBuild: Incrementing cached character level to 16
AutoBuild: Including build template config/builds/barbarian.singer.js into default.dbj
AutoBuild: Including build template config/builds/barbarian.singer.js into tools\autobuildthread.js
AutoBuild: Loaded helper thread
AutoBuild: Including build template config/builds/barbarian.singer.js into tools\party.js
AutoBuild: Including build template config/builds/barbarian.singer.js into tools\toolsthread.js
AutoBuild: Stat points: 9      Skill points: 3
AutoBuild: Level up detected ( 16 --> 17 )
AutoBuild: useSkillPoint(): Shout (138)
AutoBuild: Skill (1/1) Increased Shout (138) by one (level:  9)
AutoBuild: useStatPoint(0): Strength
AutoBuild: Stat (1/5) Increased Strength from 43 to 44
AutoBuild: useStatPoint(3): Vitality
AutoBuild: Stat (2/5) Increased Vitality from 83 to 84
AutoBuild: useStatPoint(3): Vitality
AutoBuild: Stat (3/5) Increased Vitality from 84 to 85
AutoBuild: useStatPoint(3): Vitality
AutoBuild: Stat (4/5) Increased Vitality from 85 to 86
AutoBuild: useStatPoint(3): Vitality
AutoBuild: Stat (5/5) Increased Vitality from 86 to 87
AutoBuild: Updating Config from level 16 to 17
AutoBuild: Incrementing cached character level to 17
AutoBuild: Including build template config/builds/barbarian.singer.js into default.dbj
AutoBuild: Including build template config/builds/barbarian.singer.js into tools\autobuildthread.js
AutoBuild: Loaded helper thread
AutoBuild: Including build template config/builds/barbarian.singer.js into tools\party.js
AutoBuild: Including build template config/builds/barbarian.singer.js into tools\toolsthread.js
AutoBuild: Stat points: 9      Skill points: 3
AutoBuild: Level up detected ( 17 --> 18 )
AutoBuild: useSkillPoint(): Leap Attack (143)
AutoBuild: Skill (1/1) Increased Leap Attack (143) by one (level:  1)
AutoBuild: useStatPoint(0): Strength
AutoBuild: Stat (1/5) Increased Strength from 44 to 45
AutoBuild: useStatPoint(3): Vitality
AutoBuild: Stat (2/5) Increased Vitality from 87 to 88
AutoBuild: useStatPoint(3): Vitality
AutoBuild: Stat (3/5) Increased Vitality from 88 to 89
AutoBuild: useStatPoint(3): Vitality
AutoBuild: Stat (4/5) Increased Vitality from 89 to 90
AutoBuild: useStatPoint(3): Vitality
AutoBuild: Stat (5/5) Increased Vitality from 90 to 91
AutoBuild: Updating Config from level 17 to 18
AutoBuild: Incrementing cached character level to 18
AutoBuild: Stat points: 9      Skill points: 3
AutoBuild: Level up detected ( 18 --> 19 )
AutoBuild: useSkillPoint(): Iron Skin (145)
AutoBuild: Skill (1/1) Increased Iron Skin (145) by one (level:  3)
AutoBuild: useStatPoint(0): Strength
AutoBuild: Stat (1/5) Increased Strength from 45 to 46
AutoBuild: useStatPoint(3): Vitality
AutoBuild: Stat (2/5) Increased Vitality from 91 to 92
AutoBuild: useStatPoint(3): Vitality
AutoBuild: Stat (3/5) Increased Vitality from 92 to 93
AutoBuild: useStatPoint(3): Vitality
AutoBuild: Stat (4/5) Increased Vitality from 93 to 94
AutoBuild: useStatPoint(3): Vitality
AutoBuild: Stat (5/5) Increased Vitality from 94 to 95
AutoBuild: Updating Config from level 18 to 19
AutoBuild: Incrementing cached character level to 19
AutoBuild: Including build template config/builds/barbarian.singer.js into default.dbj
AutoBuild: Including build template config/builds/barbarian.singer.js into tools\autobuildthread.js
AutoBuild: Loaded helper thread
AutoBuild: Including build template config/builds/barbarian.singer.js into tools\party.js
AutoBuild: Including build template config/builds/barbarian.singer.js into tools\toolsthread.js
AutoBuild: Including build template config/builds/barbarian.singer.js into default.dbj
AutoBuild: Including build template config/builds/barbarian.singer.js into tools\autobuildthread.js
AutoBuild: Loaded helper thread
AutoBuild: Including build template config/builds/barbarian.singer.js into tools\party.js
AutoBuild: Including build template config/builds/barbarian.singer.js into tools\toolsthread.js
AutoBuild: Including build template config/builds/barbarian.singer.js into default.dbj
AutoBuild: Including build template config/builds/barbarian.singer.js into tools\autobuildthread.js
AutoBuild: Loaded helper thread
AutoBuild: Including build template config/builds/barbarian.singer.js into tools\party.js
AutoBuild: Including build template config/builds/barbarian.singer.js into tools\toolsthread.js
AutoBuild: Including build template config/builds/barbarian.singer.js into default.dbj
AutoBuild: Including build template config/builds/barbarian.singer.js into tools\autobuildthread.js
AutoBuild: Loaded helper thread
AutoBuild: Including build template config/builds/barbarian.singer.js into tools\party.js
AutoBuild: Including build template config/builds/barbarian.singer.js into tools\toolsthread.js
AutoBuild: Including build template config/builds/barbarian.singer.js into default.dbj
AutoBuild: Including build template config/builds/barbarian.singer.js into tools\autobuildthread.js
AutoBuild: Loaded helper thread
AutoBuild: Including build template config/builds/barbarian.singer.js into tools\party.js
AutoBuild: Including build template config/builds/barbarian.singer.js into tools\toolsthread.js
AutoBuild: Stat points: 9      Skill points: 3
AutoBuild: Level up detected ( 19 --> 20 )
AutoBuild: useSkillPoint(): Battle Cry (146)
AutoBuild: Attempt to spend skill point 1 in Battle Cry (146) may have failed!
AutoBuild: useStatPoint(0): Strength
AutoBuild: Stat (1/5) Increased Strength from 46 to 47
AutoBuild: useStatPoint(3): Vitality
AutoBuild: Attempt to spend point 2 in Vitality may have failed!
AutoBuild: useStatPoint(3): Vitality
AutoBuild: Attempt to spend point 3 in Vitality may have failed!
AutoBuild: useStatPoint(3): Vitality
AutoBuild: Attempt to spend point 4 in Vitality may have failed!
AutoBuild: useStatPoint(3): Vitality
AutoBuild: Attempt to spend point 5 in Vitality may have failed!
AutoBuild: Updating Config from level 19 to 20
AutoBuild: Incrementing cached character level to 20
AutoBuild: Including build template config/builds/barbarian.singer.js into default.dbj
AutoBuild: Including build template config/builds/barbarian.singer.js into tools\autobuildthread.js
AutoBuild: Loaded helper thread
AutoBuild: Including build template config/builds/barbarian.singer.js into tools\party.js
AutoBuild: Including build template config/builds/barbarian.singer.js into tools\toolsthread.js
AutoBuild: Stat points: 9      Skill points: 3
AutoBuild: Level up detected ( 19 --> 20 )
AutoBuild: useSkillPoint(): Battle Cry (146)
AutoBuild: Attempt to spend skill point 1 in Battle Cry (146) may have failed!
AutoBuild: useStatPoint(0): Strength
AutoBuild: Attempt to spend point 1 in Strength may have failed!
AutoBuild: useStatPoint(3): Vitality
AutoBuild: Attempt to spend point 2 in Vitality may have failed!
AutoBuild: useStatPoint(3): Vitality
AutoBuild: Stat (3/5) Increased Vitality from 95 to 96
AutoBuild: useStatPoint(3): Vitality
AutoBuild: Attempt to spend point 4 in Vitality may have failed!
AutoBuild: useStatPoint(3): Vitality
AutoBuild: Attempt to spend point 5 in Vitality may have failed!
AutoBuild: Updating Config from level 19 to 20
AutoBuild: Incrementing cached character level to 20
AutoBuild: Including build template config/builds/barbarian.singer.js into default.dbj
AutoBuild: Including build template config/builds/barbarian.singer.js into tools\autobuildthread.js
AutoBuild: Loaded helper thread
AutoBuild: Including build template config/builds/barbarian.singer.js into tools\party.js
AutoBuild: Including build template config/builds/barbarian.singer.js into tools\toolsthread.js
AutoBuild: Stat points: 13      Skill points: 4
AutoBuild: Level up detected ( 20 --> 21 )
AutoBuild: useSkillPoint(): Shout (138)
AutoBuild: Skill (1/1) Increased Shout (138) by one (level:  10)
AutoBuild: useStatPoint(0): Strength
AutoBuild: Stat (1/5) Increased Strength from 46 to 47
AutoBuild: useStatPoint(3): Vitality
AutoBuild: Stat (2/5) Increased Vitality from 96 to 97
AutoBuild: useStatPoint(3): Vitality
AutoBuild: Stat (3/5) Increased Vitality from 97 to 98
AutoBuild: useStatPoint(3): Vitality
AutoBuild: Stat (4/5) Increased Vitality from 98 to 99
AutoBuild: useStatPoint(3): Vitality
AutoBuild: Stat (5/5) Increased Vitality from 99 to 100
AutoBuild: Updating Config from level 20 to 21
AutoBuild: Incrementing cached character level to 21
AutoBuild: Including build template config/builds/barbarian.singer.js into default.dbj
AutoBuild: Including build template config/builds/barbarian.singer.js into tools\autobuildthread.js
AutoBuild: Loaded helper thread
AutoBuild: Including build template config/builds/barbarian.singer.js into tools\party.js
AutoBuild: Including build template config/builds/barbarian.singer.js into tools\toolsthread.js
AutoBuild: Including build template config/builds/barbarian.singer.js into default.dbj
AutoBuild: Including build template config/builds/barbarian.singer.js into tools\autobuildthread.js
AutoBuild: Loaded helper thread
AutoBuild: Including build template config/builds/barbarian.singer.js into tools\party.js
AutoBuild: Including build template config/builds/barbarian.singer.js into tools\toolsthread.js
AutoBuild: Stat points: 5      Skill points: 4
AutoBuild: Level up detected ( 21 --> 22 )
AutoBuild: useSkillPoint(): Shout (138)
AutoBuild: Skill (1/1) Increased Shout (138) by one (level:  11)
AutoBuild: useStatPoint(0): Strength
AutoBuild: Stat (1/5) Increased Strength from 48 to 49
AutoBuild: useStatPoint(3): Vitality
AutoBuild: Stat (2/5) Increased Vitality from 107 to 108
AutoBuild: useStatPoint(3): Vitality
AutoBuild: Stat (3/5) Increased Vitality from 108 to 109
AutoBuild: useStatPoint(3): Vitality
AutoBuild: Stat (4/5) Increased Vitality from 109 to 110
AutoBuild: useStatPoint(3): Vitality
AutoBuild: Stat (5/5) Increased Vitality from 110 to 111
AutoBuild: Updating Config from level 21 to 22
AutoBuild: Incrementing cached character level to 22
