AutoBuild: Including build template config/builds/necromancer.summoner.js into default.dbj
AutoBuild: Including build template config/builds/necromancer.summoner.js into tools\autobuildthread.js
AutoBuild: Loaded helper thread
AutoBuild: Including build template config/builds/necromancer.summoner.js into tools\party.js
AutoBuild: Including build template config/builds/necromancer.summoner.js into tools\townchicken.js
AutoBuild: Including build template config/builds/necromancer.summoner.js into tools\toolsthread.js
AutoBuild: Stat points: 5      Skill points: 1
AutoBuild: Level up detected ( 1 --> 2 )
AutoBuild: useSkillPoint(): Raise Skeleton (70)
AutoBuild: Skill (1/1) Increased Raise Skeleton (70) by one (level:  2)
AutoBuild: useStatPoint(0): Strength
AutoBuild: Stat (1/5) Increased Strength from 15 to 16
AutoBuild: useStatPoint(3): Vitality
AutoBuild: Stat (2/5) Increased Vitality from 15 to 16
AutoBuild: useStatPoint(3): Vitality
AutoBuild: Stat (3/5) Increased Vitality from 16 to 17
AutoBuild: useStatPoint(3): Vitality
AutoBuild: Stat (4/5) Increased Vitality from 17 to 18
AutoBuild: useStatPoint(3): Vitality
AutoBuild: Stat (5/5) Increased Vitality from 18 to 19
AutoBuild: Updating Config from level 1 to 2
AutoBuild: Incrementing cached character level to 2
AutoBuild: Stat points: 5      Skill points: 1
AutoBuild: Level up detected ( 2 --> 3 )
AutoBuild: useSkillPoint(): Amplify Damage (66)
AutoBuild: Skill (1/1) Increased Amplify Damage (66) by one (level:  1)
AutoBuild: useStatPoint(0): Strength
AutoBuild: Stat (1/5) Increased Strength from 16 to 17
AutoBuild: useStatPoint(3): Vitality
AutoBuild: Stat (2/5) Increased Vitality from 19 to 20
AutoBuild: useStatPoint(3): Vitality
AutoBuild: Stat (3/5) Increased Vitality from 20 to 21
AutoBuild: useStatPoint(3): Vitality
AutoBuild: Stat (4/5) Increased Vitality from 21 to 22
AutoBuild: useStatPoint(3): Vitality
AutoBuild: Stat (5/5) Increased Vitality from 22 to 23
AutoBuild: Updating Config from level 2 to 3
AutoBuild: Incrementing cached character level to 3
AutoBuild: Stat points: 5      Skill points: 1
AutoBuild: Level up detected ( 3 --> 4 )
AutoBuild: useSkillPoint(): Bone Armor (68)
AutoBuild: Skill (1/1) Increased Bone Armor (68) by one (level:  1)
AutoBuild: useStatPoint(0): Strength
AutoBuild: Stat (1/5) Increased Strength from 17 to 18
AutoBuild: useStatPoint(3): Vitality
AutoBuild: Stat (2/5) Increased Vitality from 23 to 24
AutoBuild: useStatPoint(3): Vitality
AutoBuild: Stat (3/5) Increased Vitality from 24 to 25
AutoBuild: useStatPoint(3): Vitality
AutoBuild: Stat (4/5) Increased Vitality from 25 to 26
AutoBuild: useStatPoint(3): Vitality
AutoBuild: Stat (5/5) Increased Vitality from 26 to 27
AutoBuild: Updating Config from level 3 to 4
AutoBuild: Incrementing cached character level to 4
AutoBuild: Stat points: 5      Skill points: 1
AutoBuild: Level up detected ( 4 --> 5 )
AutoBuild: useSkillPoint(): Skeleton Mastery (69)
AutoBuild: Skill (1/1) Increased Skeleton Mastery (69) by one (level:  1)
AutoBuild: useStatPoint(0): Strength
AutoBuild: Stat (1/5) Increased Strength from 18 to 19
AutoBuild: useStatPoint(3): Vitality
AutoBuild: Stat (2/5) Increased Vitality from 27 to 28
AutoBuild: useStatPoint(3): Vitality
AutoBuild: Stat (3/5) Increased Vitality from 28 to 29
AutoBuild: useStatPoint(3): Vitality
AutoBuild: Stat (4/5) Increased Vitality from 29 to 30
AutoBuild: useStatPoint(3): Vitality
AutoBuild: Stat (5/5) Increased Vitality from 30 to 31
AutoBuild: Updating Config from level 4 to 5
AutoBuild: Incrementing cached character level to 5
AutoBuild: Stat points: 5      Skill points: 1
AutoBuild: Level up detected ( 5 --> 6 )
AutoBuild: useSkillPoint(): Raise Skeleton (70)
AutoBuild: Skill (1/1) Increased Raise Skeleton (70) by one (level:  3)
AutoBuild: useStatPoint(0): Strength
AutoBuild: Stat (1/5) Increased Strength from 19 to 20
AutoBuild: useStatPoint(3): Vitality
AutoBuild: Stat (2/5) Increased Vitality from 31 to 32
AutoBuild: useStatPoint(3): Vitality
AutoBuild: Stat (3/5) Increased Vitality from 32 to 33
AutoBuild: useStatPoint(3): Vitality
AutoBuild: Stat (4/5) Increased Vitality from 33 to 34
AutoBuild: useStatPoint(3): Vitality
AutoBuild: Stat (5/5) Increased Vitality from 34 to 35
AutoBuild: Updating Config from level 5 to 6
AutoBuild: Incrementing cached character level to 6
AutoBuild: Including build template config/builds/necromancer.summoner.js into default.dbj
AutoBuild: Including build template config/builds/necromancer.summoner.js into tools\autobuildthread.js
AutoBuild: Loaded helper thread
AutoBuild: Including build template config/builds/necromancer.summoner.js into tools\party.js
AutoBuild: Including build template config/builds/necromancer.summoner.js into tools\townchicken.js
AutoBuild: Including build template config/builds/necromancer.summoner.js into tools\toolsthread.js
AutoBuild: Stat points: 5      Skill points: 1
AutoBuild: Level up detected ( 6 --> 7 )
AutoBuild: useSkillPoint(): Clay Golem (75)
AutoBuild: Skill (1/1) Increased Clay Golem (75) by one (level:  1)
AutoBuild: useStatPoint(0): Strength
AutoBuild: Attempt to spend point 1 in Strength may have failed!
AutoBuild: useStatPoint(3): Vitality
AutoBuild: Stat (2/5) Increased Vitality from 35 to 36
AutoBuild: useStatPoint(3): Vitality
AutoBuild: Stat (3/5) Increased Vitality from 36 to 37
AutoBuild: useStatPoint(3): Vitality
AutoBuild: Stat (4/5) Increased Vitality from 37 to 38
AutoBuild: useStatPoint(3): Vitality
AutoBuild: Stat (5/5) Increased Vitality from 38 to 39
AutoBuild: Updating Config from level 6 to 7
AutoBuild: Incrementing cached character level to 7
AutoBuild: Including build template config/builds/necromancer.summoner.js into default.dbj
AutoBuild: Including build template config/builds/necromancer.summoner.js into tools\autobuildthread.js
AutoBuild: Loaded helper thread
AutoBuild: Including build template config/builds/necromancer.summoner.js into tools\party.js
AutoBuild: Including build template config/builds/necromancer.summoner.js into tools\townchicken.js
AutoBuild: Including build template config/builds/necromancer.summoner.js into tools\toolsthread.js
AutoBuild: Stat points: 5      Skill points: 1
AutoBuild: Level up detected ( 7 --> 8 )
AutoBuild: useSkillPoint(): Skeleton Mastery (69)
AutoBuild: Skill (1/1) Increased Skeleton Mastery (69) by one (level:  2)
AutoBuild: useStatPoint(0): Strength
AutoBuild: Stat (1/5) Increased Strength from 21 to 22
AutoBuild: useStatPoint(3): Vitality
AutoBuild: Stat (2/5) Increased Vitality from 39 to 40
AutoBuild: useStatPoint(3): Vitality
AutoBuild: Stat (3/5) Increased Vitality from 40 to 41
AutoBuild: useStatPoint(3): Vitality
AutoBuild: Stat (4/5) Increased Vitality from 41 to 42
AutoBuild: useStatPoint(3): Vitality
AutoBuild: Attempt to spend point 5 in Vitality may have failed!
AutoBuild: Updating Config from level 7 to 8
AutoBuild: Incrementing cached character level to 8
AutoBuild: Stat points: 5      Skill points: 1
AutoBuild: Level up detected ( 8 --> 9 )
AutoBuild: useSkillPoint(): Skeleton Mastery (69)
AutoBuild: Skill (1/1) Increased Skeleton Mastery (69) by one (level:  3)
AutoBuild: useStatPoint(0): Strength
AutoBuild: Stat (1/5) Increased Strength from 22 to 23
AutoBuild: useStatPoint(3): Vitality
AutoBuild: Stat (2/5) Increased Vitality from 43 to 44
AutoBuild: useStatPoint(3): Vitality
AutoBuild: Stat (3/5) Increased Vitality from 44 to 45
AutoBuild: useStatPoint(3): Vitality
AutoBuild: Stat (4/5) Increased Vitality from 45 to 46
AutoBuild: useStatPoint(3): Vitality
AutoBuild: Stat (5/5) Increased Vitality from 46 to 47
AutoBuild: Updating Config from level 8 to 9
AutoBuild: Incrementing cached character level to 9
AutoBuild: Stat points: 5      Skill points: 1
AutoBuild: Level up detected ( 9 --> 10 )
AutoBuild: useSkillPoint(): Skeleton Mastery (69)
AutoBuild: Skill (1/1) Increased Skeleton Mastery (69) by one (level:  4)
AutoBuild: useStatPoint(0): Strength
AutoBuild: Stat (1/5) Increased Strength from 23 to 24
AutoBuild: useStatPoint(3): Vitality
AutoBuild: Stat (2/5) Increased Vitality from 47 to 48
AutoBuild: useStatPoint(3): Vitality
AutoBuild: Stat (3/5) Increased Vitality from 48 to 49
AutoBuild: useStatPoint(3): Vitality
AutoBuild: Stat (4/5) Increased Vitality from 49 to 50
AutoBuild: useStatPoint(3): Vitality
AutoBuild: Stat (5/5) Increased Vitality from 50 to 51
AutoBuild: Updating Config from level 9 to 10
AutoBuild: Incrementing cached character level to 10
