AutoBuild: Including build template config/builds/druid.tornado.js into default.dbj
AutoBuild: Including build template config/builds/druid.tornado.js into tools\autobuildthread.js
AutoBuild: Loaded helper thread
AutoBuild: Including build template config/builds/druid.tornado.js into tools\party.js
AutoBuild: Including build template config/builds/druid.tornado.js into tools\townchicken.js
AutoBuild: Including build template config/builds/druid.tornado.js into tools\toolsthread.js
AutoBuild: Including build template config/builds/druid.tornado.js into default.dbj
AutoBuild: Including build template config/builds/druid.tornado.js into tools\autobuildthread.js
AutoBuild: Loaded helper thread
AutoBuild: Including build template config/builds/druid.tornado.js into tools\party.js
AutoBuild: Including build template config/builds/druid.tornado.js into tools\townchicken.js
AutoBuild: Including build template config/builds/druid.tornado.js into tools\toolsthread.js
AutoBuild: Including build template config/builds/druid.tornado.js into default.dbj
AutoBuild: Including build template config/builds/druid.tornado.js into tools\autobuildthread.js
AutoBuild: Loaded helper thread
AutoBuild: Including build template config/builds/druid.tornado.js into tools\party.js
AutoBuild: Including build template config/builds/druid.tornado.js into tools\townchicken.js
AutoBuild: Including build template config/builds/druid.tornado.js into tools\toolsthread.js
AutoBuild: Including build template config/builds/druid.tornado.js into default.dbj
AutoBuild: Including build template config/builds/druid.tornado.js into tools\autobuildthread.js
AutoBuild: Loaded helper thread
AutoBuild: Including build template config/builds/druid.tornado.js into tools\party.js
AutoBuild: Including build template config/builds/druid.tornado.js into tools\toolsthread.js
AutoBuild: Including build template config/builds/druid.tornado.js into tools\townchicken.js
AutoBuild: Including build template config/builds/druid.tornado.js into default.dbj
AutoBuild: Including build template config/builds/druid.tornado.js into tools\autobuildthread.js
AutoBuild: Loaded helper thread
AutoBuild: Including build template config/builds/druid.tornado.js into tools\party.js
AutoBuild: Including build template config/builds/druid.tornado.js into tools\townchicken.js
AutoBuild: Including build template config/builds/druid.tornado.js into tools\toolsthread.js
AutoBuild: Including build template config/builds/druid.tornado.js into default.dbj
AutoBuild: Including build template config/builds/druid.tornado.js into tools\autobuildthread.js
AutoBuild: Loaded helper thread
AutoBuild: Including build template config/builds/druid.tornado.js into tools\party.js
AutoBuild: Including build template config/builds/druid.tornado.js into tools\townchicken.js
AutoBuild: Including build template config/builds/druid.tornado.js into tools\toolsthread.js
AutoBuild: Including build template config/builds/druid.tornado.js into default.dbj
AutoBuild: Including build template config/builds/druid.tornado.js into tools\autobuildthread.js
AutoBuild: Loaded helper thread
AutoBuild: Including build template config/builds/druid.tornado.js into tools\party.js
AutoBuild: Including build template config/builds/druid.tornado.js into tools\townchicken.js
AutoBuild: Including build template config/builds/druid.tornado.js into tools\toolsthread.js
AutoBuild: Including build template config/builds/druid.tornado.js into default.dbj
AutoBuild: Including build template config/builds/druid.tornado.js into tools\autobuildthread.js
AutoBuild: Loaded helper thread
AutoBuild: Including build template config/builds/druid.tornado.js into tools\party.js
AutoBuild: Including build template config/builds/druid.tornado.js into tools\townchicken.js
AutoBuild: Including build template config/builds/druid.tornado.js into tools\toolsthread.js
