AutoBuild: Including build template config/builds/sorceress.lightning.js into default.dbj
AutoBuild: Including build template config/builds/sorceress.lightning.js into tools\autobuildthread.js
AutoBuild: Loaded helper thread
AutoBuild: Including build template config/builds/sorceress.lightning.js into tools\party.js
AutoBuild: Including build template config/builds/sorceress.lightning.js into tools\toolsthread.js
AutoBuild: Including build template config/builds/sorceress.lightning.js into default.dbj
AutoBuild: Including build template config/builds/sorceress.lightning.js into tools\autobuildthread.js
AutoBuild: Loaded helper thread
AutoBuild: Including build template config/builds/sorceress.lightning.js into tools\party.js
AutoBuild: Including build template config/builds/sorceress.lightning.js into tools\toolsthread.js
AutoBuild: Including build template config/builds/sorceress.lightning.js into default.dbj
AutoBuild: Including build template config/builds/sorceress.lightning.js into tools\autobuildthread.js
AutoBuild: Loaded helper thread
AutoBuild: Including build template config/builds/sorceress.lightning.js into tools\party.js
AutoBuild: Including build template config/builds/sorceress.lightning.js into tools\toolsthread.js
AutoBuild: Including build template config/builds/sorceress.lightning.js into default.dbj
AutoBuild: Including build template config/builds/sorceress.lightning.js into tools\autobuildthread.js
AutoBuild: Loaded helper thread
AutoBuild: Including build template config/builds/sorceress.lightning.js into tools\party.js
AutoBuild: Including build template config/builds/sorceress.lightning.js into tools\toolsthread.js
AutoBuild: Including build template config/builds/sorceress.lightning.js into default.dbj
AutoBuild: Including build template config/builds/sorceress.lightning.js into tools\autobuildthread.js
AutoBuild: Loaded helper thread
AutoBuild: Including build template config/builds/sorceress.lightning.js into tools\party.js
AutoBuild: Including build template config/builds/sorceress.lightning.js into tools\toolsthread.js
AutoBuild: Including build template config/builds/sorceress.lightning.js into default.dbj
AutoBuild: Including build template config/builds/sorceress.lightning.js into tools\autobuildthread.js
AutoBuild: Loaded helper thread
AutoBuild: Including build template config/builds/sorceress.lightning.js into tools\party.js
AutoBuild: Including build template config/builds/sorceress.lightning.js into tools\toolsthread.js
AutoBuild: Including build template config/builds/sorceress.lightning.js into default.dbj
AutoBuild: Including build template config/builds/sorceress.lightning.js into tools\autobuildthread.js
AutoBuild: Loaded helper thread
AutoBuild: Including build template config/builds/sorceress.lightning.js into tools\party.js
AutoBuild: Including build template config/builds/sorceress.lightning.js into tools\toolsthread.js
AutoBuild: Including build template config/builds/sorceress.lightning.js into default.dbj
AutoBuild: Including build template config/builds/sorceress.lightning.js into tools\autobuildthread.js
AutoBuild: Loaded helper thread
AutoBuild: Including build template config/builds/sorceress.lightning.js into tools\party.js
AutoBuild: Including build template config/builds/sorceress.lightning.js into tools\toolsthread.js
AutoBuild: Including build template config/builds/sorceress.lightning.js into default.dbj
AutoBuild: Including build template config/builds/sorceress.lightning.js into tools\autobuildthread.js
AutoBuild: Loaded helper thread
AutoBuild: Including build template config/builds/sorceress.lightning.js into tools\party.js
AutoBuild: Including build template config/builds/sorceress.lightning.js into tools\toolsthread.js
AutoBuild: Including build template config/builds/sorceress.lightning.js into default.dbj
AutoBuild: Including build template config/builds/sorceress.lightning.js into tools\autobuildthread.js
AutoBuild: Loaded helper thread
AutoBuild: Including build template config/builds/sorceress.lightning.js into tools\party.js
AutoBuild: Including build template config/builds/sorceress.lightning.js into tools\toolsthread.js
AutoBuild: Stat points: 10      Skill points: 2
AutoBuild: Level up detected ( 56 --> 57 )
AutoBuild: useSkillPoint(): Lightning Mastery (63)
AutoBuild: Attempt to spend skill point 1 in Lightning Mastery (63) may have failed!
AutoBuild: useStatPoint(0): Strength
AutoBuild: Stat (1/5) Increased Strength from 65 to 66
AutoBuild: useStatPoint(1): Energy
AutoBuild: Stat (2/5) Increased Energy from 155 to 156
AutoBuild: useStatPoint(1): Energy
AutoBuild: Stat (3/5) Increased Energy from 156 to 157
AutoBuild: useStatPoint(3): Vitality
AutoBuild: Stat (4/5) Increased Vitality from 142 to 143
AutoBuild: useStatPoint(3): Vitality
AutoBuild: Stat (5/5) Increased Vitality from 143 to 144
AutoBuild: Updating Config from level 56 to 57
AutoBuild: Incrementing cached character level to 57
AutoBuild: Including build template config/builds/sorceress.lightning.js into default.dbj
AutoBuild: Including build template config/builds/sorceress.lightning.js into tools\autobuildthread.js
AutoBuild: Loaded helper thread
AutoBuild: Including build template config/builds/sorceress.lightning.js into tools\party.js
AutoBuild: Including build template config/builds/sorceress.lightning.js into tools\toolsthread.js
AutoBuild: Including build template config/builds/sorceress.lightning.js into default.dbj
AutoBuild: Including build template config/builds/sorceress.lightning.js into tools\autobuildthread.js
AutoBuild: Loaded helper thread
AutoBuild: Including build template config/builds/sorceress.lightning.js into tools\party.js
AutoBuild: Including build template config/builds/sorceress.lightning.js into tools\toolsthread.js
AutoBuild: Including build template config/builds/sorceress.lightning.js into default.dbj
AutoBuild: Including build template config/builds/sorceress.lightning.js into tools\autobuildthread.js
AutoBuild: Loaded helper thread
AutoBuild: Including build template config/builds/sorceress.lightning.js into tools\party.js
AutoBuild: Including build template config/builds/sorceress.lightning.js into tools\toolsthread.js
AutoBuild: Including build template config/builds/sorceress.lightning.js into default.dbj
AutoBuild: Including build template config/builds/sorceress.lightning.js into tools\autobuildthread.js
AutoBuild: Loaded helper thread
AutoBuild: Including build template config/builds/sorceress.lightning.js into tools\party.js
AutoBuild: Including build template config/builds/sorceress.lightning.js into tools\toolsthread.js
AutoBuild: Including build template config/builds/sorceress.lightning.js into default.dbj
AutoBuild: Including build template config/builds/sorceress.lightning.js into tools\autobuildthread.js
AutoBuild: Loaded helper thread
AutoBuild: Including build template config/builds/sorceress.lightning.js into tools\party.js
AutoBuild: Including build template config/builds/sorceress.lightning.js into tools\toolsthread.js
AutoBuild: Including build template config/builds/sorceress.lightning.js into default.dbj
AutoBuild: Including build template config/builds/sorceress.lightning.js into tools\autobuildthread.js
AutoBuild: Loaded helper thread
AutoBuild: Including build template config/builds/sorceress.lightning.js into tools\party.js
AutoBuild: Including build template config/builds/sorceress.lightning.js into tools\toolsthread.js
AutoBuild: Stat points: 10      Skill points: 3
AutoBuild: Level up detected ( 57 --> 58 )
AutoBuild: useSkillPoint(): Charged Bolt (38)
AutoBuild: Skill (1/1) Increased Charged Bolt (38) by one (level:  11)
AutoBuild: useStatPoint(0): Strength
AutoBuild: Stat (1/5) Increased Strength from 66 to 67
AutoBuild: useStatPoint(1): Energy
AutoBuild: Stat (2/5) Increased Energy from 157 to 158
AutoBuild: useStatPoint(1): Energy
AutoBuild: Stat (3/5) Increased Energy from 158 to 159
AutoBuild: useStatPoint(3): Vitality
AutoBuild: Stat (4/5) Increased Vitality from 144 to 145
AutoBuild: useStatPoint(3): Vitality
AutoBuild: Stat (5/5) Increased Vitality from 145 to 146
AutoBuild: Updating Config from level 57 to 58
AutoBuild: Incrementing cached character level to 58
AutoBuild: Including build template config/builds/sorceress.lightning.js into default.dbj
AutoBuild: Including build template config/builds/sorceress.lightning.js into tools\autobuildthread.js
AutoBuild: Loaded helper thread
AutoBuild: Including build template config/builds/sorceress.lightning.js into tools\party.js
AutoBuild: Including build template config/builds/sorceress.lightning.js into tools\toolsthread.js
AutoBuild: Including build template config/builds/sorceress.lightning.js into default.dbj
AutoBuild: Including build template config/builds/sorceress.lightning.js into tools\autobuildthread.js
AutoBuild: Loaded helper thread
AutoBuild: Including build template config/builds/sorceress.lightning.js into tools\party.js
AutoBuild: Including build template config/builds/sorceress.lightning.js into tools\toolsthread.js
AutoBuild: Including build template config/builds/sorceress.lightning.js into default.dbj
AutoBuild: Including build template config/builds/sorceress.lightning.js into tools\autobuildthread.js
AutoBuild: Loaded helper thread
AutoBuild: Including build template config/builds/sorceress.lightning.js into tools\party.js
AutoBuild: Including build template config/builds/sorceress.lightning.js into tools\toolsthread.js
AutoBuild: Including build template config/builds/sorceress.lightning.js into default.dbj
AutoBuild: Including build template config/builds/sorceress.lightning.js into tools\autobuildthread.js
AutoBuild: Loaded helper thread
AutoBuild: Including build template config/builds/sorceress.lightning.js into tools\party.js
AutoBuild: Including build template config/builds/sorceress.lightning.js into tools\toolsthread.js
AutoBuild: Stat points: 10      Skill points: 3
AutoBuild: Level up detected ( 58 --> 59 )
AutoBuild: useSkillPoint(): Charged Bolt (38)
AutoBuild: Skill (1/1) Increased Charged Bolt (38) by one (level:  13)
AutoBuild: useStatPoint(0): Strength
AutoBuild: Stat (1/5) Increased Strength from 67 to 68
AutoBuild: useStatPoint(1): Energy
AutoBuild: Stat (2/5) Increased Energy from 159 to 160
AutoBuild: useStatPoint(1): Energy
AutoBuild: Stat (3/5) Increased Energy from 160 to 161
AutoBuild: useStatPoint(3): Vitality
AutoBuild: Stat (4/5) Increased Vitality from 146 to 147
AutoBuild: useStatPoint(3): Vitality
AutoBuild: Stat (5/5) Increased Vitality from 147 to 148
AutoBuild: Updating Config from level 58 to 59
AutoBuild: Incrementing cached character level to 59
AutoBuild: Including build template config/builds/sorceress.lightning.js into default.dbj
AutoBuild: Including build template config/builds/sorceress.lightning.js into tools\autobuildthread.js
AutoBuild: Loaded helper thread
AutoBuild: Including build template config/builds/sorceress.lightning.js into tools\party.js
AutoBuild: Including build template config/builds/sorceress.lightning.js into tools\toolsthread.js
AutoBuild: Including build template config/builds/sorceress.lightning.js into default.dbj
AutoBuild: Including build template config/builds/sorceress.lightning.js into tools\autobuildthread.js
AutoBuild: Loaded helper thread
AutoBuild: Including build template config/builds/sorceress.lightning.js into tools\party.js
AutoBuild: Including build template config/builds/sorceress.lightning.js into tools\toolsthread.js
AutoBuild: Including build template config/builds/sorceress.lightning.js into default.dbj
AutoBuild: Including build template config/builds/sorceress.lightning.js into tools\autobuildthread.js
AutoBuild: Loaded helper thread
AutoBuild: Including build template config/builds/sorceress.lightning.js into tools\party.js
AutoBuild: Including build template config/builds/sorceress.lightning.js into tools\toolsthread.js
AutoBuild: Including build template config/builds/sorceress.lightning.js into default.dbj
AutoBuild: Including build template config/builds/sorceress.lightning.js into tools\autobuildthread.js
AutoBuild: Loaded helper thread
AutoBuild: Including build template config/builds/sorceress.lightning.js into tools\party.js
AutoBuild: Including build template config/builds/sorceress.lightning.js into tools\toolsthread.js
AutoBuild: Including build template config/builds/sorceress.lightning.js into default.dbj
AutoBuild: Including build template config/builds/sorceress.lightning.js into tools\autobuildthread.js
AutoBuild: Loaded helper thread
AutoBuild: Including build template config/builds/sorceress.lightning.js into tools\party.js
AutoBuild: Including build template config/builds/sorceress.lightning.js into tools\toolsthread.js
AutoBuild: Stat points: 10      Skill points: 3
AutoBuild: Level up detected ( 59 --> 60 )
AutoBuild: useSkillPoint(): Charged Bolt (38)
AutoBuild: Skill (1/1) Increased Charged Bolt (38) by one (level:  13)
AutoBuild: useStatPoint(0): Strength
AutoBuild: Stat (1/5) Increased Strength from 68 to 69
AutoBuild: useStatPoint(1): Energy
AutoBuild: Stat (2/5) Increased Energy from 161 to 162
AutoBuild: useStatPoint(1): Energy
AutoBuild: Stat (3/5) Increased Energy from 162 to 163
AutoBuild: useStatPoint(3): Vitality
AutoBuild: Stat (4/5) Increased Vitality from 148 to 149
AutoBuild: useStatPoint(3): Vitality
AutoBuild: Stat (5/5) Increased Vitality from 149 to 150
AutoBuild: Updating Config from level 59 to 60
AutoBuild: Incrementing cached character level to 60
AutoBuild: Including build template config/builds/sorceress.lightning.js into default.dbj
AutoBuild: Including build template config/builds/sorceress.lightning.js into tools\autobuildthread.js
AutoBuild: Loaded helper thread
AutoBuild: Including build template config/builds/sorceress.lightning.js into tools\party.js
AutoBuild: Including build template config/builds/sorceress.lightning.js into tools\toolsthread.js
AutoBuild: Including build template config/builds/sorceress.lightning.js into default.dbj
AutoBuild: Including build template config/builds/sorceress.lightning.js into tools\autobuildthread.js
AutoBuild: Loaded helper thread
AutoBuild: Including build template config/builds/sorceress.lightning.js into tools\party.js
AutoBuild: Including build template config/builds/sorceress.lightning.js into tools\toolsthread.js
AutoBuild: Including build template config/builds/sorceress.lightning.js into default.dbj
AutoBuild: Including build template config/builds/sorceress.lightning.js into tools\autobuildthread.js
AutoBuild: Loaded helper thread
AutoBuild: Including build template config/builds/sorceress.lightning.js into tools\party.js
AutoBuild: Including build template config/builds/sorceress.lightning.js into tools\toolsthread.js
AutoBuild: Including build template config/builds/sorceress.lightning.js into default.dbj
AutoBuild: Including build template config/builds/sorceress.lightning.js into tools\autobuildthread.js
AutoBuild: Loaded helper thread
AutoBuild: Including build template config/builds/sorceress.lightning.js into tools\party.js
AutoBuild: Including build template config/builds/sorceress.lightning.js into tools\toolsthread.js
AutoBuild: Including build template config/builds/sorceress.lightning.js into default.dbj
AutoBuild: Including build template config/builds/sorceress.lightning.js into tools\autobuildthread.js
AutoBuild: Loaded helper thread
AutoBuild: Including build template config/builds/sorceress.lightning.js into tools\party.js
AutoBuild: Including build template config/builds/sorceress.lightning.js into tools\toolsthread.js
AutoBuild: Including build template config/builds/sorceress.lightning.js into default.dbj
AutoBuild: Including build template config/builds/sorceress.lightning.js into tools\autobuildthread.js
AutoBuild: Loaded helper thread
AutoBuild: Including build template config/builds/sorceress.lightning.js into tools\party.js
AutoBuild: Including build template config/builds/sorceress.lightning.js into tools\toolsthread.js
AutoBuild: Including build template config/builds/sorceress.lightning.js into default.dbj
AutoBuild: Including build template config/builds/sorceress.lightning.js into tools\autobuildthread.js
AutoBuild: Loaded helper thread
AutoBuild: Including build template config/builds/sorceress.lightning.js into tools\party.js
AutoBuild: Including build template config/builds/sorceress.lightning.js into tools\toolsthread.js
AutoBuild: Including build template config/builds/sorceress.lightning.js into default.dbj
AutoBuild: Including build template config/builds/sorceress.lightning.js into tools\autobuildthread.js
AutoBuild: Loaded helper thread
AutoBuild: Including build template config/builds/sorceress.lightning.js into tools\party.js
AutoBuild: Including build template config/builds/sorceress.lightning.js into tools\toolsthread.js
AutoBuild: Including build template config/builds/sorceress.lightning.js into default.dbj
AutoBuild: Including build template config/builds/sorceress.lightning.js into tools\autobuildthread.js
AutoBuild: Loaded helper thread
AutoBuild: Including build template config/builds/sorceress.lightning.js into tools\party.js
AutoBuild: Including build template config/builds/sorceress.lightning.js into tools\toolsthread.js
AutoBuild: Including build template config/builds/sorceress.lightning.js into default.dbj
AutoBuild: Including build template config/builds/sorceress.lightning.js into tools\autobuildthread.js
AutoBuild: Loaded helper thread
AutoBuild: Including build template config/builds/sorceress.lightning.js into tools\party.js
AutoBuild: Including build template config/builds/sorceress.lightning.js into tools\toolsthread.js
AutoBuild: Including build template config/builds/sorceress.lightning.js into default.dbj
AutoBuild: Including build template config/builds/sorceress.lightning.js into tools\autobuildthread.js
AutoBuild: Loaded helper thread
AutoBuild: Including build template config/builds/sorceress.lightning.js into tools\party.js
AutoBuild: Including build template config/builds/sorceress.lightning.js into tools\toolsthread.js
AutoBuild: Including build template config/builds/sorceress.lightning.js into default.dbj
AutoBuild: Including build template config/builds/sorceress.lightning.js into tools\autobuildthread.js
AutoBuild: Loaded helper thread
AutoBuild: Including build template config/builds/sorceress.lightning.js into tools\party.js
AutoBuild: Including build template config/builds/sorceress.lightning.js into tools\toolsthread.js
AutoBuild: Including build template config/builds/sorceress.lightning.js into default.dbj
AutoBuild: Including build template config/builds/sorceress.lightning.js into tools\autobuildthread.js
AutoBuild: Loaded helper thread
AutoBuild: Including build template config/builds/sorceress.lightning.js into tools\party.js
AutoBuild: Including build template config/builds/sorceress.lightning.js into tools\toolsthread.js
AutoBuild: Including build template config/builds/sorceress.lightning.js into default.dbj
AutoBuild: Including build template config/builds/sorceress.lightning.js into tools\autobuildthread.js
AutoBuild: Loaded helper thread
AutoBuild: Including build template config/builds/sorceress.lightning.js into tools\party.js
AutoBuild: Including build template config/builds/sorceress.lightning.js into tools\toolsthread.js
AutoBuild: Including build template config/builds/sorceress.lightning.js into default.dbj
AutoBuild: Including build template config/builds/sorceress.lightning.js into tools\autobuildthread.js
AutoBuild: Loaded helper thread
AutoBuild: Including build template config/builds/sorceress.lightning.js into tools\party.js
AutoBuild: Including build template config/builds/sorceress.lightning.js into tools\toolsthread.js
AutoBuild: Stat points: 10      Skill points: 1
AutoBuild: Level up detected ( 60 --> 61 )
AutoBuild: useSkillPoint(): Charged Bolt (38)
AutoBuild: Skill (1/1) Increased Charged Bolt (38) by one (level:  14)
AutoBuild: useStatPoint(0): Strength
AutoBuild: Stat (1/5) Increased Strength from 69 to 70
AutoBuild: useStatPoint(1): Energy
AutoBuild: Stat (2/5) Increased Energy from 163 to 164
AutoBuild: useStatPoint(1): Energy
AutoBuild: Stat (3/5) Increased Energy from 164 to 165
AutoBuild: useStatPoint(3): Vitality
AutoBuild: Stat (4/5) Increased Vitality from 150 to 151
AutoBuild: useStatPoint(3): Vitality
AutoBuild: Stat (5/5) Increased Vitality from 151 to 152
AutoBuild: Updating Config from level 60 to 61
AutoBuild: Incrementing cached character level to 61
AutoBuild: Including build template config/builds/sorceress.lightning.js into default.dbj
AutoBuild: Including build template config/builds/sorceress.lightning.js into tools\autobuildthread.js
AutoBuild: Loaded helper thread
AutoBuild: Including build template config/builds/sorceress.lightning.js into tools\party.js
AutoBuild: Including build template config/builds/sorceress.lightning.js into tools\toolsthread.js
AutoBuild: Including build template config/builds/sorceress.lightning.js into default.dbj
AutoBuild: Including build template config/builds/sorceress.lightning.js into tools\autobuildthread.js
AutoBuild: Loaded helper thread
AutoBuild: Including build template config/builds/sorceress.lightning.js into tools\party.js
AutoBuild: Including build template config/builds/sorceress.lightning.js into tools\toolsthread.js
AutoBuild: Including build template config/builds/sorceress.lightning.js into default.dbj
AutoBuild: Including build template config/builds/sorceress.lightning.js into tools\autobuildthread.js
AutoBuild: Loaded helper thread
AutoBuild: Including build template config/builds/sorceress.lightning.js into tools\party.js
AutoBuild: Including build template config/builds/sorceress.lightning.js into tools\toolsthread.js
AutoBuild: Including build template config/builds/sorceress.lightning.js into default.dbj
AutoBuild: Including build template config/builds/sorceress.lightning.js into tools\autobuildthread.js
AutoBuild: Loaded helper thread
AutoBuild: Including build template config/builds/sorceress.lightning.js into tools\party.js
AutoBuild: Including build template config/builds/sorceress.lightning.js into tools\toolsthread.js
AutoBuild: Including build template config/builds/sorceress.lightning.js into default.dbj
AutoBuild: Including build template config/builds/sorceress.lightning.js into tools\autobuildthread.js
AutoBuild: Loaded helper thread
AutoBuild: Including build template config/builds/sorceress.lightning.js into tools\party.js
AutoBuild: Including build template config/builds/sorceress.lightning.js into tools\toolsthread.js
AutoBuild: Including build template config/builds/sorceress.lightning.js into default.dbj
AutoBuild: Including build template config/builds/sorceress.lightning.js into tools\autobuildthread.js
AutoBuild: Loaded helper thread
AutoBuild: Including build template config/builds/sorceress.lightning.js into tools\party.js
AutoBuild: Including build template config/builds/sorceress.lightning.js into tools\toolsthread.js
AutoBuild: Including build template config/builds/sorceress.lightning.js into default.dbj
AutoBuild: Including build template config/builds/sorceress.lightning.js into tools\autobuildthread.js
AutoBuild: Loaded helper thread
AutoBuild: Including build template config/builds/sorceress.lightning.js into tools\party.js
AutoBuild: Including build template config/builds/sorceress.lightning.js into tools\toolsthread.js
AutoBuild: Including build template config/builds/sorceress.lightning.js into default.dbj
AutoBuild: Including build template config/builds/sorceress.lightning.js into tools\autobuildthread.js
AutoBuild: Loaded helper thread
AutoBuild: Including build template config/builds/sorceress.lightning.js into tools\party.js
AutoBuild: Including build template config/builds/sorceress.lightning.js into tools\toolsthread.js
AutoBuild: Including build template config/builds/sorceress.lightning.js into default.dbj
AutoBuild: Including build template config/builds/sorceress.lightning.js into tools\autobuildthread.js
AutoBuild: Loaded helper thread
AutoBuild: Including build template config/builds/sorceress.lightning.js into tools\party.js
AutoBuild: Including build template config/builds/sorceress.lightning.js into tools\toolsthread.js
AutoBuild: Stat points: 10      Skill points: 1
AutoBuild: Level up detected ( 61 --> 62 )
AutoBuild: useSkillPoint(): Charged Bolt (38)
AutoBuild: Skill (1/1) Increased Charged Bolt (38) by one (level:  16)
AutoBuild: useStatPoint(0): Strength
AutoBuild: Stat (1/5) Increased Strength from 70 to 71
AutoBuild: useStatPoint(1): Energy
AutoBuild: Stat (2/5) Increased Energy from 165 to 166
AutoBuild: useStatPoint(1): Energy
AutoBuild: Stat (3/5) Increased Energy from 166 to 167
AutoBuild: useStatPoint(3): Vitality
AutoBuild: Stat (4/5) Increased Vitality from 152 to 153
AutoBuild: useStatPoint(3): Vitality
AutoBuild: Stat (5/5) Increased Vitality from 153 to 154
AutoBuild: Updating Config from level 61 to 62
AutoBuild: Incrementing cached character level to 62
AutoBuild: Including build template config/builds/sorceress.lightning.js into default.dbj
AutoBuild: Including build template config/builds/sorceress.lightning.js into tools\autobuildthread.js
AutoBuild: Loaded helper thread
AutoBuild: Including build template config/builds/sorceress.lightning.js into tools\party.js
AutoBuild: Including build template config/builds/sorceress.lightning.js into tools\toolsthread.js
AutoBuild: Including build template config/builds/sorceress.lightning.js into default.dbj
AutoBuild: Including build template config/builds/sorceress.lightning.js into tools\autobuildthread.js
AutoBuild: Loaded helper thread
AutoBuild: Including build template config/builds/sorceress.lightning.js into tools\party.js
AutoBuild: Including build template config/builds/sorceress.lightning.js into tools\toolsthread.js
AutoBuild: Including build template config/builds/sorceress.lightning.js into default.dbj
AutoBuild: Including build template config/builds/sorceress.lightning.js into tools\autobuildthread.js
AutoBuild: Loaded helper thread
AutoBuild: Including build template config/builds/sorceress.lightning.js into tools\party.js
AutoBuild: Including build template config/builds/sorceress.lightning.js into tools\toolsthread.js
AutoBuild: Including build template config/builds/sorceress.lightning.js into default.dbj
AutoBuild: Including build template config/builds/sorceress.lightning.js into tools\autobuildthread.js
AutoBuild: Loaded helper thread
AutoBuild: Including build template config/builds/sorceress.lightning.js into tools\party.js
AutoBuild: Including build template config/builds/sorceress.lightning.js into tools\toolsthread.js
AutoBuild: Including build template config/builds/sorceress.lightning.js into default.dbj
AutoBuild: Including build template config/builds/sorceress.lightning.js into tools\autobuildthread.js
AutoBuild: Loaded helper thread
AutoBuild: Including build template config/builds/sorceress.lightning.js into tools\party.js
AutoBuild: Including build template config/builds/sorceress.lightning.js into tools\toolsthread.js
AutoBuild: Including build template config/builds/sorceress.lightning.js into default.dbj
AutoBuild: Including build template config/builds/sorceress.lightning.js into tools\autobuildthread.js
AutoBuild: Loaded helper thread
AutoBuild: Including build template config/builds/sorceress.lightning.js into tools\party.js
AutoBuild: Including build template config/builds/sorceress.lightning.js into tools\toolsthread.js
AutoBuild: Including build template config/builds/sorceress.lightning.js into default.dbj
AutoBuild: Including build template config/builds/sorceress.lightning.js into tools\autobuildthread.js
AutoBuild: Loaded helper thread
AutoBuild: Including build template config/builds/sorceress.lightning.js into tools\party.js
AutoBuild: Including build template config/builds/sorceress.lightning.js into tools\toolsthread.js
AutoBuild: Including build template config/builds/sorceress.lightning.js into default.dbj
AutoBuild: Including build template config/builds/sorceress.lightning.js into tools\autobuildthread.js
AutoBuild: Loaded helper thread
AutoBuild: Including build template config/builds/sorceress.lightning.js into tools\party.js
AutoBuild: Including build template config/builds/sorceress.lightning.js into tools\toolsthread.js
AutoBuild: Including build template config/builds/sorceress.lightning.js into default.dbj
AutoBuild: Including build template config/builds/sorceress.lightning.js into tools\autobuildthread.js
AutoBuild: Loaded helper thread
AutoBuild: Including build template config/builds/sorceress.lightning.js into tools\party.js
AutoBuild: Including build template config/builds/sorceress.lightning.js into tools\toolsthread.js
AutoBuild: Stat points: 10      Skill points: 1
AutoBuild: Level up detected ( 62 --> 63 )
AutoBuild: useSkillPoint(): Charged Bolt (38)
AutoBuild: Skill (1/1) Increased Charged Bolt (38) by one (level:  16)
AutoBuild: useStatPoint(0): Strength
AutoBuild: Stat (1/5) Increased Strength from 71 to 72
AutoBuild: useStatPoint(1): Energy
AutoBuild: Stat (2/5) Increased Energy from 167 to 168
AutoBuild: useStatPoint(1): Energy
AutoBuild: Stat (3/5) Increased Energy from 168 to 169
AutoBuild: useStatPoint(3): Vitality
AutoBuild: Stat (4/5) Increased Vitality from 154 to 155
AutoBuild: useStatPoint(3): Vitality
AutoBuild: Stat (5/5) Increased Vitality from 155 to 156
AutoBuild: Updating Config from level 62 to 63
AutoBuild: Incrementing cached character level to 63
AutoBuild: Including build template config/builds/sorceress.lightning.js into default.dbj
AutoBuild: Including build template config/builds/sorceress.lightning.js into tools\autobuildthread.js
AutoBuild: Loaded helper thread
AutoBuild: Including build template config/builds/sorceress.lightning.js into tools\party.js
AutoBuild: Including build template config/builds/sorceress.lightning.js into tools\toolsthread.js
AutoBuild: Including build template config/builds/sorceress.lightning.js into default.dbj
AutoBuild: Including build template config/builds/sorceress.lightning.js into tools\autobuildthread.js
AutoBuild: Loaded helper thread
AutoBuild: Including build template config/builds/sorceress.lightning.js into tools\party.js
AutoBuild: Including build template config/builds/sorceress.lightning.js into tools\toolsthread.js
AutoBuild: Including build template config/builds/sorceress.lightning.js into default.dbj
AutoBuild: Including build template config/builds/sorceress.lightning.js into tools\autobuildthread.js
AutoBuild: Loaded helper thread
AutoBuild: Including build template config/builds/sorceress.lightning.js into tools\party.js
AutoBuild: Including build template config/builds/sorceress.lightning.js into tools\toolsthread.js
AutoBuild: Including build template config/builds/sorceress.lightning.js into default.dbj
AutoBuild: Including build template config/builds/sorceress.lightning.js into tools\autobuildthread.js
AutoBuild: Loaded helper thread
AutoBuild: Including build template config/builds/sorceress.lightning.js into tools\party.js
AutoBuild: Including build template config/builds/sorceress.lightning.js into tools\toolsthread.js
AutoBuild: Including build template config/builds/sorceress.lightning.js into default.dbj
AutoBuild: Including build template config/builds/sorceress.lightning.js into tools\autobuildthread.js
AutoBuild: Loaded helper thread
AutoBuild: Including build template config/builds/sorceress.lightning.js into tools\party.js
AutoBuild: Including build template config/builds/sorceress.lightning.js into tools\toolsthread.js
AutoBuild: Including build template config/builds/sorceress.lightning.js into default.dbj
AutoBuild: Including build template config/builds/sorceress.lightning.js into tools\autobuildthread.js
AutoBuild: Loaded helper thread
AutoBuild: Including build template config/builds/sorceress.lightning.js into tools\party.js
AutoBuild: Including build template config/builds/sorceress.lightning.js into tools\toolsthread.js
AutoBuild: Including build template config/builds/sorceress.lightning.js into default.dbj
AutoBuild: Including build template config/builds/sorceress.lightning.js into tools\autobuildthread.js
AutoBuild: Loaded helper thread
AutoBuild: Including build template config/builds/sorceress.lightning.js into tools\party.js
AutoBuild: Including build template config/builds/sorceress.lightning.js into tools\toolsthread.js
AutoBuild: Including build template config/builds/sorceress.lightning.js into default.dbj
AutoBuild: Including build template config/builds/sorceress.lightning.js into tools\autobuildthread.js
AutoBuild: Loaded helper thread
AutoBuild: Including build template config/builds/sorceress.lightning.js into tools\party.js
AutoBuild: Including build template config/builds/sorceress.lightning.js into tools\toolsthread.js
AutoBuild: Including build template config/builds/sorceress.lightning.js into default.dbj
AutoBuild: Including build template config/builds/sorceress.lightning.js into tools\autobuildthread.js
AutoBuild: Loaded helper thread
AutoBuild: Including build template config/builds/sorceress.lightning.js into tools\party.js
AutoBuild: Including build template config/builds/sorceress.lightning.js into tools\toolsthread.js
AutoBuild: Including build template config/builds/sorceress.lightning.js into default.dbj
AutoBuild: Including build template config/builds/sorceress.lightning.js into tools\autobuildthread.js
AutoBuild: Loaded helper thread
AutoBuild: Including build template config/builds/sorceress.lightning.js into tools\party.js
AutoBuild: Including build template config/builds/sorceress.lightning.js into tools\toolsthread.js
AutoBuild: Including build template config/builds/sorceress.lightning.js into default.dbj
AutoBuild: Including build template config/builds/sorceress.lightning.js into tools\autobuildthread.js
AutoBuild: Loaded helper thread
AutoBuild: Including build template config/builds/sorceress.lightning.js into tools\party.js
AutoBuild: Including build template config/builds/sorceress.lightning.js into tools\toolsthread.js
AutoBuild: Including build template config/builds/sorceress.lightning.js into default.dbj
AutoBuild: Including build template config/builds/sorceress.lightning.js into tools\autobuildthread.js
AutoBuild: Loaded helper thread
AutoBuild: Including build template config/builds/sorceress.lightning.js into tools\party.js
AutoBuild: Including build template config/builds/sorceress.lightning.js into tools\toolsthread.js
AutoBuild: Including build template config/builds/sorceress.lightning.js into default.dbj
AutoBuild: Including build template config/builds/sorceress.lightning.js into tools\autobuildthread.js
AutoBuild: Loaded helper thread
AutoBuild: Including build template config/builds/sorceress.lightning.js into tools\party.js
AutoBuild: Including build template config/builds/sorceress.lightning.js into tools\toolsthread.js
AutoBuild: Including build template config/builds/sorceress.lightning.js into default.dbj
AutoBuild: Including build template config/builds/sorceress.lightning.js into tools\autobuildthread.js
AutoBuild: Loaded helper thread
AutoBuild: Including build template config/builds/sorceress.lightning.js into tools\party.js
AutoBuild: Including build template config/builds/sorceress.lightning.js into tools\toolsthread.js
AutoBuild: Stat points: 10      Skill points: 1
AutoBuild: Level up detected ( 63 --> 64 )
AutoBuild: useSkillPoint(): Charged Bolt (38)
AutoBuild: Skill (1/1) Increased Charged Bolt (38) by one (level:  18)
AutoBuild: useStatPoint(0): Strength
AutoBuild: Stat (1/5) Increased Strength from 72 to 73
AutoBuild: useStatPoint(1): Energy
AutoBuild: Stat (2/5) Increased Energy from 169 to 170
AutoBuild: useStatPoint(1): Energy
AutoBuild: Stat (3/5) Increased Energy from 170 to 171
AutoBuild: useStatPoint(3): Vitality
AutoBuild: Stat (4/5) Increased Vitality from 156 to 157
AutoBuild: useStatPoint(3): Vitality
AutoBuild: Stat (5/5) Increased Vitality from 157 to 158
AutoBuild: Updating Config from level 63 to 64
AutoBuild: Incrementing cached character level to 64
AutoBuild: Including build template config/builds/sorceress.lightning.js into default.dbj
AutoBuild: Including build template config/builds/sorceress.lightning.js into tools\autobuildthread.js
AutoBuild: Loaded helper thread
AutoBuild: Including build template config/builds/sorceress.lightning.js into tools\party.js
AutoBuild: Including build template config/builds/sorceress.lightning.js into tools\toolsthread.js
AutoBuild: Including build template config/builds/sorceress.lightning.js into default.dbj
AutoBuild: Including build template config/builds/sorceress.lightning.js into tools\autobuildthread.js
AutoBuild: Loaded helper thread
AutoBuild: Including build template config/builds/sorceress.lightning.js into tools\party.js
AutoBuild: Including build template config/builds/sorceress.lightning.js into tools\toolsthread.js
