AutoBuild: Including build template config/builds/paladin.auradin.js into default.dbj
AutoBuild: Including build template config/builds/paladin.auradin.js into tools\autobuildthread.js
AutoBuild: Loaded helper thread
AutoBuild: Including build template config/builds/paladin.auradin.js into tools\party.js
AutoBuild: Including build template config/builds/paladin.auradin.js into tools\toolsthread.js
AutoBuild: Including build template config/builds/paladin.auradin.js into default.dbj
AutoBuild: Including build template config/builds/paladin.auradin.js into tools\autobuildthread.js
AutoBuild: Loaded helper thread
AutoBuild: Including build template config/builds/paladin.auradin.js into tools\party.js
AutoBuild: Including build template config/builds/paladin.auradin.js into tools\toolsthread.js
AutoBuild: Stat points: 10      Skill points: 1
AutoBuild: Level up detected ( 61 --> 62 )
AutoBuild: useSkillPoint(): Fanaticism (122)
AutoBuild: Skill (1/1) Increased Fanaticism (122) by one (level:  6)
AutoBuild: useStatPoint(0): Strength
AutoBuild: Stat (1/5) Increased Strength from 95 to 96
AutoBuild: useStatPoint(2): Dexterity
AutoBuild: Stat (2/5) Increased Dexterity from 90 to 91
AutoBuild: useStatPoint(3): Vitality
AutoBuild: Stat (3/5) Increased Vitality from 205 to 206
AutoBuild: useStatPoint(3): Vitality
AutoBuild: Stat (4/5) Increased Vitality from 206 to 207
AutoBuild: useStatPoint(3): Vitality
AutoBuild: Stat (5/5) Increased Vitality from 207 to 208
AutoBuild: Updating Config from level 61 to 62
AutoBuild: Incrementing cached character level to 62
AutoBuild: Including build template config/builds/paladin.auradin.js into default.dbj
AutoBuild: Including build template config/builds/paladin.auradin.js into tools\autobuildthread.js
AutoBuild: Loaded helper thread
AutoBuild: Including build template config/builds/paladin.auradin.js into tools\party.js
AutoBuild: Including build template config/builds/paladin.auradin.js into tools\toolsthread.js
AutoBuild: Including build template config/builds/paladin.auradin.js into default.dbj
AutoBuild: Including build template config/builds/paladin.auradin.js into tools\autobuildthread.js
AutoBuild: Loaded helper thread
AutoBuild: Including build template config/builds/paladin.auradin.js into tools\party.js
AutoBuild: Including build template config/builds/paladin.auradin.js into tools\toolsthread.js
AutoBuild: Including build template config/builds/paladin.auradin.js into default.dbj
AutoBuild: Including build template config/builds/paladin.auradin.js into tools\autobuildthread.js
AutoBuild: Loaded helper thread
AutoBuild: Including build template config/builds/paladin.auradin.js into tools\party.js
AutoBuild: Including build template config/builds/paladin.auradin.js into tools\toolsthread.js
AutoBuild: Stat points: 15      Skill points: 1
AutoBuild: Level up detected ( 62 --> 63 )
AutoBuild: useSkillPoint(): Fanaticism (122)
AutoBuild: Skill (1/1) Increased Fanaticism (122) by one (level:  7)
AutoBuild: useStatPoint(0): Strength
AutoBuild: Stat (1/5) Increased Strength from 96 to 97
AutoBuild: useStatPoint(2): Dexterity
AutoBuild: Stat (2/5) Increased Dexterity from 91 to 92
AutoBuild: useStatPoint(3): Vitality
AutoBuild: Stat (3/5) Increased Vitality from 208 to 209
AutoBuild: useStatPoint(3): Vitality
AutoBuild: Stat (4/5) Increased Vitality from 209 to 210
AutoBuild: useStatPoint(3): Vitality
AutoBuild: Stat (5/5) Increased Vitality from 210 to 211
AutoBuild: Updating Config from level 62 to 63
AutoBuild: Incrementing cached character level to 63
AutoBuild: Including build template config/builds/paladin.auradin.js into default.dbj
AutoBuild: Including build template config/builds/paladin.auradin.js into tools\autobuildthread.js
AutoBuild: Loaded helper thread
AutoBuild: Including build template config/builds/paladin.auradin.js into tools\party.js
AutoBuild: Including build template config/builds/paladin.auradin.js into tools\toolsthread.js
AutoBuild: Stat points: 15      Skill points: 1
AutoBuild: Level up detected ( 63 --> 64 )
AutoBuild: useSkillPoint(): Fanaticism (122)
AutoBuild: Skill (1/1) Increased Fanaticism (122) by one (level:  8)
AutoBuild: useStatPoint(0): Strength
AutoBuild: Stat (1/5) Increased Strength from 97 to 98
AutoBuild: useStatPoint(2): Dexterity
AutoBuild: Stat (2/5) Increased Dexterity from 92 to 93
AutoBuild: useStatPoint(3): Vitality
AutoBuild: Stat (3/5) Increased Vitality from 211 to 212
AutoBuild: useStatPoint(3): Vitality
AutoBuild: Stat (4/5) Increased Vitality from 212 to 213
AutoBuild: useStatPoint(3): Vitality
AutoBuild: Stat (5/5) Increased Vitality from 213 to 214
AutoBuild: Updating Config from level 63 to 64
AutoBuild: Incrementing cached character level to 64
AutoBuild: Including build template config/builds/paladin.auradin.js into default.dbj
AutoBuild: Including build template config/builds/paladin.auradin.js into tools\autobuildthread.js
AutoBuild: Loaded helper thread
AutoBuild: Including build template config/builds/paladin.auradin.js into tools\party.js
AutoBuild: Including build template config/builds/paladin.auradin.js into tools\toolsthread.js
AutoBuild: Stat points: 15      Skill points: 1
AutoBuild: Level up detected ( 64 --> 65 )
AutoBuild: useSkillPoint(): Fanaticism (122)
AutoBuild: Skill (1/1) Increased Fanaticism (122) by one (level:  9)
AutoBuild: useStatPoint(0): Strength
AutoBuild: Stat (1/5) Increased Strength from 98 to 99
AutoBuild: useStatPoint(2): Dexterity
AutoBuild: Stat (2/5) Increased Dexterity from 93 to 94
AutoBuild: useStatPoint(3): Vitality
AutoBuild: Stat (3/5) Increased Vitality from 214 to 215
AutoBuild: useStatPoint(3): Vitality
AutoBuild: Stat (4/5) Increased Vitality from 215 to 216
AutoBuild: useStatPoint(3): Vitality
AutoBuild: Stat (5/5) Increased Vitality from 216 to 217
AutoBuild: Updating Config from level 64 to 65
AutoBuild: Incrementing cached character level to 65
AutoBuild: Including build template config/builds/paladin.auradin.js into default.dbj
AutoBuild: Including build template config/builds/paladin.auradin.js into tools\autobuildthread.js
AutoBuild: Loaded helper thread
AutoBuild: Including build template config/builds/paladin.auradin.js into tools\party.js
AutoBuild: Including build template config/builds/paladin.auradin.js into tools\toolsthread.js
AutoBuild: Including build template config/builds/paladin.auradin.js into default.dbj
AutoBuild: Including build template config/builds/paladin.auradin.js into tools\autobuildthread.js
AutoBuild: Loaded helper thread
AutoBuild: Including build template config/builds/paladin.auradin.js into tools\party.js
AutoBuild: Including build template config/builds/paladin.auradin.js into tools\toolsthread.js
AutoBuild: Including build template config/builds/paladin.auradin.js into default.dbj
AutoBuild: Including build template config/builds/paladin.auradin.js into tools\autobuildthread.js
AutoBuild: Loaded helper thread
AutoBuild: Including build template config/builds/paladin.auradin.js into tools\party.js
AutoBuild: Including build template config/builds/paladin.auradin.js into tools\toolsthread.js
AutoBuild: Stat points: 15      Skill points: 1
AutoBuild: Level up detected ( 65 --> 66 )
AutoBuild: useSkillPoint(): Fanaticism (122)
AutoBuild: Skill (1/1) Increased Fanaticism (122) by one (level:  11)
AutoBuild: useStatPoint(0): Strength
AutoBuild: Stat (1/5) Increased Strength from 99 to 100
AutoBuild: useStatPoint(2): Dexterity
AutoBuild: Stat (2/5) Increased Dexterity from 94 to 95
AutoBuild: useStatPoint(3): Vitality
AutoBuild: Stat (3/5) Increased Vitality from 217 to 218
AutoBuild: useStatPoint(3): Vitality
AutoBuild: Stat (4/5) Increased Vitality from 218 to 219
AutoBuild: useStatPoint(3): Vitality
AutoBuild: Stat (5/5) Increased Vitality from 219 to 220
AutoBuild: Updating Config from level 65 to 66
AutoBuild: Incrementing cached character level to 66
AutoBuild: Including build template config/builds/paladin.auradin.js into default.dbj
AutoBuild: Including build template config/builds/paladin.auradin.js into tools\autobuildthread.js
AutoBuild: Loaded helper thread
AutoBuild: Including build template config/builds/paladin.auradin.js into tools\party.js
AutoBuild: Including build template config/builds/paladin.auradin.js into tools\toolsthread.js
AutoBuild: Including build template config/builds/paladin.auradin.js into default.dbj
AutoBuild: Including build template config/builds/paladin.auradin.js into tools\autobuildthread.js
AutoBuild: Loaded helper thread
AutoBuild: Including build template config/builds/paladin.auradin.js into tools\party.js
AutoBuild: Including build template config/builds/paladin.auradin.js into tools\toolsthread.js
AutoBuild: Including build template config/builds/paladin.auradin.js into default.dbj
AutoBuild: Including build template config/builds/paladin.auradin.js into tools\autobuildthread.js
AutoBuild: Loaded helper thread
AutoBuild: Including build template config/builds/paladin.auradin.js into tools\party.js
AutoBuild: Including build template config/builds/paladin.auradin.js into tools\toolsthread.js
AutoBuild: Including build template config/builds/paladin.auradin.js into default.dbj
AutoBuild: Including build template config/builds/paladin.auradin.js into tools\autobuildthread.js
AutoBuild: Loaded helper thread
AutoBuild: Including build template config/builds/paladin.auradin.js into tools\party.js
AutoBuild: Including build template config/builds/paladin.auradin.js into tools\toolsthread.js
AutoBuild: Stat points: 15      Skill points: 3
AutoBuild: Level up detected ( 66 --> 67 )
AutoBuild: useSkillPoint(): Fanaticism (122)
AutoBuild: Skill (1/1) Increased Fanaticism (122) by one (level:  12)
AutoBuild: useStatPoint(0): Strength
AutoBuild: Stat (1/5) Increased Strength from 100 to 101
AutoBuild: useStatPoint(2): Dexterity
AutoBuild: Stat (2/5) Increased Dexterity from 95 to 96
AutoBuild: useStatPoint(3): Vitality
AutoBuild: Stat (3/5) Increased Vitality from 220 to 221
AutoBuild: useStatPoint(3): Vitality
AutoBuild: Stat (4/5) Increased Vitality from 221 to 222
AutoBuild: useStatPoint(3): Vitality
AutoBuild: Stat (5/5) Increased Vitality from 222 to 223
AutoBuild: Updating Config from level 66 to 67
AutoBuild: Incrementing cached character level to 67
AutoBuild: Including build template config/builds/paladin.auradin.js into default.dbj
AutoBuild: Including build template config/builds/paladin.auradin.js into tools\autobuildthread.js
AutoBuild: Loaded helper thread
AutoBuild: Including build template config/builds/paladin.auradin.js into tools\party.js
AutoBuild: Including build template config/builds/paladin.auradin.js into tools\toolsthread.js
AutoBuild: Including build template config/builds/paladin.auradin.js into default.dbj
AutoBuild: Including build template config/builds/paladin.auradin.js into tools\autobuildthread.js
AutoBuild: Loaded helper thread
AutoBuild: Including build template config/builds/paladin.auradin.js into tools\party.js
AutoBuild: Including build template config/builds/paladin.auradin.js into tools\toolsthread.js
AutoBuild: Including build template config/builds/paladin.auradin.js into default.dbj
AutoBuild: Including build template config/builds/paladin.auradin.js into tools\autobuildthread.js
AutoBuild: Loaded helper thread
AutoBuild: Including build template config/builds/paladin.auradin.js into tools\party.js
AutoBuild: Including build template config/builds/paladin.auradin.js into tools\toolsthread.js
AutoBuild: Stat points: 15      Skill points: 3
AutoBuild: Level up detected ( 67 --> 68 )
AutoBuild: useSkillPoint(): Fanaticism (122)
AutoBuild: Skill (1/1) Increased Fanaticism (122) by one (level:  13)
AutoBuild: useStatPoint(0): Strength
AutoBuild: Stat (1/5) Increased Strength from 101 to 102
AutoBuild: useStatPoint(2): Dexterity
AutoBuild: Stat (2/5) Increased Dexterity from 100 to 101
AutoBuild: useStatPoint(3): Vitality
AutoBuild: Stat (3/5) Increased Vitality from 223 to 224
AutoBuild: useStatPoint(3): Vitality
AutoBuild: Stat (4/5) Increased Vitality from 224 to 225
AutoBuild: useStatPoint(3): Vitality
AutoBuild: Stat (5/5) Increased Vitality from 225 to 226
AutoBuild: Updating Config from level 67 to 68
AutoBuild: Incrementing cached character level to 68
AutoBuild: Including build template config/builds/paladin.auradin.js into default.dbj
AutoBuild: Including build template config/builds/paladin.auradin.js into tools\autobuildthread.js
AutoBuild: Loaded helper thread
AutoBuild: Including build template config/builds/paladin.auradin.js into tools\party.js
AutoBuild: Including build template config/builds/paladin.auradin.js into tools\toolsthread.js
AutoBuild: Including build template config/builds/paladin.auradin.js into default.dbj
AutoBuild: Including build template config/builds/paladin.auradin.js into tools\autobuildthread.js
AutoBuild: Loaded helper thread
AutoBuild: Including build template config/builds/paladin.auradin.js into tools\party.js
AutoBuild: Including build template config/builds/paladin.auradin.js into tools\toolsthread.js
AutoBuild: Including build template config/builds/paladin.auradin.js into default.dbj
AutoBuild: Including build template config/builds/paladin.auradin.js into tools\autobuildthread.js
AutoBuild: Loaded helper thread
AutoBuild: Including build template config/builds/paladin.auradin.js into tools\party.js
AutoBuild: Including build template config/builds/paladin.auradin.js into tools\toolsthread.js
AutoBuild: Including build template config/builds/paladin.auradin.js into default.dbj
AutoBuild: Including build template config/builds/paladin.auradin.js into tools\autobuildthread.js
AutoBuild: Loaded helper thread
AutoBuild: Including build template config/builds/paladin.auradin.js into tools\party.js
AutoBuild: Including build template config/builds/paladin.auradin.js into tools\toolsthread.js
AutoBuild: Including build template config/builds/paladin.auradin.js into default.dbj
AutoBuild: Including build template config/builds/paladin.auradin.js into tools\autobuildthread.js
AutoBuild: Loaded helper thread
AutoBuild: Including build template config/builds/paladin.auradin.js into tools\party.js
AutoBuild: Including build template config/builds/paladin.auradin.js into tools\toolsthread.js
AutoBuild: Including build template config/builds/paladin.auradin.js into default.dbj
AutoBuild: Including build template config/builds/paladin.auradin.js into tools\autobuildthread.js
AutoBuild: Loaded helper thread
AutoBuild: Including build template config/builds/paladin.auradin.js into tools\party.js
AutoBuild: Including build template config/builds/paladin.auradin.js into tools\toolsthread.js
AutoBuild: Including build template config/builds/paladin.auradin.js into default.dbj
AutoBuild: Including build template config/builds/paladin.auradin.js into tools\autobuildthread.js
AutoBuild: Loaded helper thread
AutoBuild: Including build template config/builds/paladin.auradin.js into tools\party.js
AutoBuild: Including build template config/builds/paladin.auradin.js into tools\toolsthread.js
AutoBuild: Including build template config/builds/paladin.auradin.js into default.dbj
AutoBuild: Including build template config/builds/paladin.auradin.js into tools\autobuildthread.js
AutoBuild: Loaded helper thread
AutoBuild: Including build template config/builds/paladin.auradin.js into tools\party.js
AutoBuild: Including build template config/builds/paladin.auradin.js into tools\toolsthread.js
AutoBuild: Including build template config/builds/paladin.auradin.js into default.dbj
AutoBuild: Including build template config/builds/paladin.auradin.js into tools\autobuildthread.js
AutoBuild: Loaded helper thread
AutoBuild: Including build template config/builds/paladin.auradin.js into tools\party.js
AutoBuild: Including build template config/builds/paladin.auradin.js into tools\toolsthread.js
AutoBuild: Including build template config/builds/paladin.auradin.js into default.dbj
AutoBuild: Including build template config/builds/paladin.auradin.js into tools\autobuildthread.js
AutoBuild: Loaded helper thread
AutoBuild: Including build template config/builds/paladin.auradin.js into tools\party.js
AutoBuild: Including build template config/builds/paladin.auradin.js into tools\toolsthread.js
AutoBuild: Including build template config/builds/paladin.auradin.js into default.dbj
AutoBuild: Including build template config/builds/paladin.auradin.js into tools\party.js
AutoBuild: Including build template config/builds/paladin.auradin.js into tools\toolsthread.js
AutoBuild: Including build template config/builds/paladin.auradin.js into default.dbj
AutoBuild: Including build template config/builds/paladin.auradin.js into tools\party.js
AutoBuild: Including build template config/builds/paladin.auradin.js into tools\toolsthread.js
AutoBuild: Stat points: 15      Skill points: 3
AutoBuild: Level up detected ( 67 --> 68 )
AutoBuild: useSkillPoint(): Fanaticism (122)
AutoBuild: Skill (1/1) Increased Fanaticism (122) by one (level:  12)
AutoBuild: useStatPoint(0): Strength
AutoBuild: Stat (1/5) Increased Strength from 101 to 102
AutoBuild: useStatPoint(2): Dexterity
AutoBuild: Stat (2/5) Increased Dexterity from 100 to 101
AutoBuild: useStatPoint(3): Vitality
AutoBuild: Stat (3/5) Increased Vitality from 223 to 224
AutoBuild: useStatPoint(3): Vitality
AutoBuild: Attempt to spend point 4 in Vitality may have failed!
AutoBuild: useStatPoint(3): Vitality
AutoBuild: Attempt to spend point 5 in Vitality may have failed!
AutoBuild: Updating Config from level 67 to 68
AutoBuild: Incrementing cached character level to 68
AutoBuild: Including build template config/builds/paladin.auradin.js into default.dbj
AutoBuild: Including build template config/builds/paladin.auradin.js into tools\autobuildthread.js
AutoBuild: Loaded helper thread
AutoBuild: Including build template config/builds/paladin.auradin.js into tools\party.js
AutoBuild: Including build template config/builds/paladin.auradin.js into tools\toolsthread.js
AutoBuild: Including build template config/builds/paladin.auradin.js into default.dbj
AutoBuild: Including build template config/builds/paladin.auradin.js into tools\autobuildthread.js
AutoBuild: Loaded helper thread
AutoBuild: Including build template config/builds/paladin.auradin.js into tools\party.js
AutoBuild: Including build template config/builds/paladin.auradin.js into tools\toolsthread.js
AutoBuild: Including build template config/builds/paladin.auradin.js into default.dbj
AutoBuild: Including build template config/builds/paladin.auradin.js into tools\autobuildthread.js
AutoBuild: Loaded helper thread
AutoBuild: Including build template config/builds/paladin.auradin.js into tools\party.js
AutoBuild: Including build template config/builds/paladin.auradin.js into tools\toolsthread.js
AutoBuild: Including build template config/builds/paladin.auradin.js into default.dbj
AutoBuild: Including build template config/builds/paladin.auradin.js into tools\autobuildthread.js
AutoBuild: Loaded helper thread
AutoBuild: Including build template config/builds/paladin.auradin.js into tools\party.js
AutoBuild: Including build template config/builds/paladin.auradin.js into tools\toolsthread.js
AutoBuild: Including build template config/builds/paladin.auradin.js into default.dbj
AutoBuild: Including build template config/builds/paladin.auradin.js into tools\autobuildthread.js
AutoBuild: Loaded helper thread
AutoBuild: Including build template config/builds/paladin.auradin.js into tools\party.js
AutoBuild: Including build template config/builds/paladin.auradin.js into tools\toolsthread.js
AutoBuild: Stat points: 15      Skill points: 1
AutoBuild: Level up detected ( 68 --> 69 )
AutoBuild: useSkillPoint(): Fanaticism (122)
AutoBuild: Skill (1/1) Increased Fanaticism (122) by one (level:  13)
AutoBuild: useStatPoint(0): Strength
AutoBuild: Stat (1/5) Increased Strength from 113 to 114
AutoBuild: useStatPoint(2): Dexterity
AutoBuild: Stat (2/5) Increased Dexterity from 101 to 102
AutoBuild: useStatPoint(3): Vitality
AutoBuild: Stat (3/5) Increased Vitality from 226 to 227
AutoBuild: useStatPoint(3): Vitality
AutoBuild: Stat (4/5) Increased Vitality from 227 to 228
AutoBuild: useStatPoint(3): Vitality
AutoBuild: Stat (5/5) Increased Vitality from 228 to 229
AutoBuild: Updating Config from level 68 to 69
AutoBuild: Incrementing cached character level to 69
AutoBuild: Including build template config/builds/paladin.auradin.js into default.dbj
AutoBuild: Including build template config/builds/paladin.auradin.js into tools\autobuildthread.js
AutoBuild: Loaded helper thread
AutoBuild: Including build template config/builds/paladin.auradin.js into tools\party.js
AutoBuild: Including build template config/builds/paladin.auradin.js into tools\toolsthread.js
AutoBuild: Including build template config/builds/paladin.auradin.js into default.dbj
AutoBuild: Including build template config/builds/paladin.auradin.js into tools\autobuildthread.js
AutoBuild: Loaded helper thread
AutoBuild: Including build template config/builds/paladin.auradin.js into tools\party.js
AutoBuild: Including build template config/builds/paladin.auradin.js into tools\toolsthread.js
AutoBuild: Including build template config/builds/paladin.auradin.js into default.dbj
AutoBuild: Including build template config/builds/paladin.auradin.js into tools\autobuildthread.js
AutoBuild: Loaded helper thread
AutoBuild: Including build template config/builds/paladin.auradin.js into tools\party.js
AutoBuild: Including build template config/builds/paladin.auradin.js into tools\toolsthread.js
AutoBuild: Including build template config/builds/paladin.auradin.js into default.dbj
AutoBuild: Including build template config/builds/paladin.auradin.js into tools\autobuildthread.js
AutoBuild: Loaded helper thread
AutoBuild: Including build template config/builds/paladin.auradin.js into tools\party.js
AutoBuild: Including build template config/builds/paladin.auradin.js into tools\toolsthread.js
AutoBuild: Including build template config/builds/paladin.auradin.js into default.dbj
AutoBuild: Including build template config/builds/paladin.auradin.js into tools\autobuildthread.js
AutoBuild: Loaded helper thread
AutoBuild: Including build template config/builds/paladin.auradin.js into tools\party.js
AutoBuild: Including build template config/builds/paladin.auradin.js into tools\toolsthread.js
AutoBuild: Stat points: 15      Skill points: 1
AutoBuild: Level up detected ( 69 --> 70 )
AutoBuild: useSkillPoint(): Fanaticism (122)
AutoBuild: Skill (1/1) Increased Fanaticism (122) by one (level:  14)
AutoBuild: useStatPoint(0): Strength
AutoBuild: Stat (1/5) Increased Strength from 114 to 115
AutoBuild: useStatPoint(2): Dexterity
AutoBuild: Stat (2/5) Increased Dexterity from 102 to 103
AutoBuild: useStatPoint(3): Vitality
AutoBuild: Stat (3/5) Increased Vitality from 229 to 230
AutoBuild: useStatPoint(3): Vitality
AutoBuild: Stat (4/5) Increased Vitality from 230 to 231
AutoBuild: useStatPoint(3): Vitality
AutoBuild: Stat (5/5) Increased Vitality from 231 to 232
AutoBuild: Updating Config from level 69 to 70
AutoBuild: Incrementing cached character level to 70
AutoBuild: Stat points: 15      Skill points: 1
AutoBuild: Level up detected ( 70 --> 71 )
AutoBuild: useSkillPoint(): Fanaticism (122)
AutoBuild: Skill (1/1) Increased Fanaticism (122) by one (level:  16)
AutoBuild: useStatPoint(0): Strength
AutoBuild: Stat (1/5) Increased Strength from 115 to 116
AutoBuild: useStatPoint(2): Dexterity
AutoBuild: Stat (2/5) Increased Dexterity from 103 to 104
AutoBuild: useStatPoint(3): Vitality
AutoBuild: Stat (3/5) Increased Vitality from 232 to 233
AutoBuild: useStatPoint(3): Vitality
AutoBuild: Stat (4/5) Increased Vitality from 233 to 234
AutoBuild: useStatPoint(3): Vitality
AutoBuild: Stat (5/5) Increased Vitality from 234 to 235
AutoBuild: Updating Config from level 70 to 71
AutoBuild: Incrementing cached character level to 71
AutoBuild: Including build template config/builds/paladin.auradin.js into default.dbj
AutoBuild: Including build template config/builds/paladin.auradin.js into tools\autobuildthread.js
AutoBuild: Loaded helper thread
AutoBuild: Including build template config/builds/paladin.auradin.js into tools\party.js
AutoBuild: Including build template config/builds/paladin.auradin.js into tools\toolsthread.js
