AutoBuild: Including build template config/builds/sorceress.meteor.js into default.dbj
AutoBuild: Including build template config/builds/sorceress.meteor.js into tools\autobuildthread.js
AutoBuild: Loaded helper thread
AutoBuild: Including build template config/builds/sorceress.meteor.js into tools\party.js
AutoBuild: Including build template config/builds/sorceress.meteor.js into tools\toolsthread.js
AutoBuild: Stat points: 5      Skill points: 1
AutoBuild: Level up detected ( 41 --> 42 )
AutoBuild: useSkillPoint(): Meteor (56)
AutoBuild: Skill (1/1) Increased Meteor (56) by one (level:  19)
AutoBuild: useStatPoint(0): Strength
AutoBuild: Stat (1/5) Increased Strength from 55 to 56
AutoBuild: useStatPoint(1): Energy
AutoBuild: Stat (2/5) Increased Energy from 121 to 122
AutoBuild: useStatPoint(1): Energy
AutoBuild: Stat (3/5) Increased Energy from 122 to 123
AutoBuild: useStatPoint(3): Vitality
AutoBuild: Stat (4/5) Increased Vitality from 90 to 91
AutoBuild: useStatPoint(3): Vitality
AutoBuild: Stat (5/5) Increased Vitality from 91 to 92
AutoBuild: Updating Config from level 41 to 42
AutoBuild: Incrementing cached character level to 42
AutoBuild: Stat points: 5      Skill points: 1
AutoBuild: Level up detected ( 42 --> 43 )
AutoBuild: useSkillPoint(): Meteor (56)
AutoBuild: Skill (1/1) Increased Meteor (56) by one (level:  21)
AutoBuild: useStatPoint(0): Strength
AutoBuild: Stat (1/5) Increased Strength from 56 to 57
AutoBuild: useStatPoint(1): Energy
AutoBuild: Stat (2/5) Increased Energy from 123 to 124
AutoBuild: useStatPoint(1): Energy
AutoBuild: Stat (3/5) Increased Energy from 124 to 125
AutoBuild: useStatPoint(3): Vitality
AutoBuild: Stat (4/5) Increased Vitality from 92 to 93
AutoBuild: useStatPoint(3): Vitality
AutoBuild: Stat (5/5) Increased Vitality from 93 to 94
AutoBuild: Updating Config from level 42 to 43
AutoBuild: Incrementing cached character level to 43
AutoBuild: Including build template config/builds/sorceress.meteor.js into default.dbj
AutoBuild: Including build template config/builds/sorceress.meteor.js into tools\autobuildthread.js
AutoBuild: Loaded helper thread
AutoBuild: Including build template config/builds/sorceress.meteor.js into tools\party.js
AutoBuild: Including build template config/builds/sorceress.meteor.js into tools\toolsthread.js
AutoBuild: Stat points: 5      Skill points: 1
AutoBuild: Level up detected ( 42 --> 43 )
AutoBuild: useSkillPoint(): Meteor (56)
AutoBuild: Skill (1/1) Increased Meteor (56) by one (level:  20)
AutoBuild: useStatPoint(0): Strength
AutoBuild: Stat (1/5) Increased Strength from 56 to 57
AutoBuild: useStatPoint(1): Energy
AutoBuild: Stat (2/5) Increased Energy from 123 to 124
AutoBuild: useStatPoint(1): Energy
AutoBuild: Stat (3/5) Increased Energy from 124 to 125
AutoBuild: useStatPoint(3): Vitality
AutoBuild: Stat (4/5) Increased Vitality from 92 to 93
AutoBuild: useStatPoint(3): Vitality
AutoBuild: Stat (5/5) Increased Vitality from 93 to 94
AutoBuild: Updating Config from level 42 to 43
AutoBuild: Incrementing cached character level to 43
AutoBuild: Stat points: 5      Skill points: 1
AutoBuild: Level up detected ( 43 --> 44 )
AutoBuild: useSkillPoint(): Meteor (56)
AutoBuild: Attempt to spend skill point 1 in Meteor (56) may have failed!
AutoBuild: useStatPoint(0): Strength
AutoBuild: Stat (1/5) Increased Strength from 57 to 58
AutoBuild: useStatPoint(1): Energy
AutoBuild: Stat (2/5) Increased Energy from 125 to 126
AutoBuild: useStatPoint(1): Energy
AutoBuild: Stat (3/5) Increased Energy from 126 to 127
AutoBuild: useStatPoint(3): Vitality
AutoBuild: Stat (4/5) Increased Vitality from 94 to 95
AutoBuild: useStatPoint(3): Vitality
AutoBuild: Stat (5/5) Increased Vitality from 95 to 96
AutoBuild: Updating Config from level 43 to 44
AutoBuild: Incrementing cached character level to 44
AutoBuild: Including build template config/builds/sorceress.meteor.js into default.dbj
AutoBuild: Including build template config/builds/sorceress.meteor.js into tools\autobuildthread.js
AutoBuild: Loaded helper thread
AutoBuild: Including build template config/builds/sorceress.meteor.js into tools\party.js
AutoBuild: Including build template config/builds/sorceress.meteor.js into tools\toolsthread.js
AutoBuild: Including build template config/builds/sorceress.meteor.js into default.dbj
AutoBuild: Including build template config/builds/sorceress.meteor.js into tools\autobuildthread.js
AutoBuild: Loaded helper thread
AutoBuild: Including build template config/builds/sorceress.meteor.js into tools\party.js
AutoBuild: Including build template config/builds/sorceress.meteor.js into tools\toolsthread.js
AutoBuild: Stat points: 5      Skill points: 2
AutoBuild: Level up detected ( 44 --> 45 )
AutoBuild: useSkillPoint(): Meteor (56)
AutoBuild: Attempt to spend skill point 1 in Meteor (56) may have failed!
AutoBuild: useStatPoint(0): Strength
AutoBuild: Stat (1/5) Increased Strength from 58 to 59
AutoBuild: useStatPoint(1): Energy
AutoBuild: Stat (2/5) Increased Energy from 127 to 128
AutoBuild: useStatPoint(1): Energy
AutoBuild: Stat (3/5) Increased Energy from 128 to 129
AutoBuild: useStatPoint(3): Vitality
AutoBuild: Stat (4/5) Increased Vitality from 96 to 97
AutoBuild: useStatPoint(3): Vitality
AutoBuild: Stat (5/5) Increased Vitality from 97 to 98
AutoBuild: Updating Config from level 44 to 45
AutoBuild: Incrementing cached character level to 45
AutoBuild: Including build template config/builds/sorceress.meteor.js into default.dbj
AutoBuild: Including build template config/builds/sorceress.meteor.js into tools\autobuildthread.js
AutoBuild: Loaded helper thread
AutoBuild: Including build template config/builds/sorceress.meteor.js into tools\party.js
AutoBuild: Including build template config/builds/sorceress.meteor.js into tools\toolsthread.js
AutoBuild: Including build template config/builds/sorceress.meteor.js into default.dbj
AutoBuild: Including build template config/builds/sorceress.meteor.js into tools\autobuildthread.js
AutoBuild: Loaded helper thread
AutoBuild: Including build template config/builds/sorceress.meteor.js into tools\party.js
AutoBuild: Including build template config/builds/sorceress.meteor.js into tools\toolsthread.js
AutoBuild: Stat points: 5      Skill points: 3
AutoBuild: Level up detected ( 45 --> 46 )
AutoBuild: useSkillPoint(): Fire Mastery (61)
AutoBuild: Skill (1/1) Increased Fire Mastery (61) by one (level:  5)
AutoBuild: useStatPoint(0): Strength
AutoBuild: Stat (1/5) Increased Strength from 59 to 60
AutoBuild: useStatPoint(1): Energy
AutoBuild: Stat (2/5) Increased Energy from 129 to 130
AutoBuild: useStatPoint(1): Energy
AutoBuild: Stat (3/5) Increased Energy from 130 to 131
AutoBuild: useStatPoint(3): Vitality
AutoBuild: Stat (4/5) Increased Vitality from 98 to 99
AutoBuild: useStatPoint(3): Vitality
AutoBuild: Stat (5/5) Increased Vitality from 99 to 100
AutoBuild: Updating Config from level 45 to 46
AutoBuild: Incrementing cached character level to 46
AutoBuild: Including build template config/builds/sorceress.meteor.js into default.dbj
AutoBuild: Including build template config/builds/sorceress.meteor.js into tools\autobuildthread.js
AutoBuild: Loaded helper thread
AutoBuild: Including build template config/builds/sorceress.meteor.js into tools\party.js
AutoBuild: Including build template config/builds/sorceress.meteor.js into tools\toolsthread.js
AutoBuild: Including build template config/builds/sorceress.meteor.js into default.dbj
AutoBuild: Including build template config/builds/sorceress.meteor.js into tools\autobuildthread.js
AutoBuild: Loaded helper thread
AutoBuild: Including build template config/builds/sorceress.meteor.js into tools\party.js
AutoBuild: Including build template config/builds/sorceress.meteor.js into tools\toolsthread.js
AutoBuild: Stat points: 5      Skill points: 3
AutoBuild: Level up detected ( 46 --> 47 )
AutoBuild: useSkillPoint(): Fire Mastery (61)
AutoBuild: Skill (1/1) Increased Fire Mastery (61) by one (level:  5)
AutoBuild: useStatPoint(0): Strength
AutoBuild: Stat (1/5) Increased Strength from 60 to 61
AutoBuild: useStatPoint(1): Energy
AutoBuild: Stat (2/5) Increased Energy from 131 to 132
AutoBuild: useStatPoint(1): Energy
AutoBuild: Stat (3/5) Increased Energy from 132 to 133
AutoBuild: useStatPoint(3): Vitality
AutoBuild: Stat (4/5) Increased Vitality from 100 to 101
AutoBuild: useStatPoint(3): Vitality
AutoBuild: Stat (5/5) Increased Vitality from 101 to 102
AutoBuild: Updating Config from level 46 to 47
AutoBuild: Incrementing cached character level to 47
AutoBuild: Including build template config/builds/sorceress.meteor.js into default.dbj
AutoBuild: Including build template config/builds/sorceress.meteor.js into tools\autobuildthread.js
AutoBuild: Loaded helper thread
AutoBuild: Including build template config/builds/sorceress.meteor.js into tools\party.js
AutoBuild: Including build template config/builds/sorceress.meteor.js into tools\toolsthread.js
AutoBuild: Stat points: 5      Skill points: 3
AutoBuild: Level up detected ( 47 --> 48 )
AutoBuild: useSkillPoint(): Fire Mastery (61)
AutoBuild: Skill (1/1) Increased Fire Mastery (61) by one (level:  7)
AutoBuild: useStatPoint(0): Strength
AutoBuild: Stat (1/5) Increased Strength from 61 to 62
AutoBuild: useStatPoint(1): Energy
AutoBuild: Stat (2/5) Increased Energy from 133 to 134
AutoBuild: useStatPoint(1): Energy
AutoBuild: Stat (3/5) Increased Energy from 134 to 135
AutoBuild: useStatPoint(3): Vitality
AutoBuild: Stat (4/5) Increased Vitality from 102 to 103
AutoBuild: useStatPoint(3): Vitality
AutoBuild: Stat (5/5) Increased Vitality from 103 to 104
AutoBuild: Updating Config from level 47 to 48
AutoBuild: Incrementing cached character level to 48
AutoBuild: Including build template config/builds/sorceress.meteor.js into default.dbj
AutoBuild: Including build template config/builds/sorceress.meteor.js into tools\autobuildthread.js
AutoBuild: Loaded helper thread
AutoBuild: Including build template config/builds/sorceress.meteor.js into tools\party.js
AutoBuild: Including build template config/builds/sorceress.meteor.js into tools\toolsthread.js
AutoBuild: Including build template config/builds/sorceress.meteor.js into default.dbj
AutoBuild: Including build template config/builds/sorceress.meteor.js into tools\autobuildthread.js
AutoBuild: Loaded helper thread
AutoBuild: Including build template config/builds/sorceress.meteor.js into tools\party.js
AutoBuild: Including build template config/builds/sorceress.meteor.js into tools\toolsthread.js
AutoBuild: Stat points: 5      Skill points: 3
AutoBuild: Level up detected ( 48 --> 49 )
AutoBuild: useSkillPoint(): Fire Mastery (61)
AutoBuild: Skill (1/1) Increased Fire Mastery (61) by one (level:  8)
AutoBuild: useStatPoint(0): Strength
AutoBuild: Stat (1/5) Increased Strength from 62 to 63
AutoBuild: useStatPoint(1): Energy
AutoBuild: Stat (2/5) Increased Energy from 135 to 136
AutoBuild: useStatPoint(1): Energy
AutoBuild: Stat (3/5) Increased Energy from 136 to 137
AutoBuild: useStatPoint(3): Vitality
AutoBuild: Stat (4/5) Increased Vitality from 104 to 105
AutoBuild: useStatPoint(3): Vitality
AutoBuild: Stat (5/5) Increased Vitality from 105 to 106
AutoBuild: Updating Config from level 48 to 49
AutoBuild: Incrementing cached character level to 49
AutoBuild: Including build template config/builds/sorceress.meteor.js into default.dbj
AutoBuild: Including build template config/builds/sorceress.meteor.js into tools\autobuildthread.js
AutoBuild: Loaded helper thread
AutoBuild: Including build template config/builds/sorceress.meteor.js into tools\party.js
AutoBuild: Including build template config/builds/sorceress.meteor.js into tools\toolsthread.js
AutoBuild: Including build template config/builds/sorceress.meteor.js into default.dbj
AutoBuild: Including build template config/builds/sorceress.meteor.js into tools\autobuildthread.js
AutoBuild: Loaded helper thread
AutoBuild: Including build template config/builds/sorceress.meteor.js into tools\party.js
AutoBuild: Including build template config/builds/sorceress.meteor.js into tools\toolsthread.js
AutoBuild: Stat points: 5      Skill points: 3
AutoBuild: Level up detected ( 49 --> 50 )
AutoBuild: useSkillPoint(): Fire Mastery (61)
AutoBuild: Skill (1/1) Increased Fire Mastery (61) by one (level:  9)
AutoBuild: useStatPoint(0): Strength
AutoBuild: Stat (1/5) Increased Strength from 63 to 64
AutoBuild: useStatPoint(1): Energy
AutoBuild: Stat (2/5) Increased Energy from 137 to 138
AutoBuild: useStatPoint(1): Energy
AutoBuild: Stat (3/5) Increased Energy from 138 to 139
AutoBuild: useStatPoint(3): Vitality
AutoBuild: Stat (4/5) Increased Vitality from 106 to 107
AutoBuild: useStatPoint(3): Vitality
AutoBuild: Stat (5/5) Increased Vitality from 107 to 108
AutoBuild: Updating Config from level 49 to 50
AutoBuild: Incrementing cached character level to 50
AutoBuild: Including build template config/builds/sorceress.meteor.js into default.dbj
AutoBuild: Including build template config/builds/sorceress.meteor.js into tools\autobuildthread.js
AutoBuild: Loaded helper thread
AutoBuild: Including build template config/builds/sorceress.meteor.js into tools\party.js
AutoBuild: Including build template config/builds/sorceress.meteor.js into tools\toolsthread.js
AutoBuild: Including build template config/builds/sorceress.meteor.js into default.dbj
AutoBuild: Including build template config/builds/sorceress.meteor.js into tools\autobuildthread.js
AutoBuild: Loaded helper thread
AutoBuild: Including build template config/builds/sorceress.meteor.js into tools\party.js
AutoBuild: Including build template config/builds/sorceress.meteor.js into tools\toolsthread.js
AutoBuild: Including build template config/builds/sorceress.meteor.js into default.dbj
AutoBuild: Including build template config/builds/sorceress.meteor.js into tools\autobuildthread.js
AutoBuild: Loaded helper thread
AutoBuild: Including build template config/builds/sorceress.meteor.js into tools\party.js
AutoBuild: Including build template config/builds/sorceress.meteor.js into tools\toolsthread.js
AutoBuild: Including build template config/builds/sorceress.meteor.js into default.dbj
AutoBuild: Including build template config/builds/sorceress.meteor.js into tools\autobuildthread.js
AutoBuild: Loaded helper thread
AutoBuild: Including build template config/builds/sorceress.meteor.js into tools\party.js
AutoBuild: Including build template config/builds/sorceress.meteor.js into tools\toolsthread.js
AutoBuild: Stat points: 5      Skill points: 3
AutoBuild: Level up detected ( 50 --> 51 )
AutoBuild: useSkillPoint(): Fire Mastery (61)
AutoBuild: Skill (1/1) Increased Fire Mastery (61) by one (level:  9)
AutoBuild: useStatPoint(0): Strength
AutoBuild: Stat (1/5) Increased Strength from 64 to 65
AutoBuild: useStatPoint(1): Energy
AutoBuild: Stat (2/5) Increased Energy from 139 to 140
AutoBuild: useStatPoint(1): Energy
AutoBuild: Stat (3/5) Increased Energy from 140 to 141
AutoBuild: useStatPoint(3): Vitality
AutoBuild: Stat (4/5) Increased Vitality from 108 to 109
AutoBuild: useStatPoint(3): Vitality
AutoBuild: Stat (5/5) Increased Vitality from 109 to 110
AutoBuild: Updating Config from level 50 to 51
AutoBuild: Incrementing cached character level to 51
AutoBuild: Including build template config/builds/sorceress.meteor.js into default.dbj
AutoBuild: Including build template config/builds/sorceress.meteor.js into tools\autobuildthread.js
AutoBuild: Loaded helper thread
AutoBuild: Including build template config/builds/sorceress.meteor.js into tools\party.js
AutoBuild: Including build template config/builds/sorceress.meteor.js into tools\toolsthread.js
AutoBuild: Including build template config/builds/sorceress.meteor.js into default.dbj
AutoBuild: Including build template config/builds/sorceress.meteor.js into tools\autobuildthread.js
AutoBuild: Loaded helper thread
AutoBuild: Including build template config/builds/sorceress.meteor.js into tools\party.js
AutoBuild: Including build template config/builds/sorceress.meteor.js into tools\toolsthread.js
AutoBuild: Including build template config/builds/sorceress.meteor.js into default.dbj
AutoBuild: Including build template config/builds/sorceress.meteor.js into tools\autobuildthread.js
AutoBuild: Loaded helper thread
AutoBuild: Including build template config/builds/sorceress.meteor.js into tools\party.js
AutoBuild: Including build template config/builds/sorceress.meteor.js into tools\toolsthread.js
AutoBuild: Including build template config/builds/sorceress.meteor.js into default.dbj
AutoBuild: Including build template config/builds/sorceress.meteor.js into tools\autobuildthread.js
AutoBuild: Loaded helper thread
AutoBuild: Including build template config/builds/sorceress.meteor.js into tools\party.js
AutoBuild: Including build template config/builds/sorceress.meteor.js into tools\toolsthread.js
AutoBuild: Stat points: 5      Skill points: 3
AutoBuild: Level up detected ( 51 --> 52 )
AutoBuild: useSkillPoint(): Fire Mastery (61)
AutoBuild: Skill (1/1) Increased Fire Mastery (61) by one (level:  10)
AutoBuild: useStatPoint(0): Strength
AutoBuild: Stat (1/5) Increased Strength from 65 to 66
AutoBuild: useStatPoint(1): Energy
AutoBuild: Stat (2/5) Increased Energy from 141 to 142
AutoBuild: useStatPoint(1): Energy
AutoBuild: Stat (3/5) Increased Energy from 142 to 143
AutoBuild: useStatPoint(3): Vitality
AutoBuild: Stat (4/5) Increased Vitality from 110 to 111
AutoBuild: useStatPoint(3): Vitality
AutoBuild: Stat (5/5) Increased Vitality from 111 to 112
AutoBuild: Updating Config from level 51 to 52
AutoBuild: Incrementing cached character level to 52
AutoBuild: Including build template config/builds/sorceress.meteor.js into default.dbj
AutoBuild: Including build template config/builds/sorceress.meteor.js into tools\autobuildthread.js
AutoBuild: Loaded helper thread
AutoBuild: Including build template config/builds/sorceress.meteor.js into tools\party.js
AutoBuild: Including build template config/builds/sorceress.meteor.js into tools\toolsthread.js
AutoBuild: Including build template config/builds/sorceress.meteor.js into default.dbj
AutoBuild: Including build template config/builds/sorceress.meteor.js into tools\autobuildthread.js
AutoBuild: Loaded helper thread
AutoBuild: Including build template config/builds/sorceress.meteor.js into tools\party.js
AutoBuild: Including build template config/builds/sorceress.meteor.js into tools\toolsthread.js
AutoBuild: Including build template config/builds/sorceress.meteor.js into default.dbj
AutoBuild: Including build template config/builds/sorceress.meteor.js into tools\party.js
AutoBuild: Including build template config/builds/sorceress.meteor.js into tools\autobuildthread.js
AutoBuild: Loaded helper thread
AutoBuild: Including build template config/builds/sorceress.meteor.js into tools\toolsthread.js
