AutoBuild: Including build template config/builds/necromancer.summoner.js into default.dbj
AutoBuild: Including build template config/builds/necromancer.summoner.js into tools\autobuildthread.js
AutoBuild: Loaded helper thread
AutoBuild: Including build template config/builds/necromancer.summoner.js into tools\party.js
AutoBuild: Including build template config/builds/necromancer.summoner.js into tools\toolsthread.js
AutoBuild: Including build template config/builds/necromancer.summoner.js into default.dbj
AutoBuild: Including build template config/builds/necromancer.summoner.js into tools\autobuildthread.js
AutoBuild: Loaded helper thread
AutoBuild: Including build template config/builds/necromancer.summoner.js into tools\party.js
AutoBuild: Including build template config/builds/necromancer.summoner.js into tools\toolsthread.js
AutoBuild: Including build template config/builds/necromancer.summoner.js into default.dbj
AutoBuild: Including build template config/builds/necromancer.summoner.js into tools\autobuildthread.js
AutoBuild: Loaded helper thread
AutoBuild: Including build template config/builds/necromancer.summoner.js into tools\party.js
AutoBuild: Including build template config/builds/necromancer.summoner.js into tools\toolsthread.js
AutoBuild: Including build template config/builds/necromancer.summoner.js into default.dbj
AutoBuild: Including build template config/builds/necromancer.summoner.js into tools\autobuildthread.js
AutoBuild: Loaded helper thread
AutoBuild: Including build template config/builds/necromancer.summoner.js into tools\party.js
AutoBuild: Including build template config/builds/necromancer.summoner.js into tools\toolsthread.js
AutoBuild: Stat points: 5      Skill points: 2
AutoBuild: Level up detected ( 24 --> 25 )
AutoBuild: useSkillPoint(): Iron Golem (90)
AutoBuild: Skill (1/1) Increased Iron Golem (90) by one (level:  1)
AutoBuild: useStatPoint(0): Strength
AutoBuild: Stat (1/5) Increased Strength from 38 to 39
AutoBuild: useStatPoint(3): Vitality
AutoBuild: Stat (2/5) Increased Vitality from 107 to 108
AutoBuild: useStatPoint(3): Vitality
AutoBuild: Stat (3/5) Increased Vitality from 108 to 109
AutoBuild: useStatPoint(3): Vitality
AutoBuild: Stat (4/5) Increased Vitality from 109 to 110
AutoBuild: useStatPoint(3): Vitality
AutoBuild: Stat (5/5) Increased Vitality from 110 to 111
AutoBuild: Updating Config from level 24 to 25
AutoBuild: Incrementing cached character level to 25
AutoBuild: Including build template config/builds/necromancer.summoner.js into default.dbj
AutoBuild: Including build template config/builds/necromancer.summoner.js into tools\autobuildthread.js
AutoBuild: Loaded helper thread
AutoBuild: Including build template config/builds/necromancer.summoner.js into tools\party.js
AutoBuild: Including build template config/builds/necromancer.summoner.js into tools\toolsthread.js
AutoBuild: Including build template config/builds/necromancer.summoner.js into default.dbj
AutoBuild: Including build template config/builds/necromancer.summoner.js into tools\autobuildthread.js
AutoBuild: Loaded helper thread
AutoBuild: Including build template config/builds/necromancer.summoner.js into tools\party.js
AutoBuild: Including build template config/builds/necromancer.summoner.js into tools\toolsthread.js
AutoBuild: Including build template config/builds/necromancer.summoner.js into default.dbj
AutoBuild: Including build template config/builds/necromancer.summoner.js into tools\autobuildthread.js
AutoBuild: Loaded helper thread
AutoBuild: Including build template config/builds/necromancer.summoner.js into tools\party.js
AutoBuild: Including build template config/builds/necromancer.summoner.js into tools\toolsthread.js
AutoBuild: Including build template config/builds/necromancer.summoner.js into default.dbj
AutoBuild: Including build template config/builds/necromancer.summoner.js into tools\autobuildthread.js
AutoBuild: Loaded helper thread
AutoBuild: Including build template config/builds/necromancer.summoner.js into tools\party.js
AutoBuild: Including build template config/builds/necromancer.summoner.js into tools\toolsthread.js
AutoBuild: Including build template config/builds/necromancer.summoner.js into default.dbj
AutoBuild: Including build template config/builds/necromancer.summoner.js into tools\autobuildthread.js
AutoBuild: Loaded helper thread
AutoBuild: Including build template config/builds/necromancer.summoner.js into tools\party.js
AutoBuild: Including build template config/builds/necromancer.summoner.js into tools\toolsthread.js
AutoBuild: Including build template config/builds/necromancer.summoner.js into default.dbj
AutoBuild: Including build template config/builds/necromancer.summoner.js into tools\autobuildthread.js
AutoBuild: Loaded helper thread
AutoBuild: Including build template config/builds/necromancer.summoner.js into tools\party.js
AutoBuild: Including build template config/builds/necromancer.summoner.js into tools\toolsthread.js
AutoBuild: Including build template config/builds/necromancer.summoner.js into default.dbj
AutoBuild: Including build template config/builds/necromancer.summoner.js into tools\autobuildthread.js
AutoBuild: Loaded helper thread
AutoBuild: Including build template config/builds/necromancer.summoner.js into tools\party.js
AutoBuild: Including build template config/builds/necromancer.summoner.js into tools\toolsthread.js
AutoBuild: Including build template config/builds/necromancer.summoner.js into default.dbj
AutoBuild: Including build template config/builds/necromancer.summoner.js into tools\autobuildthread.js
AutoBuild: Loaded helper thread
AutoBuild: Including build template config/builds/necromancer.summoner.js into tools\party.js
AutoBuild: Including build template config/builds/necromancer.summoner.js into tools\toolsthread.js
AutoBuild: Including build template config/builds/necromancer.summoner.js into default.dbj
AutoBuild: Including build template config/builds/necromancer.summoner.js into tools\autobuildthread.js
AutoBuild: Loaded helper thread
AutoBuild: Including build template config/builds/necromancer.summoner.js into tools\party.js
AutoBuild: Including build template config/builds/necromancer.summoner.js into tools\toolsthread.js
AutoBuild: Including build template config/builds/necromancer.summoner.js into default.dbj
AutoBuild: Including build template config/builds/necromancer.summoner.js into tools\autobuildthread.js
AutoBuild: Loaded helper thread
AutoBuild: Including build template config/builds/necromancer.summoner.js into tools\party.js
AutoBuild: Including build template config/builds/necromancer.summoner.js into tools\toolsthread.js
AutoBuild: Including build template config/builds/necromancer.summoner.js into default.dbj
AutoBuild: Including build template config/builds/necromancer.summoner.js into tools\autobuildthread.js
AutoBuild: Loaded helper thread
AutoBuild: Including build template config/builds/necromancer.summoner.js into tools\party.js
AutoBuild: Including build template config/builds/necromancer.summoner.js into tools\toolsthread.js
AutoBuild: Including build template config/builds/necromancer.summoner.js into default.dbj
AutoBuild: Including build template config/builds/necromancer.summoner.js into tools\autobuildthread.js
AutoBuild: Loaded helper thread
AutoBuild: Including build template config/builds/necromancer.summoner.js into tools\party.js
AutoBuild: Including build template config/builds/necromancer.summoner.js into tools\toolsthread.js
AutoBuild: Including build template config/builds/necromancer.summoner.js into default.dbj
AutoBuild: Including build template config/builds/necromancer.summoner.js into tools\autobuildthread.js
AutoBuild: Loaded helper thread
AutoBuild: Including build template config/builds/necromancer.summoner.js into tools\party.js
AutoBuild: Including build template config/builds/necromancer.summoner.js into tools\toolsthread.js
AutoBuild: Including build template config/builds/necromancer.summoner.js into default.dbj
AutoBuild: Including build template config/builds/necromancer.summoner.js into tools\autobuildthread.js
AutoBuild: Loaded helper thread
AutoBuild: Including build template config/builds/necromancer.summoner.js into tools\party.js
AutoBuild: Including build template config/builds/necromancer.summoner.js into tools\toolsthread.js
AutoBuild: Including build template config/builds/necromancer.summoner.js into default.dbj
AutoBuild: Including build template config/builds/necromancer.summoner.js into tools\autobuildthread.js
AutoBuild: Loaded helper thread
AutoBuild: Including build template config/builds/necromancer.summoner.js into tools\party.js
AutoBuild: Including build template config/builds/necromancer.summoner.js into tools\toolsthread.js
AutoBuild: Including build template config/builds/necromancer.summoner.js into default.dbj
AutoBuild: Including build template config/builds/necromancer.summoner.js into tools\autobuildthread.js
AutoBuild: Loaded helper thread
AutoBuild: Including build template config/builds/necromancer.summoner.js into tools\party.js
AutoBuild: Including build template config/builds/necromancer.summoner.js into tools\toolsthread.js
AutoBuild: Including build template config/builds/necromancer.summoner.js into default.dbj
AutoBuild: Including build template config/builds/necromancer.summoner.js into tools\autobuildthread.js
AutoBuild: Loaded helper thread
AutoBuild: Including build template config/builds/necromancer.summoner.js into tools\party.js
AutoBuild: Including build template config/builds/necromancer.summoner.js into tools\toolsthread.js
AutoBuild: Including build template config/builds/necromancer.summoner.js into default.dbj
AutoBuild: Including build template config/builds/necromancer.summoner.js into tools\autobuildthread.js
AutoBuild: Loaded helper thread
AutoBuild: Including build template config/builds/necromancer.summoner.js into tools\party.js
AutoBuild: Including build template config/builds/necromancer.summoner.js into tools\toolsthread.js
AutoBuild: Including build template config/builds/necromancer.summoner.js into default.dbj
AutoBuild: Including build template config/builds/necromancer.summoner.js into tools\autobuildthread.js
AutoBuild: Loaded helper thread
AutoBuild: Including build template config/builds/necromancer.summoner.js into tools\party.js
AutoBuild: Including build template config/builds/necromancer.summoner.js into tools\toolsthread.js
AutoBuild: Stat points: 5      Skill points: 2
AutoBuild: Level up detected ( 25 --> 26 )
AutoBuild: useSkillPoint(): Iron Maiden (76)
AutoBuild: Skill (1/1) Increased Iron Maiden (76) by one (level:  1)
AutoBuild: useStatPoint(0): Strength
AutoBuild: Stat (1/5) Increased Strength from 39 to 40
AutoBuild: useStatPoint(3): Vitality
AutoBuild: Stat (2/5) Increased Vitality from 111 to 112
AutoBuild: useStatPoint(3): Vitality
AutoBuild: Stat (3/5) Increased Vitality from 112 to 113
AutoBuild: useStatPoint(3): Vitality
AutoBuild: Stat (4/5) Increased Vitality from 113 to 114
AutoBuild: useStatPoint(3): Vitality
AutoBuild: Stat (5/5) Increased Vitality from 114 to 115
AutoBuild: Updating Config from level 25 to 26
AutoBuild: Incrementing cached character level to 26
AutoBuild: Including build template config/builds/necromancer.summoner.js into default.dbj
AutoBuild: Including build template config/builds/necromancer.summoner.js into tools\autobuildthread.js
AutoBuild: Loaded helper thread
AutoBuild: Including build template config/builds/necromancer.summoner.js into tools\party.js
AutoBuild: Including build template config/builds/necromancer.summoner.js into tools\toolsthread.js
AutoBuild: Including build template config/builds/necromancer.summoner.js into default.dbj
AutoBuild: Including build template config/builds/necromancer.summoner.js into tools\autobuildthread.js
AutoBuild: Loaded helper thread
AutoBuild: Including build template config/builds/necromancer.summoner.js into tools\party.js
AutoBuild: Including build template config/builds/necromancer.summoner.js into tools\toolsthread.js
AutoBuild: Including build template config/builds/necromancer.summoner.js into default.dbj
AutoBuild: Including build template config/builds/necromancer.summoner.js into tools\autobuildthread.js
AutoBuild: Loaded helper thread
AutoBuild: Including build template config/builds/necromancer.summoner.js into tools\party.js
AutoBuild: Including build template config/builds/necromancer.summoner.js into tools\toolsthread.js
