AutoBuild: Stat points: 15      Skill points: 3
AutoBuild: Level up detected ( 58 --> 59 )
AutoBuild: useSkillPoint(): Fire Mastery (61)
AutoBuild: Skill (1/1) Increased Fire Mastery (61) by one (level:  17)
AutoBuild: useStatPoint(0): Strength
AutoBuild: Stat (1/5) Increased Strength from 86 to 87
AutoBuild: useStatPoint(0): Strength
AutoBuild: Stat (2/5) Increased Strength from 87 to 88
AutoBuild: useStatPoint(1): Energy
AutoBuild: Stat (3/5) Increased Energy from 149 to 150
AutoBuild: useStatPoint(1): Energy
AutoBuild: Stat (4/5) Increased Energy from 150 to 151
AutoBuild: useStatPoint(3): Vitality
AutoBuild: Stat (5/5) Increased Vitality from 105 to 106
AutoBuild: Updating Config from level 58 to 59
AutoBuild: Incrementing cached character level to 59
AutoBuild: Including build template config/builds/sorceress.meteor.js into default.dbj
AutoBuild: Including build template config/builds/sorceress.meteor.js into tools\autobuildthread.js
AutoBuild: Loaded helper thread
AutoBuild: Including build template config/builds/sorceress.meteor.js into tools\party.js
AutoBuild: Including build template config/builds/sorceress.meteor.js into tools\townchicken.js
AutoBuild: Including build template config/builds/sorceress.meteor.js into tools\toolsthread.js
AutoBuild: Including build template config/builds/sorceress.meteor.js into default.dbj
AutoBuild: Including build template config/builds/sorceress.meteor.js into tools\autobuildthread.js
AutoBuild: Loaded helper thread
AutoBuild: Including build template config/builds/sorceress.meteor.js into tools\party.js
AutoBuild: Including build template config/builds/sorceress.meteor.js into tools\toolsthread.js
AutoBuild: Including build template config/builds/sorceress.meteor.js into tools\townchicken.js
AutoBuild: Including build template config/builds/sorceress.meteor.js into default.dbj
AutoBuild: Including build template config/builds/sorceress.meteor.js into tools\autobuildthread.js
AutoBuild: Loaded helper thread
AutoBuild: Including build template config/builds/sorceress.meteor.js into tools\party.js
AutoBuild: Including build template config/builds/sorceress.meteor.js into tools\townchicken.js
AutoBuild: Including build template config/builds/sorceress.meteor.js into tools\toolsthread.js
AutoBuild: Including build template config/builds/sorceress.meteor.js into default.dbj
AutoBuild: Including build template config/builds/sorceress.meteor.js into tools\autobuildthread.js
AutoBuild: Loaded helper thread
AutoBuild: Including build template config/builds/sorceress.meteor.js into tools\party.js
AutoBuild: Including build template config/builds/sorceress.meteor.js into tools\townchicken.js
AutoBuild: Including build template config/builds/sorceress.meteor.js into tools\toolsthread.js
AutoBuild: Including build template config/builds/sorceress.meteor.js into default.dbj
AutoBuild: Including build template config/builds/sorceress.meteor.js into tools\autobuildthread.js
AutoBuild: Loaded helper thread
AutoBuild: Including build template config/builds/sorceress.meteor.js into tools\party.js
AutoBuild: Including build template config/builds/sorceress.meteor.js into tools\townchicken.js
AutoBuild: Including build template config/builds/sorceress.meteor.js into tools\toolsthread.js
AutoBuild: Stat points: 15      Skill points: 3
AutoBuild: Level up detected ( 59 --> 60 )
AutoBuild: useSkillPoint(): Fire Mastery (61)
AutoBuild: Skill (1/1) Increased Fire Mastery (61) by one (level:  18)
AutoBuild: useStatPoint(0): Strength
AutoBuild: Stat (1/5) Increased Strength from 88 to 89
AutoBuild: useStatPoint(0): Strength
AutoBuild: Stat (2/5) Increased Strength from 89 to 90
AutoBuild: useStatPoint(1): Energy
AutoBuild: Stat (3/5) Increased Energy from 151 to 152
AutoBuild: useStatPoint(1): Energy
AutoBuild: Stat (4/5) Increased Energy from 152 to 153
AutoBuild: useStatPoint(3): Vitality
AutoBuild: Stat (5/5) Increased Vitality from 106 to 107
AutoBuild: Updating Config from level 59 to 60
AutoBuild: Incrementing cached character level to 60
AutoBuild: Including build template config/builds/sorceress.meteor.js into default.dbj
AutoBuild: Including build template config/builds/sorceress.meteor.js into tools\autobuildthread.js
AutoBuild: Loaded helper thread
AutoBuild: Including build template config/builds/sorceress.meteor.js into tools\party.js
AutoBuild: Including build template config/builds/sorceress.meteor.js into tools\townchicken.js
AutoBuild: Including build template config/builds/sorceress.meteor.js into tools\toolsthread.js
AutoBuild: Including build template config/builds/sorceress.meteor.js into default.dbj
AutoBuild: Including build template config/builds/sorceress.meteor.js into tools\autobuildthread.js
AutoBuild: Loaded helper thread
AutoBuild: Including build template config/builds/sorceress.meteor.js into tools\party.js
AutoBuild: Including build template config/builds/sorceress.meteor.js into tools\townchicken.js
AutoBuild: Including build template config/builds/sorceress.meteor.js into tools\toolsthread.js
AutoBuild: Including build template config/builds/sorceress.meteor.js into default.dbj
AutoBuild: Including build template config/builds/sorceress.meteor.js into tools\autobuildthread.js
AutoBuild: Loaded helper thread
AutoBuild: Including build template config/builds/sorceress.meteor.js into tools\party.js
AutoBuild: Including build template config/builds/sorceress.meteor.js into tools\townchicken.js
AutoBuild: Including build template config/builds/sorceress.meteor.js into tools\toolsthread.js
AutoBuild: Including build template config/builds/sorceress.meteor.js into default.dbj
AutoBuild: Including build template config/builds/sorceress.meteor.js into tools\autobuildthread.js
AutoBuild: Loaded helper thread
AutoBuild: Including build template config/builds/sorceress.meteor.js into tools\party.js
AutoBuild: Including build template config/builds/sorceress.meteor.js into tools\townchicken.js
AutoBuild: Including build template config/builds/sorceress.meteor.js into tools\toolsthread.js
AutoBuild: Including build template config/builds/sorceress.meteor.js into default.dbj
AutoBuild: Including build template config/builds/sorceress.meteor.js into tools\autobuildthread.js
AutoBuild: Loaded helper thread
AutoBuild: Including build template config/builds/sorceress.meteor.js into tools\party.js
AutoBuild: Including build template config/builds/sorceress.meteor.js into tools\townchicken.js
AutoBuild: Including build template config/builds/sorceress.meteor.js into tools\toolsthread.js
AutoBuild: Stat points: 15      Skill points: 3
AutoBuild: Level up detected ( 60 --> 61 )
AutoBuild: useSkillPoint(): Fire Mastery (61)
AutoBuild: Skill (1/1) Increased Fire Mastery (61) by one (level:  19)
AutoBuild: useStatPoint(0): Strength
AutoBuild: Stat (1/5) Increased Strength from 90 to 91
AutoBuild: useStatPoint(0): Strength
AutoBuild: Stat (2/5) Increased Strength from 91 to 92
AutoBuild: useStatPoint(1): Energy
AutoBuild: Stat (3/5) Increased Energy from 153 to 154
AutoBuild: useStatPoint(1): Energy
AutoBuild: Stat (4/5) Increased Energy from 154 to 155
AutoBuild: useStatPoint(3): Vitality
AutoBuild: Stat (5/5) Increased Vitality from 107 to 108
AutoBuild: Updating Config from level 60 to 61
AutoBuild: Incrementing cached character level to 61
AutoBuild: Including build template config/builds/sorceress.meteor.js into default.dbj
AutoBuild: Including build template config/builds/sorceress.meteor.js into tools\autobuildthread.js
AutoBuild: Loaded helper thread
AutoBuild: Including build template config/builds/sorceress.meteor.js into tools\party.js
AutoBuild: Including build template config/builds/sorceress.meteor.js into tools\townchicken.js
AutoBuild: Including build template config/builds/sorceress.meteor.js into tools\toolsthread.js
AutoBuild: Stat points: 15      Skill points: 3
AutoBuild: Level up detected ( 61 --> 62 )
AutoBuild: useSkillPoint(): Fire Mastery (61)
AutoBuild: Skill (1/1) Increased Fire Mastery (61) by one (level:  20)
AutoBuild: useStatPoint(0): Strength
AutoBuild: Stat (1/5) Increased Strength from 92 to 93
AutoBuild: useStatPoint(0): Strength
AutoBuild: Stat (2/5) Increased Strength from 93 to 94
AutoBuild: useStatPoint(1): Energy
AutoBuild: Stat (3/5) Increased Energy from 155 to 156
AutoBuild: useStatPoint(1): Energy
AutoBuild: Stat (4/5) Increased Energy from 156 to 157
AutoBuild: useStatPoint(3): Vitality
AutoBuild: Stat (5/5) Increased Vitality from 108 to 109
AutoBuild: Updating Config from level 61 to 62
AutoBuild: Incrementing cached character level to 62
AutoBuild: Including build template config/builds/sorceress.meteor.js into default.dbj
AutoBuild: Including build template config/builds/sorceress.meteor.js into tools\autobuildthread.js
AutoBuild: Loaded helper thread
AutoBuild: Including build template config/builds/sorceress.meteor.js into tools\party.js
AutoBuild: Including build template config/builds/sorceress.meteor.js into tools\townchicken.js
AutoBuild: Including build template config/builds/sorceress.meteor.js into tools\toolsthread.js
AutoBuild: Including build template config/builds/sorceress.meteor.js into default.dbj
AutoBuild: Including build template config/builds/sorceress.meteor.js into tools\autobuildthread.js
AutoBuild: Loaded helper thread
AutoBuild: Including build template config/builds/sorceress.meteor.js into tools\party.js
AutoBuild: Including build template config/builds/sorceress.meteor.js into tools\townchicken.js
AutoBuild: Including build template config/builds/sorceress.meteor.js into tools\toolsthread.js
AutoBuild: Including build template config/builds/sorceress.meteor.js into default.dbj
AutoBuild: Including build template config/builds/sorceress.meteor.js into tools\autobuildthread.js
AutoBuild: Loaded helper thread
AutoBuild: Including build template config/builds/sorceress.meteor.js into tools\party.js
AutoBuild: Including build template config/builds/sorceress.meteor.js into tools\townchicken.js
AutoBuild: Including build template config/builds/sorceress.meteor.js into tools\toolsthread.js
AutoBuild: Including build template config/builds/sorceress.meteor.js into default.dbj
AutoBuild: Including build template config/builds/sorceress.meteor.js into tools\autobuildthread.js
AutoBuild: Loaded helper thread
AutoBuild: Including build template config/builds/sorceress.meteor.js into tools\party.js
AutoBuild: Including build template config/builds/sorceress.meteor.js into tools\townchicken.js
AutoBuild: Including build template config/builds/sorceress.meteor.js into tools\toolsthread.js
AutoBuild: Including build template config/builds/sorceress.meteor.js into default.dbj
AutoBuild: Including build template config/builds/sorceress.meteor.js into tools\autobuildthread.js
AutoBuild: Loaded helper thread
AutoBuild: Including build template config/builds/sorceress.meteor.js into tools\party.js
AutoBuild: Including build template config/builds/sorceress.meteor.js into tools\townchicken.js
AutoBuild: Including build template config/builds/sorceress.meteor.js into tools\toolsthread.js
AutoBuild: Including build template config/builds/sorceress.meteor.js into default.dbj
AutoBuild: Including build template config/builds/sorceress.meteor.js into tools\autobuildthread.js
AutoBuild: Loaded helper thread
AutoBuild: Including build template config/builds/sorceress.meteor.js into tools\party.js
AutoBuild: Including build template config/builds/sorceress.meteor.js into tools\townchicken.js
AutoBuild: Including build template config/builds/sorceress.meteor.js into tools\toolsthread.js
AutoBuild: Including build template config/builds/sorceress.meteor.js into default.dbj
AutoBuild: Including build template config/builds/sorceress.meteor.js into tools\autobuildthread.js
AutoBuild: Loaded helper thread
AutoBuild: Including build template config/builds/sorceress.meteor.js into tools\party.js
AutoBuild: Including build template config/builds/sorceress.meteor.js into tools\townchicken.js
AutoBuild: Including build template config/builds/sorceress.meteor.js into tools\toolsthread.js
AutoBuild: Including build template config/builds/sorceress.meteor.js into default.dbj
AutoBuild: Including build template config/builds/sorceress.meteor.js into tools\autobuildthread.js
AutoBuild: Loaded helper thread
AutoBuild: Including build template config/builds/sorceress.meteor.js into tools\party.js
AutoBuild: Including build template config/builds/sorceress.meteor.js into tools\townchicken.js
AutoBuild: Including build template config/builds/sorceress.meteor.js into tools\toolsthread.js
AutoBuild: Including build template config/builds/sorceress.meteor.js into default.dbj
AutoBuild: Including build template config/builds/sorceress.meteor.js into tools\autobuildthread.js
AutoBuild: Loaded helper thread
AutoBuild: Including build template config/builds/sorceress.meteor.js into tools\party.js
AutoBuild: Including build template config/builds/sorceress.meteor.js into tools\townchicken.js
AutoBuild: Including build template config/builds/sorceress.meteor.js into tools\toolsthread.js
AutoBuild: Including build template config/builds/sorceress.meteor.js into default.dbj
AutoBuild: Including build template config/builds/sorceress.meteor.js into tools\autobuildthread.js
AutoBuild: Loaded helper thread
AutoBuild: Including build template config/builds/sorceress.meteor.js into tools\party.js
AutoBuild: Including build template config/builds/sorceress.meteor.js into tools\townchicken.js
AutoBuild: Including build template config/builds/sorceress.meteor.js into tools\toolsthread.js
AutoBuild: Including build template config/builds/sorceress.meteor.js into default.dbj
AutoBuild: Including build template config/builds/sorceress.meteor.js into tools\autobuildthread.js
AutoBuild: Loaded helper thread
AutoBuild: Including build template config/builds/sorceress.meteor.js into tools\party.js
AutoBuild: Including build template config/builds/sorceress.meteor.js into tools\toolsthread.js
AutoBuild: Including build template config/builds/sorceress.meteor.js into tools\townchicken.js
AutoBuild: Including build template config/builds/sorceress.meteor.js into default.dbj
AutoBuild: Including build template config/builds/sorceress.meteor.js into tools\autobuildthread.js
AutoBuild: Loaded helper thread
AutoBuild: Including build template config/builds/sorceress.meteor.js into tools\party.js
AutoBuild: Including build template config/builds/sorceress.meteor.js into tools\townchicken.js
AutoBuild: Including build template config/builds/sorceress.meteor.js into tools\toolsthread.js
AutoBuild: Including build template config/builds/sorceress.meteor.js into default.dbj
AutoBuild: Including build template config/builds/sorceress.meteor.js into tools\autobuildthread.js
AutoBuild: Loaded helper thread
AutoBuild: Including build template config/builds/sorceress.meteor.js into tools\party.js
AutoBuild: Including build template config/builds/sorceress.meteor.js into tools\townchicken.js
AutoBuild: Including build template config/builds/sorceress.meteor.js into tools\toolsthread.js
AutoBuild: Including build template config/builds/sorceress.meteor.js into default.dbj
AutoBuild: Including build template config/builds/sorceress.meteor.js into tools\autobuildthread.js
AutoBuild: Loaded helper thread
AutoBuild: Including build template config/builds/sorceress.meteor.js into tools\party.js
AutoBuild: Including build template config/builds/sorceress.meteor.js into tools\townchicken.js
AutoBuild: Including build template config/builds/sorceress.meteor.js into tools\toolsthread.js
AutoBuild: Including build template config/builds/sorceress.meteor.js into default.dbj
AutoBuild: Including build template config/builds/sorceress.meteor.js into tools\autobuildthread.js
AutoBuild: Loaded helper thread
AutoBuild: Including build template config/builds/sorceress.meteor.js into tools\party.js
AutoBuild: Including build template config/builds/sorceress.meteor.js into tools\townchicken.js
AutoBuild: Including build template config/builds/sorceress.meteor.js into tools\toolsthread.js
AutoBuild: Including build template config/builds/sorceress.meteor.js into default.dbj
AutoBuild: Including build template config/builds/sorceress.meteor.js into tools\autobuildthread.js
AutoBuild: Loaded helper thread
AutoBuild: Including build template config/builds/sorceress.meteor.js into tools\party.js
AutoBuild: Including build template config/builds/sorceress.meteor.js into tools\townchicken.js
AutoBuild: Including build template config/builds/sorceress.meteor.js into tools\toolsthread.js
AutoBuild: Including build template config/builds/sorceress.meteor.js into default.dbj
AutoBuild: Including build template config/builds/sorceress.meteor.js into tools\autobuildthread.js
AutoBuild: Loaded helper thread
AutoBuild: Including build template config/builds/sorceress.meteor.js into tools\party.js
AutoBuild: Including build template config/builds/sorceress.meteor.js into tools\townchicken.js
AutoBuild: Including build template config/builds/sorceress.meteor.js into tools\toolsthread.js
AutoBuild: Including build template config/builds/sorceress.meteor.js into default.dbj
AutoBuild: Including build template config/builds/sorceress.meteor.js into tools\autobuildthread.js
AutoBuild: Loaded helper thread
AutoBuild: Including build template config/builds/sorceress.meteor.js into tools\party.js
AutoBuild: Including build template config/builds/sorceress.meteor.js into tools\townchicken.js
AutoBuild: Including build template config/builds/sorceress.meteor.js into tools\toolsthread.js
AutoBuild: Including build template config/builds/sorceress.meteor.js into default.dbj
AutoBuild: Including build template config/builds/sorceress.meteor.js into tools\autobuildthread.js
AutoBuild: Loaded helper thread
AutoBuild: Including build template config/builds/sorceress.meteor.js into tools\party.js
AutoBuild: Including build template config/builds/sorceress.meteor.js into tools\townchicken.js
AutoBuild: Including build template config/builds/sorceress.meteor.js into tools\toolsthread.js
AutoBuild: Including build template config/builds/sorceress.meteor.js into default.dbj
AutoBuild: Including build template config/builds/sorceress.meteor.js into tools\autobuildthread.js
AutoBuild: Loaded helper thread
AutoBuild: Including build template config/builds/sorceress.meteor.js into tools\party.js
AutoBuild: Including build template config/builds/sorceress.meteor.js into tools\toolsthread.js
AutoBuild: Including build template config/builds/sorceress.meteor.js into tools\townchicken.js
AutoBuild: Including build template config/builds/sorceress.meteor.js into default.dbj
AutoBuild: Including build template config/builds/sorceress.meteor.js into tools\autobuildthread.js
AutoBuild: Loaded helper thread
AutoBuild: Including build template config/builds/sorceress.meteor.js into tools\party.js
AutoBuild: Including build template config/builds/sorceress.meteor.js into tools\townchicken.js
AutoBuild: Including build template config/builds/sorceress.meteor.js into tools\toolsthread.js
AutoBuild: Including build template config/builds/sorceress.meteor.js into default.dbj
AutoBuild: Including build template config/builds/sorceress.meteor.js into tools\autobuildthread.js
AutoBuild: Loaded helper thread
AutoBuild: Including build template config/builds/sorceress.meteor.js into tools\party.js
AutoBuild: Including build template config/builds/sorceress.meteor.js into tools\townchicken.js
AutoBuild: Including build template config/builds/sorceress.meteor.js into tools\toolsthread.js
AutoBuild: Including build template config/builds/sorceress.meteor.js into default.dbj
AutoBuild: Including build template config/builds/sorceress.meteor.js into tools\autobuildthread.js
AutoBuild: Loaded helper thread
AutoBuild: Including build template config/builds/sorceress.meteor.js into tools\party.js
AutoBuild: Including build template config/builds/sorceress.meteor.js into tools\townchicken.js
AutoBuild: Including build template config/builds/sorceress.meteor.js into tools\toolsthread.js
AutoBuild: Including build template config/builds/sorceress.meteor.js into default.dbj
AutoBuild: Including build template config/builds/sorceress.meteor.js into tools\autobuildthread.js
AutoBuild: Loaded helper thread
AutoBuild: Including build template config/builds/sorceress.meteor.js into tools\party.js
AutoBuild: Including build template config/builds/sorceress.meteor.js into tools\townchicken.js
AutoBuild: Including build template config/builds/sorceress.meteor.js into tools\toolsthread.js
AutoBuild: Including build template config/builds/sorceress.meteor.js into default.dbj
AutoBuild: Including build template config/builds/sorceress.meteor.js into tools\autobuildthread.js
AutoBuild: Loaded helper thread
AutoBuild: Including build template config/builds/sorceress.meteor.js into tools\party.js
AutoBuild: Including build template config/builds/sorceress.meteor.js into tools\townchicken.js
AutoBuild: Including build template config/builds/sorceress.meteor.js into tools\toolsthread.js
AutoBuild: Including build template config/builds/sorceress.meteor.js into default.dbj
AutoBuild: Including build template config/builds/sorceress.meteor.js into tools\autobuildthread.js
AutoBuild: Loaded helper thread
AutoBuild: Including build template config/builds/sorceress.meteor.js into tools\party.js
AutoBuild: Including build template config/builds/sorceress.meteor.js into tools\townchicken.js
AutoBuild: Including build template config/builds/sorceress.meteor.js into tools\toolsthread.js
AutoBuild: Including build template config/builds/sorceress.meteor.js into default.dbj
AutoBuild: Including build template config/builds/sorceress.meteor.js into tools\autobuildthread.js
AutoBuild: Loaded helper thread
AutoBuild: Including build template config/builds/sorceress.meteor.js into tools\party.js
AutoBuild: Including build template config/builds/sorceress.meteor.js into tools\townchicken.js
AutoBuild: Including build template config/builds/sorceress.meteor.js into tools\toolsthread.js
AutoBuild: Including build template config/builds/sorceress.meteor.js into default.dbj
AutoBuild: Including build template config/builds/sorceress.meteor.js into tools\autobuildthread.js
AutoBuild: Loaded helper thread
AutoBuild: Including build template config/builds/sorceress.meteor.js into tools\party.js
AutoBuild: Including build template config/builds/sorceress.meteor.js into tools\townchicken.js
AutoBuild: Including build template config/builds/sorceress.meteor.js into tools\toolsthread.js
AutoBuild: Including build template config/builds/sorceress.meteor.js into default.dbj
AutoBuild: Including build template config/builds/sorceress.meteor.js into tools\autobuildthread.js
AutoBuild: Loaded helper thread
AutoBuild: Including build template config/builds/sorceress.meteor.js into tools\party.js
AutoBuild: Including build template config/builds/sorceress.meteor.js into tools\townchicken.js
AutoBuild: Including build template config/builds/sorceress.meteor.js into tools\toolsthread.js
AutoBuild: Including build template config/builds/sorceress.meteor.js into default.dbj
AutoBuild: Including build template config/builds/sorceress.meteor.js into tools\autobuildthread.js
AutoBuild: Loaded helper thread
AutoBuild: Including build template config/builds/sorceress.meteor.js into tools\party.js
AutoBuild: Including build template config/builds/sorceress.meteor.js into tools\townchicken.js
AutoBuild: Including build template config/builds/sorceress.meteor.js into tools\toolsthread.js
AutoBuild: Including build template config/builds/sorceress.meteor.js into default.dbj
AutoBuild: Including build template config/builds/sorceress.meteor.js into tools\autobuildthread.js
AutoBuild: Loaded helper thread
AutoBuild: Including build template config/builds/sorceress.meteor.js into tools\party.js
AutoBuild: Including build template config/builds/sorceress.meteor.js into tools\townchicken.js
AutoBuild: Including build template config/builds/sorceress.meteor.js into tools\toolsthread.js
AutoBuild: Including build template config/builds/sorceress.meteor.js into default.dbj
AutoBuild: Including build template config/builds/sorceress.meteor.js into tools\autobuildthread.js
AutoBuild: Loaded helper thread
AutoBuild: Including build template config/builds/sorceress.meteor.js into tools\party.js
AutoBuild: Including build template config/builds/sorceress.meteor.js into tools\townchicken.js
AutoBuild: Including build template config/builds/sorceress.meteor.js into tools\toolsthread.js
AutoBuild: Including build template config/builds/sorceress.meteor.js into default.dbj
AutoBuild: Including build template config/builds/sorceress.meteor.js into tools\autobuildthread.js
AutoBuild: Loaded helper thread
AutoBuild: Including build template config/builds/sorceress.meteor.js into tools\party.js
AutoBuild: Including build template config/builds/sorceress.meteor.js into tools\townchicken.js
AutoBuild: Including build template config/builds/sorceress.meteor.js into tools\toolsthread.js
AutoBuild: Including build template config/builds/sorceress.meteor.js into default.dbj
AutoBuild: Including build template config/builds/sorceress.meteor.js into tools\autobuildthread.js
AutoBuild: Loaded helper thread
AutoBuild: Including build template config/builds/sorceress.meteor.js into tools\party.js
AutoBuild: Including build template config/builds/sorceress.meteor.js into tools\townchicken.js
AutoBuild: Including build template config/builds/sorceress.meteor.js into tools\toolsthread.js
AutoBuild: Including build template config/builds/sorceress.meteor.js into default.dbj
AutoBuild: Including build template config/builds/sorceress.meteor.js into tools\autobuildthread.js
AutoBuild: Loaded helper thread
AutoBuild: Including build template config/builds/sorceress.meteor.js into tools\party.js
AutoBuild: Including build template config/builds/sorceress.meteor.js into tools\townchicken.js
AutoBuild: Including build template config/builds/sorceress.meteor.js into tools\toolsthread.js
AutoBuild: Including build template config/builds/sorceress.meteor.js into default.dbj
AutoBuild: Including build template config/builds/sorceress.meteor.js into tools\autobuildthread.js
AutoBuild: Loaded helper thread
AutoBuild: Including build template config/builds/sorceress.meteor.js into tools\party.js
AutoBuild: Including build template config/builds/sorceress.meteor.js into tools\townchicken.js
AutoBuild: Including build template config/builds/sorceress.meteor.js into tools\toolsthread.js
AutoBuild: Including build template config/builds/sorceress.meteor.js into default.dbj
AutoBuild: Including build template config/builds/sorceress.meteor.js into tools\autobuildthread.js
AutoBuild: Loaded helper thread
AutoBuild: Including build template config/builds/sorceress.meteor.js into tools\party.js
AutoBuild: Including build template config/builds/sorceress.meteor.js into tools\toolsthread.js
AutoBuild: Including build template config/builds/sorceress.meteor.js into tools\townchicken.js
AutoBuild: Including build template config/builds/sorceress.meteor.js into default.dbj
AutoBuild: Including build template config/builds/sorceress.meteor.js into tools\autobuildthread.js
AutoBuild: Loaded helper thread
AutoBuild: Including build template config/builds/sorceress.meteor.js into tools\party.js
AutoBuild: Including build template config/builds/sorceress.meteor.js into tools\townchicken.js
AutoBuild: Including build template config/builds/sorceress.meteor.js into tools\toolsthread.js
AutoBuild: Including build template config/builds/sorceress.meteor.js into default.dbj
AutoBuild: Including build template config/builds/sorceress.meteor.js into tools\autobuildthread.js
AutoBuild: Loaded helper thread
AutoBuild: Including build template config/builds/sorceress.meteor.js into tools\party.js
AutoBuild: Including build template config/builds/sorceress.meteor.js into tools\townchicken.js
AutoBuild: Including build template config/builds/sorceress.meteor.js into tools\toolsthread.js
AutoBuild: Including build template config/builds/sorceress.meteor.js into default.dbj
AutoBuild: Including build template config/builds/sorceress.meteor.js into tools\autobuildthread.js
AutoBuild: Loaded helper thread
AutoBuild: Including build template config/builds/sorceress.meteor.js into tools\party.js
AutoBuild: Including build template config/builds/sorceress.meteor.js into tools\townchicken.js
AutoBuild: Including build template config/builds/sorceress.meteor.js into tools\toolsthread.js
AutoBuild: Including build template config/builds/sorceress.meteor.js into default.dbj
AutoBuild: Including build template config/builds/sorceress.meteor.js into tools\autobuildthread.js
AutoBuild: Loaded helper thread
AutoBuild: Including build template config/builds/sorceress.meteor.js into tools\party.js
AutoBuild: Including build template config/builds/sorceress.meteor.js into tools\townchicken.js
AutoBuild: Including build template config/builds/sorceress.meteor.js into tools\toolsthread.js
AutoBuild: Including build template config/builds/sorceress.meteor.js into default.dbj
AutoBuild: Including build template config/builds/sorceress.meteor.js into tools\autobuildthread.js
AutoBuild: Loaded helper thread
AutoBuild: Including build template config/builds/sorceress.meteor.js into tools\party.js
AutoBuild: Including build template config/builds/sorceress.meteor.js into tools\townchicken.js
AutoBuild: Including build template config/builds/sorceress.meteor.js into tools\toolsthread.js
AutoBuild: Including build template config/builds/sorceress.meteor.js into default.dbj
AutoBuild: Including build template config/builds/sorceress.meteor.js into tools\autobuildthread.js
AutoBuild: Loaded helper thread
AutoBuild: Including build template config/builds/sorceress.meteor.js into tools\party.js
AutoBuild: Including build template config/builds/sorceress.meteor.js into tools\townchicken.js
AutoBuild: Including build template config/builds/sorceress.meteor.js into tools\toolsthread.js
AutoBuild: Including build template config/builds/sorceress.meteor.js into default.dbj
AutoBuild: Including build template config/builds/sorceress.meteor.js into tools\autobuildthread.js
AutoBuild: Loaded helper thread
AutoBuild: Including build template config/builds/sorceress.meteor.js into tools\party.js
AutoBuild: Including build template config/builds/sorceress.meteor.js into tools\townchicken.js
AutoBuild: Including build template config/builds/sorceress.meteor.js into tools\toolsthread.js
AutoBuild: Including build template config/builds/sorceress.meteor.js into default.dbj
AutoBuild: Including build template config/builds/sorceress.meteor.js into tools\autobuildthread.js
AutoBuild: Loaded helper thread
AutoBuild: Including build template config/builds/sorceress.meteor.js into tools\party.js
AutoBuild: Including build template config/builds/sorceress.meteor.js into tools\townchicken.js
AutoBuild: Including build template config/builds/sorceress.meteor.js into tools\toolsthread.js
AutoBuild: Including build template config/builds/sorceress.meteor.js into default.dbj
AutoBuild: Including build template config/builds/sorceress.meteor.js into tools\autobuildthread.js
AutoBuild: Loaded helper thread
AutoBuild: Including build template config/builds/sorceress.meteor.js into tools\party.js
AutoBuild: Including build template config/builds/sorceress.meteor.js into tools\townchicken.js
AutoBuild: Including build template config/builds/sorceress.meteor.js into tools\toolsthread.js
AutoBuild: Including build template config/builds/sorceress.meteor.js into default.dbj
AutoBuild: Including build template config/builds/sorceress.meteor.js into tools\autobuildthread.js
AutoBuild: Loaded helper thread
AutoBuild: Including build template config/builds/sorceress.meteor.js into tools\party.js
AutoBuild: Including build template config/builds/sorceress.meteor.js into tools\townchicken.js
AutoBuild: Including build template config/builds/sorceress.meteor.js into tools\toolsthread.js
AutoBuild: Including build template config/builds/sorceress.meteor.js into default.dbj
AutoBuild: Including build template config/builds/sorceress.meteor.js into tools\autobuildthread.js
AutoBuild: Loaded helper thread
AutoBuild: Including build template config/builds/sorceress.meteor.js into tools\party.js
AutoBuild: Including build template config/builds/sorceress.meteor.js into tools\townchicken.js
AutoBuild: Including build template config/builds/sorceress.meteor.js into tools\toolsthread.js
AutoBuild: Including build template config/builds/sorceress.meteor.js into default.dbj
AutoBuild: Including build template config/builds/sorceress.meteor.js into tools\autobuildthread.js
AutoBuild: Loaded helper thread
AutoBuild: Including build template config/builds/sorceress.meteor.js into tools\party.js
AutoBuild: Including build template config/builds/sorceress.meteor.js into tools\townchicken.js
AutoBuild: Including build template config/builds/sorceress.meteor.js into tools\toolsthread.js
AutoBuild: Including build template config/builds/sorceress.meteor.js into default.dbj
AutoBuild: Including build template config/builds/sorceress.meteor.js into tools\autobuildthread.js
AutoBuild: Loaded helper thread
AutoBuild: Including build template config/builds/sorceress.meteor.js into tools\party.js
AutoBuild: Including build template config/builds/sorceress.meteor.js into tools\townchicken.js
AutoBuild: Including build template config/builds/sorceress.meteor.js into tools\toolsthread.js
AutoBuild: Including build template config/builds/sorceress.meteor.js into default.dbj
AutoBuild: Including build template config/builds/sorceress.meteor.js into tools\autobuildthread.js
AutoBuild: Loaded helper thread
AutoBuild: Including build template config/builds/sorceress.meteor.js into tools\party.js
AutoBuild: Including build template config/builds/sorceress.meteor.js into tools\townchicken.js
AutoBuild: Including build template config/builds/sorceress.meteor.js into tools\toolsthread.js
AutoBuild: Including build template config/builds/sorceress.meteor.js into default.dbj
AutoBuild: Including build template config/builds/sorceress.meteor.js into tools\autobuildthread.js
AutoBuild: Loaded helper thread
AutoBuild: Including build template config/builds/sorceress.meteor.js into tools\party.js
AutoBuild: Including build template config/builds/sorceress.meteor.js into tools\toolsthread.js
AutoBuild: Including build template config/builds/sorceress.meteor.js into tools\townchicken.js
AutoBuild: Including build template config/builds/sorceress.meteor.js into default.dbj
AutoBuild: Including build template config/builds/sorceress.meteor.js into tools\autobuildthread.js
AutoBuild: Loaded helper thread
AutoBuild: Including build template config/builds/sorceress.meteor.js into tools\party.js
AutoBuild: Including build template config/builds/sorceress.meteor.js into tools\townchicken.js
AutoBuild: Including build template config/builds/sorceress.meteor.js into tools\toolsthread.js
AutoBuild: Including build template config/builds/sorceress.meteor.js into default.dbj
AutoBuild: Including build template config/builds/sorceress.meteor.js into tools\autobuildthread.js
AutoBuild: Loaded helper thread
AutoBuild: Including build template config/builds/sorceress.meteor.js into tools\party.js
AutoBuild: Including build template config/builds/sorceress.meteor.js into tools\townchicken.js
AutoBuild: Including build template config/builds/sorceress.meteor.js into tools\toolsthread.js
AutoBuild: Including build template config/builds/sorceress.meteor.js into default.dbj
AutoBuild: Including build template config/builds/sorceress.meteor.js into tools\autobuildthread.js
AutoBuild: Loaded helper thread
AutoBuild: Including build template config/builds/sorceress.meteor.js into tools\party.js
AutoBuild: Including build template config/builds/sorceress.meteor.js into tools\townchicken.js
AutoBuild: Including build template config/builds/sorceress.meteor.js into tools\toolsthread.js
AutoBuild: Including build template config/builds/sorceress.meteor.js into default.dbj
AutoBuild: Including build template config/builds/sorceress.meteor.js into tools\autobuildthread.js
AutoBuild: Loaded helper thread
AutoBuild: Including build template config/builds/sorceress.meteor.js into tools\party.js
AutoBuild: Including build template config/builds/sorceress.meteor.js into tools\townchicken.js
AutoBuild: Including build template config/builds/sorceress.meteor.js into tools\toolsthread.js
AutoBuild: Including build template config/builds/sorceress.meteor.js into default.dbj
AutoBuild: Including build template config/builds/sorceress.meteor.js into tools\autobuildthread.js
AutoBuild: Loaded helper thread
AutoBuild: Including build template config/builds/sorceress.meteor.js into tools\party.js
AutoBuild: Including build template config/builds/sorceress.meteor.js into tools\townchicken.js
AutoBuild: Including build template config/builds/sorceress.meteor.js into tools\toolsthread.js
AutoBuild: Including build template config/builds/sorceress.meteor.js into default.dbj
AutoBuild: Including build template config/builds/sorceress.meteor.js into tools\autobuildthread.js
AutoBuild: Loaded helper thread
AutoBuild: Including build template config/builds/sorceress.meteor.js into tools\party.js
AutoBuild: Including build template config/builds/sorceress.meteor.js into tools\townchicken.js
AutoBuild: Including build template config/builds/sorceress.meteor.js into tools\toolsthread.js
AutoBuild: Including build template config/builds/sorceress.meteor.js into default.dbj
AutoBuild: Including build template config/builds/sorceress.meteor.js into tools\autobuildthread.js
AutoBuild: Loaded helper thread
AutoBuild: Including build template config/builds/sorceress.meteor.js into tools\party.js
AutoBuild: Including build template config/builds/sorceress.meteor.js into tools\toolsthread.js
AutoBuild: Including build template config/builds/sorceress.meteor.js into tools\townchicken.js
AutoBuild: Including build template config/builds/sorceress.meteor.js into default.dbj
AutoBuild: Including build template config/builds/sorceress.meteor.js into tools\autobuildthread.js
AutoBuild: Loaded helper thread
AutoBuild: Including build template config/builds/sorceress.meteor.js into tools\party.js
AutoBuild: Including build template config/builds/sorceress.meteor.js into tools\townchicken.js
AutoBuild: Including build template config/builds/sorceress.meteor.js into tools\toolsthread.js
AutoBuild: Including build template config/builds/sorceress.meteor.js into default.dbj
AutoBuild: Including build template config/builds/sorceress.meteor.js into tools\autobuildthread.js
AutoBuild: Loaded helper thread
AutoBuild: Including build template config/builds/sorceress.meteor.js into tools\party.js
AutoBuild: Including build template config/builds/sorceress.meteor.js into tools\townchicken.js
AutoBuild: Including build template config/builds/sorceress.meteor.js into tools\toolsthread.js
AutoBuild: Including build template config/builds/sorceress.meteor.js into default.dbj
AutoBuild: Including build template config/builds/sorceress.meteor.js into tools\autobuildthread.js
AutoBuild: Loaded helper thread
AutoBuild: Including build template config/builds/sorceress.meteor.js into tools\party.js
AutoBuild: Including build template config/builds/sorceress.meteor.js into tools\townchicken.js
AutoBuild: Including build template config/builds/sorceress.meteor.js into tools\toolsthread.js
AutoBuild: Including build template config/builds/sorceress.meteor.js into default.dbj
AutoBuild: Including build template config/builds/sorceress.meteor.js into tools\autobuildthread.js
AutoBuild: Loaded helper thread
AutoBuild: Including build template config/builds/sorceress.meteor.js into tools\party.js
AutoBuild: Including build template config/builds/sorceress.meteor.js into tools\townchicken.js
AutoBuild: Including build template config/builds/sorceress.meteor.js into tools\toolsthread.js
AutoBuild: Stat points: 15      Skill points: 3
AutoBuild: Level up detected ( 62 --> 63 )
AutoBuild: useSkillPoint(): Fire Mastery (61)
AutoBuild: Skill (1/1) Increased Fire Mastery (61) by one (level:  20)
AutoBuild: useStatPoint(0): Strength
AutoBuild: Attempt to spend point 1 in Strength may have failed!
AutoBuild: useStatPoint(0): Strength
AutoBuild: Stat (2/5) Increased Strength from 95 to 96
AutoBuild: useStatPoint(1): Energy
AutoBuild: Stat (3/5) Increased Energy from 157 to 158
AutoBuild: useStatPoint(1): Energy
AutoBuild: Stat (4/5) Increased Energy from 158 to 159
AutoBuild: useStatPoint(3): Vitality
AutoBuild: Stat (5/5) Increased Vitality from 109 to 110
AutoBuild: Updating Config from level 62 to 63
AutoBuild: Incrementing cached character level to 63
AutoBuild: Stat points: 15      Skill points: 3
AutoBuild: Level up detected ( 63 --> 64 )
AutoBuild: useSkillPoint(): Fire Mastery (61)
AutoBuild: Attempt to spend skill point 1 in Fire Mastery (61) may have failed!
AutoBuild: useStatPoint(0): Strength
AutoBuild: Stat (1/5) Increased Strength from 96 to 97
AutoBuild: useStatPoint(0): Strength
AutoBuild: Stat (2/5) Increased Strength from 97 to 98
AutoBuild: useStatPoint(1): Energy
AutoBuild: Stat (3/5) Increased Energy from 159 to 160
AutoBuild: useStatPoint(1): Energy
AutoBuild: Stat (4/5) Increased Energy from 160 to 161
AutoBuild: useStatPoint(3): Vitality
AutoBuild: Attempt to spend point 5 in Vitality may have failed!
AutoBuild: Updating Config from level 63 to 64
AutoBuild: Incrementing cached character level to 64
AutoBuild: Including build template config/builds/sorceress.meteor.js into default.dbj
AutoBuild: Including build template config/builds/sorceress.meteor.js into tools\autobuildthread.js
AutoBuild: Loaded helper thread
AutoBuild: Including build template config/builds/sorceress.meteor.js into tools\party.js
AutoBuild: Including build template config/builds/sorceress.meteor.js into tools\townchicken.js
AutoBuild: Including build template config/builds/sorceress.meteor.js into tools\toolsthread.js
AutoBuild: Including build template config/builds/sorceress.meteor.js into default.dbj
AutoBuild: Including build template config/builds/sorceress.meteor.js into tools\autobuildthread.js
AutoBuild: Loaded helper thread
AutoBuild: Including build template config/builds/sorceress.meteor.js into tools\party.js
AutoBuild: Including build template config/builds/sorceress.meteor.js into tools\townchicken.js
AutoBuild: Including build template config/builds/sorceress.meteor.js into tools\toolsthread.js
AutoBuild: Including build template config/builds/sorceress.meteor.js into default.dbj
AutoBuild: Including build template config/builds/sorceress.meteor.js into tools\autobuildthread.js
AutoBuild: Loaded helper thread
AutoBuild: Including build template config/builds/sorceress.meteor.js into tools\party.js
AutoBuild: Including build template config/builds/sorceress.meteor.js into tools\townchicken.js
AutoBuild: Including build template config/builds/sorceress.meteor.js into tools\toolsthread.js
AutoBuild: Including build template config/builds/sorceress.meteor.js into default.dbj
AutoBuild: Including build template config/builds/sorceress.meteor.js into tools\autobuildthread.js
AutoBuild: Loaded helper thread
AutoBuild: Including build template config/builds/sorceress.meteor.js into tools\party.js
AutoBuild: Including build template config/builds/sorceress.meteor.js into tools\townchicken.js
AutoBuild: Including build template config/builds/sorceress.meteor.js into tools\toolsthread.js
AutoBuild: Including build template config/builds/sorceress.meteor.js into default.dbj
AutoBuild: Including build template config/builds/sorceress.meteor.js into tools\autobuildthread.js
AutoBuild: Loaded helper thread
AutoBuild: Including build template config/builds/sorceress.meteor.js into tools\party.js
AutoBuild: Including build template config/builds/sorceress.meteor.js into tools\townchicken.js
AutoBuild: Including build template config/builds/sorceress.meteor.js into tools\toolsthread.js
AutoBuild: Including build template config/builds/sorceress.meteor.js into default.dbj
AutoBuild: Including build template config/builds/sorceress.meteor.js into tools\autobuildthread.js
AutoBuild: Loaded helper thread
AutoBuild: Including build template config/builds/sorceress.meteor.js into tools\party.js
AutoBuild: Including build template config/builds/sorceress.meteor.js into tools\townchicken.js
AutoBuild: Including build template config/builds/sorceress.meteor.js into tools\toolsthread.js
AutoBuild: Including build template config/builds/sorceress.meteor.js into default.dbj
AutoBuild: Including build template config/builds/sorceress.meteor.js into tools\autobuildthread.js
AutoBuild: Loaded helper thread
AutoBuild: Including build template config/builds/sorceress.meteor.js into tools\party.js
AutoBuild: Including build template config/builds/sorceress.meteor.js into tools\townchicken.js
AutoBuild: Including build template config/builds/sorceress.meteor.js into tools\toolsthread.js
AutoBuild: Including build template config/builds/sorceress.meteor.js into default.dbj
AutoBuild: Including build template config/builds/sorceress.meteor.js into tools\autobuildthread.js
AutoBuild: Loaded helper thread
AutoBuild: Including build template config/builds/sorceress.meteor.js into tools\party.js
AutoBuild: Including build template config/builds/sorceress.meteor.js into tools\townchicken.js
AutoBuild: Including build template config/builds/sorceress.meteor.js into tools\toolsthread.js
AutoBuild: Stat points: 15      Skill points: 4
AutoBuild: Level up detected ( 64 --> 65 )
AutoBuild: useSkillPoint(): Fire Ball (47)
AutoBuild: Skill (1/1) Increased Fire Ball (47) by one (level:  6)
AutoBuild: useStatPoint(0): Strength
AutoBuild: Stat (1/5) Increased Strength from 98 to 99
AutoBuild: useStatPoint(0): Strength
AutoBuild: Stat (2/5) Increased Strength from 99 to 100
AutoBuild: useStatPoint(1): Energy
AutoBuild: Attempt to spend point 3 in Energy may have failed!
AutoBuild: useStatPoint(1): Energy
AutoBuild: Stat (4/5) Increased Energy from 162 to 163
AutoBuild: useStatPoint(3): Vitality
AutoBuild: Stat (5/5) Increased Vitality from 111 to 112
AutoBuild: Updating Config from level 64 to 65
AutoBuild: Incrementing cached character level to 65
AutoBuild: Including build template config/builds/sorceress.meteor.js into default.dbj
AutoBuild: Including build template config/builds/sorceress.meteor.js into tools\autobuildthread.js
AutoBuild: Loaded helper thread
AutoBuild: Including build template config/builds/sorceress.meteor.js into tools\party.js
AutoBuild: Including build template config/builds/sorceress.meteor.js into tools\townchicken.js
AutoBuild: Including build template config/builds/sorceress.meteor.js into tools\toolsthread.js
AutoBuild: Stat points: 15      Skill points: 4
AutoBuild: Level up detected ( 65 --> 66 )
AutoBuild: useSkillPoint(): Fire Ball (47)
AutoBuild: Skill (1/1) Increased Fire Ball (47) by one (level:  7)
AutoBuild: useStatPoint(0): Strength
AutoBuild: Stat (1/5) Increased Strength from 100 to 101
AutoBuild: useStatPoint(0): Strength
AutoBuild: Stat (2/5) Increased Strength from 101 to 102
AutoBuild: useStatPoint(1): Energy
AutoBuild: Stat (3/5) Increased Energy from 163 to 164
AutoBuild: useStatPoint(1): Energy
AutoBuild: Stat (4/5) Increased Energy from 164 to 165
AutoBuild: useStatPoint(3): Vitality
AutoBuild: Stat (5/5) Increased Vitality from 112 to 113
AutoBuild: Updating Config from level 65 to 66
AutoBuild: Incrementing cached character level to 66
AutoBuild: Including build template config/builds/sorceress.meteor.js into default.dbj
AutoBuild: Including build template config/builds/sorceress.meteor.js into tools\autobuildthread.js
AutoBuild: Loaded helper thread
AutoBuild: Including build template config/builds/sorceress.meteor.js into tools\party.js
AutoBuild: Including build template config/builds/sorceress.meteor.js into tools\townchicken.js
AutoBuild: Including build template config/builds/sorceress.meteor.js into tools\toolsthread.js
AutoBuild: Stat points: 15      Skill points: 4
AutoBuild: Level up detected ( 66 --> 67 )
AutoBuild: useSkillPoint(): Fire Ball (47)
AutoBuild: Skill (1/1) Increased Fire Ball (47) by one (level:  9)
AutoBuild: useStatPoint(0): Strength
AutoBuild: Stat (1/5) Increased Strength from 102 to 103
AutoBuild: useStatPoint(0): Strength
AutoBuild: Stat (2/5) Increased Strength from 103 to 104
AutoBuild: useStatPoint(1): Energy
AutoBuild: Stat (3/5) Increased Energy from 165 to 166
AutoBuild: useStatPoint(1): Energy
AutoBuild: Stat (4/5) Increased Energy from 166 to 167
AutoBuild: useStatPoint(3): Vitality
AutoBuild: Stat (5/5) Increased Vitality from 113 to 114
AutoBuild: Updating Config from level 66 to 67
AutoBuild: Incrementing cached character level to 67
AutoBuild: Including build template config/builds/sorceress.meteor.js into default.dbj
AutoBuild: Including build template config/builds/sorceress.meteor.js into tools\autobuildthread.js
AutoBuild: Loaded helper thread
AutoBuild: Including build template config/builds/sorceress.meteor.js into tools\party.js
AutoBuild: Including build template config/builds/sorceress.meteor.js into tools\townchicken.js
AutoBuild: Including build template config/builds/sorceress.meteor.js into tools\toolsthread.js
AutoBuild: Stat points: 15      Skill points: 4
AutoBuild: Level up detected ( 67 --> 68 )
AutoBuild: useSkillPoint(): Fire Ball (47)
AutoBuild: Skill (1/1) Increased Fire Ball (47) by one (level:  10)
AutoBuild: useStatPoint(0): Strength
AutoBuild: Stat (1/5) Increased Strength from 104 to 105
AutoBuild: useStatPoint(0): Strength
AutoBuild: Stat (2/5) Increased Strength from 105 to 106
AutoBuild: useStatPoint(1): Energy
AutoBuild: Stat (3/5) Increased Energy from 167 to 168
AutoBuild: useStatPoint(1): Energy
AutoBuild: Stat (4/5) Increased Energy from 168 to 169
AutoBuild: useStatPoint(3): Vitality
AutoBuild: Stat (5/5) Increased Vitality from 114 to 115
AutoBuild: Updating Config from level 67 to 68
AutoBuild: Incrementing cached character level to 68
AutoBuild: Including build template config/builds/sorceress.meteor.js into default.dbj
AutoBuild: Including build template config/builds/sorceress.meteor.js into tools\autobuildthread.js
AutoBuild: Loaded helper thread
AutoBuild: Including build template config/builds/sorceress.meteor.js into tools\party.js
AutoBuild: Including build template config/builds/sorceress.meteor.js into tools\townchicken.js
AutoBuild: Including build template config/builds/sorceress.meteor.js into tools\toolsthread.js
AutoBuild: Stat points: 15      Skill points: 4
AutoBuild: Level up detected ( 68 --> 69 )
AutoBuild: useSkillPoint(): Fire Ball (47)
AutoBuild: Skill (1/1) Increased Fire Ball (47) by one (level:  10)
AutoBuild: useStatPoint(0): Strength
AutoBuild: Stat (1/5) Increased Strength from 106 to 107
AutoBuild: useStatPoint(0): Strength
AutoBuild: Stat (2/5) Increased Strength from 107 to 108
AutoBuild: useStatPoint(1): Energy
AutoBuild: Stat (3/5) Increased Energy from 169 to 170
AutoBuild: useStatPoint(1): Energy
AutoBuild: Stat (4/5) Increased Energy from 170 to 171
AutoBuild: useStatPoint(3): Vitality
AutoBuild: Stat (5/5) Increased Vitality from 115 to 116
AutoBuild: Updating Config from level 68 to 69
AutoBuild: Incrementing cached character level to 69
AutoBuild: Stat points: 15      Skill points: 4
AutoBuild: Level up detected ( 69 --> 70 )
AutoBuild: useSkillPoint(): Fire Ball (47)
AutoBuild: Skill (1/1) Increased Fire Ball (47) by one (level:  13)
AutoBuild: useStatPoint(0): Strength
AutoBuild: Stat (1/5) Increased Strength from 108 to 109
AutoBuild: useStatPoint(0): Strength
AutoBuild: Stat (2/5) Increased Strength from 109 to 110
AutoBuild: useStatPoint(1): Energy
AutoBuild: Stat (3/5) Increased Energy from 171 to 172
AutoBuild: useStatPoint(1): Energy
AutoBuild: Stat (4/5) Increased Energy from 172 to 173
AutoBuild: useStatPoint(3): Vitality
AutoBuild: Stat (5/5) Increased Vitality from 138 to 139
AutoBuild: Updating Config from level 69 to 70
AutoBuild: Incrementing cached character level to 70
AutoBuild: Including build template config/builds/sorceress.meteor.js into default.dbj
AutoBuild: Including build template config/builds/sorceress.meteor.js into tools\autobuildthread.js
AutoBuild: Loaded helper thread
AutoBuild: Including build template config/builds/sorceress.meteor.js into tools\party.js
AutoBuild: Including build template config/builds/sorceress.meteor.js into tools\townchicken.js
AutoBuild: Including build template config/builds/sorceress.meteor.js into tools\toolsthread.js
AutoBuild: Including build template config/builds/sorceress.meteor.js into default.dbj
AutoBuild: Including build template config/builds/sorceress.meteor.js into tools\autobuildthread.js
AutoBuild: Loaded helper thread
AutoBuild: Including build template config/builds/sorceress.meteor.js into tools\party.js
AutoBuild: Including build template config/builds/sorceress.meteor.js into tools\townchicken.js
AutoBuild: Including build template config/builds/sorceress.meteor.js into tools\toolsthread.js
AutoBuild: Stat points: 15      Skill points: 4
AutoBuild: Level up detected ( 70 --> 71 )
AutoBuild: useSkillPoint(): Fire Ball (47)
AutoBuild: Skill (1/1) Increased Fire Ball (47) by one (level:  15)
AutoBuild: useStatPoint(0): Strength
AutoBuild: Attempt to spend point 1 in Strength may have failed!
AutoBuild: useStatPoint(0): Strength
AutoBuild: Attempt to spend point 2 in Strength may have failed!
AutoBuild: useStatPoint(1): Energy
AutoBuild: Stat (3/5) Increased Energy from 173 to 174
AutoBuild: useStatPoint(1): Energy
AutoBuild: Stat (4/5) Increased Energy from 174 to 175
AutoBuild: useStatPoint(3): Vitality
AutoBuild: Stat (5/5) Increased Vitality from 139 to 140
AutoBuild: Updating Config from level 70 to 71
AutoBuild: Incrementing cached character level to 71
AutoBuild: Including build template config/builds/sorceress.meteor.js into default.dbj
AutoBuild: Including build template config/builds/sorceress.meteor.js into tools\autobuildthread.js
AutoBuild: Loaded helper thread
AutoBuild: Including build template config/builds/sorceress.meteor.js into tools\party.js
AutoBuild: Including build template config/builds/sorceress.meteor.js into tools\townchicken.js
AutoBuild: Including build template config/builds/sorceress.meteor.js into tools\toolsthread.js
AutoBuild: Including build template config/builds/sorceress.meteor.js into default.dbj
AutoBuild: Including build template config/builds/sorceress.meteor.js into tools\autobuildthread.js
AutoBuild: Loaded helper thread
AutoBuild: Including build template config/builds/sorceress.meteor.js into tools\party.js
AutoBuild: Including build template config/builds/sorceress.meteor.js into tools\townchicken.js
AutoBuild: Including build template config/builds/sorceress.meteor.js into tools\toolsthread.js
AutoBuild: Including build template config/builds/sorceress.meteor.js into default.dbj
AutoBuild: Including build template config/builds/sorceress.meteor.js into tools\autobuildthread.js
AutoBuild: Loaded helper thread
AutoBuild: Including build template config/builds/sorceress.meteor.js into tools\party.js
AutoBuild: Including build template config/builds/sorceress.meteor.js into tools\townchicken.js
AutoBuild: Including build template config/builds/sorceress.meteor.js into tools\toolsthread.js
AutoBuild: Including build template config/builds/sorceress.meteor.js into default.dbj
AutoBuild: Including build template config/builds/sorceress.meteor.js into tools\autobuildthread.js
AutoBuild: Loaded helper thread
AutoBuild: Including build template config/builds/sorceress.meteor.js into tools\party.js
AutoBuild: Including build template config/builds/sorceress.meteor.js into tools\townchicken.js
AutoBuild: Including build template config/builds/sorceress.meteor.js into tools\toolsthread.js
AutoBuild: Including build template config/builds/sorceress.meteor.js into default.dbj
AutoBuild: Including build template config/builds/sorceress.meteor.js into tools\autobuildthread.js
AutoBuild: Loaded helper thread
AutoBuild: Including build template config/builds/sorceress.meteor.js into tools\party.js
AutoBuild: Including build template config/builds/sorceress.meteor.js into tools\townchicken.js
AutoBuild: Including build template config/builds/sorceress.meteor.js into tools\toolsthread.js
AutoBuild: Including build template config/builds/sorceress.meteor.js into default.dbj
AutoBuild: Including build template config/builds/sorceress.meteor.js into tools\autobuildthread.js
AutoBuild: Loaded helper thread
AutoBuild: Including build template config/builds/sorceress.meteor.js into tools\party.js
AutoBuild: Including build template config/builds/sorceress.meteor.js into tools\toolsthread.js
AutoBuild: Including build template config/builds/sorceress.meteor.js into tools\townchicken.js
AutoBuild: Stat points: 15      Skill points: 4
AutoBuild: Level up detected ( 71 --> 72 )
AutoBuild: useSkillPoint(): Fire Ball (47)
AutoBuild: Skill (1/1) Increased Fire Ball (47) by one (level:  15)
AutoBuild: useStatPoint(0): Strength
AutoBuild: Stat (1/5) Increased Strength from 112 to 113
AutoBuild: useStatPoint(0): Strength
AutoBuild: Stat (2/5) Increased Strength from 113 to 114
AutoBuild: useStatPoint(1): Energy
AutoBuild: Stat (3/5) Increased Energy from 175 to 176
AutoBuild: useStatPoint(1): Energy
AutoBuild: Stat (4/5) Increased Energy from 176 to 177
AutoBuild: useStatPoint(3): Vitality
AutoBuild: Attempt to spend point 5 in Vitality may have failed!
AutoBuild: Updating Config from level 71 to 72
AutoBuild: Incrementing cached character level to 72
AutoBuild: Including build template config/builds/sorceress.meteor.js into default.dbj
AutoBuild: Including build template config/builds/sorceress.meteor.js into tools\autobuildthread.js
AutoBuild: Loaded helper thread
AutoBuild: Including build template config/builds/sorceress.meteor.js into tools\party.js
AutoBuild: Including build template config/builds/sorceress.meteor.js into tools\townchicken.js
AutoBuild: Including build template config/builds/sorceress.meteor.js into tools\toolsthread.js
AutoBuild: Including build template config/builds/sorceress.meteor.js into default.dbj
AutoBuild: Including build template config/builds/sorceress.meteor.js into tools\autobuildthread.js
AutoBuild: Loaded helper thread
AutoBuild: Including build template config/builds/sorceress.meteor.js into tools\party.js
AutoBuild: Including build template config/builds/sorceress.meteor.js into tools\townchicken.js
AutoBuild: Including build template config/builds/sorceress.meteor.js into tools\toolsthread.js
AutoBuild: Stat points: 15      Skill points: 4
AutoBuild: Level up detected ( 72 --> 73 )
AutoBuild: useSkillPoint(): Fire Ball (47)
AutoBuild: Skill (1/1) Increased Fire Ball (47) by one (level:  16)
AutoBuild: useStatPoint(0): Strength
AutoBuild: Stat (1/5) Increased Strength from 114 to 115
AutoBuild: useStatPoint(0): Strength
AutoBuild: Stat (2/5) Increased Strength from 115 to 116
AutoBuild: useStatPoint(1): Energy
AutoBuild: Stat (3/5) Increased Energy from 177 to 178
AutoBuild: useStatPoint(1): Energy
AutoBuild: Stat (4/5) Increased Energy from 178 to 179
AutoBuild: useStatPoint(3): Vitality
AutoBuild: Stat (5/5) Increased Vitality from 141 to 142
AutoBuild: Updating Config from level 72 to 73
AutoBuild: Incrementing cached character level to 73
AutoBuild: Including build template config/builds/sorceress.meteor.js into default.dbj
AutoBuild: Including build template config/builds/sorceress.meteor.js into tools\autobuildthread.js
AutoBuild: Loaded helper thread
AutoBuild: Including build template config/builds/sorceress.meteor.js into tools\party.js
AutoBuild: Including build template config/builds/sorceress.meteor.js into tools\townchicken.js
AutoBuild: Including build template config/builds/sorceress.meteor.js into tools\toolsthread.js
AutoBuild: Including build template config/builds/sorceress.meteor.js into default.dbj
AutoBuild: Including build template config/builds/sorceress.meteor.js into tools\autobuildthread.js
AutoBuild: Loaded helper thread
AutoBuild: Including build template config/builds/sorceress.meteor.js into tools\party.js
AutoBuild: Including build template config/builds/sorceress.meteor.js into tools\townchicken.js
AutoBuild: Including build template config/builds/sorceress.meteor.js into tools\toolsthread.js
AutoBuild: Including build template config/builds/sorceress.meteor.js into default.dbj
AutoBuild: Including build template config/builds/sorceress.meteor.js into tools\autobuildthread.js
AutoBuild: Loaded helper thread
AutoBuild: Including build template config/builds/sorceress.meteor.js into tools\party.js
AutoBuild: Including build template config/builds/sorceress.meteor.js into tools\townchicken.js
AutoBuild: Including build template config/builds/sorceress.meteor.js into tools\toolsthread.js
AutoBuild: Including build template config/builds/sorceress.meteor.js into default.dbj
AutoBuild: Including build template config/builds/sorceress.meteor.js into tools\autobuildthread.js
AutoBuild: Loaded helper thread
AutoBuild: Including build template config/builds/sorceress.meteor.js into tools\party.js
AutoBuild: Including build template config/builds/sorceress.meteor.js into tools\townchicken.js
AutoBuild: Including build template config/builds/sorceress.meteor.js into tools\toolsthread.js
AutoBuild: Including build template config/builds/sorceress.meteor.js into default.dbj
AutoBuild: Including build template config/builds/sorceress.meteor.js into tools\autobuildthread.js
AutoBuild: Loaded helper thread
AutoBuild: Including build template config/builds/sorceress.meteor.js into tools\party.js
AutoBuild: Including build template config/builds/sorceress.meteor.js into tools\townchicken.js
AutoBuild: Including build template config/builds/sorceress.meteor.js into tools\toolsthread.js
AutoBuild: Including build template config/builds/sorceress.meteor.js into default.dbj
AutoBuild: Including build template config/builds/sorceress.meteor.js into tools\autobuildthread.js
AutoBuild: Loaded helper thread
AutoBuild: Including build template config/builds/sorceress.meteor.js into tools\party.js
AutoBuild: Including build template config/builds/sorceress.meteor.js into tools\townchicken.js
AutoBuild: Including build template config/builds/sorceress.meteor.js into tools\toolsthread.js
AutoBuild: Including build template config/builds/sorceress.meteor.js into default.dbj
AutoBuild: Including build template config/builds/sorceress.meteor.js into tools\autobuildthread.js
AutoBuild: Loaded helper thread
AutoBuild: Including build template config/builds/sorceress.meteor.js into tools\party.js
AutoBuild: Including build template config/builds/sorceress.meteor.js into tools\toolsthread.js
AutoBuild: Including build template config/builds/sorceress.meteor.js into tools\townchicken.js
AutoBuild: Stat points: 15      Skill points: 4
AutoBuild: Level up detected ( 73 --> 74 )
AutoBuild: useSkillPoint(): Fire Ball (47)
AutoBuild: Skill (1/1) Increased Fire Ball (47) by one (level:  18)
AutoBuild: useStatPoint(0): Strength
AutoBuild: Stat (1/5) Increased Strength from 116 to 117
AutoBuild: useStatPoint(0): Strength
AutoBuild: Stat (2/5) Increased Strength from 117 to 118
AutoBuild: useStatPoint(1): Energy
AutoBuild: Stat (3/5) Increased Energy from 179 to 180
AutoBuild: useStatPoint(1): Energy
AutoBuild: Stat (4/5) Increased Energy from 180 to 181
AutoBuild: useStatPoint(3): Vitality
AutoBuild: Stat (5/5) Increased Vitality from 142 to 143
AutoBuild: Updating Config from level 73 to 74
AutoBuild: Incrementing cached character level to 74
AutoBuild: Including build template config/builds/sorceress.meteor.js into default.dbj
AutoBuild: Including build template config/builds/sorceress.meteor.js into tools\autobuildthread.js
AutoBuild: Loaded helper thread
AutoBuild: Including build template config/builds/sorceress.meteor.js into tools\party.js
AutoBuild: Including build template config/builds/sorceress.meteor.js into tools\townchicken.js
AutoBuild: Including build template config/builds/sorceress.meteor.js into tools\toolsthread.js
AutoBuild: Including build template config/builds/sorceress.meteor.js into default.dbj
AutoBuild: Including build template config/builds/sorceress.meteor.js into tools\autobuildthread.js
AutoBuild: Loaded helper thread
AutoBuild: Including build template config/builds/sorceress.meteor.js into tools\party.js
AutoBuild: Including build template config/builds/sorceress.meteor.js into tools\townchicken.js
AutoBuild: Including build template config/builds/sorceress.meteor.js into tools\toolsthread.js
AutoBuild: Including build template config/builds/sorceress.meteor.js into default.dbj
AutoBuild: Including build template config/builds/sorceress.meteor.js into tools\autobuildthread.js
AutoBuild: Loaded helper thread
AutoBuild: Including build template config/builds/sorceress.meteor.js into tools\party.js
AutoBuild: Including build template config/builds/sorceress.meteor.js into tools\townchicken.js
AutoBuild: Including build template config/builds/sorceress.meteor.js into tools\toolsthread.js
AutoBuild: Including build template config/builds/sorceress.meteor.js into default.dbj
AutoBuild: Including build template config/builds/sorceress.meteor.js into tools\autobuildthread.js
AutoBuild: Loaded helper thread
AutoBuild: Including build template config/builds/sorceress.meteor.js into tools\party.js
AutoBuild: Including build template config/builds/sorceress.meteor.js into tools\townchicken.js
AutoBuild: Including build template config/builds/sorceress.meteor.js into tools\toolsthread.js
AutoBuild: Including build template config/builds/sorceress.meteor.js into default.dbj
AutoBuild: Including build template config/builds/sorceress.meteor.js into tools\autobuildthread.js
AutoBuild: Loaded helper thread
AutoBuild: Including build template config/builds/sorceress.meteor.js into tools\party.js
AutoBuild: Including build template config/builds/sorceress.meteor.js into tools\townchicken.js
AutoBuild: Including build template config/builds/sorceress.meteor.js into tools\toolsthread.js
AutoBuild: Including build template config/builds/sorceress.meteor.js into default.dbj
AutoBuild: Including build template config/builds/sorceress.meteor.js into tools\autobuildthread.js
AutoBuild: Loaded helper thread
AutoBuild: Including build template config/builds/sorceress.meteor.js into tools\party.js
AutoBuild: Including build template config/builds/sorceress.meteor.js into tools\townchicken.js
AutoBuild: Including build template config/builds/sorceress.meteor.js into tools\toolsthread.js
AutoBuild: Including build template config/builds/sorceress.meteor.js into default.dbj
AutoBuild: Including build template config/builds/sorceress.meteor.js into tools\autobuildthread.js
AutoBuild: Loaded helper thread
AutoBuild: Including build template config/builds/sorceress.meteor.js into tools\party.js
AutoBuild: Including build template config/builds/sorceress.meteor.js into tools\townchicken.js
AutoBuild: Including build template config/builds/sorceress.meteor.js into tools\toolsthread.js
AutoBuild: Including build template config/builds/sorceress.meteor.js into default.dbj
AutoBuild: Including build template config/builds/sorceress.meteor.js into tools\autobuildthread.js
AutoBuild: Loaded helper thread
AutoBuild: Including build template config/builds/sorceress.meteor.js into tools\party.js
AutoBuild: Including build template config/builds/sorceress.meteor.js into tools\townchicken.js
AutoBuild: Including build template config/builds/sorceress.meteor.js into tools\toolsthread.js
AutoBuild: Including build template config/builds/sorceress.meteor.js into default.dbj
AutoBuild: Including build template config/builds/sorceress.meteor.js into tools\autobuildthread.js
AutoBuild: Loaded helper thread
AutoBuild: Including build template config/builds/sorceress.meteor.js into tools\party.js
AutoBuild: Including build template config/builds/sorceress.meteor.js into tools\toolsthread.js
AutoBuild: Including build template config/builds/sorceress.meteor.js into tools\townchicken.js
AutoBuild: Including build template config/builds/sorceress.meteor.js into default.dbj
AutoBuild: Including build template config/builds/sorceress.meteor.js into tools\autobuildthread.js
AutoBuild: Loaded helper thread
AutoBuild: Including build template config/builds/sorceress.meteor.js into tools\party.js
AutoBuild: Including build template config/builds/sorceress.meteor.js into tools\toolsthread.js
AutoBuild: Including build template config/builds/sorceress.meteor.js into tools\townchicken.js
AutoBuild: Including build template config/builds/sorceress.meteor.js into default.dbj
AutoBuild: Including build template config/builds/sorceress.meteor.js into tools\autobuildthread.js
AutoBuild: Loaded helper thread
AutoBuild: Including build template config/builds/sorceress.meteor.js into tools\party.js
AutoBuild: Including build template config/builds/sorceress.meteor.js into tools\townchicken.js
AutoBuild: Including build template config/builds/sorceress.meteor.js into tools\toolsthread.js
AutoBuild: Stat points: 15      Skill points: 4
AutoBuild: Level up detected ( 74 --> 75 )
AutoBuild: useSkillPoint(): Fire Ball (47)
AutoBuild: Skill (1/1) Increased Fire Ball (47) by one (level:  18)
AutoBuild: useStatPoint(0): Strength
AutoBuild: Stat (1/5) Increased Strength from 118 to 119
AutoBuild: useStatPoint(0): Strength
AutoBuild: Stat (2/5) Increased Strength from 119 to 120
AutoBuild: useStatPoint(1): Energy
AutoBuild: Stat (3/5) Increased Energy from 181 to 182
AutoBuild: useStatPoint(1): Energy
AutoBuild: Stat (4/5) Increased Energy from 182 to 183
AutoBuild: useStatPoint(3): Vitality
AutoBuild: Stat (5/5) Increased Vitality from 143 to 144
AutoBuild: Updating Config from level 74 to 75
AutoBuild: Incrementing cached character level to 75
AutoBuild: Including build template config/builds/sorceress.meteor.js into default.dbj
AutoBuild: Including build template config/builds/sorceress.meteor.js into tools\autobuildthread.js
AutoBuild: Loaded helper thread
AutoBuild: Including build template config/builds/sorceress.meteor.js into tools\party.js
AutoBuild: Including build template config/builds/sorceress.meteor.js into tools\townchicken.js
AutoBuild: Including build template config/builds/sorceress.meteor.js into tools\toolsthread.js
AutoBuild: Including build template config/builds/sorceress.meteor.js into default.dbj
AutoBuild: Including build template config/builds/sorceress.meteor.js into tools\autobuildthread.js
AutoBuild: Loaded helper thread
AutoBuild: Including build template config/builds/sorceress.meteor.js into tools\party.js
AutoBuild: Including build template config/builds/sorceress.meteor.js into tools\townchicken.js
AutoBuild: Including build template config/builds/sorceress.meteor.js into tools\toolsthread.js
AutoBuild: Including build template config/builds/sorceress.meteor.js into default.dbj
AutoBuild: Including build template config/builds/sorceress.meteor.js into tools\autobuildthread.js
AutoBuild: Loaded helper thread
AutoBuild: Including build template config/builds/sorceress.meteor.js into tools\party.js
AutoBuild: Including build template config/builds/sorceress.meteor.js into tools\townchicken.js
AutoBuild: Including build template config/builds/sorceress.meteor.js into tools\toolsthread.js
AutoBuild: Including build template config/builds/sorceress.meteor.js into default.dbj
AutoBuild: Including build template config/builds/sorceress.meteor.js into tools\autobuildthread.js
AutoBuild: Loaded helper thread
AutoBuild: Including build template config/builds/sorceress.meteor.js into tools\party.js
AutoBuild: Including build template config/builds/sorceress.meteor.js into tools\townchicken.js
AutoBuild: Including build template config/builds/sorceress.meteor.js into tools\toolsthread.js
AutoBuild: Including build template config/builds/sorceress.meteor.js into default.dbj
AutoBuild: Including build template config/builds/sorceress.meteor.js into tools\autobuildthread.js
AutoBuild: Loaded helper thread
AutoBuild: Including build template config/builds/sorceress.meteor.js into tools\party.js
AutoBuild: Including build template config/builds/sorceress.meteor.js into tools\townchicken.js
AutoBuild: Including build template config/builds/sorceress.meteor.js into tools\toolsthread.js
AutoBuild: Including build template config/builds/sorceress.meteor.js into default.dbj
AutoBuild: Including build template config/builds/sorceress.meteor.js into tools\autobuildthread.js
AutoBuild: Loaded helper thread
AutoBuild: Including build template config/builds/sorceress.meteor.js into tools\party.js
AutoBuild: Including build template config/builds/sorceress.meteor.js into tools\toolsthread.js
AutoBuild: Including build template config/builds/sorceress.meteor.js into tools\townchicken.js
AutoBuild: Including build template config/builds/sorceress.meteor.js into default.dbj
AutoBuild: Including build template config/builds/sorceress.meteor.js into tools\autobuildthread.js
AutoBuild: Loaded helper thread
AutoBuild: Including build template config/builds/sorceress.meteor.js into tools\party.js
AutoBuild: Including build template config/builds/sorceress.meteor.js into tools\townchicken.js
AutoBuild: Including build template config/builds/sorceress.meteor.js into tools\toolsthread.js
AutoBuild: Including build template config/builds/sorceress.meteor.js into default.dbj
AutoBuild: Including build template config/builds/sorceress.meteor.js into tools\autobuildthread.js
AutoBuild: Loaded helper thread
AutoBuild: Including build template config/builds/sorceress.meteor.js into tools\party.js
AutoBuild: Including build template config/builds/sorceress.meteor.js into tools\townchicken.js
AutoBuild: Including build template config/builds/sorceress.meteor.js into tools\toolsthread.js
AutoBuild: Including build template config/builds/sorceress.meteor.js into default.dbj
AutoBuild: Including build template config/builds/sorceress.meteor.js into tools\autobuildthread.js
AutoBuild: Loaded helper thread
AutoBuild: Including build template config/builds/sorceress.meteor.js into tools\party.js
AutoBuild: Including build template config/builds/sorceress.meteor.js into tools\townchicken.js
AutoBuild: Including build template config/builds/sorceress.meteor.js into tools\toolsthread.js
AutoBuild: Including build template config/builds/sorceress.meteor.js into default.dbj
AutoBuild: Including build template config/builds/sorceress.meteor.js into tools\autobuildthread.js
AutoBuild: Loaded helper thread
AutoBuild: Including build template config/builds/sorceress.meteor.js into tools\party.js
AutoBuild: Including build template config/builds/sorceress.meteor.js into tools\townchicken.js
AutoBuild: Including build template config/builds/sorceress.meteor.js into tools\toolsthread.js
AutoBuild: Including build template config/builds/sorceress.meteor.js into default.dbj
AutoBuild: Including build template config/builds/sorceress.meteor.js into tools\autobuildthread.js
AutoBuild: Loaded helper thread
AutoBuild: Including build template config/builds/sorceress.meteor.js into tools\party.js
AutoBuild: Including build template config/builds/sorceress.meteor.js into tools\townchicken.js
AutoBuild: Including build template config/builds/sorceress.meteor.js into tools\toolsthread.js
AutoBuild: Including build template config/builds/sorceress.meteor.js into default.dbj
AutoBuild: Including build template config/builds/sorceress.meteor.js into tools\autobuildthread.js
AutoBuild: Loaded helper thread
AutoBuild: Including build template config/builds/sorceress.meteor.js into tools\party.js
AutoBuild: Including build template config/builds/sorceress.meteor.js into tools\townchicken.js
AutoBuild: Including build template config/builds/sorceress.meteor.js into tools\toolsthread.js
AutoBuild: Including build template config/builds/sorceress.meteor.js into default.dbj
AutoBuild: Including build template config/builds/sorceress.meteor.js into tools\autobuildthread.js
AutoBuild: Loaded helper thread
AutoBuild: Including build template config/builds/sorceress.meteor.js into tools\party.js
AutoBuild: Including build template config/builds/sorceress.meteor.js into tools\townchicken.js
AutoBuild: Including build template config/builds/sorceress.meteor.js into tools\toolsthread.js
AutoBuild: Including build template config/builds/sorceress.meteor.js into default.dbj
AutoBuild: Including build template config/builds/sorceress.meteor.js into tools\autobuildthread.js
AutoBuild: Loaded helper thread
AutoBuild: Including build template config/builds/sorceress.meteor.js into tools\party.js
AutoBuild: Including build template config/builds/sorceress.meteor.js into tools\townchicken.js
AutoBuild: Including build template config/builds/sorceress.meteor.js into tools\toolsthread.js
AutoBuild: Including build template config/builds/sorceress.meteor.js into default.dbj
AutoBuild: Including build template config/builds/sorceress.meteor.js into tools\autobuildthread.js
AutoBuild: Loaded helper thread
AutoBuild: Including build template config/builds/sorceress.meteor.js into tools\party.js
AutoBuild: Including build template config/builds/sorceress.meteor.js into tools\toolsthread.js
AutoBuild: Including build template config/builds/sorceress.meteor.js into tools\townchicken.js
AutoBuild: Including build template config/builds/sorceress.meteor.js into default.dbj
AutoBuild: Including build template config/builds/sorceress.meteor.js into tools\autobuildthread.js
AutoBuild: Loaded helper thread
AutoBuild: Including build template config/builds/sorceress.meteor.js into tools\party.js
AutoBuild: Including build template config/builds/sorceress.meteor.js into tools\toolsthread.js
AutoBuild: Including build template config/builds/sorceress.meteor.js into tools\townchicken.js
AutoBuild: Including build template config/builds/sorceress.meteor.js into default.dbj
AutoBuild: Including build template config/builds/sorceress.meteor.js into tools\autobuildthread.js
AutoBuild: Loaded helper thread
AutoBuild: Including build template config/builds/sorceress.meteor.js into tools\party.js
AutoBuild: Including build template config/builds/sorceress.meteor.js into tools\townchicken.js
AutoBuild: Including build template config/builds/sorceress.meteor.js into tools\toolsthread.js
AutoBuild: Including build template config/builds/sorceress.meteor.js into default.dbj
AutoBuild: Including build template config/builds/sorceress.meteor.js into tools\autobuildthread.js
AutoBuild: Loaded helper thread
AutoBuild: Including build template config/builds/sorceress.meteor.js into tools\party.js
AutoBuild: Including build template config/builds/sorceress.meteor.js into tools\townchicken.js
AutoBuild: Including build template config/builds/sorceress.meteor.js into tools\toolsthread.js
AutoBuild: Including build template config/builds/sorceress.meteor.js into default.dbj
AutoBuild: Including build template config/builds/sorceress.meteor.js into tools\autobuildthread.js
AutoBuild: Loaded helper thread
AutoBuild: Including build template config/builds/sorceress.meteor.js into tools\party.js
AutoBuild: Including build template config/builds/sorceress.meteor.js into tools\townchicken.js
AutoBuild: Including build template config/builds/sorceress.meteor.js into tools\toolsthread.js
AutoBuild: Including build template config/builds/sorceress.meteor.js into default.dbj
AutoBuild: Including build template config/builds/sorceress.meteor.js into tools\autobuildthread.js
AutoBuild: Loaded helper thread
AutoBuild: Including build template config/builds/sorceress.meteor.js into tools\party.js
AutoBuild: Including build template config/builds/sorceress.meteor.js into tools\townchicken.js
AutoBuild: Including build template config/builds/sorceress.meteor.js into tools\toolsthread.js
AutoBuild: Including build template config/builds/sorceress.meteor.js into default.dbj
AutoBuild: Including build template config/builds/sorceress.meteor.js into tools\autobuildthread.js
AutoBuild: Loaded helper thread
AutoBuild: Including build template config/builds/sorceress.meteor.js into tools\party.js
AutoBuild: Including build template config/builds/sorceress.meteor.js into tools\townchicken.js
AutoBuild: Including build template config/builds/sorceress.meteor.js into tools\toolsthread.js
AutoBuild: Including build template config/builds/sorceress.meteor.js into default.dbj
AutoBuild: Including build template config/builds/sorceress.meteor.js into tools\autobuildthread.js
AutoBuild: Loaded helper thread
AutoBuild: Including build template config/builds/sorceress.meteor.js into tools\party.js
AutoBuild: Including build template config/builds/sorceress.meteor.js into tools\townchicken.js
AutoBuild: Including build template config/builds/sorceress.meteor.js into tools\toolsthread.js
AutoBuild: Including build template config/builds/sorceress.meteor.js into default.dbj
AutoBuild: Including build template config/builds/sorceress.meteor.js into tools\autobuildthread.js
AutoBuild: Loaded helper thread
AutoBuild: Including build template config/builds/sorceress.meteor.js into tools\party.js
AutoBuild: Including build template config/builds/sorceress.meteor.js into tools\townchicken.js
AutoBuild: Including build template config/builds/sorceress.meteor.js into tools\toolsthread.js
AutoBuild: Stat points: 15      Skill points: 5
AutoBuild: Level up detected ( 75 --> 76 )
AutoBuild: useSkillPoint(): Fire Ball (47)
AutoBuild: Skill (1/1) Increased Fire Ball (47) by one (level:  20)
AutoBuild: useStatPoint(0): Strength
AutoBuild: Stat (1/5) Increased Strength from 120 to 121
AutoBuild: useStatPoint(0): Strength
AutoBuild: Stat (2/5) Increased Strength from 121 to 122
AutoBuild: useStatPoint(1): Energy
AutoBuild: Stat (3/5) Increased Energy from 193 to 194
AutoBuild: useStatPoint(1): Energy
AutoBuild: Stat (4/5) Increased Energy from 194 to 195
AutoBuild: useStatPoint(3): Vitality
AutoBuild: Stat (5/5) Increased Vitality from 144 to 145
AutoBuild: Updating Config from level 75 to 76
AutoBuild: Incrementing cached character level to 76
AutoBuild: Including build template config/builds/sorceress.meteor.js into default.dbj
AutoBuild: Including build template config/builds/sorceress.meteor.js into tools\autobuildthread.js
AutoBuild: Loaded helper thread
AutoBuild: Including build template config/builds/sorceress.meteor.js into tools\party.js
AutoBuild: Including build template config/builds/sorceress.meteor.js into tools\townchicken.js
AutoBuild: Including build template config/builds/sorceress.meteor.js into tools\toolsthread.js
AutoBuild: Including build template config/builds/sorceress.meteor.js into default.dbj
AutoBuild: Including build template config/builds/sorceress.meteor.js into tools\autobuildthread.js
AutoBuild: Loaded helper thread
AutoBuild: Including build template config/builds/sorceress.meteor.js into tools\party.js
AutoBuild: Including build template config/builds/sorceress.meteor.js into tools\townchicken.js
AutoBuild: Including build template config/builds/sorceress.meteor.js into tools\toolsthread.js
