AutoBuild: Including build template config/builds/sorceress.blizzard.js into default.dbj
AutoBuild: Including build template config/builds/sorceress.blizzard.js into tools\autobuildthread.js
AutoBuild: Loaded helper thread
AutoBuild: Including build template config/builds/sorceress.blizzard.js into tools\party.js
AutoBuild: Including build template config/builds/sorceress.blizzard.js into tools\toolsthread.js
AutoBuild: Including build template config/builds/sorceress.blizzard.js into tools\townchicken.js
AutoBuild: Including build template config/builds/sorceress.blizzard.js into default.dbj
AutoBuild: Including build template config/builds/sorceress.blizzard.js into tools\autobuildthread.js
AutoBuild: Loaded helper thread
AutoBuild: Including build template config/builds/sorceress.blizzard.js into tools\party.js
AutoBuild: Including build template config/builds/sorceress.blizzard.js into tools\townchicken.js
AutoBuild: Including build template config/builds/sorceress.blizzard.js into tools\toolsthread.js
AutoBuild: Stat points: 15      Skill points: 8
AutoBuild: Level up detected ( 60 --> 61 )
AutoBuild: useSkillPoint(): Cold Mastery (65)
AutoBuild: Skill (1/1) Increased Cold Mastery (65) by one (level:  20)
AutoBuild: useStatPoint(0): Strength
AutoBuild: Stat (1/5) Increased Strength from 69 to 70
AutoBuild: useStatPoint(1): Energy
AutoBuild: Stat (2/5) Increased Energy from 153 to 154
AutoBuild: useStatPoint(1): Energy
AutoBuild: Stat (3/5) Increased Energy from 154 to 155
AutoBuild: useStatPoint(3): Vitality
AutoBuild: Stat (4/5) Increased Vitality from 128 to 129
AutoBuild: useStatPoint(3): Vitality
AutoBuild: Stat (5/5) Increased Vitality from 129 to 130
AutoBuild: Updating Config from level 60 to 61
AutoBuild: Incrementing cached character level to 61
AutoBuild: Stat points: 15      Skill points: 8
AutoBuild: Level up detected ( 61 --> 62 )
AutoBuild: useSkillPoint(): Cold Mastery (65)
AutoBuild: Skill (1/1) Increased Cold Mastery (65) by one (level:  21)
AutoBuild: useStatPoint(0): Strength
AutoBuild: Stat (1/5) Increased Strength from 70 to 71
AutoBuild: useStatPoint(1): Energy
AutoBuild: Stat (2/5) Increased Energy from 155 to 156
AutoBuild: useStatPoint(1): Energy
AutoBuild: Stat (3/5) Increased Energy from 156 to 157
AutoBuild: useStatPoint(3): Vitality
AutoBuild: Stat (4/5) Increased Vitality from 130 to 131
AutoBuild: useStatPoint(3): Vitality
AutoBuild: Stat (5/5) Increased Vitality from 131 to 132
AutoBuild: Updating Config from level 61 to 62
AutoBuild: Incrementing cached character level to 62
