AutoBuild: Including build template config/builds/sorceress.cold.js into default.dbj
AutoBuild: Including build template config/builds/sorceress.cold.js into tools\autobuildthread.js
AutoBuild: Loaded helper thread
AutoBuild: Including build template config/builds/sorceress.cold.js into tools\party.js
AutoBuild: Including build template config/builds/sorceress.cold.js into tools\toolsthread.js
AutoBuild: Including build template config/builds/sorceress.cold.js into tools\townchicken.js
AutoBuild: Stat points: 5      Skill points: 1
AutoBuild: Level up detected ( 1 --> 2 )
AutoBuild: useSkillPoint(): Warmth (37)
AutoBuild: Skill (1/1) Increased Warmth (37) by one (level:  1)
AutoBuild: useStatPoint(0): Strength
AutoBuild: Stat (1/5) Increased Strength from 10 to 11
AutoBuild: useStatPoint(1): Energy
AutoBuild: Stat (2/5) Increased Energy from 35 to 36
AutoBuild: useStatPoint(1): Energy
AutoBuild: Stat (3/5) Increased Energy from 36 to 37
AutoBuild: useStatPoint(3): Vitality
AutoBuild: Stat (4/5) Increased Vitality from 10 to 11
AutoBuild: useStatPoint(3): Vitality
AutoBuild: Stat (5/5) Increased Vitality from 11 to 12
AutoBuild: Updating Config from level 1 to 2
AutoBuild: Incrementing cached character level to 2
AutoBuild: Stat points: 5      Skill points: 1
AutoBuild: Level up detected ( 2 --> 3 )
AutoBuild: useSkillPoint(): Frozen Armor (40)
AutoBuild: Skill (1/1) Increased Frozen Armor (40) by one (level:  1)
AutoBuild: useStatPoint(0): Strength
AutoBuild: Stat (1/5) Increased Strength from 11 to 12
AutoBuild: useStatPoint(1): Energy
AutoBuild: Stat (2/5) Increased Energy from 37 to 38
AutoBuild: useStatPoint(1): Energy
AutoBuild: Stat (3/5) Increased Energy from 38 to 39
AutoBuild: useStatPoint(3): Vitality
AutoBuild: Stat (4/5) Increased Vitality from 12 to 13
AutoBuild: useStatPoint(3): Vitality
AutoBuild: Stat (5/5) Increased Vitality from 13 to 14
AutoBuild: Updating Config from level 2 to 3
AutoBuild: Incrementing cached character level to 3
AutoBuild: Stat points: 5      Skill points: 1
AutoBuild: Level up detected ( 3 --> 4 )
AutoBuild: useSkillPoint(): Ice Bolt (39)
AutoBuild: Skill (1/1) Increased Ice Bolt (39) by one (level:  1)
AutoBuild: useStatPoint(0): Strength
AutoBuild: Stat (1/5) Increased Strength from 12 to 13
AutoBuild: useStatPoint(1): Energy
AutoBuild: Stat (2/5) Increased Energy from 39 to 40
AutoBuild: useStatPoint(1): Energy
AutoBuild: Stat (3/5) Increased Energy from 40 to 41
AutoBuild: useStatPoint(3): Vitality
AutoBuild: Stat (4/5) Increased Vitality from 14 to 15
AutoBuild: useStatPoint(3): Vitality
AutoBuild: Stat (5/5) Increased Vitality from 15 to 16
AutoBuild: Updating Config from level 3 to 4
AutoBuild: Incrementing cached character level to 4
AutoBuild: Stat points: 5      Skill points: 1
AutoBuild: Level up detected ( 4 --> 5 )
AutoBuild: useSkillPoint(): Charged Bolt (38)
AutoBuild: Skill (1/1) Increased Charged Bolt (38) by one (level:  1)
AutoBuild: useStatPoint(0): Strength
AutoBuild: Stat (1/5) Increased Strength from 13 to 14
AutoBuild: useStatPoint(1): Energy
AutoBuild: Attempt to spend point 2 in Energy may have failed!
AutoBuild: useStatPoint(1): Energy
AutoBuild: Stat (3/5) Increased Energy from 42 to 43
AutoBuild: useStatPoint(3): Vitality
AutoBuild: Stat (4/5) Increased Vitality from 16 to 17
AutoBuild: useStatPoint(3): Vitality
AutoBuild: Stat (5/5) Increased Vitality from 17 to 18
AutoBuild: Updating Config from level 4 to 5
AutoBuild: Incrementing cached character level to 5
AutoBuild: Including build template config/builds/sorceress.cold.js into default.dbj
AutoBuild: Including build template config/builds/sorceress.cold.js into tools\autobuildthread.js
AutoBuild: Loaded helper thread
AutoBuild: Including build template config/builds/sorceress.cold.js into tools\party.js
AutoBuild: Including build template config/builds/sorceress.cold.js into tools\townchicken.js
AutoBuild: Including build template config/builds/sorceress.cold.js into tools\toolsthread.js
AutoBuild: Stat points: 5      Skill points: 1
AutoBuild: Level up detected ( 5 --> 6 )
AutoBuild: useSkillPoint(): Static Field (42)
AutoBuild: Skill (1/1) Increased Static Field (42) by one (level:  1)
AutoBuild: useStatPoint(0): Strength
AutoBuild: Stat (1/5) Increased Strength from 14 to 15
AutoBuild: useStatPoint(1): Energy
AutoBuild: Stat (2/5) Increased Energy from 43 to 44
AutoBuild: useStatPoint(1): Energy
AutoBuild: Stat (3/5) Increased Energy from 44 to 45
AutoBuild: useStatPoint(3): Vitality
AutoBuild: Stat (4/5) Increased Vitality from 18 to 19
AutoBuild: useStatPoint(3): Vitality
AutoBuild: Stat (5/5) Increased Vitality from 19 to 20
AutoBuild: Updating Config from level 5 to 6
AutoBuild: Incrementing cached character level to 6
