AutoBuild: Including build template config/builds/barbarian.singer.js into default.dbj
AutoBuild: Including build template config/builds/barbarian.singer.js into tools\autobuildthread.js
AutoBuild: Loaded helper thread
AutoBuild: Including build template config/builds/barbarian.singer.js into tools\party.js
AutoBuild: Including build template config/builds/barbarian.singer.js into tools\toolsthread.js
AutoBuild: Including build template config/builds/barbarian.singer.js into default.dbj
AutoBuild: Including build template config/builds/barbarian.singer.js into tools\autobuildthread.js
AutoBuild: Loaded helper thread
AutoBuild: Including build template config/builds/barbarian.singer.js into tools\party.js
AutoBuild: Including build template config/builds/barbarian.singer.js into tools\toolsthread.js
AutoBuild: Including build template config/builds/barbarian.singer.js into default.dbj
AutoBuild: Including build template config/builds/barbarian.singer.js into tools\autobuildthread.js
AutoBuild: Loaded helper thread
AutoBuild: Including build template config/builds/barbarian.singer.js into tools\party.js
AutoBuild: Including build template config/builds/barbarian.singer.js into tools\toolsthread.js
AutoBuild: Including build template config/builds/barbarian.singer.js into default.dbj
AutoBuild: Including build template config/builds/barbarian.singer.js into tools\autobuildthread.js
AutoBuild: Loaded helper thread
AutoBuild: Including build template config/builds/barbarian.singer.js into tools\party.js
AutoBuild: Including build template config/builds/barbarian.singer.js into tools\toolsthread.js
AutoBuild: Including build template config/builds/barbarian.singer.js into default.dbj
AutoBuild: Including build template config/builds/barbarian.singer.js into tools\autobuildthread.js
AutoBuild: Loaded helper thread
AutoBuild: Including build template config/builds/barbarian.singer.js into tools\party.js
AutoBuild: Including build template config/builds/barbarian.singer.js into tools\toolsthread.js
AutoBuild: Including build template config/builds/barbarian.singer.js into default.dbj
AutoBuild: Including build template config/builds/barbarian.singer.js into tools\autobuildthread.js
AutoBuild: Loaded helper thread
AutoBuild: Including build template config/builds/barbarian.singer.js into tools\party.js
AutoBuild: Including build template config/builds/barbarian.singer.js into tools\toolsthread.js
AutoBuild: Including build template config/builds/barbarian.singer.js into default.dbj
AutoBuild: Including build template config/builds/barbarian.singer.js into tools\autobuildthread.js
AutoBuild: Loaded helper thread
AutoBuild: Including build template config/builds/barbarian.singer.js into tools\party.js
AutoBuild: Including build template config/builds/barbarian.singer.js into tools\toolsthread.js
AutoBuild: Including build template config/builds/barbarian.singer.js into default.dbj
AutoBuild: Including build template config/builds/barbarian.singer.js into tools\autobuildthread.js
AutoBuild: Loaded helper thread
AutoBuild: Including build template config/builds/barbarian.singer.js into tools\party.js
AutoBuild: Including build template config/builds/barbarian.singer.js into tools\toolsthread.js
AutoBuild: Stat points: 5      Skill points: 1
AutoBuild: Level up detected ( 86 --> 87 )
AutoBuild: useSkillPoint(): Battle Cry (146)
AutoBuild: Skill (1/1) Increased Battle Cry (146) by one (level:  18)
AutoBuild: useStatPoint(0): Strength
AutoBuild: Stat (1/5) Increased Strength from 117 to 118
AutoBuild: useStatPoint(3): Vitality
AutoBuild: Stat (2/5) Increased Vitality from 377 to 378
AutoBuild: useStatPoint(3): Vitality
AutoBuild: Stat (3/5) Increased Vitality from 378 to 379
AutoBuild: useStatPoint(3): Vitality
AutoBuild: Stat (4/5) Increased Vitality from 379 to 380
AutoBuild: useStatPoint(3): Vitality
AutoBuild: Stat (5/5) Increased Vitality from 380 to 381
AutoBuild: Updating Config from level 86 to 87
AutoBuild: Incrementing cached character level to 87
AutoBuild: Including build template config/builds/barbarian.singer.js into default.dbj
AutoBuild: Including build template config/builds/barbarian.singer.js into tools\autobuildthread.js
AutoBuild: Loaded helper thread
AutoBuild: Including build template config/builds/barbarian.singer.js into tools\party.js
AutoBuild: Including build template config/builds/barbarian.singer.js into tools\toolsthread.js
AutoBuild: Including build template config/builds/barbarian.singer.js into default.dbj
AutoBuild: Including build template config/builds/barbarian.singer.js into tools\autobuildthread.js
AutoBuild: Loaded helper thread
AutoBuild: Including build template config/builds/barbarian.singer.js into tools\party.js
AutoBuild: Including build template config/builds/barbarian.singer.js into tools\toolsthread.js
AutoBuild: Including build template config/builds/barbarian.singer.js into default.dbj
AutoBuild: Including build template config/builds/barbarian.singer.js into tools\autobuildthread.js
AutoBuild: Loaded helper thread
AutoBuild: Including build template config/builds/barbarian.singer.js into tools\party.js
AutoBuild: Including build template config/builds/barbarian.singer.js into tools\toolsthread.js
AutoBuild: Including build template config/builds/barbarian.singer.js into default.dbj
AutoBuild: Including build template config/builds/barbarian.singer.js into tools\autobuildthread.js
AutoBuild: Loaded helper thread
AutoBuild: Including build template config/builds/barbarian.singer.js into tools\party.js
AutoBuild: Including build template config/builds/barbarian.singer.js into tools\toolsthread.js
AutoBuild: Including build template config/builds/barbarian.singer.js into default.dbj
AutoBuild: Including build template config/builds/barbarian.singer.js into tools\autobuildthread.js
AutoBuild: Loaded helper thread
AutoBuild: Including build template config/builds/barbarian.singer.js into tools\party.js
AutoBuild: Including build template config/builds/barbarian.singer.js into tools\toolsthread.js
AutoBuild: Including build template config/builds/barbarian.singer.js into default.dbj
AutoBuild: Including build template config/builds/barbarian.singer.js into tools\autobuildthread.js
AutoBuild: Loaded helper thread
AutoBuild: Including build template config/builds/barbarian.singer.js into tools\party.js
AutoBuild: Including build template config/builds/barbarian.singer.js into tools\toolsthread.js
AutoBuild: Including build template config/builds/barbarian.singer.js into default.dbj
AutoBuild: Including build template config/builds/barbarian.singer.js into tools\autobuildthread.js
AutoBuild: Loaded helper thread
AutoBuild: Including build template config/builds/barbarian.singer.js into tools\party.js
AutoBuild: Including build template config/builds/barbarian.singer.js into tools\toolsthread.js
AutoBuild: Including build template config/builds/barbarian.singer.js into default.dbj
AutoBuild: Including build template config/builds/barbarian.singer.js into tools\autobuildthread.js
AutoBuild: Loaded helper thread
AutoBuild: Including build template config/builds/barbarian.singer.js into tools\party.js
AutoBuild: Including build template config/builds/barbarian.singer.js into tools\toolsthread.js
AutoBuild: Including build template config/builds/barbarian.singer.js into default.dbj
AutoBuild: Including build template config/builds/barbarian.singer.js into tools\autobuildthread.js
AutoBuild: Loaded helper thread
AutoBuild: Including build template config/builds/barbarian.singer.js into tools\party.js
AutoBuild: Including build template config/builds/barbarian.singer.js into tools\toolsthread.js
AutoBuild: Including build template config/builds/barbarian.singer.js into default.dbj
AutoBuild: Including build template config/builds/barbarian.singer.js into tools\autobuildthread.js
AutoBuild: Loaded helper thread
AutoBuild: Including build template config/builds/barbarian.singer.js into tools\party.js
AutoBuild: Including build template config/builds/barbarian.singer.js into tools\toolsthread.js
AutoBuild: Including build template config/builds/barbarian.singer.js into default.dbj
AutoBuild: Including build template config/builds/barbarian.singer.js into tools\autobuildthread.js
AutoBuild: Loaded helper thread
AutoBuild: Including build template config/builds/barbarian.singer.js into tools\party.js
AutoBuild: Including build template config/builds/barbarian.singer.js into tools\toolsthread.js
AutoBuild: Including build template config/builds/barbarian.singer.js into default.dbj
AutoBuild: Including build template config/builds/barbarian.singer.js into tools\autobuildthread.js
AutoBuild: Loaded helper thread
AutoBuild: Including build template config/builds/barbarian.singer.js into tools\party.js
AutoBuild: Including build template config/builds/barbarian.singer.js into tools\toolsthread.js
AutoBuild: Including build template config/builds/barbarian.singer.js into default.dbj
AutoBuild: Including build template config/builds/barbarian.singer.js into tools\autobuildthread.js
AutoBuild: Loaded helper thread
AutoBuild: Including build template config/builds/barbarian.singer.js into tools\party.js
AutoBuild: Including build template config/builds/barbarian.singer.js into tools\toolsthread.js
AutoBuild: Including build template config/builds/barbarian.singer.js into default.dbj
AutoBuild: Including build template config/builds/barbarian.singer.js into tools\autobuildthread.js
AutoBuild: Loaded helper thread
AutoBuild: Including build template config/builds/barbarian.singer.js into tools\party.js
AutoBuild: Including build template config/builds/barbarian.singer.js into tools\toolsthread.js
AutoBuild: Including build template config/builds/barbarian.singer.js into default.dbj
AutoBuild: Including build template config/builds/barbarian.singer.js into tools\autobuildthread.js
AutoBuild: Loaded helper thread
AutoBuild: Including build template config/builds/barbarian.singer.js into tools\party.js
AutoBuild: Including build template config/builds/barbarian.singer.js into tools\toolsthread.js
AutoBuild: Including build template config/builds/barbarian.singer.js into default.dbj
AutoBuild: Including build template config/builds/barbarian.singer.js into tools\autobuildthread.js
AutoBuild: Loaded helper thread
AutoBuild: Including build template config/builds/barbarian.singer.js into tools\party.js
AutoBuild: Including build template config/builds/barbarian.singer.js into tools\toolsthread.js
AutoBuild: Including build template config/builds/barbarian.singer.js into default.dbj
AutoBuild: Including build template config/builds/barbarian.singer.js into tools\autobuildthread.js
AutoBuild: Loaded helper thread
AutoBuild: Including build template config/builds/barbarian.singer.js into tools\party.js
AutoBuild: Including build template config/builds/barbarian.singer.js into tools\toolsthread.js
AutoBuild: Including build template config/builds/barbarian.singer.js into default.dbj
AutoBuild: Including build template config/builds/barbarian.singer.js into tools\autobuildthread.js
AutoBuild: Loaded helper thread
AutoBuild: Including build template config/builds/barbarian.singer.js into tools\party.js
AutoBuild: Including build template config/builds/barbarian.singer.js into tools\toolsthread.js
AutoBuild: Including build template config/builds/barbarian.singer.js into default.dbj
AutoBuild: Including build template config/builds/barbarian.singer.js into tools\autobuildthread.js
AutoBuild: Loaded helper thread
AutoBuild: Including build template config/builds/barbarian.singer.js into tools\party.js
AutoBuild: Including build template config/builds/barbarian.singer.js into tools\toolsthread.js
AutoBuild: Including build template config/builds/barbarian.singer.js into default.dbj
AutoBuild: Including build template config/builds/barbarian.singer.js into tools\toolsthread.js
AutoBuild: Including build template config/builds/barbarian.singer.js into tools\party.js
AutoBuild: Including build template config/builds/barbarian.singer.js into default.dbj
AutoBuild: Including build template config/builds/barbarian.singer.js into tools\toolsthread.js
AutoBuild: Including build template config/builds/barbarian.singer.js into tools\party.js
AutoBuild: Including build template config/builds/barbarian.singer.js into default.dbj
AutoBuild: Including build template config/builds/barbarian.singer.js into tools\autobuildthread.js
AutoBuild: Loaded helper thread
AutoBuild: Including build template config/builds/barbarian.singer.js into tools\party.js
AutoBuild: Including build template config/builds/barbarian.singer.js into tools\toolsthread.js
AutoBuild: Including build template config/builds/barbarian.singer.js into default.dbj
AutoBuild: Including build template config/builds/barbarian.singer.js into tools\autobuildthread.js
AutoBuild: Loaded helper thread
AutoBuild: Including build template config/builds/barbarian.singer.js into tools\party.js
AutoBuild: Including build template config/builds/barbarian.singer.js into tools\toolsthread.js
AutoBuild: Including build template config/builds/barbarian.singer.js into default.dbj
AutoBuild: Including build template config/builds/barbarian.singer.js into tools\party.js
AutoBuild: Including build template config/builds/barbarian.singer.js into tools\toolsthread.js
AutoBuild: Including build template config/builds/barbarian.singer.js into default.dbj
AutoBuild: Including build template config/builds/barbarian.singer.js into tools\party.js
AutoBuild: Including build template config/builds/barbarian.singer.js into tools\toolsthread.js
AutoBuild: Including build template config/builds/barbarian.singer.js into default.dbj
AutoBuild: Including build template config/builds/barbarian.singer.js into tools\autobuildthread.js
AutoBuild: Loaded helper thread
AutoBuild: Including build template config/builds/barbarian.singer.js into tools\party.js
AutoBuild: Including build template config/builds/barbarian.singer.js into tools\toolsthread.js
