AutoBuild: Including build template config/builds/druid.tornado.js into default.dbj
AutoBuild: Including build template config/builds/druid.tornado.js into tools\autobuildthread.js
AutoBuild: Loaded helper thread
AutoBuild: Including build template config/builds/druid.tornado.js into tools\party.js
AutoBuild: Including build template config/builds/druid.tornado.js into tools\toolsthread.js
AutoBuild: Including build template config/builds/druid.tornado.js into default.dbj
AutoBuild: Including build template config/builds/druid.tornado.js into tools\autobuildthread.js
AutoBuild: Loaded helper thread
AutoBuild: Including build template config/builds/druid.tornado.js into tools\party.js
AutoBuild: Including build template config/builds/druid.tornado.js into tools\toolsthread.js
AutoBuild: Including build template config/builds/druid.tornado.js into default.dbj
AutoBuild: Including build template config/builds/druid.tornado.js into tools\autobuildthread.js
AutoBuild: Loaded helper thread
AutoBuild: Including build template config/builds/druid.tornado.js into tools\party.js
AutoBuild: Including build template config/builds/druid.tornado.js into tools\toolsthread.js
AutoBuild: Including build template config/builds/druid.tornado.js into default.dbj
AutoBuild: Including build template config/builds/druid.tornado.js into tools\autobuildthread.js
AutoBuild: Loaded helper thread
AutoBuild: Including build template config/builds/druid.tornado.js into tools\party.js
AutoBuild: Including build template config/builds/druid.tornado.js into tools\toolsthread.js
AutoBuild: Including build template config/builds/druid.tornado.js into default.dbj
AutoBuild: Including build template config/builds/druid.tornado.js into tools\autobuildthread.js
AutoBuild: Loaded helper thread
AutoBuild: Including build template config/builds/druid.tornado.js into tools\party.js
AutoBuild: Including build template config/builds/druid.tornado.js into tools\toolsthread.js
AutoBuild: Including build template config/builds/druid.tornado.js into default.dbj
AutoBuild: Including build template config/builds/druid.tornado.js into tools\autobuildthread.js
AutoBuild: Loaded helper thread
AutoBuild: Including build template config/builds/druid.tornado.js into tools\party.js
AutoBuild: Including build template config/builds/druid.tornado.js into tools\toolsthread.js
AutoBuild: Including build template config/builds/druid.tornado.js into default.dbj
AutoBuild: Including build template config/builds/druid.tornado.js into tools\autobuildthread.js
AutoBuild: Loaded helper thread
AutoBuild: Including build template config/builds/druid.tornado.js into tools\party.js
AutoBuild: Including build template config/builds/druid.tornado.js into tools\toolsthread.js
AutoBuild: Including build template config/builds/druid.tornado.js into default.dbj
AutoBuild: Including build template config/builds/druid.tornado.js into tools\autobuildthread.js
AutoBuild: Loaded helper thread
AutoBuild: Including build template config/builds/druid.tornado.js into tools\party.js
AutoBuild: Including build template config/builds/druid.tornado.js into tools\toolsthread.js
AutoBuild: Including build template config/builds/druid.tornado.js into default.dbj
AutoBuild: Including build template config/builds/druid.tornado.js into tools\autobuildthread.js
AutoBuild: Loaded helper thread
AutoBuild: Including build template config/builds/druid.tornado.js into tools\party.js
AutoBuild: Including build template config/builds/druid.tornado.js into tools\toolsthread.js
AutoBuild: Stat points: 10      Skill points: 1
AutoBuild: Level up detected ( 56 --> 57 )
AutoBuild: useSkillPoint(): Hurricane (250)
AutoBuild: Skill (1/1) Increased Hurricane (250) by one (level:  15)
AutoBuild: useStatPoint(0): Strength
AutoBuild: Stat (1/5) Increased Strength from 70 to 71
AutoBuild: useStatPoint(3): Vitality
AutoBuild: Stat (2/5) Increased Vitality from 245 to 246
AutoBuild: useStatPoint(3): Vitality
AutoBuild: Stat (3/5) Increased Vitality from 246 to 247
AutoBuild: useStatPoint(3): Vitality
AutoBuild: Stat (4/5) Increased Vitality from 247 to 248
AutoBuild: useStatPoint(3): Vitality
AutoBuild: Stat (5/5) Increased Vitality from 248 to 249
AutoBuild: Updating Config from level 56 to 57
AutoBuild: Incrementing cached character level to 57
AutoBuild: Including build template config/builds/druid.tornado.js into default.dbj
AutoBuild: Including build template config/builds/druid.tornado.js into tools\autobuildthread.js
AutoBuild: Loaded helper thread
AutoBuild: Including build template config/builds/druid.tornado.js into tools\party.js
AutoBuild: Including build template config/builds/druid.tornado.js into tools\toolsthread.js
AutoBuild: Including build template config/builds/druid.tornado.js into default.dbj
AutoBuild: Including build template config/builds/druid.tornado.js into tools\autobuildthread.js
AutoBuild: Loaded helper thread
AutoBuild: Including build template config/builds/druid.tornado.js into tools\party.js
AutoBuild: Including build template config/builds/druid.tornado.js into tools\toolsthread.js
AutoBuild: Including build template config/builds/druid.tornado.js into default.dbj
AutoBuild: Including build template config/builds/druid.tornado.js into tools\autobuildthread.js
AutoBuild: Loaded helper thread
AutoBuild: Including build template config/builds/druid.tornado.js into tools\party.js
AutoBuild: Including build template config/builds/druid.tornado.js into tools\toolsthread.js
AutoBuild: Including build template config/builds/druid.tornado.js into default.dbj
AutoBuild: Including build template config/builds/druid.tornado.js into tools\autobuildthread.js
AutoBuild: Loaded helper thread
AutoBuild: Including build template config/builds/druid.tornado.js into tools\party.js
AutoBuild: Including build template config/builds/druid.tornado.js into tools\toolsthread.js
AutoBuild: Stat points: 10      Skill points: 1
AutoBuild: Level up detected ( 57 --> 58 )
AutoBuild: useSkillPoint(): Hurricane (250)
AutoBuild: Skill (1/1) Increased Hurricane (250) by one (level:  15)
AutoBuild: useStatPoint(0): Strength
AutoBuild: Stat (1/5) Increased Strength from 71 to 72
AutoBuild: useStatPoint(3): Vitality
AutoBuild: Stat (2/5) Increased Vitality from 249 to 250
AutoBuild: useStatPoint(3): Vitality
AutoBuild: Stat (3/5) Increased Vitality from 250 to 251
AutoBuild: useStatPoint(3): Vitality
AutoBuild: Stat (4/5) Increased Vitality from 251 to 252
AutoBuild: useStatPoint(3): Vitality
AutoBuild: Stat (5/5) Increased Vitality from 252 to 253
AutoBuild: Updating Config from level 57 to 58
AutoBuild: Incrementing cached character level to 58
AutoBuild: Including build template config/builds/druid.tornado.js into default.dbj
AutoBuild: Including build template config/builds/druid.tornado.js into tools\autobuildthread.js
AutoBuild: Loaded helper thread
AutoBuild: Including build template config/builds/druid.tornado.js into tools\party.js
AutoBuild: Including build template config/builds/druid.tornado.js into tools\toolsthread.js
AutoBuild: Including build template config/builds/druid.tornado.js into default.dbj
AutoBuild: Including build template config/builds/druid.tornado.js into tools\autobuildthread.js
AutoBuild: Loaded helper thread
AutoBuild: Including build template config/builds/druid.tornado.js into tools\party.js
AutoBuild: Including build template config/builds/druid.tornado.js into tools\toolsthread.js
AutoBuild: Including build template config/builds/druid.tornado.js into default.dbj
AutoBuild: Including build template config/builds/druid.tornado.js into tools\autobuildthread.js
AutoBuild: Loaded helper thread
AutoBuild: Including build template config/builds/druid.tornado.js into tools\party.js
AutoBuild: Including build template config/builds/druid.tornado.js into tools\toolsthread.js
AutoBuild: Including build template config/builds/druid.tornado.js into default.dbj
AutoBuild: Including build template config/builds/druid.tornado.js into tools\autobuildthread.js
AutoBuild: Loaded helper thread
AutoBuild: Including build template config/builds/druid.tornado.js into tools\party.js
AutoBuild: Including build template config/builds/druid.tornado.js into tools\toolsthread.js
AutoBuild: Stat points: 10      Skill points: 1
AutoBuild: Level up detected ( 58 --> 59 )
AutoBuild: useSkillPoint(): Hurricane (250)
AutoBuild: Skill (1/1) Increased Hurricane (250) by one (level:  16)
AutoBuild: useStatPoint(0): Strength
AutoBuild: Stat (1/5) Increased Strength from 72 to 73
AutoBuild: useStatPoint(3): Vitality
AutoBuild: Stat (2/5) Increased Vitality from 253 to 254
AutoBuild: useStatPoint(3): Vitality
AutoBuild: Stat (3/5) Increased Vitality from 254 to 255
AutoBuild: useStatPoint(3): Vitality
AutoBuild: Stat (4/5) Increased Vitality from 255 to 256
AutoBuild: useStatPoint(3): Vitality
AutoBuild: Stat (5/5) Increased Vitality from 256 to 257
AutoBuild: Updating Config from level 58 to 59
AutoBuild: Incrementing cached character level to 59
AutoBuild: Including build template config/builds/druid.tornado.js into default.dbj
AutoBuild: Including build template config/builds/druid.tornado.js into tools\autobuildthread.js
AutoBuild: Loaded helper thread
AutoBuild: Including build template config/builds/druid.tornado.js into tools\party.js
AutoBuild: Including build template config/builds/druid.tornado.js into tools\toolsthread.js
AutoBuild: Including build template config/builds/druid.tornado.js into default.dbj
AutoBuild: Including build template config/builds/druid.tornado.js into tools\autobuildthread.js
AutoBuild: Loaded helper thread
AutoBuild: Including build template config/builds/druid.tornado.js into tools\party.js
AutoBuild: Including build template config/builds/druid.tornado.js into tools\toolsthread.js
AutoBuild: Including build template config/builds/druid.tornado.js into default.dbj
AutoBuild: Including build template config/builds/druid.tornado.js into tools\autobuildthread.js
AutoBuild: Loaded helper thread
AutoBuild: Including build template config/builds/druid.tornado.js into tools\party.js
AutoBuild: Including build template config/builds/druid.tornado.js into tools\toolsthread.js
AutoBuild: Including build template config/builds/druid.tornado.js into default.dbj
AutoBuild: Including build template config/builds/druid.tornado.js into tools\autobuildthread.js
AutoBuild: Loaded helper thread
AutoBuild: Including build template config/builds/druid.tornado.js into tools\party.js
AutoBuild: Including build template config/builds/druid.tornado.js into tools\toolsthread.js
AutoBuild: Including build template config/builds/druid.tornado.js into default.dbj
AutoBuild: Including build template config/builds/druid.tornado.js into tools\autobuildthread.js
AutoBuild: Loaded helper thread
AutoBuild: Including build template config/builds/druid.tornado.js into tools\party.js
AutoBuild: Including build template config/builds/druid.tornado.js into tools\toolsthread.js
AutoBuild: Including build template config/builds/druid.tornado.js into default.dbj
AutoBuild: Including build template config/builds/druid.tornado.js into tools\autobuildthread.js
AutoBuild: Loaded helper thread
AutoBuild: Including build template config/builds/druid.tornado.js into tools\party.js
AutoBuild: Including build template config/builds/druid.tornado.js into tools\toolsthread.js
AutoBuild: Including build template config/builds/druid.tornado.js into default.dbj
AutoBuild: Including build template config/builds/druid.tornado.js into tools\autobuildthread.js
AutoBuild: Loaded helper thread
AutoBuild: Including build template config/builds/druid.tornado.js into tools\party.js
AutoBuild: Including build template config/builds/druid.tornado.js into tools\toolsthread.js
AutoBuild: Stat points: 10      Skill points: 1
AutoBuild: Level up detected ( 59 --> 60 )
AutoBuild: useSkillPoint(): Hurricane (250)
AutoBuild: Skill (1/1) Increased Hurricane (250) by one (level:  18)
AutoBuild: useStatPoint(0): Strength
AutoBuild: Stat (1/5) Increased Strength from 73 to 74
AutoBuild: useStatPoint(3): Vitality
AutoBuild: Stat (2/5) Increased Vitality from 257 to 258
AutoBuild: useStatPoint(3): Vitality
AutoBuild: Stat (3/5) Increased Vitality from 258 to 259
AutoBuild: useStatPoint(3): Vitality
AutoBuild: Stat (4/5) Increased Vitality from 259 to 260
AutoBuild: useStatPoint(3): Vitality
AutoBuild: Stat (5/5) Increased Vitality from 260 to 261
AutoBuild: Updating Config from level 59 to 60
AutoBuild: Incrementing cached character level to 60
AutoBuild: Including build template config/builds/druid.tornado.js into default.dbj
AutoBuild: Including build template config/builds/druid.tornado.js into tools\autobuildthread.js
AutoBuild: Loaded helper thread
AutoBuild: Including build template config/builds/druid.tornado.js into tools\party.js
AutoBuild: Including build template config/builds/druid.tornado.js into tools\toolsthread.js
AutoBuild: Including build template config/builds/druid.tornado.js into default.dbj
AutoBuild: Including build template config/builds/druid.tornado.js into tools\autobuildthread.js
AutoBuild: Loaded helper thread
AutoBuild: Including build template config/builds/druid.tornado.js into tools\party.js
AutoBuild: Including build template config/builds/druid.tornado.js into tools\toolsthread.js
AutoBuild: Including build template config/builds/druid.tornado.js into default.dbj
AutoBuild: Including build template config/builds/druid.tornado.js into tools\autobuildthread.js
AutoBuild: Loaded helper thread
AutoBuild: Including build template config/builds/druid.tornado.js into tools\party.js
AutoBuild: Including build template config/builds/druid.tornado.js into tools\toolsthread.js
AutoBuild: Including build template config/builds/druid.tornado.js into default.dbj
AutoBuild: Including build template config/builds/druid.tornado.js into tools\autobuildthread.js
AutoBuild: Loaded helper thread
AutoBuild: Including build template config/builds/druid.tornado.js into tools\party.js
AutoBuild: Including build template config/builds/druid.tornado.js into tools\toolsthread.js
AutoBuild: Including build template config/builds/druid.tornado.js into default.dbj
AutoBuild: Including build template config/builds/druid.tornado.js into tools\autobuildthread.js
AutoBuild: Loaded helper thread
AutoBuild: Including build template config/builds/druid.tornado.js into tools\party.js
AutoBuild: Including build template config/builds/druid.tornado.js into tools\toolsthread.js
AutoBuild: Including build template config/builds/druid.tornado.js into default.dbj
AutoBuild: Including build template config/builds/druid.tornado.js into tools\autobuildthread.js
AutoBuild: Loaded helper thread
AutoBuild: Including build template config/builds/druid.tornado.js into tools\party.js
AutoBuild: Including build template config/builds/druid.tornado.js into tools\toolsthread.js
AutoBuild: Including build template config/builds/druid.tornado.js into default.dbj
AutoBuild: Including build template config/builds/druid.tornado.js into tools\autobuildthread.js
AutoBuild: Loaded helper thread
AutoBuild: Including build template config/builds/druid.tornado.js into tools\party.js
AutoBuild: Including build template config/builds/druid.tornado.js into tools\toolsthread.js
AutoBuild: Including build template config/builds/druid.tornado.js into default.dbj
AutoBuild: Including build template config/builds/druid.tornado.js into tools\autobuildthread.js
AutoBuild: Loaded helper thread
AutoBuild: Including build template config/builds/druid.tornado.js into tools\party.js
AutoBuild: Including build template config/builds/druid.tornado.js into tools\toolsthread.js
AutoBuild: Including build template config/builds/druid.tornado.js into default.dbj
AutoBuild: Including build template config/builds/druid.tornado.js into tools\autobuildthread.js
AutoBuild: Loaded helper thread
AutoBuild: Including build template config/builds/druid.tornado.js into tools\party.js
AutoBuild: Including build template config/builds/druid.tornado.js into tools\toolsthread.js
AutoBuild: Including build template config/builds/druid.tornado.js into default.dbj
AutoBuild: Including build template config/builds/druid.tornado.js into tools\autobuildthread.js
AutoBuild: Loaded helper thread
AutoBuild: Including build template config/builds/druid.tornado.js into tools\party.js
AutoBuild: Including build template config/builds/druid.tornado.js into tools\toolsthread.js
AutoBuild: Including build template config/builds/druid.tornado.js into default.dbj
AutoBuild: Including build template config/builds/druid.tornado.js into tools\autobuildthread.js
AutoBuild: Loaded helper thread
AutoBuild: Including build template config/builds/druid.tornado.js into tools\party.js
AutoBuild: Including build template config/builds/druid.tornado.js into tools\toolsthread.js
AutoBuild: Including build template config/builds/druid.tornado.js into default.dbj
AutoBuild: Including build template config/builds/druid.tornado.js into tools\autobuildthread.js
AutoBuild: Loaded helper thread
AutoBuild: Including build template config/builds/druid.tornado.js into tools\party.js
AutoBuild: Including build template config/builds/druid.tornado.js into tools\toolsthread.js
AutoBuild: Including build template config/builds/druid.tornado.js into default.dbj
AutoBuild: Including build template config/builds/druid.tornado.js into tools\autobuildthread.js
AutoBuild: Loaded helper thread
AutoBuild: Including build template config/builds/druid.tornado.js into tools\party.js
AutoBuild: Including build template config/builds/druid.tornado.js into tools\toolsthread.js
AutoBuild: Including build template config/builds/druid.tornado.js into default.dbj
AutoBuild: Including build template config/builds/druid.tornado.js into tools\autobuildthread.js
AutoBuild: Loaded helper thread
AutoBuild: Including build template config/builds/druid.tornado.js into tools\party.js
AutoBuild: Including build template config/builds/druid.tornado.js into tools\toolsthread.js
AutoBuild: Including build template config/builds/druid.tornado.js into default.dbj
AutoBuild: Including build template config/builds/druid.tornado.js into tools\autobuildthread.js
AutoBuild: Loaded helper thread
AutoBuild: Including build template config/builds/druid.tornado.js into tools\party.js
AutoBuild: Including build template config/builds/druid.tornado.js into tools\toolsthread.js
AutoBuild: Including build template config/builds/druid.tornado.js into default.dbj
AutoBuild: Including build template config/builds/druid.tornado.js into tools\autobuildthread.js
AutoBuild: Loaded helper thread
AutoBuild: Including build template config/builds/druid.tornado.js into tools\party.js
AutoBuild: Including build template config/builds/druid.tornado.js into tools\toolsthread.js
AutoBuild: Including build template config/builds/druid.tornado.js into default.dbj
AutoBuild: Including build template config/builds/druid.tornado.js into tools\autobuildthread.js
AutoBuild: Loaded helper thread
AutoBuild: Including build template config/builds/druid.tornado.js into tools\party.js
AutoBuild: Including build template config/builds/druid.tornado.js into tools\toolsthread.js
AutoBuild: Including build template config/builds/druid.tornado.js into default.dbj
AutoBuild: Including build template config/builds/druid.tornado.js into tools\autobuildthread.js
AutoBuild: Loaded helper thread
AutoBuild: Including build template config/builds/druid.tornado.js into tools\party.js
AutoBuild: Including build template config/builds/druid.tornado.js into tools\toolsthread.js
AutoBuild: Including build template config/builds/druid.tornado.js into default.dbj
AutoBuild: Including build template config/builds/druid.tornado.js into tools\autobuildthread.js
AutoBuild: Loaded helper thread
AutoBuild: Including build template config/builds/druid.tornado.js into tools\party.js
AutoBuild: Including build template config/builds/druid.tornado.js into tools\toolsthread.js
AutoBuild: Including build template config/builds/druid.tornado.js into default.dbj
AutoBuild: Including build template config/builds/druid.tornado.js into tools\autobuildthread.js
AutoBuild: Loaded helper thread
AutoBuild: Including build template config/builds/druid.tornado.js into tools\party.js
AutoBuild: Including build template config/builds/druid.tornado.js into tools\toolsthread.js
AutoBuild: Including build template config/builds/druid.tornado.js into default.dbj
AutoBuild: Including build template config/builds/druid.tornado.js into tools\autobuildthread.js
AutoBuild: Loaded helper thread
AutoBuild: Including build template config/builds/druid.tornado.js into tools\party.js
AutoBuild: Including build template config/builds/druid.tornado.js into tools\toolsthread.js
AutoBuild: Including build template config/builds/druid.tornado.js into default.dbj
AutoBuild: Including build template config/builds/druid.tornado.js into tools\autobuildthread.js
AutoBuild: Loaded helper thread
AutoBuild: Including build template config/builds/druid.tornado.js into tools\party.js
AutoBuild: Including build template config/builds/druid.tornado.js into tools\toolsthread.js
AutoBuild: Including build template config/builds/druid.tornado.js into default.dbj
AutoBuild: Including build template config/builds/druid.tornado.js into tools\autobuildthread.js
AutoBuild: Loaded helper thread
AutoBuild: Including build template config/builds/druid.tornado.js into tools\party.js
AutoBuild: Including build template config/builds/druid.tornado.js into tools\toolsthread.js
AutoBuild: Including build template config/builds/druid.tornado.js into default.dbj
AutoBuild: Including build template config/builds/druid.tornado.js into tools\autobuildthread.js
AutoBuild: Loaded helper thread
AutoBuild: Including build template config/builds/druid.tornado.js into tools\party.js
AutoBuild: Including build template config/builds/druid.tornado.js into tools\toolsthread.js
AutoBuild: Including build template config/builds/druid.tornado.js into default.dbj
AutoBuild: Including build template config/builds/druid.tornado.js into tools\autobuildthread.js
AutoBuild: Loaded helper thread
AutoBuild: Including build template config/builds/druid.tornado.js into tools\party.js
AutoBuild: Including build template config/builds/druid.tornado.js into tools\toolsthread.js
AutoBuild: Including build template config/builds/druid.tornado.js into default.dbj
AutoBuild: Including build template config/builds/druid.tornado.js into tools\autobuildthread.js
AutoBuild: Loaded helper thread
AutoBuild: Including build template config/builds/druid.tornado.js into tools\party.js
AutoBuild: Including build template config/builds/druid.tornado.js into tools\toolsthread.js
AutoBuild: Including build template config/builds/druid.tornado.js into default.dbj
AutoBuild: Including build template config/builds/druid.tornado.js into tools\autobuildthread.js
AutoBuild: Loaded helper thread
AutoBuild: Including build template config/builds/druid.tornado.js into tools\party.js
AutoBuild: Including build template config/builds/druid.tornado.js into tools\toolsthread.js
AutoBuild: Including build template config/builds/druid.tornado.js into default.dbj
AutoBuild: Including build template config/builds/druid.tornado.js into tools\autobuildthread.js
AutoBuild: Loaded helper thread
AutoBuild: Including build template config/builds/druid.tornado.js into tools\party.js
AutoBuild: Including build template config/builds/druid.tornado.js into tools\toolsthread.js
AutoBuild: Including build template config/builds/druid.tornado.js into default.dbj
AutoBuild: Including build template config/builds/druid.tornado.js into tools\autobuildthread.js
AutoBuild: Loaded helper thread
AutoBuild: Including build template config/builds/druid.tornado.js into tools\party.js
AutoBuild: Including build template config/builds/druid.tornado.js into tools\toolsthread.js
AutoBuild: Including build template config/builds/druid.tornado.js into default.dbj
AutoBuild: Including build template config/builds/druid.tornado.js into tools\autobuildthread.js
AutoBuild: Loaded helper thread
AutoBuild: Including build template config/builds/druid.tornado.js into tools\party.js
AutoBuild: Including build template config/builds/druid.tornado.js into tools\toolsthread.js
AutoBuild: Including build template config/builds/druid.tornado.js into default.dbj
AutoBuild: Including build template config/builds/druid.tornado.js into tools\autobuildthread.js
AutoBuild: Loaded helper thread
AutoBuild: Including build template config/builds/druid.tornado.js into tools\party.js
AutoBuild: Including build template config/builds/druid.tornado.js into tools\toolsthread.js
AutoBuild: Including build template config/builds/druid.tornado.js into default.dbj
AutoBuild: Including build template config/builds/druid.tornado.js into tools\autobuildthread.js
AutoBuild: Loaded helper thread
AutoBuild: Including build template config/builds/druid.tornado.js into tools\party.js
AutoBuild: Including build template config/builds/druid.tornado.js into tools\toolsthread.js
AutoBuild: Including build template config/builds/druid.tornado.js into default.dbj
AutoBuild: Including build template config/builds/druid.tornado.js into tools\autobuildthread.js
AutoBuild: Loaded helper thread
AutoBuild: Including build template config/builds/druid.tornado.js into tools\party.js
AutoBuild: Including build template config/builds/druid.tornado.js into tools\toolsthread.js
AutoBuild: Stat points: 10      Skill points: 1
AutoBuild: Level up detected ( 60 --> 61 )
AutoBuild: useSkillPoint(): Hurricane (250)
AutoBuild: Skill (1/1) Increased Hurricane (250) by one (level:  19)
AutoBuild: useStatPoint(0): Strength
AutoBuild: Stat (1/5) Increased Strength from 74 to 75
AutoBuild: useStatPoint(3): Vitality
AutoBuild: Stat (2/5) Increased Vitality from 261 to 262
AutoBuild: useStatPoint(3): Vitality
AutoBuild: Stat (3/5) Increased Vitality from 262 to 263
AutoBuild: useStatPoint(3): Vitality
AutoBuild: Stat (4/5) Increased Vitality from 263 to 264
AutoBuild: useStatPoint(3): Vitality
AutoBuild: Stat (5/5) Increased Vitality from 264 to 265
AutoBuild: Updating Config from level 60 to 61
AutoBuild: Incrementing cached character level to 61
AutoBuild: Including build template config/builds/druid.tornado.js into default.dbj
AutoBuild: Including build template config/builds/druid.tornado.js into tools\autobuildthread.js
AutoBuild: Loaded helper thread
AutoBuild: Including build template config/builds/druid.tornado.js into tools\party.js
AutoBuild: Including build template config/builds/druid.tornado.js into tools\toolsthread.js
AutoBuild: Including build template config/builds/druid.tornado.js into default.dbj
AutoBuild: Including build template config/builds/druid.tornado.js into tools\autobuildthread.js
AutoBuild: Loaded helper thread
AutoBuild: Including build template config/builds/druid.tornado.js into tools\party.js
AutoBuild: Including build template config/builds/druid.tornado.js into tools\toolsthread.js
AutoBuild: Including build template config/builds/druid.tornado.js into default.dbj
AutoBuild: Including build template config/builds/druid.tornado.js into tools\autobuildthread.js
AutoBuild: Loaded helper thread
AutoBuild: Including build template config/builds/druid.tornado.js into tools\party.js
AutoBuild: Including build template config/builds/druid.tornado.js into tools\toolsthread.js
AutoBuild: Stat points: 10      Skill points: 1
AutoBuild: Level up detected ( 61 --> 62 )
AutoBuild: useSkillPoint(): Hurricane (250)
AutoBuild: Skill (1/1) Increased Hurricane (250) by one (level:  22)
AutoBuild: useStatPoint(0): Strength
AutoBuild: Stat (1/5) Increased Strength from 75 to 76
AutoBuild: useStatPoint(3): Vitality
AutoBuild: Stat (2/5) Increased Vitality from 265 to 266
AutoBuild: useStatPoint(3): Vitality
AutoBuild: Stat (3/5) Increased Vitality from 266 to 267
AutoBuild: useStatPoint(3): Vitality
AutoBuild: Stat (4/5) Increased Vitality from 267 to 268
AutoBuild: useStatPoint(3): Vitality
AutoBuild: Stat (5/5) Increased Vitality from 268 to 269
AutoBuild: Updating Config from level 61 to 62
AutoBuild: Incrementing cached character level to 62
AutoBuild: Including build template config/builds/druid.tornado.js into default.dbj
AutoBuild: Including build template config/builds/druid.tornado.js into tools\autobuildthread.js
AutoBuild: Loaded helper thread
AutoBuild: Including build template config/builds/druid.tornado.js into tools\party.js
AutoBuild: Including build template config/builds/druid.tornado.js into tools\toolsthread.js
AutoBuild: Including build template config/builds/druid.tornado.js into default.dbj
AutoBuild: Including build template config/builds/druid.tornado.js into tools\autobuildthread.js
AutoBuild: Loaded helper thread
AutoBuild: Including build template config/builds/druid.tornado.js into tools\party.js
AutoBuild: Including build template config/builds/druid.tornado.js into tools\toolsthread.js
AutoBuild: Including build template config/builds/druid.tornado.js into default.dbj
AutoBuild: Including build template config/builds/druid.tornado.js into tools\autobuildthread.js
AutoBuild: Loaded helper thread
AutoBuild: Including build template config/builds/druid.tornado.js into tools\party.js
AutoBuild: Including build template config/builds/druid.tornado.js into tools\toolsthread.js
AutoBuild: Including build template config/builds/druid.tornado.js into default.dbj
AutoBuild: Including build template config/builds/druid.tornado.js into tools\autobuildthread.js
AutoBuild: Loaded helper thread
AutoBuild: Including build template config/builds/druid.tornado.js into tools\party.js
AutoBuild: Including build template config/builds/druid.tornado.js into tools\toolsthread.js
AutoBuild: Including build template config/builds/druid.tornado.js into default.dbj
AutoBuild: Including build template config/builds/druid.tornado.js into tools\autobuildthread.js
AutoBuild: Loaded helper thread
AutoBuild: Including build template config/builds/druid.tornado.js into tools\party.js
AutoBuild: Including build template config/builds/druid.tornado.js into tools\toolsthread.js
AutoBuild: Including build template config/builds/druid.tornado.js into default.dbj
AutoBuild: Including build template config/builds/druid.tornado.js into tools\autobuildthread.js
AutoBuild: Loaded helper thread
AutoBuild: Including build template config/builds/druid.tornado.js into tools\party.js
AutoBuild: Including build template config/builds/druid.tornado.js into tools\toolsthread.js
AutoBuild: Including build template config/builds/druid.tornado.js into default.dbj
AutoBuild: Including build template config/builds/druid.tornado.js into tools\autobuildthread.js
AutoBuild: Loaded helper thread
AutoBuild: Including build template config/builds/druid.tornado.js into tools\party.js
AutoBuild: Including build template config/builds/druid.tornado.js into tools\toolsthread.js
AutoBuild: Including build template config/builds/druid.tornado.js into default.dbj
AutoBuild: Including build template config/builds/druid.tornado.js into tools\autobuildthread.js
AutoBuild: Loaded helper thread
AutoBuild: Including build template config/builds/druid.tornado.js into tools\party.js
AutoBuild: Including build template config/builds/druid.tornado.js into tools\toolsthread.js
AutoBuild: Including build template config/builds/druid.tornado.js into default.dbj
AutoBuild: Including build template config/builds/druid.tornado.js into tools\autobuildthread.js
AutoBuild: Loaded helper thread
AutoBuild: Including build template config/builds/druid.tornado.js into tools\party.js
AutoBuild: Including build template config/builds/druid.tornado.js into tools\toolsthread.js
AutoBuild: Including build template config/builds/druid.tornado.js into default.dbj
AutoBuild: Including build template config/builds/druid.tornado.js into tools\autobuildthread.js
AutoBuild: Loaded helper thread
AutoBuild: Including build template config/builds/druid.tornado.js into tools\party.js
AutoBuild: Including build template config/builds/druid.tornado.js into tools\toolsthread.js
AutoBuild: Stat points: 10      Skill points: 1
AutoBuild: Level up detected ( 62 --> 63 )
AutoBuild: useSkillPoint(): Hurricane (250)
AutoBuild: Skill (1/1) Increased Hurricane (250) by one (level:  23)
AutoBuild: useStatPoint(0): Strength
AutoBuild: Stat (1/5) Increased Strength from 76 to 77
AutoBuild: useStatPoint(3): Vitality
AutoBuild: Stat (2/5) Increased Vitality from 269 to 270
AutoBuild: useStatPoint(3): Vitality
AutoBuild: Stat (3/5) Increased Vitality from 270 to 271
AutoBuild: useStatPoint(3): Vitality
AutoBuild: Stat (4/5) Increased Vitality from 271 to 272
AutoBuild: useStatPoint(3): Vitality
AutoBuild: Stat (5/5) Increased Vitality from 272 to 273
AutoBuild: Updating Config from level 62 to 63
AutoBuild: Incrementing cached character level to 63
AutoBuild: Including build template config/builds/druid.tornado.js into default.dbj
AutoBuild: Including build template config/builds/druid.tornado.js into tools\autobuildthread.js
AutoBuild: Loaded helper thread
AutoBuild: Including build template config/builds/druid.tornado.js into tools\party.js
AutoBuild: Including build template config/builds/druid.tornado.js into tools\toolsthread.js
AutoBuild: Including build template config/builds/druid.tornado.js into default.dbj
AutoBuild: Including build template config/builds/druid.tornado.js into tools\autobuildthread.js
AutoBuild: Loaded helper thread
AutoBuild: Including build template config/builds/druid.tornado.js into tools\party.js
AutoBuild: Including build template config/builds/druid.tornado.js into tools\toolsthread.js
AutoBuild: Including build template config/builds/druid.tornado.js into default.dbj
AutoBuild: Including build template config/builds/druid.tornado.js into tools\autobuildthread.js
AutoBuild: Loaded helper thread
AutoBuild: Including build template config/builds/druid.tornado.js into tools\party.js
AutoBuild: Including build template config/builds/druid.tornado.js into tools\toolsthread.js
AutoBuild: Including build template config/builds/druid.tornado.js into default.dbj
AutoBuild: Including build template config/builds/druid.tornado.js into tools\autobuildthread.js
AutoBuild: Loaded helper thread
AutoBuild: Including build template config/builds/druid.tornado.js into tools\party.js
AutoBuild: Including build template config/builds/druid.tornado.js into tools\toolsthread.js
AutoBuild: Including build template config/builds/druid.tornado.js into default.dbj
AutoBuild: Including build template config/builds/druid.tornado.js into tools\autobuildthread.js
AutoBuild: Loaded helper thread
AutoBuild: Including build template config/builds/druid.tornado.js into tools\party.js
AutoBuild: Including build template config/builds/druid.tornado.js into tools\toolsthread.js
AutoBuild: Including build template config/builds/druid.tornado.js into default.dbj
AutoBuild: Including build template config/builds/druid.tornado.js into tools\autobuildthread.js
AutoBuild: Loaded helper thread
AutoBuild: Including build template config/builds/druid.tornado.js into tools\party.js
AutoBuild: Including build template config/builds/druid.tornado.js into tools\toolsthread.js
AutoBuild: Including build template config/builds/druid.tornado.js into default.dbj
AutoBuild: Including build template config/builds/druid.tornado.js into tools\autobuildthread.js
AutoBuild: Loaded helper thread
AutoBuild: Including build template config/builds/druid.tornado.js into tools\party.js
AutoBuild: Including build template config/builds/druid.tornado.js into tools\toolsthread.js
AutoBuild: Including build template config/builds/druid.tornado.js into default.dbj
AutoBuild: Including build template config/builds/druid.tornado.js into tools\autobuildthread.js
AutoBuild: Loaded helper thread
AutoBuild: Including build template config/builds/druid.tornado.js into tools\party.js
AutoBuild: Including build template config/builds/druid.tornado.js into tools\toolsthread.js
AutoBuild: Including build template config/builds/druid.tornado.js into default.dbj
AutoBuild: Including build template config/builds/druid.tornado.js into tools\autobuildthread.js
AutoBuild: Loaded helper thread
AutoBuild: Including build template config/builds/druid.tornado.js into tools\party.js
AutoBuild: Including build template config/builds/druid.tornado.js into tools\toolsthread.js
AutoBuild: Including build template config/builds/druid.tornado.js into default.dbj
AutoBuild: Including build template config/builds/druid.tornado.js into tools\autobuildthread.js
AutoBuild: Loaded helper thread
AutoBuild: Including build template config/builds/druid.tornado.js into tools\party.js
AutoBuild: Including build template config/builds/druid.tornado.js into tools\toolsthread.js
AutoBuild: Including build template config/builds/druid.tornado.js into default.dbj
AutoBuild: Including build template config/builds/druid.tornado.js into tools\autobuildthread.js
AutoBuild: Loaded helper thread
AutoBuild: Including build template config/builds/druid.tornado.js into tools\party.js
AutoBuild: Including build template config/builds/druid.tornado.js into tools\toolsthread.js
AutoBuild: Including build template config/builds/druid.tornado.js into default.dbj
AutoBuild: Including build template config/builds/druid.tornado.js into tools\autobuildthread.js
AutoBuild: Loaded helper thread
AutoBuild: Including build template config/builds/druid.tornado.js into tools\party.js
AutoBuild: Including build template config/builds/druid.tornado.js into tools\toolsthread.js
AutoBuild: Including build template config/builds/druid.tornado.js into default.dbj
AutoBuild: Including build template config/builds/druid.tornado.js into tools\autobuildthread.js
AutoBuild: Loaded helper thread
AutoBuild: Including build template config/builds/druid.tornado.js into tools\party.js
AutoBuild: Including build template config/builds/druid.tornado.js into tools\toolsthread.js
AutoBuild: Including build template config/builds/druid.tornado.js into default.dbj
AutoBuild: Including build template config/builds/druid.tornado.js into tools\autobuildthread.js
AutoBuild: Loaded helper thread
AutoBuild: Including build template config/builds/druid.tornado.js into tools\party.js
AutoBuild: Including build template config/builds/druid.tornado.js into tools\toolsthread.js
AutoBuild: Stat points: 10      Skill points: 1
AutoBuild: Level up detected ( 63 --> 64 )
AutoBuild: useSkillPoint(): Hurricane (250)
AutoBuild: Attempt to spend skill point 1 in Hurricane (250) may have failed!
AutoBuild: useStatPoint(0): Strength
AutoBuild: Stat (1/5) Increased Strength from 77 to 78
AutoBuild: useStatPoint(3): Vitality
AutoBuild: Stat (2/5) Increased Vitality from 273 to 274
AutoBuild: useStatPoint(3): Vitality
AutoBuild: Stat (3/5) Increased Vitality from 274 to 275
AutoBuild: useStatPoint(3): Vitality
AutoBuild: Stat (4/5) Increased Vitality from 275 to 276
AutoBuild: useStatPoint(3): Vitality
AutoBuild: Stat (5/5) Increased Vitality from 276 to 277
AutoBuild: Updating Config from level 63 to 64
AutoBuild: Incrementing cached character level to 64
AutoBuild: Including build template config/builds/druid.tornado.js into default.dbj
AutoBuild: Including build template config/builds/druid.tornado.js into tools\autobuildthread.js
AutoBuild: Loaded helper thread
AutoBuild: Including build template config/builds/druid.tornado.js into tools\party.js
AutoBuild: Including build template config/builds/druid.tornado.js into tools\toolsthread.js
AutoBuild: Including build template config/builds/druid.tornado.js into default.dbj
AutoBuild: Including build template config/builds/druid.tornado.js into tools\autobuildthread.js
AutoBuild: Loaded helper thread
AutoBuild: Including build template config/builds/druid.tornado.js into tools\party.js
AutoBuild: Including build template config/builds/druid.tornado.js into tools\toolsthread.js
AutoBuild: Including build template config/builds/druid.tornado.js into default.dbj
AutoBuild: Including build template config/builds/druid.tornado.js into tools\autobuildthread.js
AutoBuild: Including build template config/builds/druid.tornado.js into tools\party.js
AutoBuild: Loaded helper thread
AutoBuild: Including build template config/builds/druid.tornado.js into tools\toolsthread.js
AutoBuild: Including build template config/builds/druid.tornado.js into default.dbj
AutoBuild: Including build template config/builds/druid.tornado.js into tools\autobuildthread.js
AutoBuild: Loaded helper thread
AutoBuild: Including build template config/builds/druid.tornado.js into tools\party.js
AutoBuild: Including build template config/builds/druid.tornado.js into tools\toolsthread.js
AutoBuild: Including build template config/builds/druid.tornado.js into default.dbj
AutoBuild: Including build template config/builds/druid.tornado.js into tools\autobuildthread.js
AutoBuild: Loaded helper thread
AutoBuild: Including build template config/builds/druid.tornado.js into tools\party.js
AutoBuild: Including build template config/builds/druid.tornado.js into tools\toolsthread.js
AutoBuild: Including build template config/builds/druid.tornado.js into default.dbj
AutoBuild: Including build template config/builds/druid.tornado.js into tools\autobuildthread.js
AutoBuild: Loaded helper thread
AutoBuild: Including build template config/builds/druid.tornado.js into tools\party.js
AutoBuild: Including build template config/builds/druid.tornado.js into tools\toolsthread.js
AutoBuild: Including build template config/builds/druid.tornado.js into default.dbj
AutoBuild: Including build template config/builds/druid.tornado.js into tools\autobuildthread.js
AutoBuild: Loaded helper thread
AutoBuild: Including build template config/builds/druid.tornado.js into tools\party.js
AutoBuild: Including build template config/builds/druid.tornado.js into tools\toolsthread.js
AutoBuild: Including build template config/builds/druid.tornado.js into default.dbj
AutoBuild: Including build template config/builds/druid.tornado.js into tools\autobuildthread.js
AutoBuild: Loaded helper thread
AutoBuild: Including build template config/builds/druid.tornado.js into tools\party.js
AutoBuild: Including build template config/builds/druid.tornado.js into tools\toolsthread.js
AutoBuild: Including build template config/builds/druid.tornado.js into default.dbj
AutoBuild: Including build template config/builds/druid.tornado.js into tools\autobuildthread.js
AutoBuild: Loaded helper thread
AutoBuild: Including build template config/builds/druid.tornado.js into tools\party.js
AutoBuild: Including build template config/builds/druid.tornado.js into tools\toolsthread.js
AutoBuild: Including build template config/builds/druid.tornado.js into default.dbj
AutoBuild: Including build template config/builds/druid.tornado.js into tools\autobuildthread.js
AutoBuild: Loaded helper thread
AutoBuild: Including build template config/builds/druid.tornado.js into tools\party.js
AutoBuild: Including build template config/builds/druid.tornado.js into tools\toolsthread.js
AutoBuild: Including build template config/builds/druid.tornado.js into default.dbj
AutoBuild: Including build template config/builds/druid.tornado.js into tools\autobuildthread.js
AutoBuild: Loaded helper thread
AutoBuild: Including build template config/builds/druid.tornado.js into tools\party.js
AutoBuild: Including build template config/builds/druid.tornado.js into tools\toolsthread.js
AutoBuild: Including build template config/builds/druid.tornado.js into default.dbj
AutoBuild: Including build template config/builds/druid.tornado.js into tools\autobuildthread.js
AutoBuild: Loaded helper thread
AutoBuild: Including build template config/builds/druid.tornado.js into tools\party.js
AutoBuild: Including build template config/builds/druid.tornado.js into tools\toolsthread.js
AutoBuild: Including build template config/builds/druid.tornado.js into default.dbj
AutoBuild: Including build template config/builds/druid.tornado.js into tools\autobuildthread.js
AutoBuild: Loaded helper thread
AutoBuild: Including build template config/builds/druid.tornado.js into tools\party.js
AutoBuild: Including build template config/builds/druid.tornado.js into tools\toolsthread.js
AutoBuild: Including build template config/builds/druid.tornado.js into default.dbj
AutoBuild: Including build template config/builds/druid.tornado.js into tools\autobuildthread.js
AutoBuild: Loaded helper thread
AutoBuild: Including build template config/builds/druid.tornado.js into tools\party.js
AutoBuild: Including build template config/builds/druid.tornado.js into tools\toolsthread.js
AutoBuild: Including build template config/builds/druid.tornado.js into default.dbj
AutoBuild: Including build template config/builds/druid.tornado.js into tools\autobuildthread.js
AutoBuild: Loaded helper thread
AutoBuild: Including build template config/builds/druid.tornado.js into tools\party.js
AutoBuild: Including build template config/builds/druid.tornado.js into tools\toolsthread.js
AutoBuild: Including build template config/builds/druid.tornado.js into default.dbj
AutoBuild: Including build template config/builds/druid.tornado.js into tools\autobuildthread.js
AutoBuild: Loaded helper thread
AutoBuild: Including build template config/builds/druid.tornado.js into tools\party.js
AutoBuild: Including build template config/builds/druid.tornado.js into tools\toolsthread.js
AutoBuild: Including build template config/builds/druid.tornado.js into default.dbj
AutoBuild: Including build template config/builds/druid.tornado.js into tools\autobuildthread.js
AutoBuild: Loaded helper thread
AutoBuild: Including build template config/builds/druid.tornado.js into tools\party.js
AutoBuild: Including build template config/builds/druid.tornado.js into tools\toolsthread.js
AutoBuild: Including build template config/builds/druid.tornado.js into default.dbj
AutoBuild: Including build template config/builds/druid.tornado.js into tools\autobuildthread.js
AutoBuild: Loaded helper thread
AutoBuild: Including build template config/builds/druid.tornado.js into tools\party.js
AutoBuild: Including build template config/builds/druid.tornado.js into tools\toolsthread.js
AutoBuild: Including build template config/builds/druid.tornado.js into default.dbj
AutoBuild: Including build template config/builds/druid.tornado.js into tools\autobuildthread.js
AutoBuild: Loaded helper thread
AutoBuild: Including build template config/builds/druid.tornado.js into tools\party.js
AutoBuild: Including build template config/builds/druid.tornado.js into tools\toolsthread.js
AutoBuild: Including build template config/builds/druid.tornado.js into default.dbj
AutoBuild: Including build template config/builds/druid.tornado.js into tools\autobuildthread.js
AutoBuild: Loaded helper thread
AutoBuild: Including build template config/builds/druid.tornado.js into tools\party.js
AutoBuild: Including build template config/builds/druid.tornado.js into tools\toolsthread.js
AutoBuild: Including build template config/builds/druid.tornado.js into default.dbj
AutoBuild: Including build template config/builds/druid.tornado.js into tools\autobuildthread.js
AutoBuild: Loaded helper thread
AutoBuild: Including build template config/builds/druid.tornado.js into tools\party.js
AutoBuild: Including build template config/builds/druid.tornado.js into tools\toolsthread.js
AutoBuild: Including build template config/builds/druid.tornado.js into default.dbj
AutoBuild: Including build template config/builds/druid.tornado.js into tools\autobuildthread.js
AutoBuild: Loaded helper thread
AutoBuild: Including build template config/builds/druid.tornado.js into tools\party.js
AutoBuild: Including build template config/builds/druid.tornado.js into tools\toolsthread.js
AutoBuild: Including build template config/builds/druid.tornado.js into default.dbj
AutoBuild: Including build template config/builds/druid.tornado.js into tools\autobuildthread.js
AutoBuild: Loaded helper thread
AutoBuild: Including build template config/builds/druid.tornado.js into tools\party.js
AutoBuild: Including build template config/builds/druid.tornado.js into tools\toolsthread.js
AutoBuild: Including build template config/builds/druid.tornado.js into default.dbj
AutoBuild: Including build template config/builds/druid.tornado.js into tools\autobuildthread.js
AutoBuild: Loaded helper thread
AutoBuild: Including build template config/builds/druid.tornado.js into tools\party.js
AutoBuild: Including build template config/builds/druid.tornado.js into tools\toolsthread.js
AutoBuild: Including build template config/builds/druid.tornado.js into default.dbj
AutoBuild: Including build template config/builds/druid.tornado.js into tools\autobuildthread.js
AutoBuild: Loaded helper thread
AutoBuild: Including build template config/builds/druid.tornado.js into tools\party.js
AutoBuild: Including build template config/builds/druid.tornado.js into tools\toolsthread.js
AutoBuild: Including build template config/builds/druid.tornado.js into default.dbj
AutoBuild: Including build template config/builds/druid.tornado.js into tools\autobuildthread.js
AutoBuild: Loaded helper thread
AutoBuild: Including build template config/builds/druid.tornado.js into tools\party.js
AutoBuild: Including build template config/builds/druid.tornado.js into tools\toolsthread.js
AutoBuild: Including build template config/builds/druid.tornado.js into default.dbj
AutoBuild: Including build template config/builds/druid.tornado.js into tools\autobuildthread.js
AutoBuild: Loaded helper thread
AutoBuild: Including build template config/builds/druid.tornado.js into tools\party.js
AutoBuild: Including build template config/builds/druid.tornado.js into tools\toolsthread.js
AutoBuild: Including build template config/builds/druid.tornado.js into default.dbj
AutoBuild: Including build template config/builds/druid.tornado.js into tools\autobuildthread.js
AutoBuild: Loaded helper thread
AutoBuild: Including build template config/builds/druid.tornado.js into tools\party.js
AutoBuild: Including build template config/builds/druid.tornado.js into tools\toolsthread.js
AutoBuild: Including build template config/builds/druid.tornado.js into default.dbj
AutoBuild: Including build template config/builds/druid.tornado.js into tools\autobuildthread.js
AutoBuild: Loaded helper thread
AutoBuild: Including build template config/builds/druid.tornado.js into tools\party.js
AutoBuild: Including build template config/builds/druid.tornado.js into tools\toolsthread.js
AutoBuild: Including build template config/builds/druid.tornado.js into default.dbj
AutoBuild: Including build template config/builds/druid.tornado.js into tools\autobuildthread.js
AutoBuild: Loaded helper thread
AutoBuild: Including build template config/builds/druid.tornado.js into tools\party.js
AutoBuild: Including build template config/builds/druid.tornado.js into tools\toolsthread.js
AutoBuild: Including build template config/builds/druid.tornado.js into default.dbj
AutoBuild: Including build template config/builds/druid.tornado.js into tools\autobuildthread.js
AutoBuild: Loaded helper thread
AutoBuild: Including build template config/builds/druid.tornado.js into tools\party.js
AutoBuild: Including build template config/builds/druid.tornado.js into tools\toolsthread.js
AutoBuild: Including build template config/builds/druid.tornado.js into default.dbj
AutoBuild: Including build template config/builds/druid.tornado.js into tools\autobuildthread.js
AutoBuild: Loaded helper thread
AutoBuild: Including build template config/builds/druid.tornado.js into tools\party.js
AutoBuild: Including build template config/builds/druid.tornado.js into tools\toolsthread.js
AutoBuild: Including build template config/builds/druid.tornado.js into default.dbj
AutoBuild: Including build template config/builds/druid.tornado.js into tools\autobuildthread.js
AutoBuild: Loaded helper thread
AutoBuild: Including build template config/builds/druid.tornado.js into tools\party.js
AutoBuild: Including build template config/builds/druid.tornado.js into tools\toolsthread.js
AutoBuild: Including build template config/builds/druid.tornado.js into default.dbj
AutoBuild: Including build template config/builds/druid.tornado.js into tools\autobuildthread.js
AutoBuild: Loaded helper thread
AutoBuild: Including build template config/builds/druid.tornado.js into tools\party.js
AutoBuild: Including build template config/builds/druid.tornado.js into tools\toolsthread.js
AutoBuild: Including build template config/builds/druid.tornado.js into default.dbj
AutoBuild: Including build template config/builds/druid.tornado.js into tools\autobuildthread.js
AutoBuild: Loaded helper thread
AutoBuild: Including build template config/builds/druid.tornado.js into tools\party.js
AutoBuild: Including build template config/builds/druid.tornado.js into tools\toolsthread.js
AutoBuild: Including build template config/builds/druid.tornado.js into default.dbj
AutoBuild: Including build template config/builds/druid.tornado.js into tools\autobuildthread.js
AutoBuild: Loaded helper thread
AutoBuild: Including build template config/builds/druid.tornado.js into tools\party.js
AutoBuild: Including build template config/builds/druid.tornado.js into tools\toolsthread.js
AutoBuild: Stat points: 10      Skill points: 2
AutoBuild: Level up detected ( 64 --> 65 )
AutoBuild: useSkillPoint(): Hurricane (250)
AutoBuild: Attempt to spend skill point 1 in Hurricane (250) may have failed!
AutoBuild: useStatPoint(0): Strength
AutoBuild: Stat (1/5) Increased Strength from 78 to 79
AutoBuild: useStatPoint(3): Vitality
AutoBuild: Stat (2/5) Increased Vitality from 277 to 278
AutoBuild: useStatPoint(3): Vitality
AutoBuild: Stat (3/5) Increased Vitality from 278 to 279
AutoBuild: useStatPoint(3): Vitality
AutoBuild: Stat (4/5) Increased Vitality from 279 to 280
AutoBuild: useStatPoint(3): Vitality
AutoBuild: Stat (5/5) Increased Vitality from 280 to 281
AutoBuild: Updating Config from level 64 to 65
AutoBuild: Incrementing cached character level to 65
AutoBuild: Including build template config/builds/druid.tornado.js into default.dbj
AutoBuild: Including build template config/builds/druid.tornado.js into tools\autobuildthread.js
AutoBuild: Loaded helper thread
AutoBuild: Including build template config/builds/druid.tornado.js into tools\party.js
AutoBuild: Including build template config/builds/druid.tornado.js into tools\toolsthread.js
AutoBuild: Including build template config/builds/druid.tornado.js into default.dbj
AutoBuild: Including build template config/builds/druid.tornado.js into tools\party.js
AutoBuild: Including build template config/builds/druid.tornado.js into tools\toolsthread.js
AutoBuild: Including build template config/builds/druid.tornado.js into default.dbj
AutoBuild: Including build template config/builds/druid.tornado.js into tools\autobuildthread.js
AutoBuild: Loaded helper thread
AutoBuild: Including build template config/builds/druid.tornado.js into tools\party.js
AutoBuild: Including build template config/builds/druid.tornado.js into tools\toolsthread.js
AutoBuild: Including build template config/builds/druid.tornado.js into default.dbj
AutoBuild: Including build template config/builds/druid.tornado.js into tools\autobuildthread.js
AutoBuild: Loaded helper thread
AutoBuild: Including build template config/builds/druid.tornado.js into tools\party.js
AutoBuild: Including build template config/builds/druid.tornado.js into tools\toolsthread.js
AutoBuild: Stat points: 15      Skill points: 3
AutoBuild: Level up detected ( 65 --> 66 )
AutoBuild: useSkillPoint(): Cyclone Armor (235)
AutoBuild: Skill (1/1) Increased Cyclone Armor (235) by one (level:  6)
AutoBuild: useStatPoint(0): Strength
AutoBuild: Stat (1/5) Increased Strength from 79 to 80
AutoBuild: useStatPoint(3): Vitality
AutoBuild: Stat (2/5) Increased Vitality from 281 to 282
AutoBuild: useStatPoint(3): Vitality
AutoBuild: Stat (3/5) Increased Vitality from 282 to 283
AutoBuild: useStatPoint(3): Vitality
AutoBuild: Stat (4/5) Increased Vitality from 283 to 284
AutoBuild: useStatPoint(3): Vitality
AutoBuild: Stat (5/5) Increased Vitality from 284 to 285
AutoBuild: Updating Config from level 65 to 66
AutoBuild: Incrementing cached character level to 66
AutoBuild: Including build template config/builds/druid.tornado.js into default.dbj
AutoBuild: Including build template config/builds/druid.tornado.js into tools\autobuildthread.js
AutoBuild: Loaded helper thread
AutoBuild: Including build template config/builds/druid.tornado.js into tools\party.js
AutoBuild: Including build template config/builds/druid.tornado.js into tools\toolsthread.js
AutoBuild: Including build template config/builds/druid.tornado.js into default.dbj
AutoBuild: Including build template config/builds/druid.tornado.js into tools\autobuildthread.js
AutoBuild: Loaded helper thread
AutoBuild: Including build template config/builds/druid.tornado.js into tools\party.js
AutoBuild: Including build template config/builds/druid.tornado.js into tools\toolsthread.js
AutoBuild: Including build template config/builds/druid.tornado.js into default.dbj
AutoBuild: Including build template config/builds/druid.tornado.js into tools\autobuildthread.js
AutoBuild: Loaded helper thread
AutoBuild: Including build template config/builds/druid.tornado.js into tools\party.js
AutoBuild: Including build template config/builds/druid.tornado.js into tools\toolsthread.js
AutoBuild: Stat points: 15      Skill points: 3
AutoBuild: Level up detected ( 66 --> 67 )
AutoBuild: useSkillPoint(): Cyclone Armor (235)
AutoBuild: Skill (1/1) Increased Cyclone Armor (235) by one (level:  7)
AutoBuild: useStatPoint(0): Strength
AutoBuild: Stat (1/5) Increased Strength from 80 to 81
AutoBuild: useStatPoint(3): Vitality
AutoBuild: Stat (2/5) Increased Vitality from 285 to 286
AutoBuild: useStatPoint(3): Vitality
AutoBuild: Stat (3/5) Increased Vitality from 286 to 287
AutoBuild: useStatPoint(3): Vitality
AutoBuild: Stat (4/5) Increased Vitality from 287 to 288
AutoBuild: useStatPoint(3): Vitality
AutoBuild: Stat (5/5) Increased Vitality from 288 to 289
AutoBuild: Updating Config from level 66 to 67
AutoBuild: Incrementing cached character level to 67
AutoBuild: Including build template config/builds/druid.tornado.js into default.dbj
AutoBuild: Including build template config/builds/druid.tornado.js into tools\autobuildthread.js
AutoBuild: Loaded helper thread
AutoBuild: Including build template config/builds/druid.tornado.js into tools\party.js
AutoBuild: Including build template config/builds/druid.tornado.js into tools\toolsthread.js
AutoBuild: Including build template config/builds/druid.tornado.js into default.dbj
AutoBuild: Including build template config/builds/druid.tornado.js into tools\autobuildthread.js
AutoBuild: Loaded helper thread
AutoBuild: Including build template config/builds/druid.tornado.js into tools\party.js
AutoBuild: Including build template config/builds/druid.tornado.js into tools\toolsthread.js
AutoBuild: Including build template config/builds/druid.tornado.js into default.dbj
AutoBuild: Including build template config/builds/druid.tornado.js into tools\autobuildthread.js
AutoBuild: Loaded helper thread
AutoBuild: Including build template config/builds/druid.tornado.js into tools\party.js
AutoBuild: Including build template config/builds/druid.tornado.js into tools\toolsthread.js
