AutoBuild: Including build template config/builds/sorceress.meteor.js into default.dbj
AutoBuild: Including build template config/builds/sorceress.meteor.js into tools\autobuildthread.js
AutoBuild: Loaded helper thread
AutoBuild: Including build template config/builds/sorceress.meteor.js into tools\party.js
AutoBuild: Including build template config/builds/sorceress.meteor.js into tools\toolsthread.js
AutoBuild: Including build template config/builds/sorceress.meteor.js into default.dbj
AutoBuild: Including build template config/builds/sorceress.meteor.js into tools\autobuildthread.js
AutoBuild: Loaded helper thread
AutoBuild: Including build template config/builds/sorceress.meteor.js into tools\party.js
AutoBuild: Including build template config/builds/sorceress.meteor.js into tools\toolsthread.js
AutoBuild: Including build template config/builds/sorceress.meteor.js into default.dbj
AutoBuild: Including build template config/builds/sorceress.meteor.js into tools\autobuildthread.js
AutoBuild: Loaded helper thread
AutoBuild: Including build template config/builds/sorceress.meteor.js into tools\party.js
AutoBuild: Including build template config/builds/sorceress.meteor.js into tools\toolsthread.js
AutoBuild: Including build template config/builds/sorceress.meteor.js into default.dbj
AutoBuild: Including build template config/builds/sorceress.meteor.js into tools\autobuildthread.js
AutoBuild: Loaded helper thread
AutoBuild: Including build template config/builds/sorceress.meteor.js into tools\party.js
AutoBuild: Including build template config/builds/sorceress.meteor.js into tools\toolsthread.js
AutoBuild: Including build template config/builds/sorceress.meteor.js into default.dbj
AutoBuild: Including build template config/builds/sorceress.meteor.js into tools\autobuildthread.js
AutoBuild: Loaded helper thread
AutoBuild: Including build template config/builds/sorceress.meteor.js into tools\party.js
AutoBuild: Including build template config/builds/sorceress.meteor.js into tools\toolsthread.js
AutoBuild: Including build template config/builds/sorceress.meteor.js into default.dbj
AutoBuild: Including build template config/builds/sorceress.meteor.js into tools\autobuildthread.js
AutoBuild: Loaded helper thread
AutoBuild: Including build template config/builds/sorceress.meteor.js into tools\party.js
AutoBuild: Including build template config/builds/sorceress.meteor.js into tools\toolsthread.js
AutoBuild: Including build template config/builds/sorceress.meteor.js into default.dbj
AutoBuild: Including build template config/builds/sorceress.meteor.js into tools\autobuildthread.js
AutoBuild: Loaded helper thread
AutoBuild: Including build template config/builds/sorceress.meteor.js into tools\party.js
AutoBuild: Including build template config/builds/sorceress.meteor.js into tools\toolsthread.js
AutoBuild: Including build template config/builds/sorceress.meteor.js into default.dbj
AutoBuild: Including build template config/builds/sorceress.meteor.js into tools\autobuildthread.js
AutoBuild: Loaded helper thread
AutoBuild: Including build template config/builds/sorceress.meteor.js into tools\party.js
AutoBuild: Including build template config/builds/sorceress.meteor.js into tools\toolsthread.js
AutoBuild: Including build template config/builds/sorceress.meteor.js into default.dbj
AutoBuild: Including build template config/builds/sorceress.meteor.js into tools\autobuildthread.js
AutoBuild: Loaded helper thread
AutoBuild: Including build template config/builds/sorceress.meteor.js into tools\party.js
AutoBuild: Including build template config/builds/sorceress.meteor.js into tools\toolsthread.js
AutoBuild: Including build template config/builds/sorceress.meteor.js into default.dbj
AutoBuild: Including build template config/builds/sorceress.meteor.js into tools\autobuildthread.js
AutoBuild: Loaded helper thread
AutoBuild: Including build template config/builds/sorceress.meteor.js into tools\party.js
AutoBuild: Including build template config/builds/sorceress.meteor.js into tools\toolsthread.js
AutoBuild: Including build template config/builds/sorceress.meteor.js into default.dbj
AutoBuild: Including build template config/builds/sorceress.meteor.js into tools\autobuildthread.js
AutoBuild: Loaded helper thread
AutoBuild: Including build template config/builds/sorceress.meteor.js into tools\party.js
AutoBuild: Including build template config/builds/sorceress.meteor.js into tools\toolsthread.js
AutoBuild: Including build template config/builds/sorceress.meteor.js into default.dbj
AutoBuild: Including build template config/builds/sorceress.meteor.js into tools\autobuildthread.js
AutoBuild: Loaded helper thread
AutoBuild: Including build template config/builds/sorceress.meteor.js into tools\party.js
AutoBuild: Including build template config/builds/sorceress.meteor.js into tools\toolsthread.js
AutoBuild: Including build template config/builds/sorceress.meteor.js into default.dbj
AutoBuild: Including build template config/builds/sorceress.meteor.js into tools\autobuildthread.js
AutoBuild: Loaded helper thread
AutoBuild: Including build template config/builds/sorceress.meteor.js into tools\party.js
AutoBuild: Including build template config/builds/sorceress.meteor.js into tools\toolsthread.js
AutoBuild: Including build template config/builds/sorceress.meteor.js into default.dbj
AutoBuild: Including build template config/builds/sorceress.meteor.js into tools\autobuildthread.js
AutoBuild: Loaded helper thread
AutoBuild: Including build template config/builds/sorceress.meteor.js into tools\party.js
AutoBuild: Including build template config/builds/sorceress.meteor.js into tools\toolsthread.js
AutoBuild: Including build template config/builds/sorceress.meteor.js into default.dbj
AutoBuild: Including build template config/builds/sorceress.meteor.js into tools\autobuildthread.js
AutoBuild: Loaded helper thread
AutoBuild: Including build template config/builds/sorceress.meteor.js into tools\party.js
AutoBuild: Including build template config/builds/sorceress.meteor.js into tools\toolsthread.js
AutoBuild: Including build template config/builds/sorceress.meteor.js into default.dbj
AutoBuild: Including build template config/builds/sorceress.meteor.js into tools\autobuildthread.js
AutoBuild: Loaded helper thread
AutoBuild: Including build template config/builds/sorceress.meteor.js into tools\party.js
AutoBuild: Including build template config/builds/sorceress.meteor.js into tools\toolsthread.js
AutoBuild: Including build template config/builds/sorceress.meteor.js into default.dbj
AutoBuild: Including build template config/builds/sorceress.meteor.js into tools\autobuildthread.js
AutoBuild: Loaded helper thread
AutoBuild: Including build template config/builds/sorceress.meteor.js into tools\party.js
AutoBuild: Including build template config/builds/sorceress.meteor.js into tools\toolsthread.js
AutoBuild: Including build template config/builds/sorceress.meteor.js into default.dbj
AutoBuild: Including build template config/builds/sorceress.meteor.js into tools\autobuildthread.js
AutoBuild: Loaded helper thread
AutoBuild: Including build template config/builds/sorceress.meteor.js into tools\party.js
AutoBuild: Including build template config/builds/sorceress.meteor.js into tools\toolsthread.js
AutoBuild: Stat points: 10      Skill points: 1
AutoBuild: Level up detected ( 86 --> 87 )
AutoBuild: useSkillPoint(): Fire Bolt (36)
AutoBuild: Attempt to spend skill point 1 in Fire Bolt (36) may have failed!
AutoBuild: useStatPoint(0): Strength
AutoBuild: Stat (1/5) Increased Strength from 100 to 101
AutoBuild: useStatPoint(1): Energy
AutoBuild: Stat (2/5) Increased Energy from 220 to 221
AutoBuild: useStatPoint(1): Energy
AutoBuild: Stat (3/5) Increased Energy from 221 to 222
AutoBuild: useStatPoint(3): Vitality
AutoBuild: Stat (4/5) Increased Vitality from 208 to 209
AutoBuild: useStatPoint(3): Vitality
AutoBuild: Stat (5/5) Increased Vitality from 209 to 210
AutoBuild: Updating Config from level 86 to 87
AutoBuild: Incrementing cached character level to 87
AutoBuild: Including build template config/builds/sorceress.meteor.js into default.dbj
AutoBuild: Including build template config/builds/sorceress.meteor.js into tools\autobuildthread.js
AutoBuild: Loaded helper thread
AutoBuild: Including build template config/builds/sorceress.meteor.js into tools\party.js
AutoBuild: Including build template config/builds/sorceress.meteor.js into tools\toolsthread.js
AutoBuild: Including build template config/builds/sorceress.meteor.js into default.dbj
AutoBuild: Including build template config/builds/sorceress.meteor.js into tools\autobuildthread.js
AutoBuild: Loaded helper thread
AutoBuild: Including build template config/builds/sorceress.meteor.js into tools\party.js
AutoBuild: Including build template config/builds/sorceress.meteor.js into tools\toolsthread.js
AutoBuild: Including build template config/builds/sorceress.meteor.js into default.dbj
AutoBuild: Including build template config/builds/sorceress.meteor.js into tools\autobuildthread.js
AutoBuild: Loaded helper thread
AutoBuild: Including build template config/builds/sorceress.meteor.js into tools\party.js
AutoBuild: Including build template config/builds/sorceress.meteor.js into tools\toolsthread.js
AutoBuild: Including build template config/builds/sorceress.meteor.js into default.dbj
AutoBuild: Including build template config/builds/sorceress.meteor.js into tools\autobuildthread.js
AutoBuild: Loaded helper thread
AutoBuild: Including build template config/builds/sorceress.meteor.js into tools\party.js
AutoBuild: Including build template config/builds/sorceress.meteor.js into tools\toolsthread.js
AutoBuild: Including build template config/builds/sorceress.meteor.js into default.dbj
AutoBuild: Including build template config/builds/sorceress.meteor.js into tools\autobuildthread.js
AutoBuild: Loaded helper thread
AutoBuild: Including build template config/builds/sorceress.meteor.js into tools\party.js
AutoBuild: Including build template config/builds/sorceress.meteor.js into tools\toolsthread.js
AutoBuild: Including build template config/builds/sorceress.meteor.js into default.dbj
AutoBuild: Including build template config/builds/sorceress.meteor.js into tools\autobuildthread.js
AutoBuild: Loaded helper thread
AutoBuild: Including build template config/builds/sorceress.meteor.js into tools\party.js
AutoBuild: Including build template config/builds/sorceress.meteor.js into tools\toolsthread.js
AutoBuild: Including build template config/builds/sorceress.meteor.js into default.dbj
AutoBuild: Including build template config/builds/sorceress.meteor.js into tools\autobuildthread.js
AutoBuild: Loaded helper thread
AutoBuild: Including build template config/builds/sorceress.meteor.js into tools\party.js
AutoBuild: Including build template config/builds/sorceress.meteor.js into tools\toolsthread.js
AutoBuild: Including build template config/builds/sorceress.meteor.js into default.dbj
AutoBuild: Including build template config/builds/sorceress.meteor.js into tools\autobuildthread.js
AutoBuild: Loaded helper thread
AutoBuild: Including build template config/builds/sorceress.meteor.js into tools\party.js
AutoBuild: Including build template config/builds/sorceress.meteor.js into tools\toolsthread.js
AutoBuild: Including build template config/builds/sorceress.meteor.js into default.dbj
AutoBuild: Including build template config/builds/sorceress.meteor.js into tools\autobuildthread.js
AutoBuild: Loaded helper thread
AutoBuild: Including build template config/builds/sorceress.meteor.js into tools\party.js
AutoBuild: Including build template config/builds/sorceress.meteor.js into tools\toolsthread.js
AutoBuild: Including build template config/builds/sorceress.meteor.js into default.dbj
AutoBuild: Including build template config/builds/sorceress.meteor.js into tools\autobuildthread.js
AutoBuild: Loaded helper thread
AutoBuild: Including build template config/builds/sorceress.meteor.js into tools\party.js
AutoBuild: Including build template config/builds/sorceress.meteor.js into tools\toolsthread.js
AutoBuild: Including build template config/builds/sorceress.meteor.js into default.dbj
AutoBuild: Including build template config/builds/sorceress.meteor.js into tools\autobuildthread.js
AutoBuild: Loaded helper thread
AutoBuild: Including build template config/builds/sorceress.meteor.js into tools\party.js
AutoBuild: Including build template config/builds/sorceress.meteor.js into tools\toolsthread.js
AutoBuild: Including build template config/builds/sorceress.meteor.js into default.dbj
AutoBuild: Including build template config/builds/sorceress.meteor.js into tools\autobuildthread.js
AutoBuild: Loaded helper thread
AutoBuild: Including build template config/builds/sorceress.meteor.js into tools\party.js
AutoBuild: Including build template config/builds/sorceress.meteor.js into tools\toolsthread.js
AutoBuild: Including build template config/builds/sorceress.meteor.js into default.dbj
AutoBuild: Including build template config/builds/sorceress.meteor.js into tools\autobuildthread.js
AutoBuild: Loaded helper thread
AutoBuild: Including build template config/builds/sorceress.meteor.js into tools\party.js
AutoBuild: Including build template config/builds/sorceress.meteor.js into tools\toolsthread.js
AutoBuild: Including build template config/builds/sorceress.meteor.js into default.dbj
AutoBuild: Including build template config/builds/sorceress.meteor.js into tools\autobuildthread.js
AutoBuild: Loaded helper thread
AutoBuild: Including build template config/builds/sorceress.meteor.js into tools\party.js
AutoBuild: Including build template config/builds/sorceress.meteor.js into tools\toolsthread.js
AutoBuild: Including build template config/builds/sorceress.meteor.js into default.dbj
AutoBuild: Including build template config/builds/sorceress.meteor.js into tools\autobuildthread.js
AutoBuild: Loaded helper thread
AutoBuild: Including build template config/builds/sorceress.meteor.js into tools\party.js
AutoBuild: Including build template config/builds/sorceress.meteor.js into tools\toolsthread.js
AutoBuild: Including build template config/builds/sorceress.meteor.js into default.dbj
AutoBuild: Including build template config/builds/sorceress.meteor.js into tools\autobuildthread.js
AutoBuild: Loaded helper thread
AutoBuild: Including build template config/builds/sorceress.meteor.js into tools\party.js
AutoBuild: Including build template config/builds/sorceress.meteor.js into tools\toolsthread.js
AutoBuild: Including build template config/builds/sorceress.meteor.js into default.dbj
AutoBuild: Including build template config/builds/sorceress.meteor.js into tools\autobuildthread.js
AutoBuild: Loaded helper thread
AutoBuild: Including build template config/builds/sorceress.meteor.js into tools\party.js
AutoBuild: Including build template config/builds/sorceress.meteor.js into tools\toolsthread.js
AutoBuild: Including build template config/builds/sorceress.meteor.js into default.dbj
AutoBuild: Including build template config/builds/sorceress.meteor.js into tools\autobuildthread.js
AutoBuild: Loaded helper thread
AutoBuild: Including build template config/builds/sorceress.meteor.js into tools\party.js
AutoBuild: Including build template config/builds/sorceress.meteor.js into tools\toolsthread.js
AutoBuild: Including build template config/builds/sorceress.meteor.js into default.dbj
AutoBuild: Including build template config/builds/sorceress.meteor.js into tools\autobuildthread.js
AutoBuild: Loaded helper thread
AutoBuild: Including build template config/builds/sorceress.meteor.js into tools\party.js
AutoBuild: Including build template config/builds/sorceress.meteor.js into tools\toolsthread.js
AutoBuild: Including build template config/builds/sorceress.meteor.js into default.dbj
AutoBuild: Including build template config/builds/sorceress.meteor.js into tools\autobuildthread.js
AutoBuild: Loaded helper thread
AutoBuild: Including build template config/builds/sorceress.meteor.js into tools\party.js
AutoBuild: Including build template config/builds/sorceress.meteor.js into tools\toolsthread.js
AutoBuild: Including build template config/builds/sorceress.meteor.js into default.dbj
AutoBuild: Including build template config/builds/sorceress.meteor.js into tools\autobuildthread.js
AutoBuild: Loaded helper thread
AutoBuild: Including build template config/builds/sorceress.meteor.js into tools\party.js
AutoBuild: Including build template config/builds/sorceress.meteor.js into tools\toolsthread.js
AutoBuild: Including build template config/builds/sorceress.meteor.js into default.dbj
AutoBuild: Including build template config/builds/sorceress.meteor.js into tools\autobuildthread.js
AutoBuild: Loaded helper thread
AutoBuild: Including build template config/builds/sorceress.meteor.js into tools\party.js
AutoBuild: Including build template config/builds/sorceress.meteor.js into tools\toolsthread.js
AutoBuild: Including build template config/builds/sorceress.meteor.js into default.dbj
AutoBuild: Including build template config/builds/sorceress.meteor.js into tools\autobuildthread.js
AutoBuild: Loaded helper thread
AutoBuild: Including build template config/builds/sorceress.meteor.js into tools\party.js
AutoBuild: Including build template config/builds/sorceress.meteor.js into tools\toolsthread.js
AutoBuild: Including build template config/builds/sorceress.meteor.js into default.dbj
AutoBuild: Including build template config/builds/sorceress.meteor.js into tools\autobuildthread.js
AutoBuild: Loaded helper thread
AutoBuild: Including build template config/builds/sorceress.meteor.js into tools\party.js
AutoBuild: Including build template config/builds/sorceress.meteor.js into tools\toolsthread.js
AutoBuild: Including build template config/builds/sorceress.meteor.js into default.dbj
AutoBuild: Including build template config/builds/sorceress.meteor.js into tools\autobuildthread.js
AutoBuild: Loaded helper thread
AutoBuild: Including build template config/builds/sorceress.meteor.js into tools\party.js
AutoBuild: Including build template config/builds/sorceress.meteor.js into tools\toolsthread.js
AutoBuild: Including build template config/builds/sorceress.meteor.js into default.dbj
AutoBuild: Including build template config/builds/sorceress.meteor.js into tools\autobuildthread.js
AutoBuild: Loaded helper thread
AutoBuild: Including build template config/builds/sorceress.meteor.js into tools\party.js
AutoBuild: Including build template config/builds/sorceress.meteor.js into tools\toolsthread.js
AutoBuild: Including build template config/builds/sorceress.meteor.js into default.dbj
AutoBuild: Including build template config/builds/sorceress.meteor.js into tools\autobuildthread.js
AutoBuild: Loaded helper thread
AutoBuild: Including build template config/builds/sorceress.meteor.js into tools\party.js
AutoBuild: Including build template config/builds/sorceress.meteor.js into tools\toolsthread.js
AutoBuild: Including build template config/builds/sorceress.meteor.js into default.dbj
AutoBuild: Including build template config/builds/sorceress.meteor.js into tools\autobuildthread.js
AutoBuild: Loaded helper thread
AutoBuild: Including build template config/builds/sorceress.meteor.js into tools\party.js
AutoBuild: Including build template config/builds/sorceress.meteor.js into tools\toolsthread.js
AutoBuild: Including build template config/builds/sorceress.meteor.js into default.dbj
AutoBuild: Including build template config/builds/sorceress.meteor.js into tools\autobuildthread.js
AutoBuild: Loaded helper thread
AutoBuild: Including build template config/builds/sorceress.meteor.js into tools\party.js
AutoBuild: Including build template config/builds/sorceress.meteor.js into tools\toolsthread.js
AutoBuild: Including build template config/builds/sorceress.meteor.js into default.dbj
AutoBuild: Including build template config/builds/sorceress.meteor.js into tools\autobuildthread.js
AutoBuild: Loaded helper thread
AutoBuild: Including build template config/builds/sorceress.meteor.js into tools\party.js
AutoBuild: Including build template config/builds/sorceress.meteor.js into tools\toolsthread.js
AutoBuild: Including build template config/builds/sorceress.meteor.js into default.dbj
AutoBuild: Including build template config/builds/sorceress.meteor.js into tools\autobuildthread.js
AutoBuild: Loaded helper thread
AutoBuild: Including build template config/builds/sorceress.meteor.js into tools\party.js
AutoBuild: Including build template config/builds/sorceress.meteor.js into tools\toolsthread.js
AutoBuild: Including build template config/builds/sorceress.meteor.js into default.dbj
AutoBuild: Including build template config/builds/sorceress.meteor.js into tools\autobuildthread.js
AutoBuild: Loaded helper thread
AutoBuild: Including build template config/builds/sorceress.meteor.js into tools\party.js
AutoBuild: Including build template config/builds/sorceress.meteor.js into tools\toolsthread.js
AutoBuild: Including build template config/builds/sorceress.meteor.js into default.dbj
AutoBuild: Including build template config/builds/sorceress.meteor.js into tools\autobuildthread.js
AutoBuild: Loaded helper thread
AutoBuild: Including build template config/builds/sorceress.meteor.js into tools\party.js
AutoBuild: Including build template config/builds/sorceress.meteor.js into tools\toolsthread.js
