AutoBuild: Including build template config/builds/sorceress.blizzard.js into default.dbj
AutoBuild: Including build template config/builds/sorceress.blizzard.js into tools\autobuildthread.js
AutoBuild: Loaded helper thread
AutoBuild: Including build template config/builds/sorceress.blizzard.js into tools\party.js
AutoBuild: Including build template config/builds/sorceress.blizzard.js into tools\toolsthread.js
AutoBuild: Including build template config/builds/sorceress.blizzard.js into default.dbj
AutoBuild: Including build template config/builds/sorceress.blizzard.js into tools\autobuildthread.js
AutoBuild: Including build template config/builds/sorceress.blizzard.js into tools\party.js
AutoBuild: Including build template config/builds/sorceress.blizzard.js into tools\toolsthread.js
AutoBuild: Loaded helper thread
AutoBuild: Including build template config/builds/sorceress.blizzard.js into default.dbj
AutoBuild: Including build template config/builds/sorceress.blizzard.js into tools\autobuildthread.js
AutoBuild: Loaded helper thread
AutoBuild: Including build template config/builds/sorceress.blizzard.js into tools\party.js
AutoBuild: Including build template config/builds/sorceress.blizzard.js into tools\toolsthread.js
AutoBuild: Including build template config/builds/sorceress.blizzard.js into default.dbj
AutoBuild: Including build template config/builds/sorceress.blizzard.js into tools\autobuildthread.js
AutoBuild: Loaded helper thread
AutoBuild: Including build template config/builds/sorceress.blizzard.js into tools\party.js
AutoBuild: Including build template config/builds/sorceress.blizzard.js into tools\toolsthread.js
AutoBuild: Including build template config/builds/sorceress.blizzard.js into default.dbj
AutoBuild: Including build template config/builds/sorceress.blizzard.js into tools\autobuildthread.js
AutoBuild: Loaded helper thread
AutoBuild: Including build template config/builds/sorceress.blizzard.js into tools\party.js
AutoBuild: Including build template config/builds/sorceress.blizzard.js into tools\toolsthread.js
AutoBuild: Including build template config/builds/sorceress.blizzard.js into default.dbj
AutoBuild: Including build template config/builds/sorceress.blizzard.js into tools\autobuildthread.js
AutoBuild: Loaded helper thread
AutoBuild: Including build template config/builds/sorceress.blizzard.js into tools\party.js
AutoBuild: Including build template config/builds/sorceress.blizzard.js into tools\toolsthread.js
AutoBuild: Including build template config/builds/sorceress.blizzard.js into default.dbj
AutoBuild: Including build template config/builds/sorceress.blizzard.js into tools\autobuildthread.js
AutoBuild: Loaded helper thread
AutoBuild: Including build template config/builds/sorceress.blizzard.js into tools\toolsthread.js
AutoBuild: Including build template config/builds/sorceress.blizzard.js into tools\party.js
AutoBuild: Stat points: 5      Skill points: 1
AutoBuild: Level up detected ( 84 --> 85 )
AutoBuild: useSkillPoint(): Ice Blast (45)
AutoBuild: Attempt to spend skill point 1 in Ice Blast (45) may have failed!
AutoBuild: useStatPoint(0): Strength
AutoBuild: Stat (1/5) Increased Strength from 103 to 104
AutoBuild: useStatPoint(1): Energy
AutoBuild: Stat (2/5) Increased Energy from 228 to 229
AutoBuild: useStatPoint(1): Energy
AutoBuild: Stat (3/5) Increased Energy from 229 to 230
AutoBuild: useStatPoint(3): Vitality
AutoBuild: Attempt to spend point 4 in Vitality may have failed!
AutoBuild: useStatPoint(3): Vitality
AutoBuild: Stat (5/5) Increased Vitality from 203 to 204
AutoBuild: Updating Config from level 84 to 85
AutoBuild: Incrementing cached character level to 85
AutoBuild: Including build template config/builds/sorceress.blizzard.js into default.dbj
AutoBuild: Including build template config/builds/sorceress.blizzard.js into tools\autobuildthread.js
AutoBuild: Loaded helper thread
AutoBuild: Including build template config/builds/sorceress.blizzard.js into tools\party.js
AutoBuild: Including build template config/builds/sorceress.blizzard.js into tools\toolsthread.js
AutoBuild: Including build template config/builds/sorceress.blizzard.js into default.dbj
AutoBuild: Including build template config/builds/sorceress.blizzard.js into tools\autobuildthread.js
AutoBuild: Loaded helper thread
AutoBuild: Including build template config/builds/sorceress.blizzard.js into tools\party.js
AutoBuild: Including build template config/builds/sorceress.blizzard.js into tools\toolsthread.js
AutoBuild: Including build template config/builds/sorceress.blizzard.js into default.dbj
AutoBuild: Including build template config/builds/sorceress.blizzard.js into tools\autobuildthread.js
AutoBuild: Loaded helper thread
AutoBuild: Including build template config/builds/sorceress.blizzard.js into tools\party.js
AutoBuild: Including build template config/builds/sorceress.blizzard.js into tools\toolsthread.js
AutoBuild: Including build template config/builds/sorceress.blizzard.js into default.dbj
AutoBuild: Including build template config/builds/sorceress.blizzard.js into tools\autobuildthread.js
AutoBuild: Loaded helper thread
AutoBuild: Including build template config/builds/sorceress.blizzard.js into tools\party.js
AutoBuild: Including build template config/builds/sorceress.blizzard.js into tools\toolsthread.js
AutoBuild: Including build template config/builds/sorceress.blizzard.js into default.dbj
AutoBuild: Including build template config/builds/sorceress.blizzard.js into tools\autobuildthread.js
AutoBuild: Loaded helper thread
AutoBuild: Including build template config/builds/sorceress.blizzard.js into tools\party.js
AutoBuild: Including build template config/builds/sorceress.blizzard.js into tools\toolsthread.js
AutoBuild: Including build template config/builds/sorceress.blizzard.js into default.dbj
AutoBuild: Including build template config/builds/sorceress.blizzard.js into tools\autobuildthread.js
AutoBuild: Loaded helper thread
AutoBuild: Including build template config/builds/sorceress.blizzard.js into tools\party.js
AutoBuild: Including build template config/builds/sorceress.blizzard.js into tools\toolsthread.js
AutoBuild: Including build template config/builds/sorceress.blizzard.js into default.dbj
AutoBuild: Including build template config/builds/sorceress.blizzard.js into tools\autobuildthread.js
AutoBuild: Loaded helper thread
AutoBuild: Including build template config/builds/sorceress.blizzard.js into tools\party.js
AutoBuild: Including build template config/builds/sorceress.blizzard.js into tools\toolsthread.js
AutoBuild: Including build template config/builds/sorceress.blizzard.js into default.dbj
AutoBuild: Including build template config/builds/sorceress.blizzard.js into tools\autobuildthread.js
AutoBuild: Loaded helper thread
AutoBuild: Including build template config/builds/sorceress.blizzard.js into tools\party.js
AutoBuild: Including build template config/builds/sorceress.blizzard.js into tools\toolsthread.js
AutoBuild: Including build template config/builds/sorceress.blizzard.js into default.dbj
AutoBuild: Including build template config/builds/sorceress.blizzard.js into tools\autobuildthread.js
AutoBuild: Loaded helper thread
AutoBuild: Including build template config/builds/sorceress.blizzard.js into tools\party.js
AutoBuild: Including build template config/builds/sorceress.blizzard.js into tools\toolsthread.js
AutoBuild: Including build template config/builds/sorceress.blizzard.js into default.dbj
AutoBuild: Including build template config/builds/sorceress.blizzard.js into tools\autobuildthread.js
AutoBuild: Loaded helper thread
AutoBuild: Including build template config/builds/sorceress.blizzard.js into tools\party.js
AutoBuild: Including build template config/builds/sorceress.blizzard.js into tools\toolsthread.js
AutoBuild: Including build template config/builds/sorceress.blizzard.js into default.dbj
AutoBuild: Including build template config/builds/sorceress.blizzard.js into tools\autobuildthread.js
AutoBuild: Loaded helper thread
AutoBuild: Including build template config/builds/sorceress.blizzard.js into tools\party.js
AutoBuild: Including build template config/builds/sorceress.blizzard.js into tools\toolsthread.js
AutoBuild: Including build template config/builds/sorceress.blizzard.js into default.dbj
AutoBuild: Including build template config/builds/sorceress.blizzard.js into tools\autobuildthread.js
AutoBuild: Loaded helper thread
AutoBuild: Including build template config/builds/sorceress.blizzard.js into tools\party.js
AutoBuild: Including build template config/builds/sorceress.blizzard.js into tools\toolsthread.js
AutoBuild: Including build template config/builds/sorceress.blizzard.js into default.dbj
AutoBuild: Including build template config/builds/sorceress.blizzard.js into tools\autobuildthread.js
AutoBuild: Loaded helper thread
AutoBuild: Including build template config/builds/sorceress.blizzard.js into tools\party.js
AutoBuild: Including build template config/builds/sorceress.blizzard.js into tools\toolsthread.js
AutoBuild: Including build template config/builds/sorceress.blizzard.js into default.dbj
AutoBuild: Including build template config/builds/sorceress.blizzard.js into tools\autobuildthread.js
AutoBuild: Loaded helper thread
AutoBuild: Including build template config/builds/sorceress.blizzard.js into tools\party.js
AutoBuild: Including build template config/builds/sorceress.blizzard.js into tools\toolsthread.js
AutoBuild: Including build template config/builds/sorceress.blizzard.js into default.dbj
AutoBuild: Including build template config/builds/sorceress.blizzard.js into tools\autobuildthread.js
AutoBuild: Loaded helper thread
AutoBuild: Including build template config/builds/sorceress.blizzard.js into tools\party.js
AutoBuild: Including build template config/builds/sorceress.blizzard.js into tools\toolsthread.js
AutoBuild: Including build template config/builds/sorceress.blizzard.js into default.dbj
AutoBuild: Including build template config/builds/sorceress.blizzard.js into tools\autobuildthread.js
AutoBuild: Loaded helper thread
AutoBuild: Including build template config/builds/sorceress.blizzard.js into tools\party.js
AutoBuild: Including build template config/builds/sorceress.blizzard.js into tools\toolsthread.js
AutoBuild: Including build template config/builds/sorceress.blizzard.js into default.dbj
AutoBuild: Including build template config/builds/sorceress.blizzard.js into tools\autobuildthread.js
AutoBuild: Loaded helper thread
AutoBuild: Including build template config/builds/sorceress.blizzard.js into default.dbj
AutoBuild: Including build template config/builds/sorceress.blizzard.js into tools\party.js
AutoBuild: Including build template config/builds/sorceress.blizzard.js into tools\toolsthread.js
AutoBuild: Including build template config/builds/sorceress.blizzard.js into default.dbj
AutoBuild: Including build template config/builds/sorceress.blizzard.js into tools\autobuildthread.js
AutoBuild: Loaded helper thread
AutoBuild: Including build template config/builds/sorceress.blizzard.js into tools\party.js
AutoBuild: Including build template config/builds/sorceress.blizzard.js into tools\toolsthread.js
AutoBuild: Including build template config/builds/sorceress.blizzard.js into default.dbj
AutoBuild: Including build template config/builds/sorceress.blizzard.js into tools\autobuildthread.js
AutoBuild: Loaded helper thread
AutoBuild: Including build template config/builds/sorceress.blizzard.js into tools\party.js
AutoBuild: Including build template config/builds/sorceress.blizzard.js into tools\toolsthread.js
AutoBuild: Including build template config/builds/sorceress.blizzard.js into default.dbj
AutoBuild: Including build template config/builds/sorceress.blizzard.js into tools\autobuildthread.js
AutoBuild: Loaded helper thread
AutoBuild: Including build template config/builds/sorceress.blizzard.js into tools\party.js
AutoBuild: Including build template config/builds/sorceress.blizzard.js into tools\toolsthread.js
AutoBuild: Including build template config/builds/sorceress.blizzard.js into default.dbj
AutoBuild: Including build template config/builds/sorceress.blizzard.js into tools\autobuildthread.js
AutoBuild: Loaded helper thread
AutoBuild: Including build template config/builds/sorceress.blizzard.js into tools\party.js
AutoBuild: Including build template config/builds/sorceress.blizzard.js into tools\toolsthread.js
AutoBuild: Including build template config/builds/sorceress.blizzard.js into default.dbj
AutoBuild: Including build template config/builds/sorceress.blizzard.js into tools\autobuildthread.js
AutoBuild: Loaded helper thread
AutoBuild: Including build template config/builds/sorceress.blizzard.js into tools\party.js
AutoBuild: Including build template config/builds/sorceress.blizzard.js into tools\toolsthread.js
AutoBuild: Including build template config/builds/sorceress.blizzard.js into default.dbj
AutoBuild: Including build template config/builds/sorceress.blizzard.js into tools\autobuildthread.js
AutoBuild: Loaded helper thread
AutoBuild: Including build template config/builds/sorceress.blizzard.js into tools\party.js
AutoBuild: Including build template config/builds/sorceress.blizzard.js into tools\toolsthread.js
AutoBuild: Including build template config/builds/sorceress.blizzard.js into default.dbj
AutoBuild: Including build template config/builds/sorceress.blizzard.js into tools\autobuildthread.js
AutoBuild: Loaded helper thread
AutoBuild: Including build template config/builds/sorceress.blizzard.js into tools\party.js
AutoBuild: Including build template config/builds/sorceress.blizzard.js into tools\toolsthread.js
AutoBuild: Including build template config/builds/sorceress.blizzard.js into default.dbj
AutoBuild: Including build template config/builds/sorceress.blizzard.js into tools\autobuildthread.js
AutoBuild: Loaded helper thread
AutoBuild: Including build template config/builds/sorceress.blizzard.js into tools\party.js
AutoBuild: Including build template config/builds/sorceress.blizzard.js into tools\toolsthread.js
AutoBuild: Including build template config/builds/sorceress.blizzard.js into default.dbj
AutoBuild: Including build template config/builds/sorceress.blizzard.js into tools\autobuildthread.js
AutoBuild: Loaded helper thread
AutoBuild: Including build template config/builds/sorceress.blizzard.js into tools\party.js
AutoBuild: Including build template config/builds/sorceress.blizzard.js into tools\toolsthread.js
AutoBuild: Including build template config/builds/sorceress.blizzard.js into default.dbj
AutoBuild: Including build template config/builds/sorceress.blizzard.js into tools\autobuildthread.js
AutoBuild: Loaded helper thread
AutoBuild: Including build template config/builds/sorceress.blizzard.js into tools\party.js
AutoBuild: Including build template config/builds/sorceress.blizzard.js into tools\toolsthread.js
AutoBuild: Including build template config/builds/sorceress.blizzard.js into default.dbj
AutoBuild: Including build template config/builds/sorceress.blizzard.js into tools\autobuildthread.js
AutoBuild: Loaded helper thread
AutoBuild: Including build template config/builds/sorceress.blizzard.js into tools\party.js
AutoBuild: Including build template config/builds/sorceress.blizzard.js into tools\toolsthread.js
AutoBuild: Including build template config/builds/sorceress.blizzard.js into default.dbj
AutoBuild: Including build template config/builds/sorceress.blizzard.js into tools\autobuildthread.js
AutoBuild: Loaded helper thread
AutoBuild: Including build template config/builds/sorceress.blizzard.js into tools\party.js
AutoBuild: Including build template config/builds/sorceress.blizzard.js into tools\toolsthread.js
AutoBuild: Including build template config/builds/sorceress.blizzard.js into default.dbj
AutoBuild: Including build template config/builds/sorceress.blizzard.js into tools\autobuildthread.js
AutoBuild: Loaded helper thread
AutoBuild: Including build template config/builds/sorceress.blizzard.js into tools\party.js
AutoBuild: Including build template config/builds/sorceress.blizzard.js into tools\toolsthread.js
AutoBuild: Including build template config/builds/sorceress.blizzard.js into default.dbj
AutoBuild: Including build template config/builds/sorceress.blizzard.js into tools\autobuildthread.js
AutoBuild: Loaded helper thread
AutoBuild: Including build template config/builds/sorceress.blizzard.js into tools\party.js
AutoBuild: Including build template config/builds/sorceress.blizzard.js into tools\toolsthread.js
AutoBuild: Including build template config/builds/sorceress.blizzard.js into default.dbj
AutoBuild: Including build template config/builds/sorceress.blizzard.js into tools\autobuildthread.js
AutoBuild: Loaded helper thread
AutoBuild: Including build template config/builds/sorceress.blizzard.js into tools\party.js
AutoBuild: Including build template config/builds/sorceress.blizzard.js into tools\toolsthread.js
AutoBuild: Including build template config/builds/sorceress.blizzard.js into default.dbj
AutoBuild: Including build template config/builds/sorceress.blizzard.js into tools\autobuildthread.js
AutoBuild: Loaded helper thread
AutoBuild: Including build template config/builds/sorceress.blizzard.js into tools\party.js
AutoBuild: Including build template config/builds/sorceress.blizzard.js into tools\toolsthread.js
AutoBuild: Including build template config/builds/sorceress.blizzard.js into default.dbj
AutoBuild: Including build template config/builds/sorceress.blizzard.js into tools\autobuildthread.js
AutoBuild: Loaded helper thread
AutoBuild: Including build template config/builds/sorceress.blizzard.js into tools\party.js
AutoBuild: Including build template config/builds/sorceress.blizzard.js into tools\toolsthread.js
AutoBuild: Including build template config/builds/sorceress.blizzard.js into default.dbj
AutoBuild: Including build template config/builds/sorceress.blizzard.js into tools\autobuildthread.js
AutoBuild: Including build template config/builds/sorceress.blizzard.js into tools\party.js
AutoBuild: Loaded helper thread
AutoBuild: Including build template config/builds/sorceress.blizzard.js into tools\toolsthread.js
AutoBuild: Including build template config/builds/sorceress.blizzard.js into default.dbj
AutoBuild: Including build template config/builds/sorceress.blizzard.js into tools\autobuildthread.js
AutoBuild: Loaded helper thread
AutoBuild: Including build template config/builds/sorceress.blizzard.js into tools\party.js
AutoBuild: Including build template config/builds/sorceress.blizzard.js into tools\toolsthread.js
AutoBuild: Including build template config/builds/sorceress.blizzard.js into default.dbj
AutoBuild: Including build template config/builds/sorceress.blizzard.js into tools\autobuildthread.js
AutoBuild: Loaded helper thread
AutoBuild: Including build template config/builds/sorceress.blizzard.js into tools\party.js
AutoBuild: Including build template config/builds/sorceress.blizzard.js into tools\toolsthread.js
AutoBuild: Including build template config/builds/sorceress.blizzard.js into default.dbj
AutoBuild: Including build template config/builds/sorceress.blizzard.js into tools\autobuildthread.js
AutoBuild: Loaded helper thread
AutoBuild: Including build template config/builds/sorceress.blizzard.js into default.dbj
AutoBuild: Including build template config/builds/sorceress.blizzard.js into tools\autobuildthread.js
AutoBuild: Loaded helper thread
AutoBuild: Including build template config/builds/sorceress.blizzard.js into tools\party.js
AutoBuild: Including build template config/builds/sorceress.blizzard.js into tools\toolsthread.js
AutoBuild: Including build template config/builds/sorceress.blizzard.js into default.dbj
AutoBuild: Including build template config/builds/sorceress.blizzard.js into tools\autobuildthread.js
AutoBuild: Loaded helper thread
AutoBuild: Including build template config/builds/sorceress.blizzard.js into tools\party.js
AutoBuild: Including build template config/builds/sorceress.blizzard.js into tools\toolsthread.js
AutoBuild: Including build template config/builds/sorceress.blizzard.js into default.dbj
AutoBuild: Including build template config/builds/sorceress.blizzard.js into tools\autobuildthread.js
AutoBuild: Loaded helper thread
AutoBuild: Including build template config/builds/sorceress.blizzard.js into tools\party.js
AutoBuild: Including build template config/builds/sorceress.blizzard.js into tools\toolsthread.js
AutoBuild: Including build template config/builds/sorceress.blizzard.js into default.dbj
AutoBuild: Including build template config/builds/sorceress.blizzard.js into tools\autobuildthread.js
AutoBuild: Loaded helper thread
AutoBuild: Including build template config/builds/sorceress.blizzard.js into tools\party.js
AutoBuild: Including build template config/builds/sorceress.blizzard.js into tools\toolsthread.js
AutoBuild: Including build template config/builds/sorceress.blizzard.js into default.dbj
AutoBuild: Including build template config/builds/sorceress.blizzard.js into tools\autobuildthread.js
AutoBuild: Loaded helper thread
AutoBuild: Including build template config/builds/sorceress.blizzard.js into tools\party.js
AutoBuild: Including build template config/builds/sorceress.blizzard.js into tools\toolsthread.js
AutoBuild: Including build template config/builds/sorceress.blizzard.js into default.dbj
AutoBuild: Including build template config/builds/sorceress.blizzard.js into tools\autobuildthread.js
AutoBuild: Loaded helper thread
AutoBuild: Including build template config/builds/sorceress.blizzard.js into tools\party.js
AutoBuild: Including build template config/builds/sorceress.blizzard.js into tools\toolsthread.js
AutoBuild: Including build template config/builds/sorceress.blizzard.js into default.dbj
AutoBuild: Including build template config/builds/sorceress.blizzard.js into tools\autobuildthread.js
AutoBuild: Loaded helper thread
AutoBuild: Including build template config/builds/sorceress.blizzard.js into tools\party.js
AutoBuild: Including build template config/builds/sorceress.blizzard.js into tools\toolsthread.js
AutoBuild: Including build template config/builds/sorceress.blizzard.js into default.dbj
AutoBuild: Including build template config/builds/sorceress.blizzard.js into tools\party.js
AutoBuild: Including build template config/builds/sorceress.blizzard.js into tools\autobuildthread.js
AutoBuild: Loaded helper thread
AutoBuild: Including build template config/builds/sorceress.blizzard.js into tools\toolsthread.js
AutoBuild: Including build template config/builds/sorceress.blizzard.js into default.dbj
AutoBuild: Including build template config/builds/sorceress.blizzard.js into tools\autobuildthread.js
AutoBuild: Loaded helper thread
AutoBuild: Including build template config/builds/sorceress.blizzard.js into tools\party.js
AutoBuild: Including build template config/builds/sorceress.blizzard.js into tools\toolsthread.js
AutoBuild: Including build template config/builds/sorceress.blizzard.js into default.dbj
AutoBuild: Including build template config/builds/sorceress.blizzard.js into tools\autobuildthread.js
AutoBuild: Loaded helper thread
AutoBuild: Including build template config/builds/sorceress.blizzard.js into tools\party.js
AutoBuild: Including build template config/builds/sorceress.blizzard.js into tools\toolsthread.js
AutoBuild: Including build template config/builds/sorceress.blizzard.js into default.dbj
AutoBuild: Including build template config/builds/sorceress.blizzard.js into tools\autobuildthread.js
AutoBuild: Loaded helper thread
AutoBuild: Including build template config/builds/sorceress.blizzard.js into tools\party.js
AutoBuild: Including build template config/builds/sorceress.blizzard.js into tools\toolsthread.js
AutoBuild: Including build template config/builds/sorceress.blizzard.js into default.dbj
AutoBuild: Including build template config/builds/sorceress.blizzard.js into tools\autobuildthread.js
AutoBuild: Loaded helper thread
AutoBuild: Including build template config/builds/sorceress.blizzard.js into tools\party.js
AutoBuild: Including build template config/builds/sorceress.blizzard.js into tools\toolsthread.js
AutoBuild: Including build template config/builds/sorceress.blizzard.js into default.dbj
AutoBuild: Including build template config/builds/sorceress.blizzard.js into tools\autobuildthread.js
AutoBuild: Loaded helper thread
AutoBuild: Including build template config/builds/sorceress.blizzard.js into tools\party.js
AutoBuild: Including build template config/builds/sorceress.blizzard.js into tools\toolsthread.js
AutoBuild: Including build template config/builds/sorceress.blizzard.js into default.dbj
AutoBuild: Including build template config/builds/sorceress.blizzard.js into tools\autobuildthread.js
AutoBuild: Loaded helper thread
AutoBuild: Including build template config/builds/sorceress.blizzard.js into tools\party.js
AutoBuild: Including build template config/builds/sorceress.blizzard.js into tools\toolsthread.js
AutoBuild: Including build template config/builds/sorceress.blizzard.js into default.dbj
AutoBuild: Including build template config/builds/sorceress.blizzard.js into tools\autobuildthread.js
AutoBuild: Loaded helper thread
AutoBuild: Including build template config/builds/sorceress.blizzard.js into tools\party.js
AutoBuild: Including build template config/builds/sorceress.blizzard.js into tools\toolsthread.js
AutoBuild: Including build template config/builds/sorceress.blizzard.js into default.dbj
AutoBuild: Including build template config/builds/sorceress.blizzard.js into tools\autobuildthread.js
AutoBuild: Loaded helper thread
AutoBuild: Including build template config/builds/sorceress.blizzard.js into tools\party.js
AutoBuild: Including build template config/builds/sorceress.blizzard.js into tools\toolsthread.js
AutoBuild: Including build template config/builds/sorceress.blizzard.js into default.dbj
AutoBuild: Including build template config/builds/sorceress.blizzard.js into tools\autobuildthread.js
AutoBuild: Loaded helper thread
AutoBuild: Including build template config/builds/sorceress.blizzard.js into tools\party.js
AutoBuild: Including build template config/builds/sorceress.blizzard.js into tools\toolsthread.js
AutoBuild: Including build template config/builds/sorceress.blizzard.js into default.dbj
AutoBuild: Including build template config/builds/sorceress.blizzard.js into tools\autobuildthread.js
AutoBuild: Loaded helper thread
AutoBuild: Including build template config/builds/sorceress.blizzard.js into tools\party.js
AutoBuild: Including build template config/builds/sorceress.blizzard.js into tools\toolsthread.js
AutoBuild: Including build template config/builds/sorceress.blizzard.js into default.dbj
AutoBuild: Including build template config/builds/sorceress.blizzard.js into tools\autobuildthread.js
AutoBuild: Loaded helper thread
AutoBuild: Including build template config/builds/sorceress.blizzard.js into tools\party.js
AutoBuild: Including build template config/builds/sorceress.blizzard.js into tools\toolsthread.js
AutoBuild: Including build template config/builds/sorceress.blizzard.js into default.dbj
AutoBuild: Including build template config/builds/sorceress.blizzard.js into tools\autobuildthread.js
AutoBuild: Loaded helper thread
AutoBuild: Including build template config/builds/sorceress.blizzard.js into tools\party.js
AutoBuild: Including build template config/builds/sorceress.blizzard.js into tools\toolsthread.js
AutoBuild: Including build template config/builds/sorceress.blizzard.js into default.dbj
AutoBuild: Including build template config/builds/sorceress.blizzard.js into tools\autobuildthread.js
AutoBuild: Loaded helper thread
AutoBuild: Including build template config/builds/sorceress.blizzard.js into tools\party.js
AutoBuild: Including build template config/builds/sorceress.blizzard.js into tools\toolsthread.js
AutoBuild: Including build template config/builds/sorceress.blizzard.js into default.dbj
AutoBuild: Including build template config/builds/sorceress.blizzard.js into tools\autobuildthread.js
AutoBuild: Loaded helper thread
AutoBuild: Including build template config/builds/sorceress.blizzard.js into tools\party.js
AutoBuild: Including build template config/builds/sorceress.blizzard.js into tools\toolsthread.js
AutoBuild: Including build template config/builds/sorceress.blizzard.js into default.dbj
AutoBuild: Including build template config/builds/sorceress.blizzard.js into tools\autobuildthread.js
AutoBuild: Loaded helper thread
AutoBuild: Including build template config/builds/sorceress.blizzard.js into tools\party.js
AutoBuild: Including build template config/builds/sorceress.blizzard.js into tools\toolsthread.js
AutoBuild: Including build template config/builds/sorceress.blizzard.js into default.dbj
AutoBuild: Including build template config/builds/sorceress.blizzard.js into tools\autobuildthread.js
AutoBuild: Loaded helper thread
AutoBuild: Including build template config/builds/sorceress.blizzard.js into tools\party.js
AutoBuild: Including build template config/builds/sorceress.blizzard.js into tools\toolsthread.js
AutoBuild: Including build template config/builds/sorceress.blizzard.js into default.dbj
AutoBuild: Including build template config/builds/sorceress.blizzard.js into tools\autobuildthread.js
AutoBuild: Loaded helper thread
AutoBuild: Including build template config/builds/sorceress.blizzard.js into tools\party.js
AutoBuild: Including build template config/builds/sorceress.blizzard.js into tools\toolsthread.js
AutoBuild: Including build template config/builds/sorceress.blizzard.js into default.dbj
AutoBuild: Including build template config/builds/sorceress.blizzard.js into tools\autobuildthread.js
AutoBuild: Loaded helper thread
AutoBuild: Including build template config/builds/sorceress.blizzard.js into tools\party.js
AutoBuild: Including build template config/builds/sorceress.blizzard.js into tools\toolsthread.js
AutoBuild: Including build template config/builds/sorceress.blizzard.js into default.dbj
AutoBuild: Including build template config/builds/sorceress.blizzard.js into tools\autobuildthread.js
AutoBuild: Loaded helper thread
AutoBuild: Including build template config/builds/sorceress.blizzard.js into tools\party.js
AutoBuild: Including build template config/builds/sorceress.blizzard.js into tools\toolsthread.js
AutoBuild: Including build template config/builds/sorceress.blizzard.js into default.dbj
AutoBuild: Including build template config/builds/sorceress.blizzard.js into tools\autobuildthread.js
AutoBuild: Loaded helper thread
AutoBuild: Including build template config/builds/sorceress.blizzard.js into tools\party.js
AutoBuild: Including build template config/builds/sorceress.blizzard.js into tools\toolsthread.js
AutoBuild: Including build template config/builds/sorceress.blizzard.js into default.dbj
AutoBuild: Including build template config/builds/sorceress.blizzard.js into tools\autobuildthread.js
AutoBuild: Loaded helper thread
AutoBuild: Including build template config/builds/sorceress.blizzard.js into tools\party.js
AutoBuild: Including build template config/builds/sorceress.blizzard.js into tools\toolsthread.js
AutoBuild: Including build template config/builds/sorceress.blizzard.js into default.dbj
AutoBuild: Including build template config/builds/sorceress.blizzard.js into tools\autobuildthread.js
AutoBuild: Loaded helper thread
AutoBuild: Including build template config/builds/sorceress.blizzard.js into tools\party.js
AutoBuild: Including build template config/builds/sorceress.blizzard.js into tools\toolsthread.js
AutoBuild: Including build template config/builds/sorceress.blizzard.js into default.dbj
AutoBuild: Including build template config/builds/sorceress.blizzard.js into tools\autobuildthread.js
AutoBuild: Loaded helper thread
AutoBuild: Including build template config/builds/sorceress.blizzard.js into tools\party.js
AutoBuild: Including build template config/builds/sorceress.blizzard.js into tools\toolsthread.js
AutoBuild: Including build template config/builds/sorceress.blizzard.js into default.dbj
AutoBuild: Including build template config/builds/sorceress.blizzard.js into tools\autobuildthread.js
AutoBuild: Loaded helper thread
AutoBuild: Including build template config/builds/sorceress.blizzard.js into tools\party.js
AutoBuild: Including build template config/builds/sorceress.blizzard.js into tools\toolsthread.js
AutoBuild: Including build template config/builds/sorceress.blizzard.js into default.dbj
AutoBuild: Including build template config/builds/sorceress.blizzard.js into tools\autobuildthread.js
AutoBuild: Loaded helper thread
AutoBuild: Including build template config/builds/sorceress.blizzard.js into tools\party.js
AutoBuild: Including build template config/builds/sorceress.blizzard.js into tools\toolsthread.js
AutoBuild: Including build template config/builds/sorceress.blizzard.js into default.dbj
AutoBuild: Including build template config/builds/sorceress.blizzard.js into tools\autobuildthread.js
AutoBuild: Loaded helper thread
AutoBuild: Including build template config/builds/sorceress.blizzard.js into tools\party.js
AutoBuild: Including build template config/builds/sorceress.blizzard.js into tools\toolsthread.js
AutoBuild: Including build template config/builds/sorceress.blizzard.js into default.dbj
AutoBuild: Including build template config/builds/sorceress.blizzard.js into tools\autobuildthread.js
AutoBuild: Loaded helper thread
AutoBuild: Including build template config/builds/sorceress.blizzard.js into tools\party.js
AutoBuild: Including build template config/builds/sorceress.blizzard.js into tools\toolsthread.js
AutoBuild: Including build template config/builds/sorceress.blizzard.js into default.dbj
AutoBuild: Including build template config/builds/sorceress.blizzard.js into tools\autobuildthread.js
AutoBuild: Loaded helper thread
AutoBuild: Including build template config/builds/sorceress.blizzard.js into tools\party.js
AutoBuild: Including build template config/builds/sorceress.blizzard.js into tools\toolsthread.js
AutoBuild: Including build template config/builds/sorceress.blizzard.js into default.dbj
AutoBuild: Including build template config/builds/sorceress.blizzard.js into tools\autobuildthread.js
AutoBuild: Loaded helper thread
AutoBuild: Including build template config/builds/sorceress.blizzard.js into tools\party.js
AutoBuild: Including build template config/builds/sorceress.blizzard.js into tools\toolsthread.js
AutoBuild: Including build template config/builds/sorceress.blizzard.js into default.dbj
AutoBuild: Including build template config/builds/sorceress.blizzard.js into tools\autobuildthread.js
AutoBuild: Loaded helper thread
AutoBuild: Including build template config/builds/sorceress.blizzard.js into tools\party.js
AutoBuild: Including build template config/builds/sorceress.blizzard.js into tools\toolsthread.js
AutoBuild: Including build template config/builds/sorceress.blizzard.js into default.dbj
AutoBuild: Including build template config/builds/sorceress.blizzard.js into tools\autobuildthread.js
AutoBuild: Loaded helper thread
AutoBuild: Including build template config/builds/sorceress.blizzard.js into tools\party.js
AutoBuild: Including build template config/builds/sorceress.blizzard.js into tools\toolsthread.js
AutoBuild: Including build template config/builds/sorceress.blizzard.js into default.dbj
AutoBuild: Including build template config/builds/sorceress.blizzard.js into tools\autobuildthread.js
AutoBuild: Loaded helper thread
AutoBuild: Including build template config/builds/sorceress.blizzard.js into tools\party.js
AutoBuild: Including build template config/builds/sorceress.blizzard.js into tools\toolsthread.js
AutoBuild: Including build template config/builds/sorceress.blizzard.js into default.dbj
AutoBuild: Including build template config/builds/sorceress.blizzard.js into tools\autobuildthread.js
AutoBuild: Loaded helper thread
AutoBuild: Including build template config/builds/sorceress.blizzard.js into tools\party.js
AutoBuild: Including build template config/builds/sorceress.blizzard.js into tools\toolsthread.js
AutoBuild: Including build template config/builds/sorceress.blizzard.js into default.dbj
AutoBuild: Including build template config/builds/sorceress.blizzard.js into tools\autobuildthread.js
AutoBuild: Loaded helper thread
AutoBuild: Including build template config/builds/sorceress.blizzard.js into tools\party.js
AutoBuild: Including build template config/builds/sorceress.blizzard.js into tools\toolsthread.js
AutoBuild: Including build template config/builds/sorceress.blizzard.js into default.dbj
AutoBuild: Including build template config/builds/sorceress.blizzard.js into tools\autobuildthread.js
AutoBuild: Loaded helper thread
AutoBuild: Including build template config/builds/sorceress.blizzard.js into tools\party.js
AutoBuild: Including build template config/builds/sorceress.blizzard.js into tools\toolsthread.js
AutoBuild: Including build template config/builds/sorceress.blizzard.js into default.dbj
AutoBuild: Including build template config/builds/sorceress.blizzard.js into tools\autobuildthread.js
AutoBuild: Loaded helper thread
AutoBuild: Including build template config/builds/sorceress.blizzard.js into tools\party.js
AutoBuild: Including build template config/builds/sorceress.blizzard.js into tools\toolsthread.js
AutoBuild: Including build template config/builds/sorceress.blizzard.js into default.dbj
AutoBuild: Including build template config/builds/sorceress.blizzard.js into tools\autobuildthread.js
AutoBuild: Loaded helper thread
AutoBuild: Including build template config/builds/sorceress.blizzard.js into tools\party.js
AutoBuild: Including build template config/builds/sorceress.blizzard.js into tools\toolsthread.js
AutoBuild: Including build template config/builds/sorceress.blizzard.js into default.dbj
AutoBuild: Including build template config/builds/sorceress.blizzard.js into tools\autobuildthread.js
AutoBuild: Loaded helper thread
AutoBuild: Including build template config/builds/sorceress.blizzard.js into tools\party.js
AutoBuild: Including build template config/builds/sorceress.blizzard.js into tools\toolsthread.js
AutoBuild: Including build template config/builds/sorceress.blizzard.js into default.dbj
AutoBuild: Including build template config/builds/sorceress.blizzard.js into tools\autobuildthread.js
AutoBuild: Loaded helper thread
AutoBuild: Including build template config/builds/sorceress.blizzard.js into tools\party.js
AutoBuild: Including build template config/builds/sorceress.blizzard.js into tools\toolsthread.js
AutoBuild: Including build template config/builds/sorceress.blizzard.js into default.dbj
AutoBuild: Including build template config/builds/sorceress.blizzard.js into tools\autobuildthread.js
AutoBuild: Loaded helper thread
AutoBuild: Including build template config/builds/sorceress.blizzard.js into tools\party.js
AutoBuild: Including build template config/builds/sorceress.blizzard.js into tools\toolsthread.js
AutoBuild: Including build template config/builds/sorceress.blizzard.js into default.dbj
AutoBuild: Including build template config/builds/sorceress.blizzard.js into tools\autobuildthread.js
AutoBuild: Loaded helper thread
AutoBuild: Including build template config/builds/sorceress.blizzard.js into tools\party.js
AutoBuild: Including build template config/builds/sorceress.blizzard.js into tools\toolsthread.js
AutoBuild: Including build template config/builds/sorceress.blizzard.js into default.dbj
AutoBuild: Including build template config/builds/sorceress.blizzard.js into tools\autobuildthread.js
AutoBuild: Loaded helper thread
AutoBuild: Including build template config/builds/sorceress.blizzard.js into tools\party.js
AutoBuild: Including build template config/builds/sorceress.blizzard.js into tools\toolsthread.js
AutoBuild: Including build template config/builds/sorceress.blizzard.js into default.dbj
AutoBuild: Including build template config/builds/sorceress.blizzard.js into tools\autobuildthread.js
AutoBuild: Loaded helper thread
AutoBuild: Including build template config/builds/sorceress.blizzard.js into tools\party.js
AutoBuild: Including build template config/builds/sorceress.blizzard.js into tools\toolsthread.js
AutoBuild: Including build template config/builds/sorceress.blizzard.js into default.dbj
AutoBuild: Including build template config/builds/sorceress.blizzard.js into tools\autobuildthread.js
AutoBuild: Loaded helper thread
AutoBuild: Including build template config/builds/sorceress.blizzard.js into tools\party.js
AutoBuild: Including build template config/builds/sorceress.blizzard.js into tools\toolsthread.js
AutoBuild: Including build template config/builds/sorceress.blizzard.js into default.dbj
AutoBuild: Including build template config/builds/sorceress.blizzard.js into tools\autobuildthread.js
AutoBuild: Loaded helper thread
AutoBuild: Including build template config/builds/sorceress.blizzard.js into tools\party.js
AutoBuild: Including build template config/builds/sorceress.blizzard.js into tools\toolsthread.js
AutoBuild: Including build template config/builds/sorceress.blizzard.js into default.dbj
AutoBuild: Including build template config/builds/sorceress.blizzard.js into tools\autobuildthread.js
AutoBuild: Loaded helper thread
AutoBuild: Including build template config/builds/sorceress.blizzard.js into tools\party.js
AutoBuild: Including build template config/builds/sorceress.blizzard.js into tools\toolsthread.js
AutoBuild: Including build template config/builds/sorceress.blizzard.js into default.dbj
AutoBuild: Including build template config/builds/sorceress.blizzard.js into tools\autobuildthread.js
AutoBuild: Loaded helper thread
AutoBuild: Including build template config/builds/sorceress.blizzard.js into tools\party.js
AutoBuild: Including build template config/builds/sorceress.blizzard.js into tools\toolsthread.js
AutoBuild: Including build template config/builds/sorceress.blizzard.js into default.dbj
AutoBuild: Including build template config/builds/sorceress.blizzard.js into tools\autobuildthread.js
AutoBuild: Loaded helper thread
AutoBuild: Including build template config/builds/sorceress.blizzard.js into tools\party.js
AutoBuild: Including build template config/builds/sorceress.blizzard.js into tools\toolsthread.js
AutoBuild: Including build template config/builds/sorceress.blizzard.js into default.dbj
AutoBuild: Including build template config/builds/sorceress.blizzard.js into tools\autobuildthread.js
AutoBuild: Loaded helper thread
AutoBuild: Including build template config/builds/sorceress.blizzard.js into tools\party.js
AutoBuild: Including build template config/builds/sorceress.blizzard.js into tools\toolsthread.js
AutoBuild: Including build template config/builds/sorceress.blizzard.js into default.dbj
AutoBuild: Including build template config/builds/sorceress.blizzard.js into tools\autobuildthread.js
AutoBuild: Loaded helper thread
AutoBuild: Including build template config/builds/sorceress.blizzard.js into tools\party.js
AutoBuild: Including build template config/builds/sorceress.blizzard.js into tools\toolsthread.js
AutoBuild: Including build template config/builds/sorceress.blizzard.js into default.dbj
AutoBuild: Including build template config/builds/sorceress.blizzard.js into tools\autobuildthread.js
AutoBuild: Loaded helper thread
AutoBuild: Including build template config/builds/sorceress.blizzard.js into tools\party.js
AutoBuild: Including build template config/builds/sorceress.blizzard.js into tools\toolsthread.js
AutoBuild: Including build template config/builds/sorceress.blizzard.js into default.dbj
AutoBuild: Including build template config/builds/sorceress.blizzard.js into tools\autobuildthread.js
AutoBuild: Loaded helper thread
AutoBuild: Including build template config/builds/sorceress.blizzard.js into tools\party.js
AutoBuild: Including build template config/builds/sorceress.blizzard.js into tools\toolsthread.js
AutoBuild: Including build template config/builds/sorceress.blizzard.js into default.dbj
AutoBuild: Including build template config/builds/sorceress.blizzard.js into tools\autobuildthread.js
AutoBuild: Loaded helper thread
AutoBuild: Including build template config/builds/sorceress.blizzard.js into tools\party.js
AutoBuild: Including build template config/builds/sorceress.blizzard.js into tools\toolsthread.js
AutoBuild: Including build template config/builds/sorceress.blizzard.js into default.dbj
AutoBuild: Including build template config/builds/sorceress.blizzard.js into tools\autobuildthread.js
AutoBuild: Loaded helper thread
AutoBuild: Including build template config/builds/sorceress.blizzard.js into tools\party.js
AutoBuild: Including build template config/builds/sorceress.blizzard.js into tools\toolsthread.js
AutoBuild: Including build template config/builds/sorceress.blizzard.js into default.dbj
AutoBuild: Including build template config/builds/sorceress.blizzard.js into tools\autobuildthread.js
AutoBuild: Loaded helper thread
AutoBuild: Including build template config/builds/sorceress.blizzard.js into tools\party.js
AutoBuild: Including build template config/builds/sorceress.blizzard.js into tools\toolsthread.js
AutoBuild: Including build template config/builds/sorceress.blizzard.js into default.dbj
AutoBuild: Including build template config/builds/sorceress.blizzard.js into tools\autobuildthread.js
AutoBuild: Loaded helper thread
AutoBuild: Including build template config/builds/sorceress.blizzard.js into tools\toolsthread.js
AutoBuild: Including build template config/builds/sorceress.blizzard.js into tools\party.js
AutoBuild: Including build template config/builds/sorceress.blizzard.js into default.dbj
AutoBuild: Including build template config/builds/sorceress.blizzard.js into tools\autobuildthread.js
AutoBuild: Loaded helper thread
AutoBuild: Including build template config/builds/sorceress.blizzard.js into tools\party.js
AutoBuild: Including build template config/builds/sorceress.blizzard.js into tools\toolsthread.js
AutoBuild: Including build template config/builds/sorceress.blizzard.js into default.dbj
AutoBuild: Including build template config/builds/sorceress.blizzard.js into tools\autobuildthread.js
AutoBuild: Loaded helper thread
AutoBuild: Including build template config/builds/sorceress.blizzard.js into tools\party.js
AutoBuild: Including build template config/builds/sorceress.blizzard.js into tools\toolsthread.js
AutoBuild: Including build template config/builds/sorceress.blizzard.js into default.dbj
AutoBuild: Including build template config/builds/sorceress.blizzard.js into tools\autobuildthread.js
AutoBuild: Loaded helper thread
AutoBuild: Including build template config/builds/sorceress.blizzard.js into tools\party.js
AutoBuild: Including build template config/builds/sorceress.blizzard.js into tools\toolsthread.js
AutoBuild: Including build template config/builds/sorceress.blizzard.js into default.dbj
AutoBuild: Including build template config/builds/sorceress.blizzard.js into tools\autobuildthread.js
AutoBuild: Loaded helper thread
AutoBuild: Including build template config/builds/sorceress.blizzard.js into tools\party.js
AutoBuild: Including build template config/builds/sorceress.blizzard.js into tools\toolsthread.js
AutoBuild: Including build template config/builds/sorceress.blizzard.js into default.dbj
AutoBuild: Including build template config/builds/sorceress.blizzard.js into tools\autobuildthread.js
AutoBuild: Loaded helper thread
AutoBuild: Including build template config/builds/sorceress.blizzard.js into tools\party.js
AutoBuild: Including build template config/builds/sorceress.blizzard.js into tools\toolsthread.js
AutoBuild: Including build template config/builds/sorceress.blizzard.js into default.dbj
AutoBuild: Including build template config/builds/sorceress.blizzard.js into tools\autobuildthread.js
AutoBuild: Loaded helper thread
AutoBuild: Including build template config/builds/sorceress.blizzard.js into tools\party.js
AutoBuild: Including build template config/builds/sorceress.blizzard.js into tools\toolsthread.js
AutoBuild: Including build template config/builds/sorceress.blizzard.js into default.dbj
AutoBuild: Including build template config/builds/sorceress.blizzard.js into tools\autobuildthread.js
AutoBuild: Loaded helper thread
AutoBuild: Including build template config/builds/sorceress.blizzard.js into tools\party.js
AutoBuild: Including build template config/builds/sorceress.blizzard.js into tools\toolsthread.js
AutoBuild: Including build template config/builds/sorceress.blizzard.js into default.dbj
AutoBuild: Including build template config/builds/sorceress.blizzard.js into tools\autobuildthread.js
AutoBuild: Loaded helper thread
AutoBuild: Including build template config/builds/sorceress.blizzard.js into tools\party.js
AutoBuild: Including build template config/builds/sorceress.blizzard.js into tools\toolsthread.js
AutoBuild: Including build template config/builds/sorceress.blizzard.js into default.dbj
AutoBuild: Including build template config/builds/sorceress.blizzard.js into tools\autobuildthread.js
AutoBuild: Loaded helper thread
AutoBuild: Including build template config/builds/sorceress.blizzard.js into tools\party.js
AutoBuild: Including build template config/builds/sorceress.blizzard.js into tools\toolsthread.js
AutoBuild: Including build template config/builds/sorceress.blizzard.js into default.dbj
AutoBuild: Including build template config/builds/sorceress.blizzard.js into tools\autobuildthread.js
AutoBuild: Loaded helper thread
AutoBuild: Including build template config/builds/sorceress.blizzard.js into tools\party.js
AutoBuild: Including build template config/builds/sorceress.blizzard.js into tools\toolsthread.js
AutoBuild: Including build template config/builds/sorceress.blizzard.js into default.dbj
AutoBuild: Including build template config/builds/sorceress.blizzard.js into tools\autobuildthread.js
AutoBuild: Loaded helper thread
AutoBuild: Including build template config/builds/sorceress.blizzard.js into tools\party.js
AutoBuild: Including build template config/builds/sorceress.blizzard.js into tools\toolsthread.js
AutoBuild: Including build template config/builds/sorceress.blizzard.js into default.dbj
AutoBuild: Including build template config/builds/sorceress.blizzard.js into tools\autobuildthread.js
AutoBuild: Loaded helper thread
AutoBuild: Including build template config/builds/sorceress.blizzard.js into tools\party.js
AutoBuild: Including build template config/builds/sorceress.blizzard.js into tools\toolsthread.js
AutoBuild: Including build template config/builds/sorceress.blizzard.js into default.dbj
AutoBuild: Including build template config/builds/sorceress.blizzard.js into tools\autobuildthread.js
AutoBuild: Loaded helper thread
AutoBuild: Including build template config/builds/sorceress.blizzard.js into tools\party.js
AutoBuild: Including build template config/builds/sorceress.blizzard.js into tools\toolsthread.js
AutoBuild: Including build template config/builds/sorceress.blizzard.js into default.dbj
AutoBuild: Including build template config/builds/sorceress.blizzard.js into tools\autobuildthread.js
AutoBuild: Loaded helper thread
AutoBuild: Including build template config/builds/sorceress.blizzard.js into tools\party.js
AutoBuild: Including build template config/builds/sorceress.blizzard.js into tools\toolsthread.js
AutoBuild: Including build template config/builds/sorceress.blizzard.js into default.dbj
AutoBuild: Including build template config/builds/sorceress.blizzard.js into tools\autobuildthread.js
AutoBuild: Loaded helper thread
AutoBuild: Including build template config/builds/sorceress.blizzard.js into tools\party.js
AutoBuild: Including build template config/builds/sorceress.blizzard.js into tools\toolsthread.js
AutoBuild: Including build template config/builds/sorceress.blizzard.js into default.dbj
AutoBuild: Including build template config/builds/sorceress.blizzard.js into tools\autobuildthread.js
AutoBuild: Loaded helper thread
AutoBuild: Including build template config/builds/sorceress.blizzard.js into tools\party.js
AutoBuild: Including build template config/builds/sorceress.blizzard.js into tools\toolsthread.js
AutoBuild: Including build template config/builds/sorceress.blizzard.js into default.dbj
AutoBuild: Including build template config/builds/sorceress.blizzard.js into tools\autobuildthread.js
AutoBuild: Loaded helper thread
AutoBuild: Including build template config/builds/sorceress.blizzard.js into tools\party.js
AutoBuild: Including build template config/builds/sorceress.blizzard.js into tools\toolsthread.js
AutoBuild: Including build template config/builds/sorceress.blizzard.js into default.dbj
AutoBuild: Including build template config/builds/sorceress.blizzard.js into tools\autobuildthread.js
AutoBuild: Loaded helper thread
AutoBuild: Including build template config/builds/sorceress.blizzard.js into tools\party.js
AutoBuild: Including build template config/builds/sorceress.blizzard.js into tools\toolsthread.js
AutoBuild: Including build template config/builds/sorceress.blizzard.js into default.dbj
AutoBuild: Including build template config/builds/sorceress.blizzard.js into tools\autobuildthread.js
AutoBuild: Loaded helper thread
AutoBuild: Including build template config/builds/sorceress.blizzard.js into tools\party.js
AutoBuild: Including build template config/builds/sorceress.blizzard.js into tools\toolsthread.js
AutoBuild: Including build template config/builds/sorceress.blizzard.js into default.dbj
AutoBuild: Including build template config/builds/sorceress.blizzard.js into tools\autobuildthread.js
AutoBuild: Loaded helper thread
AutoBuild: Including build template config/builds/sorceress.blizzard.js into tools\party.js
AutoBuild: Including build template config/builds/sorceress.blizzard.js into tools\toolsthread.js
AutoBuild: Including build template config/builds/sorceress.blizzard.js into default.dbj
AutoBuild: Including build template config/builds/sorceress.blizzard.js into tools\autobuildthread.js
AutoBuild: Loaded helper thread
AutoBuild: Including build template config/builds/sorceress.blizzard.js into tools\party.js
AutoBuild: Including build template config/builds/sorceress.blizzard.js into tools\toolsthread.js
AutoBuild: Including build template config/builds/sorceress.blizzard.js into default.dbj
AutoBuild: Including build template config/builds/sorceress.blizzard.js into tools\autobuildthread.js
AutoBuild: Loaded helper thread
AutoBuild: Including build template config/builds/sorceress.blizzard.js into tools\party.js
AutoBuild: Including build template config/builds/sorceress.blizzard.js into tools\toolsthread.js
AutoBuild: Including build template config/builds/sorceress.blizzard.js into default.dbj
AutoBuild: Including build template config/builds/sorceress.blizzard.js into tools\autobuildthread.js
AutoBuild: Loaded helper thread
AutoBuild: Including build template config/builds/sorceress.blizzard.js into tools\party.js
AutoBuild: Including build template config/builds/sorceress.blizzard.js into tools\toolsthread.js
AutoBuild: Including build template config/builds/sorceress.blizzard.js into default.dbj
AutoBuild: Including build template config/builds/sorceress.blizzard.js into tools\autobuildthread.js
AutoBuild: Loaded helper thread
AutoBuild: Including build template config/builds/sorceress.blizzard.js into tools\party.js
AutoBuild: Including build template config/builds/sorceress.blizzard.js into tools\toolsthread.js
AutoBuild: Including build template config/builds/sorceress.blizzard.js into default.dbj
AutoBuild: Including build template config/builds/sorceress.blizzard.js into tools\autobuildthread.js
AutoBuild: Loaded helper thread
AutoBuild: Including build template config/builds/sorceress.blizzard.js into tools\party.js
AutoBuild: Including build template config/builds/sorceress.blizzard.js into tools\toolsthread.js
AutoBuild: Including build template config/builds/sorceress.blizzard.js into default.dbj
AutoBuild: Including build template config/builds/sorceress.blizzard.js into tools\autobuildthread.js
AutoBuild: Loaded helper thread
AutoBuild: Including build template config/builds/sorceress.blizzard.js into tools\toolsthread.js
AutoBuild: Including build template config/builds/sorceress.blizzard.js into tools\party.js
AutoBuild: Including build template config/builds/sorceress.blizzard.js into default.dbj
AutoBuild: Including build template config/builds/sorceress.blizzard.js into tools\autobuildthread.js
AutoBuild: Loaded helper thread
AutoBuild: Including build template config/builds/sorceress.blizzard.js into tools\party.js
AutoBuild: Including build template config/builds/sorceress.blizzard.js into tools\toolsthread.js
AutoBuild: Including build template config/builds/sorceress.blizzard.js into default.dbj
AutoBuild: Including build template config/builds/sorceress.blizzard.js into tools\autobuildthread.js
AutoBuild: Loaded helper thread
AutoBuild: Including build template config/builds/sorceress.blizzard.js into tools\party.js
AutoBuild: Including build template config/builds/sorceress.blizzard.js into tools\toolsthread.js
AutoBuild: Including build template config/builds/sorceress.blizzard.js into default.dbj
AutoBuild: Including build template config/builds/sorceress.blizzard.js into tools\autobuildthread.js
AutoBuild: Loaded helper thread
AutoBuild: Including build template config/builds/sorceress.blizzard.js into tools\party.js
AutoBuild: Including build template config/builds/sorceress.blizzard.js into tools\toolsthread.js
AutoBuild: Including build template config/builds/sorceress.blizzard.js into default.dbj
AutoBuild: Including build template config/builds/sorceress.blizzard.js into tools\autobuildthread.js
AutoBuild: Loaded helper thread
AutoBuild: Including build template config/builds/sorceress.blizzard.js into tools\party.js
AutoBuild: Including build template config/builds/sorceress.blizzard.js into tools\toolsthread.js
AutoBuild: Including build template config/builds/sorceress.blizzard.js into default.dbj
AutoBuild: Including build template config/builds/sorceress.blizzard.js into tools\autobuildthread.js
AutoBuild: Loaded helper thread
AutoBuild: Including build template config/builds/sorceress.blizzard.js into tools\party.js
AutoBuild: Including build template config/builds/sorceress.blizzard.js into tools\toolsthread.js
AutoBuild: Stat points: 5      Skill points: 1
AutoBuild: Level up detected ( 85 --> 86 )
AutoBuild: useSkillPoint(): Ice Blast (45)
AutoBuild: Attempt to spend skill point 1 in Ice Blast (45) may have failed!
AutoBuild: useStatPoint(0): Strength
AutoBuild: Stat (1/5) Increased Strength from 104 to 105
AutoBuild: useStatPoint(1): Energy
AutoBuild: Stat (2/5) Increased Energy from 230 to 231
AutoBuild: useStatPoint(1): Energy
AutoBuild: Stat (3/5) Increased Energy from 231 to 232
AutoBuild: useStatPoint(3): Vitality
AutoBuild: Stat (4/5) Increased Vitality from 204 to 205
AutoBuild: useStatPoint(3): Vitality
AutoBuild: Stat (5/5) Increased Vitality from 205 to 206
AutoBuild: Updating Config from level 85 to 86
AutoBuild: Incrementing cached character level to 86
AutoBuild: Including build template config/builds/sorceress.blizzard.js into default.dbj
AutoBuild: Including build template config/builds/sorceress.blizzard.js into tools\autobuildthread.js
AutoBuild: Loaded helper thread
AutoBuild: Including build template config/builds/sorceress.blizzard.js into tools\party.js
AutoBuild: Including build template config/builds/sorceress.blizzard.js into tools\toolsthread.js
AutoBuild: Including build template config/builds/sorceress.blizzard.js into default.dbj
AutoBuild: Including build template config/builds/sorceress.blizzard.js into tools\autobuildthread.js
AutoBuild: Loaded helper thread
AutoBuild: Including build template config/builds/sorceress.blizzard.js into tools\party.js
AutoBuild: Including build template config/builds/sorceress.blizzard.js into tools\toolsthread.js
AutoBuild: Including build template config/builds/sorceress.blizzard.js into default.dbj
AutoBuild: Including build template config/builds/sorceress.blizzard.js into tools\autobuildthread.js
AutoBuild: Loaded helper thread
AutoBuild: Including build template config/builds/sorceress.blizzard.js into tools\party.js
AutoBuild: Including build template config/builds/sorceress.blizzard.js into tools\toolsthread.js
AutoBuild: Including build template config/builds/sorceress.blizzard.js into default.dbj
AutoBuild: Including build template config/builds/sorceress.blizzard.js into tools\autobuildthread.js
AutoBuild: Loaded helper thread
AutoBuild: Including build template config/builds/sorceress.blizzard.js into tools\party.js
AutoBuild: Including build template config/builds/sorceress.blizzard.js into tools\toolsthread.js
AutoBuild: Including build template config/builds/sorceress.blizzard.js into default.dbj
AutoBuild: Including build template config/builds/sorceress.blizzard.js into tools\autobuildthread.js
AutoBuild: Loaded helper thread
AutoBuild: Including build template config/builds/sorceress.blizzard.js into tools\party.js
AutoBuild: Including build template config/builds/sorceress.blizzard.js into tools\toolsthread.js
AutoBuild: Including build template config/builds/sorceress.blizzard.js into default.dbj
AutoBuild: Including build template config/builds/sorceress.blizzard.js into tools\autobuildthread.js
AutoBuild: Loaded helper thread
AutoBuild: Including build template config/builds/sorceress.blizzard.js into tools\party.js
AutoBuild: Including build template config/builds/sorceress.blizzard.js into tools\toolsthread.js
AutoBuild: Including build template config/builds/sorceress.blizzard.js into default.dbj
AutoBuild: Including build template config/builds/sorceress.blizzard.js into tools\autobuildthread.js
AutoBuild: Loaded helper thread
AutoBuild: Including build template config/builds/sorceress.blizzard.js into tools\party.js
AutoBuild: Including build template config/builds/sorceress.blizzard.js into tools\toolsthread.js
AutoBuild: Including build template config/builds/sorceress.blizzard.js into default.dbj
AutoBuild: Including build template config/builds/sorceress.blizzard.js into tools\autobuildthread.js
AutoBuild: Loaded helper thread
AutoBuild: Including build template config/builds/sorceress.blizzard.js into tools\party.js
AutoBuild: Including build template config/builds/sorceress.blizzard.js into tools\toolsthread.js
AutoBuild: Including build template config/builds/sorceress.blizzard.js into default.dbj
AutoBuild: Including build template config/builds/sorceress.blizzard.js into tools\autobuildthread.js
AutoBuild: Loaded helper thread
AutoBuild: Including build template config/builds/sorceress.blizzard.js into tools\party.js
AutoBuild: Including build template config/builds/sorceress.blizzard.js into tools\toolsthread.js
AutoBuild: Including build template config/builds/sorceress.blizzard.js into default.dbj
AutoBuild: Including build template config/builds/sorceress.blizzard.js into tools\autobuildthread.js
AutoBuild: Loaded helper thread
AutoBuild: Including build template config/builds/sorceress.blizzard.js into tools\party.js
AutoBuild: Including build template config/builds/sorceress.blizzard.js into tools\toolsthread.js
AutoBuild: Including build template config/builds/sorceress.blizzard.js into default.dbj
AutoBuild: Including build template config/builds/sorceress.blizzard.js into tools\autobuildthread.js
AutoBuild: Loaded helper thread
AutoBuild: Including build template config/builds/sorceress.blizzard.js into tools\party.js
AutoBuild: Including build template config/builds/sorceress.blizzard.js into tools\toolsthread.js
AutoBuild: Including build template config/builds/sorceress.blizzard.js into default.dbj
AutoBuild: Including build template config/builds/sorceress.blizzard.js into tools\autobuildthread.js
AutoBuild: Loaded helper thread
AutoBuild: Including build template config/builds/sorceress.blizzard.js into tools\party.js
AutoBuild: Including build template config/builds/sorceress.blizzard.js into tools\toolsthread.js
AutoBuild: Including build template config/builds/sorceress.blizzard.js into default.dbj
AutoBuild: Including build template config/builds/sorceress.blizzard.js into tools\autobuildthread.js
AutoBuild: Loaded helper thread
AutoBuild: Including build template config/builds/sorceress.blizzard.js into tools\party.js
AutoBuild: Including build template config/builds/sorceress.blizzard.js into tools\toolsthread.js
AutoBuild: Including build template config/builds/sorceress.blizzard.js into default.dbj
AutoBuild: Including build template config/builds/sorceress.blizzard.js into tools\autobuildthread.js
AutoBuild: Loaded helper thread
AutoBuild: Including build template config/builds/sorceress.blizzard.js into tools\party.js
AutoBuild: Including build template config/builds/sorceress.blizzard.js into tools\toolsthread.js
AutoBuild: Including build template config/builds/sorceress.blizzard.js into default.dbj
AutoBuild: Including build template config/builds/sorceress.blizzard.js into tools\autobuildthread.js
AutoBuild: Loaded helper thread
AutoBuild: Including build template config/builds/sorceress.blizzard.js into tools\party.js
AutoBuild: Including build template config/builds/sorceress.blizzard.js into tools\toolsthread.js
AutoBuild: Including build template config/builds/sorceress.blizzard.js into default.dbj
AutoBuild: Including build template config/builds/sorceress.blizzard.js into tools\autobuildthread.js
AutoBuild: Loaded helper thread
AutoBuild: Including build template config/builds/sorceress.blizzard.js into tools\toolsthread.js
AutoBuild: Including build template config/builds/sorceress.blizzard.js into tools\party.js
AutoBuild: Including build template config/builds/sorceress.blizzard.js into default.dbj
AutoBuild: Including build template config/builds/sorceress.blizzard.js into tools\autobuildthread.js
AutoBuild: Loaded helper thread
AutoBuild: Including build template config/builds/sorceress.blizzard.js into tools\party.js
AutoBuild: Including build template config/builds/sorceress.blizzard.js into tools\toolsthread.js
AutoBuild: Including build template config/builds/sorceress.blizzard.js into default.dbj
AutoBuild: Including build template config/builds/sorceress.blizzard.js into tools\autobuildthread.js
AutoBuild: Loaded helper thread
AutoBuild: Including build template config/builds/sorceress.blizzard.js into tools\party.js
AutoBuild: Including build template config/builds/sorceress.blizzard.js into tools\toolsthread.js
AutoBuild: Including build template config/builds/sorceress.blizzard.js into default.dbj
AutoBuild: Including build template config/builds/sorceress.blizzard.js into tools\autobuildthread.js
AutoBuild: Loaded helper thread
AutoBuild: Including build template config/builds/sorceress.blizzard.js into tools\party.js
AutoBuild: Including build template config/builds/sorceress.blizzard.js into tools\toolsthread.js
AutoBuild: Including build template config/builds/sorceress.blizzard.js into default.dbj
AutoBuild: Including build template config/builds/sorceress.blizzard.js into tools\party.js
AutoBuild: Including build template config/builds/sorceress.blizzard.js into tools\toolsthread.js
AutoBuild: Including build template config/builds/sorceress.blizzard.js into default.dbj
AutoBuild: Including build template config/builds/sorceress.blizzard.js into tools\autobuildthread.js
AutoBuild: Loaded helper thread
AutoBuild: Including build template config/builds/sorceress.blizzard.js into tools\party.js
AutoBuild: Including build template config/builds/sorceress.blizzard.js into tools\toolsthread.js
AutoBuild: Including build template config/builds/sorceress.blizzard.js into default.dbj
AutoBuild: Including build template config/builds/sorceress.blizzard.js into tools\autobuildthread.js
AutoBuild: Loaded helper thread
AutoBuild: Including build template config/builds/sorceress.blizzard.js into tools\party.js
AutoBuild: Including build template config/builds/sorceress.blizzard.js into tools\toolsthread.js
AutoBuild: Including build template config/builds/sorceress.blizzard.js into default.dbj
AutoBuild: Including build template config/builds/sorceress.blizzard.js into tools\autobuildthread.js
AutoBuild: Loaded helper thread
AutoBuild: Including build template config/builds/sorceress.blizzard.js into tools\party.js
AutoBuild: Including build template config/builds/sorceress.blizzard.js into tools\toolsthread.js
AutoBuild: Including build template config/builds/sorceress.blizzard.js into default.dbj
AutoBuild: Including build template config/builds/sorceress.blizzard.js into tools\autobuildthread.js
AutoBuild: Loaded helper thread
AutoBuild: Including build template config/builds/sorceress.blizzard.js into tools\party.js
AutoBuild: Including build template config/builds/sorceress.blizzard.js into tools\toolsthread.js
AutoBuild: Including build template config/builds/sorceress.blizzard.js into default.dbj
AutoBuild: Including build template config/builds/sorceress.blizzard.js into tools\autobuildthread.js
AutoBuild: Loaded helper thread
AutoBuild: Including build template config/builds/sorceress.blizzard.js into tools\party.js
AutoBuild: Including build template config/builds/sorceress.blizzard.js into tools\toolsthread.js
AutoBuild: Including build template config/builds/sorceress.blizzard.js into default.dbj
AutoBuild: Including build template config/builds/sorceress.blizzard.js into tools\autobuildthread.js
AutoBuild: Loaded helper thread
AutoBuild: Including build template config/builds/sorceress.blizzard.js into tools\party.js
AutoBuild: Including build template config/builds/sorceress.blizzard.js into tools\toolsthread.js
AutoBuild: Including build template config/builds/sorceress.blizzard.js into default.dbj
AutoBuild: Including build template config/builds/sorceress.blizzard.js into tools\autobuildthread.js
AutoBuild: Loaded helper thread
AutoBuild: Including build template config/builds/sorceress.blizzard.js into tools\party.js
AutoBuild: Including build template config/builds/sorceress.blizzard.js into tools\toolsthread.js
AutoBuild: Including build template config/builds/sorceress.blizzard.js into default.dbj
AutoBuild: Including build template config/builds/sorceress.blizzard.js into tools\autobuildthread.js
AutoBuild: Loaded helper thread
AutoBuild: Including build template config/builds/sorceress.blizzard.js into tools\party.js
AutoBuild: Including build template config/builds/sorceress.blizzard.js into tools\toolsthread.js
AutoBuild: Including build template config/builds/sorceress.blizzard.js into default.dbj
AutoBuild: Including build template config/builds/sorceress.blizzard.js into tools\autobuildthread.js
AutoBuild: Loaded helper thread
AutoBuild: Including build template config/builds/sorceress.blizzard.js into tools\party.js
AutoBuild: Including build template config/builds/sorceress.blizzard.js into tools\toolsthread.js
AutoBuild: Including build template config/builds/sorceress.blizzard.js into default.dbj
AutoBuild: Including build template config/builds/sorceress.blizzard.js into tools\autobuildthread.js
AutoBuild: Loaded helper thread
AutoBuild: Including build template config/builds/sorceress.blizzard.js into tools\party.js
AutoBuild: Including build template config/builds/sorceress.blizzard.js into tools\toolsthread.js
AutoBuild: Including build template config/builds/sorceress.blizzard.js into default.dbj
AutoBuild: Including build template config/builds/sorceress.blizzard.js into tools\autobuildthread.js
AutoBuild: Loaded helper thread
AutoBuild: Including build template config/builds/sorceress.blizzard.js into tools\party.js
AutoBuild: Including build template config/builds/sorceress.blizzard.js into tools\toolsthread.js
AutoBuild: Including build template config/builds/sorceress.blizzard.js into default.dbj
AutoBuild: Including build template config/builds/sorceress.blizzard.js into tools\autobuildthread.js
AutoBuild: Loaded helper thread
AutoBuild: Including build template config/builds/sorceress.blizzard.js into tools\party.js
AutoBuild: Including build template config/builds/sorceress.blizzard.js into tools\toolsthread.js
AutoBuild: Including build template config/builds/sorceress.blizzard.js into default.dbj
AutoBuild: Including build template config/builds/sorceress.blizzard.js into tools\autobuildthread.js
AutoBuild: Loaded helper thread
AutoBuild: Including build template config/builds/sorceress.blizzard.js into tools\party.js
AutoBuild: Including build template config/builds/sorceress.blizzard.js into tools\toolsthread.js
