AutoBuild: Including build template config/builds/sorceress.light.js into default.dbj
AutoBuild: Including build template config/builds/sorceress.light.js into tools\autobuildthread.js
AutoBuild: Loaded helper thread
AutoBuild: Including build template config/builds/sorceress.light.js into tools\party.js
AutoBuild: Including build template config/builds/sorceress.light.js into tools\townchicken.js
AutoBuild: Including build template config/builds/sorceress.light.js into tools\toolsthread.js
AutoBuild: Stat points: 5      Skill points: 2
AutoBuild: Level up detected ( 17 --> 18 )
AutoBuild: useSkillPoint(): Teleport (54)
AutoBuild: Skill (1/1) Increased Teleport (54) by one (level:  1)
AutoBuild: useStatPoint(0): Strength
AutoBuild: Stat (1/5) Increased Strength from 26 to 27
AutoBuild: useStatPoint(1): Energy
AutoBuild: Stat (2/5) Increased Energy from 71 to 72
AutoBuild: useStatPoint(1): Energy
AutoBuild: Stat (3/5) Increased Energy from 72 to 73
AutoBuild: useStatPoint(3): Vitality
AutoBuild: Stat (4/5) Increased Vitality from 42 to 43
AutoBuild: useStatPoint(3): Vitality
AutoBuild: Stat (5/5) Increased Vitality from 43 to 44
AutoBuild: Updating Config from level 17 to 18
AutoBuild: Incrementing cached character level to 18
AutoBuild: Including build template config/builds/sorceress.light.js into default.dbj
AutoBuild: Including build template config/builds/sorceress.light.js into tools\autobuildthread.js
AutoBuild: Loaded helper thread
AutoBuild: Including build template config/builds/sorceress.light.js into tools\party.js
AutoBuild: Including build template config/builds/sorceress.light.js into tools\townchicken.js
AutoBuild: Including build template config/builds/sorceress.light.js into tools\toolsthread.js
AutoBuild: Including build template config/builds/sorceress.light.js into default.dbj
AutoBuild: Including build template config/builds/sorceress.light.js into tools\autobuildthread.js
AutoBuild: Loaded helper thread
AutoBuild: Including build template config/builds/sorceress.light.js into tools\party.js
AutoBuild: Including build template config/builds/sorceress.light.js into tools\townchicken.js
AutoBuild: Including build template config/builds/sorceress.light.js into tools\toolsthread.js
AutoBuild: Stat points: 5      Skill points: 2
AutoBuild: Level up detected ( 18 --> 19 )
AutoBuild: useSkillPoint(): Lightning (49)
AutoBuild: Skill (1/1) Increased Lightning (49) by one (level:  6)
AutoBuild: useStatPoint(0): Strength
AutoBuild: Stat (1/5) Increased Strength from 27 to 28
AutoBuild: useStatPoint(1): Energy
AutoBuild: Stat (2/5) Increased Energy from 73 to 74
AutoBuild: useStatPoint(1): Energy
AutoBuild: Stat (3/5) Increased Energy from 74 to 75
AutoBuild: useStatPoint(3): Vitality
AutoBuild: Stat (4/5) Increased Vitality from 44 to 45
AutoBuild: useStatPoint(3): Vitality
AutoBuild: Stat (5/5) Increased Vitality from 45 to 46
AutoBuild: Updating Config from level 18 to 19
AutoBuild: Incrementing cached character level to 19
AutoBuild: Stat points: 5      Skill points: 2
AutoBuild: Level up detected ( 19 --> 20 )
AutoBuild: useSkillPoint(): Chain Lightning (53)
AutoBuild: Skill (1/1) Increased Chain Lightning (53) by one (level:  1)
AutoBuild: useStatPoint(0): Strength
AutoBuild: Attempt to spend point 1 in Strength may have failed!
AutoBuild: useStatPoint(1): Energy
AutoBuild: Stat (2/5) Increased Energy from 78 to 79
AutoBuild: useStatPoint(1): Energy
AutoBuild: Stat (3/5) Increased Energy from 79 to 80
AutoBuild: useStatPoint(3): Vitality
AutoBuild: Stat (4/5) Increased Vitality from 46 to 47
AutoBuild: useStatPoint(3): Vitality
AutoBuild: Stat (5/5) Increased Vitality from 47 to 48
AutoBuild: Updating Config from level 19 to 20
AutoBuild: Incrementing cached character level to 20
AutoBuild: Stat points: 5      Skill points: 2
AutoBuild: Level up detected ( 20 --> 21 )
AutoBuild: useSkillPoint(): Lightning (49)
AutoBuild: Skill (1/1) Increased Lightning (49) by one (level:  7)
AutoBuild: useStatPoint(0): Strength
AutoBuild: Stat (1/5) Increased Strength from 29 to 30
AutoBuild: useStatPoint(1): Energy
AutoBuild: Attempt to spend point 2 in Energy may have failed!
AutoBuild: useStatPoint(1): Energy
AutoBuild: Stat (3/5) Increased Energy from 81 to 82
AutoBuild: useStatPoint(3): Vitality
AutoBuild: Stat (4/5) Increased Vitality from 48 to 49
AutoBuild: useStatPoint(3): Vitality
AutoBuild: Stat (5/5) Increased Vitality from 49 to 50
AutoBuild: Updating Config from level 20 to 21
AutoBuild: Incrementing cached character level to 21
AutoBuild: Including build template config/builds/sorceress.light.js into default.dbj
AutoBuild: Including build template config/builds/sorceress.light.js into tools\autobuildthread.js
AutoBuild: Loaded helper thread
AutoBuild: Including build template config/builds/sorceress.light.js into tools\party.js
AutoBuild: Including build template config/builds/sorceress.light.js into tools\townchicken.js
AutoBuild: Including build template config/builds/sorceress.light.js into tools\toolsthread.js
AutoBuild: Stat points: 5      Skill points: 2
AutoBuild: Level up detected ( 21 --> 22 )
AutoBuild: useSkillPoint(): Lightning (49)
AutoBuild: Skill (1/1) Increased Lightning (49) by one (level:  8)
AutoBuild: useStatPoint(0): Strength
AutoBuild: Stat (1/5) Increased Strength from 30 to 31
AutoBuild: useStatPoint(1): Energy
AutoBuild: Stat (2/5) Increased Energy from 82 to 83
AutoBuild: useStatPoint(1): Energy
AutoBuild: Stat (3/5) Increased Energy from 83 to 84
AutoBuild: useStatPoint(3): Vitality
AutoBuild: Stat (4/5) Increased Vitality from 50 to 51
AutoBuild: useStatPoint(3): Vitality
AutoBuild: Stat (5/5) Increased Vitality from 51 to 52
AutoBuild: Updating Config from level 21 to 22
AutoBuild: Incrementing cached character level to 22
AutoBuild: Including build template config/builds/sorceress.light.js into default.dbj
AutoBuild: Including build template config/builds/sorceress.light.js into tools\autobuildthread.js
AutoBuild: Loaded helper thread
AutoBuild: Including build template config/builds/sorceress.light.js into tools\party.js
AutoBuild: Including build template config/builds/sorceress.light.js into tools\toolsthread.js
AutoBuild: Including build template config/builds/sorceress.light.js into tools\townchicken.js
AutoBuild: Including build template config/builds/sorceress.light.js into default.dbj
AutoBuild: Including build template config/builds/sorceress.light.js into tools\autobuildthread.js
AutoBuild: Loaded helper thread
AutoBuild: Including build template config/builds/sorceress.light.js into tools\party.js
AutoBuild: Including build template config/builds/sorceress.light.js into tools\toolsthread.js
AutoBuild: Including build template config/builds/sorceress.light.js into tools\townchicken.js
AutoBuild: Stat points: 5      Skill points: 2
AutoBuild: Level up detected ( 22 --> 23 )
AutoBuild: useSkillPoint(): Lightning (49)
AutoBuild: Skill (1/1) Increased Lightning (49) by one (level:  9)
AutoBuild: useStatPoint(0): Strength
AutoBuild: Stat (1/5) Increased Strength from 31 to 32
AutoBuild: useStatPoint(1): Energy
AutoBuild: Stat (2/5) Increased Energy from 84 to 85
AutoBuild: useStatPoint(1): Energy
AutoBuild: Stat (3/5) Increased Energy from 85 to 86
AutoBuild: useStatPoint(3): Vitality
AutoBuild: Stat (4/5) Increased Vitality from 52 to 53
AutoBuild: useStatPoint(3): Vitality
AutoBuild: Stat (5/5) Increased Vitality from 53 to 54
AutoBuild: Updating Config from level 22 to 23
AutoBuild: Incrementing cached character level to 23
AutoBuild: Including build template config/builds/sorceress.light.js into default.dbj
AutoBuild: Including build template config/builds/sorceress.light.js into tools\autobuildthread.js
AutoBuild: Loaded helper thread
AutoBuild: Including build template config/builds/sorceress.light.js into tools\party.js
AutoBuild: Including build template config/builds/sorceress.light.js into tools\townchicken.js
AutoBuild: Including build template config/builds/sorceress.light.js into tools\toolsthread.js
AutoBuild: Stat points: 5      Skill points: 2
AutoBuild: Level up detected ( 23 --> 24 )
AutoBuild: useSkillPoint(): Thunder Storm (57)
AutoBuild: Skill (1/1) Increased Thunder Storm (57) by one (level:  1)
AutoBuild: useStatPoint(0): Strength
AutoBuild: Stat (1/5) Increased Strength from 32 to 33
AutoBuild: useStatPoint(1): Energy
AutoBuild: Stat (2/5) Increased Energy from 86 to 87
AutoBuild: useStatPoint(1): Energy
AutoBuild: Stat (3/5) Increased Energy from 87 to 88
AutoBuild: useStatPoint(3): Vitality
AutoBuild: Stat (4/5) Increased Vitality from 54 to 55
AutoBuild: useStatPoint(3): Vitality
AutoBuild: Stat (5/5) Increased Vitality from 55 to 56
AutoBuild: Updating Config from level 23 to 24
AutoBuild: Incrementing cached character level to 24
AutoBuild: Stat points: 5      Skill points: 2
AutoBuild: Level up detected ( 24 --> 25 )
AutoBuild: useSkillPoint(): Energy Shield (58)
AutoBuild: Skill (1/1) Increased Energy Shield (58) by one (level:  1)
AutoBuild: useStatPoint(0): Strength
AutoBuild: Stat (1/5) Increased Strength from 33 to 34
AutoBuild: useStatPoint(1): Energy
AutoBuild: Stat (2/5) Increased Energy from 88 to 89
AutoBuild: useStatPoint(1): Energy
AutoBuild: Stat (3/5) Increased Energy from 89 to 90
AutoBuild: useStatPoint(3): Vitality
AutoBuild: Stat (4/5) Increased Vitality from 56 to 57
AutoBuild: useStatPoint(3): Vitality
AutoBuild: Stat (5/5) Increased Vitality from 57 to 58
AutoBuild: Updating Config from level 24 to 25
AutoBuild: Incrementing cached character level to 25
AutoBuild: Including build template config/builds/sorceress.light.js into default.dbj
AutoBuild: Including build template config/builds/sorceress.light.js into tools\autobuildthread.js
AutoBuild: Loaded helper thread
AutoBuild: Including build template config/builds/sorceress.light.js into tools\party.js
AutoBuild: Including build template config/builds/sorceress.light.js into tools\townchicken.js
AutoBuild: Including build template config/builds/sorceress.light.js into tools\toolsthread.js
AutoBuild: Including build template config/builds/sorceress.light.js into default.dbj
AutoBuild: Including build template config/builds/sorceress.light.js into tools\autobuildthread.js
AutoBuild: Loaded helper thread
AutoBuild: Including build template config/builds/sorceress.light.js into tools\party.js
AutoBuild: Including build template config/builds/sorceress.light.js into tools\townchicken.js
AutoBuild: Including build template config/builds/sorceress.light.js into tools\toolsthread.js
AutoBuild: Including build template config/builds/sorceress.light.js into default.dbj
AutoBuild: Including build template config/builds/sorceress.light.js into tools\autobuildthread.js
AutoBuild: Loaded helper thread
AutoBuild: Including build template config/builds/sorceress.light.js into tools\party.js
AutoBuild: Including build template config/builds/sorceress.light.js into tools\townchicken.js
AutoBuild: Including build template config/builds/sorceress.light.js into tools\toolsthread.js
AutoBuild: Including build template config/builds/sorceress.light.js into default.dbj
AutoBuild: Including build template config/builds/sorceress.light.js into tools\autobuildthread.js
AutoBuild: Loaded helper thread
AutoBuild: Including build template config/builds/sorceress.light.js into tools\party.js
AutoBuild: Including build template config/builds/sorceress.light.js into tools\townchicken.js
AutoBuild: Including build template config/builds/sorceress.light.js into tools\toolsthread.js
AutoBuild: Including build template config/builds/sorceress.light.js into default.dbj
AutoBuild: Including build template config/builds/sorceress.light.js into tools\autobuildthread.js
AutoBuild: Loaded helper thread
AutoBuild: Including build template config/builds/sorceress.light.js into tools\party.js
AutoBuild: Including build template config/builds/sorceress.light.js into tools\townchicken.js
AutoBuild: Including build template config/builds/sorceress.light.js into tools\toolsthread.js
AutoBuild: Stat points: 10      Skill points: 2
AutoBuild: Level up detected ( 25 --> 26 )
AutoBuild: useSkillPoint(): Lightning (49)
AutoBuild: Skill (1/1) Increased Lightning (49) by one (level:  10)
AutoBuild: useStatPoint(0): Strength
AutoBuild: Stat (1/5) Increased Strength from 34 to 35
AutoBuild: useStatPoint(1): Energy
AutoBuild: Stat (2/5) Increased Energy from 90 to 91
AutoBuild: useStatPoint(1): Energy
AutoBuild: Stat (3/5) Increased Energy from 91 to 92
AutoBuild: useStatPoint(3): Vitality
AutoBuild: Stat (4/5) Increased Vitality from 58 to 59
AutoBuild: useStatPoint(3): Vitality
AutoBuild: Stat (5/5) Increased Vitality from 59 to 60
AutoBuild: Updating Config from level 25 to 26
AutoBuild: Incrementing cached character level to 26
AutoBuild: Including build template config/builds/sorceress.light.js into default.dbj
AutoBuild: Including build template config/builds/sorceress.light.js into tools\autobuildthread.js
AutoBuild: Loaded helper thread
AutoBuild: Including build template config/builds/sorceress.light.js into tools\party.js
AutoBuild: Including build template config/builds/sorceress.light.js into tools\toolsthread.js
AutoBuild: Including build template config/builds/sorceress.light.js into tools\townchicken.js
AutoBuild: Stat points: 10      Skill points: 2
AutoBuild: Level up detected ( 26 --> 27 )
AutoBuild: useSkillPoint(): Lightning (49)
AutoBuild: Skill (1/1) Increased Lightning (49) by one (level:  11)
AutoBuild: useStatPoint(0): Strength
AutoBuild: Stat (1/5) Increased Strength from 35 to 36
AutoBuild: useStatPoint(1): Energy
AutoBuild: Stat (2/5) Increased Energy from 91 to 92
AutoBuild: useStatPoint(1): Energy
AutoBuild: Stat (3/5) Increased Energy from 92 to 93
AutoBuild: useStatPoint(3): Vitality
AutoBuild: Stat (4/5) Increased Vitality from 60 to 61
AutoBuild: useStatPoint(3): Vitality
AutoBuild: Stat (5/5) Increased Vitality from 61 to 62
AutoBuild: Updating Config from level 26 to 27
AutoBuild: Incrementing cached character level to 27
AutoBuild: Including build template config/builds/sorceress.light.js into default.dbj
AutoBuild: Including build template config/builds/sorceress.light.js into tools\autobuildthread.js
AutoBuild: Loaded helper thread
AutoBuild: Including build template config/builds/sorceress.light.js into tools\party.js
AutoBuild: Including build template config/builds/sorceress.light.js into tools\toolsthread.js
AutoBuild: Including build template config/builds/sorceress.light.js into tools\townchicken.js
AutoBuild: Including build template config/builds/sorceress.light.js into default.dbj
AutoBuild: Including build template config/builds/sorceress.light.js into tools\autobuildthread.js
AutoBuild: Loaded helper thread
AutoBuild: Including build template config/builds/sorceress.light.js into tools\party.js
AutoBuild: Including build template config/builds/sorceress.light.js into tools\townchicken.js
AutoBuild: Including build template config/builds/sorceress.light.js into tools\toolsthread.js
AutoBuild: Stat points: 10      Skill points: 2
AutoBuild: Level up detected ( 27 --> 28 )
AutoBuild: useSkillPoint(): Lightning (49)
AutoBuild: Skill (1/1) Increased Lightning (49) by one (level:  12)
AutoBuild: useStatPoint(0): Strength
AutoBuild: Stat (1/5) Increased Strength from 36 to 37
AutoBuild: useStatPoint(1): Energy
AutoBuild: Stat (2/5) Increased Energy from 93 to 94
AutoBuild: useStatPoint(1): Energy
AutoBuild: Stat (3/5) Increased Energy from 94 to 95
AutoBuild: useStatPoint(3): Vitality
AutoBuild: Stat (4/5) Increased Vitality from 62 to 63
AutoBuild: useStatPoint(3): Vitality
AutoBuild: Stat (5/5) Increased Vitality from 63 to 64
AutoBuild: Updating Config from level 27 to 28
AutoBuild: Incrementing cached character level to 28
AutoBuild: Including build template config/builds/sorceress.light.js into default.dbj
AutoBuild: Including build template config/builds/sorceress.light.js into tools\autobuildthread.js
AutoBuild: Loaded helper thread
AutoBuild: Including build template config/builds/sorceress.light.js into tools\party.js
AutoBuild: Including build template config/builds/sorceress.light.js into tools\townchicken.js
AutoBuild: Including build template config/builds/sorceress.light.js into tools\toolsthread.js
AutoBuild: Stat points: 10      Skill points: 2
AutoBuild: Level up detected ( 28 --> 29 )
AutoBuild: useSkillPoint(): Lightning (49)
AutoBuild: Skill (1/1) Increased Lightning (49) by one (level:  13)
AutoBuild: useStatPoint(0): Strength
AutoBuild: Stat (1/5) Increased Strength from 37 to 38
AutoBuild: useStatPoint(1): Energy
AutoBuild: Stat (2/5) Increased Energy from 95 to 96
AutoBuild: useStatPoint(1): Energy
AutoBuild: Stat (3/5) Increased Energy from 96 to 97
AutoBuild: useStatPoint(3): Vitality
AutoBuild: Stat (4/5) Increased Vitality from 64 to 65
AutoBuild: useStatPoint(3): Vitality
AutoBuild: Stat (5/5) Increased Vitality from 65 to 66
AutoBuild: Updating Config from level 28 to 29
AutoBuild: Incrementing cached character level to 29
AutoBuild: Including build template config/builds/sorceress.light.js into default.dbj
AutoBuild: Including build template config/builds/sorceress.light.js into tools\autobuildthread.js
AutoBuild: Loaded helper thread
AutoBuild: Including build template config/builds/sorceress.light.js into tools\party.js
AutoBuild: Including build template config/builds/sorceress.light.js into tools\townchicken.js
AutoBuild: Including build template config/builds/sorceress.light.js into tools\toolsthread.js
AutoBuild: Including build template config/builds/sorceress.light.js into default.dbj
AutoBuild: Including build template config/builds/sorceress.light.js into tools\autobuildthread.js
AutoBuild: Loaded helper thread
AutoBuild: Including build template config/builds/sorceress.light.js into tools\party.js
AutoBuild: Including build template config/builds/sorceress.light.js into tools\townchicken.js
AutoBuild: Including build template config/builds/sorceress.light.js into tools\toolsthread.js
AutoBuild: Including build template config/builds/sorceress.light.js into default.dbj
AutoBuild: Including build template config/builds/sorceress.light.js into tools\autobuildthread.js
AutoBuild: Loaded helper thread
AutoBuild: Including build template config/builds/sorceress.light.js into tools\party.js
AutoBuild: Including build template config/builds/sorceress.light.js into tools\townchicken.js
AutoBuild: Including build template config/builds/sorceress.light.js into tools\toolsthread.js
AutoBuild: Stat points: 10      Skill points: 4
AutoBuild: Level up detected ( 29 --> 30 )
AutoBuild: useSkillPoint(): Lightning Mastery (63)
AutoBuild: Skill (1/1) Increased Lightning Mastery (63) by one (level:  1)
AutoBuild: useStatPoint(0): Strength
AutoBuild: Stat (1/5) Increased Strength from 38 to 39
AutoBuild: useStatPoint(1): Energy
AutoBuild: Stat (2/5) Increased Energy from 97 to 98
AutoBuild: useStatPoint(1): Energy
AutoBuild: Stat (3/5) Increased Energy from 98 to 99
AutoBuild: useStatPoint(3): Vitality
AutoBuild: Stat (4/5) Increased Vitality from 66 to 67
AutoBuild: useStatPoint(3): Vitality
AutoBuild: Attempt to spend point 5 in Vitality may have failed!
AutoBuild: Updating Config from level 29 to 30
AutoBuild: Incrementing cached character level to 30
AutoBuild: Stat points: 10      Skill points: 4
AutoBuild: Level up detected ( 30 --> 31 )
AutoBuild: useSkillPoint(): Lightning (49)
AutoBuild: Skill (1/1) Increased Lightning (49) by one (level:  14)
AutoBuild: useStatPoint(0): Strength
AutoBuild: Stat (1/5) Increased Strength from 39 to 40
AutoBuild: useStatPoint(1): Energy
AutoBuild: Stat (2/5) Increased Energy from 99 to 100
AutoBuild: useStatPoint(1): Energy
AutoBuild: Stat (3/5) Increased Energy from 100 to 101
AutoBuild: useStatPoint(3): Vitality
AutoBuild: Stat (4/5) Increased Vitality from 68 to 69
AutoBuild: useStatPoint(3): Vitality
AutoBuild: Stat (5/5) Increased Vitality from 69 to 70
AutoBuild: Updating Config from level 30 to 31
AutoBuild: Incrementing cached character level to 31
AutoBuild: Including build template config/builds/sorceress.light.js into default.dbj
AutoBuild: Including build template config/builds/sorceress.light.js into tools\autobuildthread.js
AutoBuild: Loaded helper thread
AutoBuild: Including build template config/builds/sorceress.light.js into tools\party.js
AutoBuild: Including build template config/builds/sorceress.light.js into tools\townchicken.js
AutoBuild: Including build template config/builds/sorceress.light.js into tools\toolsthread.js
AutoBuild: Stat points: 10      Skill points: 4
AutoBuild: Level up detected ( 31 --> 32 )
AutoBuild: useSkillPoint(): Lightning (49)
AutoBuild: Skill (1/1) Increased Lightning (49) by one (level:  15)
AutoBuild: useStatPoint(0): Strength
AutoBuild: Stat (1/5) Increased Strength from 40 to 41
AutoBuild: useStatPoint(1): Energy
AutoBuild: Stat (2/5) Increased Energy from 101 to 102
AutoBuild: useStatPoint(1): Energy
AutoBuild: Stat (3/5) Increased Energy from 102 to 103
AutoBuild: useStatPoint(3): Vitality
AutoBuild: Stat (4/5) Increased Vitality from 70 to 71
AutoBuild: useStatPoint(3): Vitality
AutoBuild: Stat (5/5) Increased Vitality from 71 to 72
AutoBuild: Updating Config from level 31 to 32
AutoBuild: Incrementing cached character level to 32
AutoBuild: Stat points: 10      Skill points: 4
AutoBuild: Level up detected ( 32 --> 33 )
AutoBuild: useSkillPoint(): Lightning (49)
AutoBuild: Skill (1/1) Increased Lightning (49) by one (level:  16)
AutoBuild: useStatPoint(0): Strength
AutoBuild: Stat (1/5) Increased Strength from 41 to 42
AutoBuild: useStatPoint(1): Energy
AutoBuild: Stat (2/5) Increased Energy from 103 to 104
AutoBuild: useStatPoint(1): Energy
AutoBuild: Stat (3/5) Increased Energy from 104 to 105
AutoBuild: useStatPoint(3): Vitality
AutoBuild: Stat (4/5) Increased Vitality from 72 to 73
AutoBuild: useStatPoint(3): Vitality
AutoBuild: Stat (5/5) Increased Vitality from 73 to 74
AutoBuild: Updating Config from level 32 to 33
AutoBuild: Incrementing cached character level to 33
AutoBuild: Including build template config/builds/sorceress.light.js into default.dbj
AutoBuild: Including build template config/builds/sorceress.light.js into tools\autobuildthread.js
AutoBuild: Loaded helper thread
AutoBuild: Including build template config/builds/sorceress.light.js into tools\party.js
AutoBuild: Including build template config/builds/sorceress.light.js into tools\townchicken.js
AutoBuild: Including build template config/builds/sorceress.light.js into tools\toolsthread.js
AutoBuild: Including build template config/builds/sorceress.light.js into default.dbj
AutoBuild: Including build template config/builds/sorceress.light.js into tools\autobuildthread.js
AutoBuild: Loaded helper thread
AutoBuild: Including build template config/builds/sorceress.light.js into tools\party.js
AutoBuild: Including build template config/builds/sorceress.light.js into tools\townchicken.js
AutoBuild: Including build template config/builds/sorceress.light.js into tools\toolsthread.js
AutoBuild: Stat points: 10      Skill points: 4
AutoBuild: Level up detected ( 33 --> 34 )
AutoBuild: useSkillPoint(): Lightning (49)
AutoBuild: Skill (1/1) Increased Lightning (49) by one (level:  17)
AutoBuild: useStatPoint(0): Strength
AutoBuild: Stat (1/5) Increased Strength from 42 to 43
AutoBuild: useStatPoint(1): Energy
AutoBuild: Stat (2/5) Increased Energy from 105 to 106
AutoBuild: useStatPoint(1): Energy
AutoBuild: Stat (3/5) Increased Energy from 106 to 107
AutoBuild: useStatPoint(3): Vitality
AutoBuild: Stat (4/5) Increased Vitality from 74 to 75
AutoBuild: useStatPoint(3): Vitality
AutoBuild: Stat (5/5) Increased Vitality from 75 to 76
AutoBuild: Updating Config from level 33 to 34
AutoBuild: Incrementing cached character level to 34
AutoBuild: Stat points: 10      Skill points: 4
AutoBuild: Level up detected ( 34 --> 35 )
AutoBuild: useSkillPoint(): Lightning (49)
AutoBuild: Skill (1/1) Increased Lightning (49) by one (level:  18)
AutoBuild: useStatPoint(0): Strength
AutoBuild: Stat (1/5) Increased Strength from 43 to 44
AutoBuild: useStatPoint(1): Energy
AutoBuild: Stat (2/5) Increased Energy from 107 to 108
AutoBuild: useStatPoint(1): Energy
AutoBuild: Stat (3/5) Increased Energy from 108 to 109
AutoBuild: useStatPoint(3): Vitality
AutoBuild: Stat (4/5) Increased Vitality from 76 to 77
AutoBuild: useStatPoint(3): Vitality
AutoBuild: Stat (5/5) Increased Vitality from 77 to 78
AutoBuild: Updating Config from level 34 to 35
AutoBuild: Incrementing cached character level to 35
AutoBuild: Stat points: 10      Skill points: 4
AutoBuild: Level up detected ( 35 --> 36 )
AutoBuild: useSkillPoint(): Lightning (49)
AutoBuild: Skill (1/1) Increased Lightning (49) by one (level:  19)
AutoBuild: useStatPoint(0): Strength
AutoBuild: Stat (1/5) Increased Strength from 44 to 45
AutoBuild: useStatPoint(1): Energy
AutoBuild: Stat (2/5) Increased Energy from 109 to 110
AutoBuild: useStatPoint(1): Energy
AutoBuild: Stat (3/5) Increased Energy from 110 to 111
AutoBuild: useStatPoint(3): Vitality
AutoBuild: Attempt to spend point 4 in Vitality may have failed!
AutoBuild: useStatPoint(3): Vitality
AutoBuild: Attempt to spend point 5 in Vitality may have failed!
AutoBuild: Updating Config from level 35 to 36
AutoBuild: Incrementing cached character level to 36
AutoBuild: Stat points: 10      Skill points: 4
AutoBuild: Level up detected ( 36 --> 37 )
AutoBuild: useSkillPoint(): Lightning (49)
AutoBuild: Skill (1/1) Increased Lightning (49) by one (level:  20)
AutoBuild: useStatPoint(0): Strength
AutoBuild: Stat (1/5) Increased Strength from 45 to 46
AutoBuild: useStatPoint(1): Energy
AutoBuild: Stat (2/5) Increased Energy from 111 to 112
AutoBuild: useStatPoint(1): Energy
AutoBuild: Stat (3/5) Increased Energy from 112 to 113
AutoBuild: useStatPoint(3): Vitality
AutoBuild: Stat (4/5) Increased Vitality from 80 to 81
AutoBuild: useStatPoint(3): Vitality
AutoBuild: Stat (5/5) Increased Vitality from 81 to 82
AutoBuild: Updating Config from level 36 to 37
AutoBuild: Incrementing cached character level to 37
AutoBuild: Including build template config/builds/sorceress.light.js into default.dbj
AutoBuild: Including build template config/builds/sorceress.light.js into tools\autobuildthread.js
AutoBuild: Loaded helper thread
AutoBuild: Including build template config/builds/sorceress.light.js into tools\party.js
AutoBuild: Including build template config/builds/sorceress.light.js into tools\townchicken.js
AutoBuild: Including build template config/builds/sorceress.light.js into tools\toolsthread.js
AutoBuild: Including build template config/builds/sorceress.light.js into default.dbj
AutoBuild: Including build template config/builds/sorceress.light.js into tools\autobuildthread.js
AutoBuild: Loaded helper thread
AutoBuild: Including build template config/builds/sorceress.light.js into tools\party.js
AutoBuild: Including build template config/builds/sorceress.light.js into tools\townchicken.js
AutoBuild: Including build template config/builds/sorceress.light.js into tools\toolsthread.js
AutoBuild: Stat points: 10      Skill points: 4
AutoBuild: Level up detected ( 36 --> 37 )
AutoBuild: useSkillPoint(): Lightning (49)
AutoBuild: Skill (1/1) Increased Lightning (49) by one (level:  20)
AutoBuild: useStatPoint(0): Strength
AutoBuild: Stat (1/5) Increased Strength from 45 to 46
AutoBuild: useStatPoint(1): Energy
AutoBuild: Stat (2/5) Increased Energy from 111 to 112
AutoBuild: useStatPoint(1): Energy
AutoBuild: Stat (3/5) Increased Energy from 112 to 113
AutoBuild: useStatPoint(3): Vitality
AutoBuild: Stat (4/5) Increased Vitality from 80 to 81
AutoBuild: useStatPoint(3): Vitality
AutoBuild: Stat (5/5) Increased Vitality from 81 to 82
AutoBuild: Updating Config from level 36 to 37
AutoBuild: Incrementing cached character level to 37
AutoBuild: Stat points: 10      Skill points: 4
AutoBuild: Level up detected ( 37 --> 38 )
AutoBuild: useSkillPoint(): Lightning Mastery (63)
AutoBuild: Skill (1/1) Increased Lightning Mastery (63) by one (level:  2)
AutoBuild: useStatPoint(0): Strength
AutoBuild: Stat (1/5) Increased Strength from 46 to 47
AutoBuild: useStatPoint(1): Energy
AutoBuild: Stat (2/5) Increased Energy from 113 to 114
AutoBuild: useStatPoint(1): Energy
AutoBuild: Stat (3/5) Increased Energy from 114 to 115
AutoBuild: useStatPoint(3): Vitality
AutoBuild: Stat (4/5) Increased Vitality from 82 to 83
AutoBuild: useStatPoint(3): Vitality
AutoBuild: Stat (5/5) Increased Vitality from 83 to 84
AutoBuild: Updating Config from level 37 to 38
AutoBuild: Incrementing cached character level to 38
AutoBuild: Stat points: 10      Skill points: 4
AutoBuild: Level up detected ( 38 --> 39 )
AutoBuild: useSkillPoint(): Lightning Mastery (63)
AutoBuild: Skill (1/1) Increased Lightning Mastery (63) by one (level:  3)
AutoBuild: useStatPoint(0): Strength
AutoBuild: Stat (1/5) Increased Strength from 47 to 48
AutoBuild: useStatPoint(1): Energy
AutoBuild: Stat (2/5) Increased Energy from 115 to 116
AutoBuild: useStatPoint(1): Energy
AutoBuild: Stat (3/5) Increased Energy from 116 to 117
AutoBuild: useStatPoint(3): Vitality
AutoBuild: Stat (4/5) Increased Vitality from 84 to 85
AutoBuild: useStatPoint(3): Vitality
AutoBuild: Stat (5/5) Increased Vitality from 85 to 86
AutoBuild: Updating Config from level 38 to 39
AutoBuild: Incrementing cached character level to 39
AutoBuild: Including build template config/builds/sorceress.light.js into default.dbj
AutoBuild: Including build template config/builds/sorceress.light.js into tools\autobuildthread.js
AutoBuild: Loaded helper thread
AutoBuild: Including build template config/builds/sorceress.light.js into tools\party.js
AutoBuild: Including build template config/builds/sorceress.light.js into tools\toolsthread.js
AutoBuild: Including build template config/builds/sorceress.light.js into tools\townchicken.js
AutoBuild: Stat points: 10      Skill points: 4
AutoBuild: Level up detected ( 39 --> 40 )
AutoBuild: useSkillPoint(): Lightning Mastery (63)
AutoBuild: Skill (1/1) Increased Lightning Mastery (63) by one (level:  4)
AutoBuild: useStatPoint(0): Strength
AutoBuild: Stat (1/5) Increased Strength from 48 to 49
AutoBuild: useStatPoint(1): Energy
AutoBuild: Stat (2/5) Increased Energy from 117 to 118
AutoBuild: useStatPoint(1): Energy
AutoBuild: Stat (3/5) Increased Energy from 118 to 119
AutoBuild: useStatPoint(3): Vitality
AutoBuild: Stat (4/5) Increased Vitality from 86 to 87
AutoBuild: useStatPoint(3): Vitality
AutoBuild: Stat (5/5) Increased Vitality from 87 to 88
AutoBuild: Updating Config from level 39 to 40
AutoBuild: Incrementing cached character level to 40
AutoBuild: Including build template config/builds/sorceress.light.js into default.dbj
AutoBuild: Including build template config/builds/sorceress.light.js into tools\autobuildthread.js
AutoBuild: Loaded helper thread
AutoBuild: Including build template config/builds/sorceress.light.js into tools\party.js
AutoBuild: Including build template config/builds/sorceress.light.js into tools\townchicken.js
AutoBuild: Including build template config/builds/sorceress.light.js into tools\toolsthread.js
AutoBuild: Including build template config/builds/sorceress.light.js into default.dbj
AutoBuild: Including build template config/builds/sorceress.light.js into tools\autobuildthread.js
AutoBuild: Loaded helper thread
AutoBuild: Including build template config/builds/sorceress.light.js into tools\party.js
AutoBuild: Including build template config/builds/sorceress.light.js into tools\townchicken.js
AutoBuild: Including build template config/builds/sorceress.light.js into tools\toolsthread.js
AutoBuild: Including build template config/builds/sorceress.light.js into default.dbj
AutoBuild: Including build template config/builds/sorceress.light.js into tools\autobuildthread.js
AutoBuild: Loaded helper thread
AutoBuild: Including build template config/builds/sorceress.light.js into tools\party.js
AutoBuild: Including build template config/builds/sorceress.light.js into tools\townchicken.js
AutoBuild: Including build template config/builds/sorceress.light.js into tools\toolsthread.js
AutoBuild: Including build template config/builds/sorceress.light.js into default.dbj
AutoBuild: Including build template config/builds/sorceress.light.js into tools\autobuildthread.js
AutoBuild: Loaded helper thread
AutoBuild: Including build template config/builds/sorceress.light.js into tools\party.js
AutoBuild: Including build template config/builds/sorceress.light.js into tools\townchicken.js
AutoBuild: Including build template config/builds/sorceress.light.js into tools\toolsthread.js
AutoBuild: Including build template config/builds/sorceress.light.js into default.dbj
AutoBuild: Including build template config/builds/sorceress.light.js into tools\autobuildthread.js
AutoBuild: Loaded helper thread
AutoBuild: Including build template config/builds/sorceress.light.js into tools\party.js
AutoBuild: Including build template config/builds/sorceress.light.js into tools\toolsthread.js
AutoBuild: Including build template config/builds/sorceress.light.js into tools\townchicken.js
AutoBuild: Including build template config/builds/sorceress.light.js into default.dbj
AutoBuild: Including build template config/builds/sorceress.light.js into tools\autobuildthread.js
AutoBuild: Loaded helper thread
AutoBuild: Including build template config/builds/sorceress.light.js into tools\party.js
AutoBuild: Including build template config/builds/sorceress.light.js into tools\townchicken.js
AutoBuild: Including build template config/builds/sorceress.light.js into tools\toolsthread.js
AutoBuild: Stat points: 10      Skill points: 4
AutoBuild: Level up detected ( 40 --> 41 )
AutoBuild: useSkillPoint(): Lightning Mastery (63)
AutoBuild: Skill (1/1) Increased Lightning Mastery (63) by one (level:  5)
AutoBuild: useStatPoint(0): Strength
AutoBuild: Stat (1/5) Increased Strength from 49 to 50
AutoBuild: useStatPoint(1): Energy
AutoBuild: Stat (2/5) Increased Energy from 119 to 120
AutoBuild: useStatPoint(1): Energy
AutoBuild: Stat (3/5) Increased Energy from 120 to 121
AutoBuild: useStatPoint(3): Vitality
AutoBuild: Stat (4/5) Increased Vitality from 88 to 89
AutoBuild: useStatPoint(3): Vitality
AutoBuild: Stat (5/5) Increased Vitality from 89 to 90
AutoBuild: Updating Config from level 40 to 41
AutoBuild: Incrementing cached character level to 41
AutoBuild: Including build template config/builds/sorceress.light.js into default.dbj
AutoBuild: Including build template config/builds/sorceress.light.js into tools\autobuildthread.js
AutoBuild: Loaded helper thread
AutoBuild: Including build template config/builds/sorceress.light.js into tools\party.js
AutoBuild: Including build template config/builds/sorceress.light.js into tools\townchicken.js
AutoBuild: Including build template config/builds/sorceress.light.js into tools\toolsthread.js
AutoBuild: Including build template config/builds/sorceress.light.js into default.dbj
AutoBuild: Including build template config/builds/sorceress.light.js into tools\autobuildthread.js
AutoBuild: Loaded helper thread
AutoBuild: Including build template config/builds/sorceress.light.js into tools\party.js
AutoBuild: Including build template config/builds/sorceress.light.js into tools\townchicken.js
AutoBuild: Including build template config/builds/sorceress.light.js into tools\toolsthread.js
AutoBuild: Including build template config/builds/sorceress.light.js into default.dbj
AutoBuild: Including build template config/builds/sorceress.light.js into tools\autobuildthread.js
AutoBuild: Loaded helper thread
AutoBuild: Including build template config/builds/sorceress.light.js into tools\party.js
AutoBuild: Including build template config/builds/sorceress.light.js into tools\townchicken.js
AutoBuild: Including build template config/builds/sorceress.light.js into tools\toolsthread.js
AutoBuild: Stat points: 10      Skill points: 4
AutoBuild: Level up detected ( 41 --> 42 )
AutoBuild: useSkillPoint(): Lightning Mastery (63)
AutoBuild: Skill (1/1) Increased Lightning Mastery (63) by one (level:  6)
AutoBuild: useStatPoint(0): Strength
AutoBuild: Stat (1/5) Increased Strength from 50 to 51
AutoBuild: useStatPoint(1): Energy
AutoBuild: Stat (2/5) Increased Energy from 124 to 125
AutoBuild: useStatPoint(1): Energy
AutoBuild: Stat (3/5) Increased Energy from 125 to 126
AutoBuild: useStatPoint(3): Vitality
AutoBuild: Stat (4/5) Increased Vitality from 90 to 91
AutoBuild: useStatPoint(3): Vitality
AutoBuild: Stat (5/5) Increased Vitality from 91 to 92
AutoBuild: Updating Config from level 41 to 42
AutoBuild: Incrementing cached character level to 42
AutoBuild: Including build template config/builds/sorceress.light.js into default.dbj
AutoBuild: Including build template config/builds/sorceress.light.js into tools\autobuildthread.js
AutoBuild: Loaded helper thread
AutoBuild: Including build template config/builds/sorceress.light.js into tools\party.js
AutoBuild: Including build template config/builds/sorceress.light.js into tools\townchicken.js
AutoBuild: Including build template config/builds/sorceress.light.js into tools\toolsthread.js
AutoBuild: Including build template config/builds/sorceress.light.js into default.dbj
AutoBuild: Including build template config/builds/sorceress.light.js into tools\autobuildthread.js
AutoBuild: Loaded helper thread
AutoBuild: Including build template config/builds/sorceress.light.js into tools\party.js
AutoBuild: Including build template config/builds/sorceress.light.js into tools\townchicken.js
AutoBuild: Including build template config/builds/sorceress.light.js into tools\toolsthread.js
AutoBuild: Including build template config/builds/sorceress.light.js into default.dbj
AutoBuild: Including build template config/builds/sorceress.light.js into tools\autobuildthread.js
AutoBuild: Loaded helper thread
AutoBuild: Including build template config/builds/sorceress.light.js into tools\party.js
AutoBuild: Including build template config/builds/sorceress.light.js into tools\townchicken.js
AutoBuild: Including build template config/builds/sorceress.light.js into tools\toolsthread.js
AutoBuild: Including build template config/builds/sorceress.light.js into default.dbj
AutoBuild: Including build template config/builds/sorceress.light.js into tools\autobuildthread.js
AutoBuild: Loaded helper thread
AutoBuild: Including build template config/builds/sorceress.light.js into tools\party.js
AutoBuild: Including build template config/builds/sorceress.light.js into tools\townchicken.js
AutoBuild: Including build template config/builds/sorceress.light.js into tools\toolsthread.js
AutoBuild: Stat points: 10      Skill points: 4
AutoBuild: Level up detected ( 42 --> 43 )
AutoBuild: useSkillPoint(): Lightning Mastery (63)
AutoBuild: Skill (1/1) Increased Lightning Mastery (63) by one (level:  7)
AutoBuild: useStatPoint(0): Strength
AutoBuild: Stat (1/5) Increased Strength from 51 to 52
AutoBuild: useStatPoint(1): Energy
AutoBuild: Stat (2/5) Increased Energy from 126 to 127
AutoBuild: useStatPoint(1): Energy
AutoBuild: Stat (3/5) Increased Energy from 127 to 128
AutoBuild: useStatPoint(3): Vitality
AutoBuild: Stat (4/5) Increased Vitality from 92 to 93
AutoBuild: useStatPoint(3): Vitality
AutoBuild: Stat (5/5) Increased Vitality from 93 to 94
AutoBuild: Updating Config from level 42 to 43
AutoBuild: Incrementing cached character level to 43
AutoBuild: Stat points: 10      Skill points: 4
AutoBuild: Level up detected ( 43 --> 44 )
AutoBuild: useSkillPoint(): Lightning Mastery (63)
AutoBuild: Skill (1/1) Increased Lightning Mastery (63) by one (level:  8)
AutoBuild: useStatPoint(0): Strength
AutoBuild: Stat (1/5) Increased Strength from 52 to 53
AutoBuild: useStatPoint(1): Energy
AutoBuild: Stat (2/5) Increased Energy from 128 to 129
AutoBuild: useStatPoint(1): Energy
AutoBuild: Stat (3/5) Increased Energy from 129 to 130
AutoBuild: useStatPoint(3): Vitality
AutoBuild: Stat (4/5) Increased Vitality from 94 to 95
AutoBuild: useStatPoint(3): Vitality
AutoBuild: Stat (5/5) Increased Vitality from 95 to 96
AutoBuild: Updating Config from level 43 to 44
AutoBuild: Incrementing cached character level to 44
AutoBuild: Including build template config/builds/sorceress.light.js into default.dbj
AutoBuild: Including build template config/builds/sorceress.light.js into tools\autobuildthread.js
AutoBuild: Loaded helper thread
AutoBuild: Including build template config/builds/sorceress.light.js into tools\party.js
AutoBuild: Including build template config/builds/sorceress.light.js into tools\townchicken.js
AutoBuild: Including build template config/builds/sorceress.light.js into tools\toolsthread.js
AutoBuild: Including build template config/builds/sorceress.light.js into default.dbj
AutoBuild: Including build template config/builds/sorceress.light.js into tools\autobuildthread.js
AutoBuild: Loaded helper thread
AutoBuild: Including build template config/builds/sorceress.light.js into tools\party.js
AutoBuild: Including build template config/builds/sorceress.light.js into tools\townchicken.js
AutoBuild: Including build template config/builds/sorceress.light.js into tools\toolsthread.js
AutoBuild: Stat points: 10      Skill points: 4
AutoBuild: Level up detected ( 44 --> 45 )
AutoBuild: useSkillPoint(): Lightning Mastery (63)
AutoBuild: Skill (1/1) Increased Lightning Mastery (63) by one (level:  9)
AutoBuild: useStatPoint(0): Strength
AutoBuild: Stat (1/5) Increased Strength from 53 to 54
AutoBuild: useStatPoint(1): Energy
AutoBuild: Attempt to spend point 2 in Energy may have failed!
AutoBuild: useStatPoint(1): Energy
AutoBuild: Attempt to spend point 3 in Energy may have failed!
AutoBuild: useStatPoint(3): Vitality
AutoBuild: Stat (4/5) Increased Vitality from 96 to 97
AutoBuild: useStatPoint(3): Vitality
AutoBuild: Attempt to spend point 5 in Vitality may have failed!
AutoBuild: Updating Config from level 44 to 45
AutoBuild: Incrementing cached character level to 45
AutoBuild: Including build template config/builds/sorceress.light.js into default.dbj
AutoBuild: Including build template config/builds/sorceress.light.js into tools\autobuildthread.js
AutoBuild: Loaded helper thread
AutoBuild: Including build template config/builds/sorceress.light.js into tools\party.js
AutoBuild: Including build template config/builds/sorceress.light.js into tools\townchicken.js
AutoBuild: Including build template config/builds/sorceress.light.js into tools\toolsthread.js
AutoBuild: Including build template config/builds/sorceress.light.js into default.dbj
AutoBuild: Including build template config/builds/sorceress.light.js into tools\autobuildthread.js
AutoBuild: Loaded helper thread
AutoBuild: Including build template config/builds/sorceress.light.js into tools\party.js
AutoBuild: Including build template config/builds/sorceress.light.js into tools\townchicken.js
AutoBuild: Including build template config/builds/sorceress.light.js into tools\toolsthread.js
AutoBuild: Including build template config/builds/sorceress.light.js into default.dbj
AutoBuild: Including build template config/builds/sorceress.light.js into tools\autobuildthread.js
AutoBuild: Loaded helper thread
AutoBuild: Including build template config/builds/sorceress.light.js into tools\party.js
AutoBuild: Including build template config/builds/sorceress.light.js into tools\townchicken.js
AutoBuild: Including build template config/builds/sorceress.light.js into tools\toolsthread.js
AutoBuild: Stat points: 10      Skill points: 4
AutoBuild: Level up detected ( 45 --> 46 )
AutoBuild: useSkillPoint(): Lightning Mastery (63)
AutoBuild: Skill (1/1) Increased Lightning Mastery (63) by one (level:  10)
AutoBuild: useStatPoint(0): Strength
AutoBuild: Stat (1/5) Increased Strength from 54 to 55
AutoBuild: useStatPoint(1): Energy
AutoBuild: Stat (2/5) Increased Energy from 132 to 133
AutoBuild: useStatPoint(1): Energy
AutoBuild: Stat (3/5) Increased Energy from 133 to 134
AutoBuild: useStatPoint(3): Vitality
AutoBuild: Stat (4/5) Increased Vitality from 98 to 99
AutoBuild: useStatPoint(3): Vitality
AutoBuild: Stat (5/5) Increased Vitality from 99 to 100
AutoBuild: Updating Config from level 45 to 46
AutoBuild: Incrementing cached character level to 46
AutoBuild: Including build template config/builds/sorceress.light.js into default.dbj
AutoBuild: Including build template config/builds/sorceress.light.js into tools\autobuildthread.js
AutoBuild: Loaded helper thread
AutoBuild: Including build template config/builds/sorceress.light.js into tools\party.js
AutoBuild: Including build template config/builds/sorceress.light.js into tools\townchicken.js
AutoBuild: Including build template config/builds/sorceress.light.js into tools\toolsthread.js
AutoBuild: Including build template config/builds/sorceress.light.js into default.dbj
AutoBuild: Including build template config/builds/sorceress.light.js into tools\autobuildthread.js
AutoBuild: Loaded helper thread
AutoBuild: Including build template config/builds/sorceress.light.js into tools\party.js
AutoBuild: Including build template config/builds/sorceress.light.js into tools\townchicken.js
AutoBuild: Including build template config/builds/sorceress.light.js into tools\toolsthread.js
AutoBuild: Stat points: 10      Skill points: 4
AutoBuild: Level up detected ( 46 --> 47 )
AutoBuild: useSkillPoint(): Lightning Mastery (63)
AutoBuild: Skill (1/1) Increased Lightning Mastery (63) by one (level:  11)
AutoBuild: useStatPoint(0): Strength
AutoBuild: Stat (1/5) Increased Strength from 55 to 56
AutoBuild: useStatPoint(1): Energy
AutoBuild: Stat (2/5) Increased Energy from 134 to 135
AutoBuild: useStatPoint(1): Energy
AutoBuild: Stat (3/5) Increased Energy from 135 to 136
AutoBuild: useStatPoint(3): Vitality
AutoBuild: Stat (4/5) Increased Vitality from 100 to 101
AutoBuild: useStatPoint(3): Vitality
AutoBuild: Stat (5/5) Increased Vitality from 101 to 102
AutoBuild: Updating Config from level 46 to 47
AutoBuild: Incrementing cached character level to 47
AutoBuild: Including build template config/builds/sorceress.light.js into default.dbj
AutoBuild: Including build template config/builds/sorceress.light.js into tools\autobuildthread.js
AutoBuild: Loaded helper thread
AutoBuild: Including build template config/builds/sorceress.light.js into tools\party.js
AutoBuild: Including build template config/builds/sorceress.light.js into tools\townchicken.js
AutoBuild: Including build template config/builds/sorceress.light.js into tools\toolsthread.js
AutoBuild: Including build template config/builds/sorceress.light.js into default.dbj
AutoBuild: Including build template config/builds/sorceress.light.js into tools\autobuildthread.js
AutoBuild: Loaded helper thread
AutoBuild: Including build template config/builds/sorceress.light.js into tools\party.js
AutoBuild: Including build template config/builds/sorceress.light.js into tools\townchicken.js
AutoBuild: Including build template config/builds/sorceress.light.js into tools\toolsthread.js
AutoBuild: Stat points: 10      Skill points: 5
AutoBuild: Level up detected ( 47 --> 48 )
AutoBuild: useSkillPoint(): Lightning Mastery (63)
AutoBuild: Skill (1/1) Increased Lightning Mastery (63) by one (level:  12)
AutoBuild: useStatPoint(0): Strength
AutoBuild: Stat (1/5) Increased Strength from 56 to 57
AutoBuild: useStatPoint(1): Energy
AutoBuild: Stat (2/5) Increased Energy from 136 to 137
AutoBuild: useStatPoint(1): Energy
AutoBuild: Stat (3/5) Increased Energy from 137 to 138
AutoBuild: useStatPoint(3): Vitality
AutoBuild: Stat (4/5) Increased Vitality from 102 to 103
AutoBuild: useStatPoint(3): Vitality
AutoBuild: Stat (5/5) Increased Vitality from 103 to 104
AutoBuild: Updating Config from level 47 to 48
AutoBuild: Incrementing cached character level to 48
AutoBuild: Stat points: 10      Skill points: 5
AutoBuild: Level up detected ( 48 --> 49 )
AutoBuild: useSkillPoint(): Lightning Mastery (63)
AutoBuild: Skill (1/1) Increased Lightning Mastery (63) by one (level:  13)
AutoBuild: useStatPoint(0): Strength
AutoBuild: Stat (1/5) Increased Strength from 57 to 58
AutoBuild: useStatPoint(1): Energy
AutoBuild: Stat (2/5) Increased Energy from 138 to 139
AutoBuild: useStatPoint(1): Energy
AutoBuild: Stat (3/5) Increased Energy from 139 to 140
AutoBuild: useStatPoint(3): Vitality
AutoBuild: Stat (4/5) Increased Vitality from 104 to 105
AutoBuild: useStatPoint(3): Vitality
AutoBuild: Stat (5/5) Increased Vitality from 105 to 106
AutoBuild: Updating Config from level 48 to 49
AutoBuild: Incrementing cached character level to 49
AutoBuild: Including build template config/builds/sorceress.light.js into default.dbj
AutoBuild: Including build template config/builds/sorceress.light.js into tools\autobuildthread.js
AutoBuild: Loaded helper thread
AutoBuild: Including build template config/builds/sorceress.light.js into tools\party.js
AutoBuild: Including build template config/builds/sorceress.light.js into tools\townchicken.js
AutoBuild: Including build template config/builds/sorceress.light.js into tools\toolsthread.js
AutoBuild: Stat points: 10      Skill points: 5
AutoBuild: Level up detected ( 49 --> 50 )
AutoBuild: useSkillPoint(): Lightning Mastery (63)
AutoBuild: Skill (1/1) Increased Lightning Mastery (63) by one (level:  14)
AutoBuild: useStatPoint(0): Strength
AutoBuild: Stat (1/5) Increased Strength from 58 to 59
AutoBuild: useStatPoint(1): Energy
AutoBuild: Stat (2/5) Increased Energy from 140 to 141
AutoBuild: useStatPoint(1): Energy
AutoBuild: Stat (3/5) Increased Energy from 141 to 142
AutoBuild: useStatPoint(3): Vitality
AutoBuild: Stat (4/5) Increased Vitality from 106 to 107
AutoBuild: useStatPoint(3): Vitality
AutoBuild: Stat (5/5) Increased Vitality from 107 to 108
AutoBuild: Updating Config from level 49 to 50
AutoBuild: Incrementing cached character level to 50
AutoBuild: Including build template config/builds/sorceress.light.js into default.dbj
AutoBuild: Including build template config/builds/sorceress.light.js into tools\autobuildthread.js
AutoBuild: Loaded helper thread
AutoBuild: Including build template config/builds/sorceress.light.js into tools\party.js
AutoBuild: Including build template config/builds/sorceress.light.js into tools\townchicken.js
AutoBuild: Including build template config/builds/sorceress.light.js into tools\toolsthread.js
AutoBuild: Including build template config/builds/sorceress.light.js into default.dbj
AutoBuild: Including build template config/builds/sorceress.light.js into tools\autobuildthread.js
AutoBuild: Loaded helper thread
AutoBuild: Including build template config/builds/sorceress.light.js into tools\party.js
AutoBuild: Including build template config/builds/sorceress.light.js into tools\townchicken.js
AutoBuild: Including build template config/builds/sorceress.light.js into tools\toolsthread.js
AutoBuild: Including build template config/builds/sorceress.light.js into default.dbj
AutoBuild: Including build template config/builds/sorceress.light.js into tools\autobuildthread.js
AutoBuild: Loaded helper thread
AutoBuild: Including build template config/builds/sorceress.light.js into tools\party.js
AutoBuild: Including build template config/builds/sorceress.light.js into tools\townchicken.js
AutoBuild: Including build template config/builds/sorceress.light.js into tools\toolsthread.js
AutoBuild: Including build template config/builds/sorceress.light.js into default.dbj
AutoBuild: Including build template config/builds/sorceress.light.js into tools\autobuildthread.js
AutoBuild: Loaded helper thread
AutoBuild: Including build template config/builds/sorceress.light.js into tools\party.js
AutoBuild: Including build template config/builds/sorceress.light.js into tools\townchicken.js
AutoBuild: Including build template config/builds/sorceress.light.js into tools\toolsthread.js
AutoBuild: Including build template config/builds/sorceress.light.js into default.dbj
AutoBuild: Including build template config/builds/sorceress.light.js into tools\autobuildthread.js
AutoBuild: Loaded helper thread
AutoBuild: Including build template config/builds/sorceress.light.js into tools\party.js
AutoBuild: Including build template config/builds/sorceress.light.js into tools\townchicken.js
AutoBuild: Including build template config/builds/sorceress.light.js into tools\toolsthread.js
AutoBuild: Including build template config/builds/sorceress.light.js into default.dbj
AutoBuild: Including build template config/builds/sorceress.light.js into tools\autobuildthread.js
AutoBuild: Loaded helper thread
AutoBuild: Including build template config/builds/sorceress.light.js into tools\party.js
AutoBuild: Including build template config/builds/sorceress.light.js into tools\townchicken.js
AutoBuild: Including build template config/builds/sorceress.light.js into tools\toolsthread.js
AutoBuild: Stat points: 10      Skill points: 5
AutoBuild: Level up detected ( 50 --> 51 )
AutoBuild: useSkillPoint(): Lightning Mastery (63)
AutoBuild: Skill (1/1) Increased Lightning Mastery (63) by one (level:  15)
AutoBuild: useStatPoint(0): Strength
AutoBuild: Stat (1/5) Increased Strength from 59 to 60
AutoBuild: useStatPoint(1): Energy
AutoBuild: Stat (2/5) Increased Energy from 142 to 143
AutoBuild: useStatPoint(1): Energy
AutoBuild: Stat (3/5) Increased Energy from 143 to 144
AutoBuild: useStatPoint(3): Vitality
AutoBuild: Stat (4/5) Increased Vitality from 108 to 109
AutoBuild: useStatPoint(3): Vitality
AutoBuild: Stat (5/5) Increased Vitality from 109 to 110
AutoBuild: Updating Config from level 50 to 51
AutoBuild: Incrementing cached character level to 51
AutoBuild: Stat points: 10      Skill points: 5
AutoBuild: Level up detected ( 51 --> 52 )
AutoBuild: useSkillPoint(): Lightning Mastery (63)
AutoBuild: Skill (1/1) Increased Lightning Mastery (63) by one (level:  16)
AutoBuild: useStatPoint(0): Strength
AutoBuild: Stat (1/5) Increased Strength from 60 to 61
AutoBuild: useStatPoint(1): Energy
AutoBuild: Stat (2/5) Increased Energy from 144 to 145
AutoBuild: useStatPoint(1): Energy
AutoBuild: Stat (3/5) Increased Energy from 145 to 146
AutoBuild: useStatPoint(3): Vitality
AutoBuild: Stat (4/5) Increased Vitality from 110 to 111
AutoBuild: useStatPoint(3): Vitality
AutoBuild: Stat (5/5) Increased Vitality from 111 to 112
AutoBuild: Updating Config from level 51 to 52
AutoBuild: Incrementing cached character level to 52
AutoBuild: Including build template config/builds/sorceress.light.js into default.dbj
AutoBuild: Including build template config/builds/sorceress.light.js into tools\autobuildthread.js
AutoBuild: Loaded helper thread
AutoBuild: Including build template config/builds/sorceress.light.js into tools\party.js
AutoBuild: Including build template config/builds/sorceress.light.js into tools\townchicken.js
AutoBuild: Including build template config/builds/sorceress.light.js into tools\toolsthread.js
AutoBuild: Stat points: 10      Skill points: 5
AutoBuild: Level up detected ( 52 --> 53 )
AutoBuild: useSkillPoint(): Lightning Mastery (63)
AutoBuild: Skill (1/1) Increased Lightning Mastery (63) by one (level:  17)
AutoBuild: useStatPoint(0): Strength
AutoBuild: Stat (1/5) Increased Strength from 61 to 62
AutoBuild: useStatPoint(1): Energy
AutoBuild: Stat (2/5) Increased Energy from 146 to 147
AutoBuild: useStatPoint(1): Energy
AutoBuild: Stat (3/5) Increased Energy from 147 to 148
AutoBuild: useStatPoint(3): Vitality
AutoBuild: Stat (4/5) Increased Vitality from 112 to 113
AutoBuild: useStatPoint(3): Vitality
AutoBuild: Stat (5/5) Increased Vitality from 113 to 114
AutoBuild: Updating Config from level 52 to 53
AutoBuild: Incrementing cached character level to 53
AutoBuild: Including build template config/builds/sorceress.light.js into default.dbj
AutoBuild: Including build template config/builds/sorceress.light.js into tools\autobuildthread.js
AutoBuild: Loaded helper thread
AutoBuild: Including build template config/builds/sorceress.light.js into tools\party.js
AutoBuild: Including build template config/builds/sorceress.light.js into tools\townchicken.js
AutoBuild: Including build template config/builds/sorceress.light.js into tools\toolsthread.js
AutoBuild: Including build template config/builds/sorceress.light.js into default.dbj
AutoBuild: Including build template config/builds/sorceress.light.js into tools\autobuildthread.js
AutoBuild: Loaded helper thread
AutoBuild: Including build template config/builds/sorceress.light.js into tools\party.js
AutoBuild: Including build template config/builds/sorceress.light.js into tools\townchicken.js
AutoBuild: Including build template config/builds/sorceress.light.js into tools\toolsthread.js
AutoBuild: Including build template config/builds/sorceress.light.js into default.dbj
AutoBuild: Including build template config/builds/sorceress.light.js into tools\autobuildthread.js
AutoBuild: Loaded helper thread
AutoBuild: Including build template config/builds/sorceress.light.js into tools\party.js
AutoBuild: Including build template config/builds/sorceress.light.js into tools\townchicken.js
AutoBuild: Including build template config/builds/sorceress.light.js into tools\toolsthread.js
AutoBuild: Stat points: 10      Skill points: 5
AutoBuild: Level up detected ( 53 --> 54 )
AutoBuild: useSkillPoint(): Lightning Mastery (63)
AutoBuild: Skill (1/1) Increased Lightning Mastery (63) by one (level:  19)
AutoBuild: useStatPoint(0): Strength
AutoBuild: Stat (1/5) Increased Strength from 69 to 70
AutoBuild: useStatPoint(1): Energy
AutoBuild: Stat (2/5) Increased Energy from 148 to 149
AutoBuild: useStatPoint(1): Energy
AutoBuild: Attempt to spend point 3 in Energy may have failed!
AutoBuild: useStatPoint(3): Vitality
AutoBuild: Stat (4/5) Increased Vitality from 114 to 115
AutoBuild: useStatPoint(3): Vitality
AutoBuild: Stat (5/5) Increased Vitality from 115 to 116
AutoBuild: Updating Config from level 53 to 54
AutoBuild: Incrementing cached character level to 54
AutoBuild: Including build template config/builds/sorceress.light.js into default.dbj
AutoBuild: Including build template config/builds/sorceress.light.js into tools\autobuildthread.js
AutoBuild: Loaded helper thread
AutoBuild: Including build template config/builds/sorceress.light.js into tools\party.js
AutoBuild: Including build template config/builds/sorceress.light.js into tools\townchicken.js
AutoBuild: Including build template config/builds/sorceress.light.js into tools\toolsthread.js
AutoBuild: Including build template config/builds/sorceress.light.js into default.dbj
AutoBuild: Including build template config/builds/sorceress.light.js into tools\autobuildthread.js
AutoBuild: Loaded helper thread
AutoBuild: Including build template config/builds/sorceress.light.js into tools\party.js
AutoBuild: Including build template config/builds/sorceress.light.js into tools\townchicken.js
AutoBuild: Including build template config/builds/sorceress.light.js into tools\toolsthread.js
AutoBuild: Including build template config/builds/sorceress.light.js into default.dbj
AutoBuild: Including build template config/builds/sorceress.light.js into tools\autobuildthread.js
AutoBuild: Loaded helper thread
AutoBuild: Including build template config/builds/sorceress.light.js into tools\party.js
AutoBuild: Including build template config/builds/sorceress.light.js into tools\townchicken.js
AutoBuild: Including build template config/builds/sorceress.light.js into tools\toolsthread.js
AutoBuild: Including build template config/builds/sorceress.light.js into default.dbj
AutoBuild: Including build template config/builds/sorceress.light.js into tools\autobuildthread.js
AutoBuild: Loaded helper thread
AutoBuild: Including build template config/builds/sorceress.light.js into tools\party.js
AutoBuild: Including build template config/builds/sorceress.light.js into tools\townchicken.js
AutoBuild: Including build template config/builds/sorceress.light.js into tools\toolsthread.js
AutoBuild: Including build template config/builds/sorceress.light.js into default.dbj
AutoBuild: Including build template config/builds/sorceress.light.js into tools\autobuildthread.js
AutoBuild: Loaded helper thread
AutoBuild: Including build template config/builds/sorceress.light.js into tools\party.js
AutoBuild: Including build template config/builds/sorceress.light.js into tools\townchicken.js
AutoBuild: Including build template config/builds/sorceress.light.js into tools\toolsthread.js
AutoBuild: Including build template config/builds/sorceress.light.js into default.dbj
AutoBuild: Including build template config/builds/sorceress.light.js into tools\autobuildthread.js
AutoBuild: Loaded helper thread
AutoBuild: Including build template config/builds/sorceress.light.js into tools\party.js
AutoBuild: Including build template config/builds/sorceress.light.js into tools\townchicken.js
AutoBuild: Including build template config/builds/sorceress.light.js into tools\toolsthread.js
AutoBuild: Including build template config/builds/sorceress.light.js into default.dbj
AutoBuild: Including build template config/builds/sorceress.light.js into tools\autobuildthread.js
AutoBuild: Loaded helper thread
AutoBuild: Including build template config/builds/sorceress.light.js into tools\party.js
AutoBuild: Including build template config/builds/sorceress.light.js into tools\townchicken.js
AutoBuild: Including build template config/builds/sorceress.light.js into tools\toolsthread.js
AutoBuild: Including build template config/builds/sorceress.light.js into default.dbj
AutoBuild: Including build template config/builds/sorceress.light.js into tools\autobuildthread.js
AutoBuild: Loaded helper thread
AutoBuild: Including build template config/builds/sorceress.light.js into tools\party.js
AutoBuild: Including build template config/builds/sorceress.light.js into tools\townchicken.js
AutoBuild: Including build template config/builds/sorceress.light.js into tools\toolsthread.js
AutoBuild: Stat points: 10      Skill points: 5
AutoBuild: Level up detected ( 54 --> 55 )
AutoBuild: useSkillPoint(): Lightning Mastery (63)
AutoBuild: Skill (1/1) Increased Lightning Mastery (63) by one (level:  20)
AutoBuild: useStatPoint(0): Strength
AutoBuild: Stat (1/5) Increased Strength from 70 to 71
AutoBuild: useStatPoint(1): Energy
AutoBuild: Stat (2/5) Increased Energy from 150 to 151
AutoBuild: useStatPoint(1): Energy
AutoBuild: Stat (3/5) Increased Energy from 151 to 152
AutoBuild: useStatPoint(3): Vitality
AutoBuild: Stat (4/5) Increased Vitality from 116 to 117
AutoBuild: useStatPoint(3): Vitality
AutoBuild: Attempt to spend point 5 in Vitality may have failed!
AutoBuild: Updating Config from level 54 to 55
AutoBuild: Incrementing cached character level to 55
AutoBuild: Including build template config/builds/sorceress.light.js into default.dbj
AutoBuild: Including build template config/builds/sorceress.light.js into tools\autobuildthread.js
AutoBuild: Loaded helper thread
AutoBuild: Including build template config/builds/sorceress.light.js into tools\party.js
AutoBuild: Including build template config/builds/sorceress.light.js into tools\townchicken.js
AutoBuild: Including build template config/builds/sorceress.light.js into tools\toolsthread.js
AutoBuild: Including build template config/builds/sorceress.light.js into default.dbj
AutoBuild: Including build template config/builds/sorceress.light.js into tools\autobuildthread.js
AutoBuild: Loaded helper thread
AutoBuild: Including build template config/builds/sorceress.light.js into tools\party.js
AutoBuild: Including build template config/builds/sorceress.light.js into tools\townchicken.js
AutoBuild: Including build template config/builds/sorceress.light.js into tools\toolsthread.js
AutoBuild: Including build template config/builds/sorceress.light.js into default.dbj
AutoBuild: Including build template config/builds/sorceress.light.js into tools\autobuildthread.js
AutoBuild: Loaded helper thread
AutoBuild: Including build template config/builds/sorceress.light.js into tools\party.js
AutoBuild: Including build template config/builds/sorceress.light.js into tools\townchicken.js
AutoBuild: Including build template config/builds/sorceress.light.js into tools\toolsthread.js
AutoBuild: Including build template config/builds/sorceress.light.js into default.dbj
AutoBuild: Including build template config/builds/sorceress.light.js into tools\autobuildthread.js
AutoBuild: Loaded helper thread
AutoBuild: Including build template config/builds/sorceress.light.js into tools\party.js
AutoBuild: Including build template config/builds/sorceress.light.js into tools\townchicken.js
AutoBuild: Including build template config/builds/sorceress.light.js into tools\toolsthread.js
AutoBuild: Including build template config/builds/sorceress.light.js into default.dbj
AutoBuild: Including build template config/builds/sorceress.light.js into tools\autobuildthread.js
AutoBuild: Loaded helper thread
AutoBuild: Including build template config/builds/sorceress.light.js into tools\party.js
AutoBuild: Including build template config/builds/sorceress.light.js into tools\townchicken.js
AutoBuild: Including build template config/builds/sorceress.light.js into tools\toolsthread.js
AutoBuild: Including build template config/builds/sorceress.light.js into default.dbj
AutoBuild: Including build template config/builds/sorceress.light.js into tools\toolsthread.js
AutoBuild: Including build template config/builds/sorceress.light.js into tools\townchicken.js
AutoBuild: Including build template config/builds/sorceress.light.js into tools\party.js
AutoBuild: Including build template config/builds/sorceress.light.js into default.dbj
AutoBuild: Including build template config/builds/sorceress.light.js into tools\autobuildthread.js
AutoBuild: Loaded helper thread
AutoBuild: Including build template config/builds/sorceress.light.js into tools\party.js
AutoBuild: Including build template config/builds/sorceress.light.js into tools\townchicken.js
AutoBuild: Including build template config/builds/sorceress.light.js into tools\toolsthread.js
