AutoBuild: Including build template config/builds/druid.tornado.js into default.dbj
AutoBuild: Including build template config/builds/druid.tornado.js into tools\autobuildthread.js
AutoBuild: Loaded helper thread
AutoBuild: Including build template config/builds/druid.tornado.js into tools\party.js
AutoBuild: Including build template config/builds/druid.tornado.js into tools\townchicken.js
AutoBuild: Including build template config/builds/druid.tornado.js into tools\toolsthread.js
AutoBuild: Stat points: 15      Skill points: 5
AutoBuild: Level up detected ( 56 --> 57 )
AutoBuild: useSkillPoint(): Hurricane (250)
AutoBuild: Skill (1/1) Increased Hurricane (250) by one (level:  12)
AutoBuild: useStatPoint(0): Strength
AutoBuild: Stat (1/5) Increased Strength from 75 to 76
AutoBuild: useStatPoint(3): Vitality
AutoBuild: Stat (2/5) Increased Vitality from 245 to 246
AutoBuild: useStatPoint(3): Vitality
AutoBuild: Stat (3/5) Increased Vitality from 246 to 247
AutoBuild: useStatPoint(3): Vitality
AutoBuild: Stat (4/5) Increased Vitality from 247 to 248
AutoBuild: useStatPoint(3): Vitality
AutoBuild: Stat (5/5) Increased Vitality from 248 to 249
AutoBuild: Updating Config from level 56 to 57
AutoBuild: Incrementing cached character level to 57
AutoBuild: Including build template config/builds/druid.tornado.js into default.dbj
AutoBuild: Including build template config/builds/druid.tornado.js into tools\autobuildthread.js
AutoBuild: Loaded helper thread
AutoBuild: Including build template config/builds/druid.tornado.js into tools\party.js
AutoBuild: Including build template config/builds/druid.tornado.js into tools\townchicken.js
AutoBuild: Including build template config/builds/druid.tornado.js into tools\toolsthread.js
AutoBuild: Stat points: 15      Skill points: 5
AutoBuild: Level up detected ( 57 --> 58 )
AutoBuild: useSkillPoint(): Hurricane (250)
AutoBuild: Skill (1/1) Increased Hurricane (250) by one (level:  13)
AutoBuild: useStatPoint(0): Strength
AutoBuild: Stat (1/5) Increased Strength from 76 to 77
AutoBuild: useStatPoint(3): Vitality
AutoBuild: Attempt to spend point 2 in Vitality may have failed!
AutoBuild: useStatPoint(3): Vitality
AutoBuild: Stat (3/5) Increased Vitality from 250 to 251
AutoBuild: useStatPoint(3): Vitality
AutoBuild: Stat (4/5) Increased Vitality from 251 to 252
AutoBuild: useStatPoint(3): Vitality
AutoBuild: Stat (5/5) Increased Vitality from 252 to 253
AutoBuild: Updating Config from level 57 to 58
AutoBuild: Incrementing cached character level to 58
AutoBuild: Stat points: 15      Skill points: 5
AutoBuild: Level up detected ( 58 --> 59 )
AutoBuild: useSkillPoint(): Hurricane (250)
AutoBuild: Skill (1/1) Increased Hurricane (250) by one (level:  14)
AutoBuild: useStatPoint(0): Strength
AutoBuild: Stat (1/5) Increased Strength from 77 to 78
AutoBuild: useStatPoint(3): Vitality
AutoBuild: Stat (2/5) Increased Vitality from 253 to 254
AutoBuild: useStatPoint(3): Vitality
AutoBuild: Stat (3/5) Increased Vitality from 254 to 255
AutoBuild: useStatPoint(3): Vitality
AutoBuild: Stat (4/5) Increased Vitality from 255 to 256
AutoBuild: useStatPoint(3): Vitality
AutoBuild: Stat (5/5) Increased Vitality from 256 to 257
AutoBuild: Updating Config from level 58 to 59
AutoBuild: Incrementing cached character level to 59
AutoBuild: Including build template config/builds/druid.tornado.js into default.dbj
AutoBuild: Including build template config/builds/druid.tornado.js into tools\autobuildthread.js
AutoBuild: Loaded helper thread
AutoBuild: Including build template config/builds/druid.tornado.js into tools\party.js
AutoBuild: Including build template config/builds/druid.tornado.js into tools\townchicken.js
AutoBuild: Including build template config/builds/druid.tornado.js into tools\toolsthread.js
AutoBuild: Stat points: 15      Skill points: 5
AutoBuild: Level up detected ( 59 --> 60 )
AutoBuild: useSkillPoint(): Hurricane (250)
AutoBuild: Skill (1/4) Increased Hurricane (250) by one (level:  16)
AutoBuild: useSkillPoint(): Twister (240)
AutoBuild: Skill (2/4) Increased Twister (240) by one (level:  3)
AutoBuild: useSkillPoint(): Tornado (245)
AutoBuild: Attempt to spend skill point 3 in Tornado (245) may have failed!
AutoBuild: useSkillPoint(): Cyclone Armor (235)
AutoBuild: Skill (4/4) Increased Cyclone Armor (235) by one (level:  3)
AutoBuild: useStatPoint(0): Strength
AutoBuild: Stat (1/5) Increased Strength from 78 to 79
AutoBuild: useStatPoint(3): Vitality
AutoBuild: Stat (2/5) Increased Vitality from 257 to 258
AutoBuild: useStatPoint(3): Vitality
AutoBuild: Stat (3/5) Increased Vitality from 258 to 259
AutoBuild: useStatPoint(3): Vitality
AutoBuild: Stat (4/5) Increased Vitality from 259 to 260
AutoBuild: useStatPoint(3): Vitality
AutoBuild: Stat (5/5) Increased Vitality from 260 to 261
AutoBuild: Updating Config from level 59 to 60
AutoBuild: Incrementing cached character level to 60
AutoBuild: Stat points: 15      Skill points: 5
AutoBuild: Level up detected ( 60 --> 61 )
AutoBuild: useSkillPoint(): Hurricane (250)
AutoBuild: Skill (1/4) Increased Hurricane (250) by one (level:  17)
AutoBuild: useSkillPoint(): Twister (240)
AutoBuild: Skill (2/4) Increased Twister (240) by one (level:  4)
AutoBuild: useSkillPoint(): Tornado (245)
AutoBuild: Attempt to spend skill point 3 in Tornado (245) may have failed!
AutoBuild: useSkillPoint(): Cyclone Armor (235)
AutoBuild: Skill (4/4) Increased Cyclone Armor (235) by one (level:  4)
AutoBuild: useStatPoint(0): Strength
AutoBuild: Stat (1/5) Increased Strength from 79 to 80
AutoBuild: useStatPoint(3): Vitality
AutoBuild: Stat (2/5) Increased Vitality from 261 to 262
AutoBuild: useStatPoint(3): Vitality
AutoBuild: Attempt to spend point 3 in Vitality may have failed!
AutoBuild: useStatPoint(3): Vitality
AutoBuild: Stat (4/5) Increased Vitality from 263 to 264
AutoBuild: useStatPoint(3): Vitality
AutoBuild: Stat (5/5) Increased Vitality from 264 to 265
AutoBuild: Updating Config from level 60 to 61
AutoBuild: Incrementing cached character level to 61
AutoBuild: Stat points: 15      Skill points: 3
AutoBuild: Level up detected ( 61 --> 62 )
AutoBuild: Warning: Number of skills specified in your build template at level 62 exceeds the available unused skill points
Only the first 3 skills 250, 240, 245 will be added
AutoBuild: useSkillPoint(): Hurricane (250)
AutoBuild: Skill (1/3) Increased Hurricane (250) by one (level:  18)
AutoBuild: useSkillPoint(): Twister (240)
AutoBuild: Skill (2/3) Increased Twister (240) by one (level:  5)
AutoBuild: useSkillPoint(): Tornado (245)
AutoBuild: Attempt to spend skill point 3 in Tornado (245) may have failed!
AutoBuild: useStatPoint(0): Strength
AutoBuild: Stat (1/5) Increased Strength from 80 to 81
AutoBuild: useStatPoint(3): Vitality
AutoBuild: Stat (2/5) Increased Vitality from 265 to 266
AutoBuild: useStatPoint(3): Vitality
AutoBuild: Stat (3/5) Increased Vitality from 266 to 267
AutoBuild: useStatPoint(3): Vitality
AutoBuild: Stat (4/5) Increased Vitality from 267 to 268
AutoBuild: useStatPoint(3): Vitality
AutoBuild: Stat (5/5) Increased Vitality from 268 to 269
AutoBuild: Updating Config from level 61 to 62
AutoBuild: Incrementing cached character level to 62
AutoBuild: Including build template config/builds/druid.tornado.js into default.dbj
AutoBuild: Including build template config/builds/druid.tornado.js into tools\autobuildthread.js
AutoBuild: Loaded helper thread
AutoBuild: Including build template config/builds/druid.tornado.js into tools\party.js
AutoBuild: Including build template config/builds/druid.tornado.js into tools\townchicken.js
AutoBuild: Including build template config/builds/druid.tornado.js into tools\toolsthread.js
AutoBuild: Stat points: 15      Skill points: 2
AutoBuild: Level up detected ( 62 --> 63 )
AutoBuild: Warning: Number of skills specified in your build template at level 63 exceeds the available unused skill points
Only the first 2 skills 250, 240 will be added
AutoBuild: useSkillPoint(): Hurricane (250)
AutoBuild: Skill (1/2) Increased Hurricane (250) by one (level:  19)
AutoBuild: useSkillPoint(): Twister (240)
AutoBuild: Skill (2/2) Increased Twister (240) by one (level:  6)
AutoBuild: useStatPoint(0): Strength
AutoBuild: Stat (1/5) Increased Strength from 81 to 82
AutoBuild: useStatPoint(3): Vitality
AutoBuild: Attempt to spend point 2 in Vitality may have failed!
AutoBuild: useStatPoint(3): Vitality
AutoBuild: Stat (3/5) Increased Vitality from 270 to 271
AutoBuild: useStatPoint(3): Vitality
AutoBuild: Stat (4/5) Increased Vitality from 271 to 272
AutoBuild: useStatPoint(3): Vitality
AutoBuild: Stat (5/5) Increased Vitality from 272 to 273
AutoBuild: Updating Config from level 62 to 63
AutoBuild: Incrementing cached character level to 63
AutoBuild: Stat points: 15      Skill points: 1
AutoBuild: Level up detected ( 63 --> 64 )
AutoBuild: Warning: Number of skills specified in your build template at level 64 exceeds the available unused skill points
Only the first 1 skills 250 will be added
AutoBuild: useSkillPoint(): Hurricane (250)
AutoBuild: Skill (1/1) Increased Hurricane (250) by one (level:  19)
AutoBuild: useStatPoint(0): Strength
AutoBuild: Stat (1/5) Increased Strength from 82 to 83
AutoBuild: useStatPoint(3): Vitality
AutoBuild: Stat (2/5) Increased Vitality from 273 to 274
AutoBuild: useStatPoint(3): Vitality
AutoBuild: Stat (3/5) Increased Vitality from 274 to 275
AutoBuild: useStatPoint(3): Vitality
AutoBuild: Stat (4/5) Increased Vitality from 275 to 276
AutoBuild: useStatPoint(3): Vitality
AutoBuild: Stat (5/5) Increased Vitality from 276 to 277
AutoBuild: Updating Config from level 63 to 64
AutoBuild: Incrementing cached character level to 64
AutoBuild: Stat points: 15      Skill points: 1
AutoBuild: Level up detected ( 64 --> 65 )
AutoBuild: Warning: Number of skills specified in your build template at level 65 exceeds the available unused skill points
Only the first 1 skills 250 will be added
AutoBuild: useSkillPoint(): Hurricane (250)
AutoBuild: Skill (1/1) Increased Hurricane (250) by one (level:  20)
AutoBuild: useStatPoint(0): Strength
AutoBuild: Stat (1/5) Increased Strength from 83 to 84
AutoBuild: useStatPoint(3): Vitality
AutoBuild: Stat (2/5) Increased Vitality from 277 to 278
AutoBuild: useStatPoint(3): Vitality
AutoBuild: Stat (3/5) Increased Vitality from 278 to 279
AutoBuild: useStatPoint(3): Vitality
AutoBuild: Stat (4/5) Increased Vitality from 279 to 280
AutoBuild: useStatPoint(3): Vitality
AutoBuild: Stat (5/5) Increased Vitality from 280 to 281
AutoBuild: Updating Config from level 64 to 65
AutoBuild: Incrementing cached character level to 65
AutoBuild: Including build template config/builds/druid.tornado.js into default.dbj
AutoBuild: Including build template config/builds/druid.tornado.js into tools\autobuildthread.js
AutoBuild: Loaded helper thread
AutoBuild: Including build template config/builds/druid.tornado.js into tools\party.js
AutoBuild: Including build template config/builds/druid.tornado.js into tools\townchicken.js
AutoBuild: Including build template config/builds/druid.tornado.js into tools\toolsthread.js
AutoBuild: Stat points: 15      Skill points: 1
AutoBuild: Level up detected ( 65 --> 66 )
AutoBuild: Warning: Number of skills specified in your build template at level 66 exceeds the available unused skill points
Only the first 1 skills 250 will be added
AutoBuild: useSkillPoint(): Hurricane (250)
AutoBuild: Attempt to spend skill point 1 in Hurricane (250) may have failed!
AutoBuild: useStatPoint(0): Strength
AutoBuild: Stat (1/5) Increased Strength from 84 to 85
AutoBuild: useStatPoint(3): Vitality
AutoBuild: Stat (2/5) Increased Vitality from 281 to 282
AutoBuild: useStatPoint(3): Vitality
AutoBuild: Stat (3/5) Increased Vitality from 282 to 283
AutoBuild: useStatPoint(3): Vitality
AutoBuild: Stat (4/5) Increased Vitality from 283 to 284
AutoBuild: useStatPoint(3): Vitality
AutoBuild: Stat (5/5) Increased Vitality from 284 to 285
AutoBuild: Updating Config from level 65 to 66
AutoBuild: Incrementing cached character level to 66
AutoBuild: Including build template config/builds/druid.tornado.js into default.dbj
AutoBuild: Including build template config/builds/druid.tornado.js into tools\autobuildthread.js
AutoBuild: Loaded helper thread
AutoBuild: Including build template config/builds/druid.tornado.js into tools\party.js
AutoBuild: Including build template config/builds/druid.tornado.js into tools\townchicken.js
AutoBuild: Including build template config/builds/druid.tornado.js into tools\toolsthread.js
AutoBuild: Stat points: 15      Skill points: 2
AutoBuild: Level up detected ( 66 --> 67 )
AutoBuild: Warning: Number of skills specified in your build template at level 67 exceeds the available unused skill points
Only the first 2 skills 250, 240 will be added
AutoBuild: useSkillPoint(): Hurricane (250)
AutoBuild: Attempt to spend skill point 1 in Hurricane (250) may have failed!
AutoBuild: useSkillPoint(): Twister (240)
AutoBuild: Skill (2/2) Increased Twister (240) by one (level:  6)
AutoBuild: useStatPoint(0): Strength
AutoBuild: Stat (1/5) Increased Strength from 85 to 86
AutoBuild: useStatPoint(3): Vitality
AutoBuild: Stat (2/5) Increased Vitality from 285 to 286
AutoBuild: useStatPoint(3): Vitality
AutoBuild: Stat (3/5) Increased Vitality from 286 to 287
AutoBuild: useStatPoint(3): Vitality
AutoBuild: Stat (4/5) Increased Vitality from 287 to 288
AutoBuild: useStatPoint(3): Vitality
AutoBuild: Stat (5/5) Increased Vitality from 288 to 289
AutoBuild: Updating Config from level 66 to 67
AutoBuild: Incrementing cached character level to 67
AutoBuild: Stat points: 15      Skill points: 2
AutoBuild: Level up detected ( 67 --> 68 )
AutoBuild: Warning: Number of skills specified in your build template at level 68 exceeds the available unused skill points
Only the first 2 skills 250, 240 will be added
AutoBuild: useSkillPoint(): Hurricane (250)
AutoBuild: Attempt to spend skill point 1 in Hurricane (250) may have failed!
AutoBuild: useSkillPoint(): Twister (240)
AutoBuild: Skill (2/2) Increased Twister (240) by one (level:  8)
AutoBuild: useStatPoint(0): Strength
AutoBuild: Stat (1/5) Increased Strength from 86 to 87
AutoBuild: useStatPoint(3): Vitality
AutoBuild: Stat (2/5) Increased Vitality from 289 to 290
AutoBuild: useStatPoint(3): Vitality
AutoBuild: Stat (3/5) Increased Vitality from 290 to 291
AutoBuild: useStatPoint(3): Vitality
AutoBuild: Stat (4/5) Increased Vitality from 291 to 292
AutoBuild: useStatPoint(3): Vitality
AutoBuild: Stat (5/5) Increased Vitality from 292 to 293
AutoBuild: Updating Config from level 67 to 68
AutoBuild: Incrementing cached character level to 68
AutoBuild: Including build template config/builds/druid.tornado.js into default.dbj
AutoBuild: Including build template config/builds/druid.tornado.js into tools\autobuildthread.js
AutoBuild: Loaded helper thread
AutoBuild: Including build template config/builds/druid.tornado.js into tools\party.js
AutoBuild: Including build template config/builds/druid.tornado.js into tools\townchicken.js
AutoBuild: Including build template config/builds/druid.tornado.js into tools\toolsthread.js
AutoBuild: Stat points: 15      Skill points: 2
AutoBuild: Level up detected ( 68 --> 69 )
AutoBuild: Warning: Number of skills specified in your build template at level 69 exceeds the available unused skill points
Only the first 2 skills 250, 240 will be added
AutoBuild: useSkillPoint(): Hurricane (250)
AutoBuild: Attempt to spend skill point 1 in Hurricane (250) may have failed!
AutoBuild: useSkillPoint(): Twister (240)
AutoBuild: Skill (2/2) Increased Twister (240) by one (level:  9)
AutoBuild: useStatPoint(0): Strength
AutoBuild: Stat (1/5) Increased Strength from 87 to 88
AutoBuild: useStatPoint(3): Vitality
AutoBuild: Stat (2/5) Increased Vitality from 293 to 294
AutoBuild: useStatPoint(3): Vitality
AutoBuild: Stat (3/5) Increased Vitality from 294 to 295
AutoBuild: useStatPoint(3): Vitality
AutoBuild: Stat (4/5) Increased Vitality from 295 to 296
AutoBuild: useStatPoint(3): Vitality
AutoBuild: Stat (5/5) Increased Vitality from 296 to 297
AutoBuild: Updating Config from level 68 to 69
AutoBuild: Incrementing cached character level to 69
AutoBuild: Including build template config/builds/druid.tornado.js into default.dbj
AutoBuild: Including build template config/builds/druid.tornado.js into tools\autobuildthread.js
AutoBuild: Loaded helper thread
AutoBuild: Including build template config/builds/druid.tornado.js into tools\party.js
AutoBuild: Including build template config/builds/druid.tornado.js into tools\townchicken.js
AutoBuild: Including build template config/builds/druid.tornado.js into tools\toolsthread.js
AutoBuild: Stat points: 15      Skill points: 2
AutoBuild: Level up detected ( 69 --> 70 )
AutoBuild: Warning: Number of skills specified in your build template at level 70 exceeds the available unused skill points
Only the first 2 skills 250, 240 will be added
AutoBuild: useSkillPoint(): Hurricane (250)
AutoBuild: Attempt to spend skill point 1 in Hurricane (250) may have failed!
AutoBuild: useSkillPoint(): Twister (240)
AutoBuild: Skill (2/2) Increased Twister (240) by one (level:  10)
AutoBuild: useStatPoint(0): Strength
AutoBuild: Stat (1/5) Increased Strength from 88 to 89
AutoBuild: useStatPoint(3): Vitality
AutoBuild: Stat (2/5) Increased Vitality from 297 to 298
AutoBuild: useStatPoint(3): Vitality
AutoBuild: Stat (3/5) Increased Vitality from 298 to 299
AutoBuild: useStatPoint(3): Vitality
AutoBuild: Stat (4/5) Increased Vitality from 299 to 300
AutoBuild: useStatPoint(3): Vitality
AutoBuild: Stat (5/5) Increased Vitality from 300 to 301
AutoBuild: Updating Config from level 69 to 70
AutoBuild: Incrementing cached character level to 70
AutoBuild: Including build template config/builds/druid.tornado.js into default.dbj
AutoBuild: Including build template config/builds/druid.tornado.js into tools\autobuildthread.js
AutoBuild: Loaded helper thread
AutoBuild: Including build template config/builds/druid.tornado.js into tools\party.js
AutoBuild: Including build template config/builds/druid.tornado.js into tools\townchicken.js
AutoBuild: Including build template config/builds/druid.tornado.js into tools\toolsthread.js
AutoBuild: Stat points: 15      Skill points: 2
AutoBuild: Level up detected ( 70 --> 71 )
AutoBuild: useSkillPoint(): Cyclone Armor (235)
AutoBuild: Skill (1/1) Increased Cyclone Armor (235) by one (level:  5)
AutoBuild: useStatPoint(0): Strength
AutoBuild: Stat (1/5) Increased Strength from 89 to 90
AutoBuild: useStatPoint(3): Vitality
AutoBuild: Stat (2/5) Increased Vitality from 301 to 302
AutoBuild: useStatPoint(3): Vitality
AutoBuild: Attempt to spend point 3 in Vitality may have failed!
AutoBuild: useStatPoint(3): Vitality
AutoBuild: Attempt to spend point 4 in Vitality may have failed!
AutoBuild: useStatPoint(3): Vitality
AutoBuild: Stat (5/5) Increased Vitality from 304 to 305
AutoBuild: Updating Config from level 70 to 71
AutoBuild: Incrementing cached character level to 71
AutoBuild: Including build template config/builds/druid.tornado.js into default.dbj
AutoBuild: Including build template config/builds/druid.tornado.js into tools\autobuildthread.js
AutoBuild: Loaded helper thread
AutoBuild: Including build template config/builds/druid.tornado.js into tools\party.js
AutoBuild: Including build template config/builds/druid.tornado.js into tools\townchicken.js
AutoBuild: Including build template config/builds/druid.tornado.js into tools\toolsthread.js
AutoBuild: Stat points: 15      Skill points: 2
AutoBuild: Level up detected ( 71 --> 72 )
AutoBuild: useSkillPoint(): Cyclone Armor (235)
AutoBuild: Skill (1/1) Increased Cyclone Armor (235) by one (level:  6)
AutoBuild: useStatPoint(0): Strength
AutoBuild: Stat (1/5) Increased Strength from 90 to 91
AutoBuild: useStatPoint(3): Vitality
AutoBuild: Stat (2/5) Increased Vitality from 305 to 306
AutoBuild: useStatPoint(3): Vitality
AutoBuild: Stat (3/5) Increased Vitality from 306 to 307
AutoBuild: useStatPoint(3): Vitality
AutoBuild: Stat (4/5) Increased Vitality from 307 to 308
AutoBuild: useStatPoint(3): Vitality
AutoBuild: Stat (5/5) Increased Vitality from 308 to 309
AutoBuild: Updating Config from level 71 to 72
AutoBuild: Incrementing cached character level to 72
AutoBuild: Including build template config/builds/druid.tornado.js into default.dbj
AutoBuild: Including build template config/builds/druid.tornado.js into tools\autobuildthread.js
AutoBuild: Loaded helper thread
AutoBuild: Including build template config/builds/druid.tornado.js into tools\party.js
AutoBuild: Including build template config/builds/druid.tornado.js into tools\toolsthread.js
AutoBuild: Including build template config/builds/druid.tornado.js into tools\townchicken.js
AutoBuild: Including build template config/builds/druid.tornado.js into default.dbj
AutoBuild: Including build template config/builds/druid.tornado.js into tools\autobuildthread.js
AutoBuild: Loaded helper thread
AutoBuild: Including build template config/builds/druid.tornado.js into tools\party.js
AutoBuild: Including build template config/builds/druid.tornado.js into tools\townchicken.js
AutoBuild: Including build template config/builds/druid.tornado.js into tools\toolsthread.js
AutoBuild: Stat points: 15      Skill points: 2
AutoBuild: Level up detected ( 72 --> 73 )
AutoBuild: useSkillPoint(): Cyclone Armor (235)
AutoBuild: Skill (1/1) Increased Cyclone Armor (235) by one (level:  6)
AutoBuild: useStatPoint(0): Strength
AutoBuild: Stat (1/5) Increased Strength from 91 to 92
AutoBuild: useStatPoint(3): Vitality
AutoBuild: Stat (2/5) Increased Vitality from 309 to 310
AutoBuild: useStatPoint(3): Vitality
AutoBuild: Stat (3/5) Increased Vitality from 310 to 311
AutoBuild: useStatPoint(3): Vitality
AutoBuild: Stat (4/5) Increased Vitality from 311 to 312
AutoBuild: useStatPoint(3): Vitality
AutoBuild: Stat (5/5) Increased Vitality from 312 to 313
AutoBuild: Updating Config from level 72 to 73
AutoBuild: Incrementing cached character level to 73
AutoBuild: Including build template config/builds/druid.tornado.js into default.dbj
AutoBuild: Including build template config/builds/druid.tornado.js into tools\autobuildthread.js
AutoBuild: Loaded helper thread
AutoBuild: Including build template config/builds/druid.tornado.js into tools\party.js
AutoBuild: Including build template config/builds/druid.tornado.js into tools\townchicken.js
AutoBuild: Including build template config/builds/druid.tornado.js into tools\toolsthread.js
AutoBuild: Stat points: 15      Skill points: 2
AutoBuild: Level up detected ( 73 --> 74 )
AutoBuild: useSkillPoint(): Cyclone Armor (235)
AutoBuild: Skill (1/1) Increased Cyclone Armor (235) by one (level:  8)
AutoBuild: useStatPoint(0): Strength
AutoBuild: Stat (1/5) Increased Strength from 92 to 93
AutoBuild: useStatPoint(3): Vitality
AutoBuild: Stat (2/5) Increased Vitality from 313 to 314
AutoBuild: useStatPoint(3): Vitality
AutoBuild: Attempt to spend point 3 in Vitality may have failed!
AutoBuild: useStatPoint(3): Vitality
AutoBuild: Attempt to spend point 4 in Vitality may have failed!
AutoBuild: useStatPoint(3): Vitality
AutoBuild: Attempt to spend point 5 in Vitality may have failed!
AutoBuild: Updating Config from level 73 to 74
AutoBuild: Incrementing cached character level to 74
AutoBuild: Including build template config/builds/druid.tornado.js into default.dbj
AutoBuild: Including build template config/builds/druid.tornado.js into tools\autobuildthread.js
AutoBuild: Loaded helper thread
AutoBuild: Including build template config/builds/druid.tornado.js into tools\party.js
AutoBuild: Including build template config/builds/druid.tornado.js into tools\townchicken.js
AutoBuild: Including build template config/builds/druid.tornado.js into tools\toolsthread.js
AutoBuild: Including build template config/builds/druid.tornado.js into default.dbj
AutoBuild: Including build template config/builds/druid.tornado.js into tools\autobuildthread.js
AutoBuild: Loaded helper thread
AutoBuild: Including build template config/builds/druid.tornado.js into tools\party.js
AutoBuild: Including build template config/builds/druid.tornado.js into tools\townchicken.js
AutoBuild: Including build template config/builds/druid.tornado.js into tools\toolsthread.js
AutoBuild: Including build template config/builds/druid.tornado.js into default.dbj
AutoBuild: Including build template config/builds/druid.tornado.js into tools\autobuildthread.js
AutoBuild: Loaded helper thread
AutoBuild: Including build template config/builds/druid.tornado.js into tools\party.js
AutoBuild: Including build template config/builds/druid.tornado.js into tools\townchicken.js
AutoBuild: Including build template config/builds/druid.tornado.js into tools\toolsthread.js
AutoBuild: Stat points: 15      Skill points: 2
AutoBuild: Level up detected ( 74 --> 75 )
AutoBuild: useSkillPoint(): Cyclone Armor (235)
AutoBuild: Skill (1/1) Increased Cyclone Armor (235) by one (level:  9)
AutoBuild: useStatPoint(0): Strength
AutoBuild: Stat (1/5) Increased Strength from 93 to 94
AutoBuild: useStatPoint(3): Vitality
AutoBuild: Stat (2/5) Increased Vitality from 317 to 318
AutoBuild: useStatPoint(3): Vitality
AutoBuild: Stat (3/5) Increased Vitality from 318 to 319
AutoBuild: useStatPoint(3): Vitality
AutoBuild: Stat (4/5) Increased Vitality from 319 to 320
AutoBuild: useStatPoint(3): Vitality
AutoBuild: Stat (5/5) Increased Vitality from 320 to 321
AutoBuild: Updating Config from level 74 to 75
AutoBuild: Incrementing cached character level to 75
AutoBuild: Including build template config/builds/druid.tornado.js into default.dbj
AutoBuild: Including build template config/builds/druid.tornado.js into tools\autobuildthread.js
AutoBuild: Loaded helper thread
AutoBuild: Including build template config/builds/druid.tornado.js into tools\party.js
AutoBuild: Including build template config/builds/druid.tornado.js into tools\toolsthread.js
AutoBuild: Including build template config/builds/druid.tornado.js into tools\townchicken.js
AutoBuild: Including build template config/builds/druid.tornado.js into default.dbj
AutoBuild: Including build template config/builds/druid.tornado.js into tools\autobuildthread.js
AutoBuild: Loaded helper thread
AutoBuild: Including build template config/builds/druid.tornado.js into tools\party.js
AutoBuild: Including build template config/builds/druid.tornado.js into tools\townchicken.js
AutoBuild: Including build template config/builds/druid.tornado.js into tools\toolsthread.js
AutoBuild: Including build template config/builds/druid.tornado.js into default.dbj
AutoBuild: Including build template config/builds/druid.tornado.js into tools\autobuildthread.js
AutoBuild: Loaded helper thread
AutoBuild: Including build template config/builds/druid.tornado.js into tools\party.js
AutoBuild: Including build template config/builds/druid.tornado.js into tools\toolsthread.js
AutoBuild: Including build template config/builds/druid.tornado.js into tools\townchicken.js
