AutoBuild: Including build template config/builds/sorceress.meteor.js into default.dbj
AutoBuild: Including build template config/builds/sorceress.meteor.js into tools\autobuildthread.js
AutoBuild: Loaded helper thread
AutoBuild: Including build template config/builds/sorceress.meteor.js into tools\party.js
AutoBuild: Including build template config/builds/sorceress.meteor.js into tools\townchicken.js
AutoBuild: Including build template config/builds/sorceress.meteor.js into tools\toolsthread.js
AutoBuild: Including build template config/builds/sorceress.meteor.js into default.dbj
AutoBuild: Including build template config/builds/sorceress.meteor.js into tools\autobuildthread.js
AutoBuild: Loaded helper thread
AutoBuild: Including build template config/builds/sorceress.meteor.js into tools\party.js
AutoBuild: Including build template config/builds/sorceress.meteor.js into tools\townchicken.js
AutoBuild: Including build template config/builds/sorceress.meteor.js into tools\toolsthread.js
AutoBuild: Including build template config/builds/sorceress.meteor.js into default.dbj
AutoBuild: Including build template config/builds/sorceress.meteor.js into tools\autobuildthread.js
AutoBuild: Loaded helper thread
AutoBuild: Including build template config/builds/sorceress.meteor.js into tools\party.js
AutoBuild: Including build template config/builds/sorceress.meteor.js into tools\townchicken.js
AutoBuild: Including build template config/builds/sorceress.meteor.js into tools\toolsthread.js
AutoBuild: Including build template config/builds/sorceress.meteor.js into default.dbj
AutoBuild: Including build template config/builds/sorceress.meteor.js into tools\autobuildthread.js
AutoBuild: Loaded helper thread
AutoBuild: Including build template config/builds/sorceress.meteor.js into tools\party.js
AutoBuild: Including build template config/builds/sorceress.meteor.js into tools\townchicken.js
AutoBuild: Including build template config/builds/sorceress.meteor.js into tools\toolsthread.js
AutoBuild: Including build template config/builds/sorceress.meteor.js into default.dbj
AutoBuild: Including build template config/builds/sorceress.meteor.js into tools\autobuildthread.js
AutoBuild: Loaded helper thread
AutoBuild: Including build template config/builds/sorceress.meteor.js into tools\party.js
AutoBuild: Including build template config/builds/sorceress.meteor.js into tools\townchicken.js
AutoBuild: Including build template config/builds/sorceress.meteor.js into tools\toolsthread.js
AutoBuild: Including build template config/builds/sorceress.meteor.js into default.dbj
AutoBuild: Including build template config/builds/sorceress.meteor.js into tools\autobuildthread.js
AutoBuild: Loaded helper thread
AutoBuild: Including build template config/builds/sorceress.meteor.js into tools\party.js
AutoBuild: Including build template config/builds/sorceress.meteor.js into tools\toolsthread.js
AutoBuild: Including build template config/builds/sorceress.meteor.js into tools\townchicken.js
AutoBuild: Including build template config/builds/sorceress.meteor.js into default.dbj
AutoBuild: Including build template config/builds/sorceress.meteor.js into tools\autobuildthread.js
AutoBuild: Loaded helper thread
AutoBuild: Including build template config/builds/sorceress.meteor.js into tools\party.js
AutoBuild: Including build template config/builds/sorceress.meteor.js into tools\townchicken.js
AutoBuild: Including build template config/builds/sorceress.meteor.js into tools\toolsthread.js
AutoBuild: Stat points: 15      Skill points: 9
AutoBuild: Level up detected ( 76 --> 77 )
AutoBuild: useSkillPoint(): Fire Ball (47)
AutoBuild: Skill (1/1) Increased Fire Ball (47) by one (level:  22)
AutoBuild: useStatPoint(0): Strength
AutoBuild: Stat (1/5) Increased Strength from 124 to 125
AutoBuild: useStatPoint(0): Strength
AutoBuild: Stat (2/5) Increased Strength from 125 to 126
AutoBuild: useStatPoint(1): Energy
AutoBuild: Stat (3/5) Increased Energy from 195 to 196
AutoBuild: useStatPoint(1): Energy
AutoBuild: Stat (4/5) Increased Energy from 196 to 197
AutoBuild: useStatPoint(3): Vitality
AutoBuild: Stat (5/5) Increased Vitality from 145 to 146
AutoBuild: Updating Config from level 76 to 77
AutoBuild: Incrementing cached character level to 77
AutoBuild: Including build template config/builds/sorceress.meteor.js into default.dbj
AutoBuild: Including build template config/builds/sorceress.meteor.js into tools\autobuildthread.js
AutoBuild: Loaded helper thread
AutoBuild: Including build template config/builds/sorceress.meteor.js into tools\party.js
AutoBuild: Including build template config/builds/sorceress.meteor.js into tools\toolsthread.js
AutoBuild: Including build template config/builds/sorceress.meteor.js into tools\townchicken.js
AutoBuild: Including build template config/builds/sorceress.meteor.js into default.dbj
AutoBuild: Including build template config/builds/sorceress.meteor.js into tools\autobuildthread.js
AutoBuild: Loaded helper thread
AutoBuild: Including build template config/builds/sorceress.meteor.js into tools\party.js
AutoBuild: Including build template config/builds/sorceress.meteor.js into tools\townchicken.js
AutoBuild: Including build template config/builds/sorceress.meteor.js into tools\toolsthread.js
AutoBuild: Including build template config/builds/sorceress.meteor.js into default.dbj
AutoBuild: Including build template config/builds/sorceress.meteor.js into tools\autobuildthread.js
AutoBuild: Loaded helper thread
AutoBuild: Including build template config/builds/sorceress.meteor.js into tools\party.js
AutoBuild: Including build template config/builds/sorceress.meteor.js into tools\townchicken.js
AutoBuild: Including build template config/builds/sorceress.meteor.js into tools\toolsthread.js
AutoBuild: Including build template config/builds/sorceress.meteor.js into default.dbj
AutoBuild: Including build template config/builds/sorceress.meteor.js into tools\autobuildthread.js
AutoBuild: Loaded helper thread
AutoBuild: Including build template config/builds/sorceress.meteor.js into tools\party.js
AutoBuild: Including build template config/builds/sorceress.meteor.js into tools\townchicken.js
AutoBuild: Including build template config/builds/sorceress.meteor.js into tools\toolsthread.js
AutoBuild: Including build template config/builds/sorceress.meteor.js into default.dbj
AutoBuild: Including build template config/builds/sorceress.meteor.js into tools\autobuildthread.js
AutoBuild: Loaded helper thread
AutoBuild: Including build template config/builds/sorceress.meteor.js into tools\party.js
AutoBuild: Including build template config/builds/sorceress.meteor.js into tools\townchicken.js
AutoBuild: Including build template config/builds/sorceress.meteor.js into tools\toolsthread.js
AutoBuild: Including build template config/builds/sorceress.meteor.js into default.dbj
AutoBuild: Including build template config/builds/sorceress.meteor.js into tools\autobuildthread.js
AutoBuild: Loaded helper thread
AutoBuild: Including build template config/builds/sorceress.meteor.js into tools\party.js
AutoBuild: Including build template config/builds/sorceress.meteor.js into tools\townchicken.js
AutoBuild: Including build template config/builds/sorceress.meteor.js into tools\toolsthread.js
AutoBuild: Including build template config/builds/sorceress.meteor.js into default.dbj
AutoBuild: Including build template config/builds/sorceress.meteor.js into tools\autobuildthread.js
AutoBuild: Loaded helper thread
AutoBuild: Including build template config/builds/sorceress.meteor.js into tools\party.js
AutoBuild: Including build template config/builds/sorceress.meteor.js into tools\townchicken.js
AutoBuild: Including build template config/builds/sorceress.meteor.js into tools\toolsthread.js
AutoBuild: Including build template config/builds/sorceress.meteor.js into default.dbj
AutoBuild: Including build template config/builds/sorceress.meteor.js into tools\autobuildthread.js
AutoBuild: Loaded helper thread
AutoBuild: Including build template config/builds/sorceress.meteor.js into tools\party.js
AutoBuild: Including build template config/builds/sorceress.meteor.js into tools\townchicken.js
AutoBuild: Including build template config/builds/sorceress.meteor.js into tools\toolsthread.js
AutoBuild: Including build template config/builds/sorceress.meteor.js into default.dbj
AutoBuild: Including build template config/builds/sorceress.meteor.js into tools\autobuildthread.js
AutoBuild: Loaded helper thread
AutoBuild: Including build template config/builds/sorceress.meteor.js into tools\party.js
AutoBuild: Including build template config/builds/sorceress.meteor.js into tools\townchicken.js
AutoBuild: Including build template config/builds/sorceress.meteor.js into tools\toolsthread.js
AutoBuild: Including build template config/builds/sorceress.meteor.js into default.dbj
AutoBuild: Including build template config/builds/sorceress.meteor.js into tools\autobuildthread.js
AutoBuild: Loaded helper thread
AutoBuild: Including build template config/builds/sorceress.meteor.js into tools\party.js
AutoBuild: Including build template config/builds/sorceress.meteor.js into tools\townchicken.js
AutoBuild: Including build template config/builds/sorceress.meteor.js into tools\toolsthread.js
AutoBuild: Including build template config/builds/sorceress.meteor.js into default.dbj
AutoBuild: Including build template config/builds/sorceress.meteor.js into tools\autobuildthread.js
AutoBuild: Loaded helper thread
AutoBuild: Including build template config/builds/sorceress.meteor.js into tools\party.js
AutoBuild: Including build template config/builds/sorceress.meteor.js into tools\townchicken.js
AutoBuild: Including build template config/builds/sorceress.meteor.js into tools\toolsthread.js
AutoBuild: Stat points: 15      Skill points: 9
AutoBuild: Level up detected ( 77 --> 78 )
AutoBuild: useSkillPoint(): Fire Ball (47)
AutoBuild: Skill (1/1) Increased Fire Ball (47) by one (level:  24)
AutoBuild: useStatPoint(0): Strength
AutoBuild: Stat (1/5) Increased Strength from 126 to 127
AutoBuild: useStatPoint(0): Strength
AutoBuild: Stat (2/5) Increased Strength from 127 to 128
AutoBuild: useStatPoint(1): Energy
AutoBuild: Stat (3/5) Increased Energy from 197 to 198
AutoBuild: useStatPoint(1): Energy
AutoBuild: Stat (4/5) Increased Energy from 198 to 199
AutoBuild: useStatPoint(3): Vitality
AutoBuild: Stat (5/5) Increased Vitality from 146 to 147
AutoBuild: Updating Config from level 77 to 78
AutoBuild: Incrementing cached character level to 78
AutoBuild: Including build template config/builds/sorceress.meteor.js into default.dbj
AutoBuild: Including build template config/builds/sorceress.meteor.js into tools\autobuildthread.js
AutoBuild: Loaded helper thread
AutoBuild: Including build template config/builds/sorceress.meteor.js into tools\party.js
AutoBuild: Including build template config/builds/sorceress.meteor.js into tools\townchicken.js
AutoBuild: Including build template config/builds/sorceress.meteor.js into tools\toolsthread.js
AutoBuild: Including build template config/builds/sorceress.meteor.js into default.dbj
AutoBuild: Including build template config/builds/sorceress.meteor.js into tools\autobuildthread.js
AutoBuild: Loaded helper thread
AutoBuild: Including build template config/builds/sorceress.meteor.js into tools\party.js
AutoBuild: Including build template config/builds/sorceress.meteor.js into tools\townchicken.js
AutoBuild: Including build template config/builds/sorceress.meteor.js into tools\toolsthread.js
AutoBuild: Including build template config/builds/sorceress.meteor.js into default.dbj
AutoBuild: Including build template config/builds/sorceress.meteor.js into tools\autobuildthread.js
AutoBuild: Loaded helper thread
AutoBuild: Including build template config/builds/sorceress.meteor.js into tools\party.js
AutoBuild: Including build template config/builds/sorceress.meteor.js into tools\townchicken.js
AutoBuild: Including build template config/builds/sorceress.meteor.js into tools\toolsthread.js
AutoBuild: Including build template config/builds/sorceress.meteor.js into default.dbj
AutoBuild: Including build template config/builds/sorceress.meteor.js into tools\autobuildthread.js
AutoBuild: Loaded helper thread
AutoBuild: Including build template config/builds/sorceress.meteor.js into tools\party.js
AutoBuild: Including build template config/builds/sorceress.meteor.js into tools\townchicken.js
AutoBuild: Including build template config/builds/sorceress.meteor.js into tools\toolsthread.js
AutoBuild: Including build template config/builds/sorceress.meteor.js into default.dbj
AutoBuild: Including build template config/builds/sorceress.meteor.js into tools\autobuildthread.js
AutoBuild: Loaded helper thread
AutoBuild: Including build template config/builds/sorceress.meteor.js into tools\party.js
AutoBuild: Including build template config/builds/sorceress.meteor.js into tools\townchicken.js
AutoBuild: Including build template config/builds/sorceress.meteor.js into tools\toolsthread.js
AutoBuild: Including build template config/builds/sorceress.meteor.js into default.dbj
AutoBuild: Including build template config/builds/sorceress.meteor.js into tools\autobuildthread.js
AutoBuild: Loaded helper thread
AutoBuild: Including build template config/builds/sorceress.meteor.js into tools\party.js
AutoBuild: Including build template config/builds/sorceress.meteor.js into tools\townchicken.js
AutoBuild: Including build template config/builds/sorceress.meteor.js into tools\toolsthread.js
AutoBuild: Including build template config/builds/sorceress.meteor.js into default.dbj
AutoBuild: Including build template config/builds/sorceress.meteor.js into tools\autobuildthread.js
AutoBuild: Loaded helper thread
AutoBuild: Including build template config/builds/sorceress.meteor.js into tools\party.js
AutoBuild: Including build template config/builds/sorceress.meteor.js into tools\townchicken.js
AutoBuild: Including build template config/builds/sorceress.meteor.js into tools\toolsthread.js
AutoBuild: Including build template config/builds/sorceress.meteor.js into default.dbj
AutoBuild: Including build template config/builds/sorceress.meteor.js into tools\autobuildthread.js
AutoBuild: Loaded helper thread
AutoBuild: Including build template config/builds/sorceress.meteor.js into tools\party.js
AutoBuild: Including build template config/builds/sorceress.meteor.js into tools\townchicken.js
AutoBuild: Including build template config/builds/sorceress.meteor.js into tools\toolsthread.js
AutoBuild: Including build template config/builds/sorceress.meteor.js into default.dbj
AutoBuild: Including build template config/builds/sorceress.meteor.js into tools\autobuildthread.js
AutoBuild: Loaded helper thread
AutoBuild: Including build template config/builds/sorceress.meteor.js into tools\party.js
AutoBuild: Including build template config/builds/sorceress.meteor.js into tools\townchicken.js
AutoBuild: Including build template config/builds/sorceress.meteor.js into tools\toolsthread.js
AutoBuild: Including build template config/builds/sorceress.meteor.js into default.dbj
AutoBuild: Including build template config/builds/sorceress.meteor.js into tools\autobuildthread.js
AutoBuild: Loaded helper thread
AutoBuild: Including build template config/builds/sorceress.meteor.js into tools\party.js
AutoBuild: Including build template config/builds/sorceress.meteor.js into tools\townchicken.js
AutoBuild: Including build template config/builds/sorceress.meteor.js into tools\toolsthread.js
AutoBuild: Including build template config/builds/sorceress.meteor.js into default.dbj
AutoBuild: Including build template config/builds/sorceress.meteor.js into tools\autobuildthread.js
AutoBuild: Loaded helper thread
AutoBuild: Including build template config/builds/sorceress.meteor.js into tools\party.js
AutoBuild: Including build template config/builds/sorceress.meteor.js into tools\toolsthread.js
AutoBuild: Including build template config/builds/sorceress.meteor.js into tools\townchicken.js
AutoBuild: Including build template config/builds/sorceress.meteor.js into default.dbj
AutoBuild: Including build template config/builds/sorceress.meteor.js into tools\autobuildthread.js
AutoBuild: Loaded helper thread
AutoBuild: Including build template config/builds/sorceress.meteor.js into tools\party.js
AutoBuild: Including build template config/builds/sorceress.meteor.js into tools\townchicken.js
AutoBuild: Including build template config/builds/sorceress.meteor.js into tools\toolsthread.js
AutoBuild: Including build template config/builds/sorceress.meteor.js into default.dbj
AutoBuild: Including build template config/builds/sorceress.meteor.js into tools\autobuildthread.js
AutoBuild: Loaded helper thread
AutoBuild: Including build template config/builds/sorceress.meteor.js into tools\party.js
AutoBuild: Including build template config/builds/sorceress.meteor.js into tools\townchicken.js
AutoBuild: Including build template config/builds/sorceress.meteor.js into tools\toolsthread.js
AutoBuild: Stat points: 15      Skill points: 9
AutoBuild: Level up detected ( 78 --> 79 )
AutoBuild: useSkillPoint(): Fire Ball (47)
AutoBuild: Skill (1/1) Increased Fire Ball (47) by one (level:  24)
AutoBuild: useStatPoint(0): Strength
AutoBuild: Stat (1/5) Increased Strength from 128 to 129
AutoBuild: useStatPoint(0): Strength
AutoBuild: Stat (2/5) Increased Strength from 129 to 130
AutoBuild: useStatPoint(1): Energy
AutoBuild: Stat (3/5) Increased Energy from 199 to 200
AutoBuild: useStatPoint(1): Energy
AutoBuild: Stat (4/5) Increased Energy from 200 to 201
AutoBuild: useStatPoint(3): Vitality
AutoBuild: Stat (5/5) Increased Vitality from 147 to 148
AutoBuild: Updating Config from level 78 to 79
AutoBuild: Incrementing cached character level to 79
AutoBuild: Including build template config/builds/sorceress.meteor.js into default.dbj
AutoBuild: Including build template config/builds/sorceress.meteor.js into tools\autobuildthread.js
AutoBuild: Loaded helper thread
AutoBuild: Including build template config/builds/sorceress.meteor.js into tools\party.js
AutoBuild: Including build template config/builds/sorceress.meteor.js into tools\townchicken.js
AutoBuild: Including build template config/builds/sorceress.meteor.js into tools\toolsthread.js
AutoBuild: Including build template config/builds/sorceress.meteor.js into default.dbj
AutoBuild: Including build template config/builds/sorceress.meteor.js into tools\autobuildthread.js
AutoBuild: Loaded helper thread
AutoBuild: Including build template config/builds/sorceress.meteor.js into tools\party.js
AutoBuild: Including build template config/builds/sorceress.meteor.js into tools\townchicken.js
AutoBuild: Including build template config/builds/sorceress.meteor.js into tools\toolsthread.js
AutoBuild: Including build template config/builds/sorceress.meteor.js into default.dbj
AutoBuild: Including build template config/builds/sorceress.meteor.js into tools\autobuildthread.js
AutoBuild: Loaded helper thread
AutoBuild: Including build template config/builds/sorceress.meteor.js into tools\party.js
AutoBuild: Including build template config/builds/sorceress.meteor.js into tools\townchicken.js
AutoBuild: Including build template config/builds/sorceress.meteor.js into tools\toolsthread.js
AutoBuild: Including build template config/builds/sorceress.meteor.js into default.dbj
AutoBuild: Including build template config/builds/sorceress.meteor.js into tools\autobuildthread.js
AutoBuild: Loaded helper thread
AutoBuild: Including build template config/builds/sorceress.meteor.js into tools\party.js
AutoBuild: Including build template config/builds/sorceress.meteor.js into tools\townchicken.js
AutoBuild: Including build template config/builds/sorceress.meteor.js into tools\toolsthread.js
AutoBuild: Including build template config/builds/sorceress.meteor.js into default.dbj
AutoBuild: Including build template config/builds/sorceress.meteor.js into tools\autobuildthread.js
AutoBuild: Loaded helper thread
AutoBuild: Including build template config/builds/sorceress.meteor.js into tools\party.js
AutoBuild: Including build template config/builds/sorceress.meteor.js into tools\townchicken.js
AutoBuild: Including build template config/builds/sorceress.meteor.js into tools\toolsthread.js
AutoBuild: Including build template config/builds/sorceress.meteor.js into default.dbj
AutoBuild: Including build template config/builds/sorceress.meteor.js into tools\autobuildthread.js
AutoBuild: Loaded helper thread
AutoBuild: Including build template config/builds/sorceress.meteor.js into tools\party.js
AutoBuild: Including build template config/builds/sorceress.meteor.js into tools\townchicken.js
AutoBuild: Including build template config/builds/sorceress.meteor.js into tools\toolsthread.js
AutoBuild: Including build template config/builds/sorceress.meteor.js into default.dbj
AutoBuild: Including build template config/builds/sorceress.meteor.js into tools\autobuildthread.js
AutoBuild: Loaded helper thread
AutoBuild: Including build template config/builds/sorceress.meteor.js into tools\party.js
AutoBuild: Including build template config/builds/sorceress.meteor.js into tools\townchicken.js
AutoBuild: Including build template config/builds/sorceress.meteor.js into tools\toolsthread.js
AutoBuild: Including build template config/builds/sorceress.meteor.js into default.dbj
AutoBuild: Including build template config/builds/sorceress.meteor.js into tools\autobuildthread.js
AutoBuild: Loaded helper thread
AutoBuild: Including build template config/builds/sorceress.meteor.js into tools\party.js
AutoBuild: Including build template config/builds/sorceress.meteor.js into tools\toolsthread.js
AutoBuild: Including build template config/builds/sorceress.meteor.js into tools\townchicken.js
AutoBuild: Including build template config/builds/sorceress.meteor.js into default.dbj
AutoBuild: Including build template config/builds/sorceress.meteor.js into tools\autobuildthread.js
AutoBuild: Loaded helper thread
AutoBuild: Including build template config/builds/sorceress.meteor.js into tools\party.js
AutoBuild: Including build template config/builds/sorceress.meteor.js into tools\townchicken.js
AutoBuild: Including build template config/builds/sorceress.meteor.js into tools\toolsthread.js
AutoBuild: Including build template config/builds/sorceress.meteor.js into default.dbj
AutoBuild: Including build template config/builds/sorceress.meteor.js into tools\autobuildthread.js
AutoBuild: Loaded helper thread
AutoBuild: Including build template config/builds/sorceress.meteor.js into tools\party.js
AutoBuild: Including build template config/builds/sorceress.meteor.js into tools\toolsthread.js
AutoBuild: Including build template config/builds/sorceress.meteor.js into tools\townchicken.js
AutoBuild: Including build template config/builds/sorceress.meteor.js into default.dbj
AutoBuild: Including build template config/builds/sorceress.meteor.js into tools\autobuildthread.js
AutoBuild: Loaded helper thread
AutoBuild: Including build template config/builds/sorceress.meteor.js into tools\party.js
AutoBuild: Including build template config/builds/sorceress.meteor.js into tools\townchicken.js
AutoBuild: Including build template config/builds/sorceress.meteor.js into tools\toolsthread.js
AutoBuild: Including build template config/builds/sorceress.meteor.js into default.dbj
AutoBuild: Including build template config/builds/sorceress.meteor.js into tools\autobuildthread.js
AutoBuild: Loaded helper thread
AutoBuild: Including build template config/builds/sorceress.meteor.js into tools\party.js
AutoBuild: Including build template config/builds/sorceress.meteor.js into tools\townchicken.js
AutoBuild: Including build template config/builds/sorceress.meteor.js into tools\toolsthread.js
AutoBuild: Including build template config/builds/sorceress.meteor.js into default.dbj
AutoBuild: Including build template config/builds/sorceress.meteor.js into tools\autobuildthread.js
AutoBuild: Loaded helper thread
AutoBuild: Including build template config/builds/sorceress.meteor.js into tools\party.js
AutoBuild: Including build template config/builds/sorceress.meteor.js into tools\townchicken.js
AutoBuild: Including build template config/builds/sorceress.meteor.js into tools\toolsthread.js
AutoBuild: Including build template config/builds/sorceress.meteor.js into default.dbj
AutoBuild: Including build template config/builds/sorceress.meteor.js into tools\autobuildthread.js
AutoBuild: Loaded helper thread
AutoBuild: Including build template config/builds/sorceress.meteor.js into tools\party.js
AutoBuild: Including build template config/builds/sorceress.meteor.js into tools\townchicken.js
AutoBuild: Including build template config/builds/sorceress.meteor.js into tools\toolsthread.js
AutoBuild: Including build template config/builds/sorceress.meteor.js into default.dbj
AutoBuild: Including build template config/builds/sorceress.meteor.js into tools\autobuildthread.js
AutoBuild: Loaded helper thread
AutoBuild: Including build template config/builds/sorceress.meteor.js into tools\party.js
AutoBuild: Including build template config/builds/sorceress.meteor.js into tools\townchicken.js
AutoBuild: Including build template config/builds/sorceress.meteor.js into tools\toolsthread.js
AutoBuild: Including build template config/builds/sorceress.meteor.js into default.dbj
AutoBuild: Including build template config/builds/sorceress.meteor.js into tools\autobuildthread.js
AutoBuild: Loaded helper thread
AutoBuild: Including build template config/builds/sorceress.meteor.js into tools\party.js
AutoBuild: Including build template config/builds/sorceress.meteor.js into tools\townchicken.js
AutoBuild: Including build template config/builds/sorceress.meteor.js into tools\toolsthread.js
AutoBuild: Including build template config/builds/sorceress.meteor.js into default.dbj
AutoBuild: Including build template config/builds/sorceress.meteor.js into tools\autobuildthread.js
AutoBuild: Loaded helper thread
AutoBuild: Including build template config/builds/sorceress.meteor.js into tools\party.js
AutoBuild: Including build template config/builds/sorceress.meteor.js into tools\townchicken.js
AutoBuild: Including build template config/builds/sorceress.meteor.js into tools\toolsthread.js
AutoBuild: Including build template config/builds/sorceress.meteor.js into default.dbj
AutoBuild: Including build template config/builds/sorceress.meteor.js into tools\autobuildthread.js
AutoBuild: Loaded helper thread
AutoBuild: Including build template config/builds/sorceress.meteor.js into tools\party.js
AutoBuild: Including build template config/builds/sorceress.meteor.js into tools\toolsthread.js
AutoBuild: Including build template config/builds/sorceress.meteor.js into tools\townchicken.js
AutoBuild: Including build template config/builds/sorceress.meteor.js into default.dbj
AutoBuild: Including build template config/builds/sorceress.meteor.js into tools\autobuildthread.js
AutoBuild: Loaded helper thread
AutoBuild: Including build template config/builds/sorceress.meteor.js into tools\party.js
AutoBuild: Including build template config/builds/sorceress.meteor.js into tools\townchicken.js
AutoBuild: Including build template config/builds/sorceress.meteor.js into tools\toolsthread.js
AutoBuild: Including build template config/builds/sorceress.meteor.js into default.dbj
AutoBuild: Including build template config/builds/sorceress.meteor.js into tools\autobuildthread.js
AutoBuild: Loaded helper thread
AutoBuild: Including build template config/builds/sorceress.meteor.js into tools\party.js
AutoBuild: Including build template config/builds/sorceress.meteor.js into tools\toolsthread.js
AutoBuild: Including build template config/builds/sorceress.meteor.js into tools\townchicken.js
AutoBuild: Including build template config/builds/sorceress.meteor.js into default.dbj
AutoBuild: Including build template config/builds/sorceress.meteor.js into tools\autobuildthread.js
AutoBuild: Loaded helper thread
AutoBuild: Including build template config/builds/sorceress.meteor.js into tools\party.js
AutoBuild: Including build template config/builds/sorceress.meteor.js into tools\toolsthread.js
AutoBuild: Including build template config/builds/sorceress.meteor.js into tools\townchicken.js
AutoBuild: Including build template config/builds/sorceress.meteor.js into default.dbj
AutoBuild: Including build template config/builds/sorceress.meteor.js into tools\autobuildthread.js
AutoBuild: Loaded helper thread
AutoBuild: Including build template config/builds/sorceress.meteor.js into tools\party.js
AutoBuild: Including build template config/builds/sorceress.meteor.js into tools\townchicken.js
AutoBuild: Including build template config/builds/sorceress.meteor.js into tools\toolsthread.js
AutoBuild: Including build template config/builds/sorceress.meteor.js into default.dbj
AutoBuild: Including build template config/builds/sorceress.meteor.js into tools\autobuildthread.js
AutoBuild: Loaded helper thread
AutoBuild: Including build template config/builds/sorceress.meteor.js into tools\party.js
AutoBuild: Including build template config/builds/sorceress.meteor.js into tools\townchicken.js
AutoBuild: Including build template config/builds/sorceress.meteor.js into tools\toolsthread.js
AutoBuild: Including build template config/builds/sorceress.meteor.js into default.dbj
AutoBuild: Including build template config/builds/sorceress.meteor.js into tools\autobuildthread.js
AutoBuild: Loaded helper thread
AutoBuild: Including build template config/builds/sorceress.meteor.js into tools\party.js
AutoBuild: Including build template config/builds/sorceress.meteor.js into tools\townchicken.js
AutoBuild: Including build template config/builds/sorceress.meteor.js into tools\toolsthread.js
AutoBuild: Including build template config/builds/sorceress.meteor.js into default.dbj
AutoBuild: Including build template config/builds/sorceress.meteor.js into tools\autobuildthread.js
AutoBuild: Loaded helper thread
AutoBuild: Including build template config/builds/sorceress.meteor.js into tools\party.js
AutoBuild: Including build template config/builds/sorceress.meteor.js into tools\townchicken.js
AutoBuild: Including build template config/builds/sorceress.meteor.js into tools\toolsthread.js
AutoBuild: Including build template config/builds/sorceress.meteor.js into default.dbj
AutoBuild: Including build template config/builds/sorceress.meteor.js into tools\autobuildthread.js
AutoBuild: Loaded helper thread
AutoBuild: Including build template config/builds/sorceress.meteor.js into tools\party.js
AutoBuild: Including build template config/builds/sorceress.meteor.js into tools\toolsthread.js
AutoBuild: Including build template config/builds/sorceress.meteor.js into tools\townchicken.js
AutoBuild: Including build template config/builds/sorceress.meteor.js into default.dbj
AutoBuild: Including build template config/builds/sorceress.meteor.js into tools\autobuildthread.js
AutoBuild: Loaded helper thread
AutoBuild: Including build template config/builds/sorceress.meteor.js into tools\party.js
AutoBuild: Including build template config/builds/sorceress.meteor.js into tools\townchicken.js
AutoBuild: Including build template config/builds/sorceress.meteor.js into tools\toolsthread.js
AutoBuild: Including build template config/builds/sorceress.meteor.js into default.dbj
AutoBuild: Including build template config/builds/sorceress.meteor.js into tools\autobuildthread.js
AutoBuild: Loaded helper thread
AutoBuild: Including build template config/builds/sorceress.meteor.js into tools\party.js
AutoBuild: Including build template config/builds/sorceress.meteor.js into tools\townchicken.js
AutoBuild: Including build template config/builds/sorceress.meteor.js into tools\toolsthread.js
AutoBuild: Including build template config/builds/sorceress.meteor.js into default.dbj
AutoBuild: Including build template config/builds/sorceress.meteor.js into tools\autobuildthread.js
AutoBuild: Loaded helper thread
AutoBuild: Including build template config/builds/sorceress.meteor.js into tools\party.js
AutoBuild: Including build template config/builds/sorceress.meteor.js into tools\townchicken.js
AutoBuild: Including build template config/builds/sorceress.meteor.js into tools\toolsthread.js
AutoBuild: Including build template config/builds/sorceress.meteor.js into default.dbj
AutoBuild: Including build template config/builds/sorceress.meteor.js into tools\autobuildthread.js
AutoBuild: Loaded helper thread
AutoBuild: Including build template config/builds/sorceress.meteor.js into tools\party.js
AutoBuild: Including build template config/builds/sorceress.meteor.js into tools\townchicken.js
AutoBuild: Including build template config/builds/sorceress.meteor.js into tools\toolsthread.js
AutoBuild: Including build template config/builds/sorceress.meteor.js into default.dbj
AutoBuild: Including build template config/builds/sorceress.meteor.js into tools\autobuildthread.js
AutoBuild: Loaded helper thread
AutoBuild: Including build template config/builds/sorceress.meteor.js into tools\party.js
AutoBuild: Including build template config/builds/sorceress.meteor.js into tools\toolsthread.js
AutoBuild: Including build template config/builds/sorceress.meteor.js into tools\townchicken.js
AutoBuild: Including build template config/builds/sorceress.meteor.js into default.dbj
AutoBuild: Including build template config/builds/sorceress.meteor.js into tools\autobuildthread.js
AutoBuild: Loaded helper thread
AutoBuild: Including build template config/builds/sorceress.meteor.js into tools\party.js
AutoBuild: Including build template config/builds/sorceress.meteor.js into tools\toolsthread.js
AutoBuild: Including build template config/builds/sorceress.meteor.js into tools\townchicken.js
AutoBuild: Including build template config/builds/sorceress.meteor.js into default.dbj
AutoBuild: Including build template config/builds/sorceress.meteor.js into tools\autobuildthread.js
AutoBuild: Loaded helper thread
AutoBuild: Including build template config/builds/sorceress.meteor.js into tools\party.js
AutoBuild: Including build template config/builds/sorceress.meteor.js into tools\townchicken.js
AutoBuild: Including build template config/builds/sorceress.meteor.js into tools\toolsthread.js
AutoBuild: Including build template config/builds/sorceress.meteor.js into default.dbj
AutoBuild: Including build template config/builds/sorceress.meteor.js into tools\autobuildthread.js
AutoBuild: Loaded helper thread
AutoBuild: Including build template config/builds/sorceress.meteor.js into tools\party.js
AutoBuild: Including build template config/builds/sorceress.meteor.js into tools\townchicken.js
AutoBuild: Including build template config/builds/sorceress.meteor.js into tools\toolsthread.js
AutoBuild: Including build template config/builds/sorceress.meteor.js into default.dbj
AutoBuild: Including build template config/builds/sorceress.meteor.js into tools\autobuildthread.js
AutoBuild: Loaded helper thread
AutoBuild: Including build template config/builds/sorceress.meteor.js into tools\party.js
AutoBuild: Including build template config/builds/sorceress.meteor.js into tools\townchicken.js
AutoBuild: Including build template config/builds/sorceress.meteor.js into tools\toolsthread.js
AutoBuild: Including build template config/builds/sorceress.meteor.js into default.dbj
AutoBuild: Including build template config/builds/sorceress.meteor.js into tools\autobuildthread.js
AutoBuild: Loaded helper thread
AutoBuild: Including build template config/builds/sorceress.meteor.js into tools\party.js
AutoBuild: Including build template config/builds/sorceress.meteor.js into tools\townchicken.js
AutoBuild: Including build template config/builds/sorceress.meteor.js into tools\toolsthread.js
AutoBuild: Including build template config/builds/sorceress.meteor.js into default.dbj
AutoBuild: Including build template config/builds/sorceress.meteor.js into tools\autobuildthread.js
AutoBuild: Loaded helper thread
AutoBuild: Including build template config/builds/sorceress.meteor.js into tools\party.js
AutoBuild: Including build template config/builds/sorceress.meteor.js into tools\townchicken.js
AutoBuild: Including build template config/builds/sorceress.meteor.js into tools\toolsthread.js
AutoBuild: Including build template config/builds/sorceress.meteor.js into default.dbj
AutoBuild: Including build template config/builds/sorceress.meteor.js into tools\autobuildthread.js
AutoBuild: Loaded helper thread
AutoBuild: Including build template config/builds/sorceress.meteor.js into tools\party.js
AutoBuild: Including build template config/builds/sorceress.meteor.js into tools\townchicken.js
AutoBuild: Including build template config/builds/sorceress.meteor.js into tools\toolsthread.js
AutoBuild: Including build template config/builds/sorceress.meteor.js into default.dbj
AutoBuild: Including build template config/builds/sorceress.meteor.js into tools\autobuildthread.js
AutoBuild: Loaded helper thread
AutoBuild: Including build template config/builds/sorceress.meteor.js into tools\party.js
AutoBuild: Including build template config/builds/sorceress.meteor.js into tools\townchicken.js
AutoBuild: Including build template config/builds/sorceress.meteor.js into tools\toolsthread.js
AutoBuild: Including build template config/builds/sorceress.meteor.js into default.dbj
AutoBuild: Including build template config/builds/sorceress.meteor.js into tools\autobuildthread.js
AutoBuild: Loaded helper thread
AutoBuild: Including build template config/builds/sorceress.meteor.js into tools\party.js
AutoBuild: Including build template config/builds/sorceress.meteor.js into tools\townchicken.js
AutoBuild: Including build template config/builds/sorceress.meteor.js into tools\toolsthread.js
AutoBuild: Including build template config/builds/sorceress.meteor.js into default.dbj
AutoBuild: Including build template config/builds/sorceress.meteor.js into tools\autobuildthread.js
AutoBuild: Loaded helper thread
AutoBuild: Including build template config/builds/sorceress.meteor.js into tools\party.js
AutoBuild: Including build template config/builds/sorceress.meteor.js into tools\townchicken.js
AutoBuild: Including build template config/builds/sorceress.meteor.js into tools\toolsthread.js
AutoBuild: Including build template config/builds/sorceress.meteor.js into default.dbj
AutoBuild: Including build template config/builds/sorceress.meteor.js into tools\autobuildthread.js
AutoBuild: Loaded helper thread
AutoBuild: Including build template config/builds/sorceress.meteor.js into tools\party.js
AutoBuild: Including build template config/builds/sorceress.meteor.js into tools\townchicken.js
AutoBuild: Including build template config/builds/sorceress.meteor.js into tools\toolsthread.js
AutoBuild: Including build template config/builds/sorceress.meteor.js into default.dbj
AutoBuild: Including build template config/builds/sorceress.meteor.js into tools\autobuildthread.js
AutoBuild: Loaded helper thread
AutoBuild: Including build template config/builds/sorceress.meteor.js into tools\party.js
AutoBuild: Including build template config/builds/sorceress.meteor.js into tools\townchicken.js
AutoBuild: Including build template config/builds/sorceress.meteor.js into tools\toolsthread.js
AutoBuild: Including build template config/builds/sorceress.meteor.js into default.dbj
AutoBuild: Including build template config/builds/sorceress.meteor.js into tools\autobuildthread.js
AutoBuild: Loaded helper thread
AutoBuild: Including build template config/builds/sorceress.meteor.js into tools\party.js
AutoBuild: Including build template config/builds/sorceress.meteor.js into tools\toolsthread.js
AutoBuild: Including build template config/builds/sorceress.meteor.js into tools\townchicken.js
AutoBuild: Including build template config/builds/sorceress.meteor.js into default.dbj
AutoBuild: Including build template config/builds/sorceress.meteor.js into tools\autobuildthread.js
AutoBuild: Loaded helper thread
AutoBuild: Including build template config/builds/sorceress.meteor.js into tools\party.js
AutoBuild: Including build template config/builds/sorceress.meteor.js into tools\townchicken.js
AutoBuild: Including build template config/builds/sorceress.meteor.js into tools\toolsthread.js
AutoBuild: Including build template config/builds/sorceress.meteor.js into default.dbj
AutoBuild: Including build template config/builds/sorceress.meteor.js into tools\autobuildthread.js
AutoBuild: Loaded helper thread
AutoBuild: Including build template config/builds/sorceress.meteor.js into tools\party.js
AutoBuild: Including build template config/builds/sorceress.meteor.js into tools\toolsthread.js
AutoBuild: Including build template config/builds/sorceress.meteor.js into tools\townchicken.js
AutoBuild: Including build template config/builds/sorceress.meteor.js into default.dbj
AutoBuild: Including build template config/builds/sorceress.meteor.js into tools\autobuildthread.js
AutoBuild: Loaded helper thread
AutoBuild: Including build template config/builds/sorceress.meteor.js into tools\party.js
AutoBuild: Including build template config/builds/sorceress.meteor.js into tools\townchicken.js
AutoBuild: Including build template config/builds/sorceress.meteor.js into tools\toolsthread.js
AutoBuild: Including build template config/builds/sorceress.meteor.js into default.dbj
AutoBuild: Including build template config/builds/sorceress.meteor.js into tools\autobuildthread.js
AutoBuild: Loaded helper thread
AutoBuild: Including build template config/builds/sorceress.meteor.js into tools\party.js
AutoBuild: Including build template config/builds/sorceress.meteor.js into tools\townchicken.js
AutoBuild: Including build template config/builds/sorceress.meteor.js into tools\toolsthread.js
AutoBuild: Including build template config/builds/sorceress.meteor.js into default.dbj
AutoBuild: Including build template config/builds/sorceress.meteor.js into tools\autobuildthread.js
AutoBuild: Loaded helper thread
AutoBuild: Including build template config/builds/sorceress.meteor.js into tools\party.js
AutoBuild: Including build template config/builds/sorceress.meteor.js into tools\townchicken.js
AutoBuild: Including build template config/builds/sorceress.meteor.js into tools\toolsthread.js
AutoBuild: Including build template config/builds/sorceress.meteor.js into default.dbj
AutoBuild: Including build template config/builds/sorceress.meteor.js into tools\autobuildthread.js
AutoBuild: Loaded helper thread
AutoBuild: Including build template config/builds/sorceress.meteor.js into tools\party.js
AutoBuild: Including build template config/builds/sorceress.meteor.js into tools\townchicken.js
AutoBuild: Including build template config/builds/sorceress.meteor.js into tools\toolsthread.js
AutoBuild: Including build template config/builds/sorceress.meteor.js into default.dbj
AutoBuild: Including build template config/builds/sorceress.meteor.js into tools\autobuildthread.js
AutoBuild: Loaded helper thread
AutoBuild: Including build template config/builds/sorceress.meteor.js into tools\party.js
AutoBuild: Including build template config/builds/sorceress.meteor.js into tools\toolsthread.js
AutoBuild: Including build template config/builds/sorceress.meteor.js into tools\townchicken.js
AutoBuild: Including build template config/builds/sorceress.meteor.js into default.dbj
AutoBuild: Including build template config/builds/sorceress.meteor.js into tools\autobuildthread.js
AutoBuild: Loaded helper thread
AutoBuild: Including build template config/builds/sorceress.meteor.js into tools\party.js
AutoBuild: Including build template config/builds/sorceress.meteor.js into tools\townchicken.js
AutoBuild: Including build template config/builds/sorceress.meteor.js into tools\toolsthread.js
AutoBuild: Including build template config/builds/sorceress.meteor.js into default.dbj
AutoBuild: Including build template config/builds/sorceress.meteor.js into tools\autobuildthread.js
AutoBuild: Loaded helper thread
AutoBuild: Including build template config/builds/sorceress.meteor.js into tools\party.js
AutoBuild: Including build template config/builds/sorceress.meteor.js into tools\townchicken.js
AutoBuild: Including build template config/builds/sorceress.meteor.js into tools\toolsthread.js
AutoBuild: Including build template config/builds/sorceress.meteor.js into default.dbj
AutoBuild: Including build template config/builds/sorceress.meteor.js into tools\autobuildthread.js
AutoBuild: Loaded helper thread
AutoBuild: Including build template config/builds/sorceress.meteor.js into tools\party.js
AutoBuild: Including build template config/builds/sorceress.meteor.js into tools\townchicken.js
AutoBuild: Including build template config/builds/sorceress.meteor.js into tools\toolsthread.js
AutoBuild: Including build template config/builds/sorceress.meteor.js into default.dbj
AutoBuild: Including build template config/builds/sorceress.meteor.js into tools\autobuildthread.js
AutoBuild: Loaded helper thread
AutoBuild: Including build template config/builds/sorceress.meteor.js into tools\party.js
AutoBuild: Including build template config/builds/sorceress.meteor.js into tools\townchicken.js
AutoBuild: Including build template config/builds/sorceress.meteor.js into tools\toolsthread.js
AutoBuild: Including build template config/builds/sorceress.meteor.js into default.dbj
AutoBuild: Including build template config/builds/sorceress.meteor.js into tools\autobuildthread.js
AutoBuild: Loaded helper thread
AutoBuild: Including build template config/builds/sorceress.meteor.js into tools\party.js
AutoBuild: Including build template config/builds/sorceress.meteor.js into tools\townchicken.js
AutoBuild: Including build template config/builds/sorceress.meteor.js into tools\toolsthread.js
AutoBuild: Including build template config/builds/sorceress.meteor.js into default.dbj
AutoBuild: Including build template config/builds/sorceress.meteor.js into tools\autobuildthread.js
AutoBuild: Loaded helper thread
AutoBuild: Including build template config/builds/sorceress.meteor.js into tools\party.js
AutoBuild: Including build template config/builds/sorceress.meteor.js into tools\townchicken.js
AutoBuild: Including build template config/builds/sorceress.meteor.js into tools\toolsthread.js
AutoBuild: Including build template config/builds/sorceress.meteor.js into default.dbj
AutoBuild: Including build template config/builds/sorceress.meteor.js into tools\autobuildthread.js
AutoBuild: Loaded helper thread
AutoBuild: Including build template config/builds/sorceress.meteor.js into tools\party.js
AutoBuild: Including build template config/builds/sorceress.meteor.js into tools\townchicken.js
AutoBuild: Including build template config/builds/sorceress.meteor.js into tools\toolsthread.js
AutoBuild: Including build template config/builds/sorceress.meteor.js into default.dbj
AutoBuild: Including build template config/builds/sorceress.meteor.js into tools\autobuildthread.js
AutoBuild: Loaded helper thread
AutoBuild: Including build template config/builds/sorceress.meteor.js into tools\party.js
AutoBuild: Including build template config/builds/sorceress.meteor.js into tools\toolsthread.js
AutoBuild: Including build template config/builds/sorceress.meteor.js into tools\townchicken.js
AutoBuild: Including build template config/builds/sorceress.meteor.js into default.dbj
AutoBuild: Including build template config/builds/sorceress.meteor.js into tools\autobuildthread.js
AutoBuild: Loaded helper thread
AutoBuild: Including build template config/builds/sorceress.meteor.js into tools\party.js
AutoBuild: Including build template config/builds/sorceress.meteor.js into tools\townchicken.js
AutoBuild: Including build template config/builds/sorceress.meteor.js into tools\toolsthread.js
AutoBuild: Including build template config/builds/sorceress.meteor.js into default.dbj
AutoBuild: Including build template config/builds/sorceress.meteor.js into tools\autobuildthread.js
AutoBuild: Loaded helper thread
AutoBuild: Including build template config/builds/sorceress.meteor.js into tools\party.js
AutoBuild: Including build template config/builds/sorceress.meteor.js into tools\townchicken.js
AutoBuild: Including build template config/builds/sorceress.meteor.js into tools\toolsthread.js
AutoBuild: Including build template config/builds/sorceress.meteor.js into default.dbj
AutoBuild: Including build template config/builds/sorceress.meteor.js into tools\autobuildthread.js
AutoBuild: Loaded helper thread
AutoBuild: Including build template config/builds/sorceress.meteor.js into tools\party.js
AutoBuild: Including build template config/builds/sorceress.meteor.js into tools\townchicken.js
AutoBuild: Including build template config/builds/sorceress.meteor.js into tools\toolsthread.js
AutoBuild: Including build template config/builds/sorceress.meteor.js into default.dbj
AutoBuild: Including build template config/builds/sorceress.meteor.js into tools\autobuildthread.js
AutoBuild: Loaded helper thread
AutoBuild: Including build template config/builds/sorceress.meteor.js into tools\party.js
AutoBuild: Including build template config/builds/sorceress.meteor.js into tools\townchicken.js
AutoBuild: Including build template config/builds/sorceress.meteor.js into tools\toolsthread.js
AutoBuild: Including build template config/builds/sorceress.meteor.js into default.dbj
AutoBuild: Including build template config/builds/sorceress.meteor.js into tools\autobuildthread.js
AutoBuild: Loaded helper thread
AutoBuild: Including build template config/builds/sorceress.meteor.js into tools\party.js
AutoBuild: Including build template config/builds/sorceress.meteor.js into tools\townchicken.js
AutoBuild: Including build template config/builds/sorceress.meteor.js into tools\toolsthread.js
AutoBuild: Including build template config/builds/sorceress.meteor.js into default.dbj
AutoBuild: Including build template config/builds/sorceress.meteor.js into tools\autobuildthread.js
AutoBuild: Loaded helper thread
AutoBuild: Including build template config/builds/sorceress.meteor.js into tools\party.js
AutoBuild: Including build template config/builds/sorceress.meteor.js into tools\townchicken.js
AutoBuild: Including build template config/builds/sorceress.meteor.js into tools\toolsthread.js
AutoBuild: Including build template config/builds/sorceress.meteor.js into default.dbj
AutoBuild: Including build template config/builds/sorceress.meteor.js into tools\autobuildthread.js
AutoBuild: Loaded helper thread
AutoBuild: Including build template config/builds/sorceress.meteor.js into tools\party.js
AutoBuild: Including build template config/builds/sorceress.meteor.js into tools\townchicken.js
AutoBuild: Including build template config/builds/sorceress.meteor.js into tools\toolsthread.js
AutoBuild: Including build template config/builds/sorceress.meteor.js into default.dbj
AutoBuild: Including build template config/builds/sorceress.meteor.js into tools\autobuildthread.js
AutoBuild: Loaded helper thread
AutoBuild: Including build template config/builds/sorceress.meteor.js into tools\party.js
AutoBuild: Including build template config/builds/sorceress.meteor.js into tools\townchicken.js
AutoBuild: Including build template config/builds/sorceress.meteor.js into tools\toolsthread.js
AutoBuild: Including build template config/builds/sorceress.meteor.js into default.dbj
AutoBuild: Including build template config/builds/sorceress.meteor.js into tools\autobuildthread.js
AutoBuild: Loaded helper thread
AutoBuild: Including build template config/builds/sorceress.meteor.js into tools\party.js
AutoBuild: Including build template config/builds/sorceress.meteor.js into tools\townchicken.js
AutoBuild: Including build template config/builds/sorceress.meteor.js into tools\toolsthread.js
AutoBuild: Including build template config/builds/sorceress.meteor.js into default.dbj
AutoBuild: Including build template config/builds/sorceress.meteor.js into tools\autobuildthread.js
AutoBuild: Loaded helper thread
AutoBuild: Including build template config/builds/sorceress.meteor.js into tools\party.js
AutoBuild: Including build template config/builds/sorceress.meteor.js into tools\townchicken.js
AutoBuild: Including build template config/builds/sorceress.meteor.js into tools\toolsthread.js
AutoBuild: Including build template config/builds/sorceress.meteor.js into default.dbj
AutoBuild: Including build template config/builds/sorceress.meteor.js into tools\autobuildthread.js
AutoBuild: Loaded helper thread
AutoBuild: Including build template config/builds/sorceress.meteor.js into tools\party.js
AutoBuild: Including build template config/builds/sorceress.meteor.js into tools\townchicken.js
AutoBuild: Including build template config/builds/sorceress.meteor.js into tools\toolsthread.js
AutoBuild: Including build template config/builds/sorceress.meteor.js into default.dbj
AutoBuild: Including build template config/builds/sorceress.meteor.js into tools\autobuildthread.js
AutoBuild: Loaded helper thread
AutoBuild: Including build template config/builds/sorceress.meteor.js into tools\party.js
AutoBuild: Including build template config/builds/sorceress.meteor.js into tools\townchicken.js
AutoBuild: Including build template config/builds/sorceress.meteor.js into tools\toolsthread.js
AutoBuild: Including build template config/builds/sorceress.meteor.js into default.dbj
AutoBuild: Including build template config/builds/sorceress.meteor.js into tools\autobuildthread.js
AutoBuild: Loaded helper thread
AutoBuild: Including build template config/builds/sorceress.meteor.js into tools\party.js
AutoBuild: Including build template config/builds/sorceress.meteor.js into tools\townchicken.js
AutoBuild: Including build template config/builds/sorceress.meteor.js into tools\toolsthread.js
AutoBuild: Including build template config/builds/sorceress.meteor.js into default.dbj
AutoBuild: Including build template config/builds/sorceress.meteor.js into tools\autobuildthread.js
AutoBuild: Loaded helper thread
AutoBuild: Including build template config/builds/sorceress.meteor.js into tools\party.js
AutoBuild: Including build template config/builds/sorceress.meteor.js into tools\townchicken.js
AutoBuild: Including build template config/builds/sorceress.meteor.js into tools\toolsthread.js
AutoBuild: Including build template config/builds/sorceress.meteor.js into default.dbj
AutoBuild: Including build template config/builds/sorceress.meteor.js into tools\autobuildthread.js
AutoBuild: Loaded helper thread
AutoBuild: Including build template config/builds/sorceress.meteor.js into tools\party.js
AutoBuild: Including build template config/builds/sorceress.meteor.js into tools\townchicken.js
AutoBuild: Including build template config/builds/sorceress.meteor.js into tools\toolsthread.js
AutoBuild: Including build template config/builds/sorceress.meteor.js into default.dbj
AutoBuild: Including build template config/builds/sorceress.meteor.js into tools\autobuildthread.js
AutoBuild: Loaded helper thread
AutoBuild: Including build template config/builds/sorceress.meteor.js into tools\party.js
AutoBuild: Including build template config/builds/sorceress.meteor.js into tools\townchicken.js
AutoBuild: Including build template config/builds/sorceress.meteor.js into tools\toolsthread.js
AutoBuild: Including build template config/builds/sorceress.meteor.js into default.dbj
AutoBuild: Including build template config/builds/sorceress.meteor.js into tools\autobuildthread.js
AutoBuild: Loaded helper thread
AutoBuild: Including build template config/builds/sorceress.meteor.js into tools\party.js
AutoBuild: Including build template config/builds/sorceress.meteor.js into tools\townchicken.js
AutoBuild: Including build template config/builds/sorceress.meteor.js into tools\toolsthread.js
AutoBuild: Including build template config/builds/sorceress.meteor.js into default.dbj
AutoBuild: Including build template config/builds/sorceress.meteor.js into tools\autobuildthread.js
AutoBuild: Loaded helper thread
AutoBuild: Including build template config/builds/sorceress.meteor.js into tools\party.js
AutoBuild: Including build template config/builds/sorceress.meteor.js into tools\toolsthread.js
AutoBuild: Including build template config/builds/sorceress.meteor.js into tools\townchicken.js
AutoBuild: Including build template config/builds/sorceress.meteor.js into default.dbj
AutoBuild: Including build template config/builds/sorceress.meteor.js into tools\autobuildthread.js
AutoBuild: Loaded helper thread
AutoBuild: Including build template config/builds/sorceress.meteor.js into tools\party.js
AutoBuild: Including build template config/builds/sorceress.meteor.js into tools\townchicken.js
AutoBuild: Including build template config/builds/sorceress.meteor.js into tools\toolsthread.js
AutoBuild: Including build template config/builds/sorceress.meteor.js into default.dbj
AutoBuild: Including build template config/builds/sorceress.meteor.js into tools\autobuildthread.js
AutoBuild: Loaded helper thread
AutoBuild: Including build template config/builds/sorceress.meteor.js into tools\party.js
AutoBuild: Including build template config/builds/sorceress.meteor.js into tools\townchicken.js
AutoBuild: Including build template config/builds/sorceress.meteor.js into tools\toolsthread.js
AutoBuild: Including build template config/builds/sorceress.meteor.js into default.dbj
AutoBuild: Including build template config/builds/sorceress.meteor.js into tools\autobuildthread.js
AutoBuild: Loaded helper thread
AutoBuild: Including build template config/builds/sorceress.meteor.js into tools\party.js
AutoBuild: Including build template config/builds/sorceress.meteor.js into tools\toolsthread.js
AutoBuild: Including build template config/builds/sorceress.meteor.js into tools\townchicken.js
AutoBuild: Including build template config/builds/sorceress.meteor.js into default.dbj
AutoBuild: Including build template config/builds/sorceress.meteor.js into tools\autobuildthread.js
AutoBuild: Loaded helper thread
AutoBuild: Including build template config/builds/sorceress.meteor.js into tools\party.js
AutoBuild: Including build template config/builds/sorceress.meteor.js into tools\townchicken.js
AutoBuild: Including build template config/builds/sorceress.meteor.js into tools\toolsthread.js
AutoBuild: Including build template config/builds/sorceress.meteor.js into default.dbj
AutoBuild: Including build template config/builds/sorceress.meteor.js into tools\autobuildthread.js
AutoBuild: Loaded helper thread
AutoBuild: Including build template config/builds/sorceress.meteor.js into tools\party.js
AutoBuild: Including build template config/builds/sorceress.meteor.js into tools\toolsthread.js
AutoBuild: Including build template config/builds/sorceress.meteor.js into tools\townchicken.js
AutoBuild: Including build template config/builds/sorceress.meteor.js into default.dbj
AutoBuild: Including build template config/builds/sorceress.meteor.js into tools\autobuildthread.js
AutoBuild: Loaded helper thread
AutoBuild: Including build template config/builds/sorceress.meteor.js into tools\party.js
AutoBuild: Including build template config/builds/sorceress.meteor.js into tools\townchicken.js
AutoBuild: Including build template config/builds/sorceress.meteor.js into tools\toolsthread.js
AutoBuild: Including build template config/builds/sorceress.meteor.js into default.dbj
AutoBuild: Including build template config/builds/sorceress.meteor.js into tools\autobuildthread.js
AutoBuild: Loaded helper thread
AutoBuild: Including build template config/builds/sorceress.meteor.js into tools\party.js
AutoBuild: Including build template config/builds/sorceress.meteor.js into tools\townchicken.js
AutoBuild: Including build template config/builds/sorceress.meteor.js into tools\toolsthread.js
AutoBuild: Including build template config/builds/sorceress.meteor.js into default.dbj
AutoBuild: Including build template config/builds/sorceress.meteor.js into tools\autobuildthread.js
AutoBuild: Loaded helper thread
AutoBuild: Including build template config/builds/sorceress.meteor.js into tools\party.js
AutoBuild: Including build template config/builds/sorceress.meteor.js into tools\townchicken.js
AutoBuild: Including build template config/builds/sorceress.meteor.js into tools\toolsthread.js
AutoBuild: Including build template config/builds/sorceress.meteor.js into default.dbj
AutoBuild: Including build template config/builds/sorceress.meteor.js into tools\autobuildthread.js
AutoBuild: Loaded helper thread
AutoBuild: Including build template config/builds/sorceress.meteor.js into tools\party.js
AutoBuild: Including build template config/builds/sorceress.meteor.js into tools\townchicken.js
AutoBuild: Including build template config/builds/sorceress.meteor.js into tools\toolsthread.js
AutoBuild: Including build template config/builds/sorceress.meteor.js into default.dbj
AutoBuild: Including build template config/builds/sorceress.meteor.js into tools\autobuildthread.js
AutoBuild: Loaded helper thread
AutoBuild: Including build template config/builds/sorceress.meteor.js into tools\party.js
AutoBuild: Including build template config/builds/sorceress.meteor.js into tools\townchicken.js
AutoBuild: Including build template config/builds/sorceress.meteor.js into tools\toolsthread.js
AutoBuild: Including build template config/builds/sorceress.meteor.js into default.dbj
AutoBuild: Including build template config/builds/sorceress.meteor.js into tools\autobuildthread.js
AutoBuild: Loaded helper thread
AutoBuild: Including build template config/builds/sorceress.meteor.js into tools\party.js
AutoBuild: Including build template config/builds/sorceress.meteor.js into tools\toolsthread.js
AutoBuild: Including build template config/builds/sorceress.meteor.js into tools\townchicken.js
AutoBuild: Including build template config/builds/sorceress.meteor.js into default.dbj
AutoBuild: Including build template config/builds/sorceress.meteor.js into tools\autobuildthread.js
AutoBuild: Loaded helper thread
AutoBuild: Including build template config/builds/sorceress.meteor.js into tools\party.js
AutoBuild: Including build template config/builds/sorceress.meteor.js into tools\townchicken.js
AutoBuild: Including build template config/builds/sorceress.meteor.js into tools\toolsthread.js
AutoBuild: Including build template config/builds/sorceress.meteor.js into default.dbj
AutoBuild: Including build template config/builds/sorceress.meteor.js into tools\autobuildthread.js
AutoBuild: Loaded helper thread
AutoBuild: Including build template config/builds/sorceress.meteor.js into tools\party.js
AutoBuild: Including build template config/builds/sorceress.meteor.js into tools\townchicken.js
AutoBuild: Including build template config/builds/sorceress.meteor.js into tools\toolsthread.js
AutoBuild: Including build template config/builds/sorceress.meteor.js into default.dbj
AutoBuild: Including build template config/builds/sorceress.meteor.js into tools\autobuildthread.js
AutoBuild: Loaded helper thread
AutoBuild: Including build template config/builds/sorceress.meteor.js into tools\party.js
AutoBuild: Including build template config/builds/sorceress.meteor.js into tools\townchicken.js
AutoBuild: Including build template config/builds/sorceress.meteor.js into tools\toolsthread.js
AutoBuild: Including build template config/builds/sorceress.meteor.js into default.dbj
AutoBuild: Including build template config/builds/sorceress.meteor.js into tools\autobuildthread.js
AutoBuild: Loaded helper thread
AutoBuild: Including build template config/builds/sorceress.meteor.js into tools\party.js
AutoBuild: Including build template config/builds/sorceress.meteor.js into tools\townchicken.js
AutoBuild: Including build template config/builds/sorceress.meteor.js into tools\toolsthread.js
AutoBuild: Including build template config/builds/sorceress.meteor.js into default.dbj
AutoBuild: Including build template config/builds/sorceress.meteor.js into tools\autobuildthread.js
AutoBuild: Loaded helper thread
AutoBuild: Including build template config/builds/sorceress.meteor.js into tools\party.js
AutoBuild: Including build template config/builds/sorceress.meteor.js into tools\townchicken.js
AutoBuild: Including build template config/builds/sorceress.meteor.js into tools\toolsthread.js
AutoBuild: Including build template config/builds/sorceress.meteor.js into default.dbj
AutoBuild: Including build template config/builds/sorceress.meteor.js into tools\autobuildthread.js
AutoBuild: Loaded helper thread
AutoBuild: Including build template config/builds/sorceress.meteor.js into tools\party.js
AutoBuild: Including build template config/builds/sorceress.meteor.js into tools\toolsthread.js
AutoBuild: Including build template config/builds/sorceress.meteor.js into tools\townchicken.js
AutoBuild: Including build template config/builds/sorceress.meteor.js into default.dbj
AutoBuild: Including build template config/builds/sorceress.meteor.js into tools\autobuildthread.js
AutoBuild: Loaded helper thread
AutoBuild: Including build template config/builds/sorceress.meteor.js into tools\party.js
AutoBuild: Including build template config/builds/sorceress.meteor.js into tools\townchicken.js
AutoBuild: Including build template config/builds/sorceress.meteor.js into tools\toolsthread.js
AutoBuild: Including build template config/builds/sorceress.meteor.js into default.dbj
AutoBuild: Including build template config/builds/sorceress.meteor.js into tools\autobuildthread.js
AutoBuild: Loaded helper thread
AutoBuild: Including build template config/builds/sorceress.meteor.js into tools\party.js
AutoBuild: Including build template config/builds/sorceress.meteor.js into tools\townchicken.js
AutoBuild: Including build template config/builds/sorceress.meteor.js into tools\toolsthread.js
AutoBuild: Including build template config/builds/sorceress.meteor.js into default.dbj
AutoBuild: Including build template config/builds/sorceress.meteor.js into tools\autobuildthread.js
AutoBuild: Loaded helper thread
AutoBuild: Including build template config/builds/sorceress.meteor.js into tools\party.js
AutoBuild: Including build template config/builds/sorceress.meteor.js into tools\townchicken.js
AutoBuild: Including build template config/builds/sorceress.meteor.js into tools\toolsthread.js
AutoBuild: Including build template config/builds/sorceress.meteor.js into default.dbj
AutoBuild: Including build template config/builds/sorceress.meteor.js into tools\autobuildthread.js
AutoBuild: Loaded helper thread
AutoBuild: Including build template config/builds/sorceress.meteor.js into tools\party.js
AutoBuild: Including build template config/builds/sorceress.meteor.js into tools\townchicken.js
AutoBuild: Including build template config/builds/sorceress.meteor.js into tools\toolsthread.js
AutoBuild: Including build template config/builds/sorceress.meteor.js into default.dbj
AutoBuild: Including build template config/builds/sorceress.meteor.js into tools\autobuildthread.js
AutoBuild: Loaded helper thread
AutoBuild: Including build template config/builds/sorceress.meteor.js into tools\party.js
AutoBuild: Including build template config/builds/sorceress.meteor.js into tools\townchicken.js
AutoBuild: Including build template config/builds/sorceress.meteor.js into tools\toolsthread.js
AutoBuild: Including build template config/builds/sorceress.meteor.js into default.dbj
AutoBuild: Including build template config/builds/sorceress.meteor.js into tools\autobuildthread.js
AutoBuild: Loaded helper thread
AutoBuild: Including build template config/builds/sorceress.meteor.js into tools\party.js
AutoBuild: Including build template config/builds/sorceress.meteor.js into tools\toolsthread.js
AutoBuild: Including build template config/builds/sorceress.meteor.js into tools\townchicken.js
AutoBuild: Including build template config/builds/sorceress.meteor.js into default.dbj
AutoBuild: Including build template config/builds/sorceress.meteor.js into tools\autobuildthread.js
AutoBuild: Loaded helper thread
AutoBuild: Including build template config/builds/sorceress.meteor.js into tools\party.js
AutoBuild: Including build template config/builds/sorceress.meteor.js into tools\townchicken.js
AutoBuild: Including build template config/builds/sorceress.meteor.js into tools\toolsthread.js
AutoBuild: Including build template config/builds/sorceress.meteor.js into default.dbj
AutoBuild: Including build template config/builds/sorceress.meteor.js into tools\autobuildthread.js
AutoBuild: Loaded helper thread
AutoBuild: Including build template config/builds/sorceress.meteor.js into tools\party.js
AutoBuild: Including build template config/builds/sorceress.meteor.js into tools\townchicken.js
AutoBuild: Including build template config/builds/sorceress.meteor.js into tools\toolsthread.js
AutoBuild: Including build template config/builds/sorceress.meteor.js into default.dbj
AutoBuild: Including build template config/builds/sorceress.meteor.js into tools\autobuildthread.js
AutoBuild: Loaded helper thread
AutoBuild: Including build template config/builds/sorceress.meteor.js into tools\party.js
AutoBuild: Including build template config/builds/sorceress.meteor.js into tools\townchicken.js
AutoBuild: Including build template config/builds/sorceress.meteor.js into tools\toolsthread.js
AutoBuild: Including build template config/builds/sorceress.meteor.js into default.dbj
AutoBuild: Including build template config/builds/sorceress.meteor.js into tools\autobuildthread.js
AutoBuild: Loaded helper thread
AutoBuild: Including build template config/builds/sorceress.meteor.js into tools\party.js
AutoBuild: Including build template config/builds/sorceress.meteor.js into tools\townchicken.js
AutoBuild: Including build template config/builds/sorceress.meteor.js into tools\toolsthread.js
AutoBuild: Including build template config/builds/sorceress.meteor.js into default.dbj
AutoBuild: Including build template config/builds/sorceress.meteor.js into tools\autobuildthread.js
AutoBuild: Loaded helper thread
AutoBuild: Including build template config/builds/sorceress.meteor.js into tools\party.js
AutoBuild: Including build template config/builds/sorceress.meteor.js into tools\townchicken.js
AutoBuild: Including build template config/builds/sorceress.meteor.js into tools\toolsthread.js
AutoBuild: Including build template config/builds/sorceress.meteor.js into default.dbj
AutoBuild: Including build template config/builds/sorceress.meteor.js into tools\autobuildthread.js
AutoBuild: Loaded helper thread
AutoBuild: Including build template config/builds/sorceress.meteor.js into tools\party.js
AutoBuild: Including build template config/builds/sorceress.meteor.js into tools\townchicken.js
AutoBuild: Including build template config/builds/sorceress.meteor.js into tools\toolsthread.js
AutoBuild: Including build template config/builds/sorceress.meteor.js into default.dbj
AutoBuild: Including build template config/builds/sorceress.meteor.js into tools\autobuildthread.js
AutoBuild: Loaded helper thread
AutoBuild: Including build template config/builds/sorceress.meteor.js into tools\party.js
AutoBuild: Including build template config/builds/sorceress.meteor.js into tools\toolsthread.js
AutoBuild: Including build template config/builds/sorceress.meteor.js into tools\townchicken.js
AutoBuild: Including build template config/builds/sorceress.meteor.js into default.dbj
AutoBuild: Including build template config/builds/sorceress.meteor.js into tools\autobuildthread.js
AutoBuild: Loaded helper thread
AutoBuild: Including build template config/builds/sorceress.meteor.js into tools\party.js
AutoBuild: Including build template config/builds/sorceress.meteor.js into tools\toolsthread.js
AutoBuild: Including build template config/builds/sorceress.meteor.js into tools\townchicken.js
AutoBuild: Including build template config/builds/sorceress.meteor.js into default.dbj
AutoBuild: Including build template config/builds/sorceress.meteor.js into tools\autobuildthread.js
AutoBuild: Loaded helper thread
AutoBuild: Including build template config/builds/sorceress.meteor.js into tools\party.js
AutoBuild: Including build template config/builds/sorceress.meteor.js into tools\townchicken.js
AutoBuild: Including build template config/builds/sorceress.meteor.js into tools\toolsthread.js
AutoBuild: Including build template config/builds/sorceress.meteor.js into default.dbj
AutoBuild: Including build template config/builds/sorceress.meteor.js into tools\autobuildthread.js
AutoBuild: Loaded helper thread
AutoBuild: Including build template config/builds/sorceress.meteor.js into tools\party.js
AutoBuild: Including build template config/builds/sorceress.meteor.js into tools\townchicken.js
AutoBuild: Including build template config/builds/sorceress.meteor.js into tools\toolsthread.js
AutoBuild: Including build template config/builds/sorceress.meteor.js into default.dbj
AutoBuild: Including build template config/builds/sorceress.meteor.js into tools\autobuildthread.js
AutoBuild: Loaded helper thread
AutoBuild: Including build template config/builds/sorceress.meteor.js into tools\party.js
AutoBuild: Including build template config/builds/sorceress.meteor.js into tools\townchicken.js
AutoBuild: Including build template config/builds/sorceress.meteor.js into tools\toolsthread.js
AutoBuild: Including build template config/builds/sorceress.meteor.js into default.dbj
AutoBuild: Including build template config/builds/sorceress.meteor.js into tools\autobuildthread.js
AutoBuild: Loaded helper thread
AutoBuild: Including build template config/builds/sorceress.meteor.js into tools\party.js
AutoBuild: Including build template config/builds/sorceress.meteor.js into tools\townchicken.js
AutoBuild: Including build template config/builds/sorceress.meteor.js into tools\toolsthread.js
AutoBuild: Including build template config/builds/sorceress.meteor.js into default.dbj
AutoBuild: Including build template config/builds/sorceress.meteor.js into tools\autobuildthread.js
AutoBuild: Loaded helper thread
AutoBuild: Including build template config/builds/sorceress.meteor.js into tools\party.js
AutoBuild: Including build template config/builds/sorceress.meteor.js into tools\townchicken.js
AutoBuild: Including build template config/builds/sorceress.meteor.js into tools\toolsthread.js
AutoBuild: Including build template config/builds/sorceress.meteor.js into default.dbj
AutoBuild: Including build template config/builds/sorceress.meteor.js into tools\autobuildthread.js
AutoBuild: Loaded helper thread
AutoBuild: Including build template config/builds/sorceress.meteor.js into tools\party.js
AutoBuild: Including build template config/builds/sorceress.meteor.js into tools\townchicken.js
AutoBuild: Including build template config/builds/sorceress.meteor.js into tools\toolsthread.js
AutoBuild: Including build template config/builds/sorceress.meteor.js into default.dbj
AutoBuild: Including build template config/builds/sorceress.meteor.js into tools\autobuildthread.js
AutoBuild: Loaded helper thread
AutoBuild: Including build template config/builds/sorceress.meteor.js into tools\party.js
AutoBuild: Including build template config/builds/sorceress.meteor.js into tools\townchicken.js
AutoBuild: Including build template config/builds/sorceress.meteor.js into tools\toolsthread.js
AutoBuild: Including build template config/builds/sorceress.meteor.js into default.dbj
AutoBuild: Including build template config/builds/sorceress.meteor.js into tools\autobuildthread.js
AutoBuild: Loaded helper thread
AutoBuild: Including build template config/builds/sorceress.meteor.js into tools\party.js
AutoBuild: Including build template config/builds/sorceress.meteor.js into tools\townchicken.js
AutoBuild: Including build template config/builds/sorceress.meteor.js into tools\toolsthread.js
AutoBuild: Including build template config/builds/sorceress.meteor.js into default.dbj
AutoBuild: Including build template config/builds/sorceress.meteor.js into tools\autobuildthread.js
AutoBuild: Loaded helper thread
AutoBuild: Including build template config/builds/sorceress.meteor.js into tools\party.js
AutoBuild: Including build template config/builds/sorceress.meteor.js into tools\toolsthread.js
AutoBuild: Including build template config/builds/sorceress.meteor.js into tools\townchicken.js
AutoBuild: Including build template config/builds/sorceress.meteor.js into default.dbj
AutoBuild: Including build template config/builds/sorceress.meteor.js into tools\autobuildthread.js
AutoBuild: Loaded helper thread
AutoBuild: Including build template config/builds/sorceress.meteor.js into tools\party.js
AutoBuild: Including build template config/builds/sorceress.meteor.js into tools\townchicken.js
AutoBuild: Including build template config/builds/sorceress.meteor.js into tools\toolsthread.js
AutoBuild: Including build template config/builds/sorceress.meteor.js into default.dbj
AutoBuild: Including build template config/builds/sorceress.meteor.js into tools\autobuildthread.js
AutoBuild: Loaded helper thread
AutoBuild: Including build template config/builds/sorceress.meteor.js into tools\party.js
AutoBuild: Including build template config/builds/sorceress.meteor.js into tools\townchicken.js
AutoBuild: Including build template config/builds/sorceress.meteor.js into tools\toolsthread.js
AutoBuild: Including build template config/builds/sorceress.meteor.js into default.dbj
AutoBuild: Including build template config/builds/sorceress.meteor.js into tools\autobuildthread.js
AutoBuild: Loaded helper thread
AutoBuild: Including build template config/builds/sorceress.meteor.js into tools\party.js
AutoBuild: Including build template config/builds/sorceress.meteor.js into tools\townchicken.js
AutoBuild: Including build template config/builds/sorceress.meteor.js into tools\toolsthread.js
AutoBuild: Including build template config/builds/sorceress.meteor.js into default.dbj
AutoBuild: Including build template config/builds/sorceress.meteor.js into tools\autobuildthread.js
AutoBuild: Loaded helper thread
AutoBuild: Including build template config/builds/sorceress.meteor.js into tools\party.js
AutoBuild: Including build template config/builds/sorceress.meteor.js into tools\townchicken.js
AutoBuild: Including build template config/builds/sorceress.meteor.js into tools\toolsthread.js
AutoBuild: Including build template config/builds/sorceress.meteor.js into default.dbj
AutoBuild: Including build template config/builds/sorceress.meteor.js into tools\autobuildthread.js
AutoBuild: Loaded helper thread
AutoBuild: Including build template config/builds/sorceress.meteor.js into tools\party.js
AutoBuild: Including build template config/builds/sorceress.meteor.js into tools\townchicken.js
AutoBuild: Including build template config/builds/sorceress.meteor.js into tools\toolsthread.js
AutoBuild: Including build template config/builds/sorceress.meteor.js into default.dbj
AutoBuild: Including build template config/builds/sorceress.meteor.js into tools\autobuildthread.js
AutoBuild: Loaded helper thread
AutoBuild: Including build template config/builds/sorceress.meteor.js into tools\party.js
AutoBuild: Including build template config/builds/sorceress.meteor.js into tools\townchicken.js
AutoBuild: Including build template config/builds/sorceress.meteor.js into tools\toolsthread.js
AutoBuild: Including build template config/builds/sorceress.meteor.js into default.dbj
AutoBuild: Including build template config/builds/sorceress.meteor.js into tools\autobuildthread.js
AutoBuild: Loaded helper thread
AutoBuild: Including build template config/builds/sorceress.meteor.js into tools\party.js
AutoBuild: Including build template config/builds/sorceress.meteor.js into tools\townchicken.js
AutoBuild: Including build template config/builds/sorceress.meteor.js into tools\toolsthread.js
AutoBuild: Including build template config/builds/sorceress.meteor.js into default.dbj
AutoBuild: Including build template config/builds/sorceress.meteor.js into tools\autobuildthread.js
AutoBuild: Loaded helper thread
AutoBuild: Including build template config/builds/sorceress.meteor.js into tools\party.js
AutoBuild: Including build template config/builds/sorceress.meteor.js into tools\townchicken.js
AutoBuild: Including build template config/builds/sorceress.meteor.js into tools\toolsthread.js
