AutoBuild: Including build template config/builds/paladin.auradin.js into default.dbj
AutoBuild: Including build template config/builds/paladin.auradin.js into tools\autobuildthread.js
AutoBuild: Loaded helper thread
AutoBuild: Including build template config/builds/paladin.auradin.js into tools\party.js
AutoBuild: Including build template config/builds/paladin.auradin.js into tools\toolsthread.js
AutoBuild: Including build template config/builds/paladin.auradin.js into default.dbj
AutoBuild: Including build template config/builds/paladin.auradin.js into tools\autobuildthread.js
AutoBuild: Loaded helper thread
AutoBuild: Including build template config/builds/paladin.auradin.js into tools\party.js
AutoBuild: Including build template config/builds/paladin.auradin.js into tools\toolsthread.js
AutoBuild: Including build template config/builds/paladin.auradin.js into default.dbj
AutoBuild: Including build template config/builds/paladin.auradin.js into tools\autobuildthread.js
AutoBuild: Loaded helper thread
AutoBuild: Including build template config/builds/paladin.auradin.js into tools\party.js
AutoBuild: Including build template config/builds/paladin.auradin.js into tools\toolsthread.js
AutoBuild: Stat points: 5      Skill points: 1
AutoBuild: Level up detected ( 28 --> 29 )
AutoBuild: useSkillPoint(): Meditation (120)
AutoBuild: Skill (1/1) Increased Meditation (120) by one (level:  6)
AutoBuild: useStatPoint(0): Strength
AutoBuild: Stat (1/5) Increased Strength from 53 to 54
AutoBuild: useStatPoint(2): Dexterity
AutoBuild: Stat (2/5) Increased Dexterity from 47 to 48
AutoBuild: useStatPoint(3): Vitality
AutoBuild: Stat (3/5) Increased Vitality from 106 to 107
AutoBuild: useStatPoint(3): Vitality
AutoBuild: Stat (4/5) Increased Vitality from 107 to 108
AutoBuild: useStatPoint(3): Vitality
AutoBuild: Stat (5/5) Increased Vitality from 108 to 109
AutoBuild: Updating Config from level 28 to 29
AutoBuild: Incrementing cached character level to 29
AutoBuild: Including build template config/builds/paladin.auradin.js into default.dbj
AutoBuild: Including build template config/builds/paladin.auradin.js into tools\autobuildthread.js
AutoBuild: Loaded helper thread
AutoBuild: Including build template config/builds/paladin.auradin.js into tools\party.js
AutoBuild: Including build template config/builds/paladin.auradin.js into tools\toolsthread.js
AutoBuild: Including build template config/builds/paladin.auradin.js into default.dbj
AutoBuild: Including build template config/builds/paladin.auradin.js into tools\autobuildthread.js
AutoBuild: Loaded helper thread
AutoBuild: Including build template config/builds/paladin.auradin.js into tools\party.js
AutoBuild: Including build template config/builds/paladin.auradin.js into tools\toolsthread.js
AutoBuild: Including build template config/builds/paladin.auradin.js into default.dbj
AutoBuild: Including build template config/builds/paladin.auradin.js into tools\autobuildthread.js
AutoBuild: Loaded helper thread
AutoBuild: Including build template config/builds/paladin.auradin.js into tools\party.js
AutoBuild: Including build template config/builds/paladin.auradin.js into tools\toolsthread.js
AutoBuild: Including build template config/builds/paladin.auradin.js into default.dbj
AutoBuild: Including build template config/builds/paladin.auradin.js into tools\autobuildthread.js
AutoBuild: Loaded helper thread
AutoBuild: Including build template config/builds/paladin.auradin.js into tools\party.js
AutoBuild: Including build template config/builds/paladin.auradin.js into tools\toolsthread.js
AutoBuild: Including build template config/builds/paladin.auradin.js into default.dbj
AutoBuild: Including build template config/builds/paladin.auradin.js into tools\autobuildthread.js
AutoBuild: Loaded helper thread
AutoBuild: Including build template config/builds/paladin.auradin.js into tools\party.js
AutoBuild: Including build template config/builds/paladin.auradin.js into tools\toolsthread.js
AutoBuild: Including build template config/builds/paladin.auradin.js into default.dbj
AutoBuild: Including build template config/builds/paladin.auradin.js into tools\autobuildthread.js
AutoBuild: Loaded helper thread
AutoBuild: Including build template config/builds/paladin.auradin.js into tools\party.js
AutoBuild: Including build template config/builds/paladin.auradin.js into tools\toolsthread.js
AutoBuild: Including build template config/builds/paladin.auradin.js into default.dbj
AutoBuild: Including build template config/builds/paladin.auradin.js into tools\autobuildthread.js
AutoBuild: Loaded helper thread
AutoBuild: Including build template config/builds/paladin.auradin.js into tools\party.js
AutoBuild: Including build template config/builds/paladin.auradin.js into tools\toolsthread.js
AutoBuild: Stat points: 10      Skill points: 1
AutoBuild: Level up detected ( 29 --> 30 )
AutoBuild: Warning: Number of skills specified in your build template at level 30 exceeds the available unused skill points
Only the first 1 skills 125 will be added
AutoBuild: useSkillPoint(): Salvation (125)
AutoBuild: Skill (1/1) Increased Salvation (125) by one (level:  1)
AutoBuild: useStatPoint(0): Strength
AutoBuild: Stat (1/5) Increased Strength from 54 to 55
AutoBuild: useStatPoint(2): Dexterity
AutoBuild: Stat (2/5) Increased Dexterity from 48 to 49
AutoBuild: useStatPoint(3): Vitality
AutoBuild: Stat (3/5) Increased Vitality from 109 to 110
AutoBuild: useStatPoint(3): Vitality
AutoBuild: Stat (4/5) Increased Vitality from 110 to 111
AutoBuild: useStatPoint(3): Vitality
AutoBuild: Stat (5/5) Increased Vitality from 111 to 112
AutoBuild: Updating Config from level 29 to 30
AutoBuild: Incrementing cached character level to 30
AutoBuild: Including build template config/builds/paladin.auradin.js into default.dbj
AutoBuild: Including build template config/builds/paladin.auradin.js into tools\autobuildthread.js
AutoBuild: Loaded helper thread
AutoBuild: Including build template config/builds/paladin.auradin.js into tools\party.js
AutoBuild: Including build template config/builds/paladin.auradin.js into tools\toolsthread.js
AutoBuild: Including build template config/builds/paladin.auradin.js into default.dbj
AutoBuild: Including build template config/builds/paladin.auradin.js into tools\autobuildthread.js
AutoBuild: Loaded helper thread
AutoBuild: Including build template config/builds/paladin.auradin.js into tools\party.js
AutoBuild: Including build template config/builds/paladin.auradin.js into tools\toolsthread.js
AutoBuild: Including build template config/builds/paladin.auradin.js into default.dbj
AutoBuild: Including build template config/builds/paladin.auradin.js into tools\autobuildthread.js
AutoBuild: Loaded helper thread
AutoBuild: Including build template config/builds/paladin.auradin.js into tools\party.js
AutoBuild: Including build template config/builds/paladin.auradin.js into tools\toolsthread.js
AutoBuild: Including build template config/builds/paladin.auradin.js into default.dbj
AutoBuild: Including build template config/builds/paladin.auradin.js into tools\autobuildthread.js
AutoBuild: Loaded helper thread
AutoBuild: Including build template config/builds/paladin.auradin.js into tools\party.js
AutoBuild: Including build template config/builds/paladin.auradin.js into tools\toolsthread.js
AutoBuild: Including build template config/builds/paladin.auradin.js into default.dbj
AutoBuild: Including build template config/builds/paladin.auradin.js into tools\autobuildthread.js
AutoBuild: Loaded helper thread
AutoBuild: Including build template config/builds/paladin.auradin.js into tools\party.js
AutoBuild: Including build template config/builds/paladin.auradin.js into tools\toolsthread.js
AutoBuild: Including build template config/builds/paladin.auradin.js into default.dbj
AutoBuild: Including build template config/builds/paladin.auradin.js into tools\autobuildthread.js
AutoBuild: Loaded helper thread
AutoBuild: Including build template config/builds/paladin.auradin.js into tools\party.js
AutoBuild: Including build template config/builds/paladin.auradin.js into tools\toolsthread.js
AutoBuild: Including build template config/builds/paladin.auradin.js into default.dbj
AutoBuild: Including build template config/builds/paladin.auradin.js into tools\autobuildthread.js
AutoBuild: Loaded helper thread
AutoBuild: Including build template config/builds/paladin.auradin.js into tools\party.js
AutoBuild: Including build template config/builds/paladin.auradin.js into tools\toolsthread.js
AutoBuild: Including build template config/builds/paladin.auradin.js into default.dbj
AutoBuild: Including build template config/builds/paladin.auradin.js into tools\autobuildthread.js
AutoBuild: Loaded helper thread
AutoBuild: Including build template config/builds/paladin.auradin.js into tools\party.js
AutoBuild: Including build template config/builds/paladin.auradin.js into tools\toolsthread.js
AutoBuild: Including build template config/builds/paladin.auradin.js into default.dbj
AutoBuild: Including build template config/builds/paladin.auradin.js into tools\autobuildthread.js
AutoBuild: Loaded helper thread
AutoBuild: Including build template config/builds/paladin.auradin.js into tools\party.js
AutoBuild: Including build template config/builds/paladin.auradin.js into tools\toolsthread.js
AutoBuild: Including build template config/builds/paladin.auradin.js into default.dbj
AutoBuild: Including build template config/builds/paladin.auradin.js into tools\autobuildthread.js
AutoBuild: Loaded helper thread
AutoBuild: Including build template config/builds/paladin.auradin.js into tools\party.js
AutoBuild: Including build template config/builds/paladin.auradin.js into tools\toolsthread.js
AutoBuild: Including build template config/builds/paladin.auradin.js into default.dbj
AutoBuild: Including build template config/builds/paladin.auradin.js into tools\autobuildthread.js
AutoBuild: Loaded helper thread
AutoBuild: Including build template config/builds/paladin.auradin.js into tools\party.js
AutoBuild: Including build template config/builds/paladin.auradin.js into tools\toolsthread.js
AutoBuild: Including build template config/builds/paladin.auradin.js into default.dbj
AutoBuild: Including build template config/builds/paladin.auradin.js into tools\autobuildthread.js
AutoBuild: Loaded helper thread
AutoBuild: Including build template config/builds/paladin.auradin.js into tools\party.js
AutoBuild: Including build template config/builds/paladin.auradin.js into tools\toolsthread.js
AutoBuild: Stat points: 10      Skill points: 1
AutoBuild: Level up detected ( 30 --> 31 )
AutoBuild: useSkillPoint(): Meditation (120)
AutoBuild: Skill (1/1) Increased Meditation (120) by one (level:  8)
AutoBuild: useStatPoint(0): Strength
AutoBuild: Stat (1/5) Increased Strength from 55 to 56
AutoBuild: useStatPoint(2): Dexterity
AutoBuild: Stat (2/5) Increased Dexterity from 49 to 50
AutoBuild: useStatPoint(3): Vitality
AutoBuild: Stat (3/5) Increased Vitality from 112 to 113
AutoBuild: useStatPoint(3): Vitality
AutoBuild: Stat (4/5) Increased Vitality from 113 to 114
AutoBuild: useStatPoint(3): Vitality
AutoBuild: Stat (5/5) Increased Vitality from 114 to 115
AutoBuild: Updating Config from level 30 to 31
AutoBuild: Incrementing cached character level to 31
AutoBuild: Including build template config/builds/paladin.auradin.js into default.dbj
AutoBuild: Including build template config/builds/paladin.auradin.js into tools\autobuildthread.js
AutoBuild: Loaded helper thread
AutoBuild: Including build template config/builds/paladin.auradin.js into tools\party.js
AutoBuild: Including build template config/builds/paladin.auradin.js into tools\toolsthread.js
AutoBuild: Including build template config/builds/paladin.auradin.js into default.dbj
AutoBuild: Including build template config/builds/paladin.auradin.js into tools\autobuildthread.js
AutoBuild: Loaded helper thread
AutoBuild: Including build template config/builds/paladin.auradin.js into tools\party.js
AutoBuild: Including build template config/builds/paladin.auradin.js into tools\toolsthread.js
AutoBuild: Including build template config/builds/paladin.auradin.js into default.dbj
AutoBuild: Including build template config/builds/paladin.auradin.js into tools\autobuildthread.js
AutoBuild: Loaded helper thread
AutoBuild: Including build template config/builds/paladin.auradin.js into tools\party.js
AutoBuild: Including build template config/builds/paladin.auradin.js into tools\toolsthread.js
AutoBuild: Including build template config/builds/paladin.auradin.js into default.dbj
AutoBuild: Including build template config/builds/paladin.auradin.js into tools\autobuildthread.js
AutoBuild: Loaded helper thread
AutoBuild: Including build template config/builds/paladin.auradin.js into tools\party.js
AutoBuild: Including build template config/builds/paladin.auradin.js into tools\toolsthread.js
AutoBuild: Including build template config/builds/paladin.auradin.js into default.dbj
AutoBuild: Including build template config/builds/paladin.auradin.js into tools\autobuildthread.js
AutoBuild: Loaded helper thread
AutoBuild: Including build template config/builds/paladin.auradin.js into tools\party.js
AutoBuild: Including build template config/builds/paladin.auradin.js into tools\toolsthread.js
AutoBuild: Including build template config/builds/paladin.auradin.js into default.dbj
AutoBuild: Including build template config/builds/paladin.auradin.js into tools\autobuildthread.js
AutoBuild: Loaded helper thread
AutoBuild: Including build template config/builds/paladin.auradin.js into tools\party.js
AutoBuild: Including build template config/builds/paladin.auradin.js into tools\toolsthread.js
AutoBuild: Including build template config/builds/paladin.auradin.js into default.dbj
AutoBuild: Including build template config/builds/paladin.auradin.js into tools\autobuildthread.js
AutoBuild: Loaded helper thread
AutoBuild: Including build template config/builds/paladin.auradin.js into tools\party.js
AutoBuild: Including build template config/builds/paladin.auradin.js into tools\toolsthread.js
AutoBuild: Including build template config/builds/paladin.auradin.js into default.dbj
AutoBuild: Including build template config/builds/paladin.auradin.js into tools\autobuildthread.js
AutoBuild: Loaded helper thread
AutoBuild: Including build template config/builds/paladin.auradin.js into tools\party.js
AutoBuild: Including build template config/builds/paladin.auradin.js into tools\toolsthread.js
AutoBuild: Including build template config/builds/paladin.auradin.js into default.dbj
AutoBuild: Including build template config/builds/paladin.auradin.js into tools\autobuildthread.js
AutoBuild: Loaded helper thread
AutoBuild: Including build template config/builds/paladin.auradin.js into tools\party.js
AutoBuild: Including build template config/builds/paladin.auradin.js into tools\toolsthread.js
AutoBuild: Including build template config/builds/paladin.auradin.js into default.dbj
AutoBuild: Including build template config/builds/paladin.auradin.js into tools\autobuildthread.js
AutoBuild: Loaded helper thread
AutoBuild: Including build template config/builds/paladin.auradin.js into tools\party.js
AutoBuild: Including build template config/builds/paladin.auradin.js into tools\toolsthread.js
AutoBuild: Including build template config/builds/paladin.auradin.js into default.dbj
AutoBuild: Including build template config/builds/paladin.auradin.js into tools\autobuildthread.js
AutoBuild: Loaded helper thread
AutoBuild: Including build template config/builds/paladin.auradin.js into tools\party.js
AutoBuild: Including build template config/builds/paladin.auradin.js into tools\toolsthread.js
AutoBuild: Including build template config/builds/paladin.auradin.js into default.dbj
AutoBuild: Including build template config/builds/paladin.auradin.js into tools\autobuildthread.js
AutoBuild: Loaded helper thread
AutoBuild: Including build template config/builds/paladin.auradin.js into tools\party.js
AutoBuild: Including build template config/builds/paladin.auradin.js into tools\toolsthread.js
AutoBuild: Including build template config/builds/paladin.auradin.js into default.dbj
AutoBuild: Including build template config/builds/paladin.auradin.js into tools\autobuildthread.js
AutoBuild: Loaded helper thread
AutoBuild: Including build template config/builds/paladin.auradin.js into tools\party.js
AutoBuild: Including build template config/builds/paladin.auradin.js into tools\toolsthread.js
AutoBuild: Including build template config/builds/paladin.auradin.js into default.dbj
AutoBuild: Including build template config/builds/paladin.auradin.js into tools\autobuildthread.js
AutoBuild: Loaded helper thread
AutoBuild: Including build template config/builds/paladin.auradin.js into tools\party.js
AutoBuild: Including build template config/builds/paladin.auradin.js into tools\toolsthread.js
AutoBuild: Including build template config/builds/paladin.auradin.js into default.dbj
AutoBuild: Including build template config/builds/paladin.auradin.js into tools\autobuildthread.js
AutoBuild: Loaded helper thread
AutoBuild: Including build template config/builds/paladin.auradin.js into tools\party.js
AutoBuild: Including build template config/builds/paladin.auradin.js into tools\toolsthread.js
AutoBuild: Including build template config/builds/paladin.auradin.js into default.dbj
AutoBuild: Including build template config/builds/paladin.auradin.js into tools\autobuildthread.js
AutoBuild: Loaded helper thread
AutoBuild: Including build template config/builds/paladin.auradin.js into tools\party.js
AutoBuild: Including build template config/builds/paladin.auradin.js into tools\toolsthread.js
AutoBuild: Including build template config/builds/paladin.auradin.js into default.dbj
AutoBuild: Including build template config/builds/paladin.auradin.js into tools\autobuildthread.js
AutoBuild: Loaded helper thread
AutoBuild: Including build template config/builds/paladin.auradin.js into tools\party.js
AutoBuild: Including build template config/builds/paladin.auradin.js into tools\toolsthread.js
AutoBuild: Stat points: 10      Skill points: 1
AutoBuild: Level up detected ( 31 --> 32 )
AutoBuild: useSkillPoint(): Meditation (120)
AutoBuild: Skill (1/1) Increased Meditation (120) by one (level:  8)
AutoBuild: useStatPoint(0): Strength
AutoBuild: Stat (1/5) Increased Strength from 56 to 57
AutoBuild: useStatPoint(2): Dexterity
AutoBuild: Stat (2/5) Increased Dexterity from 50 to 51
AutoBuild: useStatPoint(3): Vitality
AutoBuild: Stat (3/5) Increased Vitality from 115 to 116
AutoBuild: useStatPoint(3): Vitality
AutoBuild: Stat (4/5) Increased Vitality from 116 to 117
AutoBuild: useStatPoint(3): Vitality
AutoBuild: Stat (5/5) Increased Vitality from 117 to 118
AutoBuild: Updating Config from level 31 to 32
AutoBuild: Incrementing cached character level to 32
AutoBuild: Including build template config/builds/paladin.auradin.js into default.dbj
AutoBuild: Including build template config/builds/paladin.auradin.js into tools\autobuildthread.js
AutoBuild: Loaded helper thread
AutoBuild: Including build template config/builds/paladin.auradin.js into tools\party.js
AutoBuild: Including build template config/builds/paladin.auradin.js into tools\toolsthread.js
AutoBuild: Including build template config/builds/paladin.auradin.js into default.dbj
AutoBuild: Including build template config/builds/paladin.auradin.js into tools\autobuildthread.js
AutoBuild: Loaded helper thread
AutoBuild: Including build template config/builds/paladin.auradin.js into tools\party.js
AutoBuild: Including build template config/builds/paladin.auradin.js into tools\toolsthread.js
AutoBuild: Including build template config/builds/paladin.auradin.js into default.dbj
AutoBuild: Including build template config/builds/paladin.auradin.js into tools\autobuildthread.js
AutoBuild: Loaded helper thread
AutoBuild: Including build template config/builds/paladin.auradin.js into tools\party.js
AutoBuild: Including build template config/builds/paladin.auradin.js into tools\toolsthread.js
AutoBuild: Including build template config/builds/paladin.auradin.js into default.dbj
AutoBuild: Including build template config/builds/paladin.auradin.js into tools\autobuildthread.js
AutoBuild: Loaded helper thread
AutoBuild: Including build template config/builds/paladin.auradin.js into tools\party.js
AutoBuild: Including build template config/builds/paladin.auradin.js into tools\toolsthread.js
AutoBuild: Including build template config/builds/paladin.auradin.js into default.dbj
AutoBuild: Including build template config/builds/paladin.auradin.js into tools\autobuildthread.js
AutoBuild: Loaded helper thread
AutoBuild: Including build template config/builds/paladin.auradin.js into tools\party.js
AutoBuild: Including build template config/builds/paladin.auradin.js into tools\toolsthread.js
AutoBuild: Including build template config/builds/paladin.auradin.js into default.dbj
AutoBuild: Including build template config/builds/paladin.auradin.js into tools\autobuildthread.js
AutoBuild: Loaded helper thread
AutoBuild: Including build template config/builds/paladin.auradin.js into tools\party.js
AutoBuild: Including build template config/builds/paladin.auradin.js into tools\toolsthread.js
AutoBuild: Including build template config/builds/paladin.auradin.js into default.dbj
AutoBuild: Including build template config/builds/paladin.auradin.js into tools\autobuildthread.js
AutoBuild: Loaded helper thread
AutoBuild: Including build template config/builds/paladin.auradin.js into tools\party.js
AutoBuild: Including build template config/builds/paladin.auradin.js into tools\toolsthread.js
AutoBuild: Including build template config/builds/paladin.auradin.js into default.dbj
AutoBuild: Including build template config/builds/paladin.auradin.js into tools\autobuildthread.js
AutoBuild: Loaded helper thread
AutoBuild: Including build template config/builds/paladin.auradin.js into tools\party.js
AutoBuild: Including build template config/builds/paladin.auradin.js into tools\toolsthread.js
AutoBuild: Including build template config/builds/paladin.auradin.js into default.dbj
AutoBuild: Including build template config/builds/paladin.auradin.js into tools\autobuildthread.js
AutoBuild: Loaded helper thread
AutoBuild: Including build template config/builds/paladin.auradin.js into tools\party.js
AutoBuild: Including build template config/builds/paladin.auradin.js into tools\toolsthread.js
AutoBuild: Including build template config/builds/paladin.auradin.js into default.dbj
AutoBuild: Including build template config/builds/paladin.auradin.js into tools\autobuildthread.js
AutoBuild: Loaded helper thread
AutoBuild: Including build template config/builds/paladin.auradin.js into tools\party.js
AutoBuild: Including build template config/builds/paladin.auradin.js into tools\toolsthread.js
AutoBuild: Including build template config/builds/paladin.auradin.js into default.dbj
AutoBuild: Including build template config/builds/paladin.auradin.js into tools\autobuildthread.js
AutoBuild: Loaded helper thread
AutoBuild: Including build template config/builds/paladin.auradin.js into tools\party.js
AutoBuild: Including build template config/builds/paladin.auradin.js into tools\toolsthread.js
