AutoBuild: Stat points: 10      Skill points: 3
AutoBuild: Level up detected ( 41 --> 42 )
AutoBuild: useSkillPoint(): Tornado (245)
AutoBuild: Skill (1/1) Increased Tornado (245) by one (level:  19)
AutoBuild: useStatPoint(0): Strength
AutoBuild: Stat (1/5) Increased Strength from 55 to 56
AutoBuild: useStatPoint(3): Vitality
AutoBuild: Stat (2/5) Increased Vitality from 185 to 186
AutoBuild: useStatPoint(3): Vitality
AutoBuild: Stat (3/5) Increased Vitality from 186 to 187
AutoBuild: useStatPoint(3): Vitality
AutoBuild: Stat (4/5) Increased Vitality from 187 to 188
AutoBuild: useStatPoint(3): Vitality
AutoBuild: Stat (5/5) Increased Vitality from 188 to 189
AutoBuild: Updating Config from level 41 to 42
AutoBuild: Incrementing cached character level to 42
AutoBuild: Including build template config/builds/druid.tornado.js into default.dbj
AutoBuild: Including build template config/builds/druid.tornado.js into tools\autobuildthread.js
AutoBuild: Loaded helper thread
AutoBuild: Including build template config/builds/druid.tornado.js into tools\party.js
AutoBuild: Including build template config/builds/druid.tornado.js into tools\toolsthread.js
AutoBuild: Including build template config/builds/druid.tornado.js into default.dbj
AutoBuild: Including build template config/builds/druid.tornado.js into tools\autobuildthread.js
AutoBuild: Loaded helper thread
AutoBuild: Including build template config/builds/druid.tornado.js into tools\party.js
AutoBuild: Including build template config/builds/druid.tornado.js into tools\toolsthread.js
AutoBuild: Including build template config/builds/druid.tornado.js into default.dbj
AutoBuild: Including build template config/builds/druid.tornado.js into tools\autobuildthread.js
AutoBuild: Loaded helper thread
AutoBuild: Including build template config/builds/druid.tornado.js into tools\party.js
AutoBuild: Including build template config/builds/druid.tornado.js into tools\toolsthread.js
