AutoBuild: Stat points: 10      Skill points: 2
AutoBuild: Level up detected ( 26 --> 27 )
AutoBuild: useSkillPoint(): Blessed Hammer (112)
AutoBuild: Skill (1/1) Increased Blessed Hammer (112) by one (level:  10)
AutoBuild: useStatPoint(0): Strength
AutoBuild: Stat (1/5) Increased Strength from 50 to 51
AutoBuild: useStatPoint(2): Dexterity
AutoBuild: Stat (2/5) Increased Dexterity from 45 to 46
AutoBuild: useStatPoint(3): Vitality
AutoBuild: Stat (3/5) Increased Vitality from 100 to 101
AutoBuild: useStatPoint(3): Vitality
AutoBuild: Stat (4/5) Increased Vitality from 101 to 102
AutoBuild: useStatPoint(3): Vitality
AutoBuild: Stat (5/5) Increased Vitality from 102 to 103
AutoBuild: Updating Config from level 26 to 27
AutoBuild: Incrementing cached character level to 27
AutoBuild: Including build template config/builds/paladin.hammerdin.js into default.dbj
AutoBuild: Including build template config/builds/paladin.hammerdin.js into tools\autobuildthread.js
AutoBuild: Loaded helper thread
AutoBuild: Including build template config/builds/paladin.hammerdin.js into tools\party.js
AutoBuild: Including build template config/builds/paladin.hammerdin.js into tools\townchicken.js
AutoBuild: Including build template config/builds/paladin.hammerdin.js into tools\toolsthread.js
AutoBuild: Stat points: 10      Skill points: 2
AutoBuild: Level up detected ( 27 --> 28 )
AutoBuild: useSkillPoint(): Blessed Hammer (112)
AutoBuild: Skill (1/1) Increased Blessed Hammer (112) by one (level:  11)
AutoBuild: useStatPoint(0): Strength
AutoBuild: Stat (1/5) Increased Strength from 51 to 52
AutoBuild: useStatPoint(2): Dexterity
AutoBuild: Stat (2/5) Increased Dexterity from 46 to 47
AutoBuild: useStatPoint(3): Vitality
AutoBuild: Stat (3/5) Increased Vitality from 103 to 104
AutoBuild: useStatPoint(3): Vitality
AutoBuild: Stat (4/5) Increased Vitality from 104 to 105
AutoBuild: useStatPoint(3): Vitality
AutoBuild: Stat (5/5) Increased Vitality from 105 to 106
AutoBuild: Updating Config from level 27 to 28
AutoBuild: Incrementing cached character level to 28
AutoBuild: Stat points: 10      Skill points: 4
AutoBuild: Level up detected ( 28 --> 29 )
AutoBuild: useSkillPoint(): Blessed Hammer (112)
AutoBuild: Skill (1/1) Increased Blessed Hammer (112) by one (level:  12)
AutoBuild: useStatPoint(0): Strength
AutoBuild: Stat (1/5) Increased Strength from 52 to 53
AutoBuild: useStatPoint(2): Dexterity
AutoBuild: Stat (2/5) Increased Dexterity from 47 to 48
AutoBuild: useStatPoint(3): Vitality
AutoBuild: Stat (3/5) Increased Vitality from 106 to 107
AutoBuild: useStatPoint(3): Vitality
AutoBuild: Stat (4/5) Increased Vitality from 107 to 108
AutoBuild: useStatPoint(3): Vitality
AutoBuild: Stat (5/5) Increased Vitality from 108 to 109
AutoBuild: Updating Config from level 28 to 29
AutoBuild: Incrementing cached character level to 29
AutoBuild: Including build template config/builds/paladin.hammerdin.js into default.dbj
AutoBuild: Including build template config/builds/paladin.hammerdin.js into tools\autobuildthread.js
AutoBuild: Loaded helper thread
AutoBuild: Including build template config/builds/paladin.hammerdin.js into tools\party.js
AutoBuild: Including build template config/builds/paladin.hammerdin.js into tools\townchicken.js
AutoBuild: Including build template config/builds/paladin.hammerdin.js into tools\toolsthread.js
AutoBuild: Including build template config/builds/paladin.hammerdin.js into default.dbj
AutoBuild: Including build template config/builds/paladin.hammerdin.js into tools\autobuildthread.js
AutoBuild: Loaded helper thread
AutoBuild: Including build template config/builds/paladin.hammerdin.js into tools\party.js
AutoBuild: Including build template config/builds/paladin.hammerdin.js into tools\townchicken.js
AutoBuild: Including build template config/builds/paladin.hammerdin.js into tools\toolsthread.js
AutoBuild: Stat points: 10      Skill points: 4
AutoBuild: Level up detected ( 29 --> 30 )
AutoBuild: useSkillPoint(): Blessed Hammer (112)
AutoBuild: Skill (1/1) Increased Blessed Hammer (112) by one (level:  13)
AutoBuild: useStatPoint(0): Strength
AutoBuild: Stat (1/5) Increased Strength from 53 to 54
AutoBuild: useStatPoint(2): Dexterity
AutoBuild: Stat (2/5) Increased Dexterity from 48 to 49
AutoBuild: useStatPoint(3): Vitality
AutoBuild: Stat (3/5) Increased Vitality from 109 to 110
AutoBuild: useStatPoint(3): Vitality
AutoBuild: Stat (4/5) Increased Vitality from 110 to 111
AutoBuild: useStatPoint(3): Vitality
AutoBuild: Stat (5/5) Increased Vitality from 111 to 112
AutoBuild: Updating Config from level 29 to 30
AutoBuild: Incrementing cached character level to 30
AutoBuild: Stat points: 10      Skill points: 4
AutoBuild: Level up detected ( 30 --> 31 )
AutoBuild: useSkillPoint(): Blessed Hammer (112)
AutoBuild: Skill (1/1) Increased Blessed Hammer (112) by one (level:  14)
AutoBuild: useStatPoint(0): Strength
AutoBuild: Stat (1/5) Increased Strength from 54 to 55
AutoBuild: useStatPoint(2): Dexterity
AutoBuild: Stat (2/5) Increased Dexterity from 49 to 50
AutoBuild: useStatPoint(3): Vitality
AutoBuild: Attempt to spend point 3 in Vitality may have failed!
AutoBuild: useStatPoint(3): Vitality
AutoBuild: Stat (4/5) Increased Vitality from 113 to 114
AutoBuild: useStatPoint(3): Vitality
AutoBuild: Stat (5/5) Increased Vitality from 114 to 115
AutoBuild: Updating Config from level 30 to 31
AutoBuild: Incrementing cached character level to 31
AutoBuild: Stat points: 10      Skill points: 4
AutoBuild: Level up detected ( 31 --> 32 )
AutoBuild: useSkillPoint(): Blessed Hammer (112)
AutoBuild: Skill (1/1) Increased Blessed Hammer (112) by one (level:  15)
AutoBuild: useStatPoint(0): Strength
AutoBuild: Stat (1/5) Increased Strength from 55 to 56
AutoBuild: useStatPoint(2): Dexterity
AutoBuild: Stat (2/5) Increased Dexterity from 50 to 51
AutoBuild: useStatPoint(3): Vitality
AutoBuild: Stat (3/5) Increased Vitality from 115 to 116
AutoBuild: useStatPoint(3): Vitality
AutoBuild: Attempt to spend point 4 in Vitality may have failed!
AutoBuild: useStatPoint(3): Vitality
AutoBuild: Stat (5/5) Increased Vitality from 117 to 118
AutoBuild: Updating Config from level 31 to 32
AutoBuild: Incrementing cached character level to 32
AutoBuild: Stat points: 10      Skill points: 4
AutoBuild: Level up detected ( 32 --> 33 )
AutoBuild: useSkillPoint(): Blessed Hammer (112)
AutoBuild: Skill (1/1) Increased Blessed Hammer (112) by one (level:  16)
AutoBuild: useStatPoint(0): Strength
AutoBuild: Stat (1/5) Increased Strength from 56 to 57
AutoBuild: useStatPoint(2): Dexterity
AutoBuild: Stat (2/5) Increased Dexterity from 51 to 52
AutoBuild: useStatPoint(3): Vitality
AutoBuild: Stat (3/5) Increased Vitality from 118 to 119
AutoBuild: useStatPoint(3): Vitality
AutoBuild: Stat (4/5) Increased Vitality from 119 to 120
AutoBuild: useStatPoint(3): Vitality
AutoBuild: Stat (5/5) Increased Vitality from 120 to 121
AutoBuild: Updating Config from level 32 to 33
AutoBuild: Incrementing cached character level to 33
AutoBuild: Stat points: 10      Skill points: 4
AutoBuild: Level up detected ( 33 --> 34 )
AutoBuild: useSkillPoint(): Blessed Hammer (112)
AutoBuild: Skill (1/1) Increased Blessed Hammer (112) by one (level:  17)
AutoBuild: useStatPoint(0): Strength
AutoBuild: Stat (1/5) Increased Strength from 57 to 58
AutoBuild: useStatPoint(2): Dexterity
AutoBuild: Stat (2/5) Increased Dexterity from 52 to 53
AutoBuild: useStatPoint(3): Vitality
AutoBuild: Stat (3/5) Increased Vitality from 121 to 122
AutoBuild: useStatPoint(3): Vitality
AutoBuild: Stat (4/5) Increased Vitality from 122 to 123
AutoBuild: useStatPoint(3): Vitality
AutoBuild: Stat (5/5) Increased Vitality from 123 to 124
AutoBuild: Updating Config from level 33 to 34
AutoBuild: Incrementing cached character level to 34
AutoBuild: Including build template config/builds/paladin.hammerdin.js into default.dbj
AutoBuild: Including build template config/builds/paladin.hammerdin.js into tools\autobuildthread.js
AutoBuild: Loaded helper thread
AutoBuild: Including build template config/builds/paladin.hammerdin.js into tools\party.js
AutoBuild: Including build template config/builds/paladin.hammerdin.js into tools\townchicken.js
AutoBuild: Including build template config/builds/paladin.hammerdin.js into tools\toolsthread.js
AutoBuild: Including build template config/builds/paladin.hammerdin.js into default.dbj
AutoBuild: Including build template config/builds/paladin.hammerdin.js into tools\autobuildthread.js
AutoBuild: Loaded helper thread
AutoBuild: Including build template config/builds/paladin.hammerdin.js into tools\party.js
AutoBuild: Including build template config/builds/paladin.hammerdin.js into tools\toolsthread.js
AutoBuild: Including build template config/builds/paladin.hammerdin.js into tools\townchicken.js
AutoBuild: Stat points: 10      Skill points: 4
AutoBuild: Level up detected ( 34 --> 35 )
AutoBuild: useSkillPoint(): Blessed Hammer (112)
AutoBuild: Skill (1/1) Increased Blessed Hammer (112) by one (level:  18)
AutoBuild: useStatPoint(0): Strength
AutoBuild: Stat (1/5) Increased Strength from 58 to 59
AutoBuild: useStatPoint(2): Dexterity
AutoBuild: Stat (2/5) Increased Dexterity from 53 to 54
AutoBuild: useStatPoint(3): Vitality
AutoBuild: Stat (3/5) Increased Vitality from 124 to 125
AutoBuild: useStatPoint(3): Vitality
AutoBuild: Stat (4/5) Increased Vitality from 125 to 126
AutoBuild: useStatPoint(3): Vitality
AutoBuild: Stat (5/5) Increased Vitality from 126 to 127
AutoBuild: Updating Config from level 34 to 35
AutoBuild: Incrementing cached character level to 35
AutoBuild: Stat points: 10      Skill points: 4
AutoBuild: Level up detected ( 35 --> 36 )
AutoBuild: useSkillPoint(): Blessed Hammer (112)
AutoBuild: Skill (1/1) Increased Blessed Hammer (112) by one (level:  19)
AutoBuild: useStatPoint(0): Strength
AutoBuild: Stat (1/5) Increased Strength from 59 to 60
AutoBuild: useStatPoint(2): Dexterity
AutoBuild: Stat (2/5) Increased Dexterity from 54 to 55
AutoBuild: useStatPoint(3): Vitality
AutoBuild: Stat (3/5) Increased Vitality from 127 to 128
AutoBuild: useStatPoint(3): Vitality
AutoBuild: Stat (4/5) Increased Vitality from 128 to 129
AutoBuild: useStatPoint(3): Vitality
AutoBuild: Stat (5/5) Increased Vitality from 129 to 130
AutoBuild: Updating Config from level 35 to 36
AutoBuild: Incrementing cached character level to 36
AutoBuild: Including build template config/builds/paladin.hammerdin.js into default.dbj
AutoBuild: Including build template config/builds/paladin.hammerdin.js into tools\autobuildthread.js
AutoBuild: Loaded helper thread
AutoBuild: Including build template config/builds/paladin.hammerdin.js into tools\party.js
AutoBuild: Including build template config/builds/paladin.hammerdin.js into tools\townchicken.js
AutoBuild: Including build template config/builds/paladin.hammerdin.js into tools\toolsthread.js
AutoBuild: Including build template config/builds/paladin.hammerdin.js into default.dbj
AutoBuild: Including build template config/builds/paladin.hammerdin.js into tools\autobuildthread.js
AutoBuild: Loaded helper thread
AutoBuild: Including build template config/builds/paladin.hammerdin.js into tools\party.js
AutoBuild: Including build template config/builds/paladin.hammerdin.js into tools\townchicken.js
AutoBuild: Including build template config/builds/paladin.hammerdin.js into tools\toolsthread.js
AutoBuild: Stat points: 10      Skill points: 5
AutoBuild: Level up detected ( 36 --> 37 )
AutoBuild: useSkillPoint(): Blessed Hammer (112)
AutoBuild: Skill (1/1) Increased Blessed Hammer (112) by one (level:  20)
AutoBuild: useStatPoint(0): Strength
AutoBuild: Stat (1/5) Increased Strength from 60 to 61
AutoBuild: useStatPoint(2): Dexterity
AutoBuild: Stat (2/5) Increased Dexterity from 55 to 56
AutoBuild: useStatPoint(3): Vitality
AutoBuild: Stat (3/5) Increased Vitality from 130 to 131
AutoBuild: useStatPoint(3): Vitality
AutoBuild: Stat (4/5) Increased Vitality from 131 to 132
AutoBuild: useStatPoint(3): Vitality
AutoBuild: Stat (5/5) Increased Vitality from 132 to 133
AutoBuild: Updating Config from level 36 to 37
AutoBuild: Incrementing cached character level to 37
AutoBuild: Including build template config/builds/paladin.hammerdin.js into default.dbj
AutoBuild: Including build template config/builds/paladin.hammerdin.js into tools\autobuildthread.js
AutoBuild: Loaded helper thread
AutoBuild: Including build template config/builds/paladin.hammerdin.js into tools\party.js
AutoBuild: Including build template config/builds/paladin.hammerdin.js into tools\townchicken.js
AutoBuild: Including build template config/builds/paladin.hammerdin.js into tools\toolsthread.js
AutoBuild: Stat points: 10      Skill points: 5
AutoBuild: Level up detected ( 37 --> 38 )
AutoBuild: useSkillPoint(): Blessed Hammer (112)
AutoBuild: Attempt to spend skill point 1 in Blessed Hammer (112) may have failed!
AutoBuild: useStatPoint(0): Strength
AutoBuild: Stat (1/5) Increased Strength from 61 to 62
AutoBuild: useStatPoint(2): Dexterity
AutoBuild: Stat (2/5) Increased Dexterity from 56 to 57
AutoBuild: useStatPoint(3): Vitality
AutoBuild: Stat (3/5) Increased Vitality from 133 to 134
AutoBuild: useStatPoint(3): Vitality
AutoBuild: Stat (4/5) Increased Vitality from 134 to 135
AutoBuild: useStatPoint(3): Vitality
AutoBuild: Stat (5/5) Increased Vitality from 135 to 136
AutoBuild: Updating Config from level 37 to 38
AutoBuild: Incrementing cached character level to 38
AutoBuild: Including build template config/builds/paladin.hammerdin.js into default.dbj
AutoBuild: Including build template config/builds/paladin.hammerdin.js into tools\autobuildthread.js
AutoBuild: Loaded helper thread
AutoBuild: Including build template config/builds/paladin.hammerdin.js into tools\party.js
AutoBuild: Including build template config/builds/paladin.hammerdin.js into tools\townchicken.js
AutoBuild: Including build template config/builds/paladin.hammerdin.js into tools\toolsthread.js
AutoBuild: Stat points: 10      Skill points: 6
AutoBuild: Level up detected ( 38 --> 39 )
AutoBuild: useSkillPoint(): Concentration (113)
AutoBuild: Skill (1/1) Increased Concentration (113) by one (level:  8)
AutoBuild: useStatPoint(0): Strength
AutoBuild: Stat (1/5) Increased Strength from 62 to 63
AutoBuild: useStatPoint(2): Dexterity
AutoBuild: Stat (2/5) Increased Dexterity from 57 to 58
AutoBuild: useStatPoint(3): Vitality
AutoBuild: Stat (3/5) Increased Vitality from 136 to 137
AutoBuild: useStatPoint(3): Vitality
AutoBuild: Stat (4/5) Increased Vitality from 137 to 138
AutoBuild: useStatPoint(3): Vitality
AutoBuild: Attempt to spend point 5 in Vitality may have failed!
AutoBuild: Updating Config from level 38 to 39
AutoBuild: Incrementing cached character level to 39
AutoBuild: Stat points: 10      Skill points: 6
AutoBuild: Level up detected ( 39 --> 40 )
AutoBuild: useSkillPoint(): Concentration (113)
AutoBuild: Skill (1/1) Increased Concentration (113) by one (level:  9)
AutoBuild: useStatPoint(0): Strength
AutoBuild: Stat (1/5) Increased Strength from 63 to 64
AutoBuild: useStatPoint(2): Dexterity
AutoBuild: Stat (2/5) Increased Dexterity from 58 to 59
AutoBuild: useStatPoint(3): Vitality
AutoBuild: Stat (3/5) Increased Vitality from 139 to 140
AutoBuild: useStatPoint(3): Vitality
AutoBuild: Stat (4/5) Increased Vitality from 140 to 141
AutoBuild: useStatPoint(3): Vitality
AutoBuild: Stat (5/5) Increased Vitality from 141 to 142
AutoBuild: Updating Config from level 39 to 40
AutoBuild: Incrementing cached character level to 40
AutoBuild: Including build template config/builds/paladin.hammerdin.js into default.dbj
AutoBuild: Including build template config/builds/paladin.hammerdin.js into tools\autobuildthread.js
AutoBuild: Loaded helper thread
AutoBuild: Including build template config/builds/paladin.hammerdin.js into tools\party.js
AutoBuild: Including build template config/builds/paladin.hammerdin.js into tools\townchicken.js
AutoBuild: Including build template config/builds/paladin.hammerdin.js into tools\toolsthread.js
AutoBuild: Stat points: 10      Skill points: 6
AutoBuild: Level up detected ( 40 --> 41 )
AutoBuild: useSkillPoint(): Concentration (113)
AutoBuild: Skill (1/1) Increased Concentration (113) by one (level:  10)
AutoBuild: useStatPoint(0): Strength
AutoBuild: Stat (1/5) Increased Strength from 64 to 65
AutoBuild: useStatPoint(2): Dexterity
AutoBuild: Stat (2/5) Increased Dexterity from 59 to 60
AutoBuild: useStatPoint(3): Vitality
AutoBuild: Stat (3/5) Increased Vitality from 142 to 143
AutoBuild: useStatPoint(3): Vitality
AutoBuild: Stat (4/5) Increased Vitality from 143 to 144
AutoBuild: useStatPoint(3): Vitality
AutoBuild: Stat (5/5) Increased Vitality from 144 to 145
AutoBuild: Updating Config from level 40 to 41
AutoBuild: Incrementing cached character level to 41
AutoBuild: Including build template config/builds/paladin.hammerdin.js into default.dbj
AutoBuild: Including build template config/builds/paladin.hammerdin.js into tools\autobuildthread.js
AutoBuild: Loaded helper thread
AutoBuild: Including build template config/builds/paladin.hammerdin.js into tools\party.js
AutoBuild: Including build template config/builds/paladin.hammerdin.js into tools\townchicken.js
AutoBuild: Including build template config/builds/paladin.hammerdin.js into tools\toolsthread.js
AutoBuild: Including build template config/builds/paladin.hammerdin.js into default.dbj
AutoBuild: Including build template config/builds/paladin.hammerdin.js into tools\autobuildthread.js
AutoBuild: Loaded helper thread
AutoBuild: Including build template config/builds/paladin.hammerdin.js into tools\party.js
AutoBuild: Including build template config/builds/paladin.hammerdin.js into tools\townchicken.js
AutoBuild: Including build template config/builds/paladin.hammerdin.js into tools\toolsthread.js
AutoBuild: Stat points: 10      Skill points: 6
AutoBuild: Level up detected ( 41 --> 42 )
AutoBuild: useSkillPoint(): Concentration (113)
AutoBuild: Skill (1/1) Increased Concentration (113) by one (level:  11)
AutoBuild: useStatPoint(0): Strength
AutoBuild: Stat (1/5) Increased Strength from 65 to 66
AutoBuild: useStatPoint(2): Dexterity
AutoBuild: Stat (2/5) Increased Dexterity from 60 to 61
AutoBuild: useStatPoint(3): Vitality
AutoBuild: Stat (3/5) Increased Vitality from 145 to 146
AutoBuild: useStatPoint(3): Vitality
AutoBuild: Stat (4/5) Increased Vitality from 146 to 147
AutoBuild: useStatPoint(3): Vitality
AutoBuild: Stat (5/5) Increased Vitality from 147 to 148
AutoBuild: Updating Config from level 41 to 42
AutoBuild: Incrementing cached character level to 42
AutoBuild: Stat points: 10      Skill points: 6
AutoBuild: Level up detected ( 42 --> 43 )
AutoBuild: useSkillPoint(): Concentration (113)
AutoBuild: Skill (1/1) Increased Concentration (113) by one (level:  12)
AutoBuild: useStatPoint(0): Strength
AutoBuild: Attempt to spend point 1 in Strength may have failed!
AutoBuild: useStatPoint(2): Dexterity
AutoBuild: Stat (2/5) Increased Dexterity from 61 to 62
AutoBuild: useStatPoint(3): Vitality
AutoBuild: Stat (3/5) Increased Vitality from 148 to 149
AutoBuild: useStatPoint(3): Vitality
AutoBuild: Stat (4/5) Increased Vitality from 149 to 150
AutoBuild: useStatPoint(3): Vitality
AutoBuild: Attempt to spend point 5 in Vitality may have failed!
AutoBuild: Updating Config from level 42 to 43
AutoBuild: Incrementing cached character level to 43
AutoBuild: Stat points: 10      Skill points: 6
AutoBuild: Level up detected ( 43 --> 44 )
AutoBuild: useSkillPoint(): Concentration (113)
AutoBuild: Skill (1/1) Increased Concentration (113) by one (level:  13)
AutoBuild: useStatPoint(0): Strength
AutoBuild: Stat (1/5) Increased Strength from 67 to 68
AutoBuild: useStatPoint(2): Dexterity
AutoBuild: Stat (2/5) Increased Dexterity from 62 to 63
AutoBuild: useStatPoint(3): Vitality
AutoBuild: Stat (3/5) Increased Vitality from 151 to 152
AutoBuild: useStatPoint(3): Vitality
AutoBuild: Stat (4/5) Increased Vitality from 152 to 153
AutoBuild: useStatPoint(3): Vitality
AutoBuild: Attempt to spend point 5 in Vitality may have failed!
AutoBuild: Updating Config from level 43 to 44
AutoBuild: Incrementing cached character level to 44
AutoBuild: Including build template config/builds/paladin.hammerdin.js into default.dbj
AutoBuild: Including build template config/builds/paladin.hammerdin.js into tools\autobuildthread.js
AutoBuild: Loaded helper thread
AutoBuild: Including build template config/builds/paladin.hammerdin.js into tools\party.js
AutoBuild: Including build template config/builds/paladin.hammerdin.js into tools\townchicken.js
AutoBuild: Including build template config/builds/paladin.hammerdin.js into tools\toolsthread.js
AutoBuild: Stat points: 10      Skill points: 6
AutoBuild: Level up detected ( 44 --> 45 )
AutoBuild: useSkillPoint(): Concentration (113)
AutoBuild: Skill (1/1) Increased Concentration (113) by one (level:  14)
AutoBuild: useStatPoint(0): Strength
AutoBuild: Stat (1/5) Increased Strength from 68 to 69
AutoBuild: useStatPoint(2): Dexterity
AutoBuild: Stat (2/5) Increased Dexterity from 63 to 64
AutoBuild: useStatPoint(3): Vitality
AutoBuild: Stat (3/5) Increased Vitality from 154 to 155
AutoBuild: useStatPoint(3): Vitality
AutoBuild: Stat (4/5) Increased Vitality from 155 to 156
AutoBuild: useStatPoint(3): Vitality
AutoBuild: Stat (5/5) Increased Vitality from 156 to 157
AutoBuild: Updating Config from level 44 to 45
AutoBuild: Incrementing cached character level to 45
AutoBuild: Including build template config/builds/paladin.hammerdin.js into default.dbj
AutoBuild: Including build template config/builds/paladin.hammerdin.js into tools\autobuildthread.js
AutoBuild: Loaded helper thread
AutoBuild: Including build template config/builds/paladin.hammerdin.js into tools\party.js
AutoBuild: Including build template config/builds/paladin.hammerdin.js into tools\townchicken.js
AutoBuild: Including build template config/builds/paladin.hammerdin.js into tools\toolsthread.js
AutoBuild: Including build template config/builds/paladin.hammerdin.js into default.dbj
AutoBuild: Including build template config/builds/paladin.hammerdin.js into tools\autobuildthread.js
AutoBuild: Loaded helper thread
AutoBuild: Including build template config/builds/paladin.hammerdin.js into tools\party.js
AutoBuild: Including build template config/builds/paladin.hammerdin.js into tools\townchicken.js
AutoBuild: Including build template config/builds/paladin.hammerdin.js into tools\toolsthread.js
AutoBuild: Including build template config/builds/paladin.hammerdin.js into default.dbj
AutoBuild: Including build template config/builds/paladin.hammerdin.js into tools\autobuildthread.js
AutoBuild: Loaded helper thread
AutoBuild: Including build template config/builds/paladin.hammerdin.js into tools\party.js
AutoBuild: Including build template config/builds/paladin.hammerdin.js into tools\townchicken.js
AutoBuild: Including build template config/builds/paladin.hammerdin.js into tools\toolsthread.js
AutoBuild: Stat points: 10      Skill points: 6
AutoBuild: Level up detected ( 45 --> 46 )
AutoBuild: useSkillPoint(): Concentration (113)
AutoBuild: Skill (1/1) Increased Concentration (113) by one (level:  15)
AutoBuild: useStatPoint(0): Strength
AutoBuild: Stat (1/5) Increased Strength from 69 to 70
AutoBuild: useStatPoint(2): Dexterity
AutoBuild: Stat (2/5) Increased Dexterity from 64 to 65
AutoBuild: useStatPoint(3): Vitality
AutoBuild: Stat (3/5) Increased Vitality from 157 to 158
AutoBuild: useStatPoint(3): Vitality
AutoBuild: Stat (4/5) Increased Vitality from 158 to 159
AutoBuild: useStatPoint(3): Vitality
AutoBuild: Stat (5/5) Increased Vitality from 159 to 160
AutoBuild: Updating Config from level 45 to 46
AutoBuild: Incrementing cached character level to 46
AutoBuild: Including build template config/builds/paladin.hammerdin.js into default.dbj
AutoBuild: Including build template config/builds/paladin.hammerdin.js into tools\autobuildthread.js
AutoBuild: Loaded helper thread
AutoBuild: Including build template config/builds/paladin.hammerdin.js into tools\party.js
AutoBuild: Including build template config/builds/paladin.hammerdin.js into tools\toolsthread.js
AutoBuild: Including build template config/builds/paladin.hammerdin.js into tools\townchicken.js
AutoBuild: Including build template config/builds/paladin.hammerdin.js into default.dbj
AutoBuild: Including build template config/builds/paladin.hammerdin.js into tools\autobuildthread.js
AutoBuild: Loaded helper thread
AutoBuild: Including build template config/builds/paladin.hammerdin.js into tools\party.js
AutoBuild: Including build template config/builds/paladin.hammerdin.js into tools\townchicken.js
AutoBuild: Including build template config/builds/paladin.hammerdin.js into tools\toolsthread.js
AutoBuild: Including build template config/builds/paladin.hammerdin.js into default.dbj
AutoBuild: Including build template config/builds/paladin.hammerdin.js into tools\autobuildthread.js
AutoBuild: Loaded helper thread
AutoBuild: Including build template config/builds/paladin.hammerdin.js into tools\party.js
AutoBuild: Including build template config/builds/paladin.hammerdin.js into tools\townchicken.js
AutoBuild: Including build template config/builds/paladin.hammerdin.js into tools\toolsthread.js
AutoBuild: Including build template config/builds/paladin.hammerdin.js into default.dbj
AutoBuild: Including build template config/builds/paladin.hammerdin.js into tools\autobuildthread.js
AutoBuild: Loaded helper thread
AutoBuild: Including build template config/builds/paladin.hammerdin.js into tools\party.js
AutoBuild: Including build template config/builds/paladin.hammerdin.js into tools\townchicken.js
AutoBuild: Including build template config/builds/paladin.hammerdin.js into tools\toolsthread.js
AutoBuild: Including build template config/builds/paladin.hammerdin.js into default.dbj
AutoBuild: Including build template config/builds/paladin.hammerdin.js into tools\autobuildthread.js
AutoBuild: Loaded helper thread
AutoBuild: Including build template config/builds/paladin.hammerdin.js into tools\party.js
AutoBuild: Including build template config/builds/paladin.hammerdin.js into tools\townchicken.js
AutoBuild: Including build template config/builds/paladin.hammerdin.js into tools\toolsthread.js
AutoBuild: Including build template config/builds/paladin.hammerdin.js into default.dbj
AutoBuild: Including build template config/builds/paladin.hammerdin.js into tools\autobuildthread.js
AutoBuild: Loaded helper thread
AutoBuild: Including build template config/builds/paladin.hammerdin.js into tools\party.js
AutoBuild: Including build template config/builds/paladin.hammerdin.js into tools\townchicken.js
AutoBuild: Including build template config/builds/paladin.hammerdin.js into tools\toolsthread.js
AutoBuild: Stat points: 10      Skill points: 6
AutoBuild: Level up detected ( 46 --> 47 )
AutoBuild: useSkillPoint(): Concentration (113)
AutoBuild: Skill (1/1) Increased Concentration (113) by one (level:  16)
AutoBuild: useStatPoint(0): Strength
AutoBuild: Stat (1/5) Increased Strength from 70 to 71
AutoBuild: useStatPoint(2): Dexterity
AutoBuild: Attempt to spend point 2 in Dexterity may have failed!
AutoBuild: useStatPoint(3): Vitality
AutoBuild: Stat (3/5) Increased Vitality from 160 to 161
AutoBuild: useStatPoint(3): Vitality
AutoBuild: Stat (4/5) Increased Vitality from 161 to 162
AutoBuild: useStatPoint(3): Vitality
AutoBuild: Stat (5/5) Increased Vitality from 162 to 163
AutoBuild: Updating Config from level 46 to 47
AutoBuild: Incrementing cached character level to 47
AutoBuild: Stat points: 10      Skill points: 6
AutoBuild: Level up detected ( 47 --> 48 )
AutoBuild: useSkillPoint(): Concentration (113)
AutoBuild: Skill (1/1) Increased Concentration (113) by one (level:  17)
AutoBuild: useStatPoint(0): Strength
AutoBuild: Stat (1/5) Increased Strength from 71 to 72
AutoBuild: useStatPoint(2): Dexterity
AutoBuild: Stat (2/5) Increased Dexterity from 66 to 67
AutoBuild: useStatPoint(3): Vitality
AutoBuild: Stat (3/5) Increased Vitality from 163 to 164
AutoBuild: useStatPoint(3): Vitality
AutoBuild: Stat (4/5) Increased Vitality from 164 to 165
AutoBuild: useStatPoint(3): Vitality
AutoBuild: Stat (5/5) Increased Vitality from 165 to 166
AutoBuild: Updating Config from level 47 to 48
AutoBuild: Incrementing cached character level to 48
AutoBuild: Including build template config/builds/paladin.hammerdin.js into default.dbj
AutoBuild: Including build template config/builds/paladin.hammerdin.js into tools\autobuildthread.js
AutoBuild: Loaded helper thread
AutoBuild: Including build template config/builds/paladin.hammerdin.js into tools\party.js
AutoBuild: Including build template config/builds/paladin.hammerdin.js into tools\townchicken.js
AutoBuild: Including build template config/builds/paladin.hammerdin.js into tools\toolsthread.js
AutoBuild: Including build template config/builds/paladin.hammerdin.js into default.dbj
AutoBuild: Including build template config/builds/paladin.hammerdin.js into tools\autobuildthread.js
AutoBuild: Loaded helper thread
AutoBuild: Including build template config/builds/paladin.hammerdin.js into tools\party.js
AutoBuild: Including build template config/builds/paladin.hammerdin.js into tools\townchicken.js
AutoBuild: Including build template config/builds/paladin.hammerdin.js into tools\toolsthread.js
AutoBuild: Including build template config/builds/paladin.hammerdin.js into default.dbj
AutoBuild: Including build template config/builds/paladin.hammerdin.js into tools\autobuildthread.js
AutoBuild: Loaded helper thread
AutoBuild: Including build template config/builds/paladin.hammerdin.js into tools\party.js
AutoBuild: Including build template config/builds/paladin.hammerdin.js into tools\townchicken.js
AutoBuild: Including build template config/builds/paladin.hammerdin.js into tools\toolsthread.js
AutoBuild: Including build template config/builds/paladin.hammerdin.js into default.dbj
AutoBuild: Including build template config/builds/paladin.hammerdin.js into tools\autobuildthread.js
AutoBuild: Loaded helper thread
AutoBuild: Including build template config/builds/paladin.hammerdin.js into tools\party.js
AutoBuild: Including build template config/builds/paladin.hammerdin.js into tools\townchicken.js
AutoBuild: Including build template config/builds/paladin.hammerdin.js into tools\toolsthread.js
AutoBuild: Stat points: 15      Skill points: 6
AutoBuild: Level up detected ( 48 --> 49 )
AutoBuild: useSkillPoint(): Concentration (113)
AutoBuild: Skill (1/1) Increased Concentration (113) by one (level:  18)
AutoBuild: useStatPoint(0): Strength
AutoBuild: Stat (1/5) Increased Strength from 72 to 73
AutoBuild: useStatPoint(2): Dexterity
AutoBuild: Stat (2/5) Increased Dexterity from 67 to 68
AutoBuild: useStatPoint(3): Vitality
AutoBuild: Stat (3/5) Increased Vitality from 166 to 167
AutoBuild: useStatPoint(3): Vitality
AutoBuild: Stat (4/5) Increased Vitality from 167 to 168
AutoBuild: useStatPoint(3): Vitality
AutoBuild: Stat (5/5) Increased Vitality from 168 to 169
AutoBuild: Updating Config from level 48 to 49
AutoBuild: Incrementing cached character level to 49
AutoBuild: Including build template config/builds/paladin.hammerdin.js into default.dbj
AutoBuild: Including build template config/builds/paladin.hammerdin.js into tools\autobuildthread.js
AutoBuild: Loaded helper thread
AutoBuild: Including build template config/builds/paladin.hammerdin.js into tools\party.js
AutoBuild: Including build template config/builds/paladin.hammerdin.js into tools\townchicken.js
AutoBuild: Including build template config/builds/paladin.hammerdin.js into tools\toolsthread.js
AutoBuild: Including build template config/builds/paladin.hammerdin.js into default.dbj
AutoBuild: Including build template config/builds/paladin.hammerdin.js into tools\autobuildthread.js
AutoBuild: Loaded helper thread
AutoBuild: Including build template config/builds/paladin.hammerdin.js into tools\party.js
AutoBuild: Including build template config/builds/paladin.hammerdin.js into tools\townchicken.js
AutoBuild: Including build template config/builds/paladin.hammerdin.js into tools\toolsthread.js
AutoBuild: Including build template config/builds/paladin.hammerdin.js into default.dbj
AutoBuild: Including build template config/builds/paladin.hammerdin.js into tools\autobuildthread.js
AutoBuild: Loaded helper thread
AutoBuild: Including build template config/builds/paladin.hammerdin.js into tools\party.js
AutoBuild: Including build template config/builds/paladin.hammerdin.js into tools\townchicken.js
AutoBuild: Including build template config/builds/paladin.hammerdin.js into tools\toolsthread.js
AutoBuild: Including build template config/builds/paladin.hammerdin.js into default.dbj
AutoBuild: Including build template config/builds/paladin.hammerdin.js into tools\autobuildthread.js
AutoBuild: Loaded helper thread
AutoBuild: Including build template config/builds/paladin.hammerdin.js into tools\party.js
AutoBuild: Including build template config/builds/paladin.hammerdin.js into tools\townchicken.js
AutoBuild: Including build template config/builds/paladin.hammerdin.js into tools\toolsthread.js
AutoBuild: Stat points: 15      Skill points: 6
AutoBuild: Level up detected ( 49 --> 50 )
AutoBuild: useSkillPoint(): Concentration (113)
AutoBuild: Skill (1/1) Increased Concentration (113) by one (level:  19)
AutoBuild: useStatPoint(0): Strength
AutoBuild: Attempt to spend point 1 in Strength may have failed!
AutoBuild: useStatPoint(2): Dexterity
AutoBuild: Stat (2/5) Increased Dexterity from 68 to 69
AutoBuild: useStatPoint(3): Vitality
AutoBuild: Stat (3/5) Increased Vitality from 169 to 170
AutoBuild: useStatPoint(3): Vitality
AutoBuild: Stat (4/5) Increased Vitality from 170 to 171
AutoBuild: useStatPoint(3): Vitality
AutoBuild: Stat (5/5) Increased Vitality from 171 to 172
AutoBuild: Updating Config from level 49 to 50
AutoBuild: Incrementing cached character level to 50
AutoBuild: Including build template config/builds/paladin.hammerdin.js into default.dbj
AutoBuild: Including build template config/builds/paladin.hammerdin.js into tools\autobuildthread.js
AutoBuild: Loaded helper thread
AutoBuild: Including build template config/builds/paladin.hammerdin.js into tools\party.js
AutoBuild: Including build template config/builds/paladin.hammerdin.js into tools\townchicken.js
AutoBuild: Including build template config/builds/paladin.hammerdin.js into tools\toolsthread.js
AutoBuild: Including build template config/builds/paladin.hammerdin.js into default.dbj
AutoBuild: Including build template config/builds/paladin.hammerdin.js into tools\autobuildthread.js
AutoBuild: Loaded helper thread
AutoBuild: Including build template config/builds/paladin.hammerdin.js into tools\party.js
AutoBuild: Including build template config/builds/paladin.hammerdin.js into tools\townchicken.js
AutoBuild: Including build template config/builds/paladin.hammerdin.js into tools\toolsthread.js
AutoBuild: Including build template config/builds/paladin.hammerdin.js into default.dbj
AutoBuild: Including build template config/builds/paladin.hammerdin.js into tools\autobuildthread.js
AutoBuild: Loaded helper thread
AutoBuild: Including build template config/builds/paladin.hammerdin.js into tools\party.js
AutoBuild: Including build template config/builds/paladin.hammerdin.js into tools\townchicken.js
AutoBuild: Including build template config/builds/paladin.hammerdin.js into tools\toolsthread.js
AutoBuild: Including build template config/builds/paladin.hammerdin.js into default.dbj
AutoBuild: Including build template config/builds/paladin.hammerdin.js into tools\autobuildthread.js
AutoBuild: Loaded helper thread
AutoBuild: Including build template config/builds/paladin.hammerdin.js into tools\party.js
AutoBuild: Including build template config/builds/paladin.hammerdin.js into tools\townchicken.js
AutoBuild: Including build template config/builds/paladin.hammerdin.js into tools\toolsthread.js
AutoBuild: Stat points: 15      Skill points: 6
AutoBuild: Level up detected ( 50 --> 51 )
AutoBuild: useSkillPoint(): Concentration (113)
AutoBuild: Skill (1/1) Increased Concentration (113) by one (level:  20)
AutoBuild: useStatPoint(0): Strength
AutoBuild: Stat (1/5) Increased Strength from 74 to 75
AutoBuild: useStatPoint(2): Dexterity
AutoBuild: Stat (2/5) Increased Dexterity from 69 to 70
AutoBuild: useStatPoint(3): Vitality
AutoBuild: Stat (3/5) Increased Vitality from 172 to 173
AutoBuild: useStatPoint(3): Vitality
AutoBuild: Stat (4/5) Increased Vitality from 173 to 174
AutoBuild: useStatPoint(3): Vitality
AutoBuild: Stat (5/5) Increased Vitality from 174 to 175
AutoBuild: Updating Config from level 50 to 51
AutoBuild: Incrementing cached character level to 51
AutoBuild: Including build template config/builds/paladin.hammerdin.js into default.dbj
AutoBuild: Including build template config/builds/paladin.hammerdin.js into tools\autobuildthread.js
AutoBuild: Loaded helper thread
AutoBuild: Including build template config/builds/paladin.hammerdin.js into tools\party.js
AutoBuild: Including build template config/builds/paladin.hammerdin.js into tools\townchicken.js
AutoBuild: Including build template config/builds/paladin.hammerdin.js into tools\toolsthread.js
AutoBuild: Including build template config/builds/paladin.hammerdin.js into default.dbj
AutoBuild: Including build template config/builds/paladin.hammerdin.js into tools\autobuildthread.js
AutoBuild: Loaded helper thread
AutoBuild: Including build template config/builds/paladin.hammerdin.js into tools\party.js
AutoBuild: Including build template config/builds/paladin.hammerdin.js into tools\townchicken.js
AutoBuild: Including build template config/builds/paladin.hammerdin.js into tools\toolsthread.js
AutoBuild: Including build template config/builds/paladin.hammerdin.js into default.dbj
AutoBuild: Including build template config/builds/paladin.hammerdin.js into tools\autobuildthread.js
AutoBuild: Loaded helper thread
AutoBuild: Including build template config/builds/paladin.hammerdin.js into tools\party.js
AutoBuild: Including build template config/builds/paladin.hammerdin.js into tools\townchicken.js
AutoBuild: Including build template config/builds/paladin.hammerdin.js into tools\toolsthread.js
AutoBuild: Stat points: 15      Skill points: 6
AutoBuild: Level up detected ( 51 --> 52 )
AutoBuild: useSkillPoint(): Blessed Aim (108)
AutoBuild: Skill (1/1) Increased Blessed Aim (108) by one (level:  2)
AutoBuild: useStatPoint(0): Strength
AutoBuild: Stat (1/5) Increased Strength from 75 to 76
AutoBuild: useStatPoint(2): Dexterity
AutoBuild: Stat (2/5) Increased Dexterity from 70 to 71
AutoBuild: useStatPoint(3): Vitality
AutoBuild: Stat (3/5) Increased Vitality from 175 to 176
AutoBuild: useStatPoint(3): Vitality
AutoBuild: Stat (4/5) Increased Vitality from 176 to 177
AutoBuild: useStatPoint(3): Vitality
AutoBuild: Stat (5/5) Increased Vitality from 177 to 178
AutoBuild: Updating Config from level 51 to 52
AutoBuild: Incrementing cached character level to 52
AutoBuild: Including build template config/builds/paladin.hammerdin.js into default.dbj
AutoBuild: Including build template config/builds/paladin.hammerdin.js into tools\autobuildthread.js
AutoBuild: Loaded helper thread
AutoBuild: Including build template config/builds/paladin.hammerdin.js into tools\party.js
AutoBuild: Including build template config/builds/paladin.hammerdin.js into tools\townchicken.js
AutoBuild: Including build template config/builds/paladin.hammerdin.js into tools\toolsthread.js
AutoBuild: Including build template config/builds/paladin.hammerdin.js into default.dbj
AutoBuild: Including build template config/builds/paladin.hammerdin.js into tools\autobuildthread.js
AutoBuild: Loaded helper thread
AutoBuild: Including build template config/builds/paladin.hammerdin.js into tools\party.js
AutoBuild: Including build template config/builds/paladin.hammerdin.js into tools\townchicken.js
AutoBuild: Including build template config/builds/paladin.hammerdin.js into tools\toolsthread.js
AutoBuild: Including build template config/builds/paladin.hammerdin.js into default.dbj
AutoBuild: Including build template config/builds/paladin.hammerdin.js into tools\autobuildthread.js
AutoBuild: Loaded helper thread
AutoBuild: Including build template config/builds/paladin.hammerdin.js into tools\party.js
AutoBuild: Including build template config/builds/paladin.hammerdin.js into tools\townchicken.js
AutoBuild: Including build template config/builds/paladin.hammerdin.js into tools\toolsthread.js
AutoBuild: Including build template config/builds/paladin.hammerdin.js into default.dbj
AutoBuild: Including build template config/builds/paladin.hammerdin.js into tools\autobuildthread.js
AutoBuild: Loaded helper thread
AutoBuild: Including build template config/builds/paladin.hammerdin.js into tools\party.js
AutoBuild: Including build template config/builds/paladin.hammerdin.js into tools\townchicken.js
AutoBuild: Including build template config/builds/paladin.hammerdin.js into tools\toolsthread.js
AutoBuild: Including build template config/builds/paladin.hammerdin.js into default.dbj
AutoBuild: Including build template config/builds/paladin.hammerdin.js into tools\autobuildthread.js
AutoBuild: Loaded helper thread
AutoBuild: Including build template config/builds/paladin.hammerdin.js into tools\party.js
AutoBuild: Including build template config/builds/paladin.hammerdin.js into tools\townchicken.js
AutoBuild: Including build template config/builds/paladin.hammerdin.js into tools\toolsthread.js
AutoBuild: Stat points: 15      Skill points: 6
AutoBuild: Level up detected ( 52 --> 53 )
AutoBuild: useSkillPoint(): Blessed Aim (108)
AutoBuild: Skill (1/1) Increased Blessed Aim (108) by one (level:  3)
AutoBuild: useStatPoint(0): Strength
AutoBuild: Stat (1/5) Increased Strength from 76 to 77
AutoBuild: useStatPoint(2): Dexterity
AutoBuild: Stat (2/5) Increased Dexterity from 71 to 72
AutoBuild: useStatPoint(3): Vitality
AutoBuild: Stat (3/5) Increased Vitality from 178 to 179
AutoBuild: useStatPoint(3): Vitality
AutoBuild: Attempt to spend point 4 in Vitality may have failed!
AutoBuild: useStatPoint(3): Vitality
AutoBuild: Stat (5/5) Increased Vitality from 180 to 181
AutoBuild: Updating Config from level 52 to 53
AutoBuild: Incrementing cached character level to 53
AutoBuild: Stat points: 15      Skill points: 6
AutoBuild: Level up detected ( 53 --> 54 )
AutoBuild: useSkillPoint(): Blessed Aim (108)
AutoBuild: Skill (1/1) Increased Blessed Aim (108) by one (level:  4)
AutoBuild: useStatPoint(0): Strength
AutoBuild: Stat (1/5) Increased Strength from 77 to 78
AutoBuild: useStatPoint(2): Dexterity
AutoBuild: Attempt to spend point 2 in Dexterity may have failed!
AutoBuild: useStatPoint(3): Vitality
AutoBuild: Stat (3/5) Increased Vitality from 181 to 182
AutoBuild: useStatPoint(3): Vitality
AutoBuild: Stat (4/5) Increased Vitality from 182 to 183
AutoBuild: useStatPoint(3): Vitality
AutoBuild: Stat (5/5) Increased Vitality from 183 to 184
AutoBuild: Updating Config from level 53 to 54
AutoBuild: Incrementing cached character level to 54
AutoBuild: Stat points: 15      Skill points: 6
AutoBuild: Level up detected ( 54 --> 55 )
AutoBuild: useSkillPoint(): Blessed Aim (108)
AutoBuild: Skill (1/1) Increased Blessed Aim (108) by one (level:  5)
AutoBuild: useStatPoint(0): Strength
AutoBuild: Stat (1/5) Increased Strength from 78 to 79
AutoBuild: useStatPoint(2): Dexterity
AutoBuild: Stat (2/5) Increased Dexterity from 73 to 74
AutoBuild: useStatPoint(3): Vitality
AutoBuild: Stat (3/5) Increased Vitality from 184 to 185
AutoBuild: useStatPoint(3): Vitality
AutoBuild: Stat (4/5) Increased Vitality from 185 to 186
AutoBuild: useStatPoint(3): Vitality
AutoBuild: Stat (5/5) Increased Vitality from 186 to 187
AutoBuild: Updating Config from level 54 to 55
AutoBuild: Incrementing cached character level to 55
AutoBuild: Including build template config/builds/paladin.hammerdin.js into default.dbj
AutoBuild: Including build template config/builds/paladin.hammerdin.js into tools\autobuildthread.js
AutoBuild: Loaded helper thread
AutoBuild: Including build template config/builds/paladin.hammerdin.js into tools\party.js
AutoBuild: Including build template config/builds/paladin.hammerdin.js into tools\townchicken.js
AutoBuild: Including build template config/builds/paladin.hammerdin.js into tools\toolsthread.js
AutoBuild: Stat points: 15      Skill points: 6
AutoBuild: Level up detected ( 55 --> 56 )
AutoBuild: useSkillPoint(): Blessed Aim (108)
AutoBuild: Skill (1/1) Increased Blessed Aim (108) by one (level:  6)
AutoBuild: useStatPoint(0): Strength
AutoBuild: Stat (1/5) Increased Strength from 79 to 80
AutoBuild: useStatPoint(2): Dexterity
AutoBuild: Stat (2/5) Increased Dexterity from 74 to 75
AutoBuild: useStatPoint(3): Vitality
AutoBuild: Attempt to spend point 3 in Vitality may have failed!
AutoBuild: useStatPoint(3): Vitality
AutoBuild: Attempt to spend point 4 in Vitality may have failed!
AutoBuild: useStatPoint(3): Vitality
AutoBuild: Stat (5/5) Increased Vitality from 189 to 190
AutoBuild: Updating Config from level 55 to 56
AutoBuild: Incrementing cached character level to 56
AutoBuild: Stat points: 15      Skill points: 8
AutoBuild: Level up detected ( 56 --> 57 )
AutoBuild: useSkillPoint(): Blessed Aim (108)
AutoBuild: Skill (1/1) Increased Blessed Aim (108) by one (level:  7)
AutoBuild: useStatPoint(0): Strength
AutoBuild: Attempt to spend point 1 in Strength may have failed!
AutoBuild: useStatPoint(2): Dexterity
AutoBuild: Attempt to spend point 2 in Dexterity may have failed!
AutoBuild: useStatPoint(3): Vitality
AutoBuild: Stat (3/5) Increased Vitality from 190 to 191
AutoBuild: useStatPoint(3): Vitality
AutoBuild: Stat (4/5) Increased Vitality from 191 to 192
AutoBuild: useStatPoint(3): Vitality
AutoBuild: Attempt to spend point 5 in Vitality may have failed!
AutoBuild: Updating Config from level 56 to 57
AutoBuild: Incrementing cached character level to 57
AutoBuild: Including build template config/builds/paladin.hammerdin.js into default.dbj
AutoBuild: Including build template config/builds/paladin.hammerdin.js into tools\autobuildthread.js
AutoBuild: Loaded helper thread
AutoBuild: Including build template config/builds/paladin.hammerdin.js into tools\party.js
AutoBuild: Including build template config/builds/paladin.hammerdin.js into tools\townchicken.js
AutoBuild: Including build template config/builds/paladin.hammerdin.js into tools\toolsthread.js
AutoBuild: Stat points: 15      Skill points: 8
AutoBuild: Level up detected ( 57 --> 58 )
AutoBuild: useSkillPoint(): Blessed Aim (108)
AutoBuild: Skill (1/1) Increased Blessed Aim (108) by one (level:  8)
AutoBuild: useStatPoint(0): Strength
AutoBuild: Stat (1/5) Increased Strength from 81 to 82
AutoBuild: useStatPoint(2): Dexterity
AutoBuild: Stat (2/5) Increased Dexterity from 76 to 77
AutoBuild: useStatPoint(3): Vitality
AutoBuild: Stat (3/5) Increased Vitality from 193 to 194
AutoBuild: useStatPoint(3): Vitality
AutoBuild: Stat (4/5) Increased Vitality from 194 to 195
AutoBuild: useStatPoint(3): Vitality
AutoBuild: Stat (5/5) Increased Vitality from 195 to 196
AutoBuild: Updating Config from level 57 to 58
AutoBuild: Incrementing cached character level to 58
AutoBuild: Including build template config/builds/paladin.hammerdin.js into default.dbj
AutoBuild: Including build template config/builds/paladin.hammerdin.js into tools\autobuildthread.js
AutoBuild: Loaded helper thread
AutoBuild: Including build template config/builds/paladin.hammerdin.js into tools\party.js
AutoBuild: Including build template config/builds/paladin.hammerdin.js into tools\townchicken.js
AutoBuild: Including build template config/builds/paladin.hammerdin.js into tools\toolsthread.js
AutoBuild: Stat points: 15      Skill points: 8
AutoBuild: Level up detected ( 58 --> 59 )
AutoBuild: useSkillPoint(): Blessed Aim (108)
AutoBuild: Skill (1/1) Increased Blessed Aim (108) by one (level:  9)
AutoBuild: useStatPoint(0): Strength
AutoBuild: Stat (1/5) Increased Strength from 82 to 83
AutoBuild: useStatPoint(2): Dexterity
AutoBuild: Stat (2/5) Increased Dexterity from 77 to 78
AutoBuild: useStatPoint(3): Vitality
AutoBuild: Stat (3/5) Increased Vitality from 196 to 197
AutoBuild: useStatPoint(3): Vitality
AutoBuild: Stat (4/5) Increased Vitality from 197 to 198
AutoBuild: useStatPoint(3): Vitality
AutoBuild: Stat (5/5) Increased Vitality from 198 to 199
AutoBuild: Updating Config from level 58 to 59
AutoBuild: Incrementing cached character level to 59
AutoBuild: Including build template config/builds/paladin.hammerdin.js into default.dbj
AutoBuild: Including build template config/builds/paladin.hammerdin.js into tools\autobuildthread.js
AutoBuild: Loaded helper thread
AutoBuild: Including build template config/builds/paladin.hammerdin.js into tools\party.js
AutoBuild: Including build template config/builds/paladin.hammerdin.js into tools\townchicken.js
AutoBuild: Including build template config/builds/paladin.hammerdin.js into tools\toolsthread.js
AutoBuild: Stat points: 15      Skill points: 8
AutoBuild: Level up detected ( 59 --> 60 )
AutoBuild: useSkillPoint(): Blessed Aim (108)
AutoBuild: Skill (1/4) Increased Blessed Aim (108) by one (level:  12)
AutoBuild: useSkillPoint(): Blessed Hammer (112)
AutoBuild: Attempt to spend skill point 2 in Blessed Hammer (112) may have failed!
AutoBuild: useSkillPoint(): Concentration (113)
AutoBuild: Attempt to spend skill point 3 in Concentration (113) may have failed!
AutoBuild: useSkillPoint(): Vigor (115)
AutoBuild: Skill (4/4) Increased Vigor (115) by one (level:  4)
AutoBuild: useStatPoint(0): Strength
AutoBuild: Stat (1/5) Increased Strength from 83 to 84
AutoBuild: useStatPoint(2): Dexterity
AutoBuild: Stat (2/5) Increased Dexterity from 78 to 79
AutoBuild: useStatPoint(3): Vitality
AutoBuild: Stat (3/5) Increased Vitality from 221 to 222
AutoBuild: useStatPoint(3): Vitality
AutoBuild: Stat (4/5) Increased Vitality from 222 to 223
AutoBuild: useStatPoint(3): Vitality
AutoBuild: Stat (5/5) Increased Vitality from 223 to 224
AutoBuild: Updating Config from level 59 to 60
AutoBuild: Incrementing cached character level to 60
AutoBuild: Stat points: 15      Skill points: 7
AutoBuild: Level up detected ( 60 --> 61 )
AutoBuild: useSkillPoint(): Blessed Aim (108)
AutoBuild: Skill (1/4) Increased Blessed Aim (108) by one (level:  13)
AutoBuild: useSkillPoint(): Blessed Hammer (112)
AutoBuild: Attempt to spend skill point 2 in Blessed Hammer (112) may have failed!
AutoBuild: useSkillPoint(): Concentration (113)
AutoBuild: Attempt to spend skill point 3 in Concentration (113) may have failed!
AutoBuild: useSkillPoint(): Vigor (115)
AutoBuild: Skill (4/4) Increased Vigor (115) by one (level:  5)
AutoBuild: useStatPoint(0): Strength
AutoBuild: Stat (1/5) Increased Strength from 84 to 85
AutoBuild: useStatPoint(2): Dexterity
AutoBuild: Stat (2/5) Increased Dexterity from 79 to 80
AutoBuild: useStatPoint(3): Vitality
AutoBuild: Stat (3/5) Increased Vitality from 224 to 225
AutoBuild: useStatPoint(3): Vitality
AutoBuild: Stat (4/5) Increased Vitality from 225 to 226
AutoBuild: useStatPoint(3): Vitality
AutoBuild: Attempt to spend point 5 in Vitality may have failed!
AutoBuild: Updating Config from level 60 to 61
AutoBuild: Incrementing cached character level to 61
AutoBuild: Including build template config/builds/paladin.hammerdin.js into default.dbj
AutoBuild: Including build template config/builds/paladin.hammerdin.js into tools\autobuildthread.js
AutoBuild: Loaded helper thread
AutoBuild: Including build template config/builds/paladin.hammerdin.js into tools\party.js
AutoBuild: Including build template config/builds/paladin.hammerdin.js into tools\townchicken.js
AutoBuild: Including build template config/builds/paladin.hammerdin.js into tools\toolsthread.js
AutoBuild: Stat points: 15      Skill points: 6
AutoBuild: Level up detected ( 61 --> 62 )
AutoBuild: useSkillPoint(): Blessed Aim (108)
AutoBuild: Skill (1/4) Increased Blessed Aim (108) by one (level:  14)
AutoBuild: useSkillPoint(): Blessed Hammer (112)
AutoBuild: Attempt to spend skill point 2 in Blessed Hammer (112) may have failed!
AutoBuild: useSkillPoint(): Concentration (113)
AutoBuild: Attempt to spend skill point 3 in Concentration (113) may have failed!
AutoBuild: useSkillPoint(): Vigor (115)
AutoBuild: Skill (4/4) Increased Vigor (115) by one (level:  6)
AutoBuild: useStatPoint(0): Strength
AutoBuild: Stat (1/5) Increased Strength from 85 to 86
AutoBuild: useStatPoint(2): Dexterity
AutoBuild: Stat (2/5) Increased Dexterity from 80 to 81
AutoBuild: useStatPoint(3): Vitality
AutoBuild: Stat (3/5) Increased Vitality from 227 to 228
AutoBuild: useStatPoint(3): Vitality
AutoBuild: Stat (4/5) Increased Vitality from 228 to 229
AutoBuild: useStatPoint(3): Vitality
AutoBuild: Stat (5/5) Increased Vitality from 229 to 230
AutoBuild: Updating Config from level 61 to 62
AutoBuild: Incrementing cached character level to 62
AutoBuild: Stat points: 15      Skill points: 5
AutoBuild: Level up detected ( 62 --> 63 )
AutoBuild: useSkillPoint(): Blessed Aim (108)
AutoBuild: Skill (1/4) Increased Blessed Aim (108) by one (level:  14)
AutoBuild: useSkillPoint(): Blessed Hammer (112)
AutoBuild: Attempt to spend skill point 2 in Blessed Hammer (112) may have failed!
AutoBuild: useSkillPoint(): Concentration (113)
AutoBuild: Attempt to spend skill point 3 in Concentration (113) may have failed!
AutoBuild: useSkillPoint(): Vigor (115)
AutoBuild: Skill (4/4) Increased Vigor (115) by one (level:  6)
AutoBuild: useStatPoint(0): Strength
AutoBuild: Stat (1/5) Increased Strength from 86 to 87
AutoBuild: useStatPoint(2): Dexterity
AutoBuild: Stat (2/5) Increased Dexterity from 81 to 82
AutoBuild: useStatPoint(3): Vitality
AutoBuild: Stat (3/5) Increased Vitality from 208 to 209
AutoBuild: useStatPoint(3): Vitality
AutoBuild: Stat (4/5) Increased Vitality from 209 to 210
AutoBuild: useStatPoint(3): Vitality
AutoBuild: Stat (5/5) Increased Vitality from 210 to 211
AutoBuild: Updating Config from level 62 to 63
AutoBuild: Incrementing cached character level to 63
AutoBuild: Including build template config/builds/paladin.hammerdin.js into default.dbj
AutoBuild: Including build template config/builds/paladin.hammerdin.js into tools\autobuildthread.js
AutoBuild: Loaded helper thread
AutoBuild: Including build template config/builds/paladin.hammerdin.js into tools\party.js
AutoBuild: Including build template config/builds/paladin.hammerdin.js into tools\townchicken.js
AutoBuild: Including build template config/builds/paladin.hammerdin.js into tools\toolsthread.js
AutoBuild: Stat points: 15      Skill points: 4
AutoBuild: Level up detected ( 63 --> 64 )
AutoBuild: useSkillPoint(): Blessed Aim (108)
AutoBuild: Skill (1/4) Increased Blessed Aim (108) by one (level:  14)
AutoBuild: useSkillPoint(): Blessed Hammer (112)
AutoBuild: Attempt to spend skill point 2 in Blessed Hammer (112) may have failed!
AutoBuild: useSkillPoint(): Concentration (113)
AutoBuild: Attempt to spend skill point 3 in Concentration (113) may have failed!
AutoBuild: useSkillPoint(): Vigor (115)
AutoBuild: Skill (4/4) Increased Vigor (115) by one (level:  6)
AutoBuild: useStatPoint(0): Strength
AutoBuild: Stat (1/5) Increased Strength from 87 to 88
AutoBuild: useStatPoint(2): Dexterity
AutoBuild: Stat (2/5) Increased Dexterity from 82 to 83
AutoBuild: useStatPoint(3): Vitality
AutoBuild: Stat (3/5) Increased Vitality from 211 to 212
AutoBuild: useStatPoint(3): Vitality
AutoBuild: Stat (4/5) Increased Vitality from 212 to 213
AutoBuild: useStatPoint(3): Vitality
AutoBuild: Stat (5/5) Increased Vitality from 213 to 214
AutoBuild: Updating Config from level 63 to 64
AutoBuild: Incrementing cached character level to 64
AutoBuild: Stat points: 15      Skill points: 3
AutoBuild: Level up detected ( 64 --> 65 )
AutoBuild: Warning: Number of skills specified in your build template at level 65 exceeds the available unused skill points
Only the first 3 skills 108, 112, 113 will be added
AutoBuild: useSkillPoint(): Blessed Aim (108)
AutoBuild: Skill (1/3) Increased Blessed Aim (108) by one (level:  15)
AutoBuild: useSkillPoint(): Blessed Hammer (112)
AutoBuild: Attempt to spend skill point 2 in Blessed Hammer (112) may have failed!
AutoBuild: useSkillPoint(): Concentration (113)
AutoBuild: Attempt to spend skill point 3 in Concentration (113) may have failed!
AutoBuild: useStatPoint(0): Strength
AutoBuild: Stat (1/5) Increased Strength from 88 to 89
AutoBuild: useStatPoint(2): Dexterity
AutoBuild: Stat (2/5) Increased Dexterity from 83 to 84
AutoBuild: useStatPoint(3): Vitality
AutoBuild: Stat (3/5) Increased Vitality from 214 to 215
AutoBuild: useStatPoint(3): Vitality
AutoBuild: Stat (4/5) Increased Vitality from 215 to 216
AutoBuild: useStatPoint(3): Vitality
AutoBuild: Stat (5/5) Increased Vitality from 216 to 217
AutoBuild: Updating Config from level 64 to 65
AutoBuild: Incrementing cached character level to 65
AutoBuild: Including build template config/builds/paladin.hammerdin.js into default.dbj
AutoBuild: Including build template config/builds/paladin.hammerdin.js into tools\autobuildthread.js
AutoBuild: Loaded helper thread
AutoBuild: Including build template config/builds/paladin.hammerdin.js into tools\party.js
AutoBuild: Including build template config/builds/paladin.hammerdin.js into tools\townchicken.js
AutoBuild: Including build template config/builds/paladin.hammerdin.js into tools\toolsthread.js
AutoBuild: Including build template config/builds/paladin.hammerdin.js into default.dbj
AutoBuild: Including build template config/builds/paladin.hammerdin.js into tools\autobuildthread.js
AutoBuild: Loaded helper thread
AutoBuild: Including build template config/builds/paladin.hammerdin.js into tools\party.js
AutoBuild: Including build template config/builds/paladin.hammerdin.js into tools\townchicken.js
AutoBuild: Including build template config/builds/paladin.hammerdin.js into tools\toolsthread.js
AutoBuild: Stat points: 15      Skill points: 4
AutoBuild: Level up detected ( 65 --> 66 )
AutoBuild: useSkillPoint(): Blessed Aim (108)
AutoBuild: Skill (1/4) Increased Blessed Aim (108) by one (level:  16)
AutoBuild: useSkillPoint(): Blessed Hammer (112)
AutoBuild: Attempt to spend skill point 2 in Blessed Hammer (112) may have failed!
AutoBuild: useSkillPoint(): Concentration (113)
AutoBuild: Attempt to spend skill point 3 in Concentration (113) may have failed!
AutoBuild: useSkillPoint(): Vigor (115)
AutoBuild: Skill (4/4) Increased Vigor (115) by one (level:  7)
AutoBuild: useStatPoint(0): Strength
AutoBuild: Stat (1/5) Increased Strength from 89 to 90
AutoBuild: useStatPoint(2): Dexterity
AutoBuild: Stat (2/5) Increased Dexterity from 84 to 85
AutoBuild: useStatPoint(3): Vitality
AutoBuild: Stat (3/5) Increased Vitality from 217 to 218
AutoBuild: useStatPoint(3): Vitality
AutoBuild: Stat (4/5) Increased Vitality from 218 to 219
AutoBuild: useStatPoint(3): Vitality
AutoBuild: Stat (5/5) Increased Vitality from 219 to 220
AutoBuild: Updating Config from level 65 to 66
AutoBuild: Incrementing cached character level to 66
AutoBuild: Including build template config/builds/paladin.hammerdin.js into default.dbj
AutoBuild: Including build template config/builds/paladin.hammerdin.js into tools\autobuildthread.js
AutoBuild: Loaded helper thread
AutoBuild: Including build template config/builds/paladin.hammerdin.js into tools\party.js
AutoBuild: Including build template config/builds/paladin.hammerdin.js into tools\toolsthread.js
AutoBuild: Including build template config/builds/paladin.hammerdin.js into tools\townchicken.js
AutoBuild: Stat points: 15      Skill points: 3
AutoBuild: Level up detected ( 66 --> 67 )
AutoBuild: Warning: Number of skills specified in your build template at level 67 exceeds the available unused skill points
Only the first 3 skills 108, 112, 113 will be added
AutoBuild: useSkillPoint(): Blessed Aim (108)
AutoBuild: Skill (1/3) Increased Blessed Aim (108) by one (level:  17)
AutoBuild: useSkillPoint(): Blessed Hammer (112)
AutoBuild: Attempt to spend skill point 2 in Blessed Hammer (112) may have failed!
AutoBuild: useSkillPoint(): Concentration (113)
AutoBuild: Attempt to spend skill point 3 in Concentration (113) may have failed!
AutoBuild: useStatPoint(0): Strength
AutoBuild: Attempt to spend point 1 in Strength may have failed!
AutoBuild: useStatPoint(2): Dexterity
AutoBuild: Attempt to spend point 2 in Dexterity may have failed!
AutoBuild: useStatPoint(3): Vitality
AutoBuild: Attempt to spend point 3 in Vitality may have failed!
AutoBuild: useStatPoint(3): Vitality
AutoBuild: Stat (4/5) Increased Vitality from 221 to 222
AutoBuild: useStatPoint(3): Vitality
AutoBuild: Stat (5/5) Increased Vitality from 222 to 223
AutoBuild: Updating Config from level 66 to 67
AutoBuild: Incrementing cached character level to 67
AutoBuild: Stat points: 15      Skill points: 3
AutoBuild: Level up detected ( 67 --> 68 )
AutoBuild: Warning: Number of skills specified in your build template at level 68 exceeds the available unused skill points
Only the first 3 skills 108, 112, 113 will be added
AutoBuild: useSkillPoint(): Blessed Aim (108)
AutoBuild: Skill (1/3) Increased Blessed Aim (108) by one (level:  18)
AutoBuild: useSkillPoint(): Blessed Hammer (112)
AutoBuild: Attempt to spend skill point 2 in Blessed Hammer (112) may have failed!
AutoBuild: useSkillPoint(): Concentration (113)
AutoBuild: Attempt to spend skill point 3 in Concentration (113) may have failed!
AutoBuild: useStatPoint(0): Strength
AutoBuild: Stat (1/5) Increased Strength from 91 to 92
AutoBuild: useStatPoint(2): Dexterity
AutoBuild: Stat (2/5) Increased Dexterity from 86 to 87
AutoBuild: useStatPoint(3): Vitality
AutoBuild: Stat (3/5) Increased Vitality from 223 to 224
AutoBuild: useStatPoint(3): Vitality
AutoBuild: Stat (4/5) Increased Vitality from 224 to 225
AutoBuild: useStatPoint(3): Vitality
AutoBuild: Stat (5/5) Increased Vitality from 225 to 226
AutoBuild: Updating Config from level 67 to 68
AutoBuild: Incrementing cached character level to 68
AutoBuild: Including build template config/builds/paladin.hammerdin.js into default.dbj
AutoBuild: Including build template config/builds/paladin.hammerdin.js into tools\autobuildthread.js
AutoBuild: Loaded helper thread
AutoBuild: Including build template config/builds/paladin.hammerdin.js into tools\party.js
AutoBuild: Including build template config/builds/paladin.hammerdin.js into tools\townchicken.js
AutoBuild: Including build template config/builds/paladin.hammerdin.js into tools\toolsthread.js
AutoBuild: Including build template config/builds/paladin.hammerdin.js into default.dbj
AutoBuild: Including build template config/builds/paladin.hammerdin.js into tools\autobuildthread.js
AutoBuild: Loaded helper thread
AutoBuild: Including build template config/builds/paladin.hammerdin.js into tools\party.js
AutoBuild: Including build template config/builds/paladin.hammerdin.js into tools\toolsthread.js
AutoBuild: Including build template config/builds/paladin.hammerdin.js into tools\townchicken.js
AutoBuild: Stat points: 15      Skill points: 3
AutoBuild: Level up detected ( 68 --> 69 )
AutoBuild: Warning: Number of skills specified in your build template at level 69 exceeds the available unused skill points
Only the first 3 skills 108, 112, 113 will be added
AutoBuild: useSkillPoint(): Blessed Aim (108)
AutoBuild: Skill (1/3) Increased Blessed Aim (108) by one (level:  19)
AutoBuild: useSkillPoint(): Blessed Hammer (112)
AutoBuild: Attempt to spend skill point 2 in Blessed Hammer (112) may have failed!
AutoBuild: useSkillPoint(): Concentration (113)
AutoBuild: Attempt to spend skill point 3 in Concentration (113) may have failed!
AutoBuild: useStatPoint(0): Strength
AutoBuild: Stat (1/5) Increased Strength from 92 to 93
AutoBuild: useStatPoint(2): Dexterity
AutoBuild: Stat (2/5) Increased Dexterity from 87 to 88
AutoBuild: useStatPoint(3): Vitality
AutoBuild: Stat (3/5) Increased Vitality from 226 to 227
AutoBuild: useStatPoint(3): Vitality
AutoBuild: Stat (4/5) Increased Vitality from 227 to 228
AutoBuild: useStatPoint(3): Vitality
AutoBuild: Stat (5/5) Increased Vitality from 228 to 229
AutoBuild: Updating Config from level 68 to 69
AutoBuild: Incrementing cached character level to 69
AutoBuild: Stat points: 15      Skill points: 3
AutoBuild: Level up detected ( 69 --> 70 )
AutoBuild: Warning: Number of skills specified in your build template at level 70 exceeds the available unused skill points
Only the first 3 skills 108, 112, 113 will be added
AutoBuild: useSkillPoint(): Blessed Aim (108)
AutoBuild: Skill (1/3) Increased Blessed Aim (108) by one (level:  20)
AutoBuild: useSkillPoint(): Blessed Hammer (112)
AutoBuild: Attempt to spend skill point 2 in Blessed Hammer (112) may have failed!
AutoBuild: useSkillPoint(): Concentration (113)
AutoBuild: Attempt to spend skill point 3 in Concentration (113) may have failed!
AutoBuild: useStatPoint(0): Strength
AutoBuild: Stat (1/5) Increased Strength from 93 to 94
AutoBuild: useStatPoint(2): Dexterity
AutoBuild: Attempt to spend point 2 in Dexterity may have failed!
AutoBuild: useStatPoint(3): Vitality
AutoBuild: Attempt to spend point 3 in Vitality may have failed!
AutoBuild: useStatPoint(3): Vitality
AutoBuild: Stat (4/5) Increased Vitality from 230 to 231
AutoBuild: useStatPoint(3): Vitality
AutoBuild: Stat (5/5) Increased Vitality from 231 to 232
AutoBuild: Updating Config from level 69 to 70
AutoBuild: Incrementing cached character level to 70
AutoBuild: Including build template config/builds/paladin.hammerdin.js into default.dbj
AutoBuild: Including build template config/builds/paladin.hammerdin.js into tools\autobuildthread.js
AutoBuild: Loaded helper thread
AutoBuild: Including build template config/builds/paladin.hammerdin.js into tools\party.js
AutoBuild: Including build template config/builds/paladin.hammerdin.js into tools\toolsthread.js
AutoBuild: Including build template config/builds/paladin.hammerdin.js into tools\townchicken.js
AutoBuild: Stat points: 15      Skill points: 3
AutoBuild: Level up detected ( 70 --> 71 )
AutoBuild: useSkillPoint(): Blessed Aim (108)
AutoBuild: Attempt to spend skill point 1 in Blessed Aim (108) may have failed!
AutoBuild: useStatPoint(0): Strength
AutoBuild: Stat (1/5) Increased Strength from 94 to 95
AutoBuild: useStatPoint(2): Dexterity
AutoBuild: Stat (2/5) Increased Dexterity from 89 to 90
AutoBuild: useStatPoint(3): Vitality
AutoBuild: Stat (3/5) Increased Vitality from 232 to 233
AutoBuild: useStatPoint(3): Vitality
AutoBuild: Stat (4/5) Increased Vitality from 233 to 234
AutoBuild: useStatPoint(3): Vitality
AutoBuild: Stat (5/5) Increased Vitality from 234 to 235
AutoBuild: Updating Config from level 70 to 71
AutoBuild: Incrementing cached character level to 71
AutoBuild: Including build template config/builds/paladin.hammerdin.js into default.dbj
AutoBuild: Including build template config/builds/paladin.hammerdin.js into tools\autobuildthread.js
AutoBuild: Loaded helper thread
AutoBuild: Including build template config/builds/paladin.hammerdin.js into tools\party.js
AutoBuild: Including build template config/builds/paladin.hammerdin.js into tools\townchicken.js
AutoBuild: Including build template config/builds/paladin.hammerdin.js into tools\toolsthread.js
AutoBuild: Including build template config/builds/paladin.hammerdin.js into default.dbj
AutoBuild: Including build template config/builds/paladin.hammerdin.js into tools\autobuildthread.js
AutoBuild: Loaded helper thread
AutoBuild: Including build template config/builds/paladin.hammerdin.js into tools\party.js
AutoBuild: Including build template config/builds/paladin.hammerdin.js into tools\townchicken.js
AutoBuild: Including build template config/builds/paladin.hammerdin.js into tools\toolsthread.js
AutoBuild: Stat points: 15      Skill points: 4
AutoBuild: Level up detected ( 71 --> 72 )
AutoBuild: useSkillPoint(): Blessed Aim (108)
AutoBuild: Attempt to spend skill point 1 in Blessed Aim (108) may have failed!
AutoBuild: useStatPoint(0): Strength
AutoBuild: Stat (1/5) Increased Strength from 95 to 96
AutoBuild: useStatPoint(2): Dexterity
AutoBuild: Stat (2/5) Increased Dexterity from 90 to 91
AutoBuild: useStatPoint(3): Vitality
AutoBuild: Stat (3/5) Increased Vitality from 235 to 236
AutoBuild: useStatPoint(3): Vitality
AutoBuild: Stat (4/5) Increased Vitality from 236 to 237
AutoBuild: useStatPoint(3): Vitality
AutoBuild: Stat (5/5) Increased Vitality from 237 to 238
AutoBuild: Updating Config from level 71 to 72
AutoBuild: Incrementing cached character level to 72
AutoBuild: Including build template config/builds/paladin.hammerdin.js into default.dbj
AutoBuild: Including build template config/builds/paladin.hammerdin.js into tools\autobuildthread.js
AutoBuild: Loaded helper thread
AutoBuild: Including build template config/builds/paladin.hammerdin.js into tools\party.js
AutoBuild: Including build template config/builds/paladin.hammerdin.js into tools\townchicken.js
AutoBuild: Including build template config/builds/paladin.hammerdin.js into tools\toolsthread.js
AutoBuild: Stat points: 15      Skill points: 5
AutoBuild: Level up detected ( 72 --> 73 )
AutoBuild: useSkillPoint(): Blessed Aim (108)
AutoBuild: Attempt to spend skill point 1 in Blessed Aim (108) may have failed!
AutoBuild: useStatPoint(0): Strength
AutoBuild: Stat (1/5) Increased Strength from 96 to 97
AutoBuild: useStatPoint(2): Dexterity
AutoBuild: Stat (2/5) Increased Dexterity from 91 to 92
AutoBuild: useStatPoint(3): Vitality
AutoBuild: Stat (3/5) Increased Vitality from 238 to 239
AutoBuild: useStatPoint(3): Vitality
AutoBuild: Stat (4/5) Increased Vitality from 239 to 240
AutoBuild: useStatPoint(3): Vitality
AutoBuild: Stat (5/5) Increased Vitality from 240 to 241
AutoBuild: Updating Config from level 72 to 73
AutoBuild: Incrementing cached character level to 73
AutoBuild: Including build template config/builds/paladin.hammerdin.js into default.dbj
AutoBuild: Including build template config/builds/paladin.hammerdin.js into tools\autobuildthread.js
AutoBuild: Loaded helper thread
AutoBuild: Including build template config/builds/paladin.hammerdin.js into tools\party.js
AutoBuild: Including build template config/builds/paladin.hammerdin.js into tools\townchicken.js
AutoBuild: Including build template config/builds/paladin.hammerdin.js into tools\toolsthread.js
AutoBuild: Including build template config/builds/paladin.hammerdin.js into default.dbj
AutoBuild: Including build template config/builds/paladin.hammerdin.js into tools\autobuildthread.js
AutoBuild: Loaded helper thread
AutoBuild: Including build template config/builds/paladin.hammerdin.js into tools\party.js
AutoBuild: Including build template config/builds/paladin.hammerdin.js into tools\townchicken.js
AutoBuild: Including build template config/builds/paladin.hammerdin.js into tools\toolsthread.js
AutoBuild: Stat points: 15      Skill points: 6
AutoBuild: Level up detected ( 73 --> 74 )
AutoBuild: useSkillPoint(): Blessed Aim (108)
AutoBuild: Attempt to spend skill point 1 in Blessed Aim (108) may have failed!
AutoBuild: useStatPoint(0): Strength
AutoBuild: Stat (1/5) Increased Strength from 97 to 98
AutoBuild: useStatPoint(2): Dexterity
AutoBuild: Stat (2/5) Increased Dexterity from 92 to 93
AutoBuild: useStatPoint(3): Vitality
AutoBuild: Stat (3/5) Increased Vitality from 263 to 264
AutoBuild: useStatPoint(3): Vitality
AutoBuild: Stat (4/5) Increased Vitality from 264 to 265
AutoBuild: useStatPoint(3): Vitality
AutoBuild: Stat (5/5) Increased Vitality from 265 to 266
AutoBuild: Updating Config from level 73 to 74
AutoBuild: Incrementing cached character level to 74
AutoBuild: Including build template config/builds/paladin.hammerdin.js into default.dbj
AutoBuild: Including build template config/builds/paladin.hammerdin.js into tools\autobuildthread.js
AutoBuild: Loaded helper thread
AutoBuild: Including build template config/builds/paladin.hammerdin.js into tools\party.js
AutoBuild: Including build template config/builds/paladin.hammerdin.js into tools\townchicken.js
AutoBuild: Including build template config/builds/paladin.hammerdin.js into tools\toolsthread.js
AutoBuild: Including build template config/builds/paladin.hammerdin.js into default.dbj
AutoBuild: Including build template config/builds/paladin.hammerdin.js into tools\autobuildthread.js
AutoBuild: Loaded helper thread
AutoBuild: Including build template config/builds/paladin.hammerdin.js into tools\party.js
AutoBuild: Including build template config/builds/paladin.hammerdin.js into tools\toolsthread.js
AutoBuild: Including build template config/builds/paladin.hammerdin.js into tools\townchicken.js
AutoBuild: Including build template config/builds/paladin.hammerdin.js into default.dbj
AutoBuild: Including build template config/builds/paladin.hammerdin.js into tools\autobuildthread.js
AutoBuild: Loaded helper thread
AutoBuild: Including build template config/builds/paladin.hammerdin.js into tools\party.js
AutoBuild: Including build template config/builds/paladin.hammerdin.js into tools\townchicken.js
AutoBuild: Including build template config/builds/paladin.hammerdin.js into tools\toolsthread.js
AutoBuild: Stat points: 15      Skill points: 7
AutoBuild: Level up detected ( 74 --> 75 )
AutoBuild: useSkillPoint(): Blessed Aim (108)
AutoBuild: Attempt to spend skill point 1 in Blessed Aim (108) may have failed!
AutoBuild: useStatPoint(0): Strength
AutoBuild: Stat (1/5) Increased Strength from 98 to 99
AutoBuild: useStatPoint(2): Dexterity
AutoBuild: Stat (2/5) Increased Dexterity from 93 to 94
AutoBuild: useStatPoint(3): Vitality
AutoBuild: Stat (3/5) Increased Vitality from 266 to 267
AutoBuild: useStatPoint(3): Vitality
AutoBuild: Stat (4/5) Increased Vitality from 267 to 268
AutoBuild: useStatPoint(3): Vitality
AutoBuild: Stat (5/5) Increased Vitality from 268 to 269
AutoBuild: Updating Config from level 74 to 75
AutoBuild: Incrementing cached character level to 75
AutoBuild: Including build template config/builds/paladin.hammerdin.js into default.dbj
AutoBuild: Including build template config/builds/paladin.hammerdin.js into tools\autobuildthread.js
AutoBuild: Loaded helper thread
AutoBuild: Including build template config/builds/paladin.hammerdin.js into tools\party.js
AutoBuild: Including build template config/builds/paladin.hammerdin.js into tools\toolsthread.js
AutoBuild: Including build template config/builds/paladin.hammerdin.js into tools\townchicken.js
AutoBuild: Including build template config/builds/paladin.hammerdin.js into default.dbj
AutoBuild: Including build template config/builds/paladin.hammerdin.js into tools\autobuildthread.js
AutoBuild: Loaded helper thread
AutoBuild: Including build template config/builds/paladin.hammerdin.js into tools\party.js
AutoBuild: Including build template config/builds/paladin.hammerdin.js into tools\toolsthread.js
AutoBuild: Including build template config/builds/paladin.hammerdin.js into tools\townchicken.js
AutoBuild: Including build template config/builds/paladin.hammerdin.js into default.dbj
AutoBuild: Including build template config/builds/paladin.hammerdin.js into tools\autobuildthread.js
AutoBuild: Loaded helper thread
AutoBuild: Including build template config/builds/paladin.hammerdin.js into tools\party.js
AutoBuild: Including build template config/builds/paladin.hammerdin.js into tools\townchicken.js
AutoBuild: Including build template config/builds/paladin.hammerdin.js into tools\toolsthread.js
AutoBuild: Including build template config/builds/paladin.hammerdin.js into default.dbj
AutoBuild: Including build template config/builds/paladin.hammerdin.js into tools\autobuildthread.js
AutoBuild: Loaded helper thread
AutoBuild: Including build template config/builds/paladin.hammerdin.js into tools\party.js
AutoBuild: Including build template config/builds/paladin.hammerdin.js into tools\townchicken.js
AutoBuild: Including build template config/builds/paladin.hammerdin.js into tools\toolsthread.js
AutoBuild: Stat points: 15      Skill points: 8
AutoBuild: Level up detected ( 75 --> 76 )
AutoBuild: useSkillPoint(): Blessed Aim (108)
AutoBuild: Attempt to spend skill point 1 in Blessed Aim (108) may have failed!
AutoBuild: useStatPoint(0): Strength
AutoBuild: Stat (1/5) Increased Strength from 99 to 100
AutoBuild: useStatPoint(2): Dexterity
AutoBuild: Stat (2/5) Increased Dexterity from 94 to 95
AutoBuild: useStatPoint(3): Vitality
AutoBuild: Stat (3/5) Increased Vitality from 269 to 270
AutoBuild: useStatPoint(3): Vitality
AutoBuild: Stat (4/5) Increased Vitality from 270 to 271
AutoBuild: useStatPoint(3): Vitality
AutoBuild: Stat (5/5) Increased Vitality from 271 to 272
AutoBuild: Updating Config from level 75 to 76
AutoBuild: Incrementing cached character level to 76
AutoBuild: Including build template config/builds/paladin.hammerdin.js into default.dbj
AutoBuild: Including build template config/builds/paladin.hammerdin.js into tools\autobuildthread.js
AutoBuild: Loaded helper thread
AutoBuild: Including build template config/builds/paladin.hammerdin.js into tools\party.js
AutoBuild: Including build template config/builds/paladin.hammerdin.js into tools\toolsthread.js
AutoBuild: Including build template config/builds/paladin.hammerdin.js into tools\townchicken.js
