AutoBuild: Including build template config/builds/necromancer.summoner.js into default.dbj
AutoBuild: Including build template config/builds/necromancer.summoner.js into tools\autobuildthread.js
AutoBuild: Loaded helper thread
AutoBuild: Including build template config/builds/necromancer.summoner.js into tools\party.js
AutoBuild: Including build template config/builds/necromancer.summoner.js into tools\townchicken.js
AutoBuild: Including build template config/builds/necromancer.summoner.js into tools\toolsthread.js
AutoBuild: Stat points: 5      Skill points: 1
AutoBuild: Level up detected ( 61 --> 62 )
AutoBuild: useSkillPoint(): Raise Skeletal Mage (80)
AutoBuild: Skill (1/1) Increased Raise Skeletal Mage (80) by one (level:  14)
AutoBuild: useStatPoint(0): Strength
AutoBuild: Stat (1/5) Increased Strength from 76 to 77
AutoBuild: useStatPoint(3): Vitality
AutoBuild: Stat (2/5) Increased Vitality from 259 to 260
AutoBuild: useStatPoint(3): Vitality
AutoBuild: Stat (3/5) Increased Vitality from 260 to 261
AutoBuild: useStatPoint(3): Vitality
AutoBuild: Stat (4/5) Increased Vitality from 261 to 262
AutoBuild: useStatPoint(3): Vitality
AutoBuild: Stat (5/5) Increased Vitality from 262 to 263
AutoBuild: Updating Config from level 61 to 62
AutoBuild: Incrementing cached character level to 62
AutoBuild: Including build template config/builds/necromancer.summoner.js into default.dbj
AutoBuild: Including build template config/builds/necromancer.summoner.js into tools\autobuildthread.js
AutoBuild: Loaded helper thread
AutoBuild: Including build template config/builds/necromancer.summoner.js into tools\party.js
AutoBuild: Including build template config/builds/necromancer.summoner.js into tools\townchicken.js
AutoBuild: Including build template config/builds/necromancer.summoner.js into tools\toolsthread.js
AutoBuild: Stat points: 5      Skill points: 1
AutoBuild: Level up detected ( 62 --> 63 )
AutoBuild: useSkillPoint(): Raise Skeletal Mage (80)
AutoBuild: Skill (1/1) Increased Raise Skeletal Mage (80) by one (level:  15)
AutoBuild: useStatPoint(0): Strength
AutoBuild: Stat (1/5) Increased Strength from 77 to 78
AutoBuild: useStatPoint(3): Vitality
AutoBuild: Stat (2/5) Increased Vitality from 263 to 264
AutoBuild: useStatPoint(3): Vitality
AutoBuild: Stat (3/5) Increased Vitality from 264 to 265
AutoBuild: useStatPoint(3): Vitality
AutoBuild: Stat (4/5) Increased Vitality from 265 to 266
AutoBuild: useStatPoint(3): Vitality
AutoBuild: Stat (5/5) Increased Vitality from 266 to 267
AutoBuild: Updating Config from level 62 to 63
AutoBuild: Incrementing cached character level to 63
