AutoBuild: Including build template config/builds/sorceress.blizzard.js into default.dbj
AutoBuild: Including build template config/builds/sorceress.blizzard.js into tools\autobuildthread.js
AutoBuild: Loaded helper thread
AutoBuild: Including build template config/builds/sorceress.blizzard.js into tools\party.js
AutoBuild: Including build template config/builds/sorceress.blizzard.js into tools\toolsthread.js
AutoBuild: Including build template config/builds/sorceress.blizzard.js into tools\townchicken.js
AutoBuild: Including build template config/builds/sorceress.blizzard.js into default.dbj
AutoBuild: Including build template config/builds/sorceress.blizzard.js into tools\autobuildthread.js
AutoBuild: Loaded helper thread
AutoBuild: Including build template config/builds/sorceress.blizzard.js into tools\party.js
AutoBuild: Including build template config/builds/sorceress.blizzard.js into tools\townchicken.js
AutoBuild: Including build template config/builds/sorceress.blizzard.js into tools\toolsthread.js
AutoBuild: Including build template config/builds/sorceress.blizzard.js into default.dbj
AutoBuild: Including build template config/builds/sorceress.blizzard.js into tools\autobuildthread.js
AutoBuild: Loaded helper thread
AutoBuild: Including build template config/builds/sorceress.blizzard.js into tools\party.js
AutoBuild: Including build template config/builds/sorceress.blizzard.js into tools\townchicken.js
AutoBuild: Including build template config/builds/sorceress.blizzard.js into tools\toolsthread.js
AutoBuild: Stat points: 10      Skill points: 5
AutoBuild: Level up detected ( 47 --> 48 )
AutoBuild: useSkillPoint(): Cold Mastery (65)
AutoBuild: Skill (1/1) Increased Cold Mastery (65) by one (level:  4)
AutoBuild: useStatPoint(0): Strength
AutoBuild: Stat (1/5) Increased Strength from 64 to 65
AutoBuild: useStatPoint(0): Strength
AutoBuild: Stat (2/5) Increased Strength from 65 to 66
AutoBuild: useStatPoint(1): Energy
AutoBuild: Stat (3/5) Increased Energy from 151 to 152
AutoBuild: useStatPoint(1): Energy
AutoBuild: Stat (4/5) Increased Energy from 152 to 153
AutoBuild: useStatPoint(3): Vitality
AutoBuild: Stat (5/5) Increased Vitality from 94 to 95
AutoBuild: Updating Config from level 47 to 48
AutoBuild: Incrementing cached character level to 48
AutoBuild: Stat points: 10      Skill points: 5
AutoBuild: Level up detected ( 48 --> 49 )
AutoBuild: useSkillPoint(): Cold Mastery (65)
AutoBuild: Skill (1/1) Increased Cold Mastery (65) by one (level:  5)
AutoBuild: useStatPoint(0): Strength
AutoBuild: Stat (1/5) Increased Strength from 66 to 67
AutoBuild: useStatPoint(0): Strength
AutoBuild: Stat (2/5) Increased Strength from 67 to 68
AutoBuild: useStatPoint(1): Energy
AutoBuild: Stat (3/5) Increased Energy from 142 to 143
AutoBuild: useStatPoint(1): Energy
AutoBuild: Stat (4/5) Increased Energy from 143 to 144
AutoBuild: useStatPoint(3): Vitality
AutoBuild: Stat (5/5) Increased Vitality from 95 to 96
AutoBuild: Updating Config from level 48 to 49
AutoBuild: Incrementing cached character level to 49
AutoBuild: Including build template config/builds/sorceress.blizzard.js into default.dbj
AutoBuild: Including build template config/builds/sorceress.blizzard.js into tools\autobuildthread.js
AutoBuild: Loaded helper thread
AutoBuild: Including build template config/builds/sorceress.blizzard.js into tools\party.js
AutoBuild: Including build template config/builds/sorceress.blizzard.js into tools\toolsthread.js
AutoBuild: Including build template config/builds/sorceress.blizzard.js into tools\townchicken.js
AutoBuild: Including build template config/builds/sorceress.blizzard.js into default.dbj
AutoBuild: Including build template config/builds/sorceress.blizzard.js into tools\autobuildthread.js
AutoBuild: Loaded helper thread
AutoBuild: Including build template config/builds/sorceress.blizzard.js into tools\party.js
AutoBuild: Including build template config/builds/sorceress.blizzard.js into tools\townchicken.js
AutoBuild: Including build template config/builds/sorceress.blizzard.js into tools\toolsthread.js
AutoBuild: Stat points: 10      Skill points: 5
AutoBuild: Level up detected ( 49 --> 50 )
AutoBuild: useSkillPoint(): Cold Mastery (65)
AutoBuild: Skill (1/1) Increased Cold Mastery (65) by one (level:  6)
AutoBuild: useStatPoint(0): Strength
AutoBuild: Stat (1/5) Increased Strength from 68 to 69
AutoBuild: useStatPoint(0): Strength
AutoBuild: Stat (2/5) Increased Strength from 69 to 70
AutoBuild: useStatPoint(1): Energy
AutoBuild: Stat (3/5) Increased Energy from 144 to 145
AutoBuild: useStatPoint(1): Energy
AutoBuild: Stat (4/5) Increased Energy from 145 to 146
AutoBuild: useStatPoint(3): Vitality
AutoBuild: Stat (5/5) Increased Vitality from 96 to 97
AutoBuild: Updating Config from level 49 to 50
AutoBuild: Incrementing cached character level to 50
AutoBuild: Including build template config/builds/sorceress.blizzard.js into default.dbj
AutoBuild: Including build template config/builds/sorceress.blizzard.js into tools\autobuildthread.js
AutoBuild: Loaded helper thread
AutoBuild: Including build template config/builds/sorceress.blizzard.js into tools\party.js
AutoBuild: Including build template config/builds/sorceress.blizzard.js into tools\townchicken.js
AutoBuild: Including build template config/builds/sorceress.blizzard.js into tools\toolsthread.js
AutoBuild: Including build template config/builds/sorceress.blizzard.js into default.dbj
AutoBuild: Including build template config/builds/sorceress.blizzard.js into tools\autobuildthread.js
AutoBuild: Loaded helper thread
AutoBuild: Including build template config/builds/sorceress.blizzard.js into tools\party.js
AutoBuild: Including build template config/builds/sorceress.blizzard.js into tools\toolsthread.js
AutoBuild: Including build template config/builds/sorceress.blizzard.js into tools\townchicken.js
AutoBuild: Stat points: 10      Skill points: 1
AutoBuild: Level up detected ( 50 --> 51 )
AutoBuild: useSkillPoint(): Cold Mastery (65)
AutoBuild: Skill (1/1) Increased Cold Mastery (65) by one (level:  9)
AutoBuild: useStatPoint(0): Strength
AutoBuild: Stat (1/5) Increased Strength from 70 to 71
AutoBuild: useStatPoint(0): Strength
AutoBuild: Stat (2/5) Increased Strength from 71 to 72
AutoBuild: useStatPoint(1): Energy
AutoBuild: Stat (3/5) Increased Energy from 146 to 147
AutoBuild: useStatPoint(1): Energy
AutoBuild: Stat (4/5) Increased Energy from 147 to 148
AutoBuild: useStatPoint(3): Vitality
AutoBuild: Stat (5/5) Increased Vitality from 97 to 98
AutoBuild: Updating Config from level 50 to 51
AutoBuild: Incrementing cached character level to 51
AutoBuild: Stat points: 10      Skill points: 1
AutoBuild: Level up detected ( 51 --> 52 )
AutoBuild: useSkillPoint(): Cold Mastery (65)
AutoBuild: Skill (1/1) Increased Cold Mastery (65) by one (level:  10)
AutoBuild: useStatPoint(0): Strength
AutoBuild: Stat (1/5) Increased Strength from 72 to 73
AutoBuild: useStatPoint(0): Strength
AutoBuild: Stat (2/5) Increased Strength from 73 to 74
AutoBuild: useStatPoint(1): Energy
AutoBuild: Stat (3/5) Increased Energy from 148 to 149
AutoBuild: useStatPoint(1): Energy
AutoBuild: Stat (4/5) Increased Energy from 149 to 150
AutoBuild: useStatPoint(3): Vitality
AutoBuild: Stat (5/5) Increased Vitality from 98 to 99
AutoBuild: Updating Config from level 51 to 52
AutoBuild: Incrementing cached character level to 52
AutoBuild: Stat points: 10      Skill points: 1
AutoBuild: Level up detected ( 52 --> 53 )
AutoBuild: useSkillPoint(): Cold Mastery (65)
AutoBuild: Skill (1/1) Increased Cold Mastery (65) by one (level:  11)
AutoBuild: useStatPoint(0): Strength
AutoBuild: Stat (1/5) Increased Strength from 74 to 75
AutoBuild: useStatPoint(0): Strength
AutoBuild: Stat (2/5) Increased Strength from 75 to 76
AutoBuild: useStatPoint(1): Energy
AutoBuild: Stat (3/5) Increased Energy from 150 to 151
AutoBuild: useStatPoint(1): Energy
AutoBuild: Stat (4/5) Increased Energy from 151 to 152
AutoBuild: useStatPoint(3): Vitality
AutoBuild: Stat (5/5) Increased Vitality from 99 to 100
AutoBuild: Updating Config from level 52 to 53
AutoBuild: Incrementing cached character level to 53
AutoBuild: Including build template config/builds/sorceress.blizzard.js into default.dbj
AutoBuild: Including build template config/builds/sorceress.blizzard.js into tools\autobuildthread.js
AutoBuild: Loaded helper thread
AutoBuild: Including build template config/builds/sorceress.blizzard.js into tools\party.js
AutoBuild: Including build template config/builds/sorceress.blizzard.js into tools\toolsthread.js
AutoBuild: Including build template config/builds/sorceress.blizzard.js into tools\townchicken.js
AutoBuild: Including build template config/builds/sorceress.blizzard.js into default.dbj
AutoBuild: Including build template config/builds/sorceress.blizzard.js into tools\autobuildthread.js
AutoBuild: Loaded helper thread
AutoBuild: Including build template config/builds/sorceress.blizzard.js into tools\party.js
AutoBuild: Including build template config/builds/sorceress.blizzard.js into tools\townchicken.js
AutoBuild: Including build template config/builds/sorceress.blizzard.js into tools\toolsthread.js
AutoBuild: Stat points: 10      Skill points: 1
AutoBuild: Level up detected ( 53 --> 54 )
AutoBuild: useSkillPoint(): Cold Mastery (65)
AutoBuild: Skill (1/1) Increased Cold Mastery (65) by one (level:  11)
AutoBuild: useStatPoint(0): Strength
AutoBuild: Stat (1/5) Increased Strength from 76 to 77
AutoBuild: useStatPoint(0): Strength
AutoBuild: Stat (2/5) Increased Strength from 77 to 78
AutoBuild: useStatPoint(1): Energy
AutoBuild: Stat (3/5) Increased Energy from 152 to 153
AutoBuild: useStatPoint(1): Energy
AutoBuild: Stat (4/5) Increased Energy from 153 to 154
AutoBuild: useStatPoint(3): Vitality
AutoBuild: Stat (5/5) Increased Vitality from 100 to 101
AutoBuild: Updating Config from level 53 to 54
AutoBuild: Incrementing cached character level to 54
AutoBuild: Stat points: 15      Skill points: 1
AutoBuild: Level up detected ( 54 --> 55 )
AutoBuild: useSkillPoint(): Cold Mastery (65)
AutoBuild: Skill (1/1) Increased Cold Mastery (65) by one (level:  12)
AutoBuild: useStatPoint(0): Strength
AutoBuild: Stat (1/5) Increased Strength from 78 to 79
AutoBuild: useStatPoint(0): Strength
AutoBuild: Stat (2/5) Increased Strength from 79 to 80
AutoBuild: useStatPoint(1): Energy
AutoBuild: Stat (3/5) Increased Energy from 154 to 155
AutoBuild: useStatPoint(1): Energy
AutoBuild: Stat (4/5) Increased Energy from 155 to 156
AutoBuild: useStatPoint(3): Vitality
AutoBuild: Stat (5/5) Increased Vitality from 101 to 102
AutoBuild: Updating Config from level 54 to 55
AutoBuild: Incrementing cached character level to 55
AutoBuild: Including build template config/builds/sorceress.blizzard.js into default.dbj
AutoBuild: Including build template config/builds/sorceress.blizzard.js into tools\autobuildthread.js
AutoBuild: Loaded helper thread
AutoBuild: Including build template config/builds/sorceress.blizzard.js into tools\party.js
AutoBuild: Including build template config/builds/sorceress.blizzard.js into tools\townchicken.js
AutoBuild: Including build template config/builds/sorceress.blizzard.js into tools\toolsthread.js
AutoBuild: Stat points: 15      Skill points: 1
AutoBuild: Level up detected ( 55 --> 56 )
AutoBuild: useSkillPoint(): Cold Mastery (65)
AutoBuild: Skill (1/1) Increased Cold Mastery (65) by one (level:  14)
AutoBuild: useStatPoint(0): Strength
AutoBuild: Stat (1/5) Increased Strength from 80 to 81
AutoBuild: useStatPoint(0): Strength
AutoBuild: Stat (2/5) Increased Strength from 81 to 82
AutoBuild: useStatPoint(1): Energy
AutoBuild: Stat (3/5) Increased Energy from 156 to 157
AutoBuild: useStatPoint(1): Energy
AutoBuild: Stat (4/5) Increased Energy from 157 to 158
AutoBuild: useStatPoint(3): Vitality
AutoBuild: Stat (5/5) Increased Vitality from 102 to 103
AutoBuild: Updating Config from level 55 to 56
AutoBuild: Incrementing cached character level to 56
AutoBuild: Including build template config/builds/sorceress.blizzard.js into default.dbj
AutoBuild: Including build template config/builds/sorceress.blizzard.js into tools\autobuildthread.js
AutoBuild: Loaded helper thread
AutoBuild: Including build template config/builds/sorceress.blizzard.js into tools\party.js
AutoBuild: Including build template config/builds/sorceress.blizzard.js into tools\townchicken.js
AutoBuild: Including build template config/builds/sorceress.blizzard.js into tools\toolsthread.js
AutoBuild: Including build template config/builds/sorceress.blizzard.js into default.dbj
AutoBuild: Including build template config/builds/sorceress.blizzard.js into tools\autobuildthread.js
AutoBuild: Loaded helper thread
AutoBuild: Including build template config/builds/sorceress.blizzard.js into tools\party.js
AutoBuild: Including build template config/builds/sorceress.blizzard.js into tools\toolsthread.js
AutoBuild: Including build template config/builds/sorceress.blizzard.js into tools\townchicken.js
AutoBuild: Including build template config/builds/sorceress.blizzard.js into default.dbj
AutoBuild: Including build template config/builds/sorceress.blizzard.js into tools\autobuildthread.js
AutoBuild: Loaded helper thread
AutoBuild: Including build template config/builds/sorceress.blizzard.js into tools\party.js
AutoBuild: Including build template config/builds/sorceress.blizzard.js into tools\townchicken.js
AutoBuild: Including build template config/builds/sorceress.blizzard.js into tools\toolsthread.js
AutoBuild: Stat points: 15      Skill points: 1
AutoBuild: Level up detected ( 56 --> 57 )
AutoBuild: useSkillPoint(): Cold Mastery (65)
AutoBuild: Skill (1/1) Increased Cold Mastery (65) by one (level:  15)
AutoBuild: useStatPoint(0): Strength
AutoBuild: Stat (1/5) Increased Strength from 82 to 83
AutoBuild: useStatPoint(0): Strength
AutoBuild: Stat (2/5) Increased Strength from 83 to 84
AutoBuild: useStatPoint(1): Energy
AutoBuild: Stat (3/5) Increased Energy from 158 to 159
AutoBuild: useStatPoint(1): Energy
AutoBuild: Stat (4/5) Increased Energy from 159 to 160
AutoBuild: useStatPoint(3): Vitality
AutoBuild: Stat (5/5) Increased Vitality from 103 to 104
AutoBuild: Updating Config from level 56 to 57
AutoBuild: Incrementing cached character level to 57
AutoBuild: Including build template config/builds/sorceress.blizzard.js into default.dbj
AutoBuild: Including build template config/builds/sorceress.blizzard.js into tools\autobuildthread.js
AutoBuild: Loaded helper thread
AutoBuild: Including build template config/builds/sorceress.blizzard.js into tools\party.js
AutoBuild: Including build template config/builds/sorceress.blizzard.js into tools\townchicken.js
AutoBuild: Including build template config/builds/sorceress.blizzard.js into tools\toolsthread.js
AutoBuild: Including build template config/builds/sorceress.blizzard.js into default.dbj
AutoBuild: Including build template config/builds/sorceress.blizzard.js into tools\autobuildthread.js
AutoBuild: Loaded helper thread
AutoBuild: Including build template config/builds/sorceress.blizzard.js into tools\party.js
AutoBuild: Including build template config/builds/sorceress.blizzard.js into tools\townchicken.js
AutoBuild: Including build template config/builds/sorceress.blizzard.js into tools\toolsthread.js
AutoBuild: Including build template config/builds/sorceress.blizzard.js into default.dbj
AutoBuild: Including build template config/builds/sorceress.blizzard.js into tools\autobuildthread.js
AutoBuild: Loaded helper thread
AutoBuild: Including build template config/builds/sorceress.blizzard.js into tools\party.js
AutoBuild: Including build template config/builds/sorceress.blizzard.js into tools\townchicken.js
AutoBuild: Including build template config/builds/sorceress.blizzard.js into tools\toolsthread.js
AutoBuild: Stat points: 15      Skill points: 1
AutoBuild: Level up detected ( 57 --> 58 )
AutoBuild: useSkillPoint(): Cold Mastery (65)
AutoBuild: Skill (1/1) Increased Cold Mastery (65) by one (level:  15)
AutoBuild: useStatPoint(0): Strength
AutoBuild: Stat (1/5) Increased Strength from 84 to 85
AutoBuild: useStatPoint(0): Strength
AutoBuild: Stat (2/5) Increased Strength from 85 to 86
AutoBuild: useStatPoint(1): Energy
AutoBuild: Stat (3/5) Increased Energy from 160 to 161
AutoBuild: useStatPoint(1): Energy
AutoBuild: Stat (4/5) Increased Energy from 161 to 162
AutoBuild: useStatPoint(3): Vitality
AutoBuild: Stat (5/5) Increased Vitality from 104 to 105
AutoBuild: Updating Config from level 57 to 58
AutoBuild: Incrementing cached character level to 58
AutoBuild: Stat points: 15      Skill points: 1
AutoBuild: Level up detected ( 58 --> 59 )
AutoBuild: useSkillPoint(): Cold Mastery (65)
AutoBuild: Skill (1/1) Increased Cold Mastery (65) by one (level:  17)
AutoBuild: useStatPoint(0): Strength
AutoBuild: Stat (1/5) Increased Strength from 86 to 87
AutoBuild: useStatPoint(0): Strength
AutoBuild: Stat (2/5) Increased Strength from 87 to 88
AutoBuild: useStatPoint(1): Energy
AutoBuild: Stat (3/5) Increased Energy from 162 to 163
AutoBuild: useStatPoint(1): Energy
AutoBuild: Stat (4/5) Increased Energy from 163 to 164
AutoBuild: useStatPoint(3): Vitality
AutoBuild: Stat (5/5) Increased Vitality from 105 to 106
AutoBuild: Updating Config from level 58 to 59
AutoBuild: Incrementing cached character level to 59
AutoBuild: Stat points: 15      Skill points: 3
AutoBuild: Level up detected ( 59 --> 60 )
AutoBuild: useSkillPoint(): Cold Mastery (65)
AutoBuild: Skill (1/1) Increased Cold Mastery (65) by one (level:  18)
AutoBuild: useStatPoint(0): Strength
AutoBuild: Stat (1/5) Increased Strength from 88 to 89
AutoBuild: useStatPoint(0): Strength
AutoBuild: Stat (2/5) Increased Strength from 89 to 90
AutoBuild: useStatPoint(1): Energy
AutoBuild: Stat (3/5) Increased Energy from 164 to 165
AutoBuild: useStatPoint(1): Energy
AutoBuild: Stat (4/5) Increased Energy from 165 to 166
AutoBuild: useStatPoint(3): Vitality
AutoBuild: Stat (5/5) Increased Vitality from 106 to 107
AutoBuild: Updating Config from level 59 to 60
AutoBuild: Incrementing cached character level to 60
AutoBuild: Including build template config/builds/sorceress.blizzard.js into default.dbj
AutoBuild: Including build template config/builds/sorceress.blizzard.js into tools\autobuildthread.js
AutoBuild: Loaded helper thread
AutoBuild: Including build template config/builds/sorceress.blizzard.js into tools\party.js
AutoBuild: Including build template config/builds/sorceress.blizzard.js into tools\townchicken.js
AutoBuild: Including build template config/builds/sorceress.blizzard.js into tools\toolsthread.js
