AutoBuild: Including build template config/builds/paladin.hammerdin.js into default.dbj
AutoBuild: Including build template config/builds/paladin.hammerdin.js into tools\autobuildthread.js
AutoBuild: Loaded helper thread
AutoBuild: Including build template config/builds/paladin.hammerdin.js into tools\party.js
AutoBuild: Including build template config/builds/paladin.hammerdin.js into tools\toolsthread.js
AutoBuild: Including build template config/builds/paladin.hammerdin.js into default.dbj
AutoBuild: Including build template config/builds/paladin.hammerdin.js into tools\autobuildthread.js
AutoBuild: Loaded helper thread
AutoBuild: Including build template config/builds/paladin.hammerdin.js into tools\party.js
AutoBuild: Including build template config/builds/paladin.hammerdin.js into tools\toolsthread.js
AutoBuild: Including build template config/builds/paladin.hammerdin.js into default.dbj
AutoBuild: Including build template config/builds/paladin.hammerdin.js into tools\autobuildthread.js
AutoBuild: Loaded helper thread
AutoBuild: Including build template config/builds/paladin.hammerdin.js into tools\party.js
AutoBuild: Including build template config/builds/paladin.hammerdin.js into tools\toolsthread.js
AutoBuild: Including build template config/builds/paladin.hammerdin.js into default.dbj
AutoBuild: Including build template config/builds/paladin.hammerdin.js into tools\autobuildthread.js
AutoBuild: Loaded helper thread
AutoBuild: Including build template config/builds/paladin.hammerdin.js into tools\party.js
AutoBuild: Including build template config/builds/paladin.hammerdin.js into tools\toolsthread.js
AutoBuild: Including build template config/builds/paladin.hammerdin.js into default.dbj
AutoBuild: Including build template config/builds/paladin.hammerdin.js into tools\autobuildthread.js
AutoBuild: Loaded helper thread
AutoBuild: Including build template config/builds/paladin.hammerdin.js into tools\party.js
AutoBuild: Including build template config/builds/paladin.hammerdin.js into tools\toolsthread.js
AutoBuild: Including build template config/builds/paladin.hammerdin.js into default.dbj
AutoBuild: Including build template config/builds/paladin.hammerdin.js into tools\autobuildthread.js
AutoBuild: Loaded helper thread
AutoBuild: Including build template config/builds/paladin.hammerdin.js into tools\party.js
AutoBuild: Including build template config/builds/paladin.hammerdin.js into tools\toolsthread.js
AutoBuild: Including build template config/builds/paladin.hammerdin.js into default.dbj
AutoBuild: Including build template config/builds/paladin.hammerdin.js into tools\autobuildthread.js
AutoBuild: Loaded helper thread
AutoBuild: Including build template config/builds/paladin.hammerdin.js into tools\party.js
AutoBuild: Including build template config/builds/paladin.hammerdin.js into tools\toolsthread.js
AutoBuild: Including build template config/builds/paladin.hammerdin.js into default.dbj
AutoBuild: Including build template config/builds/paladin.hammerdin.js into tools\autobuildthread.js
AutoBuild: Loaded helper thread
AutoBuild: Including build template config/builds/paladin.hammerdin.js into tools\party.js
AutoBuild: Including build template config/builds/paladin.hammerdin.js into tools\toolsthread.js
AutoBuild: Including build template config/builds/paladin.hammerdin.js into default.dbj
AutoBuild: Including build template config/builds/paladin.hammerdin.js into tools\autobuildthread.js
AutoBuild: Loaded helper thread
AutoBuild: Including build template config/builds/paladin.hammerdin.js into tools\party.js
AutoBuild: Including build template config/builds/paladin.hammerdin.js into tools\toolsthread.js
AutoBuild: Including build template config/builds/paladin.hammerdin.js into default.dbj
AutoBuild: Including build template config/builds/paladin.hammerdin.js into tools\autobuildthread.js
AutoBuild: Loaded helper thread
AutoBuild: Including build template config/builds/paladin.hammerdin.js into tools\party.js
AutoBuild: Including build template config/builds/paladin.hammerdin.js into tools\toolsthread.js
AutoBuild: Including build template config/builds/paladin.hammerdin.js into default.dbj
AutoBuild: Including build template config/builds/paladin.hammerdin.js into tools\autobuildthread.js
AutoBuild: Loaded helper thread
AutoBuild: Including build template config/builds/paladin.hammerdin.js into tools\party.js
AutoBuild: Including build template config/builds/paladin.hammerdin.js into tools\toolsthread.js
AutoBuild: Including build template config/builds/paladin.hammerdin.js into default.dbj
AutoBuild: Including build template config/builds/paladin.hammerdin.js into tools\autobuildthread.js
AutoBuild: Loaded helper thread
AutoBuild: Including build template config/builds/paladin.hammerdin.js into tools\party.js
AutoBuild: Including build template config/builds/paladin.hammerdin.js into tools\toolsthread.js
AutoBuild: Including build template config/builds/paladin.hammerdin.js into default.dbj
AutoBuild: Including build template config/builds/paladin.hammerdin.js into tools\autobuildthread.js
AutoBuild: Loaded helper thread
AutoBuild: Including build template config/builds/paladin.hammerdin.js into tools\party.js
AutoBuild: Including build template config/builds/paladin.hammerdin.js into tools\toolsthread.js
AutoBuild: Including build template config/builds/paladin.hammerdin.js into default.dbj
AutoBuild: Including build template config/builds/paladin.hammerdin.js into tools\autobuildthread.js
AutoBuild: Loaded helper thread
AutoBuild: Including build template config/builds/paladin.hammerdin.js into tools\party.js
AutoBuild: Including build template config/builds/paladin.hammerdin.js into tools\toolsthread.js
AutoBuild: Including build template config/builds/paladin.hammerdin.js into default.dbj
AutoBuild: Including build template config/builds/paladin.hammerdin.js into tools\autobuildthread.js
AutoBuild: Loaded helper thread
AutoBuild: Including build template config/builds/paladin.hammerdin.js into tools\party.js
AutoBuild: Including build template config/builds/paladin.hammerdin.js into tools\toolsthread.js
AutoBuild: Including build template config/builds/paladin.hammerdin.js into default.dbj
AutoBuild: Including build template config/builds/paladin.hammerdin.js into tools\autobuildthread.js
AutoBuild: Loaded helper thread
AutoBuild: Including build template config/builds/paladin.hammerdin.js into tools\party.js
AutoBuild: Including build template config/builds/paladin.hammerdin.js into tools\toolsthread.js
AutoBuild: Including build template config/builds/paladin.hammerdin.js into default.dbj
AutoBuild: Including build template config/builds/paladin.hammerdin.js into tools\autobuildthread.js
AutoBuild: Loaded helper thread
AutoBuild: Including build template config/builds/paladin.hammerdin.js into tools\party.js
AutoBuild: Including build template config/builds/paladin.hammerdin.js into tools\toolsthread.js
AutoBuild: Including build template config/builds/paladin.hammerdin.js into default.dbj
AutoBuild: Including build template config/builds/paladin.hammerdin.js into tools\autobuildthread.js
AutoBuild: Loaded helper thread
AutoBuild: Including build template config/builds/paladin.hammerdin.js into tools\party.js
AutoBuild: Including build template config/builds/paladin.hammerdin.js into tools\toolsthread.js
AutoBuild: Including build template config/builds/paladin.hammerdin.js into default.dbj
AutoBuild: Including build template config/builds/paladin.hammerdin.js into tools\autobuildthread.js
AutoBuild: Loaded helper thread
AutoBuild: Including build template config/builds/paladin.hammerdin.js into tools\party.js
AutoBuild: Including build template config/builds/paladin.hammerdin.js into tools\toolsthread.js
AutoBuild: Including build template config/builds/paladin.hammerdin.js into default.dbj
AutoBuild: Including build template config/builds/paladin.hammerdin.js into tools\autobuildthread.js
AutoBuild: Loaded helper thread
AutoBuild: Including build template config/builds/paladin.hammerdin.js into tools\party.js
AutoBuild: Including build template config/builds/paladin.hammerdin.js into tools\toolsthread.js
AutoBuild: Including build template config/builds/paladin.hammerdin.js into default.dbj
AutoBuild: Including build template config/builds/paladin.hammerdin.js into tools\autobuildthread.js
AutoBuild: Loaded helper thread
AutoBuild: Including build template config/builds/paladin.hammerdin.js into tools\party.js
AutoBuild: Including build template config/builds/paladin.hammerdin.js into tools\toolsthread.js
AutoBuild: Including build template config/builds/paladin.hammerdin.js into default.dbj
AutoBuild: Including build template config/builds/paladin.hammerdin.js into tools\autobuildthread.js
AutoBuild: Loaded helper thread
AutoBuild: Including build template config/builds/paladin.hammerdin.js into tools\party.js
AutoBuild: Including build template config/builds/paladin.hammerdin.js into tools\toolsthread.js
AutoBuild: Including build template config/builds/paladin.hammerdin.js into default.dbj
AutoBuild: Including build template config/builds/paladin.hammerdin.js into tools\autobuildthread.js
AutoBuild: Loaded helper thread
AutoBuild: Including build template config/builds/paladin.hammerdin.js into tools\party.js
AutoBuild: Including build template config/builds/paladin.hammerdin.js into tools\toolsthread.js
AutoBuild: Including build template config/builds/paladin.hammerdin.js into default.dbj
AutoBuild: Including build template config/builds/paladin.hammerdin.js into tools\autobuildthread.js
AutoBuild: Loaded helper thread
AutoBuild: Including build template config/builds/paladin.hammerdin.js into tools\party.js
AutoBuild: Including build template config/builds/paladin.hammerdin.js into tools\toolsthread.js
AutoBuild: Including build template config/builds/paladin.hammerdin.js into default.dbj
AutoBuild: Including build template config/builds/paladin.hammerdin.js into tools\autobuildthread.js
AutoBuild: Loaded helper thread
AutoBuild: Including build template config/builds/paladin.hammerdin.js into tools\party.js
AutoBuild: Including build template config/builds/paladin.hammerdin.js into tools\toolsthread.js
AutoBuild: Including build template config/builds/paladin.hammerdin.js into default.dbj
AutoBuild: Including build template config/builds/paladin.hammerdin.js into tools\autobuildthread.js
AutoBuild: Loaded helper thread
AutoBuild: Including build template config/builds/paladin.hammerdin.js into tools\party.js
AutoBuild: Including build template config/builds/paladin.hammerdin.js into tools\toolsthread.js
AutoBuild: Including build template config/builds/paladin.hammerdin.js into default.dbj
AutoBuild: Including build template config/builds/paladin.hammerdin.js into tools\autobuildthread.js
AutoBuild: Loaded helper thread
AutoBuild: Including build template config/builds/paladin.hammerdin.js into tools\party.js
AutoBuild: Including build template config/builds/paladin.hammerdin.js into tools\toolsthread.js
AutoBuild: Including build template config/builds/paladin.hammerdin.js into default.dbj
AutoBuild: Including build template config/builds/paladin.hammerdin.js into tools\autobuildthread.js
AutoBuild: Loaded helper thread
AutoBuild: Including build template config/builds/paladin.hammerdin.js into tools\party.js
AutoBuild: Including build template config/builds/paladin.hammerdin.js into tools\toolsthread.js
AutoBuild: Including build template config/builds/paladin.hammerdin.js into default.dbj
AutoBuild: Including build template config/builds/paladin.hammerdin.js into tools\autobuildthread.js
AutoBuild: Loaded helper thread
AutoBuild: Including build template config/builds/paladin.hammerdin.js into tools\party.js
AutoBuild: Including build template config/builds/paladin.hammerdin.js into tools\toolsthread.js
AutoBuild: Including build template config/builds/paladin.hammerdin.js into default.dbj
AutoBuild: Including build template config/builds/paladin.hammerdin.js into tools\autobuildthread.js
AutoBuild: Loaded helper thread
AutoBuild: Including build template config/builds/paladin.hammerdin.js into tools\party.js
AutoBuild: Including build template config/builds/paladin.hammerdin.js into tools\toolsthread.js
AutoBuild: Including build template config/builds/paladin.hammerdin.js into default.dbj
AutoBuild: Including build template config/builds/paladin.hammerdin.js into tools\autobuildthread.js
AutoBuild: Loaded helper thread
AutoBuild: Including build template config/builds/paladin.hammerdin.js into tools\party.js
AutoBuild: Including build template config/builds/paladin.hammerdin.js into tools\toolsthread.js
AutoBuild: Including build template config/builds/paladin.hammerdin.js into default.dbj
AutoBuild: Including build template config/builds/paladin.hammerdin.js into tools\autobuildthread.js
AutoBuild: Loaded helper thread
AutoBuild: Including build template config/builds/paladin.hammerdin.js into tools\party.js
AutoBuild: Including build template config/builds/paladin.hammerdin.js into tools\toolsthread.js
AutoBuild: Including build template config/builds/paladin.hammerdin.js into default.dbj
AutoBuild: Including build template config/builds/paladin.hammerdin.js into tools\autobuildthread.js
AutoBuild: Loaded helper thread
AutoBuild: Including build template config/builds/paladin.hammerdin.js into tools\party.js
AutoBuild: Including build template config/builds/paladin.hammerdin.js into tools\toolsthread.js
AutoBuild: Including build template config/builds/paladin.hammerdin.js into default.dbj
AutoBuild: Including build template config/builds/paladin.hammerdin.js into tools\autobuildthread.js
AutoBuild: Loaded helper thread
AutoBuild: Including build template config/builds/paladin.hammerdin.js into tools\party.js
AutoBuild: Including build template config/builds/paladin.hammerdin.js into tools\toolsthread.js
AutoBuild: Including build template config/builds/paladin.hammerdin.js into default.dbj
AutoBuild: Including build template config/builds/paladin.hammerdin.js into tools\autobuildthread.js
AutoBuild: Loaded helper thread
AutoBuild: Including build template config/builds/paladin.hammerdin.js into tools\party.js
AutoBuild: Including build template config/builds/paladin.hammerdin.js into tools\toolsthread.js
AutoBuild: Including build template config/builds/paladin.hammerdin.js into default.dbj
AutoBuild: Including build template config/builds/paladin.hammerdin.js into tools\autobuildthread.js
AutoBuild: Loaded helper thread
AutoBuild: Including build template config/builds/paladin.hammerdin.js into tools\party.js
AutoBuild: Including build template config/builds/paladin.hammerdin.js into tools\toolsthread.js
AutoBuild: Including build template config/builds/paladin.hammerdin.js into default.dbj
AutoBuild: Including build template config/builds/paladin.hammerdin.js into tools\autobuildthread.js
AutoBuild: Loaded helper thread
AutoBuild: Including build template config/builds/paladin.hammerdin.js into tools\party.js
AutoBuild: Including build template config/builds/paladin.hammerdin.js into tools\toolsthread.js
AutoBuild: Including build template config/builds/paladin.hammerdin.js into default.dbj
AutoBuild: Including build template config/builds/paladin.hammerdin.js into tools\autobuildthread.js
AutoBuild: Loaded helper thread
AutoBuild: Including build template config/builds/paladin.hammerdin.js into tools\party.js
AutoBuild: Including build template config/builds/paladin.hammerdin.js into tools\toolsthread.js
AutoBuild: Including build template config/builds/paladin.hammerdin.js into default.dbj
AutoBuild: Including build template config/builds/paladin.hammerdin.js into tools\autobuildthread.js
AutoBuild: Loaded helper thread
AutoBuild: Including build template config/builds/paladin.hammerdin.js into tools\party.js
AutoBuild: Including build template config/builds/paladin.hammerdin.js into tools\toolsthread.js
AutoBuild: Including build template config/builds/paladin.hammerdin.js into default.dbj
AutoBuild: Including build template config/builds/paladin.hammerdin.js into tools\autobuildthread.js
AutoBuild: Loaded helper thread
AutoBuild: Including build template config/builds/paladin.hammerdin.js into tools\party.js
AutoBuild: Including build template config/builds/paladin.hammerdin.js into tools\toolsthread.js
AutoBuild: Including build template config/builds/paladin.hammerdin.js into default.dbj
AutoBuild: Including build template config/builds/paladin.hammerdin.js into tools\autobuildthread.js
AutoBuild: Loaded helper thread
AutoBuild: Including build template config/builds/paladin.hammerdin.js into tools\party.js
AutoBuild: Including build template config/builds/paladin.hammerdin.js into tools\toolsthread.js
AutoBuild: Including build template config/builds/paladin.hammerdin.js into default.dbj
AutoBuild: Including build template config/builds/paladin.hammerdin.js into tools\autobuildthread.js
AutoBuild: Loaded helper thread
AutoBuild: Including build template config/builds/paladin.hammerdin.js into tools\party.js
AutoBuild: Including build template config/builds/paladin.hammerdin.js into tools\toolsthread.js
AutoBuild: Including build template config/builds/paladin.hammerdin.js into default.dbj
AutoBuild: Including build template config/builds/paladin.hammerdin.js into tools\autobuildthread.js
AutoBuild: Loaded helper thread
AutoBuild: Including build template config/builds/paladin.hammerdin.js into tools\party.js
AutoBuild: Including build template config/builds/paladin.hammerdin.js into tools\toolsthread.js
AutoBuild: Including build template config/builds/paladin.hammerdin.js into default.dbj
AutoBuild: Including build template config/builds/paladin.hammerdin.js into tools\autobuildthread.js
AutoBuild: Loaded helper thread
AutoBuild: Including build template config/builds/paladin.hammerdin.js into tools\party.js
AutoBuild: Including build template config/builds/paladin.hammerdin.js into tools\toolsthread.js
AutoBuild: Including build template config/builds/paladin.hammerdin.js into default.dbj
AutoBuild: Including build template config/builds/paladin.hammerdin.js into tools\autobuildthread.js
AutoBuild: Loaded helper thread
AutoBuild: Including build template config/builds/paladin.hammerdin.js into tools\party.js
AutoBuild: Including build template config/builds/paladin.hammerdin.js into tools\toolsthread.js
AutoBuild: Including build template config/builds/paladin.hammerdin.js into default.dbj
AutoBuild: Including build template config/builds/paladin.hammerdin.js into tools\autobuildthread.js
AutoBuild: Loaded helper thread
AutoBuild: Including build template config/builds/paladin.hammerdin.js into tools\party.js
AutoBuild: Including build template config/builds/paladin.hammerdin.js into tools\toolsthread.js
AutoBuild: Including build template config/builds/paladin.hammerdin.js into default.dbj
AutoBuild: Including build template config/builds/paladin.hammerdin.js into tools\autobuildthread.js
AutoBuild: Loaded helper thread
AutoBuild: Including build template config/builds/paladin.hammerdin.js into tools\party.js
AutoBuild: Including build template config/builds/paladin.hammerdin.js into tools\toolsthread.js
AutoBuild: Including build template config/builds/paladin.hammerdin.js into default.dbj
AutoBuild: Including build template config/builds/paladin.hammerdin.js into tools\autobuildthread.js
AutoBuild: Loaded helper thread
AutoBuild: Including build template config/builds/paladin.hammerdin.js into tools\party.js
AutoBuild: Including build template config/builds/paladin.hammerdin.js into tools\toolsthread.js
AutoBuild: Including build template config/builds/paladin.hammerdin.js into default.dbj
AutoBuild: Including build template config/builds/paladin.hammerdin.js into tools\autobuildthread.js
AutoBuild: Loaded helper thread
AutoBuild: Including build template config/builds/paladin.hammerdin.js into tools\party.js
AutoBuild: Including build template config/builds/paladin.hammerdin.js into tools\toolsthread.js
AutoBuild: Including build template config/builds/paladin.hammerdin.js into default.dbj
AutoBuild: Including build template config/builds/paladin.hammerdin.js into tools\autobuildthread.js
AutoBuild: Loaded helper thread
AutoBuild: Including build template config/builds/paladin.hammerdin.js into tools\party.js
AutoBuild: Including build template config/builds/paladin.hammerdin.js into tools\toolsthread.js
AutoBuild: Including build template config/builds/paladin.hammerdin.js into default.dbj
AutoBuild: Including build template config/builds/paladin.hammerdin.js into tools\autobuildthread.js
AutoBuild: Loaded helper thread
AutoBuild: Including build template config/builds/paladin.hammerdin.js into tools\party.js
AutoBuild: Including build template config/builds/paladin.hammerdin.js into tools\toolsthread.js
AutoBuild: Including build template config/builds/paladin.hammerdin.js into default.dbj
AutoBuild: Including build template config/builds/paladin.hammerdin.js into tools\autobuildthread.js
AutoBuild: Loaded helper thread
AutoBuild: Including build template config/builds/paladin.hammerdin.js into tools\party.js
AutoBuild: Including build template config/builds/paladin.hammerdin.js into tools\toolsthread.js
AutoBuild: Including build template config/builds/paladin.hammerdin.js into default.dbj
AutoBuild: Including build template config/builds/paladin.hammerdin.js into tools\autobuildthread.js
AutoBuild: Loaded helper thread
AutoBuild: Including build template config/builds/paladin.hammerdin.js into tools\party.js
AutoBuild: Including build template config/builds/paladin.hammerdin.js into tools\toolsthread.js
AutoBuild: Including build template config/builds/paladin.hammerdin.js into default.dbj
AutoBuild: Including build template config/builds/paladin.hammerdin.js into tools\autobuildthread.js
AutoBuild: Loaded helper thread
AutoBuild: Including build template config/builds/paladin.hammerdin.js into tools\party.js
AutoBuild: Including build template config/builds/paladin.hammerdin.js into tools\toolsthread.js
AutoBuild: Stat points: 10      Skill points: 2
AutoBuild: Level up detected ( 86 --> 87 )
AutoBuild: useSkillPoint(): Blessed Aim (108)
AutoBuild: Attempt to spend skill point 1 in Blessed Aim (108) may have failed!
AutoBuild: useStatPoint(0): Strength
AutoBuild: Stat (1/5) Increased Strength from 132 to 133
AutoBuild: useStatPoint(2): Dexterity
AutoBuild: Stat (2/5) Increased Dexterity from 107 to 108
AutoBuild: useStatPoint(3): Vitality
AutoBuild: Stat (3/5) Increased Vitality from 328 to 329
AutoBuild: useStatPoint(3): Vitality
AutoBuild: Stat (4/5) Increased Vitality from 329 to 330
AutoBuild: useStatPoint(3): Vitality
AutoBuild: Stat (5/5) Increased Vitality from 330 to 331
AutoBuild: Updating Config from level 86 to 87
AutoBuild: Incrementing cached character level to 87
AutoBuild: Including build template config/builds/paladin.hammerdin.js into default.dbj
AutoBuild: Including build template config/builds/paladin.hammerdin.js into tools\autobuildthread.js
AutoBuild: Loaded helper thread
AutoBuild: Including build template config/builds/paladin.hammerdin.js into tools\party.js
AutoBuild: Including build template config/builds/paladin.hammerdin.js into tools\toolsthread.js
AutoBuild: Including build template config/builds/paladin.hammerdin.js into default.dbj
AutoBuild: Including build template config/builds/paladin.hammerdin.js into tools\autobuildthread.js
AutoBuild: Loaded helper thread
AutoBuild: Including build template config/builds/paladin.hammerdin.js into tools\party.js
AutoBuild: Including build template config/builds/paladin.hammerdin.js into tools\toolsthread.js
AutoBuild: Including build template config/builds/paladin.hammerdin.js into default.dbj
AutoBuild: Including build template config/builds/paladin.hammerdin.js into tools\autobuildthread.js
AutoBuild: Loaded helper thread
AutoBuild: Including build template config/builds/paladin.hammerdin.js into tools\party.js
AutoBuild: Including build template config/builds/paladin.hammerdin.js into tools\toolsthread.js
AutoBuild: Including build template config/builds/paladin.hammerdin.js into default.dbj
AutoBuild: Including build template config/builds/paladin.hammerdin.js into tools\autobuildthread.js
AutoBuild: Loaded helper thread
AutoBuild: Including build template config/builds/paladin.hammerdin.js into tools\party.js
AutoBuild: Including build template config/builds/paladin.hammerdin.js into tools\toolsthread.js
AutoBuild: Including build template config/builds/paladin.hammerdin.js into default.dbj
AutoBuild: Including build template config/builds/paladin.hammerdin.js into tools\autobuildthread.js
AutoBuild: Loaded helper thread
AutoBuild: Including build template config/builds/paladin.hammerdin.js into tools\party.js
AutoBuild: Including build template config/builds/paladin.hammerdin.js into tools\toolsthread.js
AutoBuild: Including build template config/builds/paladin.hammerdin.js into default.dbj
AutoBuild: Including build template config/builds/paladin.hammerdin.js into tools\autobuildthread.js
AutoBuild: Loaded helper thread
AutoBuild: Including build template config/builds/paladin.hammerdin.js into tools\party.js
AutoBuild: Including build template config/builds/paladin.hammerdin.js into tools\toolsthread.js
AutoBuild: Including build template config/builds/paladin.hammerdin.js into default.dbj
AutoBuild: Including build template config/builds/paladin.hammerdin.js into tools\autobuildthread.js
AutoBuild: Loaded helper thread
AutoBuild: Including build template config/builds/paladin.hammerdin.js into tools\party.js
AutoBuild: Including build template config/builds/paladin.hammerdin.js into tools\toolsthread.js
AutoBuild: Including build template config/builds/paladin.hammerdin.js into default.dbj
AutoBuild: Including build template config/builds/paladin.hammerdin.js into tools\autobuildthread.js
AutoBuild: Loaded helper thread
AutoBuild: Including build template config/builds/paladin.hammerdin.js into tools\party.js
AutoBuild: Including build template config/builds/paladin.hammerdin.js into tools\toolsthread.js
AutoBuild: Including build template config/builds/paladin.hammerdin.js into default.dbj
AutoBuild: Including build template config/builds/paladin.hammerdin.js into tools\autobuildthread.js
AutoBuild: Loaded helper thread
AutoBuild: Including build template config/builds/paladin.hammerdin.js into tools\party.js
AutoBuild: Including build template config/builds/paladin.hammerdin.js into tools\toolsthread.js
AutoBuild: Including build template config/builds/paladin.hammerdin.js into default.dbj
AutoBuild: Including build template config/builds/paladin.hammerdin.js into tools\autobuildthread.js
AutoBuild: Loaded helper thread
AutoBuild: Including build template config/builds/paladin.hammerdin.js into tools\party.js
AutoBuild: Including build template config/builds/paladin.hammerdin.js into tools\toolsthread.js
AutoBuild: Including build template config/builds/paladin.hammerdin.js into default.dbj
AutoBuild: Including build template config/builds/paladin.hammerdin.js into tools\autobuildthread.js
AutoBuild: Loaded helper thread
AutoBuild: Including build template config/builds/paladin.hammerdin.js into tools\party.js
AutoBuild: Including build template config/builds/paladin.hammerdin.js into tools\toolsthread.js
AutoBuild: Including build template config/builds/paladin.hammerdin.js into default.dbj
AutoBuild: Including build template config/builds/paladin.hammerdin.js into tools\autobuildthread.js
AutoBuild: Loaded helper thread
AutoBuild: Including build template config/builds/paladin.hammerdin.js into tools\party.js
AutoBuild: Including build template config/builds/paladin.hammerdin.js into tools\toolsthread.js
AutoBuild: Including build template config/builds/paladin.hammerdin.js into default.dbj
AutoBuild: Including build template config/builds/paladin.hammerdin.js into tools\autobuildthread.js
AutoBuild: Loaded helper thread
AutoBuild: Including build template config/builds/paladin.hammerdin.js into tools\party.js
AutoBuild: Including build template config/builds/paladin.hammerdin.js into tools\toolsthread.js
AutoBuild: Including build template config/builds/paladin.hammerdin.js into default.dbj
AutoBuild: Including build template config/builds/paladin.hammerdin.js into tools\autobuildthread.js
AutoBuild: Loaded helper thread
AutoBuild: Including build template config/builds/paladin.hammerdin.js into tools\party.js
AutoBuild: Including build template config/builds/paladin.hammerdin.js into tools\toolsthread.js
