AutoBuild: Stat points: 10      Skill points: 2
AutoBuild: Level up detected ( 41 --> 42 )
AutoBuild: useSkillPoint(): Meteor (56)
AutoBuild: Skill (1/1) Increased Meteor (56) by one (level:  23)
AutoBuild: useStatPoint(0): Strength
AutoBuild: Stat (1/5) Increased Strength from 50 to 51
AutoBuild: useStatPoint(1): Energy
AutoBuild: Stat (2/5) Increased Energy from 125 to 126
AutoBuild: useStatPoint(1): Energy
AutoBuild: Stat (3/5) Increased Energy from 126 to 127
AutoBuild: useStatPoint(3): Vitality
AutoBuild: Stat (4/5) Increased Vitality from 90 to 91
AutoBuild: useStatPoint(3): Vitality
AutoBuild: Stat (5/5) Increased Vitality from 91 to 92
AutoBuild: Updating Config from level 41 to 42
AutoBuild: Incrementing cached character level to 42
AutoBuild: Including build template config/builds/sorceress.meteor.js into default.dbj
AutoBuild: Including build template config/builds/sorceress.meteor.js into tools\autobuildthread.js
AutoBuild: Loaded helper thread
AutoBuild: Including build template config/builds/sorceress.meteor.js into tools\party.js
AutoBuild: Including build template config/builds/sorceress.meteor.js into tools\toolsthread.js
AutoBuild: Including build template config/builds/sorceress.meteor.js into default.dbj
AutoBuild: Including build template config/builds/sorceress.meteor.js into tools\autobuildthread.js
AutoBuild: Loaded helper thread
AutoBuild: Including build template config/builds/sorceress.meteor.js into tools\party.js
AutoBuild: Including build template config/builds/sorceress.meteor.js into tools\toolsthread.js
AutoBuild: Including build template config/builds/sorceress.meteor.js into default.dbj
AutoBuild: Including build template config/builds/sorceress.meteor.js into tools\autobuildthread.js
AutoBuild: Loaded helper thread
AutoBuild: Including build template config/builds/sorceress.meteor.js into tools\party.js
AutoBuild: Including build template config/builds/sorceress.meteor.js into tools\toolsthread.js
AutoBuild: Stat points: 10      Skill points: 2
AutoBuild: Level up detected ( 42 --> 43 )
AutoBuild: useSkillPoint(): Meteor (56)
AutoBuild: Skill (1/1) Increased Meteor (56) by one (level:  24)
AutoBuild: useStatPoint(0): Strength
AutoBuild: Attempt to spend point 1 in Strength may have failed!
AutoBuild: useStatPoint(1): Energy
AutoBuild: Attempt to spend point 2 in Energy may have failed!
AutoBuild: useStatPoint(1): Energy
AutoBuild: Stat (3/5) Increased Energy from 128 to 129
AutoBuild: useStatPoint(3): Vitality
AutoBuild: Stat (4/5) Increased Vitality from 92 to 93
AutoBuild: useStatPoint(3): Vitality
AutoBuild: Stat (5/5) Increased Vitality from 93 to 94
AutoBuild: Updating Config from level 42 to 43
AutoBuild: Incrementing cached character level to 43
