AutoBuild: Stat points: 11      Skill points: 4
AutoBuild: Level up detected ( 14 --> 15 )
AutoBuild: useSkillPoint(): Shout (138)
AutoBuild: Skill (1/1) Increased Shout (138) by one (level:  9)
AutoBuild: useStatPoint(0): Strength
AutoBuild: Stat (1/5) Increased Strength from 41 to 42
AutoBuild: useStatPoint(3): Vitality
AutoBuild: Stat (2/5) Increased Vitality from 73 to 74
AutoBuild: useStatPoint(3): Vitality
AutoBuild: Stat (3/5) Increased Vitality from 74 to 75
AutoBuild: useStatPoint(3): Vitality
AutoBuild: Stat (4/5) Increased Vitality from 75 to 76
AutoBuild: useStatPoint(3): Vitality
AutoBuild: Stat (5/5) Increased Vitality from 76 to 77
AutoBuild: Updating Config from level 14 to 15
AutoBuild: Incrementing cached character level to 15
AutoBuild: Including build template config/builds/barbarian.singer.js into default.dbj
AutoBuild: Including build template config/builds/barbarian.singer.js into tools\autobuildthread.js
AutoBuild: Loaded helper thread
AutoBuild: Including build template config/builds/barbarian.singer.js into tools\party.js
AutoBuild: Including build template config/builds/barbarian.singer.js into tools\toolsthread.js
AutoBuild: Stat points: 11      Skill points: 4
AutoBuild: Level up detected ( 15 --> 16 )
AutoBuild: useSkillPoint(): Shout (138)
AutoBuild: Skill (1/1) Increased Shout (138) by one (level:  10)
AutoBuild: useStatPoint(0): Strength
AutoBuild: Stat (1/5) Increased Strength from 42 to 43
AutoBuild: useStatPoint(3): Vitality
AutoBuild: Stat (2/5) Increased Vitality from 77 to 78
AutoBuild: useStatPoint(3): Vitality
AutoBuild: Stat (3/5) Increased Vitality from 78 to 79
AutoBuild: useStatPoint(3): Vitality
AutoBuild: Stat (4/5) Increased Vitality from 79 to 80
AutoBuild: useStatPoint(3): Vitality
AutoBuild: Stat (5/5) Increased Vitality from 80 to 81
AutoBuild: Updating Config from level 15 to 16
AutoBuild: Incrementing cached character level to 16
AutoBuild: Stat points: 11      Skill points: 4
AutoBuild: Level up detected ( 16 --> 17 )
AutoBuild: useSkillPoint(): Shout (138)
AutoBuild: Skill (1/1) Increased Shout (138) by one (level:  11)
AutoBuild: useStatPoint(0): Strength
AutoBuild: Stat (1/5) Increased Strength from 43 to 44
AutoBuild: useStatPoint(3): Vitality
AutoBuild: Stat (2/5) Increased Vitality from 81 to 82
AutoBuild: useStatPoint(3): Vitality
AutoBuild: Stat (3/5) Increased Vitality from 82 to 83
AutoBuild: useStatPoint(3): Vitality
AutoBuild: Stat (4/5) Increased Vitality from 83 to 84
AutoBuild: useStatPoint(3): Vitality
AutoBuild: Stat (5/5) Increased Vitality from 84 to 85
AutoBuild: Updating Config from level 16 to 17
AutoBuild: Incrementing cached character level to 17
AutoBuild: Stat points: 11      Skill points: 4
AutoBuild: Level up detected ( 17 --> 18 )
AutoBuild: useSkillPoint(): Shout (138)
AutoBuild: Skill (1/1) Increased Shout (138) by one (level:  12)
AutoBuild: useStatPoint(0): Strength
AutoBuild: Stat (1/5) Increased Strength from 44 to 45
AutoBuild: useStatPoint(3): Vitality
AutoBuild: Stat (2/5) Increased Vitality from 85 to 86
AutoBuild: useStatPoint(3): Vitality
AutoBuild: Stat (3/5) Increased Vitality from 86 to 87
AutoBuild: useStatPoint(3): Vitality
AutoBuild: Stat (4/5) Increased Vitality from 87 to 88
AutoBuild: useStatPoint(3): Vitality
AutoBuild: Stat (5/5) Increased Vitality from 88 to 89
AutoBuild: Updating Config from level 17 to 18
AutoBuild: Incrementing cached character level to 18
AutoBuild: Including build template config/builds/barbarian.singer.js into default.dbj
AutoBuild: Including build template config/builds/barbarian.singer.js into tools\autobuildthread.js
AutoBuild: Loaded helper thread
AutoBuild: Including build template config/builds/barbarian.singer.js into tools\party.js
AutoBuild: Including build template config/builds/barbarian.singer.js into tools\toolsthread.js
AutoBuild: Including build template config/builds/barbarian.singer.js into default.dbj
AutoBuild: Including build template config/builds/barbarian.singer.js into tools\autobuildthread.js
AutoBuild: Loaded helper thread
AutoBuild: Including build template config/builds/barbarian.singer.js into tools\party.js
AutoBuild: Including build template config/builds/barbarian.singer.js into tools\toolsthread.js
AutoBuild: Stat points: 11      Skill points: 4
AutoBuild: Level up detected ( 18 --> 19 )
AutoBuild: useSkillPoint(): Iron Skin (145)
AutoBuild: Skill (1/1) Increased Iron Skin (145) by one (level:  1)
AutoBuild: useStatPoint(0): Strength
AutoBuild: Stat (1/5) Increased Strength from 45 to 46
AutoBuild: useStatPoint(3): Vitality
AutoBuild: Stat (2/5) Increased Vitality from 89 to 90
AutoBuild: useStatPoint(3): Vitality
AutoBuild: Stat (3/5) Increased Vitality from 90 to 91
AutoBuild: useStatPoint(3): Vitality
AutoBuild: Stat (4/5) Increased Vitality from 91 to 92
AutoBuild: useStatPoint(3): Vitality
AutoBuild: Stat (5/5) Increased Vitality from 92 to 93
AutoBuild: Updating Config from level 18 to 19
AutoBuild: Incrementing cached character level to 19
AutoBuild: Including build template config/builds/barbarian.singer.js into default.dbj
AutoBuild: Including build template config/builds/barbarian.singer.js into tools\autobuildthread.js
AutoBuild: Loaded helper thread
AutoBuild: Including build template config/builds/barbarian.singer.js into tools\party.js
AutoBuild: Including build template config/builds/barbarian.singer.js into tools\toolsthread.js
AutoBuild: Stat points: 11      Skill points: 4
AutoBuild: Level up detected ( 19 --> 20 )
AutoBuild: useSkillPoint(): Battle Cry (146)
AutoBuild: Skill (1/1) Increased Battle Cry (146) by one (level:  1)
AutoBuild: useStatPoint(0): Strength
AutoBuild: Stat (1/5) Increased Strength from 46 to 47
AutoBuild: useStatPoint(3): Vitality
AutoBuild: Stat (2/5) Increased Vitality from 93 to 94
AutoBuild: useStatPoint(3): Vitality
AutoBuild: Stat (3/5) Increased Vitality from 94 to 95
AutoBuild: useStatPoint(3): Vitality
AutoBuild: Stat (4/5) Increased Vitality from 95 to 96
AutoBuild: useStatPoint(3): Vitality
AutoBuild: Stat (5/5) Increased Vitality from 96 to 97
AutoBuild: Updating Config from level 19 to 20
AutoBuild: Incrementing cached character level to 20
AutoBuild: Including build template config/builds/barbarian.singer.js into default.dbj
AutoBuild: Including build template config/builds/barbarian.singer.js into tools\autobuildthread.js
AutoBuild: Loaded helper thread
AutoBuild: Including build template config/builds/barbarian.singer.js into tools\party.js
AutoBuild: Including build template config/builds/barbarian.singer.js into tools\toolsthread.js
AutoBuild: Stat points: 11      Skill points: 4
AutoBuild: Level up detected ( 20 --> 21 )
AutoBuild: useSkillPoint(): Shout (138)
AutoBuild: Skill (1/1) Increased Shout (138) by one (level:  13)
AutoBuild: useStatPoint(0): Strength
AutoBuild: Stat (1/5) Increased Strength from 47 to 48
AutoBuild: useStatPoint(3): Vitality
AutoBuild: Stat (2/5) Increased Vitality from 97 to 98
AutoBuild: useStatPoint(3): Vitality
AutoBuild: Stat (3/5) Increased Vitality from 98 to 99
AutoBuild: useStatPoint(3): Vitality
AutoBuild: Stat (4/5) Increased Vitality from 99 to 100
AutoBuild: useStatPoint(3): Vitality
AutoBuild: Stat (5/5) Increased Vitality from 100 to 101
AutoBuild: Updating Config from level 20 to 21
AutoBuild: Incrementing cached character level to 21
AutoBuild: Stat points: 11      Skill points: 4
AutoBuild: Level up detected ( 21 --> 22 )
AutoBuild: useSkillPoint(): Shout (138)
AutoBuild: Skill (1/1) Increased Shout (138) by one (level:  14)
AutoBuild: useStatPoint(0): Strength
AutoBuild: Stat (1/5) Increased Strength from 48 to 49
AutoBuild: useStatPoint(3): Vitality
AutoBuild: Stat (2/5) Increased Vitality from 101 to 102
AutoBuild: useStatPoint(3): Vitality
AutoBuild: Stat (3/5) Increased Vitality from 102 to 103
AutoBuild: useStatPoint(3): Vitality
AutoBuild: Stat (4/5) Increased Vitality from 103 to 104
AutoBuild: useStatPoint(3): Vitality
AutoBuild: Stat (5/5) Increased Vitality from 104 to 105
AutoBuild: Updating Config from level 21 to 22
AutoBuild: Incrementing cached character level to 22
AutoBuild: Including build template config/builds/barbarian.singer.js into default.dbj
AutoBuild: Including build template config/builds/barbarian.singer.js into tools\autobuildthread.js
AutoBuild: Loaded helper thread
AutoBuild: Including build template config/builds/barbarian.singer.js into tools\party.js
AutoBuild: Including build template config/builds/barbarian.singer.js into tools\toolsthread.js
AutoBuild: Stat points: 11      Skill points: 4
AutoBuild: Level up detected ( 22 --> 23 )
AutoBuild: useSkillPoint(): Shout (138)
AutoBuild: Skill (1/1) Increased Shout (138) by one (level:  15)
AutoBuild: useStatPoint(0): Strength
AutoBuild: Stat (1/5) Increased Strength from 49 to 50
AutoBuild: useStatPoint(3): Vitality
AutoBuild: Stat (2/5) Increased Vitality from 105 to 106
AutoBuild: useStatPoint(3): Vitality
AutoBuild: Stat (3/5) Increased Vitality from 106 to 107
AutoBuild: useStatPoint(3): Vitality
AutoBuild: Stat (4/5) Increased Vitality from 107 to 108
AutoBuild: useStatPoint(3): Vitality
AutoBuild: Stat (5/5) Increased Vitality from 108 to 109
AutoBuild: Updating Config from level 22 to 23
AutoBuild: Incrementing cached character level to 23
AutoBuild: Including build template config/builds/barbarian.singer.js into default.dbj
AutoBuild: Including build template config/builds/barbarian.singer.js into tools\autobuildthread.js
AutoBuild: Loaded helper thread
AutoBuild: Including build template config/builds/barbarian.singer.js into tools\party.js
AutoBuild: Including build template config/builds/barbarian.singer.js into tools\toolsthread.js
AutoBuild: Including build template config/builds/barbarian.singer.js into default.dbj
AutoBuild: Including build template config/builds/barbarian.singer.js into tools\autobuildthread.js
AutoBuild: Loaded helper thread
AutoBuild: Including build template config/builds/barbarian.singer.js into tools\party.js
AutoBuild: Including build template config/builds/barbarian.singer.js into tools\toolsthread.js
AutoBuild: Including build template config/builds/barbarian.singer.js into default.dbj
AutoBuild: Including build template config/builds/barbarian.singer.js into tools\autobuildthread.js
AutoBuild: Loaded helper thread
AutoBuild: Including build template config/builds/barbarian.singer.js into tools\party.js
AutoBuild: Including build template config/builds/barbarian.singer.js into tools\toolsthread.js
AutoBuild: Including build template config/builds/barbarian.singer.js into default.dbj
AutoBuild: Including build template config/builds/barbarian.singer.js into tools\autobuildthread.js
AutoBuild: Loaded helper thread
AutoBuild: Including build template config/builds/barbarian.singer.js into tools\party.js
AutoBuild: Including build template config/builds/barbarian.singer.js into tools\toolsthread.js
AutoBuild: Including build template config/builds/barbarian.singer.js into default.dbj
AutoBuild: Including build template config/builds/barbarian.singer.js into tools\autobuildthread.js
AutoBuild: Loaded helper thread
AutoBuild: Including build template config/builds/barbarian.singer.js into tools\party.js
AutoBuild: Including build template config/builds/barbarian.singer.js into tools\toolsthread.js
AutoBuild: Including build template config/builds/barbarian.singer.js into default.dbj
AutoBuild: Including build template config/builds/barbarian.singer.js into tools\autobuildthread.js
AutoBuild: Loaded helper thread
AutoBuild: Including build template config/builds/barbarian.singer.js into tools\party.js
AutoBuild: Including build template config/builds/barbarian.singer.js into tools\toolsthread.js
AutoBuild: Stat points: 11      Skill points: 4
AutoBuild: Level up detected ( 23 --> 24 )
AutoBuild: useSkillPoint(): Battle Orders (149)
AutoBuild: Skill (1/1) Increased Battle Orders (149) by one (level:  1)
AutoBuild: useStatPoint(0): Strength
AutoBuild: Stat (1/5) Increased Strength from 50 to 51
AutoBuild: useStatPoint(3): Vitality
AutoBuild: Attempt to spend point 2 in Vitality may have failed!
AutoBuild: useStatPoint(3): Vitality
AutoBuild: Attempt to spend point 3 in Vitality may have failed!
AutoBuild: useStatPoint(3): Vitality
AutoBuild: Stat (4/5) Increased Vitality from 111 to 112
AutoBuild: useStatPoint(3): Vitality
AutoBuild: Stat (5/5) Increased Vitality from 112 to 113
AutoBuild: Updating Config from level 23 to 24
AutoBuild: Incrementing cached character level to 24
AutoBuild: Including build template config/builds/barbarian.singer.js into default.dbj
AutoBuild: Including build template config/builds/barbarian.singer.js into tools\autobuildthread.js
AutoBuild: Loaded helper thread
AutoBuild: Including build template config/builds/barbarian.singer.js into tools\party.js
AutoBuild: Including build template config/builds/barbarian.singer.js into tools\toolsthread.js
AutoBuild: Including build template config/builds/barbarian.singer.js into default.dbj
AutoBuild: Including build template config/builds/barbarian.singer.js into tools\autobuildthread.js
AutoBuild: Loaded helper thread
AutoBuild: Including build template config/builds/barbarian.singer.js into tools\party.js
AutoBuild: Including build template config/builds/barbarian.singer.js into tools\toolsthread.js
AutoBuild: Stat points: 11      Skill points: 4
AutoBuild: Level up detected ( 24 --> 25 )
AutoBuild: useSkillPoint(): Battle Orders (149)
AutoBuild: Skill (1/1) Increased Battle Orders (149) by one (level:  2)
AutoBuild: useStatPoint(0): Strength
AutoBuild: Stat (1/5) Increased Strength from 51 to 52
AutoBuild: useStatPoint(3): Vitality
AutoBuild: Stat (2/5) Increased Vitality from 113 to 114
AutoBuild: useStatPoint(3): Vitality
AutoBuild: Stat (3/5) Increased Vitality from 114 to 115
AutoBuild: useStatPoint(3): Vitality
AutoBuild: Stat (4/5) Increased Vitality from 115 to 116
AutoBuild: useStatPoint(3): Vitality
AutoBuild: Stat (5/5) Increased Vitality from 116 to 117
AutoBuild: Updating Config from level 24 to 25
AutoBuild: Incrementing cached character level to 25
AutoBuild: Including build template config/builds/barbarian.singer.js into default.dbj
AutoBuild: Including build template config/builds/barbarian.singer.js into tools\autobuildthread.js
AutoBuild: Loaded helper thread
AutoBuild: Including build template config/builds/barbarian.singer.js into tools\party.js
AutoBuild: Including build template config/builds/barbarian.singer.js into tools\toolsthread.js
AutoBuild: Including build template config/builds/barbarian.singer.js into default.dbj
AutoBuild: Including build template config/builds/barbarian.singer.js into tools\autobuildthread.js
AutoBuild: Loaded helper thread
AutoBuild: Including build template config/builds/barbarian.singer.js into tools\party.js
AutoBuild: Including build template config/builds/barbarian.singer.js into tools\toolsthread.js
AutoBuild: Including build template config/builds/barbarian.singer.js into default.dbj
AutoBuild: Including build template config/builds/barbarian.singer.js into tools\autobuildthread.js
AutoBuild: Loaded helper thread
AutoBuild: Including build template config/builds/barbarian.singer.js into tools\party.js
AutoBuild: Including build template config/builds/barbarian.singer.js into tools\toolsthread.js
AutoBuild: Including build template config/builds/barbarian.singer.js into default.dbj
AutoBuild: Including build template config/builds/barbarian.singer.js into tools\autobuildthread.js
AutoBuild: Loaded helper thread
AutoBuild: Including build template config/builds/barbarian.singer.js into tools\party.js
AutoBuild: Including build template config/builds/barbarian.singer.js into tools\toolsthread.js
AutoBuild: Stat points: 11      Skill points: 4
AutoBuild: Level up detected ( 25 --> 26 )
AutoBuild: useSkillPoint(): Battle Orders (149)
AutoBuild: Skill (1/1) Increased Battle Orders (149) by one (level:  3)
AutoBuild: useStatPoint(0): Strength
AutoBuild: Stat (1/5) Increased Strength from 53 to 54
AutoBuild: useStatPoint(3): Vitality
AutoBuild: Stat (2/5) Increased Vitality from 117 to 118
AutoBuild: useStatPoint(3): Vitality
AutoBuild: Stat (3/5) Increased Vitality from 118 to 119
AutoBuild: useStatPoint(3): Vitality
AutoBuild: Stat (4/5) Increased Vitality from 119 to 120
AutoBuild: useStatPoint(3): Vitality
AutoBuild: Stat (5/5) Increased Vitality from 120 to 121
AutoBuild: Updating Config from level 25 to 26
AutoBuild: Incrementing cached character level to 26
AutoBuild: Including build template config/builds/barbarian.singer.js into default.dbj
AutoBuild: Including build template config/builds/barbarian.singer.js into tools\autobuildthread.js
AutoBuild: Loaded helper thread
AutoBuild: Including build template config/builds/barbarian.singer.js into tools\party.js
AutoBuild: Including build template config/builds/barbarian.singer.js into tools\toolsthread.js
AutoBuild: Including build template config/builds/barbarian.singer.js into default.dbj
AutoBuild: Including build template config/builds/barbarian.singer.js into tools\autobuildthread.js
AutoBuild: Loaded helper thread
AutoBuild: Including build template config/builds/barbarian.singer.js into tools\party.js
AutoBuild: Including build template config/builds/barbarian.singer.js into tools\toolsthread.js
AutoBuild: Including build template config/builds/barbarian.singer.js into default.dbj
AutoBuild: Including build template config/builds/barbarian.singer.js into tools\autobuildthread.js
AutoBuild: Loaded helper thread
AutoBuild: Including build template config/builds/barbarian.singer.js into tools\party.js
AutoBuild: Including build template config/builds/barbarian.singer.js into tools\toolsthread.js
AutoBuild: Including build template config/builds/barbarian.singer.js into default.dbj
AutoBuild: Including build template config/builds/barbarian.singer.js into tools\autobuildthread.js
AutoBuild: Loaded helper thread
AutoBuild: Including build template config/builds/barbarian.singer.js into tools\party.js
AutoBuild: Including build template config/builds/barbarian.singer.js into tools\toolsthread.js
AutoBuild: Stat points: 11      Skill points: 4
AutoBuild: Level up detected ( 26 --> 27 )
AutoBuild: useSkillPoint(): Battle Orders (149)
AutoBuild: Skill (1/1) Increased Battle Orders (149) by one (level:  4)
AutoBuild: useStatPoint(0): Strength
AutoBuild: Stat (1/5) Increased Strength from 54 to 55
AutoBuild: useStatPoint(3): Vitality
AutoBuild: Stat (2/5) Increased Vitality from 121 to 122
AutoBuild: useStatPoint(3): Vitality
AutoBuild: Stat (3/5) Increased Vitality from 122 to 123
AutoBuild: useStatPoint(3): Vitality
AutoBuild: Stat (4/5) Increased Vitality from 123 to 124
AutoBuild: useStatPoint(3): Vitality
AutoBuild: Stat (5/5) Increased Vitality from 124 to 125
AutoBuild: Updating Config from level 26 to 27
AutoBuild: Incrementing cached character level to 27
AutoBuild: Including build template config/builds/barbarian.singer.js into default.dbj
AutoBuild: Including build template config/builds/barbarian.singer.js into tools\autobuildthread.js
AutoBuild: Loaded helper thread
AutoBuild: Including build template config/builds/barbarian.singer.js into tools\party.js
AutoBuild: Including build template config/builds/barbarian.singer.js into tools\toolsthread.js
AutoBuild: Including build template config/builds/barbarian.singer.js into default.dbj
AutoBuild: Including build template config/builds/barbarian.singer.js into tools\autobuildthread.js
AutoBuild: Loaded helper thread
AutoBuild: Including build template config/builds/barbarian.singer.js into tools\party.js
AutoBuild: Including build template config/builds/barbarian.singer.js into tools\toolsthread.js
AutoBuild: Including build template config/builds/barbarian.singer.js into default.dbj
AutoBuild: Including build template config/builds/barbarian.singer.js into tools\autobuildthread.js
AutoBuild: Loaded helper thread
AutoBuild: Including build template config/builds/barbarian.singer.js into tools\party.js
AutoBuild: Including build template config/builds/barbarian.singer.js into tools\toolsthread.js
AutoBuild: Including build template config/builds/barbarian.singer.js into default.dbj
AutoBuild: Including build template config/builds/barbarian.singer.js into tools\autobuildthread.js
AutoBuild: Loaded helper thread
AutoBuild: Including build template config/builds/barbarian.singer.js into tools\party.js
AutoBuild: Including build template config/builds/barbarian.singer.js into tools\toolsthread.js
AutoBuild: Including build template config/builds/barbarian.singer.js into default.dbj
AutoBuild: Including build template config/builds/barbarian.singer.js into tools\autobuildthread.js
AutoBuild: Loaded helper thread
AutoBuild: Including build template config/builds/barbarian.singer.js into tools\party.js
AutoBuild: Including build template config/builds/barbarian.singer.js into tools\toolsthread.js
AutoBuild: Including build template config/builds/barbarian.singer.js into default.dbj
AutoBuild: Including build template config/builds/barbarian.singer.js into tools\autobuildthread.js
AutoBuild: Loaded helper thread
AutoBuild: Including build template config/builds/barbarian.singer.js into tools\party.js
AutoBuild: Including build template config/builds/barbarian.singer.js into tools\toolsthread.js
AutoBuild: Including build template config/builds/barbarian.singer.js into default.dbj
AutoBuild: Including build template config/builds/barbarian.singer.js into tools\autobuildthread.js
AutoBuild: Loaded helper thread
AutoBuild: Including build template config/builds/barbarian.singer.js into tools\party.js
AutoBuild: Including build template config/builds/barbarian.singer.js into tools\toolsthread.js
AutoBuild: Including build template config/builds/barbarian.singer.js into default.dbj
AutoBuild: Including build template config/builds/barbarian.singer.js into tools\autobuildthread.js
AutoBuild: Loaded helper thread
AutoBuild: Including build template config/builds/barbarian.singer.js into tools\party.js
AutoBuild: Including build template config/builds/barbarian.singer.js into tools\toolsthread.js
AutoBuild: Including build template config/builds/barbarian.singer.js into default.dbj
AutoBuild: Including build template config/builds/barbarian.singer.js into tools\autobuildthread.js
AutoBuild: Loaded helper thread
AutoBuild: Including build template config/builds/barbarian.singer.js into tools\party.js
AutoBuild: Including build template config/builds/barbarian.singer.js into tools\toolsthread.js
AutoBuild: Including build template config/builds/barbarian.singer.js into default.dbj
AutoBuild: Including build template config/builds/barbarian.singer.js into tools\autobuildthread.js
AutoBuild: Loaded helper thread
AutoBuild: Including build template config/builds/barbarian.singer.js into tools\party.js
AutoBuild: Including build template config/builds/barbarian.singer.js into tools\toolsthread.js
AutoBuild: Including build template config/builds/barbarian.singer.js into default.dbj
AutoBuild: Including build template config/builds/barbarian.singer.js into tools\autobuildthread.js
AutoBuild: Loaded helper thread
AutoBuild: Including build template config/builds/barbarian.singer.js into tools\party.js
AutoBuild: Including build template config/builds/barbarian.singer.js into tools\toolsthread.js
AutoBuild: Including build template config/builds/barbarian.singer.js into default.dbj
AutoBuild: Including build template config/builds/barbarian.singer.js into tools\autobuildthread.js
AutoBuild: Loaded helper thread
AutoBuild: Including build template config/builds/barbarian.singer.js into tools\party.js
AutoBuild: Including build template config/builds/barbarian.singer.js into tools\toolsthread.js
AutoBuild: Including build template config/builds/barbarian.singer.js into default.dbj
AutoBuild: Including build template config/builds/barbarian.singer.js into tools\autobuildthread.js
AutoBuild: Loaded helper thread
AutoBuild: Including build template config/builds/barbarian.singer.js into tools\party.js
AutoBuild: Including build template config/builds/barbarian.singer.js into tools\toolsthread.js
AutoBuild: Including build template config/builds/barbarian.singer.js into default.dbj
AutoBuild: Including build template config/builds/barbarian.singer.js into tools\autobuildthread.js
AutoBuild: Loaded helper thread
AutoBuild: Including build template config/builds/barbarian.singer.js into tools\party.js
AutoBuild: Including build template config/builds/barbarian.singer.js into tools\toolsthread.js
AutoBuild: Including build template config/builds/barbarian.singer.js into default.dbj
AutoBuild: Including build template config/builds/barbarian.singer.js into tools\autobuildthread.js
AutoBuild: Loaded helper thread
AutoBuild: Including build template config/builds/barbarian.singer.js into tools\party.js
AutoBuild: Including build template config/builds/barbarian.singer.js into tools\toolsthread.js
AutoBuild: Including build template config/builds/barbarian.singer.js into default.dbj
AutoBuild: Including build template config/builds/barbarian.singer.js into tools\autobuildthread.js
AutoBuild: Loaded helper thread
AutoBuild: Including build template config/builds/barbarian.singer.js into tools\party.js
AutoBuild: Including build template config/builds/barbarian.singer.js into tools\toolsthread.js
