AutoBuild: Including build template config/builds/sorceress.lightning.js into default.dbj
AutoBuild: Including build template config/builds/sorceress.lightning.js into tools\autobuildthread.js
AutoBuild: Loaded helper thread
AutoBuild: Including build template config/builds/sorceress.lightning.js into tools\party.js
AutoBuild: Including build template config/builds/sorceress.lightning.js into tools\toolsthread.js
AutoBuild: Including build template config/builds/sorceress.lightning.js into default.dbj
AutoBuild: Including build template config/builds/sorceress.lightning.js into tools\autobuildthread.js
AutoBuild: Loaded helper thread
AutoBuild: Including build template config/builds/sorceress.lightning.js into tools\party.js
AutoBuild: Including build template config/builds/sorceress.lightning.js into tools\toolsthread.js
AutoBuild: Including build template config/builds/sorceress.lightning.js into default.dbj
AutoBuild: Including build template config/builds/sorceress.lightning.js into tools\autobuildthread.js
AutoBuild: Loaded helper thread
AutoBuild: Including build template config/builds/sorceress.lightning.js into tools\party.js
AutoBuild: Including build template config/builds/sorceress.lightning.js into tools\toolsthread.js
AutoBuild: Including build template config/builds/sorceress.lightning.js into default.dbj
AutoBuild: Including build template config/builds/sorceress.lightning.js into tools\autobuildthread.js
AutoBuild: Loaded helper thread
AutoBuild: Including build template config/builds/sorceress.lightning.js into tools\party.js
AutoBuild: Including build template config/builds/sorceress.lightning.js into tools\toolsthread.js
AutoBuild: Including build template config/builds/sorceress.lightning.js into default.dbj
AutoBuild: Including build template config/builds/sorceress.lightning.js into tools\autobuildthread.js
AutoBuild: Loaded helper thread
AutoBuild: Including build template config/builds/sorceress.lightning.js into tools\party.js
AutoBuild: Including build template config/builds/sorceress.lightning.js into tools\toolsthread.js
AutoBuild: Stat points: 5      Skill points: 1
AutoBuild: Level up detected ( 49 --> 50 )
AutoBuild: useSkillPoint(): Lightning Mastery (63)
AutoBuild: Skill (1/1) Increased Lightning Mastery (63) by one (level:  21)
AutoBuild: useStatPoint(0): Strength
AutoBuild: Stat (1/5) Increased Strength from 59 to 60
AutoBuild: useStatPoint(1): Energy
AutoBuild: Stat (2/5) Increased Energy from 133 to 134
AutoBuild: useStatPoint(1): Energy
AutoBuild: Stat (3/5) Increased Energy from 134 to 135
AutoBuild: useStatPoint(3): Vitality
AutoBuild: Stat (4/5) Increased Vitality from 108 to 109
AutoBuild: useStatPoint(3): Vitality
AutoBuild: Stat (5/5) Increased Vitality from 109 to 110
AutoBuild: Updating Config from level 49 to 50
AutoBuild: Incrementing cached character level to 50
AutoBuild: Including build template config/builds/sorceress.lightning.js into default.dbj
AutoBuild: Including build template config/builds/sorceress.lightning.js into tools\autobuildthread.js
AutoBuild: Loaded helper thread
AutoBuild: Including build template config/builds/sorceress.lightning.js into tools\party.js
AutoBuild: Including build template config/builds/sorceress.lightning.js into tools\toolsthread.js
AutoBuild: Stat points: 5      Skill points: 1
AutoBuild: Level up detected ( 50 --> 51 )
AutoBuild: useSkillPoint(): Lightning Mastery (63)
AutoBuild: Skill (1/1) Increased Lightning Mastery (63) by one (level:  21)
AutoBuild: useStatPoint(0): Strength
AutoBuild: Stat (1/5) Increased Strength from 60 to 61
AutoBuild: useStatPoint(1): Energy
AutoBuild: Attempt to spend point 2 in Energy may have failed!
AutoBuild: useStatPoint(1): Energy
AutoBuild: Attempt to spend point 3 in Energy may have failed!
AutoBuild: useStatPoint(3): Vitality
AutoBuild: Stat (4/5) Increased Vitality from 110 to 111
AutoBuild: useStatPoint(3): Vitality
AutoBuild: Stat (5/5) Increased Vitality from 111 to 112
AutoBuild: Updating Config from level 50 to 51
AutoBuild: Incrementing cached character level to 51
AutoBuild: Stat points: 5      Skill points: 1
AutoBuild: Level up detected ( 51 --> 52 )
AutoBuild: useSkillPoint(): Lightning Mastery (63)
AutoBuild: Attempt to spend skill point 1 in Lightning Mastery (63) may have failed!
AutoBuild: useStatPoint(0): Strength
AutoBuild: Stat (1/5) Increased Strength from 61 to 62
AutoBuild: useStatPoint(1): Energy
AutoBuild: Stat (2/5) Increased Energy from 137 to 138
AutoBuild: useStatPoint(1): Energy
AutoBuild: Stat (3/5) Increased Energy from 138 to 139
AutoBuild: useStatPoint(3): Vitality
AutoBuild: Stat (4/5) Increased Vitality from 112 to 113
AutoBuild: useStatPoint(3): Vitality
AutoBuild: Stat (5/5) Increased Vitality from 113 to 114
AutoBuild: Updating Config from level 51 to 52
AutoBuild: Incrementing cached character level to 52
AutoBuild: Including build template config/builds/sorceress.lightning.js into default.dbj
AutoBuild: Including build template config/builds/sorceress.lightning.js into tools\autobuildthread.js
AutoBuild: Loaded helper thread
AutoBuild: Including build template config/builds/sorceress.lightning.js into tools\party.js
AutoBuild: Including build template config/builds/sorceress.lightning.js into tools\toolsthread.js
AutoBuild: Stat points: 5      Skill points: 2
AutoBuild: Level up detected ( 52 --> 53 )
AutoBuild: useSkillPoint(): Lightning Mastery (63)
AutoBuild: Attempt to spend skill point 1 in Lightning Mastery (63) may have failed!
AutoBuild: useStatPoint(0): Strength
AutoBuild: Stat (1/5) Increased Strength from 62 to 63
AutoBuild: useStatPoint(1): Energy
AutoBuild: Stat (2/5) Increased Energy from 139 to 140
AutoBuild: useStatPoint(1): Energy
AutoBuild: Attempt to spend point 3 in Energy may have failed!
AutoBuild: useStatPoint(3): Vitality
AutoBuild: Stat (4/5) Increased Vitality from 114 to 115
AutoBuild: useStatPoint(3): Vitality
AutoBuild: Stat (5/5) Increased Vitality from 115 to 116
AutoBuild: Updating Config from level 52 to 53
AutoBuild: Incrementing cached character level to 53
AutoBuild: Including build template config/builds/sorceress.lightning.js into default.dbj
AutoBuild: Including build template config/builds/sorceress.lightning.js into tools\autobuildthread.js
AutoBuild: Loaded helper thread
AutoBuild: Including build template config/builds/sorceress.lightning.js into tools\party.js
AutoBuild: Including build template config/builds/sorceress.lightning.js into tools\toolsthread.js
AutoBuild: Stat points: 5      Skill points: 3
AutoBuild: Level up detected ( 53 --> 54 )
AutoBuild: useSkillPoint(): Lightning Mastery (63)
AutoBuild: Attempt to spend skill point 1 in Lightning Mastery (63) may have failed!
AutoBuild: useStatPoint(0): Strength
AutoBuild: Stat (1/5) Increased Strength from 63 to 64
AutoBuild: useStatPoint(1): Energy
AutoBuild: Stat (2/5) Increased Energy from 141 to 142
AutoBuild: useStatPoint(1): Energy
AutoBuild: Stat (3/5) Increased Energy from 142 to 143
AutoBuild: useStatPoint(3): Vitality
AutoBuild: Stat (4/5) Increased Vitality from 116 to 117
AutoBuild: useStatPoint(3): Vitality
AutoBuild: Stat (5/5) Increased Vitality from 117 to 118
AutoBuild: Updating Config from level 53 to 54
AutoBuild: Incrementing cached character level to 54
AutoBuild: Including build template config/builds/sorceress.lightning.js into default.dbj
AutoBuild: Including build template config/builds/sorceress.lightning.js into tools\autobuildthread.js
AutoBuild: Loaded helper thread
AutoBuild: Including build template config/builds/sorceress.lightning.js into tools\party.js
AutoBuild: Including build template config/builds/sorceress.lightning.js into tools\toolsthread.js
AutoBuild: Including build template config/builds/sorceress.lightning.js into default.dbj
AutoBuild: Including build template config/builds/sorceress.lightning.js into tools\autobuildthread.js
AutoBuild: Loaded helper thread
AutoBuild: Including build template config/builds/sorceress.lightning.js into tools\party.js
AutoBuild: Including build template config/builds/sorceress.lightning.js into tools\toolsthread.js
AutoBuild: Including build template config/builds/sorceress.lightning.js into default.dbj
AutoBuild: Including build template config/builds/sorceress.lightning.js into tools\autobuildthread.js
AutoBuild: Loaded helper thread
AutoBuild: Including build template config/builds/sorceress.lightning.js into tools\party.js
AutoBuild: Including build template config/builds/sorceress.lightning.js into tools\toolsthread.js
AutoBuild: Including build template config/builds/sorceress.lightning.js into default.dbj
AutoBuild: Including build template config/builds/sorceress.lightning.js into tools\autobuildthread.js
AutoBuild: Loaded helper thread
AutoBuild: Including build template config/builds/sorceress.lightning.js into tools\party.js
AutoBuild: Including build template config/builds/sorceress.lightning.js into tools\toolsthread.js
AutoBuild: Including build template config/builds/sorceress.lightning.js into default.dbj
AutoBuild: Including build template config/builds/sorceress.lightning.js into tools\autobuildthread.js
AutoBuild: Loaded helper thread
AutoBuild: Including build template config/builds/sorceress.lightning.js into tools\party.js
AutoBuild: Including build template config/builds/sorceress.lightning.js into tools\toolsthread.js
AutoBuild: Including build template config/builds/sorceress.lightning.js into default.dbj
AutoBuild: Including build template config/builds/sorceress.lightning.js into tools\autobuildthread.js
AutoBuild: Loaded helper thread
AutoBuild: Including build template config/builds/sorceress.lightning.js into tools\party.js
AutoBuild: Including build template config/builds/sorceress.lightning.js into tools\toolsthread.js
AutoBuild: Stat points: 5      Skill points: 1
AutoBuild: Level up detected ( 54 --> 55 )
AutoBuild: useSkillPoint(): Lightning Mastery (63)
AutoBuild: Attempt to spend skill point 1 in Lightning Mastery (63) may have failed!
AutoBuild: useStatPoint(0): Strength
AutoBuild: Stat (1/5) Increased Strength from 64 to 65
AutoBuild: useStatPoint(1): Energy
AutoBuild: Stat (2/5) Increased Energy from 143 to 144
AutoBuild: useStatPoint(1): Energy
AutoBuild: Stat (3/5) Increased Energy from 144 to 145
AutoBuild: useStatPoint(3): Vitality
AutoBuild: Stat (4/5) Increased Vitality from 118 to 119
AutoBuild: useStatPoint(3): Vitality
AutoBuild: Stat (5/5) Increased Vitality from 119 to 120
AutoBuild: Updating Config from level 54 to 55
AutoBuild: Incrementing cached character level to 55
AutoBuild: Including build template config/builds/sorceress.lightning.js into default.dbj
AutoBuild: Including build template config/builds/sorceress.lightning.js into tools\autobuildthread.js
AutoBuild: Loaded helper thread
AutoBuild: Including build template config/builds/sorceress.lightning.js into tools\party.js
AutoBuild: Including build template config/builds/sorceress.lightning.js into tools\toolsthread.js
AutoBuild: Including build template config/builds/sorceress.lightning.js into default.dbj
AutoBuild: Including build template config/builds/sorceress.lightning.js into tools\autobuildthread.js
AutoBuild: Loaded helper thread
AutoBuild: Including build template config/builds/sorceress.lightning.js into tools\party.js
AutoBuild: Including build template config/builds/sorceress.lightning.js into tools\toolsthread.js
AutoBuild: Including build template config/builds/sorceress.lightning.js into default.dbj
AutoBuild: Including build template config/builds/sorceress.lightning.js into tools\autobuildthread.js
AutoBuild: Loaded helper thread
AutoBuild: Including build template config/builds/sorceress.lightning.js into tools\party.js
AutoBuild: Including build template config/builds/sorceress.lightning.js into tools\toolsthread.js
AutoBuild: Including build template config/builds/sorceress.lightning.js into default.dbj
AutoBuild: Including build template config/builds/sorceress.lightning.js into tools\autobuildthread.js
AutoBuild: Loaded helper thread
AutoBuild: Including build template config/builds/sorceress.lightning.js into tools\party.js
AutoBuild: Including build template config/builds/sorceress.lightning.js into tools\toolsthread.js
AutoBuild: Stat points: 5      Skill points: 1
AutoBuild: Level up detected ( 55 --> 56 )
AutoBuild: useSkillPoint(): Lightning Mastery (63)
AutoBuild: Attempt to spend skill point 1 in Lightning Mastery (63) may have failed!
AutoBuild: useStatPoint(0): Strength
AutoBuild: Stat (1/5) Increased Strength from 65 to 66
AutoBuild: useStatPoint(1): Energy
AutoBuild: Stat (2/5) Increased Energy from 145 to 146
AutoBuild: useStatPoint(1): Energy
AutoBuild: Stat (3/5) Increased Energy from 146 to 147
AutoBuild: useStatPoint(3): Vitality
AutoBuild: Stat (4/5) Increased Vitality from 120 to 121
AutoBuild: useStatPoint(3): Vitality
AutoBuild: Stat (5/5) Increased Vitality from 121 to 122
AutoBuild: Updating Config from level 55 to 56
AutoBuild: Incrementing cached character level to 56
AutoBuild: Including build template config/builds/sorceress.lightning.js into default.dbj
AutoBuild: Including build template config/builds/sorceress.lightning.js into tools\autobuildthread.js
AutoBuild: Loaded helper thread
AutoBuild: Including build template config/builds/sorceress.lightning.js into tools\party.js
AutoBuild: Including build template config/builds/sorceress.lightning.js into tools\toolsthread.js
AutoBuild: Including build template config/builds/sorceress.lightning.js into default.dbj
AutoBuild: Including build template config/builds/sorceress.lightning.js into tools\autobuildthread.js
AutoBuild: Loaded helper thread
AutoBuild: Including build template config/builds/sorceress.lightning.js into tools\party.js
AutoBuild: Including build template config/builds/sorceress.lightning.js into tools\toolsthread.js
AutoBuild: Including build template config/builds/sorceress.lightning.js into default.dbj
AutoBuild: Including build template config/builds/sorceress.lightning.js into tools\autobuildthread.js
AutoBuild: Loaded helper thread
AutoBuild: Including build template config/builds/sorceress.lightning.js into tools\party.js
AutoBuild: Including build template config/builds/sorceress.lightning.js into tools\toolsthread.js
AutoBuild: Including build template config/builds/sorceress.lightning.js into default.dbj
AutoBuild: Including build template config/builds/sorceress.lightning.js into tools\autobuildthread.js
AutoBuild: Loaded helper thread
AutoBuild: Including build template config/builds/sorceress.lightning.js into tools\party.js
AutoBuild: Including build template config/builds/sorceress.lightning.js into tools\toolsthread.js
AutoBuild: Including build template config/builds/sorceress.lightning.js into default.dbj
AutoBuild: Including build template config/builds/sorceress.lightning.js into tools\autobuildthread.js
AutoBuild: Loaded helper thread
AutoBuild: Including build template config/builds/sorceress.lightning.js into tools\party.js
AutoBuild: Including build template config/builds/sorceress.lightning.js into tools\toolsthread.js
AutoBuild: Stat points: 5      Skill points: 1
AutoBuild: Level up detected ( 56 --> 57 )
AutoBuild: useSkillPoint(): Lightning Mastery (63)
AutoBuild: Attempt to spend skill point 1 in Lightning Mastery (63) may have failed!
AutoBuild: useStatPoint(0): Strength
AutoBuild: Stat (1/5) Increased Strength from 66 to 67
AutoBuild: useStatPoint(1): Energy
AutoBuild: Stat (2/5) Increased Energy from 147 to 148
AutoBuild: useStatPoint(1): Energy
AutoBuild: Stat (3/5) Increased Energy from 148 to 149
AutoBuild: useStatPoint(3): Vitality
AutoBuild: Stat (4/5) Increased Vitality from 122 to 123
AutoBuild: useStatPoint(3): Vitality
AutoBuild: Stat (5/5) Increased Vitality from 123 to 124
AutoBuild: Updating Config from level 56 to 57
AutoBuild: Incrementing cached character level to 57
AutoBuild: Including build template config/builds/sorceress.lightning.js into default.dbj
AutoBuild: Including build template config/builds/sorceress.lightning.js into tools\autobuildthread.js
AutoBuild: Loaded helper thread
AutoBuild: Including build template config/builds/sorceress.lightning.js into tools\party.js
AutoBuild: Including build template config/builds/sorceress.lightning.js into tools\toolsthread.js
AutoBuild: Including build template config/builds/sorceress.lightning.js into default.dbj
AutoBuild: Including build template config/builds/sorceress.lightning.js into tools\autobuildthread.js
AutoBuild: Loaded helper thread
AutoBuild: Including build template config/builds/sorceress.lightning.js into tools\party.js
AutoBuild: Including build template config/builds/sorceress.lightning.js into tools\toolsthread.js
AutoBuild: Including build template config/builds/sorceress.lightning.js into default.dbj
AutoBuild: Including build template config/builds/sorceress.lightning.js into tools\autobuildthread.js
AutoBuild: Loaded helper thread
AutoBuild: Including build template config/builds/sorceress.lightning.js into tools\party.js
AutoBuild: Including build template config/builds/sorceress.lightning.js into tools\toolsthread.js
AutoBuild: Stat points: 5      Skill points: 1
AutoBuild: Level up detected ( 57 --> 58 )
AutoBuild: useSkillPoint(): Charged Bolt (38)
AutoBuild: Skill (1/1) Increased Charged Bolt (38) by one (level:  14)
AutoBuild: useStatPoint(0): Strength
AutoBuild: Stat (1/5) Increased Strength from 67 to 68
AutoBuild: useStatPoint(1): Energy
AutoBuild: Stat (2/5) Increased Energy from 149 to 150
AutoBuild: useStatPoint(1): Energy
AutoBuild: Stat (3/5) Increased Energy from 150 to 151
AutoBuild: useStatPoint(3): Vitality
AutoBuild: Stat (4/5) Increased Vitality from 124 to 125
AutoBuild: useStatPoint(3): Vitality
AutoBuild: Stat (5/5) Increased Vitality from 125 to 126
AutoBuild: Updating Config from level 57 to 58
AutoBuild: Incrementing cached character level to 58
AutoBuild: Including build template config/builds/sorceress.lightning.js into default.dbj
AutoBuild: Including build template config/builds/sorceress.lightning.js into tools\autobuildthread.js
AutoBuild: Loaded helper thread
AutoBuild: Including build template config/builds/sorceress.lightning.js into tools\party.js
AutoBuild: Including build template config/builds/sorceress.lightning.js into tools\toolsthread.js
AutoBuild: Including build template config/builds/sorceress.lightning.js into default.dbj
AutoBuild: Including build template config/builds/sorceress.lightning.js into tools\autobuildthread.js
AutoBuild: Loaded helper thread
AutoBuild: Including build template config/builds/sorceress.lightning.js into tools\party.js
AutoBuild: Including build template config/builds/sorceress.lightning.js into tools\toolsthread.js
AutoBuild: Including build template config/builds/sorceress.lightning.js into default.dbj
AutoBuild: Including build template config/builds/sorceress.lightning.js into tools\autobuildthread.js
AutoBuild: Loaded helper thread
AutoBuild: Including build template config/builds/sorceress.lightning.js into tools\party.js
AutoBuild: Including build template config/builds/sorceress.lightning.js into tools\toolsthread.js
AutoBuild: Including build template config/builds/sorceress.lightning.js into default.dbj
AutoBuild: Including build template config/builds/sorceress.lightning.js into tools\autobuildthread.js
AutoBuild: Loaded helper thread
AutoBuild: Including build template config/builds/sorceress.lightning.js into tools\party.js
AutoBuild: Including build template config/builds/sorceress.lightning.js into tools\toolsthread.js
AutoBuild: Including build template config/builds/sorceress.lightning.js into default.dbj
AutoBuild: Including build template config/builds/sorceress.lightning.js into tools\autobuildthread.js
AutoBuild: Loaded helper thread
AutoBuild: Including build template config/builds/sorceress.lightning.js into tools\party.js
AutoBuild: Including build template config/builds/sorceress.lightning.js into tools\toolsthread.js
AutoBuild: Stat points: 5      Skill points: 1
AutoBuild: Level up detected ( 58 --> 59 )
AutoBuild: useSkillPoint(): Charged Bolt (38)
AutoBuild: Skill (1/1) Increased Charged Bolt (38) by one (level:  15)
AutoBuild: useStatPoint(0): Strength
AutoBuild: Stat (1/5) Increased Strength from 68 to 69
AutoBuild: useStatPoint(1): Energy
AutoBuild: Stat (2/5) Increased Energy from 151 to 152
AutoBuild: useStatPoint(1): Energy
AutoBuild: Stat (3/5) Increased Energy from 152 to 153
AutoBuild: useStatPoint(3): Vitality
AutoBuild: Stat (4/5) Increased Vitality from 126 to 127
AutoBuild: useStatPoint(3): Vitality
AutoBuild: Stat (5/5) Increased Vitality from 127 to 128
AutoBuild: Updating Config from level 58 to 59
AutoBuild: Incrementing cached character level to 59
AutoBuild: Including build template config/builds/sorceress.lightning.js into default.dbj
AutoBuild: Including build template config/builds/sorceress.lightning.js into tools\autobuildthread.js
AutoBuild: Loaded helper thread
AutoBuild: Including build template config/builds/sorceress.lightning.js into tools\party.js
AutoBuild: Including build template config/builds/sorceress.lightning.js into tools\toolsthread.js
AutoBuild: Including build template config/builds/sorceress.lightning.js into default.dbj
AutoBuild: Including build template config/builds/sorceress.lightning.js into tools\autobuildthread.js
AutoBuild: Loaded helper thread
AutoBuild: Including build template config/builds/sorceress.lightning.js into tools\party.js
AutoBuild: Including build template config/builds/sorceress.lightning.js into tools\toolsthread.js
AutoBuild: Including build template config/builds/sorceress.lightning.js into default.dbj
AutoBuild: Including build template config/builds/sorceress.lightning.js into tools\autobuildthread.js
AutoBuild: Loaded helper thread
AutoBuild: Including build template config/builds/sorceress.lightning.js into tools\party.js
AutoBuild: Including build template config/builds/sorceress.lightning.js into tools\toolsthread.js
AutoBuild: Including build template config/builds/sorceress.lightning.js into default.dbj
AutoBuild: Including build template config/builds/sorceress.lightning.js into tools\autobuildthread.js
AutoBuild: Loaded helper thread
AutoBuild: Including build template config/builds/sorceress.lightning.js into tools\party.js
AutoBuild: Including build template config/builds/sorceress.lightning.js into tools\toolsthread.js
AutoBuild: Including build template config/builds/sorceress.lightning.js into default.dbj
AutoBuild: Including build template config/builds/sorceress.lightning.js into tools\autobuildthread.js
AutoBuild: Loaded helper thread
AutoBuild: Including build template config/builds/sorceress.lightning.js into tools\toolsthread.js
AutoBuild: Including build template config/builds/sorceress.lightning.js into tools\party.js
AutoBuild: Including build template config/builds/sorceress.lightning.js into default.dbj
AutoBuild: Including build template config/builds/sorceress.lightning.js into tools\autobuildthread.js
AutoBuild: Loaded helper thread
AutoBuild: Including build template config/builds/sorceress.lightning.js into tools\party.js
AutoBuild: Including build template config/builds/sorceress.lightning.js into tools\toolsthread.js
AutoBuild: Including build template config/builds/sorceress.lightning.js into default.dbj
AutoBuild: Including build template config/builds/sorceress.lightning.js into tools\autobuildthread.js
AutoBuild: Loaded helper thread
AutoBuild: Including build template config/builds/sorceress.lightning.js into tools\party.js
AutoBuild: Including build template config/builds/sorceress.lightning.js into tools\toolsthread.js
AutoBuild: Stat points: 5      Skill points: 1
AutoBuild: Level up detected ( 59 --> 60 )
AutoBuild: useSkillPoint(): Charged Bolt (38)
AutoBuild: Skill (1/1) Increased Charged Bolt (38) by one (level:  17)
AutoBuild: useStatPoint(0): Strength
AutoBuild: Stat (1/5) Increased Strength from 69 to 70
AutoBuild: useStatPoint(1): Energy
AutoBuild: Stat (2/5) Increased Energy from 163 to 164
AutoBuild: useStatPoint(1): Energy
AutoBuild: Stat (3/5) Increased Energy from 164 to 165
AutoBuild: useStatPoint(3): Vitality
AutoBuild: Stat (4/5) Increased Vitality from 128 to 129
AutoBuild: useStatPoint(3): Vitality
AutoBuild: Stat (5/5) Increased Vitality from 129 to 130
AutoBuild: Updating Config from level 59 to 60
AutoBuild: Incrementing cached character level to 60
AutoBuild: Including build template config/builds/sorceress.lightning.js into default.dbj
AutoBuild: Including build template config/builds/sorceress.lightning.js into tools\autobuildthread.js
AutoBuild: Loaded helper thread
AutoBuild: Including build template config/builds/sorceress.lightning.js into tools\party.js
AutoBuild: Including build template config/builds/sorceress.lightning.js into tools\toolsthread.js
AutoBuild: Including build template config/builds/sorceress.lightning.js into default.dbj
AutoBuild: Including build template config/builds/sorceress.lightning.js into tools\autobuildthread.js
AutoBuild: Loaded helper thread
AutoBuild: Including build template config/builds/sorceress.lightning.js into tools\party.js
AutoBuild: Including build template config/builds/sorceress.lightning.js into tools\toolsthread.js
AutoBuild: Including build template config/builds/sorceress.lightning.js into default.dbj
AutoBuild: Including build template config/builds/sorceress.lightning.js into tools\autobuildthread.js
AutoBuild: Loaded helper thread
AutoBuild: Including build template config/builds/sorceress.lightning.js into tools\party.js
AutoBuild: Including build template config/builds/sorceress.lightning.js into tools\toolsthread.js
AutoBuild: Including build template config/builds/sorceress.lightning.js into default.dbj
AutoBuild: Including build template config/builds/sorceress.lightning.js into tools\autobuildthread.js
AutoBuild: Loaded helper thread
AutoBuild: Including build template config/builds/sorceress.lightning.js into tools\party.js
AutoBuild: Including build template config/builds/sorceress.lightning.js into tools\toolsthread.js
AutoBuild: Including build template config/builds/sorceress.lightning.js into default.dbj
AutoBuild: Including build template config/builds/sorceress.lightning.js into tools\autobuildthread.js
AutoBuild: Loaded helper thread
AutoBuild: Including build template config/builds/sorceress.lightning.js into tools\party.js
AutoBuild: Including build template config/builds/sorceress.lightning.js into tools\toolsthread.js
AutoBuild: Including build template config/builds/sorceress.lightning.js into default.dbj
AutoBuild: Including build template config/builds/sorceress.lightning.js into tools\autobuildthread.js
AutoBuild: Loaded helper thread
AutoBuild: Including build template config/builds/sorceress.lightning.js into tools\party.js
AutoBuild: Including build template config/builds/sorceress.lightning.js into tools\toolsthread.js
AutoBuild: Including build template config/builds/sorceress.lightning.js into default.dbj
AutoBuild: Including build template config/builds/sorceress.lightning.js into tools\autobuildthread.js
AutoBuild: Loaded helper thread
AutoBuild: Including build template config/builds/sorceress.lightning.js into tools\party.js
AutoBuild: Including build template config/builds/sorceress.lightning.js into tools\toolsthread.js
AutoBuild: Including build template config/builds/sorceress.lightning.js into default.dbj
AutoBuild: Including build template config/builds/sorceress.lightning.js into tools\autobuildthread.js
AutoBuild: Loaded helper thread
AutoBuild: Including build template config/builds/sorceress.lightning.js into tools\party.js
AutoBuild: Including build template config/builds/sorceress.lightning.js into tools\toolsthread.js
AutoBuild: Including build template config/builds/sorceress.lightning.js into default.dbj
AutoBuild: Including build template config/builds/sorceress.lightning.js into tools\autobuildthread.js
AutoBuild: Loaded helper thread
AutoBuild: Including build template config/builds/sorceress.lightning.js into tools\party.js
AutoBuild: Including build template config/builds/sorceress.lightning.js into tools\toolsthread.js
AutoBuild: Stat points: 5      Skill points: 1
AutoBuild: Level up detected ( 60 --> 61 )
AutoBuild: useSkillPoint(): Charged Bolt (38)
AutoBuild: Skill (1/1) Increased Charged Bolt (38) by one (level:  18)
AutoBuild: useStatPoint(0): Strength
AutoBuild: Stat (1/5) Increased Strength from 70 to 71
AutoBuild: useStatPoint(1): Energy
AutoBuild: Stat (2/5) Increased Energy from 165 to 166
AutoBuild: useStatPoint(1): Energy
AutoBuild: Stat (3/5) Increased Energy from 166 to 167
AutoBuild: useStatPoint(3): Vitality
AutoBuild: Stat (4/5) Increased Vitality from 130 to 131
AutoBuild: useStatPoint(3): Vitality
AutoBuild: Stat (5/5) Increased Vitality from 131 to 132
AutoBuild: Updating Config from level 60 to 61
AutoBuild: Incrementing cached character level to 61
AutoBuild: Including build template config/builds/sorceress.lightning.js into default.dbj
AutoBuild: Including build template config/builds/sorceress.lightning.js into tools\autobuildthread.js
AutoBuild: Loaded helper thread
AutoBuild: Including build template config/builds/sorceress.lightning.js into tools\party.js
AutoBuild: Including build template config/builds/sorceress.lightning.js into tools\toolsthread.js
AutoBuild: Including build template config/builds/sorceress.lightning.js into default.dbj
AutoBuild: Including build template config/builds/sorceress.lightning.js into tools\autobuildthread.js
AutoBuild: Loaded helper thread
AutoBuild: Including build template config/builds/sorceress.lightning.js into tools\party.js
AutoBuild: Including build template config/builds/sorceress.lightning.js into tools\toolsthread.js
AutoBuild: Including build template config/builds/sorceress.lightning.js into default.dbj
AutoBuild: Including build template config/builds/sorceress.lightning.js into tools\autobuildthread.js
AutoBuild: Loaded helper thread
AutoBuild: Including build template config/builds/sorceress.lightning.js into tools\party.js
AutoBuild: Including build template config/builds/sorceress.lightning.js into tools\toolsthread.js
AutoBuild: Including build template config/builds/sorceress.lightning.js into default.dbj
AutoBuild: Including build template config/builds/sorceress.lightning.js into tools\autobuildthread.js
AutoBuild: Loaded helper thread
AutoBuild: Including build template config/builds/sorceress.lightning.js into tools\party.js
AutoBuild: Including build template config/builds/sorceress.lightning.js into tools\toolsthread.js
AutoBuild: Including build template config/builds/sorceress.lightning.js into default.dbj
AutoBuild: Including build template config/builds/sorceress.lightning.js into tools\autobuildthread.js
AutoBuild: Loaded helper thread
AutoBuild: Including build template config/builds/sorceress.lightning.js into tools\party.js
AutoBuild: Including build template config/builds/sorceress.lightning.js into tools\toolsthread.js
AutoBuild: Stat points: 5      Skill points: 1
AutoBuild: Level up detected ( 61 --> 62 )
AutoBuild: useSkillPoint(): Charged Bolt (38)
AutoBuild: Skill (1/1) Increased Charged Bolt (38) by one (level:  20)
AutoBuild: useStatPoint(0): Strength
AutoBuild: Stat (1/5) Increased Strength from 72 to 73
AutoBuild: useStatPoint(1): Energy
AutoBuild: Stat (2/5) Increased Energy from 169 to 170
AutoBuild: useStatPoint(1): Energy
AutoBuild: Stat (3/5) Increased Energy from 170 to 171
AutoBuild: useStatPoint(3): Vitality
AutoBuild: Stat (4/5) Increased Vitality from 134 to 135
AutoBuild: useStatPoint(3): Vitality
AutoBuild: Stat (5/5) Increased Vitality from 135 to 136
AutoBuild: Updating Config from level 61 to 62
AutoBuild: Incrementing cached character level to 62
AutoBuild: Including build template config/builds/sorceress.lightning.js into default.dbj
AutoBuild: Including build template config/builds/sorceress.lightning.js into tools\autobuildthread.js
AutoBuild: Loaded helper thread
AutoBuild: Including build template config/builds/sorceress.lightning.js into tools\party.js
AutoBuild: Including build template config/builds/sorceress.lightning.js into tools\toolsthread.js
AutoBuild: Including build template config/builds/sorceress.lightning.js into default.dbj
AutoBuild: Including build template config/builds/sorceress.lightning.js into tools\autobuildthread.js
AutoBuild: Loaded helper thread
AutoBuild: Including build template config/builds/sorceress.lightning.js into tools\party.js
AutoBuild: Including build template config/builds/sorceress.lightning.js into tools\toolsthread.js
AutoBuild: Including build template config/builds/sorceress.lightning.js into default.dbj
AutoBuild: Including build template config/builds/sorceress.lightning.js into tools\autobuildthread.js
AutoBuild: Loaded helper thread
AutoBuild: Including build template config/builds/sorceress.lightning.js into tools\party.js
AutoBuild: Including build template config/builds/sorceress.lightning.js into tools\toolsthread.js
AutoBuild: Including build template config/builds/sorceress.lightning.js into default.dbj
AutoBuild: Including build template config/builds/sorceress.lightning.js into tools\autobuildthread.js
AutoBuild: Loaded helper thread
AutoBuild: Including build template config/builds/sorceress.lightning.js into tools\party.js
AutoBuild: Including build template config/builds/sorceress.lightning.js into tools\toolsthread.js
AutoBuild: Including build template config/builds/sorceress.lightning.js into default.dbj
AutoBuild: Including build template config/builds/sorceress.lightning.js into tools\autobuildthread.js
AutoBuild: Loaded helper thread
AutoBuild: Including build template config/builds/sorceress.lightning.js into tools\party.js
AutoBuild: Including build template config/builds/sorceress.lightning.js into tools\toolsthread.js
AutoBuild: Including build template config/builds/sorceress.lightning.js into default.dbj
AutoBuild: Including build template config/builds/sorceress.lightning.js into tools\autobuildthread.js
AutoBuild: Loaded helper thread
AutoBuild: Including build template config/builds/sorceress.lightning.js into tools\party.js
AutoBuild: Including build template config/builds/sorceress.lightning.js into tools\toolsthread.js
AutoBuild: Including build template config/builds/sorceress.lightning.js into default.dbj
AutoBuild: Including build template config/builds/sorceress.lightning.js into tools\autobuildthread.js
AutoBuild: Loaded helper thread
AutoBuild: Including build template config/builds/sorceress.lightning.js into tools\party.js
AutoBuild: Including build template config/builds/sorceress.lightning.js into tools\toolsthread.js
AutoBuild: Including build template config/builds/sorceress.lightning.js into default.dbj
AutoBuild: Including build template config/builds/sorceress.lightning.js into tools\autobuildthread.js
AutoBuild: Loaded helper thread
AutoBuild: Including build template config/builds/sorceress.lightning.js into tools\party.js
AutoBuild: Including build template config/builds/sorceress.lightning.js into tools\toolsthread.js
AutoBuild: Including build template config/builds/sorceress.lightning.js into default.dbj
AutoBuild: Including build template config/builds/sorceress.lightning.js into tools\autobuildthread.js
AutoBuild: Loaded helper thread
AutoBuild: Including build template config/builds/sorceress.lightning.js into tools\party.js
AutoBuild: Including build template config/builds/sorceress.lightning.js into tools\toolsthread.js
