AutoBuild: Including build template config/builds/sorceress.light.js into default.dbj
AutoBuild: Including build template config/builds/sorceress.light.js into tools\autobuildthread.js
AutoBuild: Loaded helper thread
AutoBuild: Including build template config/builds/sorceress.light.js into tools\party.js
AutoBuild: Including build template config/builds/sorceress.light.js into tools\townchicken.js
AutoBuild: Including build template config/builds/sorceress.light.js into tools\toolsthread.js
AutoBuild: Including build template config/builds/sorceress.light.js into default.dbj
AutoBuild: Including build template config/builds/sorceress.light.js into tools\autobuildthread.js
AutoBuild: Loaded helper thread
AutoBuild: Including build template config/builds/sorceress.light.js into tools\party.js
AutoBuild: Including build template config/builds/sorceress.light.js into tools\townchicken.js
AutoBuild: Including build template config/builds/sorceress.light.js into tools\toolsthread.js
AutoBuild: Including build template config/builds/sorceress.light.js into default.dbj
AutoBuild: Including build template config/builds/sorceress.light.js into tools\autobuildthread.js
AutoBuild: Loaded helper thread
AutoBuild: Including build template config/builds/sorceress.light.js into tools\party.js
AutoBuild: Including build template config/builds/sorceress.light.js into tools\townchicken.js
AutoBuild: Including build template config/builds/sorceress.light.js into tools\toolsthread.js
AutoBuild: Stat points: 5      Skill points: 3
AutoBuild: Level up detected ( 22 --> 23 )
AutoBuild: useSkillPoint(): Lightning (49)
AutoBuild: Skill (1/1) Increased Lightning (49) by one (level:  9)
AutoBuild: useStatPoint(0): Strength
AutoBuild: Stat (1/5) Increased Strength from 31 to 32
AutoBuild: useStatPoint(1): Energy
AutoBuild: Stat (2/5) Increased Energy from 77 to 78
AutoBuild: useStatPoint(1): Energy
AutoBuild: Stat (3/5) Increased Energy from 78 to 79
AutoBuild: useStatPoint(3): Vitality
AutoBuild: Stat (4/5) Increased Vitality from 52 to 53
AutoBuild: useStatPoint(3): Vitality
AutoBuild: Stat (5/5) Increased Vitality from 53 to 54
AutoBuild: Updating Config from level 22 to 23
AutoBuild: Incrementing cached character level to 23
AutoBuild: Including build template config/builds/sorceress.light.js into default.dbj
AutoBuild: Including build template config/builds/sorceress.light.js into tools\autobuildthread.js
AutoBuild: Loaded helper thread
AutoBuild: Including build template config/builds/sorceress.light.js into tools\party.js
AutoBuild: Including build template config/builds/sorceress.light.js into tools\townchicken.js
AutoBuild: Including build template config/builds/sorceress.light.js into tools\toolsthread.js
AutoBuild: Including build template config/builds/sorceress.light.js into default.dbj
AutoBuild: Including build template config/builds/sorceress.light.js into tools\autobuildthread.js
AutoBuild: Loaded helper thread
AutoBuild: Including build template config/builds/sorceress.light.js into tools\party.js
AutoBuild: Including build template config/builds/sorceress.light.js into tools\townchicken.js
AutoBuild: Including build template config/builds/sorceress.light.js into tools\toolsthread.js
AutoBuild: Including build template config/builds/sorceress.light.js into default.dbj
AutoBuild: Including build template config/builds/sorceress.light.js into tools\autobuildthread.js
AutoBuild: Loaded helper thread
AutoBuild: Including build template config/builds/sorceress.light.js into tools\party.js
AutoBuild: Including build template config/builds/sorceress.light.js into tools\townchicken.js
AutoBuild: Including build template config/builds/sorceress.light.js into tools\toolsthread.js
AutoBuild: Including build template config/builds/sorceress.light.js into default.dbj
AutoBuild: Including build template config/builds/sorceress.light.js into tools\autobuildthread.js
AutoBuild: Loaded helper thread
AutoBuild: Including build template config/builds/sorceress.light.js into tools\party.js
AutoBuild: Including build template config/builds/sorceress.light.js into tools\townchicken.js
AutoBuild: Including build template config/builds/sorceress.light.js into tools\toolsthread.js
AutoBuild: Including build template config/builds/sorceress.light.js into default.dbj
AutoBuild: Including build template config/builds/sorceress.light.js into tools\autobuildthread.js
AutoBuild: Loaded helper thread
AutoBuild: Including build template config/builds/sorceress.light.js into tools\party.js
AutoBuild: Including build template config/builds/sorceress.light.js into tools\townchicken.js
AutoBuild: Including build template config/builds/sorceress.light.js into tools\toolsthread.js
AutoBuild: Including build template config/builds/sorceress.light.js into default.dbj
AutoBuild: Including build template config/builds/sorceress.light.js into tools\autobuildthread.js
AutoBuild: Loaded helper thread
AutoBuild: Including build template config/builds/sorceress.light.js into tools\party.js
AutoBuild: Including build template config/builds/sorceress.light.js into tools\townchicken.js
AutoBuild: Including build template config/builds/sorceress.light.js into tools\toolsthread.js
AutoBuild: Stat points: 5      Skill points: 3
AutoBuild: Level up detected ( 23 --> 24 )
AutoBuild: useSkillPoint(): Thunder Storm (57)
AutoBuild: Skill (1/1) Increased Thunder Storm (57) by one (level:  1)
AutoBuild: useStatPoint(0): Strength
AutoBuild: Stat (1/5) Increased Strength from 32 to 33
AutoBuild: useStatPoint(1): Energy
AutoBuild: Stat (2/5) Increased Energy from 79 to 80
AutoBuild: useStatPoint(1): Energy
AutoBuild: Attempt to spend point 3 in Energy may have failed!
AutoBuild: useStatPoint(3): Vitality
AutoBuild: Stat (4/5) Increased Vitality from 54 to 55
AutoBuild: useStatPoint(3): Vitality
AutoBuild: Stat (5/5) Increased Vitality from 55 to 56
AutoBuild: Updating Config from level 23 to 24
AutoBuild: Incrementing cached character level to 24
AutoBuild: Including build template config/builds/sorceress.light.js into default.dbj
AutoBuild: Including build template config/builds/sorceress.light.js into tools\autobuildthread.js
AutoBuild: Loaded helper thread
AutoBuild: Including build template config/builds/sorceress.light.js into tools\party.js
AutoBuild: Including build template config/builds/sorceress.light.js into tools\townchicken.js
AutoBuild: Including build template config/builds/sorceress.light.js into tools\toolsthread.js
AutoBuild: Including build template config/builds/sorceress.light.js into default.dbj
AutoBuild: Including build template config/builds/sorceress.light.js into tools\autobuildthread.js
AutoBuild: Loaded helper thread
AutoBuild: Including build template config/builds/sorceress.light.js into tools\party.js
AutoBuild: Including build template config/builds/sorceress.light.js into tools\townchicken.js
AutoBuild: Including build template config/builds/sorceress.light.js into tools\toolsthread.js
AutoBuild: Including build template config/builds/sorceress.light.js into default.dbj
AutoBuild: Including build template config/builds/sorceress.light.js into tools\autobuildthread.js
AutoBuild: Loaded helper thread
AutoBuild: Including build template config/builds/sorceress.light.js into tools\party.js
AutoBuild: Including build template config/builds/sorceress.light.js into tools\townchicken.js
AutoBuild: Including build template config/builds/sorceress.light.js into tools\toolsthread.js
AutoBuild: Including build template config/builds/sorceress.light.js into default.dbj
AutoBuild: Including build template config/builds/sorceress.light.js into tools\autobuildthread.js
AutoBuild: Loaded helper thread
AutoBuild: Including build template config/builds/sorceress.light.js into tools\party.js
AutoBuild: Including build template config/builds/sorceress.light.js into tools\townchicken.js
AutoBuild: Including build template config/builds/sorceress.light.js into tools\toolsthread.js
AutoBuild: Including build template config/builds/sorceress.light.js into default.dbj
AutoBuild: Including build template config/builds/sorceress.light.js into tools\autobuildthread.js
AutoBuild: Loaded helper thread
AutoBuild: Including build template config/builds/sorceress.light.js into tools\party.js
AutoBuild: Including build template config/builds/sorceress.light.js into tools\townchicken.js
AutoBuild: Including build template config/builds/sorceress.light.js into tools\toolsthread.js
AutoBuild: Including build template config/builds/sorceress.light.js into default.dbj
AutoBuild: Including build template config/builds/sorceress.light.js into tools\autobuildthread.js
AutoBuild: Loaded helper thread
AutoBuild: Including build template config/builds/sorceress.light.js into tools\party.js
AutoBuild: Including build template config/builds/sorceress.light.js into tools\townchicken.js
AutoBuild: Including build template config/builds/sorceress.light.js into tools\toolsthread.js
AutoBuild: Including build template config/builds/sorceress.light.js into default.dbj
AutoBuild: Including build template config/builds/sorceress.light.js into tools\autobuildthread.js
AutoBuild: Loaded helper thread
AutoBuild: Including build template config/builds/sorceress.light.js into tools\party.js
AutoBuild: Including build template config/builds/sorceress.light.js into tools\townchicken.js
AutoBuild: Including build template config/builds/sorceress.light.js into tools\toolsthread.js
AutoBuild: Including build template config/builds/sorceress.light.js into default.dbj
AutoBuild: Including build template config/builds/sorceress.light.js into tools\autobuildthread.js
AutoBuild: Loaded helper thread
AutoBuild: Including build template config/builds/sorceress.light.js into tools\party.js
AutoBuild: Including build template config/builds/sorceress.light.js into tools\townchicken.js
AutoBuild: Including build template config/builds/sorceress.light.js into tools\toolsthread.js
AutoBuild: Including build template config/builds/sorceress.light.js into default.dbj
AutoBuild: Including build template config/builds/sorceress.light.js into tools\autobuildthread.js
AutoBuild: Loaded helper thread
AutoBuild: Including build template config/builds/sorceress.light.js into tools\party.js
AutoBuild: Including build template config/builds/sorceress.light.js into tools\townchicken.js
AutoBuild: Including build template config/builds/sorceress.light.js into tools\toolsthread.js
AutoBuild: Including build template config/builds/sorceress.light.js into default.dbj
AutoBuild: Including build template config/builds/sorceress.light.js into tools\autobuildthread.js
AutoBuild: Loaded helper thread
AutoBuild: Including build template config/builds/sorceress.light.js into tools\party.js
AutoBuild: Including build template config/builds/sorceress.light.js into tools\townchicken.js
AutoBuild: Including build template config/builds/sorceress.light.js into tools\toolsthread.js
AutoBuild: Including build template config/builds/sorceress.light.js into default.dbj
AutoBuild: Including build template config/builds/sorceress.light.js into tools\autobuildthread.js
AutoBuild: Loaded helper thread
AutoBuild: Including build template config/builds/sorceress.light.js into tools\party.js
AutoBuild: Including build template config/builds/sorceress.light.js into tools\townchicken.js
AutoBuild: Including build template config/builds/sorceress.light.js into tools\toolsthread.js
AutoBuild: Including build template config/builds/sorceress.light.js into default.dbj
AutoBuild: Including build template config/builds/sorceress.light.js into tools\autobuildthread.js
AutoBuild: Loaded helper thread
AutoBuild: Including build template config/builds/sorceress.light.js into tools\party.js
AutoBuild: Including build template config/builds/sorceress.light.js into tools\townchicken.js
AutoBuild: Including build template config/builds/sorceress.light.js into tools\toolsthread.js
AutoBuild: Stat points: 5      Skill points: 3
AutoBuild: Level up detected ( 24 --> 25 )
AutoBuild: useSkillPoint(): Energy Shield (58)
AutoBuild: Skill (1/1) Increased Energy Shield (58) by one (level:  1)
AutoBuild: useStatPoint(0): Strength
AutoBuild: Stat (1/5) Increased Strength from 33 to 34
AutoBuild: useStatPoint(1): Energy
AutoBuild: Stat (2/5) Increased Energy from 81 to 82
AutoBuild: useStatPoint(1): Energy
AutoBuild: Stat (3/5) Increased Energy from 82 to 83
AutoBuild: useStatPoint(3): Vitality
AutoBuild: Stat (4/5) Increased Vitality from 56 to 57
AutoBuild: useStatPoint(3): Vitality
AutoBuild: Stat (5/5) Increased Vitality from 57 to 58
AutoBuild: Updating Config from level 24 to 25
AutoBuild: Incrementing cached character level to 25
AutoBuild: Including build template config/builds/sorceress.light.js into default.dbj
AutoBuild: Including build template config/builds/sorceress.light.js into tools\autobuildthread.js
AutoBuild: Loaded helper thread
AutoBuild: Including build template config/builds/sorceress.light.js into tools\party.js
AutoBuild: Including build template config/builds/sorceress.light.js into tools\toolsthread.js
AutoBuild: Including build template config/builds/sorceress.light.js into tools\townchicken.js
AutoBuild: Including build template config/builds/sorceress.light.js into default.dbj
AutoBuild: Including build template config/builds/sorceress.light.js into tools\autobuildthread.js
AutoBuild: Loaded helper thread
AutoBuild: Including build template config/builds/sorceress.light.js into tools\party.js
AutoBuild: Including build template config/builds/sorceress.light.js into tools\toolsthread.js
AutoBuild: Including build template config/builds/sorceress.light.js into tools\townchicken.js
AutoBuild: Including build template config/builds/sorceress.light.js into default.dbj
AutoBuild: Including build template config/builds/sorceress.light.js into tools\autobuildthread.js
AutoBuild: Loaded helper thread
AutoBuild: Including build template config/builds/sorceress.light.js into tools\party.js
AutoBuild: Including build template config/builds/sorceress.light.js into tools\townchicken.js
AutoBuild: Including build template config/builds/sorceress.light.js into tools\toolsthread.js
AutoBuild: Including build template config/builds/sorceress.light.js into default.dbj
AutoBuild: Including build template config/builds/sorceress.light.js into tools\autobuildthread.js
AutoBuild: Loaded helper thread
AutoBuild: Including build template config/builds/sorceress.light.js into tools\party.js
AutoBuild: Including build template config/builds/sorceress.light.js into tools\townchicken.js
AutoBuild: Including build template config/builds/sorceress.light.js into tools\toolsthread.js
AutoBuild: Including build template config/builds/sorceress.light.js into default.dbj
AutoBuild: Including build template config/builds/sorceress.light.js into tools\autobuildthread.js
AutoBuild: Loaded helper thread
AutoBuild: Including build template config/builds/sorceress.light.js into tools\party.js
AutoBuild: Including build template config/builds/sorceress.light.js into tools\toolsthread.js
AutoBuild: Including build template config/builds/sorceress.light.js into tools\townchicken.js
AutoBuild: Including build template config/builds/sorceress.light.js into default.dbj
AutoBuild: Including build template config/builds/sorceress.light.js into tools\autobuildthread.js
AutoBuild: Loaded helper thread
AutoBuild: Including build template config/builds/sorceress.light.js into tools\party.js
AutoBuild: Including build template config/builds/sorceress.light.js into tools\townchicken.js
AutoBuild: Including build template config/builds/sorceress.light.js into tools\toolsthread.js
AutoBuild: Including build template config/builds/sorceress.light.js into default.dbj
AutoBuild: Including build template config/builds/sorceress.light.js into tools\autobuildthread.js
AutoBuild: Loaded helper thread
AutoBuild: Including build template config/builds/sorceress.light.js into tools\party.js
AutoBuild: Including build template config/builds/sorceress.light.js into tools\townchicken.js
AutoBuild: Including build template config/builds/sorceress.light.js into tools\toolsthread.js
AutoBuild: Including build template config/builds/sorceress.light.js into default.dbj
AutoBuild: Including build template config/builds/sorceress.light.js into tools\autobuildthread.js
AutoBuild: Loaded helper thread
AutoBuild: Including build template config/builds/sorceress.light.js into tools\party.js
AutoBuild: Including build template config/builds/sorceress.light.js into tools\toolsthread.js
AutoBuild: Including build template config/builds/sorceress.light.js into tools\townchicken.js
AutoBuild: Including build template config/builds/sorceress.light.js into default.dbj
AutoBuild: Including build template config/builds/sorceress.light.js into tools\autobuildthread.js
AutoBuild: Loaded helper thread
AutoBuild: Including build template config/builds/sorceress.light.js into tools\party.js
AutoBuild: Including build template config/builds/sorceress.light.js into tools\townchicken.js
AutoBuild: Including build template config/builds/sorceress.light.js into tools\toolsthread.js
AutoBuild: Including build template config/builds/sorceress.light.js into default.dbj
AutoBuild: Including build template config/builds/sorceress.light.js into tools\autobuildthread.js
AutoBuild: Loaded helper thread
AutoBuild: Including build template config/builds/sorceress.light.js into tools\party.js
AutoBuild: Including build template config/builds/sorceress.light.js into tools\townchicken.js
AutoBuild: Including build template config/builds/sorceress.light.js into tools\toolsthread.js
AutoBuild: Including build template config/builds/sorceress.light.js into default.dbj
AutoBuild: Including build template config/builds/sorceress.light.js into tools\autobuildthread.js
AutoBuild: Loaded helper thread
AutoBuild: Including build template config/builds/sorceress.light.js into tools\party.js
AutoBuild: Including build template config/builds/sorceress.light.js into tools\townchicken.js
AutoBuild: Including build template config/builds/sorceress.light.js into tools\toolsthread.js
AutoBuild: Including build template config/builds/sorceress.light.js into default.dbj
AutoBuild: Including build template config/builds/sorceress.light.js into tools\autobuildthread.js
AutoBuild: Loaded helper thread
AutoBuild: Including build template config/builds/sorceress.light.js into tools\party.js
AutoBuild: Including build template config/builds/sorceress.light.js into tools\toolsthread.js
AutoBuild: Including build template config/builds/sorceress.light.js into tools\townchicken.js
AutoBuild: Including build template config/builds/sorceress.light.js into default.dbj
AutoBuild: Including build template config/builds/sorceress.light.js into tools\autobuildthread.js
AutoBuild: Loaded helper thread
AutoBuild: Including build template config/builds/sorceress.light.js into tools\toolsthread.js
AutoBuild: Including build template config/builds/sorceress.light.js into tools\townchicken.js
AutoBuild: Including build template config/builds/sorceress.light.js into tools\party.js
AutoBuild: Including build template config/builds/sorceress.light.js into default.dbj
AutoBuild: Including build template config/builds/sorceress.light.js into tools\autobuildthread.js
AutoBuild: Loaded helper thread
AutoBuild: Including build template config/builds/sorceress.light.js into tools\party.js
AutoBuild: Including build template config/builds/sorceress.light.js into tools\townchicken.js
AutoBuild: Including build template config/builds/sorceress.light.js into tools\toolsthread.js
AutoBuild: Stat points: 5      Skill points: 3
AutoBuild: Level up detected ( 25 --> 26 )
AutoBuild: useSkillPoint(): Lightning (49)
AutoBuild: Skill (1/1) Increased Lightning (49) by one (level:  10)
AutoBuild: useStatPoint(0): Strength
AutoBuild: Stat (1/5) Increased Strength from 34 to 35
AutoBuild: useStatPoint(1): Energy
AutoBuild: Stat (2/5) Increased Energy from 83 to 84
AutoBuild: useStatPoint(1): Energy
AutoBuild: Stat (3/5) Increased Energy from 84 to 85
AutoBuild: useStatPoint(3): Vitality
AutoBuild: Stat (4/5) Increased Vitality from 58 to 59
AutoBuild: useStatPoint(3): Vitality
AutoBuild: Stat (5/5) Increased Vitality from 59 to 60
AutoBuild: Updating Config from level 25 to 26
AutoBuild: Incrementing cached character level to 26
AutoBuild: Including build template config/builds/sorceress.light.js into default.dbj
AutoBuild: Including build template config/builds/sorceress.light.js into tools\autobuildthread.js
AutoBuild: Loaded helper thread
AutoBuild: Including build template config/builds/sorceress.light.js into tools\party.js
AutoBuild: Including build template config/builds/sorceress.light.js into tools\toolsthread.js
AutoBuild: Including build template config/builds/sorceress.light.js into tools\townchicken.js
AutoBuild: Including build template config/builds/sorceress.light.js into default.dbj
AutoBuild: Including build template config/builds/sorceress.light.js into tools\autobuildthread.js
AutoBuild: Loaded helper thread
AutoBuild: Including build template config/builds/sorceress.light.js into tools\party.js
AutoBuild: Including build template config/builds/sorceress.light.js into tools\townchicken.js
AutoBuild: Including build template config/builds/sorceress.light.js into tools\toolsthread.js
AutoBuild: Including build template config/builds/sorceress.light.js into default.dbj
AutoBuild: Including build template config/builds/sorceress.light.js into tools\autobuildthread.js
AutoBuild: Loaded helper thread
AutoBuild: Including build template config/builds/sorceress.light.js into tools\party.js
AutoBuild: Including build template config/builds/sorceress.light.js into tools\townchicken.js
AutoBuild: Including build template config/builds/sorceress.light.js into tools\toolsthread.js
AutoBuild: Including build template config/builds/sorceress.light.js into default.dbj
AutoBuild: Including build template config/builds/sorceress.light.js into tools\autobuildthread.js
AutoBuild: Loaded helper thread
AutoBuild: Including build template config/builds/sorceress.light.js into tools\party.js
AutoBuild: Including build template config/builds/sorceress.light.js into tools\townchicken.js
AutoBuild: Including build template config/builds/sorceress.light.js into tools\toolsthread.js
AutoBuild: Including build template config/builds/sorceress.light.js into default.dbj
AutoBuild: Including build template config/builds/sorceress.light.js into tools\autobuildthread.js
AutoBuild: Loaded helper thread
AutoBuild: Including build template config/builds/sorceress.light.js into tools\party.js
AutoBuild: Including build template config/builds/sorceress.light.js into tools\townchicken.js
AutoBuild: Including build template config/builds/sorceress.light.js into tools\toolsthread.js
AutoBuild: Including build template config/builds/sorceress.light.js into default.dbj
AutoBuild: Including build template config/builds/sorceress.light.js into tools\autobuildthread.js
AutoBuild: Loaded helper thread
AutoBuild: Including build template config/builds/sorceress.light.js into tools\party.js
AutoBuild: Including build template config/builds/sorceress.light.js into tools\toolsthread.js
AutoBuild: Including build template config/builds/sorceress.light.js into tools\townchicken.js
AutoBuild: Including build template config/builds/sorceress.light.js into default.dbj
AutoBuild: Including build template config/builds/sorceress.light.js into tools\autobuildthread.js
AutoBuild: Loaded helper thread
AutoBuild: Including build template config/builds/sorceress.light.js into tools\party.js
AutoBuild: Including build template config/builds/sorceress.light.js into tools\townchicken.js
AutoBuild: Including build template config/builds/sorceress.light.js into tools\toolsthread.js
AutoBuild: Including build template config/builds/sorceress.light.js into default.dbj
AutoBuild: Including build template config/builds/sorceress.light.js into tools\autobuildthread.js
AutoBuild: Loaded helper thread
AutoBuild: Including build template config/builds/sorceress.light.js into tools\party.js
AutoBuild: Including build template config/builds/sorceress.light.js into tools\townchicken.js
AutoBuild: Including build template config/builds/sorceress.light.js into tools\toolsthread.js
AutoBuild: Including build template config/builds/sorceress.light.js into default.dbj
AutoBuild: Including build template config/builds/sorceress.light.js into tools\autobuildthread.js
AutoBuild: Loaded helper thread
AutoBuild: Including build template config/builds/sorceress.light.js into tools\party.js
AutoBuild: Including build template config/builds/sorceress.light.js into tools\townchicken.js
AutoBuild: Including build template config/builds/sorceress.light.js into tools\toolsthread.js
AutoBuild: Including build template config/builds/sorceress.light.js into default.dbj
AutoBuild: Including build template config/builds/sorceress.light.js into tools\autobuildthread.js
AutoBuild: Loaded helper thread
AutoBuild: Including build template config/builds/sorceress.light.js into tools\party.js
AutoBuild: Including build template config/builds/sorceress.light.js into tools\toolsthread.js
AutoBuild: Including build template config/builds/sorceress.light.js into tools\townchicken.js
AutoBuild: Including build template config/builds/sorceress.light.js into default.dbj
AutoBuild: Including build template config/builds/sorceress.light.js into tools\autobuildthread.js
AutoBuild: Loaded helper thread
AutoBuild: Including build template config/builds/sorceress.light.js into tools\party.js
AutoBuild: Including build template config/builds/sorceress.light.js into tools\townchicken.js
AutoBuild: Including build template config/builds/sorceress.light.js into tools\toolsthread.js
AutoBuild: Including build template config/builds/sorceress.light.js into default.dbj
AutoBuild: Including build template config/builds/sorceress.light.js into tools\autobuildthread.js
AutoBuild: Loaded helper thread
AutoBuild: Including build template config/builds/sorceress.light.js into tools\toolsthread.js
AutoBuild: Including build template config/builds/sorceress.light.js into tools\townchicken.js
AutoBuild: Including build template config/builds/sorceress.light.js into tools\party.js
AutoBuild: Including build template config/builds/sorceress.light.js into default.dbj
AutoBuild: Including build template config/builds/sorceress.light.js into tools\autobuildthread.js
AutoBuild: Loaded helper thread
AutoBuild: Including build template config/builds/sorceress.light.js into tools\party.js
AutoBuild: Including build template config/builds/sorceress.light.js into tools\toolsthread.js
AutoBuild: Including build template config/builds/sorceress.light.js into tools\townchicken.js
AutoBuild: Including build template config/builds/sorceress.light.js into default.dbj
AutoBuild: Including build template config/builds/sorceress.light.js into tools\autobuildthread.js
AutoBuild: Loaded helper thread
AutoBuild: Including build template config/builds/sorceress.light.js into tools\party.js
AutoBuild: Including build template config/builds/sorceress.light.js into tools\townchicken.js
AutoBuild: Including build template config/builds/sorceress.light.js into tools\toolsthread.js
AutoBuild: Including build template config/builds/sorceress.light.js into default.dbj
AutoBuild: Including build template config/builds/sorceress.light.js into tools\autobuildthread.js
AutoBuild: Loaded helper thread
AutoBuild: Including build template config/builds/sorceress.light.js into tools\party.js
AutoBuild: Including build template config/builds/sorceress.light.js into tools\toolsthread.js
AutoBuild: Including build template config/builds/sorceress.light.js into tools\townchicken.js
AutoBuild: Stat points: 5      Skill points: 3
AutoBuild: Level up detected ( 26 --> 27 )
AutoBuild: useSkillPoint(): Lightning (49)
AutoBuild: Skill (1/1) Increased Lightning (49) by one (level:  11)
AutoBuild: useStatPoint(0): Strength
AutoBuild: Stat (1/5) Increased Strength from 35 to 36
AutoBuild: useStatPoint(1): Energy
AutoBuild: Stat (2/5) Increased Energy from 85 to 86
AutoBuild: useStatPoint(1): Energy
AutoBuild: Stat (3/5) Increased Energy from 86 to 87
AutoBuild: useStatPoint(3): Vitality
AutoBuild: Stat (4/5) Increased Vitality from 60 to 61
AutoBuild: useStatPoint(3): Vitality
AutoBuild: Stat (5/5) Increased Vitality from 61 to 62
AutoBuild: Updating Config from level 26 to 27
AutoBuild: Incrementing cached character level to 27
AutoBuild: Including build template config/builds/sorceress.light.js into default.dbj
AutoBuild: Including build template config/builds/sorceress.light.js into tools\autobuildthread.js
AutoBuild: Loaded helper thread
AutoBuild: Including build template config/builds/sorceress.light.js into tools\party.js
AutoBuild: Including build template config/builds/sorceress.light.js into tools\townchicken.js
AutoBuild: Including build template config/builds/sorceress.light.js into tools\toolsthread.js
AutoBuild: Including build template config/builds/sorceress.light.js into default.dbj
AutoBuild: Including build template config/builds/sorceress.light.js into tools\autobuildthread.js
AutoBuild: Loaded helper thread
AutoBuild: Including build template config/builds/sorceress.light.js into tools\party.js
AutoBuild: Including build template config/builds/sorceress.light.js into tools\townchicken.js
AutoBuild: Including build template config/builds/sorceress.light.js into tools\toolsthread.js
AutoBuild: Including build template config/builds/sorceress.light.js into default.dbj
AutoBuild: Including build template config/builds/sorceress.light.js into tools\autobuildthread.js
AutoBuild: Loaded helper thread
AutoBuild: Including build template config/builds/sorceress.light.js into tools\party.js
AutoBuild: Including build template config/builds/sorceress.light.js into tools\toolsthread.js
AutoBuild: Including build template config/builds/sorceress.light.js into tools\townchicken.js
AutoBuild: Including build template config/builds/sorceress.light.js into default.dbj
AutoBuild: Including build template config/builds/sorceress.light.js into tools\autobuildthread.js
AutoBuild: Loaded helper thread
AutoBuild: Including build template config/builds/sorceress.light.js into tools\party.js
AutoBuild: Including build template config/builds/sorceress.light.js into tools\townchicken.js
AutoBuild: Including build template config/builds/sorceress.light.js into tools\toolsthread.js
AutoBuild: Including build template config/builds/sorceress.light.js into default.dbj
AutoBuild: Including build template config/builds/sorceress.light.js into tools\autobuildthread.js
AutoBuild: Loaded helper thread
AutoBuild: Including build template config/builds/sorceress.light.js into tools\party.js
AutoBuild: Including build template config/builds/sorceress.light.js into tools\toolsthread.js
AutoBuild: Including build template config/builds/sorceress.light.js into tools\townchicken.js
AutoBuild: Including build template config/builds/sorceress.light.js into default.dbj
AutoBuild: Including build template config/builds/sorceress.light.js into tools\autobuildthread.js
AutoBuild: Loaded helper thread
AutoBuild: Including build template config/builds/sorceress.light.js into tools\party.js
AutoBuild: Including build template config/builds/sorceress.light.js into tools\townchicken.js
AutoBuild: Including build template config/builds/sorceress.light.js into tools\toolsthread.js
AutoBuild: Including build template config/builds/sorceress.light.js into default.dbj
AutoBuild: Including build template config/builds/sorceress.light.js into tools\autobuildthread.js
AutoBuild: Loaded helper thread
AutoBuild: Including build template config/builds/sorceress.light.js into tools\party.js
AutoBuild: Including build template config/builds/sorceress.light.js into tools\toolsthread.js
AutoBuild: Including build template config/builds/sorceress.light.js into tools\townchicken.js
AutoBuild: Including build template config/builds/sorceress.light.js into default.dbj
AutoBuild: Including build template config/builds/sorceress.light.js into tools\autobuildthread.js
AutoBuild: Loaded helper thread
AutoBuild: Including build template config/builds/sorceress.light.js into tools\party.js
AutoBuild: Including build template config/builds/sorceress.light.js into tools\townchicken.js
AutoBuild: Including build template config/builds/sorceress.light.js into tools\toolsthread.js
AutoBuild: Including build template config/builds/sorceress.light.js into default.dbj
AutoBuild: Including build template config/builds/sorceress.light.js into tools\autobuildthread.js
AutoBuild: Loaded helper thread
AutoBuild: Including build template config/builds/sorceress.light.js into tools\party.js
AutoBuild: Including build template config/builds/sorceress.light.js into tools\toolsthread.js
AutoBuild: Including build template config/builds/sorceress.light.js into tools\townchicken.js
AutoBuild: Including build template config/builds/sorceress.light.js into default.dbj
AutoBuild: Including build template config/builds/sorceress.light.js into tools\autobuildthread.js
AutoBuild: Loaded helper thread
AutoBuild: Including build template config/builds/sorceress.light.js into tools\party.js
AutoBuild: Including build template config/builds/sorceress.light.js into tools\townchicken.js
AutoBuild: Including build template config/builds/sorceress.light.js into tools\toolsthread.js
AutoBuild: Including build template config/builds/sorceress.light.js into default.dbj
AutoBuild: Including build template config/builds/sorceress.light.js into tools\autobuildthread.js
AutoBuild: Loaded helper thread
AutoBuild: Including build template config/builds/sorceress.light.js into tools\party.js
AutoBuild: Including build template config/builds/sorceress.light.js into tools\townchicken.js
AutoBuild: Including build template config/builds/sorceress.light.js into tools\toolsthread.js
AutoBuild: Including build template config/builds/sorceress.light.js into default.dbj
AutoBuild: Including build template config/builds/sorceress.light.js into tools\autobuildthread.js
AutoBuild: Loaded helper thread
AutoBuild: Including build template config/builds/sorceress.light.js into tools\party.js
AutoBuild: Including build template config/builds/sorceress.light.js into tools\townchicken.js
AutoBuild: Including build template config/builds/sorceress.light.js into tools\toolsthread.js
AutoBuild: Including build template config/builds/sorceress.light.js into default.dbj
AutoBuild: Including build template config/builds/sorceress.light.js into tools\autobuildthread.js
AutoBuild: Loaded helper thread
AutoBuild: Including build template config/builds/sorceress.light.js into tools\party.js
AutoBuild: Including build template config/builds/sorceress.light.js into tools\townchicken.js
AutoBuild: Including build template config/builds/sorceress.light.js into tools\toolsthread.js
AutoBuild: Including build template config/builds/sorceress.light.js into default.dbj
AutoBuild: Including build template config/builds/sorceress.light.js into tools\autobuildthread.js
AutoBuild: Loaded helper thread
AutoBuild: Including build template config/builds/sorceress.light.js into tools\party.js
AutoBuild: Including build template config/builds/sorceress.light.js into tools\toolsthread.js
AutoBuild: Including build template config/builds/sorceress.light.js into tools\townchicken.js
AutoBuild: Including build template config/builds/sorceress.light.js into default.dbj
AutoBuild: Including build template config/builds/sorceress.light.js into tools\autobuildthread.js
AutoBuild: Loaded helper thread
AutoBuild: Including build template config/builds/sorceress.light.js into tools\party.js
AutoBuild: Including build template config/builds/sorceress.light.js into tools\townchicken.js
AutoBuild: Including build template config/builds/sorceress.light.js into tools\toolsthread.js
AutoBuild: Including build template config/builds/sorceress.light.js into default.dbj
AutoBuild: Including build template config/builds/sorceress.light.js into tools\autobuildthread.js
AutoBuild: Loaded helper thread
AutoBuild: Including build template config/builds/sorceress.light.js into tools\party.js
AutoBuild: Including build template config/builds/sorceress.light.js into tools\townchicken.js
AutoBuild: Including build template config/builds/sorceress.light.js into tools\toolsthread.js
AutoBuild: Including build template config/builds/sorceress.light.js into default.dbj
AutoBuild: Including build template config/builds/sorceress.light.js into tools\autobuildthread.js
AutoBuild: Loaded helper thread
AutoBuild: Including build template config/builds/sorceress.light.js into tools\party.js
AutoBuild: Including build template config/builds/sorceress.light.js into tools\townchicken.js
AutoBuild: Including build template config/builds/sorceress.light.js into tools\toolsthread.js
AutoBuild: Including build template config/builds/sorceress.light.js into default.dbj
AutoBuild: Including build template config/builds/sorceress.light.js into tools\autobuildthread.js
AutoBuild: Loaded helper thread
AutoBuild: Including build template config/builds/sorceress.light.js into tools\party.js
AutoBuild: Including build template config/builds/sorceress.light.js into tools\townchicken.js
AutoBuild: Including build template config/builds/sorceress.light.js into tools\toolsthread.js
AutoBuild: Including build template config/builds/sorceress.light.js into default.dbj
AutoBuild: Including build template config/builds/sorceress.light.js into tools\autobuildthread.js
AutoBuild: Loaded helper thread
AutoBuild: Including build template config/builds/sorceress.light.js into tools\party.js
AutoBuild: Including build template config/builds/sorceress.light.js into tools\townchicken.js
AutoBuild: Including build template config/builds/sorceress.light.js into tools\toolsthread.js
AutoBuild: Including build template config/builds/sorceress.light.js into default.dbj
AutoBuild: Including build template config/builds/sorceress.light.js into tools\autobuildthread.js
AutoBuild: Loaded helper thread
AutoBuild: Including build template config/builds/sorceress.light.js into tools\party.js
AutoBuild: Including build template config/builds/sorceress.light.js into tools\toolsthread.js
AutoBuild: Including build template config/builds/sorceress.light.js into tools\townchicken.js
AutoBuild: Including build template config/builds/sorceress.light.js into default.dbj
AutoBuild: Including build template config/builds/sorceress.light.js into tools\autobuildthread.js
AutoBuild: Loaded helper thread
AutoBuild: Including build template config/builds/sorceress.light.js into tools\party.js
AutoBuild: Including build template config/builds/sorceress.light.js into tools\townchicken.js
AutoBuild: Including build template config/builds/sorceress.light.js into tools\toolsthread.js
AutoBuild: Stat points: 5      Skill points: 3
AutoBuild: Level up detected ( 27 --> 28 )
AutoBuild: useSkillPoint(): Lightning (49)
AutoBuild: Skill (1/1) Increased Lightning (49) by one (level:  12)
AutoBuild: useStatPoint(0): Strength
AutoBuild: Stat (1/5) Increased Strength from 36 to 37
AutoBuild: useStatPoint(1): Energy
AutoBuild: Stat (2/5) Increased Energy from 87 to 88
AutoBuild: useStatPoint(1): Energy
AutoBuild: Stat (3/5) Increased Energy from 88 to 89
AutoBuild: useStatPoint(3): Vitality
AutoBuild: Attempt to spend point 4 in Vitality may have failed!
AutoBuild: useStatPoint(3): Vitality
AutoBuild: Stat (5/5) Increased Vitality from 63 to 64
AutoBuild: Updating Config from level 27 to 28
AutoBuild: Incrementing cached character level to 28
AutoBuild: Including build template config/builds/sorceress.light.js into default.dbj
AutoBuild: Including build template config/builds/sorceress.light.js into tools\autobuildthread.js
AutoBuild: Loaded helper thread
AutoBuild: Including build template config/builds/sorceress.light.js into tools\party.js
AutoBuild: Including build template config/builds/sorceress.light.js into tools\townchicken.js
AutoBuild: Including build template config/builds/sorceress.light.js into tools\toolsthread.js
AutoBuild: Including build template config/builds/sorceress.light.js into default.dbj
AutoBuild: Including build template config/builds/sorceress.light.js into tools\autobuildthread.js
AutoBuild: Loaded helper thread
AutoBuild: Including build template config/builds/sorceress.light.js into tools\party.js
AutoBuild: Including build template config/builds/sorceress.light.js into tools\townchicken.js
AutoBuild: Including build template config/builds/sorceress.light.js into tools\toolsthread.js
AutoBuild: Including build template config/builds/sorceress.light.js into default.dbj
AutoBuild: Including build template config/builds/sorceress.light.js into tools\autobuildthread.js
AutoBuild: Loaded helper thread
AutoBuild: Including build template config/builds/sorceress.light.js into tools\party.js
AutoBuild: Including build template config/builds/sorceress.light.js into tools\townchicken.js
AutoBuild: Including build template config/builds/sorceress.light.js into tools\toolsthread.js
AutoBuild: Including build template config/builds/sorceress.light.js into default.dbj
AutoBuild: Including build template config/builds/sorceress.light.js into tools\autobuildthread.js
AutoBuild: Loaded helper thread
AutoBuild: Including build template config/builds/sorceress.light.js into tools\party.js
AutoBuild: Including build template config/builds/sorceress.light.js into tools\toolsthread.js
AutoBuild: Including build template config/builds/sorceress.light.js into tools\townchicken.js
AutoBuild: Including build template config/builds/sorceress.light.js into default.dbj
AutoBuild: Including build template config/builds/sorceress.light.js into tools\autobuildthread.js
AutoBuild: Loaded helper thread
AutoBuild: Including build template config/builds/sorceress.light.js into tools\party.js
AutoBuild: Including build template config/builds/sorceress.light.js into tools\townchicken.js
AutoBuild: Including build template config/builds/sorceress.light.js into tools\toolsthread.js
AutoBuild: Including build template config/builds/sorceress.light.js into default.dbj
AutoBuild: Including build template config/builds/sorceress.light.js into tools\autobuildthread.js
AutoBuild: Loaded helper thread
AutoBuild: Including build template config/builds/sorceress.light.js into tools\party.js
AutoBuild: Including build template config/builds/sorceress.light.js into tools\toolsthread.js
AutoBuild: Including build template config/builds/sorceress.light.js into tools\townchicken.js
AutoBuild: Including build template config/builds/sorceress.light.js into default.dbj
AutoBuild: Including build template config/builds/sorceress.light.js into tools\autobuildthread.js
AutoBuild: Loaded helper thread
AutoBuild: Including build template config/builds/sorceress.light.js into tools\party.js
AutoBuild: Including build template config/builds/sorceress.light.js into tools\townchicken.js
AutoBuild: Including build template config/builds/sorceress.light.js into tools\toolsthread.js
AutoBuild: Including build template config/builds/sorceress.light.js into default.dbj
AutoBuild: Including build template config/builds/sorceress.light.js into tools\autobuildthread.js
AutoBuild: Loaded helper thread
AutoBuild: Including build template config/builds/sorceress.light.js into tools\party.js
AutoBuild: Including build template config/builds/sorceress.light.js into tools\townchicken.js
AutoBuild: Including build template config/builds/sorceress.light.js into tools\toolsthread.js
AutoBuild: Including build template config/builds/sorceress.light.js into default.dbj
AutoBuild: Including build template config/builds/sorceress.light.js into tools\autobuildthread.js
AutoBuild: Loaded helper thread
AutoBuild: Including build template config/builds/sorceress.light.js into tools\party.js
AutoBuild: Including build template config/builds/sorceress.light.js into tools\toolsthread.js
AutoBuild: Including build template config/builds/sorceress.light.js into tools\townchicken.js
AutoBuild: Including build template config/builds/sorceress.light.js into default.dbj
AutoBuild: Including build template config/builds/sorceress.light.js into tools\autobuildthread.js
AutoBuild: Loaded helper thread
AutoBuild: Including build template config/builds/sorceress.light.js into tools\party.js
AutoBuild: Including build template config/builds/sorceress.light.js into tools\townchicken.js
AutoBuild: Including build template config/builds/sorceress.light.js into tools\toolsthread.js
AutoBuild: Including build template config/builds/sorceress.light.js into default.dbj
AutoBuild: Including build template config/builds/sorceress.light.js into tools\autobuildthread.js
AutoBuild: Loaded helper thread
AutoBuild: Including build template config/builds/sorceress.light.js into tools\party.js
AutoBuild: Including build template config/builds/sorceress.light.js into tools\townchicken.js
AutoBuild: Including build template config/builds/sorceress.light.js into tools\toolsthread.js
AutoBuild: Including build template config/builds/sorceress.light.js into default.dbj
AutoBuild: Including build template config/builds/sorceress.light.js into tools\autobuildthread.js
AutoBuild: Loaded helper thread
AutoBuild: Including build template config/builds/sorceress.light.js into tools\party.js
AutoBuild: Including build template config/builds/sorceress.light.js into tools\toolsthread.js
AutoBuild: Including build template config/builds/sorceress.light.js into tools\townchicken.js
AutoBuild: Including build template config/builds/sorceress.light.js into default.dbj
AutoBuild: Including build template config/builds/sorceress.light.js into tools\autobuildthread.js
AutoBuild: Loaded helper thread
AutoBuild: Including build template config/builds/sorceress.light.js into tools\party.js
AutoBuild: Including build template config/builds/sorceress.light.js into tools\townchicken.js
AutoBuild: Including build template config/builds/sorceress.light.js into tools\toolsthread.js
AutoBuild: Including build template config/builds/sorceress.light.js into default.dbj
AutoBuild: Including build template config/builds/sorceress.light.js into tools\autobuildthread.js
AutoBuild: Loaded helper thread
AutoBuild: Including build template config/builds/sorceress.light.js into tools\party.js
AutoBuild: Including build template config/builds/sorceress.light.js into tools\townchicken.js
AutoBuild: Including build template config/builds/sorceress.light.js into tools\toolsthread.js
AutoBuild: Including build template config/builds/sorceress.light.js into default.dbj
AutoBuild: Including build template config/builds/sorceress.light.js into tools\autobuildthread.js
AutoBuild: Loaded helper thread
AutoBuild: Including build template config/builds/sorceress.light.js into tools\party.js
AutoBuild: Including build template config/builds/sorceress.light.js into tools\townchicken.js
AutoBuild: Including build template config/builds/sorceress.light.js into tools\toolsthread.js
AutoBuild: Including build template config/builds/sorceress.light.js into default.dbj
AutoBuild: Including build template config/builds/sorceress.light.js into tools\autobuildthread.js
AutoBuild: Loaded helper thread
AutoBuild: Including build template config/builds/sorceress.light.js into tools\party.js
AutoBuild: Including build template config/builds/sorceress.light.js into tools\townchicken.js
AutoBuild: Including build template config/builds/sorceress.light.js into tools\toolsthread.js
AutoBuild: Including build template config/builds/sorceress.light.js into default.dbj
AutoBuild: Including build template config/builds/sorceress.light.js into tools\autobuildthread.js
AutoBuild: Loaded helper thread
AutoBuild: Including build template config/builds/sorceress.light.js into tools\party.js
AutoBuild: Including build template config/builds/sorceress.light.js into tools\townchicken.js
AutoBuild: Including build template config/builds/sorceress.light.js into tools\toolsthread.js
AutoBuild: Including build template config/builds/sorceress.light.js into default.dbj
AutoBuild: Including build template config/builds/sorceress.light.js into tools\autobuildthread.js
AutoBuild: Loaded helper thread
AutoBuild: Including build template config/builds/sorceress.light.js into tools\party.js
AutoBuild: Including build template config/builds/sorceress.light.js into tools\townchicken.js
AutoBuild: Including build template config/builds/sorceress.light.js into tools\toolsthread.js
AutoBuild: Including build template config/builds/sorceress.light.js into default.dbj
AutoBuild: Including build template config/builds/sorceress.light.js into tools\autobuildthread.js
AutoBuild: Loaded helper thread
AutoBuild: Including build template config/builds/sorceress.light.js into tools\party.js
AutoBuild: Including build template config/builds/sorceress.light.js into tools\townchicken.js
AutoBuild: Including build template config/builds/sorceress.light.js into tools\toolsthread.js
AutoBuild: Including build template config/builds/sorceress.light.js into default.dbj
AutoBuild: Including build template config/builds/sorceress.light.js into tools\autobuildthread.js
AutoBuild: Loaded helper thread
AutoBuild: Including build template config/builds/sorceress.light.js into tools\party.js
AutoBuild: Including build template config/builds/sorceress.light.js into tools\townchicken.js
AutoBuild: Including build template config/builds/sorceress.light.js into tools\toolsthread.js
AutoBuild: Including build template config/builds/sorceress.light.js into default.dbj
AutoBuild: Including build template config/builds/sorceress.light.js into tools\autobuildthread.js
AutoBuild: Loaded helper thread
AutoBuild: Including build template config/builds/sorceress.light.js into tools\party.js
AutoBuild: Including build template config/builds/sorceress.light.js into tools\townchicken.js
AutoBuild: Including build template config/builds/sorceress.light.js into tools\toolsthread.js
AutoBuild: Including build template config/builds/sorceress.light.js into default.dbj
AutoBuild: Including build template config/builds/sorceress.light.js into tools\autobuildthread.js
AutoBuild: Loaded helper thread
AutoBuild: Including build template config/builds/sorceress.light.js into tools\party.js
AutoBuild: Including build template config/builds/sorceress.light.js into tools\townchicken.js
AutoBuild: Including build template config/builds/sorceress.light.js into tools\toolsthread.js
AutoBuild: Including build template config/builds/sorceress.light.js into default.dbj
AutoBuild: Including build template config/builds/sorceress.light.js into tools\autobuildthread.js
AutoBuild: Loaded helper thread
AutoBuild: Including build template config/builds/sorceress.light.js into tools\party.js
AutoBuild: Including build template config/builds/sorceress.light.js into tools\townchicken.js
AutoBuild: Including build template config/builds/sorceress.light.js into tools\toolsthread.js
AutoBuild: Including build template config/builds/sorceress.light.js into default.dbj
AutoBuild: Including build template config/builds/sorceress.light.js into tools\autobuildthread.js
AutoBuild: Loaded helper thread
AutoBuild: Including build template config/builds/sorceress.light.js into tools\party.js
AutoBuild: Including build template config/builds/sorceress.light.js into tools\toolsthread.js
AutoBuild: Including build template config/builds/sorceress.light.js into tools\townchicken.js
AutoBuild: Including build template config/builds/sorceress.light.js into default.dbj
AutoBuild: Including build template config/builds/sorceress.light.js into tools\autobuildthread.js
AutoBuild: Loaded helper thread
AutoBuild: Including build template config/builds/sorceress.light.js into tools\party.js
AutoBuild: Including build template config/builds/sorceress.light.js into tools\toolsthread.js
AutoBuild: Including build template config/builds/sorceress.light.js into tools\townchicken.js
AutoBuild: Including build template config/builds/sorceress.light.js into default.dbj
AutoBuild: Including build template config/builds/sorceress.light.js into tools\autobuildthread.js
AutoBuild: Loaded helper thread
AutoBuild: Including build template config/builds/sorceress.light.js into tools\party.js
AutoBuild: Including build template config/builds/sorceress.light.js into tools\townchicken.js
AutoBuild: Including build template config/builds/sorceress.light.js into tools\toolsthread.js
AutoBuild: Including build template config/builds/sorceress.light.js into default.dbj
AutoBuild: Including build template config/builds/sorceress.light.js into tools\autobuildthread.js
AutoBuild: Loaded helper thread
AutoBuild: Including build template config/builds/sorceress.light.js into tools\party.js
AutoBuild: Including build template config/builds/sorceress.light.js into tools\townchicken.js
AutoBuild: Including build template config/builds/sorceress.light.js into tools\toolsthread.js
AutoBuild: Including build template config/builds/sorceress.light.js into default.dbj
AutoBuild: Including build template config/builds/sorceress.light.js into tools\autobuildthread.js
AutoBuild: Loaded helper thread
AutoBuild: Including build template config/builds/sorceress.light.js into tools\party.js
AutoBuild: Including build template config/builds/sorceress.light.js into tools\toolsthread.js
AutoBuild: Including build template config/builds/sorceress.light.js into tools\townchicken.js
AutoBuild: Including build template config/builds/sorceress.light.js into default.dbj
AutoBuild: Including build template config/builds/sorceress.light.js into tools\autobuildthread.js
AutoBuild: Loaded helper thread
AutoBuild: Including build template config/builds/sorceress.light.js into tools\party.js
AutoBuild: Including build template config/builds/sorceress.light.js into tools\townchicken.js
AutoBuild: Including build template config/builds/sorceress.light.js into tools\toolsthread.js
AutoBuild: Stat points: 5      Skill points: 3
AutoBuild: Level up detected ( 28 --> 29 )
AutoBuild: useSkillPoint(): Lightning (49)
AutoBuild: Skill (1/1) Increased Lightning (49) by one (level:  13)
AutoBuild: useStatPoint(0): Strength
AutoBuild: Stat (1/5) Increased Strength from 37 to 38
AutoBuild: useStatPoint(1): Energy
AutoBuild: Stat (2/5) Increased Energy from 89 to 90
AutoBuild: useStatPoint(1): Energy
AutoBuild: Stat (3/5) Increased Energy from 90 to 91
AutoBuild: useStatPoint(3): Vitality
AutoBuild: Stat (4/5) Increased Vitality from 64 to 65
AutoBuild: useStatPoint(3): Vitality
AutoBuild: Stat (5/5) Increased Vitality from 65 to 66
AutoBuild: Updating Config from level 28 to 29
AutoBuild: Incrementing cached character level to 29
AutoBuild: Including build template config/builds/sorceress.light.js into default.dbj
AutoBuild: Including build template config/builds/sorceress.light.js into tools\autobuildthread.js
AutoBuild: Loaded helper thread
AutoBuild: Including build template config/builds/sorceress.light.js into tools\party.js
AutoBuild: Including build template config/builds/sorceress.light.js into tools\toolsthread.js
AutoBuild: Including build template config/builds/sorceress.light.js into tools\townchicken.js
AutoBuild: Including build template config/builds/sorceress.light.js into default.dbj
AutoBuild: Including build template config/builds/sorceress.light.js into tools\autobuildthread.js
AutoBuild: Loaded helper thread
AutoBuild: Including build template config/builds/sorceress.light.js into tools\party.js
AutoBuild: Including build template config/builds/sorceress.light.js into tools\townchicken.js
AutoBuild: Including build template config/builds/sorceress.light.js into tools\toolsthread.js
AutoBuild: Including build template config/builds/sorceress.light.js into default.dbj
AutoBuild: Including build template config/builds/sorceress.light.js into tools\autobuildthread.js
AutoBuild: Loaded helper thread
AutoBuild: Including build template config/builds/sorceress.light.js into tools\party.js
AutoBuild: Including build template config/builds/sorceress.light.js into tools\townchicken.js
AutoBuild: Including build template config/builds/sorceress.light.js into tools\toolsthread.js
AutoBuild: Including build template config/builds/sorceress.light.js into default.dbj
AutoBuild: Including build template config/builds/sorceress.light.js into tools\autobuildthread.js
AutoBuild: Loaded helper thread
AutoBuild: Including build template config/builds/sorceress.light.js into tools\party.js
AutoBuild: Including build template config/builds/sorceress.light.js into tools\townchicken.js
AutoBuild: Including build template config/builds/sorceress.light.js into tools\toolsthread.js
AutoBuild: Including build template config/builds/sorceress.light.js into default.dbj
AutoBuild: Including build template config/builds/sorceress.light.js into tools\autobuildthread.js
AutoBuild: Loaded helper thread
AutoBuild: Including build template config/builds/sorceress.light.js into tools\party.js
AutoBuild: Including build template config/builds/sorceress.light.js into tools\townchicken.js
AutoBuild: Including build template config/builds/sorceress.light.js into tools\toolsthread.js
AutoBuild: Including build template config/builds/sorceress.light.js into default.dbj
AutoBuild: Including build template config/builds/sorceress.light.js into tools\autobuildthread.js
AutoBuild: Loaded helper thread
AutoBuild: Including build template config/builds/sorceress.light.js into tools\party.js
AutoBuild: Including build template config/builds/sorceress.light.js into tools\toolsthread.js
AutoBuild: Including build template config/builds/sorceress.light.js into tools\townchicken.js
AutoBuild: Including build template config/builds/sorceress.light.js into default.dbj
AutoBuild: Including build template config/builds/sorceress.light.js into tools\autobuildthread.js
AutoBuild: Loaded helper thread
AutoBuild: Including build template config/builds/sorceress.light.js into tools\party.js
AutoBuild: Including build template config/builds/sorceress.light.js into tools\toolsthread.js
AutoBuild: Including build template config/builds/sorceress.light.js into tools\townchicken.js
AutoBuild: Including build template config/builds/sorceress.light.js into default.dbj
AutoBuild: Including build template config/builds/sorceress.light.js into tools\autobuildthread.js
AutoBuild: Loaded helper thread
AutoBuild: Including build template config/builds/sorceress.light.js into tools\party.js
AutoBuild: Including build template config/builds/sorceress.light.js into tools\townchicken.js
AutoBuild: Including build template config/builds/sorceress.light.js into tools\toolsthread.js
AutoBuild: Including build template config/builds/sorceress.light.js into default.dbj
AutoBuild: Including build template config/builds/sorceress.light.js into tools\autobuildthread.js
AutoBuild: Loaded helper thread
AutoBuild: Including build template config/builds/sorceress.light.js into tools\party.js
AutoBuild: Including build template config/builds/sorceress.light.js into tools\townchicken.js
AutoBuild: Including build template config/builds/sorceress.light.js into tools\toolsthread.js
AutoBuild: Including build template config/builds/sorceress.light.js into default.dbj
AutoBuild: Including build template config/builds/sorceress.light.js into tools\autobuildthread.js
AutoBuild: Loaded helper thread
AutoBuild: Including build template config/builds/sorceress.light.js into tools\party.js
AutoBuild: Including build template config/builds/sorceress.light.js into tools\townchicken.js
AutoBuild: Including build template config/builds/sorceress.light.js into tools\toolsthread.js
AutoBuild: Including build template config/builds/sorceress.light.js into default.dbj
AutoBuild: Including build template config/builds/sorceress.light.js into tools\autobuildthread.js
AutoBuild: Loaded helper thread
AutoBuild: Including build template config/builds/sorceress.light.js into tools\party.js
AutoBuild: Including build template config/builds/sorceress.light.js into tools\townchicken.js
AutoBuild: Including build template config/builds/sorceress.light.js into tools\toolsthread.js
AutoBuild: Including build template config/builds/sorceress.light.js into default.dbj
AutoBuild: Including build template config/builds/sorceress.light.js into tools\autobuildthread.js
AutoBuild: Loaded helper thread
AutoBuild: Including build template config/builds/sorceress.light.js into tools\party.js
AutoBuild: Including build template config/builds/sorceress.light.js into tools\toolsthread.js
AutoBuild: Including build template config/builds/sorceress.light.js into tools\townchicken.js
AutoBuild: Including build template config/builds/sorceress.light.js into default.dbj
AutoBuild: Including build template config/builds/sorceress.light.js into tools\autobuildthread.js
AutoBuild: Loaded helper thread
AutoBuild: Including build template config/builds/sorceress.light.js into tools\party.js
AutoBuild: Including build template config/builds/sorceress.light.js into tools\townchicken.js
AutoBuild: Including build template config/builds/sorceress.light.js into tools\toolsthread.js
AutoBuild: Including build template config/builds/sorceress.light.js into default.dbj
AutoBuild: Including build template config/builds/sorceress.light.js into tools\autobuildthread.js
AutoBuild: Loaded helper thread
AutoBuild: Including build template config/builds/sorceress.light.js into tools\party.js
AutoBuild: Including build template config/builds/sorceress.light.js into tools\toolsthread.js
AutoBuild: Including build template config/builds/sorceress.light.js into tools\townchicken.js
AutoBuild: Including build template config/builds/sorceress.light.js into default.dbj
AutoBuild: Including build template config/builds/sorceress.light.js into tools\autobuildthread.js
AutoBuild: Loaded helper thread
AutoBuild: Including build template config/builds/sorceress.light.js into tools\party.js
AutoBuild: Including build template config/builds/sorceress.light.js into tools\townchicken.js
AutoBuild: Including build template config/builds/sorceress.light.js into tools\toolsthread.js
AutoBuild: Including build template config/builds/sorceress.light.js into default.dbj
AutoBuild: Including build template config/builds/sorceress.light.js into tools\autobuildthread.js
AutoBuild: Loaded helper thread
AutoBuild: Including build template config/builds/sorceress.light.js into tools\party.js
AutoBuild: Including build template config/builds/sorceress.light.js into tools\townchicken.js
AutoBuild: Including build template config/builds/sorceress.light.js into tools\toolsthread.js
AutoBuild: Including build template config/builds/sorceress.light.js into default.dbj
AutoBuild: Including build template config/builds/sorceress.light.js into tools\autobuildthread.js
AutoBuild: Loaded helper thread
AutoBuild: Including build template config/builds/sorceress.light.js into tools\party.js
AutoBuild: Including build template config/builds/sorceress.light.js into tools\townchicken.js
AutoBuild: Including build template config/builds/sorceress.light.js into tools\toolsthread.js
AutoBuild: Including build template config/builds/sorceress.light.js into default.dbj
AutoBuild: Including build template config/builds/sorceress.light.js into tools\autobuildthread.js
AutoBuild: Loaded helper thread
AutoBuild: Including build template config/builds/sorceress.light.js into tools\party.js
AutoBuild: Including build template config/builds/sorceress.light.js into tools\townchicken.js
AutoBuild: Including build template config/builds/sorceress.light.js into tools\toolsthread.js
AutoBuild: Including build template config/builds/sorceress.light.js into default.dbj
AutoBuild: Including build template config/builds/sorceress.light.js into tools\autobuildthread.js
AutoBuild: Loaded helper thread
AutoBuild: Including build template config/builds/sorceress.light.js into tools\party.js
AutoBuild: Including build template config/builds/sorceress.light.js into tools\townchicken.js
AutoBuild: Including build template config/builds/sorceress.light.js into tools\toolsthread.js
AutoBuild: Including build template config/builds/sorceress.light.js into default.dbj
AutoBuild: Including build template config/builds/sorceress.light.js into tools\autobuildthread.js
AutoBuild: Loaded helper thread
AutoBuild: Including build template config/builds/sorceress.light.js into tools\party.js
AutoBuild: Including build template config/builds/sorceress.light.js into tools\townchicken.js
AutoBuild: Including build template config/builds/sorceress.light.js into tools\toolsthread.js
AutoBuild: Including build template config/builds/sorceress.light.js into default.dbj
AutoBuild: Including build template config/builds/sorceress.light.js into tools\autobuildthread.js
AutoBuild: Loaded helper thread
AutoBuild: Including build template config/builds/sorceress.light.js into tools\party.js
AutoBuild: Including build template config/builds/sorceress.light.js into tools\townchicken.js
AutoBuild: Including build template config/builds/sorceress.light.js into tools\toolsthread.js
AutoBuild: Including build template config/builds/sorceress.light.js into default.dbj
AutoBuild: Including build template config/builds/sorceress.light.js into tools\autobuildthread.js
AutoBuild: Loaded helper thread
AutoBuild: Including build template config/builds/sorceress.light.js into tools\party.js
AutoBuild: Including build template config/builds/sorceress.light.js into tools\townchicken.js
AutoBuild: Including build template config/builds/sorceress.light.js into tools\toolsthread.js
AutoBuild: Including build template config/builds/sorceress.light.js into default.dbj
AutoBuild: Including build template config/builds/sorceress.light.js into tools\autobuildthread.js
AutoBuild: Loaded helper thread
AutoBuild: Including build template config/builds/sorceress.light.js into tools\party.js
AutoBuild: Including build template config/builds/sorceress.light.js into tools\toolsthread.js
AutoBuild: Including build template config/builds/sorceress.light.js into tools\townchicken.js
AutoBuild: Including build template config/builds/sorceress.light.js into default.dbj
AutoBuild: Including build template config/builds/sorceress.light.js into tools\autobuildthread.js
AutoBuild: Loaded helper thread
AutoBuild: Including build template config/builds/sorceress.light.js into tools\party.js
AutoBuild: Including build template config/builds/sorceress.light.js into tools\townchicken.js
AutoBuild: Including build template config/builds/sorceress.light.js into tools\toolsthread.js
AutoBuild: Including build template config/builds/sorceress.light.js into default.dbj
AutoBuild: Including build template config/builds/sorceress.light.js into tools\autobuildthread.js
AutoBuild: Loaded helper thread
AutoBuild: Including build template config/builds/sorceress.light.js into tools\party.js
AutoBuild: Including build template config/builds/sorceress.light.js into tools\townchicken.js
AutoBuild: Including build template config/builds/sorceress.light.js into tools\toolsthread.js
AutoBuild: Including build template config/builds/sorceress.light.js into default.dbj
AutoBuild: Including build template config/builds/sorceress.light.js into tools\autobuildthread.js
AutoBuild: Loaded helper thread
AutoBuild: Including build template config/builds/sorceress.light.js into tools\party.js
AutoBuild: Including build template config/builds/sorceress.light.js into tools\townchicken.js
AutoBuild: Including build template config/builds/sorceress.light.js into tools\toolsthread.js
AutoBuild: Including build template config/builds/sorceress.light.js into default.dbj
AutoBuild: Including build template config/builds/sorceress.light.js into tools\autobuildthread.js
AutoBuild: Loaded helper thread
AutoBuild: Including build template config/builds/sorceress.light.js into tools\party.js
AutoBuild: Including build template config/builds/sorceress.light.js into tools\townchicken.js
AutoBuild: Including build template config/builds/sorceress.light.js into tools\toolsthread.js
AutoBuild: Including build template config/builds/sorceress.light.js into default.dbj
AutoBuild: Including build template config/builds/sorceress.light.js into tools\autobuildthread.js
AutoBuild: Loaded helper thread
AutoBuild: Including build template config/builds/sorceress.light.js into tools\party.js
AutoBuild: Including build template config/builds/sorceress.light.js into tools\toolsthread.js
AutoBuild: Including build template config/builds/sorceress.light.js into tools\townchicken.js
AutoBuild: Including build template config/builds/sorceress.light.js into default.dbj
AutoBuild: Including build template config/builds/sorceress.light.js into tools\autobuildthread.js
AutoBuild: Loaded helper thread
AutoBuild: Including build template config/builds/sorceress.light.js into tools\party.js
AutoBuild: Including build template config/builds/sorceress.light.js into tools\townchicken.js
AutoBuild: Including build template config/builds/sorceress.light.js into tools\toolsthread.js
AutoBuild: Including build template config/builds/sorceress.light.js into default.dbj
AutoBuild: Including build template config/builds/sorceress.light.js into tools\autobuildthread.js
AutoBuild: Loaded helper thread
AutoBuild: Including build template config/builds/sorceress.light.js into tools\party.js
AutoBuild: Including build template config/builds/sorceress.light.js into tools\toolsthread.js
AutoBuild: Including build template config/builds/sorceress.light.js into tools\townchicken.js
AutoBuild: Including build template config/builds/sorceress.light.js into default.dbj
AutoBuild: Including build template config/builds/sorceress.light.js into tools\autobuildthread.js
AutoBuild: Loaded helper thread
AutoBuild: Including build template config/builds/sorceress.light.js into tools\party.js
AutoBuild: Including build template config/builds/sorceress.light.js into tools\toolsthread.js
AutoBuild: Including build template config/builds/sorceress.light.js into tools\townchicken.js
AutoBuild: Including build template config/builds/sorceress.light.js into default.dbj
AutoBuild: Including build template config/builds/sorceress.light.js into tools\autobuildthread.js
AutoBuild: Loaded helper thread
AutoBuild: Including build template config/builds/sorceress.light.js into tools\party.js
AutoBuild: Including build template config/builds/sorceress.light.js into tools\townchicken.js
AutoBuild: Including build template config/builds/sorceress.light.js into tools\toolsthread.js
AutoBuild: Including build template config/builds/sorceress.light.js into default.dbj
AutoBuild: Including build template config/builds/sorceress.light.js into tools\autobuildthread.js
AutoBuild: Loaded helper thread
AutoBuild: Including build template config/builds/sorceress.light.js into tools\party.js
AutoBuild: Including build template config/builds/sorceress.light.js into tools\townchicken.js
AutoBuild: Including build template config/builds/sorceress.light.js into tools\toolsthread.js
AutoBuild: Including build template config/builds/sorceress.light.js into default.dbj
AutoBuild: Including build template config/builds/sorceress.light.js into tools\autobuildthread.js
AutoBuild: Loaded helper thread
AutoBuild: Including build template config/builds/sorceress.light.js into tools\party.js
AutoBuild: Including build template config/builds/sorceress.light.js into tools\townchicken.js
AutoBuild: Including build template config/builds/sorceress.light.js into tools\toolsthread.js
AutoBuild: Including build template config/builds/sorceress.light.js into default.dbj
AutoBuild: Including build template config/builds/sorceress.light.js into tools\autobuildthread.js
AutoBuild: Loaded helper thread
AutoBuild: Including build template config/builds/sorceress.light.js into tools\party.js
AutoBuild: Including build template config/builds/sorceress.light.js into tools\townchicken.js
AutoBuild: Including build template config/builds/sorceress.light.js into tools\toolsthread.js
AutoBuild: Stat points: 5      Skill points: 3
AutoBuild: Level up detected ( 29 --> 30 )
AutoBuild: useSkillPoint(): Lightning Mastery (63)
AutoBuild: Skill (1/1) Increased Lightning Mastery (63) by one (level:  1)
AutoBuild: useStatPoint(0): Strength
AutoBuild: Stat (1/5) Increased Strength from 38 to 39
AutoBuild: useStatPoint(1): Energy
AutoBuild: Stat (2/5) Increased Energy from 91 to 92
AutoBuild: useStatPoint(1): Energy
AutoBuild: Stat (3/5) Increased Energy from 92 to 93
AutoBuild: useStatPoint(3): Vitality
AutoBuild: Stat (4/5) Increased Vitality from 66 to 67
AutoBuild: useStatPoint(3): Vitality
AutoBuild: Stat (5/5) Increased Vitality from 67 to 68
AutoBuild: Updating Config from level 29 to 30
AutoBuild: Incrementing cached character level to 30
AutoBuild: Including build template config/builds/sorceress.light.js into default.dbj
AutoBuild: Including build template config/builds/sorceress.light.js into tools\autobuildthread.js
AutoBuild: Loaded helper thread
AutoBuild: Including build template config/builds/sorceress.light.js into tools\party.js
AutoBuild: Including build template config/builds/sorceress.light.js into tools\townchicken.js
AutoBuild: Including build template config/builds/sorceress.light.js into tools\toolsthread.js
AutoBuild: Including build template config/builds/sorceress.light.js into default.dbj
AutoBuild: Including build template config/builds/sorceress.light.js into tools\autobuildthread.js
AutoBuild: Loaded helper thread
AutoBuild: Including build template config/builds/sorceress.light.js into tools\party.js
AutoBuild: Including build template config/builds/sorceress.light.js into tools\townchicken.js
AutoBuild: Including build template config/builds/sorceress.light.js into tools\toolsthread.js
AutoBuild: Including build template config/builds/sorceress.light.js into default.dbj
AutoBuild: Including build template config/builds/sorceress.light.js into tools\autobuildthread.js
AutoBuild: Loaded helper thread
AutoBuild: Including build template config/builds/sorceress.light.js into tools\party.js
AutoBuild: Including build template config/builds/sorceress.light.js into tools\townchicken.js
AutoBuild: Including build template config/builds/sorceress.light.js into tools\toolsthread.js
AutoBuild: Including build template config/builds/sorceress.light.js into default.dbj
AutoBuild: Including build template config/builds/sorceress.light.js into tools\autobuildthread.js
AutoBuild: Loaded helper thread
AutoBuild: Including build template config/builds/sorceress.light.js into tools\party.js
AutoBuild: Including build template config/builds/sorceress.light.js into tools\toolsthread.js
AutoBuild: Including build template config/builds/sorceress.light.js into tools\townchicken.js
AutoBuild: Including build template config/builds/sorceress.light.js into default.dbj
AutoBuild: Including build template config/builds/sorceress.light.js into tools\autobuildthread.js
AutoBuild: Loaded helper thread
AutoBuild: Including build template config/builds/sorceress.light.js into tools\party.js
AutoBuild: Including build template config/builds/sorceress.light.js into tools\townchicken.js
AutoBuild: Including build template config/builds/sorceress.light.js into tools\toolsthread.js
AutoBuild: Including build template config/builds/sorceress.light.js into default.dbj
AutoBuild: Including build template config/builds/sorceress.light.js into tools\autobuildthread.js
AutoBuild: Loaded helper thread
AutoBuild: Including build template config/builds/sorceress.light.js into tools\party.js
AutoBuild: Including build template config/builds/sorceress.light.js into tools\townchicken.js
AutoBuild: Including build template config/builds/sorceress.light.js into tools\toolsthread.js
AutoBuild: Including build template config/builds/sorceress.light.js into default.dbj
AutoBuild: Including build template config/builds/sorceress.light.js into tools\autobuildthread.js
AutoBuild: Loaded helper thread
AutoBuild: Including build template config/builds/sorceress.light.js into tools\party.js
AutoBuild: Including build template config/builds/sorceress.light.js into tools\townchicken.js
AutoBuild: Including build template config/builds/sorceress.light.js into tools\toolsthread.js
AutoBuild: Including build template config/builds/sorceress.light.js into default.dbj
AutoBuild: Including build template config/builds/sorceress.light.js into tools\autobuildthread.js
AutoBuild: Loaded helper thread
AutoBuild: Including build template config/builds/sorceress.light.js into tools\party.js
AutoBuild: Including build template config/builds/sorceress.light.js into tools\townchicken.js
AutoBuild: Including build template config/builds/sorceress.light.js into tools\toolsthread.js
AutoBuild: Including build template config/builds/sorceress.light.js into default.dbj
AutoBuild: Including build template config/builds/sorceress.light.js into tools\autobuildthread.js
AutoBuild: Loaded helper thread
AutoBuild: Including build template config/builds/sorceress.light.js into tools\party.js
AutoBuild: Including build template config/builds/sorceress.light.js into tools\townchicken.js
AutoBuild: Including build template config/builds/sorceress.light.js into tools\toolsthread.js
AutoBuild: Including build template config/builds/sorceress.light.js into default.dbj
AutoBuild: Including build template config/builds/sorceress.light.js into tools\autobuildthread.js
AutoBuild: Loaded helper thread
AutoBuild: Including build template config/builds/sorceress.light.js into tools\party.js
AutoBuild: Including build template config/builds/sorceress.light.js into tools\townchicken.js
AutoBuild: Including build template config/builds/sorceress.light.js into tools\toolsthread.js
AutoBuild: Including build template config/builds/sorceress.light.js into default.dbj
AutoBuild: Including build template config/builds/sorceress.light.js into tools\autobuildthread.js
AutoBuild: Loaded helper thread
AutoBuild: Including build template config/builds/sorceress.light.js into tools\party.js
AutoBuild: Including build template config/builds/sorceress.light.js into tools\townchicken.js
AutoBuild: Including build template config/builds/sorceress.light.js into tools\toolsthread.js
AutoBuild: Including build template config/builds/sorceress.light.js into default.dbj
AutoBuild: Including build template config/builds/sorceress.light.js into tools\autobuildthread.js
AutoBuild: Loaded helper thread
AutoBuild: Including build template config/builds/sorceress.light.js into tools\party.js
AutoBuild: Including build template config/builds/sorceress.light.js into tools\townchicken.js
AutoBuild: Including build template config/builds/sorceress.light.js into tools\toolsthread.js
AutoBuild: Including build template config/builds/sorceress.light.js into default.dbj
AutoBuild: Including build template config/builds/sorceress.light.js into tools\autobuildthread.js
AutoBuild: Loaded helper thread
AutoBuild: Including build template config/builds/sorceress.light.js into tools\party.js
AutoBuild: Including build template config/builds/sorceress.light.js into tools\townchicken.js
AutoBuild: Including build template config/builds/sorceress.light.js into tools\toolsthread.js
AutoBuild: Including build template config/builds/sorceress.light.js into default.dbj
AutoBuild: Including build template config/builds/sorceress.light.js into tools\autobuildthread.js
AutoBuild: Loaded helper thread
AutoBuild: Including build template config/builds/sorceress.light.js into tools\party.js
AutoBuild: Including build template config/builds/sorceress.light.js into tools\townchicken.js
AutoBuild: Including build template config/builds/sorceress.light.js into tools\toolsthread.js
AutoBuild: Including build template config/builds/sorceress.light.js into default.dbj
AutoBuild: Including build template config/builds/sorceress.light.js into tools\autobuildthread.js
AutoBuild: Loaded helper thread
AutoBuild: Including build template config/builds/sorceress.light.js into tools\party.js
AutoBuild: Including build template config/builds/sorceress.light.js into tools\townchicken.js
AutoBuild: Including build template config/builds/sorceress.light.js into tools\toolsthread.js
AutoBuild: Including build template config/builds/sorceress.light.js into default.dbj
AutoBuild: Including build template config/builds/sorceress.light.js into tools\autobuildthread.js
AutoBuild: Loaded helper thread
AutoBuild: Including build template config/builds/sorceress.light.js into tools\party.js
AutoBuild: Including build template config/builds/sorceress.light.js into tools\townchicken.js
AutoBuild: Including build template config/builds/sorceress.light.js into tools\toolsthread.js
AutoBuild: Including build template config/builds/sorceress.light.js into default.dbj
AutoBuild: Including build template config/builds/sorceress.light.js into tools\autobuildthread.js
AutoBuild: Loaded helper thread
AutoBuild: Including build template config/builds/sorceress.light.js into tools\party.js
AutoBuild: Including build template config/builds/sorceress.light.js into tools\townchicken.js
AutoBuild: Including build template config/builds/sorceress.light.js into tools\toolsthread.js
AutoBuild: Including build template config/builds/sorceress.light.js into default.dbj
AutoBuild: Including build template config/builds/sorceress.light.js into tools\autobuildthread.js
AutoBuild: Loaded helper thread
AutoBuild: Including build template config/builds/sorceress.light.js into tools\party.js
AutoBuild: Including build template config/builds/sorceress.light.js into tools\townchicken.js
AutoBuild: Including build template config/builds/sorceress.light.js into tools\toolsthread.js
AutoBuild: Including build template config/builds/sorceress.light.js into default.dbj
AutoBuild: Including build template config/builds/sorceress.light.js into tools\autobuildthread.js
AutoBuild: Loaded helper thread
AutoBuild: Including build template config/builds/sorceress.light.js into tools\party.js
AutoBuild: Including build template config/builds/sorceress.light.js into tools\townchicken.js
AutoBuild: Including build template config/builds/sorceress.light.js into tools\toolsthread.js
AutoBuild: Including build template config/builds/sorceress.light.js into default.dbj
AutoBuild: Including build template config/builds/sorceress.light.js into tools\autobuildthread.js
AutoBuild: Loaded helper thread
AutoBuild: Including build template config/builds/sorceress.light.js into tools\party.js
AutoBuild: Including build template config/builds/sorceress.light.js into tools\toolsthread.js
AutoBuild: Including build template config/builds/sorceress.light.js into tools\townchicken.js
AutoBuild: Including build template config/builds/sorceress.light.js into default.dbj
AutoBuild: Including build template config/builds/sorceress.light.js into tools\autobuildthread.js
AutoBuild: Loaded helper thread
AutoBuild: Including build template config/builds/sorceress.light.js into tools\party.js
AutoBuild: Including build template config/builds/sorceress.light.js into tools\toolsthread.js
AutoBuild: Including build template config/builds/sorceress.light.js into tools\townchicken.js
AutoBuild: Including build template config/builds/sorceress.light.js into default.dbj
AutoBuild: Including build template config/builds/sorceress.light.js into tools\autobuildthread.js
AutoBuild: Loaded helper thread
AutoBuild: Including build template config/builds/sorceress.light.js into tools\party.js
AutoBuild: Including build template config/builds/sorceress.light.js into tools\townchicken.js
AutoBuild: Including build template config/builds/sorceress.light.js into tools\toolsthread.js
AutoBuild: Including build template config/builds/sorceress.light.js into default.dbj
AutoBuild: Including build template config/builds/sorceress.light.js into tools\autobuildthread.js
AutoBuild: Loaded helper thread
AutoBuild: Including build template config/builds/sorceress.light.js into tools\party.js
AutoBuild: Including build template config/builds/sorceress.light.js into tools\townchicken.js
AutoBuild: Including build template config/builds/sorceress.light.js into tools\toolsthread.js
AutoBuild: Including build template config/builds/sorceress.light.js into default.dbj
AutoBuild: Including build template config/builds/sorceress.light.js into tools\autobuildthread.js
AutoBuild: Loaded helper thread
AutoBuild: Including build template config/builds/sorceress.light.js into tools\party.js
AutoBuild: Including build template config/builds/sorceress.light.js into tools\toolsthread.js
AutoBuild: Including build template config/builds/sorceress.light.js into tools\townchicken.js
AutoBuild: Including build template config/builds/sorceress.light.js into default.dbj
AutoBuild: Including build template config/builds/sorceress.light.js into tools\autobuildthread.js
AutoBuild: Loaded helper thread
AutoBuild: Including build template config/builds/sorceress.light.js into tools\party.js
AutoBuild: Including build template config/builds/sorceress.light.js into tools\townchicken.js
AutoBuild: Including build template config/builds/sorceress.light.js into tools\toolsthread.js
AutoBuild: Including build template config/builds/sorceress.light.js into default.dbj
AutoBuild: Including build template config/builds/sorceress.light.js into tools\autobuildthread.js
AutoBuild: Loaded helper thread
AutoBuild: Including build template config/builds/sorceress.light.js into tools\party.js
AutoBuild: Including build template config/builds/sorceress.light.js into tools\townchicken.js
AutoBuild: Including build template config/builds/sorceress.light.js into tools\toolsthread.js
AutoBuild: Including build template config/builds/sorceress.light.js into default.dbj
AutoBuild: Including build template config/builds/sorceress.light.js into tools\autobuildthread.js
AutoBuild: Loaded helper thread
AutoBuild: Including build template config/builds/sorceress.light.js into tools\party.js
AutoBuild: Including build template config/builds/sorceress.light.js into tools\townchicken.js
AutoBuild: Including build template config/builds/sorceress.light.js into tools\toolsthread.js
AutoBuild: Stat points: 10      Skill points: 3
AutoBuild: Level up detected ( 30 --> 31 )
AutoBuild: useSkillPoint(): Lightning (49)
AutoBuild: Skill (1/1) Increased Lightning (49) by one (level:  14)
AutoBuild: useStatPoint(0): Strength
AutoBuild: Stat (1/5) Increased Strength from 39 to 40
AutoBuild: useStatPoint(1): Energy
AutoBuild: Stat (2/5) Increased Energy from 93 to 94
AutoBuild: useStatPoint(1): Energy
AutoBuild: Stat (3/5) Increased Energy from 94 to 95
AutoBuild: useStatPoint(3): Vitality
AutoBuild: Stat (4/5) Increased Vitality from 68 to 69
AutoBuild: useStatPoint(3): Vitality
AutoBuild: Stat (5/5) Increased Vitality from 69 to 70
AutoBuild: Updating Config from level 30 to 31
AutoBuild: Incrementing cached character level to 31
AutoBuild: Including build template config/builds/sorceress.light.js into default.dbj
AutoBuild: Including build template config/builds/sorceress.light.js into tools\autobuildthread.js
AutoBuild: Loaded helper thread
AutoBuild: Including build template config/builds/sorceress.light.js into tools\party.js
AutoBuild: Including build template config/builds/sorceress.light.js into tools\townchicken.js
AutoBuild: Including build template config/builds/sorceress.light.js into tools\toolsthread.js
AutoBuild: Including build template config/builds/sorceress.light.js into default.dbj
AutoBuild: Including build template config/builds/sorceress.light.js into tools\autobuildthread.js
AutoBuild: Loaded helper thread
AutoBuild: Including build template config/builds/sorceress.light.js into tools\party.js
AutoBuild: Including build template config/builds/sorceress.light.js into tools\townchicken.js
AutoBuild: Including build template config/builds/sorceress.light.js into tools\toolsthread.js
AutoBuild: Including build template config/builds/sorceress.light.js into default.dbj
AutoBuild: Including build template config/builds/sorceress.light.js into tools\autobuildthread.js
AutoBuild: Loaded helper thread
AutoBuild: Including build template config/builds/sorceress.light.js into tools\party.js
AutoBuild: Including build template config/builds/sorceress.light.js into tools\townchicken.js
AutoBuild: Including build template config/builds/sorceress.light.js into tools\toolsthread.js
AutoBuild: Including build template config/builds/sorceress.light.js into default.dbj
AutoBuild: Including build template config/builds/sorceress.light.js into tools\autobuildthread.js
AutoBuild: Loaded helper thread
AutoBuild: Including build template config/builds/sorceress.light.js into tools\party.js
AutoBuild: Including build template config/builds/sorceress.light.js into tools\townchicken.js
AutoBuild: Including build template config/builds/sorceress.light.js into tools\toolsthread.js
AutoBuild: Including build template config/builds/sorceress.light.js into default.dbj
AutoBuild: Including build template config/builds/sorceress.light.js into tools\autobuildthread.js
AutoBuild: Loaded helper thread
AutoBuild: Including build template config/builds/sorceress.light.js into tools\party.js
AutoBuild: Including build template config/builds/sorceress.light.js into tools\townchicken.js
AutoBuild: Including build template config/builds/sorceress.light.js into tools\toolsthread.js
AutoBuild: Including build template config/builds/sorceress.light.js into default.dbj
AutoBuild: Including build template config/builds/sorceress.light.js into tools\autobuildthread.js
AutoBuild: Loaded helper thread
AutoBuild: Including build template config/builds/sorceress.light.js into tools\party.js
AutoBuild: Including build template config/builds/sorceress.light.js into tools\townchicken.js
AutoBuild: Including build template config/builds/sorceress.light.js into tools\toolsthread.js
AutoBuild: Including build template config/builds/sorceress.light.js into default.dbj
AutoBuild: Including build template config/builds/sorceress.light.js into tools\autobuildthread.js
AutoBuild: Loaded helper thread
AutoBuild: Including build template config/builds/sorceress.light.js into tools\party.js
AutoBuild: Including build template config/builds/sorceress.light.js into tools\townchicken.js
AutoBuild: Including build template config/builds/sorceress.light.js into tools\toolsthread.js
